[2024-08-09T01:42:30.258+0000] {processor.py:161} INFO - Started process (PID=992) to work on /home/airflow/.local/lib/python3.12/site-packages/airflow/example_dags/example_setup_teardown.py
[2024-08-09T01:42:30.262+0000] {processor.py:830} INFO - Processing file /home/airflow/.local/lib/python3.12/site-packages/airflow/example_dags/example_setup_teardown.py for tasks to queue
[2024-08-09T01:42:30.272+0000] {logging_mixin.py:188} INFO - [2024-08-09T01:42:30.270+0000] {dagbag.py:545} INFO - Filling up the DagBag from /home/airflow/.local/lib/python3.12/site-packages/airflow/example_dags/example_setup_teardown.py
[2024-08-09T01:42:30.313+0000] {processor.py:840} INFO - DAG(s) 'example_setup_teardown' retrieved from /home/airflow/.local/lib/python3.12/site-packages/airflow/example_dags/example_setup_teardown.py
[2024-08-09T01:42:30.400+0000] {logging_mixin.py:188} INFO - [2024-08-09T01:42:30.400+0000] {dag.py:3089} INFO - Sync 1 DAGs
[2024-08-09T01:42:30.463+0000] {logging_mixin.py:188} INFO - [2024-08-09T01:42:30.462+0000] {dag.py:3947} INFO - Setting next_dagrun for example_setup_teardown to 2024-08-08 00:00:00+00:00, run_after=2024-08-09 00:00:00+00:00
[2024-08-09T01:42:30.502+0000] {processor.py:183} INFO - Processing /home/airflow/.local/lib/python3.12/site-packages/airflow/example_dags/example_setup_teardown.py took 0.284 seconds
[2024-08-09T01:43:00.907+0000] {processor.py:161} INFO - Started process (PID=1051) to work on /home/airflow/.local/lib/python3.12/site-packages/airflow/example_dags/example_setup_teardown.py
[2024-08-09T01:43:00.919+0000] {processor.py:830} INFO - Processing file /home/airflow/.local/lib/python3.12/site-packages/airflow/example_dags/example_setup_teardown.py for tasks to queue
[2024-08-09T01:43:00.928+0000] {logging_mixin.py:188} INFO - [2024-08-09T01:43:00.926+0000] {dagbag.py:545} INFO - Filling up the DagBag from /home/airflow/.local/lib/python3.12/site-packages/airflow/example_dags/example_setup_teardown.py
[2024-08-09T01:43:00.953+0000] {processor.py:840} INFO - DAG(s) 'example_setup_teardown' retrieved from /home/airflow/.local/lib/python3.12/site-packages/airflow/example_dags/example_setup_teardown.py
[2024-08-09T01:43:01.059+0000] {logging_mixin.py:188} INFO - [2024-08-09T01:43:01.058+0000] {dag.py:3089} INFO - Sync 1 DAGs
[2024-08-09T01:43:01.150+0000] {logging_mixin.py:188} INFO - [2024-08-09T01:43:01.150+0000] {dag.py:3947} INFO - Setting next_dagrun for example_setup_teardown to 2024-08-08 00:00:00+00:00, run_after=2024-08-09 00:00:00+00:00
[2024-08-09T01:43:01.202+0000] {processor.py:183} INFO - Processing /home/airflow/.local/lib/python3.12/site-packages/airflow/example_dags/example_setup_teardown.py took 0.326 seconds
[2024-08-09T01:43:32.472+0000] {processor.py:161} INFO - Started process (PID=1109) to work on /home/airflow/.local/lib/python3.12/site-packages/airflow/example_dags/example_setup_teardown.py
[2024-08-09T01:43:32.475+0000] {processor.py:830} INFO - Processing file /home/airflow/.local/lib/python3.12/site-packages/airflow/example_dags/example_setup_teardown.py for tasks to queue
[2024-08-09T01:43:32.483+0000] {logging_mixin.py:188} INFO - [2024-08-09T01:43:32.481+0000] {dagbag.py:545} INFO - Filling up the DagBag from /home/airflow/.local/lib/python3.12/site-packages/airflow/example_dags/example_setup_teardown.py
[2024-08-09T01:43:32.506+0000] {processor.py:840} INFO - DAG(s) 'example_setup_teardown' retrieved from /home/airflow/.local/lib/python3.12/site-packages/airflow/example_dags/example_setup_teardown.py
[2024-08-09T01:43:32.697+0000] {logging_mixin.py:188} INFO - [2024-08-09T01:43:32.696+0000] {dag.py:3089} INFO - Sync 1 DAGs
[2024-08-09T01:43:32.813+0000] {logging_mixin.py:188} INFO - [2024-08-09T01:43:32.813+0000] {dag.py:3947} INFO - Setting next_dagrun for example_setup_teardown to 2024-08-08 00:00:00+00:00, run_after=2024-08-09 00:00:00+00:00
[2024-08-09T01:43:32.896+0000] {processor.py:183} INFO - Processing /home/airflow/.local/lib/python3.12/site-packages/airflow/example_dags/example_setup_teardown.py took 0.455 seconds
[2024-08-09T01:44:03.037+0000] {processor.py:161} INFO - Started process (PID=1167) to work on /home/airflow/.local/lib/python3.12/site-packages/airflow/example_dags/example_setup_teardown.py
[2024-08-09T01:44:03.040+0000] {processor.py:830} INFO - Processing file /home/airflow/.local/lib/python3.12/site-packages/airflow/example_dags/example_setup_teardown.py for tasks to queue
[2024-08-09T01:44:03.045+0000] {logging_mixin.py:188} INFO - [2024-08-09T01:44:03.044+0000] {dagbag.py:545} INFO - Filling up the DagBag from /home/airflow/.local/lib/python3.12/site-packages/airflow/example_dags/example_setup_teardown.py
[2024-08-09T01:44:03.066+0000] {processor.py:840} INFO - DAG(s) 'example_setup_teardown' retrieved from /home/airflow/.local/lib/python3.12/site-packages/airflow/example_dags/example_setup_teardown.py
[2024-08-09T01:44:03.130+0000] {logging_mixin.py:188} INFO - [2024-08-09T01:44:03.129+0000] {dag.py:3089} INFO - Sync 1 DAGs
[2024-08-09T01:44:03.181+0000] {logging_mixin.py:188} INFO - [2024-08-09T01:44:03.180+0000] {dag.py:3947} INFO - Setting next_dagrun for example_setup_teardown to 2024-08-08 00:00:00+00:00, run_after=2024-08-09 00:00:00+00:00
[2024-08-09T01:44:03.227+0000] {processor.py:183} INFO - Processing /home/airflow/.local/lib/python3.12/site-packages/airflow/example_dags/example_setup_teardown.py took 0.207 seconds
[2024-08-09T01:44:34.124+0000] {processor.py:161} INFO - Started process (PID=1225) to work on /home/airflow/.local/lib/python3.12/site-packages/airflow/example_dags/example_setup_teardown.py
[2024-08-09T01:44:34.128+0000] {processor.py:830} INFO - Processing file /home/airflow/.local/lib/python3.12/site-packages/airflow/example_dags/example_setup_teardown.py for tasks to queue
[2024-08-09T01:44:34.134+0000] {logging_mixin.py:188} INFO - [2024-08-09T01:44:34.133+0000] {dagbag.py:545} INFO - Filling up the DagBag from /home/airflow/.local/lib/python3.12/site-packages/airflow/example_dags/example_setup_teardown.py
[2024-08-09T01:44:34.156+0000] {processor.py:840} INFO - DAG(s) 'example_setup_teardown' retrieved from /home/airflow/.local/lib/python3.12/site-packages/airflow/example_dags/example_setup_teardown.py
[2024-08-09T01:44:34.234+0000] {logging_mixin.py:188} INFO - [2024-08-09T01:44:34.234+0000] {dag.py:3089} INFO - Sync 1 DAGs
[2024-08-09T01:44:34.285+0000] {logging_mixin.py:188} INFO - [2024-08-09T01:44:34.284+0000] {dag.py:3947} INFO - Setting next_dagrun for example_setup_teardown to 2024-08-08 00:00:00+00:00, run_after=2024-08-09 00:00:00+00:00
[2024-08-09T01:44:34.350+0000] {processor.py:183} INFO - Processing /home/airflow/.local/lib/python3.12/site-packages/airflow/example_dags/example_setup_teardown.py took 0.247 seconds
[2024-08-09T01:45:04.665+0000] {processor.py:161} INFO - Started process (PID=1283) to work on /home/airflow/.local/lib/python3.12/site-packages/airflow/example_dags/example_setup_teardown.py
[2024-08-09T01:45:04.668+0000] {processor.py:830} INFO - Processing file /home/airflow/.local/lib/python3.12/site-packages/airflow/example_dags/example_setup_teardown.py for tasks to queue
[2024-08-09T01:45:04.672+0000] {logging_mixin.py:188} INFO - [2024-08-09T01:45:04.672+0000] {dagbag.py:545} INFO - Filling up the DagBag from /home/airflow/.local/lib/python3.12/site-packages/airflow/example_dags/example_setup_teardown.py
[2024-08-09T01:45:04.689+0000] {processor.py:840} INFO - DAG(s) 'example_setup_teardown' retrieved from /home/airflow/.local/lib/python3.12/site-packages/airflow/example_dags/example_setup_teardown.py
[2024-08-09T01:45:04.737+0000] {logging_mixin.py:188} INFO - [2024-08-09T01:45:04.737+0000] {dag.py:3089} INFO - Sync 1 DAGs
[2024-08-09T01:45:04.781+0000] {logging_mixin.py:188} INFO - [2024-08-09T01:45:04.780+0000] {dag.py:3947} INFO - Setting next_dagrun for example_setup_teardown to 2024-08-08 00:00:00+00:00, run_after=2024-08-09 00:00:00+00:00
[2024-08-09T01:45:04.814+0000] {processor.py:183} INFO - Processing /home/airflow/.local/lib/python3.12/site-packages/airflow/example_dags/example_setup_teardown.py took 0.164 seconds
[2024-08-09T01:45:35.553+0000] {processor.py:161} INFO - Started process (PID=1340) to work on /home/airflow/.local/lib/python3.12/site-packages/airflow/example_dags/example_setup_teardown.py
[2024-08-09T01:45:35.555+0000] {processor.py:830} INFO - Processing file /home/airflow/.local/lib/python3.12/site-packages/airflow/example_dags/example_setup_teardown.py for tasks to queue
[2024-08-09T01:45:35.561+0000] {logging_mixin.py:188} INFO - [2024-08-09T01:45:35.560+0000] {dagbag.py:545} INFO - Filling up the DagBag from /home/airflow/.local/lib/python3.12/site-packages/airflow/example_dags/example_setup_teardown.py
[2024-08-09T01:45:35.577+0000] {processor.py:840} INFO - DAG(s) 'example_setup_teardown' retrieved from /home/airflow/.local/lib/python3.12/site-packages/airflow/example_dags/example_setup_teardown.py
[2024-08-09T01:45:35.632+0000] {logging_mixin.py:188} INFO - [2024-08-09T01:45:35.632+0000] {dag.py:3089} INFO - Sync 1 DAGs
[2024-08-09T01:45:35.674+0000] {logging_mixin.py:188} INFO - [2024-08-09T01:45:35.674+0000] {dag.py:3947} INFO - Setting next_dagrun for example_setup_teardown to 2024-08-08 00:00:00+00:00, run_after=2024-08-09 00:00:00+00:00
[2024-08-09T01:45:35.710+0000] {processor.py:183} INFO - Processing /home/airflow/.local/lib/python3.12/site-packages/airflow/example_dags/example_setup_teardown.py took 0.173 seconds
[2024-08-09T01:46:06.204+0000] {processor.py:161} INFO - Started process (PID=1398) to work on /home/airflow/.local/lib/python3.12/site-packages/airflow/example_dags/example_setup_teardown.py
[2024-08-09T01:46:06.209+0000] {processor.py:830} INFO - Processing file /home/airflow/.local/lib/python3.12/site-packages/airflow/example_dags/example_setup_teardown.py for tasks to queue
[2024-08-09T01:46:06.221+0000] {logging_mixin.py:188} INFO - [2024-08-09T01:46:06.220+0000] {dagbag.py:545} INFO - Filling up the DagBag from /home/airflow/.local/lib/python3.12/site-packages/airflow/example_dags/example_setup_teardown.py
[2024-08-09T01:46:06.248+0000] {processor.py:840} INFO - DAG(s) 'example_setup_teardown' retrieved from /home/airflow/.local/lib/python3.12/site-packages/airflow/example_dags/example_setup_teardown.py
[2024-08-09T01:46:06.330+0000] {logging_mixin.py:188} INFO - [2024-08-09T01:46:06.329+0000] {dag.py:3089} INFO - Sync 1 DAGs
[2024-08-09T01:46:06.389+0000] {logging_mixin.py:188} INFO - [2024-08-09T01:46:06.388+0000] {dag.py:3947} INFO - Setting next_dagrun for example_setup_teardown to 2024-08-08 00:00:00+00:00, run_after=2024-08-09 00:00:00+00:00
[2024-08-09T01:46:06.433+0000] {processor.py:183} INFO - Processing /home/airflow/.local/lib/python3.12/site-packages/airflow/example_dags/example_setup_teardown.py took 0.255 seconds
[2024-08-09T01:46:37.143+0000] {processor.py:161} INFO - Started process (PID=1455) to work on /home/airflow/.local/lib/python3.12/site-packages/airflow/example_dags/example_setup_teardown.py
[2024-08-09T01:46:37.145+0000] {processor.py:830} INFO - Processing file /home/airflow/.local/lib/python3.12/site-packages/airflow/example_dags/example_setup_teardown.py for tasks to queue
[2024-08-09T01:46:37.151+0000] {logging_mixin.py:188} INFO - [2024-08-09T01:46:37.150+0000] {dagbag.py:545} INFO - Filling up the DagBag from /home/airflow/.local/lib/python3.12/site-packages/airflow/example_dags/example_setup_teardown.py
[2024-08-09T01:46:37.173+0000] {processor.py:840} INFO - DAG(s) 'example_setup_teardown' retrieved from /home/airflow/.local/lib/python3.12/site-packages/airflow/example_dags/example_setup_teardown.py
[2024-08-09T01:46:37.252+0000] {logging_mixin.py:188} INFO - [2024-08-09T01:46:37.252+0000] {dag.py:3089} INFO - Sync 1 DAGs
[2024-08-09T01:46:37.302+0000] {logging_mixin.py:188} INFO - [2024-08-09T01:46:37.302+0000] {dag.py:3947} INFO - Setting next_dagrun for example_setup_teardown to 2024-08-08 00:00:00+00:00, run_after=2024-08-09 00:00:00+00:00
[2024-08-09T01:46:37.336+0000] {processor.py:183} INFO - Processing /home/airflow/.local/lib/python3.12/site-packages/airflow/example_dags/example_setup_teardown.py took 0.234 seconds
[2024-08-09T01:47:08.203+0000] {processor.py:161} INFO - Started process (PID=1513) to work on /home/airflow/.local/lib/python3.12/site-packages/airflow/example_dags/example_setup_teardown.py
[2024-08-09T01:47:08.206+0000] {processor.py:830} INFO - Processing file /home/airflow/.local/lib/python3.12/site-packages/airflow/example_dags/example_setup_teardown.py for tasks to queue
[2024-08-09T01:47:08.214+0000] {logging_mixin.py:188} INFO - [2024-08-09T01:47:08.213+0000] {dagbag.py:545} INFO - Filling up the DagBag from /home/airflow/.local/lib/python3.12/site-packages/airflow/example_dags/example_setup_teardown.py
[2024-08-09T01:47:08.239+0000] {processor.py:840} INFO - DAG(s) 'example_setup_teardown' retrieved from /home/airflow/.local/lib/python3.12/site-packages/airflow/example_dags/example_setup_teardown.py
[2024-08-09T01:47:08.298+0000] {logging_mixin.py:188} INFO - [2024-08-09T01:47:08.298+0000] {dag.py:3089} INFO - Sync 1 DAGs
[2024-08-09T01:47:08.343+0000] {logging_mixin.py:188} INFO - [2024-08-09T01:47:08.343+0000] {dag.py:3947} INFO - Setting next_dagrun for example_setup_teardown to 2024-08-08 00:00:00+00:00, run_after=2024-08-09 00:00:00+00:00
[2024-08-09T01:47:08.379+0000] {processor.py:183} INFO - Processing /home/airflow/.local/lib/python3.12/site-packages/airflow/example_dags/example_setup_teardown.py took 0.194 seconds
[2024-08-09T01:47:41.086+0000] {processor.py:161} INFO - Started process (PID=1571) to work on /home/airflow/.local/lib/python3.12/site-packages/airflow/example_dags/example_setup_teardown.py
[2024-08-09T01:47:41.091+0000] {processor.py:830} INFO - Processing file /home/airflow/.local/lib/python3.12/site-packages/airflow/example_dags/example_setup_teardown.py for tasks to queue
[2024-08-09T01:47:41.101+0000] {logging_mixin.py:188} INFO - [2024-08-09T01:47:41.099+0000] {dagbag.py:545} INFO - Filling up the DagBag from /home/airflow/.local/lib/python3.12/site-packages/airflow/example_dags/example_setup_teardown.py
[2024-08-09T01:47:41.140+0000] {processor.py:840} INFO - DAG(s) 'example_setup_teardown' retrieved from /home/airflow/.local/lib/python3.12/site-packages/airflow/example_dags/example_setup_teardown.py
[2024-08-09T01:47:41.241+0000] {logging_mixin.py:188} INFO - [2024-08-09T01:47:41.240+0000] {dag.py:3089} INFO - Sync 1 DAGs
[2024-08-09T01:47:41.324+0000] {logging_mixin.py:188} INFO - [2024-08-09T01:47:41.323+0000] {dag.py:3947} INFO - Setting next_dagrun for example_setup_teardown to 2024-08-08 00:00:00+00:00, run_after=2024-08-09 00:00:00+00:00
[2024-08-09T01:47:41.388+0000] {processor.py:183} INFO - Processing /home/airflow/.local/lib/python3.12/site-packages/airflow/example_dags/example_setup_teardown.py took 0.330 seconds
[2024-08-09T01:48:12.259+0000] {processor.py:161} INFO - Started process (PID=1629) to work on /home/airflow/.local/lib/python3.12/site-packages/airflow/example_dags/example_setup_teardown.py
[2024-08-09T01:48:12.262+0000] {processor.py:830} INFO - Processing file /home/airflow/.local/lib/python3.12/site-packages/airflow/example_dags/example_setup_teardown.py for tasks to queue
[2024-08-09T01:48:12.270+0000] {logging_mixin.py:188} INFO - [2024-08-09T01:48:12.269+0000] {dagbag.py:545} INFO - Filling up the DagBag from /home/airflow/.local/lib/python3.12/site-packages/airflow/example_dags/example_setup_teardown.py
[2024-08-09T01:48:12.302+0000] {processor.py:840} INFO - DAG(s) 'example_setup_teardown' retrieved from /home/airflow/.local/lib/python3.12/site-packages/airflow/example_dags/example_setup_teardown.py
[2024-08-09T01:48:12.412+0000] {logging_mixin.py:188} INFO - [2024-08-09T01:48:12.410+0000] {dag.py:3089} INFO - Sync 1 DAGs
[2024-08-09T01:48:12.490+0000] {logging_mixin.py:188} INFO - [2024-08-09T01:48:12.490+0000] {dag.py:3947} INFO - Setting next_dagrun for example_setup_teardown to 2024-08-08 00:00:00+00:00, run_after=2024-08-09 00:00:00+00:00
[2024-08-09T01:48:13.189+0000] {processor.py:183} INFO - Processing /home/airflow/.local/lib/python3.12/site-packages/airflow/example_dags/example_setup_teardown.py took 0.946 seconds
[2024-08-09T01:48:43.768+0000] {processor.py:161} INFO - Started process (PID=1687) to work on /home/airflow/.local/lib/python3.12/site-packages/airflow/example_dags/example_setup_teardown.py
[2024-08-09T01:48:43.772+0000] {processor.py:830} INFO - Processing file /home/airflow/.local/lib/python3.12/site-packages/airflow/example_dags/example_setup_teardown.py for tasks to queue
[2024-08-09T01:48:43.779+0000] {logging_mixin.py:188} INFO - [2024-08-09T01:48:43.778+0000] {dagbag.py:545} INFO - Filling up the DagBag from /home/airflow/.local/lib/python3.12/site-packages/airflow/example_dags/example_setup_teardown.py
[2024-08-09T01:48:43.802+0000] {processor.py:840} INFO - DAG(s) 'example_setup_teardown' retrieved from /home/airflow/.local/lib/python3.12/site-packages/airflow/example_dags/example_setup_teardown.py
[2024-08-09T01:48:43.863+0000] {logging_mixin.py:188} INFO - [2024-08-09T01:48:43.863+0000] {dag.py:3089} INFO - Sync 1 DAGs
[2024-08-09T01:48:43.919+0000] {logging_mixin.py:188} INFO - [2024-08-09T01:48:43.919+0000] {dag.py:3947} INFO - Setting next_dagrun for example_setup_teardown to 2024-08-08 00:00:00+00:00, run_after=2024-08-09 00:00:00+00:00
[2024-08-09T01:48:44.513+0000] {processor.py:183} INFO - Processing /home/airflow/.local/lib/python3.12/site-packages/airflow/example_dags/example_setup_teardown.py took 0.773 seconds
[2024-08-09T01:49:15.040+0000] {processor.py:161} INFO - Started process (PID=1745) to work on /home/airflow/.local/lib/python3.12/site-packages/airflow/example_dags/example_setup_teardown.py
[2024-08-09T01:49:15.048+0000] {processor.py:830} INFO - Processing file /home/airflow/.local/lib/python3.12/site-packages/airflow/example_dags/example_setup_teardown.py for tasks to queue
[2024-08-09T01:49:15.071+0000] {logging_mixin.py:188} INFO - [2024-08-09T01:49:15.069+0000] {dagbag.py:545} INFO - Filling up the DagBag from /home/airflow/.local/lib/python3.12/site-packages/airflow/example_dags/example_setup_teardown.py
[2024-08-09T01:49:15.181+0000] {processor.py:840} INFO - DAG(s) 'example_setup_teardown' retrieved from /home/airflow/.local/lib/python3.12/site-packages/airflow/example_dags/example_setup_teardown.py
[2024-08-09T01:49:15.473+0000] {logging_mixin.py:188} INFO - [2024-08-09T01:49:15.469+0000] {dag.py:3089} INFO - Sync 1 DAGs
[2024-08-09T01:49:15.568+0000] {logging_mixin.py:188} INFO - [2024-08-09T01:49:15.567+0000] {dag.py:3947} INFO - Setting next_dagrun for example_setup_teardown to 2024-08-08 00:00:00+00:00, run_after=2024-08-09 00:00:00+00:00
[2024-08-09T01:49:15.628+0000] {processor.py:183} INFO - Processing /home/airflow/.local/lib/python3.12/site-packages/airflow/example_dags/example_setup_teardown.py took 0.637 seconds
[2024-08-09T01:49:45.751+0000] {processor.py:161} INFO - Started process (PID=1803) to work on /home/airflow/.local/lib/python3.12/site-packages/airflow/example_dags/example_setup_teardown.py
[2024-08-09T01:49:45.756+0000] {processor.py:830} INFO - Processing file /home/airflow/.local/lib/python3.12/site-packages/airflow/example_dags/example_setup_teardown.py for tasks to queue
[2024-08-09T01:49:45.763+0000] {logging_mixin.py:188} INFO - [2024-08-09T01:49:45.762+0000] {dagbag.py:545} INFO - Filling up the DagBag from /home/airflow/.local/lib/python3.12/site-packages/airflow/example_dags/example_setup_teardown.py
[2024-08-09T01:49:45.796+0000] {processor.py:840} INFO - DAG(s) 'example_setup_teardown' retrieved from /home/airflow/.local/lib/python3.12/site-packages/airflow/example_dags/example_setup_teardown.py
[2024-08-09T01:49:45.878+0000] {logging_mixin.py:188} INFO - [2024-08-09T01:49:45.878+0000] {dag.py:3089} INFO - Sync 1 DAGs
[2024-08-09T01:49:45.962+0000] {logging_mixin.py:188} INFO - [2024-08-09T01:49:45.962+0000] {dag.py:3947} INFO - Setting next_dagrun for example_setup_teardown to 2024-08-08 00:00:00+00:00, run_after=2024-08-09 00:00:00+00:00
[2024-08-09T01:49:46.026+0000] {processor.py:183} INFO - Processing /home/airflow/.local/lib/python3.12/site-packages/airflow/example_dags/example_setup_teardown.py took 0.299 seconds
[2024-08-09T01:50:35.422+0000] {processor.py:161} INFO - Started process (PID=1856) to work on /home/airflow/.local/lib/python3.12/site-packages/airflow/example_dags/example_setup_teardown.py
[2024-08-09T01:50:35.427+0000] {processor.py:830} INFO - Processing file /home/airflow/.local/lib/python3.12/site-packages/airflow/example_dags/example_setup_teardown.py for tasks to queue
[2024-08-09T01:50:35.436+0000] {logging_mixin.py:188} INFO - [2024-08-09T01:50:35.435+0000] {dagbag.py:545} INFO - Filling up the DagBag from /home/airflow/.local/lib/python3.12/site-packages/airflow/example_dags/example_setup_teardown.py
[2024-08-09T01:50:35.488+0000] {processor.py:840} INFO - DAG(s) 'example_setup_teardown' retrieved from /home/airflow/.local/lib/python3.12/site-packages/airflow/example_dags/example_setup_teardown.py
[2024-08-09T01:50:35.953+0000] {logging_mixin.py:188} INFO - [2024-08-09T01:50:35.951+0000] {dag.py:3089} INFO - Sync 1 DAGs
[2024-08-09T01:50:36.207+0000] {logging_mixin.py:188} INFO - [2024-08-09T01:50:36.207+0000] {dag.py:3947} INFO - Setting next_dagrun for example_setup_teardown to 2024-08-08 00:00:00+00:00, run_after=2024-08-09 00:00:00+00:00
[2024-08-09T01:50:36.377+0000] {processor.py:183} INFO - Processing /home/airflow/.local/lib/python3.12/site-packages/airflow/example_dags/example_setup_teardown.py took 1.023 seconds
[2024-08-09T01:51:07.123+0000] {processor.py:161} INFO - Started process (PID=1914) to work on /home/airflow/.local/lib/python3.12/site-packages/airflow/example_dags/example_setup_teardown.py
[2024-08-09T01:51:07.130+0000] {processor.py:830} INFO - Processing file /home/airflow/.local/lib/python3.12/site-packages/airflow/example_dags/example_setup_teardown.py for tasks to queue
[2024-08-09T01:51:07.147+0000] {logging_mixin.py:188} INFO - [2024-08-09T01:51:07.143+0000] {dagbag.py:545} INFO - Filling up the DagBag from /home/airflow/.local/lib/python3.12/site-packages/airflow/example_dags/example_setup_teardown.py
[2024-08-09T01:51:07.194+0000] {processor.py:840} INFO - DAG(s) 'example_setup_teardown' retrieved from /home/airflow/.local/lib/python3.12/site-packages/airflow/example_dags/example_setup_teardown.py
[2024-08-09T01:51:07.330+0000] {logging_mixin.py:188} INFO - [2024-08-09T01:51:07.330+0000] {dag.py:3089} INFO - Sync 1 DAGs
[2024-08-09T01:51:07.457+0000] {logging_mixin.py:188} INFO - [2024-08-09T01:51:07.456+0000] {dag.py:3947} INFO - Setting next_dagrun for example_setup_teardown to 2024-08-08 00:00:00+00:00, run_after=2024-08-09 00:00:00+00:00
[2024-08-09T01:51:07.559+0000] {processor.py:183} INFO - Processing /home/airflow/.local/lib/python3.12/site-packages/airflow/example_dags/example_setup_teardown.py took 0.474 seconds
[2024-08-09T01:51:37.890+0000] {processor.py:161} INFO - Started process (PID=1971) to work on /home/airflow/.local/lib/python3.12/site-packages/airflow/example_dags/example_setup_teardown.py
[2024-08-09T01:51:37.894+0000] {processor.py:830} INFO - Processing file /home/airflow/.local/lib/python3.12/site-packages/airflow/example_dags/example_setup_teardown.py for tasks to queue
[2024-08-09T01:51:37.899+0000] {logging_mixin.py:188} INFO - [2024-08-09T01:51:37.898+0000] {dagbag.py:545} INFO - Filling up the DagBag from /home/airflow/.local/lib/python3.12/site-packages/airflow/example_dags/example_setup_teardown.py
[2024-08-09T01:51:37.916+0000] {processor.py:840} INFO - DAG(s) 'example_setup_teardown' retrieved from /home/airflow/.local/lib/python3.12/site-packages/airflow/example_dags/example_setup_teardown.py
[2024-08-09T01:51:37.980+0000] {logging_mixin.py:188} INFO - [2024-08-09T01:51:37.980+0000] {dag.py:3089} INFO - Sync 1 DAGs
[2024-08-09T01:51:38.037+0000] {logging_mixin.py:188} INFO - [2024-08-09T01:51:38.037+0000] {dag.py:3947} INFO - Setting next_dagrun for example_setup_teardown to 2024-08-08 00:00:00+00:00, run_after=2024-08-09 00:00:00+00:00
[2024-08-09T01:51:38.086+0000] {processor.py:183} INFO - Processing /home/airflow/.local/lib/python3.12/site-packages/airflow/example_dags/example_setup_teardown.py took 0.221 seconds
[2024-08-09T01:52:08.818+0000] {processor.py:161} INFO - Started process (PID=2029) to work on /home/airflow/.local/lib/python3.12/site-packages/airflow/example_dags/example_setup_teardown.py
[2024-08-09T01:52:08.843+0000] {processor.py:830} INFO - Processing file /home/airflow/.local/lib/python3.12/site-packages/airflow/example_dags/example_setup_teardown.py for tasks to queue
[2024-08-09T01:52:08.862+0000] {logging_mixin.py:188} INFO - [2024-08-09T01:52:08.861+0000] {dagbag.py:545} INFO - Filling up the DagBag from /home/airflow/.local/lib/python3.12/site-packages/airflow/example_dags/example_setup_teardown.py
[2024-08-09T01:52:08.895+0000] {processor.py:840} INFO - DAG(s) 'example_setup_teardown' retrieved from /home/airflow/.local/lib/python3.12/site-packages/airflow/example_dags/example_setup_teardown.py
[2024-08-09T01:52:08.960+0000] {logging_mixin.py:188} INFO - [2024-08-09T01:52:08.959+0000] {dag.py:3089} INFO - Sync 1 DAGs
[2024-08-09T01:52:09.046+0000] {logging_mixin.py:188} INFO - [2024-08-09T01:52:09.044+0000] {dag.py:3947} INFO - Setting next_dagrun for example_setup_teardown to 2024-08-08 00:00:00+00:00, run_after=2024-08-09 00:00:00+00:00
[2024-08-09T01:52:09.246+0000] {processor.py:183} INFO - Processing /home/airflow/.local/lib/python3.12/site-packages/airflow/example_dags/example_setup_teardown.py took 0.515 seconds
[2024-08-09T01:52:39.452+0000] {processor.py:161} INFO - Started process (PID=2087) to work on /home/airflow/.local/lib/python3.12/site-packages/airflow/example_dags/example_setup_teardown.py
[2024-08-09T01:52:39.457+0000] {processor.py:830} INFO - Processing file /home/airflow/.local/lib/python3.12/site-packages/airflow/example_dags/example_setup_teardown.py for tasks to queue
[2024-08-09T01:52:39.464+0000] {logging_mixin.py:188} INFO - [2024-08-09T01:52:39.464+0000] {dagbag.py:545} INFO - Filling up the DagBag from /home/airflow/.local/lib/python3.12/site-packages/airflow/example_dags/example_setup_teardown.py
[2024-08-09T01:52:39.490+0000] {processor.py:840} INFO - DAG(s) 'example_setup_teardown' retrieved from /home/airflow/.local/lib/python3.12/site-packages/airflow/example_dags/example_setup_teardown.py
[2024-08-09T01:52:39.569+0000] {logging_mixin.py:188} INFO - [2024-08-09T01:52:39.568+0000] {dag.py:3089} INFO - Sync 1 DAGs
[2024-08-09T01:52:39.614+0000] {logging_mixin.py:188} INFO - [2024-08-09T01:52:39.614+0000] {dag.py:3947} INFO - Setting next_dagrun for example_setup_teardown to 2024-08-08 00:00:00+00:00, run_after=2024-08-09 00:00:00+00:00
[2024-08-09T01:52:39.656+0000] {processor.py:183} INFO - Processing /home/airflow/.local/lib/python3.12/site-packages/airflow/example_dags/example_setup_teardown.py took 0.238 seconds
[2024-08-09T01:53:10.110+0000] {processor.py:161} INFO - Started process (PID=2144) to work on /home/airflow/.local/lib/python3.12/site-packages/airflow/example_dags/example_setup_teardown.py
[2024-08-09T01:53:10.113+0000] {processor.py:830} INFO - Processing file /home/airflow/.local/lib/python3.12/site-packages/airflow/example_dags/example_setup_teardown.py for tasks to queue
[2024-08-09T01:53:10.120+0000] {logging_mixin.py:188} INFO - [2024-08-09T01:53:10.119+0000] {dagbag.py:545} INFO - Filling up the DagBag from /home/airflow/.local/lib/python3.12/site-packages/airflow/example_dags/example_setup_teardown.py
[2024-08-09T01:53:10.145+0000] {processor.py:840} INFO - DAG(s) 'example_setup_teardown' retrieved from /home/airflow/.local/lib/python3.12/site-packages/airflow/example_dags/example_setup_teardown.py
[2024-08-09T01:53:10.235+0000] {logging_mixin.py:188} INFO - [2024-08-09T01:53:10.234+0000] {dag.py:3089} INFO - Sync 1 DAGs
[2024-08-09T01:53:10.309+0000] {logging_mixin.py:188} INFO - [2024-08-09T01:53:10.308+0000] {dag.py:3947} INFO - Setting next_dagrun for example_setup_teardown to 2024-08-08 00:00:00+00:00, run_after=2024-08-09 00:00:00+00:00
[2024-08-09T01:53:10.398+0000] {processor.py:183} INFO - Processing /home/airflow/.local/lib/python3.12/site-packages/airflow/example_dags/example_setup_teardown.py took 0.313 seconds
[2024-08-09T01:53:40.795+0000] {processor.py:161} INFO - Started process (PID=2202) to work on /home/airflow/.local/lib/python3.12/site-packages/airflow/example_dags/example_setup_teardown.py
[2024-08-09T01:53:40.799+0000] {processor.py:830} INFO - Processing file /home/airflow/.local/lib/python3.12/site-packages/airflow/example_dags/example_setup_teardown.py for tasks to queue
[2024-08-09T01:53:40.806+0000] {logging_mixin.py:188} INFO - [2024-08-09T01:53:40.804+0000] {dagbag.py:545} INFO - Filling up the DagBag from /home/airflow/.local/lib/python3.12/site-packages/airflow/example_dags/example_setup_teardown.py
[2024-08-09T01:53:40.825+0000] {processor.py:840} INFO - DAG(s) 'example_setup_teardown' retrieved from /home/airflow/.local/lib/python3.12/site-packages/airflow/example_dags/example_setup_teardown.py
[2024-08-09T01:53:40.950+0000] {logging_mixin.py:188} INFO - [2024-08-09T01:53:40.947+0000] {dag.py:3089} INFO - Sync 1 DAGs
[2024-08-09T01:53:41.025+0000] {logging_mixin.py:188} INFO - [2024-08-09T01:53:41.025+0000] {dag.py:3947} INFO - Setting next_dagrun for example_setup_teardown to 2024-08-08 00:00:00+00:00, run_after=2024-08-09 00:00:00+00:00
[2024-08-09T01:53:41.096+0000] {processor.py:183} INFO - Processing /home/airflow/.local/lib/python3.12/site-packages/airflow/example_dags/example_setup_teardown.py took 0.347 seconds
[2024-08-09T01:54:15.132+0000] {processor.py:161} INFO - Started process (PID=2260) to work on /home/airflow/.local/lib/python3.12/site-packages/airflow/example_dags/example_setup_teardown.py
[2024-08-09T01:54:15.151+0000] {processor.py:830} INFO - Processing file /home/airflow/.local/lib/python3.12/site-packages/airflow/example_dags/example_setup_teardown.py for tasks to queue
[2024-08-09T01:54:15.160+0000] {logging_mixin.py:188} INFO - [2024-08-09T01:54:15.159+0000] {dagbag.py:545} INFO - Filling up the DagBag from /home/airflow/.local/lib/python3.12/site-packages/airflow/example_dags/example_setup_teardown.py
[2024-08-09T01:54:15.207+0000] {processor.py:840} INFO - DAG(s) 'example_setup_teardown' retrieved from /home/airflow/.local/lib/python3.12/site-packages/airflow/example_dags/example_setup_teardown.py
[2024-08-09T01:54:15.330+0000] {logging_mixin.py:188} INFO - [2024-08-09T01:54:15.330+0000] {dag.py:3089} INFO - Sync 1 DAGs
[2024-08-09T01:54:15.513+0000] {logging_mixin.py:188} INFO - [2024-08-09T01:54:15.508+0000] {dag.py:3947} INFO - Setting next_dagrun for example_setup_teardown to 2024-08-08 00:00:00+00:00, run_after=2024-08-09 00:00:00+00:00
[2024-08-09T01:54:15.622+0000] {processor.py:183} INFO - Processing /home/airflow/.local/lib/python3.12/site-packages/airflow/example_dags/example_setup_teardown.py took 0.558 seconds
[2024-08-09T01:54:46.094+0000] {processor.py:161} INFO - Started process (PID=2318) to work on /home/airflow/.local/lib/python3.12/site-packages/airflow/example_dags/example_setup_teardown.py
[2024-08-09T01:54:46.099+0000] {processor.py:830} INFO - Processing file /home/airflow/.local/lib/python3.12/site-packages/airflow/example_dags/example_setup_teardown.py for tasks to queue
[2024-08-09T01:54:46.114+0000] {logging_mixin.py:188} INFO - [2024-08-09T01:54:46.112+0000] {dagbag.py:545} INFO - Filling up the DagBag from /home/airflow/.local/lib/python3.12/site-packages/airflow/example_dags/example_setup_teardown.py
[2024-08-09T01:54:46.160+0000] {processor.py:840} INFO - DAG(s) 'example_setup_teardown' retrieved from /home/airflow/.local/lib/python3.12/site-packages/airflow/example_dags/example_setup_teardown.py
[2024-08-09T01:54:46.233+0000] {logging_mixin.py:188} INFO - [2024-08-09T01:54:46.232+0000] {dag.py:3089} INFO - Sync 1 DAGs
[2024-08-09T01:54:46.299+0000] {logging_mixin.py:188} INFO - [2024-08-09T01:54:46.299+0000] {dag.py:3947} INFO - Setting next_dagrun for example_setup_teardown to 2024-08-08 00:00:00+00:00, run_after=2024-08-09 00:00:00+00:00
[2024-08-09T01:54:46.352+0000] {processor.py:183} INFO - Processing /home/airflow/.local/lib/python3.12/site-packages/airflow/example_dags/example_setup_teardown.py took 0.295 seconds
[2024-08-09T01:55:16.711+0000] {processor.py:161} INFO - Started process (PID=2376) to work on /home/airflow/.local/lib/python3.12/site-packages/airflow/example_dags/example_setup_teardown.py
[2024-08-09T01:55:16.714+0000] {processor.py:830} INFO - Processing file /home/airflow/.local/lib/python3.12/site-packages/airflow/example_dags/example_setup_teardown.py for tasks to queue
[2024-08-09T01:55:16.720+0000] {logging_mixin.py:188} INFO - [2024-08-09T01:55:16.719+0000] {dagbag.py:545} INFO - Filling up the DagBag from /home/airflow/.local/lib/python3.12/site-packages/airflow/example_dags/example_setup_teardown.py
[2024-08-09T01:55:16.737+0000] {processor.py:840} INFO - DAG(s) 'example_setup_teardown' retrieved from /home/airflow/.local/lib/python3.12/site-packages/airflow/example_dags/example_setup_teardown.py
[2024-08-09T01:55:16.792+0000] {logging_mixin.py:188} INFO - [2024-08-09T01:55:16.792+0000] {dag.py:3089} INFO - Sync 1 DAGs
[2024-08-09T01:55:16.838+0000] {logging_mixin.py:188} INFO - [2024-08-09T01:55:16.838+0000] {dag.py:3947} INFO - Setting next_dagrun for example_setup_teardown to 2024-08-08 00:00:00+00:00, run_after=2024-08-09 00:00:00+00:00
[2024-08-09T01:55:16.872+0000] {processor.py:183} INFO - Processing /home/airflow/.local/lib/python3.12/site-packages/airflow/example_dags/example_setup_teardown.py took 0.179 seconds
[2024-08-09T01:55:47.046+0000] {processor.py:161} INFO - Started process (PID=2434) to work on /home/airflow/.local/lib/python3.12/site-packages/airflow/example_dags/example_setup_teardown.py
[2024-08-09T01:55:47.048+0000] {processor.py:830} INFO - Processing file /home/airflow/.local/lib/python3.12/site-packages/airflow/example_dags/example_setup_teardown.py for tasks to queue
[2024-08-09T01:55:47.053+0000] {logging_mixin.py:188} INFO - [2024-08-09T01:55:47.052+0000] {dagbag.py:545} INFO - Filling up the DagBag from /home/airflow/.local/lib/python3.12/site-packages/airflow/example_dags/example_setup_teardown.py
[2024-08-09T01:55:47.069+0000] {processor.py:840} INFO - DAG(s) 'example_setup_teardown' retrieved from /home/airflow/.local/lib/python3.12/site-packages/airflow/example_dags/example_setup_teardown.py
[2024-08-09T01:55:47.121+0000] {logging_mixin.py:188} INFO - [2024-08-09T01:55:47.120+0000] {dag.py:3089} INFO - Sync 1 DAGs
[2024-08-09T01:55:47.161+0000] {logging_mixin.py:188} INFO - [2024-08-09T01:55:47.160+0000] {dag.py:3947} INFO - Setting next_dagrun for example_setup_teardown to 2024-08-08 00:00:00+00:00, run_after=2024-08-09 00:00:00+00:00
[2024-08-09T01:55:47.199+0000] {processor.py:183} INFO - Processing /home/airflow/.local/lib/python3.12/site-packages/airflow/example_dags/example_setup_teardown.py took 0.169 seconds
[2024-08-09T01:56:17.333+0000] {processor.py:161} INFO - Started process (PID=2492) to work on /home/airflow/.local/lib/python3.12/site-packages/airflow/example_dags/example_setup_teardown.py
[2024-08-09T01:56:17.337+0000] {processor.py:830} INFO - Processing file /home/airflow/.local/lib/python3.12/site-packages/airflow/example_dags/example_setup_teardown.py for tasks to queue
[2024-08-09T01:56:17.343+0000] {logging_mixin.py:188} INFO - [2024-08-09T01:56:17.342+0000] {dagbag.py:545} INFO - Filling up the DagBag from /home/airflow/.local/lib/python3.12/site-packages/airflow/example_dags/example_setup_teardown.py
[2024-08-09T01:56:17.361+0000] {processor.py:840} INFO - DAG(s) 'example_setup_teardown' retrieved from /home/airflow/.local/lib/python3.12/site-packages/airflow/example_dags/example_setup_teardown.py
[2024-08-09T01:56:17.420+0000] {logging_mixin.py:188} INFO - [2024-08-09T01:56:17.419+0000] {dag.py:3089} INFO - Sync 1 DAGs
[2024-08-09T01:56:17.480+0000] {logging_mixin.py:188} INFO - [2024-08-09T01:56:17.480+0000] {dag.py:3947} INFO - Setting next_dagrun for example_setup_teardown to 2024-08-08 00:00:00+00:00, run_after=2024-08-09 00:00:00+00:00
[2024-08-09T01:56:17.556+0000] {processor.py:183} INFO - Processing /home/airflow/.local/lib/python3.12/site-packages/airflow/example_dags/example_setup_teardown.py took 0.244 seconds
[2024-08-09T01:56:48.777+0000] {processor.py:161} INFO - Started process (PID=2550) to work on /home/airflow/.local/lib/python3.12/site-packages/airflow/example_dags/example_setup_teardown.py
[2024-08-09T01:56:48.781+0000] {processor.py:830} INFO - Processing file /home/airflow/.local/lib/python3.12/site-packages/airflow/example_dags/example_setup_teardown.py for tasks to queue
[2024-08-09T01:56:48.791+0000] {logging_mixin.py:188} INFO - [2024-08-09T01:56:48.789+0000] {dagbag.py:545} INFO - Filling up the DagBag from /home/airflow/.local/lib/python3.12/site-packages/airflow/example_dags/example_setup_teardown.py
[2024-08-09T01:56:48.818+0000] {processor.py:840} INFO - DAG(s) 'example_setup_teardown' retrieved from /home/airflow/.local/lib/python3.12/site-packages/airflow/example_dags/example_setup_teardown.py
[2024-08-09T01:56:48.900+0000] {logging_mixin.py:188} INFO - [2024-08-09T01:56:48.900+0000] {dag.py:3089} INFO - Sync 1 DAGs
[2024-08-09T01:56:49.023+0000] {logging_mixin.py:188} INFO - [2024-08-09T01:56:49.022+0000] {dag.py:3947} INFO - Setting next_dagrun for example_setup_teardown to 2024-08-08 00:00:00+00:00, run_after=2024-08-09 00:00:00+00:00
[2024-08-09T01:56:49.113+0000] {processor.py:183} INFO - Processing /home/airflow/.local/lib/python3.12/site-packages/airflow/example_dags/example_setup_teardown.py took 0.371 seconds
[2024-08-09T01:57:19.931+0000] {processor.py:161} INFO - Started process (PID=2608) to work on /home/airflow/.local/lib/python3.12/site-packages/airflow/example_dags/example_setup_teardown.py
[2024-08-09T01:57:19.951+0000] {processor.py:830} INFO - Processing file /home/airflow/.local/lib/python3.12/site-packages/airflow/example_dags/example_setup_teardown.py for tasks to queue
[2024-08-09T01:57:19.965+0000] {logging_mixin.py:188} INFO - [2024-08-09T01:57:19.960+0000] {dagbag.py:545} INFO - Filling up the DagBag from /home/airflow/.local/lib/python3.12/site-packages/airflow/example_dags/example_setup_teardown.py
[2024-08-09T01:57:20.016+0000] {processor.py:840} INFO - DAG(s) 'example_setup_teardown' retrieved from /home/airflow/.local/lib/python3.12/site-packages/airflow/example_dags/example_setup_teardown.py
[2024-08-09T01:57:20.271+0000] {logging_mixin.py:188} INFO - [2024-08-09T01:57:20.268+0000] {dag.py:3089} INFO - Sync 1 DAGs
[2024-08-09T01:57:20.517+0000] {logging_mixin.py:188} INFO - [2024-08-09T01:57:20.516+0000] {dag.py:3947} INFO - Setting next_dagrun for example_setup_teardown to 2024-08-08 00:00:00+00:00, run_after=2024-08-09 00:00:00+00:00
[2024-08-09T01:57:20.687+0000] {processor.py:183} INFO - Processing /home/airflow/.local/lib/python3.12/site-packages/airflow/example_dags/example_setup_teardown.py took 0.876 seconds
[2024-08-09T01:57:51.144+0000] {processor.py:161} INFO - Started process (PID=2666) to work on /home/airflow/.local/lib/python3.12/site-packages/airflow/example_dags/example_setup_teardown.py
[2024-08-09T01:57:51.153+0000] {processor.py:830} INFO - Processing file /home/airflow/.local/lib/python3.12/site-packages/airflow/example_dags/example_setup_teardown.py for tasks to queue
[2024-08-09T01:57:51.175+0000] {logging_mixin.py:188} INFO - [2024-08-09T01:57:51.171+0000] {dagbag.py:545} INFO - Filling up the DagBag from /home/airflow/.local/lib/python3.12/site-packages/airflow/example_dags/example_setup_teardown.py
[2024-08-09T01:57:51.239+0000] {processor.py:840} INFO - DAG(s) 'example_setup_teardown' retrieved from /home/airflow/.local/lib/python3.12/site-packages/airflow/example_dags/example_setup_teardown.py
[2024-08-09T01:57:51.449+0000] {logging_mixin.py:188} INFO - [2024-08-09T01:57:51.447+0000] {dag.py:3089} INFO - Sync 1 DAGs
[2024-08-09T01:57:51.848+0000] {logging_mixin.py:188} INFO - [2024-08-09T01:57:51.848+0000] {dag.py:3947} INFO - Setting next_dagrun for example_setup_teardown to 2024-08-08 00:00:00+00:00, run_after=2024-08-09 00:00:00+00:00
[2024-08-09T01:57:51.963+0000] {processor.py:183} INFO - Processing /home/airflow/.local/lib/python3.12/site-packages/airflow/example_dags/example_setup_teardown.py took 0.861 seconds
[2024-08-09T01:58:22.389+0000] {processor.py:161} INFO - Started process (PID=2724) to work on /home/airflow/.local/lib/python3.12/site-packages/airflow/example_dags/example_setup_teardown.py
[2024-08-09T01:58:22.398+0000] {processor.py:830} INFO - Processing file /home/airflow/.local/lib/python3.12/site-packages/airflow/example_dags/example_setup_teardown.py for tasks to queue
[2024-08-09T01:58:22.411+0000] {logging_mixin.py:188} INFO - [2024-08-09T01:58:22.410+0000] {dagbag.py:545} INFO - Filling up the DagBag from /home/airflow/.local/lib/python3.12/site-packages/airflow/example_dags/example_setup_teardown.py
[2024-08-09T01:58:22.491+0000] {processor.py:840} INFO - DAG(s) 'example_setup_teardown' retrieved from /home/airflow/.local/lib/python3.12/site-packages/airflow/example_dags/example_setup_teardown.py
[2024-08-09T01:58:22.670+0000] {logging_mixin.py:188} INFO - [2024-08-09T01:58:22.666+0000] {dag.py:3089} INFO - Sync 1 DAGs
[2024-08-09T01:58:22.768+0000] {logging_mixin.py:188} INFO - [2024-08-09T01:58:22.767+0000] {dag.py:3947} INFO - Setting next_dagrun for example_setup_teardown to 2024-08-08 00:00:00+00:00, run_after=2024-08-09 00:00:00+00:00
[2024-08-09T01:58:22.905+0000] {processor.py:183} INFO - Processing /home/airflow/.local/lib/python3.12/site-packages/airflow/example_dags/example_setup_teardown.py took 0.577 seconds
[2024-08-09T01:58:53.342+0000] {processor.py:161} INFO - Started process (PID=2782) to work on /home/airflow/.local/lib/python3.12/site-packages/airflow/example_dags/example_setup_teardown.py
[2024-08-09T01:58:53.348+0000] {processor.py:830} INFO - Processing file /home/airflow/.local/lib/python3.12/site-packages/airflow/example_dags/example_setup_teardown.py for tasks to queue
[2024-08-09T01:58:53.355+0000] {logging_mixin.py:188} INFO - [2024-08-09T01:58:53.354+0000] {dagbag.py:545} INFO - Filling up the DagBag from /home/airflow/.local/lib/python3.12/site-packages/airflow/example_dags/example_setup_teardown.py
[2024-08-09T01:58:53.377+0000] {processor.py:840} INFO - DAG(s) 'example_setup_teardown' retrieved from /home/airflow/.local/lib/python3.12/site-packages/airflow/example_dags/example_setup_teardown.py
[2024-08-09T01:58:53.454+0000] {logging_mixin.py:188} INFO - [2024-08-09T01:58:53.451+0000] {dag.py:3089} INFO - Sync 1 DAGs
[2024-08-09T01:58:53.563+0000] {logging_mixin.py:188} INFO - [2024-08-09T01:58:53.561+0000] {dag.py:3947} INFO - Setting next_dagrun for example_setup_teardown to 2024-08-08 00:00:00+00:00, run_after=2024-08-09 00:00:00+00:00
[2024-08-09T01:58:53.633+0000] {processor.py:183} INFO - Processing /home/airflow/.local/lib/python3.12/site-packages/airflow/example_dags/example_setup_teardown.py took 0.320 seconds
[2024-08-09T01:59:23.970+0000] {processor.py:161} INFO - Started process (PID=2839) to work on /home/airflow/.local/lib/python3.12/site-packages/airflow/example_dags/example_setup_teardown.py
[2024-08-09T01:59:23.976+0000] {processor.py:830} INFO - Processing file /home/airflow/.local/lib/python3.12/site-packages/airflow/example_dags/example_setup_teardown.py for tasks to queue
[2024-08-09T01:59:23.983+0000] {logging_mixin.py:188} INFO - [2024-08-09T01:59:23.982+0000] {dagbag.py:545} INFO - Filling up the DagBag from /home/airflow/.local/lib/python3.12/site-packages/airflow/example_dags/example_setup_teardown.py
[2024-08-09T01:59:24.012+0000] {processor.py:840} INFO - DAG(s) 'example_setup_teardown' retrieved from /home/airflow/.local/lib/python3.12/site-packages/airflow/example_dags/example_setup_teardown.py
[2024-08-09T01:59:24.150+0000] {logging_mixin.py:188} INFO - [2024-08-09T01:59:24.150+0000] {dag.py:3089} INFO - Sync 1 DAGs
[2024-08-09T01:59:24.406+0000] {logging_mixin.py:188} INFO - [2024-08-09T01:59:24.406+0000] {dag.py:3947} INFO - Setting next_dagrun for example_setup_teardown to 2024-08-08 00:00:00+00:00, run_after=2024-08-09 00:00:00+00:00
[2024-08-09T01:59:24.538+0000] {processor.py:183} INFO - Processing /home/airflow/.local/lib/python3.12/site-packages/airflow/example_dags/example_setup_teardown.py took 0.595 seconds
[2024-08-09T01:59:54.750+0000] {processor.py:161} INFO - Started process (PID=2897) to work on /home/airflow/.local/lib/python3.12/site-packages/airflow/example_dags/example_setup_teardown.py
[2024-08-09T01:59:54.755+0000] {processor.py:830} INFO - Processing file /home/airflow/.local/lib/python3.12/site-packages/airflow/example_dags/example_setup_teardown.py for tasks to queue
[2024-08-09T01:59:54.762+0000] {logging_mixin.py:188} INFO - [2024-08-09T01:59:54.761+0000] {dagbag.py:545} INFO - Filling up the DagBag from /home/airflow/.local/lib/python3.12/site-packages/airflow/example_dags/example_setup_teardown.py
[2024-08-09T01:59:54.784+0000] {processor.py:840} INFO - DAG(s) 'example_setup_teardown' retrieved from /home/airflow/.local/lib/python3.12/site-packages/airflow/example_dags/example_setup_teardown.py
[2024-08-09T01:59:54.856+0000] {logging_mixin.py:188} INFO - [2024-08-09T01:59:54.855+0000] {dag.py:3089} INFO - Sync 1 DAGs
[2024-08-09T01:59:54.894+0000] {logging_mixin.py:188} INFO - [2024-08-09T01:59:54.893+0000] {dag.py:3947} INFO - Setting next_dagrun for example_setup_teardown to 2024-08-08 00:00:00+00:00, run_after=2024-08-09 00:00:00+00:00
[2024-08-09T01:59:54.956+0000] {processor.py:183} INFO - Processing /home/airflow/.local/lib/python3.12/site-packages/airflow/example_dags/example_setup_teardown.py took 0.233 seconds
[2024-08-09T02:00:25.625+0000] {processor.py:161} INFO - Started process (PID=2955) to work on /home/airflow/.local/lib/python3.12/site-packages/airflow/example_dags/example_setup_teardown.py
[2024-08-09T02:00:25.636+0000] {processor.py:830} INFO - Processing file /home/airflow/.local/lib/python3.12/site-packages/airflow/example_dags/example_setup_teardown.py for tasks to queue
[2024-08-09T02:00:25.643+0000] {logging_mixin.py:188} INFO - [2024-08-09T02:00:25.641+0000] {dagbag.py:545} INFO - Filling up the DagBag from /home/airflow/.local/lib/python3.12/site-packages/airflow/example_dags/example_setup_teardown.py
[2024-08-09T02:00:25.697+0000] {processor.py:840} INFO - DAG(s) 'example_setup_teardown' retrieved from /home/airflow/.local/lib/python3.12/site-packages/airflow/example_dags/example_setup_teardown.py
[2024-08-09T02:00:25.803+0000] {logging_mixin.py:188} INFO - [2024-08-09T02:00:25.802+0000] {dag.py:3089} INFO - Sync 1 DAGs
[2024-08-09T02:00:25.891+0000] {logging_mixin.py:188} INFO - [2024-08-09T02:00:25.890+0000] {dag.py:3947} INFO - Setting next_dagrun for example_setup_teardown to 2024-08-08 00:00:00+00:00, run_after=2024-08-09 00:00:00+00:00
[2024-08-09T02:00:25.946+0000] {processor.py:183} INFO - Processing /home/airflow/.local/lib/python3.12/site-packages/airflow/example_dags/example_setup_teardown.py took 0.385 seconds
[2024-08-09T02:00:56.821+0000] {processor.py:161} INFO - Started process (PID=3013) to work on /home/airflow/.local/lib/python3.12/site-packages/airflow/example_dags/example_setup_teardown.py
[2024-08-09T02:00:56.824+0000] {processor.py:830} INFO - Processing file /home/airflow/.local/lib/python3.12/site-packages/airflow/example_dags/example_setup_teardown.py for tasks to queue
[2024-08-09T02:00:56.829+0000] {logging_mixin.py:188} INFO - [2024-08-09T02:00:56.828+0000] {dagbag.py:545} INFO - Filling up the DagBag from /home/airflow/.local/lib/python3.12/site-packages/airflow/example_dags/example_setup_teardown.py
[2024-08-09T02:00:56.848+0000] {processor.py:840} INFO - DAG(s) 'example_setup_teardown' retrieved from /home/airflow/.local/lib/python3.12/site-packages/airflow/example_dags/example_setup_teardown.py
[2024-08-09T02:00:56.933+0000] {logging_mixin.py:188} INFO - [2024-08-09T02:00:56.932+0000] {dag.py:3089} INFO - Sync 1 DAGs
[2024-08-09T02:00:57.004+0000] {logging_mixin.py:188} INFO - [2024-08-09T02:00:57.003+0000] {dag.py:3947} INFO - Setting next_dagrun for example_setup_teardown to 2024-08-08 00:00:00+00:00, run_after=2024-08-09 00:00:00+00:00
[2024-08-09T02:00:57.050+0000] {processor.py:183} INFO - Processing /home/airflow/.local/lib/python3.12/site-packages/airflow/example_dags/example_setup_teardown.py took 0.249 seconds
[2024-08-09T02:01:27.270+0000] {processor.py:161} INFO - Started process (PID=3071) to work on /home/airflow/.local/lib/python3.12/site-packages/airflow/example_dags/example_setup_teardown.py
[2024-08-09T02:01:27.273+0000] {processor.py:830} INFO - Processing file /home/airflow/.local/lib/python3.12/site-packages/airflow/example_dags/example_setup_teardown.py for tasks to queue
[2024-08-09T02:01:27.277+0000] {logging_mixin.py:188} INFO - [2024-08-09T02:01:27.277+0000] {dagbag.py:545} INFO - Filling up the DagBag from /home/airflow/.local/lib/python3.12/site-packages/airflow/example_dags/example_setup_teardown.py
[2024-08-09T02:01:27.293+0000] {processor.py:840} INFO - DAG(s) 'example_setup_teardown' retrieved from /home/airflow/.local/lib/python3.12/site-packages/airflow/example_dags/example_setup_teardown.py
[2024-08-09T02:01:27.350+0000] {logging_mixin.py:188} INFO - [2024-08-09T02:01:27.350+0000] {dag.py:3089} INFO - Sync 1 DAGs
[2024-08-09T02:01:27.402+0000] {logging_mixin.py:188} INFO - [2024-08-09T02:01:27.402+0000] {dag.py:3947} INFO - Setting next_dagrun for example_setup_teardown to 2024-08-08 00:00:00+00:00, run_after=2024-08-09 00:00:00+00:00
[2024-08-09T02:01:27.453+0000] {processor.py:183} INFO - Processing /home/airflow/.local/lib/python3.12/site-packages/airflow/example_dags/example_setup_teardown.py took 0.201 seconds
[2024-08-09T02:01:57.915+0000] {processor.py:161} INFO - Started process (PID=3129) to work on /home/airflow/.local/lib/python3.12/site-packages/airflow/example_dags/example_setup_teardown.py
[2024-08-09T02:01:57.918+0000] {processor.py:830} INFO - Processing file /home/airflow/.local/lib/python3.12/site-packages/airflow/example_dags/example_setup_teardown.py for tasks to queue
[2024-08-09T02:01:57.922+0000] {logging_mixin.py:188} INFO - [2024-08-09T02:01:57.921+0000] {dagbag.py:545} INFO - Filling up the DagBag from /home/airflow/.local/lib/python3.12/site-packages/airflow/example_dags/example_setup_teardown.py
[2024-08-09T02:01:57.947+0000] {processor.py:840} INFO - DAG(s) 'example_setup_teardown' retrieved from /home/airflow/.local/lib/python3.12/site-packages/airflow/example_dags/example_setup_teardown.py
[2024-08-09T02:01:58.057+0000] {logging_mixin.py:188} INFO - [2024-08-09T02:01:58.056+0000] {dag.py:3089} INFO - Sync 1 DAGs
[2024-08-09T02:01:58.105+0000] {logging_mixin.py:188} INFO - [2024-08-09T02:01:58.105+0000] {dag.py:3947} INFO - Setting next_dagrun for example_setup_teardown to 2024-08-08 00:00:00+00:00, run_after=2024-08-09 00:00:00+00:00
[2024-08-09T02:01:58.148+0000] {processor.py:183} INFO - Processing /home/airflow/.local/lib/python3.12/site-packages/airflow/example_dags/example_setup_teardown.py took 0.263 seconds
[2024-08-09T02:02:28.502+0000] {processor.py:161} INFO - Started process (PID=3193) to work on /home/airflow/.local/lib/python3.12/site-packages/airflow/example_dags/example_setup_teardown.py
[2024-08-09T02:02:28.506+0000] {processor.py:830} INFO - Processing file /home/airflow/.local/lib/python3.12/site-packages/airflow/example_dags/example_setup_teardown.py for tasks to queue
[2024-08-09T02:02:28.511+0000] {logging_mixin.py:188} INFO - [2024-08-09T02:02:28.510+0000] {dagbag.py:545} INFO - Filling up the DagBag from /home/airflow/.local/lib/python3.12/site-packages/airflow/example_dags/example_setup_teardown.py
[2024-08-09T02:02:28.530+0000] {processor.py:840} INFO - DAG(s) 'example_setup_teardown' retrieved from /home/airflow/.local/lib/python3.12/site-packages/airflow/example_dags/example_setup_teardown.py
[2024-08-09T02:02:28.582+0000] {logging_mixin.py:188} INFO - [2024-08-09T02:02:28.582+0000] {dag.py:3089} INFO - Sync 1 DAGs
[2024-08-09T02:02:28.618+0000] {logging_mixin.py:188} INFO - [2024-08-09T02:02:28.618+0000] {dag.py:3947} INFO - Setting next_dagrun for example_setup_teardown to 2024-08-08 00:00:00+00:00, run_after=2024-08-09 00:00:00+00:00
[2024-08-09T02:02:28.649+0000] {processor.py:183} INFO - Processing /home/airflow/.local/lib/python3.12/site-packages/airflow/example_dags/example_setup_teardown.py took 0.165 seconds
[2024-08-09T02:02:59.318+0000] {processor.py:161} INFO - Started process (PID=3251) to work on /home/airflow/.local/lib/python3.12/site-packages/airflow/example_dags/example_setup_teardown.py
[2024-08-09T02:02:59.321+0000] {processor.py:830} INFO - Processing file /home/airflow/.local/lib/python3.12/site-packages/airflow/example_dags/example_setup_teardown.py for tasks to queue
[2024-08-09T02:02:59.326+0000] {logging_mixin.py:188} INFO - [2024-08-09T02:02:59.325+0000] {dagbag.py:545} INFO - Filling up the DagBag from /home/airflow/.local/lib/python3.12/site-packages/airflow/example_dags/example_setup_teardown.py
[2024-08-09T02:02:59.341+0000] {processor.py:840} INFO - DAG(s) 'example_setup_teardown' retrieved from /home/airflow/.local/lib/python3.12/site-packages/airflow/example_dags/example_setup_teardown.py
[2024-08-09T02:02:59.391+0000] {logging_mixin.py:188} INFO - [2024-08-09T02:02:59.390+0000] {dag.py:3089} INFO - Sync 1 DAGs
[2024-08-09T02:02:59.429+0000] {logging_mixin.py:188} INFO - [2024-08-09T02:02:59.428+0000] {dag.py:3947} INFO - Setting next_dagrun for example_setup_teardown to 2024-08-08 00:00:00+00:00, run_after=2024-08-09 00:00:00+00:00
[2024-08-09T02:02:59.468+0000] {processor.py:183} INFO - Processing /home/airflow/.local/lib/python3.12/site-packages/airflow/example_dags/example_setup_teardown.py took 0.164 seconds
[2024-08-09T02:03:30.246+0000] {processor.py:161} INFO - Started process (PID=3308) to work on /home/airflow/.local/lib/python3.12/site-packages/airflow/example_dags/example_setup_teardown.py
[2024-08-09T02:03:30.250+0000] {processor.py:830} INFO - Processing file /home/airflow/.local/lib/python3.12/site-packages/airflow/example_dags/example_setup_teardown.py for tasks to queue
[2024-08-09T02:03:30.256+0000] {logging_mixin.py:188} INFO - [2024-08-09T02:03:30.255+0000] {dagbag.py:545} INFO - Filling up the DagBag from /home/airflow/.local/lib/python3.12/site-packages/airflow/example_dags/example_setup_teardown.py
[2024-08-09T02:03:30.279+0000] {processor.py:840} INFO - DAG(s) 'example_setup_teardown' retrieved from /home/airflow/.local/lib/python3.12/site-packages/airflow/example_dags/example_setup_teardown.py
[2024-08-09T02:03:30.341+0000] {logging_mixin.py:188} INFO - [2024-08-09T02:03:30.341+0000] {dag.py:3089} INFO - Sync 1 DAGs
[2024-08-09T02:03:30.384+0000] {logging_mixin.py:188} INFO - [2024-08-09T02:03:30.383+0000] {dag.py:3947} INFO - Setting next_dagrun for example_setup_teardown to 2024-08-08 00:00:00+00:00, run_after=2024-08-09 00:00:00+00:00
[2024-08-09T02:03:30.430+0000] {processor.py:183} INFO - Processing /home/airflow/.local/lib/python3.12/site-packages/airflow/example_dags/example_setup_teardown.py took 0.205 seconds
[2024-08-09T02:04:00.943+0000] {processor.py:161} INFO - Started process (PID=3366) to work on /home/airflow/.local/lib/python3.12/site-packages/airflow/example_dags/example_setup_teardown.py
[2024-08-09T02:04:00.952+0000] {processor.py:830} INFO - Processing file /home/airflow/.local/lib/python3.12/site-packages/airflow/example_dags/example_setup_teardown.py for tasks to queue
[2024-08-09T02:04:00.961+0000] {logging_mixin.py:188} INFO - [2024-08-09T02:04:00.959+0000] {dagbag.py:545} INFO - Filling up the DagBag from /home/airflow/.local/lib/python3.12/site-packages/airflow/example_dags/example_setup_teardown.py
[2024-08-09T02:04:00.988+0000] {processor.py:840} INFO - DAG(s) 'example_setup_teardown' retrieved from /home/airflow/.local/lib/python3.12/site-packages/airflow/example_dags/example_setup_teardown.py
[2024-08-09T02:04:01.068+0000] {logging_mixin.py:188} INFO - [2024-08-09T02:04:01.068+0000] {dag.py:3089} INFO - Sync 1 DAGs
[2024-08-09T02:04:01.137+0000] {logging_mixin.py:188} INFO - [2024-08-09T02:04:01.136+0000] {dag.py:3947} INFO - Setting next_dagrun for example_setup_teardown to 2024-08-08 00:00:00+00:00, run_after=2024-08-09 00:00:00+00:00
[2024-08-09T02:04:01.193+0000] {processor.py:183} INFO - Processing /home/airflow/.local/lib/python3.12/site-packages/airflow/example_dags/example_setup_teardown.py took 0.289 seconds
[2024-08-09T02:04:31.623+0000] {processor.py:161} INFO - Started process (PID=3424) to work on /home/airflow/.local/lib/python3.12/site-packages/airflow/example_dags/example_setup_teardown.py
[2024-08-09T02:04:31.626+0000] {processor.py:830} INFO - Processing file /home/airflow/.local/lib/python3.12/site-packages/airflow/example_dags/example_setup_teardown.py for tasks to queue
[2024-08-09T02:04:31.632+0000] {logging_mixin.py:188} INFO - [2024-08-09T02:04:31.632+0000] {dagbag.py:545} INFO - Filling up the DagBag from /home/airflow/.local/lib/python3.12/site-packages/airflow/example_dags/example_setup_teardown.py
[2024-08-09T02:04:31.655+0000] {processor.py:840} INFO - DAG(s) 'example_setup_teardown' retrieved from /home/airflow/.local/lib/python3.12/site-packages/airflow/example_dags/example_setup_teardown.py
[2024-08-09T02:04:31.713+0000] {logging_mixin.py:188} INFO - [2024-08-09T02:04:31.712+0000] {dag.py:3089} INFO - Sync 1 DAGs
[2024-08-09T02:04:31.762+0000] {logging_mixin.py:188} INFO - [2024-08-09T02:04:31.762+0000] {dag.py:3947} INFO - Setting next_dagrun for example_setup_teardown to 2024-08-08 00:00:00+00:00, run_after=2024-08-09 00:00:00+00:00
[2024-08-09T02:04:31.804+0000] {processor.py:183} INFO - Processing /home/airflow/.local/lib/python3.12/site-packages/airflow/example_dags/example_setup_teardown.py took 0.206 seconds
[2024-08-09T02:05:02.470+0000] {processor.py:161} INFO - Started process (PID=3482) to work on /home/airflow/.local/lib/python3.12/site-packages/airflow/example_dags/example_setup_teardown.py
[2024-08-09T02:05:02.473+0000] {processor.py:830} INFO - Processing file /home/airflow/.local/lib/python3.12/site-packages/airflow/example_dags/example_setup_teardown.py for tasks to queue
[2024-08-09T02:05:02.477+0000] {logging_mixin.py:188} INFO - [2024-08-09T02:05:02.476+0000] {dagbag.py:545} INFO - Filling up the DagBag from /home/airflow/.local/lib/python3.12/site-packages/airflow/example_dags/example_setup_teardown.py
[2024-08-09T02:05:02.492+0000] {processor.py:840} INFO - DAG(s) 'example_setup_teardown' retrieved from /home/airflow/.local/lib/python3.12/site-packages/airflow/example_dags/example_setup_teardown.py
[2024-08-09T02:05:02.538+0000] {logging_mixin.py:188} INFO - [2024-08-09T02:05:02.538+0000] {dag.py:3089} INFO - Sync 1 DAGs
[2024-08-09T02:05:02.576+0000] {logging_mixin.py:188} INFO - [2024-08-09T02:05:02.575+0000] {dag.py:3947} INFO - Setting next_dagrun for example_setup_teardown to 2024-08-08 00:00:00+00:00, run_after=2024-08-09 00:00:00+00:00
[2024-08-09T02:05:02.604+0000] {processor.py:183} INFO - Processing /home/airflow/.local/lib/python3.12/site-packages/airflow/example_dags/example_setup_teardown.py took 0.152 seconds
[2024-08-09T02:05:33.069+0000] {processor.py:161} INFO - Started process (PID=3540) to work on /home/airflow/.local/lib/python3.12/site-packages/airflow/example_dags/example_setup_teardown.py
[2024-08-09T02:05:33.072+0000] {processor.py:830} INFO - Processing file /home/airflow/.local/lib/python3.12/site-packages/airflow/example_dags/example_setup_teardown.py for tasks to queue
[2024-08-09T02:05:33.077+0000] {logging_mixin.py:188} INFO - [2024-08-09T02:05:33.077+0000] {dagbag.py:545} INFO - Filling up the DagBag from /home/airflow/.local/lib/python3.12/site-packages/airflow/example_dags/example_setup_teardown.py
[2024-08-09T02:05:33.096+0000] {processor.py:840} INFO - DAG(s) 'example_setup_teardown' retrieved from /home/airflow/.local/lib/python3.12/site-packages/airflow/example_dags/example_setup_teardown.py
[2024-08-09T02:05:33.175+0000] {logging_mixin.py:188} INFO - [2024-08-09T02:05:33.175+0000] {dag.py:3089} INFO - Sync 1 DAGs
[2024-08-09T02:05:33.222+0000] {logging_mixin.py:188} INFO - [2024-08-09T02:05:33.221+0000] {dag.py:3947} INFO - Setting next_dagrun for example_setup_teardown to 2024-08-08 00:00:00+00:00, run_after=2024-08-09 00:00:00+00:00
[2024-08-09T02:05:33.257+0000] {processor.py:183} INFO - Processing /home/airflow/.local/lib/python3.12/site-packages/airflow/example_dags/example_setup_teardown.py took 0.204 seconds
[2024-08-09T02:06:04.286+0000] {processor.py:161} INFO - Started process (PID=3598) to work on /home/airflow/.local/lib/python3.12/site-packages/airflow/example_dags/example_setup_teardown.py
[2024-08-09T02:06:04.290+0000] {processor.py:830} INFO - Processing file /home/airflow/.local/lib/python3.12/site-packages/airflow/example_dags/example_setup_teardown.py for tasks to queue
[2024-08-09T02:06:04.298+0000] {logging_mixin.py:188} INFO - [2024-08-09T02:06:04.297+0000] {dagbag.py:545} INFO - Filling up the DagBag from /home/airflow/.local/lib/python3.12/site-packages/airflow/example_dags/example_setup_teardown.py
[2024-08-09T02:06:04.327+0000] {processor.py:840} INFO - DAG(s) 'example_setup_teardown' retrieved from /home/airflow/.local/lib/python3.12/site-packages/airflow/example_dags/example_setup_teardown.py
[2024-08-09T02:06:04.410+0000] {logging_mixin.py:188} INFO - [2024-08-09T02:06:04.410+0000] {dag.py:3089} INFO - Sync 1 DAGs
[2024-08-09T02:06:04.477+0000] {logging_mixin.py:188} INFO - [2024-08-09T02:06:04.476+0000] {dag.py:3947} INFO - Setting next_dagrun for example_setup_teardown to 2024-08-08 00:00:00+00:00, run_after=2024-08-09 00:00:00+00:00
[2024-08-09T02:06:04.517+0000] {processor.py:183} INFO - Processing /home/airflow/.local/lib/python3.12/site-packages/airflow/example_dags/example_setup_teardown.py took 0.267 seconds
[2024-08-09T02:06:35.134+0000] {processor.py:161} INFO - Started process (PID=3654) to work on /home/airflow/.local/lib/python3.12/site-packages/airflow/example_dags/example_setup_teardown.py
[2024-08-09T02:06:35.137+0000] {processor.py:830} INFO - Processing file /home/airflow/.local/lib/python3.12/site-packages/airflow/example_dags/example_setup_teardown.py for tasks to queue
[2024-08-09T02:06:35.142+0000] {logging_mixin.py:188} INFO - [2024-08-09T02:06:35.141+0000] {dagbag.py:545} INFO - Filling up the DagBag from /home/airflow/.local/lib/python3.12/site-packages/airflow/example_dags/example_setup_teardown.py
[2024-08-09T02:06:35.163+0000] {processor.py:840} INFO - DAG(s) 'example_setup_teardown' retrieved from /home/airflow/.local/lib/python3.12/site-packages/airflow/example_dags/example_setup_teardown.py
[2024-08-09T02:06:35.242+0000] {logging_mixin.py:188} INFO - [2024-08-09T02:06:35.241+0000] {dag.py:3089} INFO - Sync 1 DAGs
[2024-08-09T02:06:35.296+0000] {logging_mixin.py:188} INFO - [2024-08-09T02:06:35.295+0000] {dag.py:3947} INFO - Setting next_dagrun for example_setup_teardown to 2024-08-08 00:00:00+00:00, run_after=2024-08-09 00:00:00+00:00
[2024-08-09T02:06:35.341+0000] {processor.py:183} INFO - Processing /home/airflow/.local/lib/python3.12/site-packages/airflow/example_dags/example_setup_teardown.py took 0.235 seconds
[2024-08-09T02:07:06.095+0000] {processor.py:161} INFO - Started process (PID=3711) to work on /home/airflow/.local/lib/python3.12/site-packages/airflow/example_dags/example_setup_teardown.py
[2024-08-09T02:07:06.098+0000] {processor.py:830} INFO - Processing file /home/airflow/.local/lib/python3.12/site-packages/airflow/example_dags/example_setup_teardown.py for tasks to queue
[2024-08-09T02:07:06.104+0000] {logging_mixin.py:188} INFO - [2024-08-09T02:07:06.103+0000] {dagbag.py:545} INFO - Filling up the DagBag from /home/airflow/.local/lib/python3.12/site-packages/airflow/example_dags/example_setup_teardown.py
[2024-08-09T02:07:06.119+0000] {processor.py:840} INFO - DAG(s) 'example_setup_teardown' retrieved from /home/airflow/.local/lib/python3.12/site-packages/airflow/example_dags/example_setup_teardown.py
[2024-08-09T02:07:06.168+0000] {logging_mixin.py:188} INFO - [2024-08-09T02:07:06.168+0000] {dag.py:3089} INFO - Sync 1 DAGs
[2024-08-09T02:07:06.201+0000] {logging_mixin.py:188} INFO - [2024-08-09T02:07:06.201+0000] {dag.py:3947} INFO - Setting next_dagrun for example_setup_teardown to 2024-08-08 00:00:00+00:00, run_after=2024-08-09 00:00:00+00:00
[2024-08-09T02:07:06.234+0000] {processor.py:183} INFO - Processing /home/airflow/.local/lib/python3.12/site-packages/airflow/example_dags/example_setup_teardown.py took 0.154 seconds
[2024-08-09T02:07:36.600+0000] {processor.py:161} INFO - Started process (PID=3768) to work on /home/airflow/.local/lib/python3.12/site-packages/airflow/example_dags/example_setup_teardown.py
[2024-08-09T02:07:36.603+0000] {processor.py:830} INFO - Processing file /home/airflow/.local/lib/python3.12/site-packages/airflow/example_dags/example_setup_teardown.py for tasks to queue
[2024-08-09T02:07:36.611+0000] {logging_mixin.py:188} INFO - [2024-08-09T02:07:36.610+0000] {dagbag.py:545} INFO - Filling up the DagBag from /home/airflow/.local/lib/python3.12/site-packages/airflow/example_dags/example_setup_teardown.py
[2024-08-09T02:07:36.635+0000] {processor.py:840} INFO - DAG(s) 'example_setup_teardown' retrieved from /home/airflow/.local/lib/python3.12/site-packages/airflow/example_dags/example_setup_teardown.py
[2024-08-09T02:07:36.701+0000] {logging_mixin.py:188} INFO - [2024-08-09T02:07:36.700+0000] {dag.py:3089} INFO - Sync 1 DAGs
[2024-08-09T02:07:36.771+0000] {logging_mixin.py:188} INFO - [2024-08-09T02:07:36.771+0000] {dag.py:3947} INFO - Setting next_dagrun for example_setup_teardown to 2024-08-08 00:00:00+00:00, run_after=2024-08-09 00:00:00+00:00
[2024-08-09T02:07:36.825+0000] {processor.py:183} INFO - Processing /home/airflow/.local/lib/python3.12/site-packages/airflow/example_dags/example_setup_teardown.py took 0.244 seconds
[2024-08-09T02:08:07.130+0000] {processor.py:161} INFO - Started process (PID=3826) to work on /home/airflow/.local/lib/python3.12/site-packages/airflow/example_dags/example_setup_teardown.py
[2024-08-09T02:08:07.132+0000] {processor.py:830} INFO - Processing file /home/airflow/.local/lib/python3.12/site-packages/airflow/example_dags/example_setup_teardown.py for tasks to queue
[2024-08-09T02:08:07.137+0000] {logging_mixin.py:188} INFO - [2024-08-09T02:08:07.136+0000] {dagbag.py:545} INFO - Filling up the DagBag from /home/airflow/.local/lib/python3.12/site-packages/airflow/example_dags/example_setup_teardown.py
[2024-08-09T02:08:07.154+0000] {processor.py:840} INFO - DAG(s) 'example_setup_teardown' retrieved from /home/airflow/.local/lib/python3.12/site-packages/airflow/example_dags/example_setup_teardown.py
[2024-08-09T02:08:07.204+0000] {logging_mixin.py:188} INFO - [2024-08-09T02:08:07.203+0000] {dag.py:3089} INFO - Sync 1 DAGs
[2024-08-09T02:08:07.242+0000] {logging_mixin.py:188} INFO - [2024-08-09T02:08:07.241+0000] {dag.py:3947} INFO - Setting next_dagrun for example_setup_teardown to 2024-08-08 00:00:00+00:00, run_after=2024-08-09 00:00:00+00:00
[2024-08-09T02:08:07.278+0000] {processor.py:183} INFO - Processing /home/airflow/.local/lib/python3.12/site-packages/airflow/example_dags/example_setup_teardown.py took 0.165 seconds
[2024-08-09T02:08:37.875+0000] {processor.py:161} INFO - Started process (PID=3884) to work on /home/airflow/.local/lib/python3.12/site-packages/airflow/example_dags/example_setup_teardown.py
[2024-08-09T02:08:37.878+0000] {processor.py:830} INFO - Processing file /home/airflow/.local/lib/python3.12/site-packages/airflow/example_dags/example_setup_teardown.py for tasks to queue
[2024-08-09T02:08:37.883+0000] {logging_mixin.py:188} INFO - [2024-08-09T02:08:37.883+0000] {dagbag.py:545} INFO - Filling up the DagBag from /home/airflow/.local/lib/python3.12/site-packages/airflow/example_dags/example_setup_teardown.py
[2024-08-09T02:08:37.904+0000] {processor.py:840} INFO - DAG(s) 'example_setup_teardown' retrieved from /home/airflow/.local/lib/python3.12/site-packages/airflow/example_dags/example_setup_teardown.py
[2024-08-09T02:08:37.968+0000] {logging_mixin.py:188} INFO - [2024-08-09T02:08:37.967+0000] {dag.py:3089} INFO - Sync 1 DAGs
[2024-08-09T02:08:38.018+0000] {logging_mixin.py:188} INFO - [2024-08-09T02:08:38.018+0000] {dag.py:3947} INFO - Setting next_dagrun for example_setup_teardown to 2024-08-08 00:00:00+00:00, run_after=2024-08-09 00:00:00+00:00
[2024-08-09T02:08:38.073+0000] {processor.py:183} INFO - Processing /home/airflow/.local/lib/python3.12/site-packages/airflow/example_dags/example_setup_teardown.py took 0.218 seconds
[2024-08-09T02:09:08.331+0000] {processor.py:161} INFO - Started process (PID=3942) to work on /home/airflow/.local/lib/python3.12/site-packages/airflow/example_dags/example_setup_teardown.py
[2024-08-09T02:09:08.334+0000] {processor.py:830} INFO - Processing file /home/airflow/.local/lib/python3.12/site-packages/airflow/example_dags/example_setup_teardown.py for tasks to queue
[2024-08-09T02:09:08.340+0000] {logging_mixin.py:188} INFO - [2024-08-09T02:09:08.339+0000] {dagbag.py:545} INFO - Filling up the DagBag from /home/airflow/.local/lib/python3.12/site-packages/airflow/example_dags/example_setup_teardown.py
[2024-08-09T02:09:08.365+0000] {processor.py:840} INFO - DAG(s) 'example_setup_teardown' retrieved from /home/airflow/.local/lib/python3.12/site-packages/airflow/example_dags/example_setup_teardown.py
[2024-08-09T02:09:08.413+0000] {logging_mixin.py:188} INFO - [2024-08-09T02:09:08.413+0000] {dag.py:3089} INFO - Sync 1 DAGs
[2024-08-09T02:09:08.448+0000] {logging_mixin.py:188} INFO - [2024-08-09T02:09:08.448+0000] {dag.py:3947} INFO - Setting next_dagrun for example_setup_teardown to 2024-08-08 00:00:00+00:00, run_after=2024-08-09 00:00:00+00:00
[2024-08-09T02:09:08.476+0000] {processor.py:183} INFO - Processing /home/airflow/.local/lib/python3.12/site-packages/airflow/example_dags/example_setup_teardown.py took 0.162 seconds
[2024-08-09T02:09:39.328+0000] {processor.py:161} INFO - Started process (PID=4000) to work on /home/airflow/.local/lib/python3.12/site-packages/airflow/example_dags/example_setup_teardown.py
[2024-08-09T02:09:39.334+0000] {processor.py:830} INFO - Processing file /home/airflow/.local/lib/python3.12/site-packages/airflow/example_dags/example_setup_teardown.py for tasks to queue
[2024-08-09T02:09:39.345+0000] {logging_mixin.py:188} INFO - [2024-08-09T02:09:39.343+0000] {dagbag.py:545} INFO - Filling up the DagBag from /home/airflow/.local/lib/python3.12/site-packages/airflow/example_dags/example_setup_teardown.py
[2024-08-09T02:09:39.377+0000] {processor.py:840} INFO - DAG(s) 'example_setup_teardown' retrieved from /home/airflow/.local/lib/python3.12/site-packages/airflow/example_dags/example_setup_teardown.py
[2024-08-09T02:09:39.556+0000] {logging_mixin.py:188} INFO - [2024-08-09T02:09:39.551+0000] {dag.py:3089} INFO - Sync 1 DAGs
[2024-08-09T02:09:39.666+0000] {logging_mixin.py:188} INFO - [2024-08-09T02:09:39.666+0000] {dag.py:3947} INFO - Setting next_dagrun for example_setup_teardown to 2024-08-08 00:00:00+00:00, run_after=2024-08-09 00:00:00+00:00
[2024-08-09T02:09:39.722+0000] {processor.py:183} INFO - Processing /home/airflow/.local/lib/python3.12/site-packages/airflow/example_dags/example_setup_teardown.py took 0.461 seconds
[2024-08-09T02:10:09.886+0000] {processor.py:161} INFO - Started process (PID=4058) to work on /home/airflow/.local/lib/python3.12/site-packages/airflow/example_dags/example_setup_teardown.py
[2024-08-09T02:10:09.893+0000] {processor.py:830} INFO - Processing file /home/airflow/.local/lib/python3.12/site-packages/airflow/example_dags/example_setup_teardown.py for tasks to queue
[2024-08-09T02:10:09.899+0000] {logging_mixin.py:188} INFO - [2024-08-09T02:10:09.899+0000] {dagbag.py:545} INFO - Filling up the DagBag from /home/airflow/.local/lib/python3.12/site-packages/airflow/example_dags/example_setup_teardown.py
[2024-08-09T02:10:09.921+0000] {processor.py:840} INFO - DAG(s) 'example_setup_teardown' retrieved from /home/airflow/.local/lib/python3.12/site-packages/airflow/example_dags/example_setup_teardown.py
[2024-08-09T02:10:09.989+0000] {logging_mixin.py:188} INFO - [2024-08-09T02:10:09.988+0000] {dag.py:3089} INFO - Sync 1 DAGs
[2024-08-09T02:10:10.072+0000] {logging_mixin.py:188} INFO - [2024-08-09T02:10:10.071+0000] {dag.py:3947} INFO - Setting next_dagrun for example_setup_teardown to 2024-08-08 00:00:00+00:00, run_after=2024-08-09 00:00:00+00:00
[2024-08-09T02:10:10.218+0000] {processor.py:183} INFO - Processing /home/airflow/.local/lib/python3.12/site-packages/airflow/example_dags/example_setup_teardown.py took 0.356 seconds
[2024-08-09T02:10:41.116+0000] {processor.py:161} INFO - Started process (PID=4115) to work on /home/airflow/.local/lib/python3.12/site-packages/airflow/example_dags/example_setup_teardown.py
[2024-08-09T02:10:41.125+0000] {processor.py:830} INFO - Processing file /home/airflow/.local/lib/python3.12/site-packages/airflow/example_dags/example_setup_teardown.py for tasks to queue
[2024-08-09T02:10:41.130+0000] {logging_mixin.py:188} INFO - [2024-08-09T02:10:41.130+0000] {dagbag.py:545} INFO - Filling up the DagBag from /home/airflow/.local/lib/python3.12/site-packages/airflow/example_dags/example_setup_teardown.py
[2024-08-09T02:10:41.153+0000] {processor.py:840} INFO - DAG(s) 'example_setup_teardown' retrieved from /home/airflow/.local/lib/python3.12/site-packages/airflow/example_dags/example_setup_teardown.py
[2024-08-09T02:10:41.440+0000] {logging_mixin.py:188} INFO - [2024-08-09T02:10:41.440+0000] {dag.py:3089} INFO - Sync 1 DAGs
[2024-08-09T02:10:41.575+0000] {logging_mixin.py:188} INFO - [2024-08-09T02:10:41.575+0000] {dag.py:3947} INFO - Setting next_dagrun for example_setup_teardown to 2024-08-08 00:00:00+00:00, run_after=2024-08-09 00:00:00+00:00
[2024-08-09T02:10:41.645+0000] {processor.py:183} INFO - Processing /home/airflow/.local/lib/python3.12/site-packages/airflow/example_dags/example_setup_teardown.py took 0.555 seconds
[2024-08-09T02:11:11.818+0000] {processor.py:161} INFO - Started process (PID=4173) to work on /home/airflow/.local/lib/python3.12/site-packages/airflow/example_dags/example_setup_teardown.py
[2024-08-09T02:11:11.822+0000] {processor.py:830} INFO - Processing file /home/airflow/.local/lib/python3.12/site-packages/airflow/example_dags/example_setup_teardown.py for tasks to queue
[2024-08-09T02:11:11.830+0000] {logging_mixin.py:188} INFO - [2024-08-09T02:11:11.829+0000] {dagbag.py:545} INFO - Filling up the DagBag from /home/airflow/.local/lib/python3.12/site-packages/airflow/example_dags/example_setup_teardown.py
[2024-08-09T02:11:11.850+0000] {processor.py:840} INFO - DAG(s) 'example_setup_teardown' retrieved from /home/airflow/.local/lib/python3.12/site-packages/airflow/example_dags/example_setup_teardown.py
[2024-08-09T02:11:11.935+0000] {logging_mixin.py:188} INFO - [2024-08-09T02:11:11.934+0000] {dag.py:3089} INFO - Sync 1 DAGs
[2024-08-09T02:11:12.025+0000] {logging_mixin.py:188} INFO - [2024-08-09T02:11:12.025+0000] {dag.py:3947} INFO - Setting next_dagrun for example_setup_teardown to 2024-08-08 00:00:00+00:00, run_after=2024-08-09 00:00:00+00:00
[2024-08-09T02:11:12.087+0000] {processor.py:183} INFO - Processing /home/airflow/.local/lib/python3.12/site-packages/airflow/example_dags/example_setup_teardown.py took 0.284 seconds
[2024-08-09T02:11:42.772+0000] {processor.py:161} INFO - Started process (PID=4231) to work on /home/airflow/.local/lib/python3.12/site-packages/airflow/example_dags/example_setup_teardown.py
[2024-08-09T02:11:42.779+0000] {processor.py:830} INFO - Processing file /home/airflow/.local/lib/python3.12/site-packages/airflow/example_dags/example_setup_teardown.py for tasks to queue
[2024-08-09T02:11:42.787+0000] {logging_mixin.py:188} INFO - [2024-08-09T02:11:42.784+0000] {dagbag.py:545} INFO - Filling up the DagBag from /home/airflow/.local/lib/python3.12/site-packages/airflow/example_dags/example_setup_teardown.py
[2024-08-09T02:11:42.810+0000] {processor.py:840} INFO - DAG(s) 'example_setup_teardown' retrieved from /home/airflow/.local/lib/python3.12/site-packages/airflow/example_dags/example_setup_teardown.py
[2024-08-09T02:11:42.897+0000] {logging_mixin.py:188} INFO - [2024-08-09T02:11:42.897+0000] {dag.py:3089} INFO - Sync 1 DAGs
[2024-08-09T02:11:43.000+0000] {logging_mixin.py:188} INFO - [2024-08-09T02:11:43.000+0000] {dag.py:3947} INFO - Setting next_dagrun for example_setup_teardown to 2024-08-08 00:00:00+00:00, run_after=2024-08-09 00:00:00+00:00
[2024-08-09T02:11:43.053+0000] {processor.py:183} INFO - Processing /home/airflow/.local/lib/python3.12/site-packages/airflow/example_dags/example_setup_teardown.py took 0.298 seconds
[2024-08-09T02:12:13.307+0000] {processor.py:161} INFO - Started process (PID=4289) to work on /home/airflow/.local/lib/python3.12/site-packages/airflow/example_dags/example_setup_teardown.py
[2024-08-09T02:12:13.310+0000] {processor.py:830} INFO - Processing file /home/airflow/.local/lib/python3.12/site-packages/airflow/example_dags/example_setup_teardown.py for tasks to queue
[2024-08-09T02:12:13.314+0000] {logging_mixin.py:188} INFO - [2024-08-09T02:12:13.314+0000] {dagbag.py:545} INFO - Filling up the DagBag from /home/airflow/.local/lib/python3.12/site-packages/airflow/example_dags/example_setup_teardown.py
[2024-08-09T02:12:13.331+0000] {processor.py:840} INFO - DAG(s) 'example_setup_teardown' retrieved from /home/airflow/.local/lib/python3.12/site-packages/airflow/example_dags/example_setup_teardown.py
[2024-08-09T02:12:13.397+0000] {logging_mixin.py:188} INFO - [2024-08-09T02:12:13.397+0000] {dag.py:3089} INFO - Sync 1 DAGs
[2024-08-09T02:12:13.453+0000] {logging_mixin.py:188} INFO - [2024-08-09T02:12:13.452+0000] {dag.py:3947} INFO - Setting next_dagrun for example_setup_teardown to 2024-08-08 00:00:00+00:00, run_after=2024-08-09 00:00:00+00:00
[2024-08-09T02:12:13.499+0000] {processor.py:183} INFO - Processing /home/airflow/.local/lib/python3.12/site-packages/airflow/example_dags/example_setup_teardown.py took 0.208 seconds
[2024-08-09T02:12:43.959+0000] {processor.py:161} INFO - Started process (PID=4347) to work on /home/airflow/.local/lib/python3.12/site-packages/airflow/example_dags/example_setup_teardown.py
[2024-08-09T02:12:43.963+0000] {processor.py:830} INFO - Processing file /home/airflow/.local/lib/python3.12/site-packages/airflow/example_dags/example_setup_teardown.py for tasks to queue
[2024-08-09T02:12:43.968+0000] {logging_mixin.py:188} INFO - [2024-08-09T02:12:43.967+0000] {dagbag.py:545} INFO - Filling up the DagBag from /home/airflow/.local/lib/python3.12/site-packages/airflow/example_dags/example_setup_teardown.py
[2024-08-09T02:12:43.985+0000] {processor.py:840} INFO - DAG(s) 'example_setup_teardown' retrieved from /home/airflow/.local/lib/python3.12/site-packages/airflow/example_dags/example_setup_teardown.py
[2024-08-09T02:12:44.066+0000] {logging_mixin.py:188} INFO - [2024-08-09T02:12:44.066+0000] {dag.py:3089} INFO - Sync 1 DAGs
[2024-08-09T02:12:44.136+0000] {logging_mixin.py:188} INFO - [2024-08-09T02:12:44.135+0000] {dag.py:3947} INFO - Setting next_dagrun for example_setup_teardown to 2024-08-08 00:00:00+00:00, run_after=2024-08-09 00:00:00+00:00
[2024-08-09T02:12:44.201+0000] {processor.py:183} INFO - Processing /home/airflow/.local/lib/python3.12/site-packages/airflow/example_dags/example_setup_teardown.py took 0.259 seconds
[2024-08-09T02:13:15.022+0000] {processor.py:161} INFO - Started process (PID=4404) to work on /home/airflow/.local/lib/python3.12/site-packages/airflow/example_dags/example_setup_teardown.py
[2024-08-09T02:13:15.024+0000] {processor.py:830} INFO - Processing file /home/airflow/.local/lib/python3.12/site-packages/airflow/example_dags/example_setup_teardown.py for tasks to queue
[2024-08-09T02:13:15.030+0000] {logging_mixin.py:188} INFO - [2024-08-09T02:13:15.029+0000] {dagbag.py:545} INFO - Filling up the DagBag from /home/airflow/.local/lib/python3.12/site-packages/airflow/example_dags/example_setup_teardown.py
[2024-08-09T02:13:15.051+0000] {processor.py:840} INFO - DAG(s) 'example_setup_teardown' retrieved from /home/airflow/.local/lib/python3.12/site-packages/airflow/example_dags/example_setup_teardown.py
[2024-08-09T02:13:15.106+0000] {logging_mixin.py:188} INFO - [2024-08-09T02:13:15.106+0000] {dag.py:3089} INFO - Sync 1 DAGs
[2024-08-09T02:13:15.150+0000] {logging_mixin.py:188} INFO - [2024-08-09T02:13:15.149+0000] {dag.py:3947} INFO - Setting next_dagrun for example_setup_teardown to 2024-08-08 00:00:00+00:00, run_after=2024-08-09 00:00:00+00:00
[2024-08-09T02:13:15.194+0000] {processor.py:183} INFO - Processing /home/airflow/.local/lib/python3.12/site-packages/airflow/example_dags/example_setup_teardown.py took 0.188 seconds
[2024-08-09T02:13:46.191+0000] {processor.py:161} INFO - Started process (PID=4462) to work on /home/airflow/.local/lib/python3.12/site-packages/airflow/example_dags/example_setup_teardown.py
[2024-08-09T02:13:46.199+0000] {processor.py:830} INFO - Processing file /home/airflow/.local/lib/python3.12/site-packages/airflow/example_dags/example_setup_teardown.py for tasks to queue
[2024-08-09T02:13:46.211+0000] {logging_mixin.py:188} INFO - [2024-08-09T02:13:46.208+0000] {dagbag.py:545} INFO - Filling up the DagBag from /home/airflow/.local/lib/python3.12/site-packages/airflow/example_dags/example_setup_teardown.py
[2024-08-09T02:13:46.284+0000] {processor.py:840} INFO - DAG(s) 'example_setup_teardown' retrieved from /home/airflow/.local/lib/python3.12/site-packages/airflow/example_dags/example_setup_teardown.py
[2024-08-09T02:13:46.422+0000] {logging_mixin.py:188} INFO - [2024-08-09T02:13:46.421+0000] {dag.py:3089} INFO - Sync 1 DAGs
[2024-08-09T02:13:46.493+0000] {logging_mixin.py:188} INFO - [2024-08-09T02:13:46.492+0000] {dag.py:3947} INFO - Setting next_dagrun for example_setup_teardown to 2024-08-08 00:00:00+00:00, run_after=2024-08-09 00:00:00+00:00
[2024-08-09T02:13:46.540+0000] {processor.py:183} INFO - Processing /home/airflow/.local/lib/python3.12/site-packages/airflow/example_dags/example_setup_teardown.py took 0.394 seconds
[2024-08-09T02:14:16.912+0000] {processor.py:161} INFO - Started process (PID=4520) to work on /home/airflow/.local/lib/python3.12/site-packages/airflow/example_dags/example_setup_teardown.py
[2024-08-09T02:14:16.918+0000] {processor.py:830} INFO - Processing file /home/airflow/.local/lib/python3.12/site-packages/airflow/example_dags/example_setup_teardown.py for tasks to queue
[2024-08-09T02:14:16.927+0000] {logging_mixin.py:188} INFO - [2024-08-09T02:14:16.926+0000] {dagbag.py:545} INFO - Filling up the DagBag from /home/airflow/.local/lib/python3.12/site-packages/airflow/example_dags/example_setup_teardown.py
[2024-08-09T02:14:16.963+0000] {processor.py:840} INFO - DAG(s) 'example_setup_teardown' retrieved from /home/airflow/.local/lib/python3.12/site-packages/airflow/example_dags/example_setup_teardown.py
[2024-08-09T02:14:17.106+0000] {logging_mixin.py:188} INFO - [2024-08-09T02:14:17.106+0000] {dag.py:3089} INFO - Sync 1 DAGs
[2024-08-09T02:14:17.195+0000] {logging_mixin.py:188} INFO - [2024-08-09T02:14:17.194+0000] {dag.py:3947} INFO - Setting next_dagrun for example_setup_teardown to 2024-08-08 00:00:00+00:00, run_after=2024-08-09 00:00:00+00:00
[2024-08-09T02:14:17.237+0000] {processor.py:183} INFO - Processing /home/airflow/.local/lib/python3.12/site-packages/airflow/example_dags/example_setup_teardown.py took 0.366 seconds
[2024-08-09T02:14:47.530+0000] {processor.py:161} INFO - Started process (PID=4578) to work on /home/airflow/.local/lib/python3.12/site-packages/airflow/example_dags/example_setup_teardown.py
[2024-08-09T02:14:47.537+0000] {processor.py:830} INFO - Processing file /home/airflow/.local/lib/python3.12/site-packages/airflow/example_dags/example_setup_teardown.py for tasks to queue
[2024-08-09T02:14:47.553+0000] {logging_mixin.py:188} INFO - [2024-08-09T02:14:47.552+0000] {dagbag.py:545} INFO - Filling up the DagBag from /home/airflow/.local/lib/python3.12/site-packages/airflow/example_dags/example_setup_teardown.py
[2024-08-09T02:14:47.595+0000] {processor.py:840} INFO - DAG(s) 'example_setup_teardown' retrieved from /home/airflow/.local/lib/python3.12/site-packages/airflow/example_dags/example_setup_teardown.py
[2024-08-09T02:14:47.695+0000] {logging_mixin.py:188} INFO - [2024-08-09T02:14:47.695+0000] {dag.py:3089} INFO - Sync 1 DAGs
[2024-08-09T02:14:47.752+0000] {logging_mixin.py:188} INFO - [2024-08-09T02:14:47.751+0000] {dag.py:3947} INFO - Setting next_dagrun for example_setup_teardown to 2024-08-08 00:00:00+00:00, run_after=2024-08-09 00:00:00+00:00
[2024-08-09T02:14:47.799+0000] {processor.py:183} INFO - Processing /home/airflow/.local/lib/python3.12/site-packages/airflow/example_dags/example_setup_teardown.py took 0.307 seconds
[2024-08-09T02:15:18.322+0000] {processor.py:161} INFO - Started process (PID=4636) to work on /home/airflow/.local/lib/python3.12/site-packages/airflow/example_dags/example_setup_teardown.py
[2024-08-09T02:15:18.325+0000] {processor.py:830} INFO - Processing file /home/airflow/.local/lib/python3.12/site-packages/airflow/example_dags/example_setup_teardown.py for tasks to queue
[2024-08-09T02:15:18.330+0000] {logging_mixin.py:188} INFO - [2024-08-09T02:15:18.329+0000] {dagbag.py:545} INFO - Filling up the DagBag from /home/airflow/.local/lib/python3.12/site-packages/airflow/example_dags/example_setup_teardown.py
[2024-08-09T02:15:18.347+0000] {processor.py:840} INFO - DAG(s) 'example_setup_teardown' retrieved from /home/airflow/.local/lib/python3.12/site-packages/airflow/example_dags/example_setup_teardown.py
[2024-08-09T02:15:18.402+0000] {logging_mixin.py:188} INFO - [2024-08-09T02:15:18.401+0000] {dag.py:3089} INFO - Sync 1 DAGs
[2024-08-09T02:15:18.445+0000] {logging_mixin.py:188} INFO - [2024-08-09T02:15:18.444+0000] {dag.py:3947} INFO - Setting next_dagrun for example_setup_teardown to 2024-08-08 00:00:00+00:00, run_after=2024-08-09 00:00:00+00:00
[2024-08-09T02:15:18.485+0000] {processor.py:183} INFO - Processing /home/airflow/.local/lib/python3.12/site-packages/airflow/example_dags/example_setup_teardown.py took 0.180 seconds
[2024-08-09T02:15:49.145+0000] {processor.py:161} INFO - Started process (PID=4694) to work on /home/airflow/.local/lib/python3.12/site-packages/airflow/example_dags/example_setup_teardown.py
[2024-08-09T02:15:49.149+0000] {processor.py:830} INFO - Processing file /home/airflow/.local/lib/python3.12/site-packages/airflow/example_dags/example_setup_teardown.py for tasks to queue
[2024-08-09T02:15:49.154+0000] {logging_mixin.py:188} INFO - [2024-08-09T02:15:49.153+0000] {dagbag.py:545} INFO - Filling up the DagBag from /home/airflow/.local/lib/python3.12/site-packages/airflow/example_dags/example_setup_teardown.py
[2024-08-09T02:15:49.173+0000] {processor.py:840} INFO - DAG(s) 'example_setup_teardown' retrieved from /home/airflow/.local/lib/python3.12/site-packages/airflow/example_dags/example_setup_teardown.py
[2024-08-09T02:15:49.236+0000] {logging_mixin.py:188} INFO - [2024-08-09T02:15:49.236+0000] {dag.py:3089} INFO - Sync 1 DAGs
[2024-08-09T02:15:49.285+0000] {logging_mixin.py:188} INFO - [2024-08-09T02:15:49.285+0000] {dag.py:3947} INFO - Setting next_dagrun for example_setup_teardown to 2024-08-08 00:00:00+00:00, run_after=2024-08-09 00:00:00+00:00
[2024-08-09T02:15:49.330+0000] {processor.py:183} INFO - Processing /home/airflow/.local/lib/python3.12/site-packages/airflow/example_dags/example_setup_teardown.py took 0.205 seconds
