[2024-08-09T01:42:29.870+0000] {processor.py:161} INFO - Started process (PID=990) to work on /home/airflow/.local/lib/python3.12/site-packages/airflow/example_dags/example_short_circuit_operator.py
[2024-08-09T01:42:29.873+0000] {processor.py:830} INFO - Processing file /home/airflow/.local/lib/python3.12/site-packages/airflow/example_dags/example_short_circuit_operator.py for tasks to queue
[2024-08-09T01:42:29.879+0000] {logging_mixin.py:188} INFO - [2024-08-09T01:42:29.877+0000] {dagbag.py:545} INFO - Filling up the DagBag from /home/airflow/.local/lib/python3.12/site-packages/airflow/example_dags/example_short_circuit_operator.py
[2024-08-09T01:42:29.909+0000] {processor.py:840} INFO - DAG(s) 'example_short_circuit_operator' retrieved from /home/airflow/.local/lib/python3.12/site-packages/airflow/example_dags/example_short_circuit_operator.py
[2024-08-09T01:42:30.023+0000] {logging_mixin.py:188} INFO - [2024-08-09T01:42:30.023+0000] {dag.py:3089} INFO - Sync 1 DAGs
[2024-08-09T01:42:30.076+0000] {logging_mixin.py:188} INFO - [2024-08-09T01:42:30.076+0000] {dag.py:3947} INFO - Setting next_dagrun for example_short_circuit_operator to 2024-08-08 00:00:00+00:00, run_after=2024-08-09 00:00:00+00:00
[2024-08-09T01:42:30.130+0000] {processor.py:183} INFO - Processing /home/airflow/.local/lib/python3.12/site-packages/airflow/example_dags/example_short_circuit_operator.py took 0.313 seconds
[2024-08-09T01:43:00.547+0000] {processor.py:161} INFO - Started process (PID=1049) to work on /home/airflow/.local/lib/python3.12/site-packages/airflow/example_dags/example_short_circuit_operator.py
[2024-08-09T01:43:00.550+0000] {processor.py:830} INFO - Processing file /home/airflow/.local/lib/python3.12/site-packages/airflow/example_dags/example_short_circuit_operator.py for tasks to queue
[2024-08-09T01:43:00.555+0000] {logging_mixin.py:188} INFO - [2024-08-09T01:43:00.554+0000] {dagbag.py:545} INFO - Filling up the DagBag from /home/airflow/.local/lib/python3.12/site-packages/airflow/example_dags/example_short_circuit_operator.py
[2024-08-09T01:43:00.580+0000] {processor.py:840} INFO - DAG(s) 'example_short_circuit_operator' retrieved from /home/airflow/.local/lib/python3.12/site-packages/airflow/example_dags/example_short_circuit_operator.py
[2024-08-09T01:43:00.649+0000] {logging_mixin.py:188} INFO - [2024-08-09T01:43:00.648+0000] {dag.py:3089} INFO - Sync 1 DAGs
[2024-08-09T01:43:00.740+0000] {logging_mixin.py:188} INFO - [2024-08-09T01:43:00.739+0000] {dag.py:3947} INFO - Setting next_dagrun for example_short_circuit_operator to 2024-08-08 00:00:00+00:00, run_after=2024-08-09 00:00:00+00:00
[2024-08-09T01:43:00.803+0000] {processor.py:183} INFO - Processing /home/airflow/.local/lib/python3.12/site-packages/airflow/example_dags/example_short_circuit_operator.py took 0.277 seconds
[2024-08-09T01:43:32.104+0000] {processor.py:161} INFO - Started process (PID=1107) to work on /home/airflow/.local/lib/python3.12/site-packages/airflow/example_dags/example_short_circuit_operator.py
[2024-08-09T01:43:32.106+0000] {processor.py:830} INFO - Processing file /home/airflow/.local/lib/python3.12/site-packages/airflow/example_dags/example_short_circuit_operator.py for tasks to queue
[2024-08-09T01:43:32.115+0000] {logging_mixin.py:188} INFO - [2024-08-09T01:43:32.114+0000] {dagbag.py:545} INFO - Filling up the DagBag from /home/airflow/.local/lib/python3.12/site-packages/airflow/example_dags/example_short_circuit_operator.py
[2024-08-09T01:43:32.157+0000] {processor.py:840} INFO - DAG(s) 'example_short_circuit_operator' retrieved from /home/airflow/.local/lib/python3.12/site-packages/airflow/example_dags/example_short_circuit_operator.py
[2024-08-09T01:43:32.252+0000] {logging_mixin.py:188} INFO - [2024-08-09T01:43:32.252+0000] {dag.py:3089} INFO - Sync 1 DAGs
[2024-08-09T01:43:32.302+0000] {logging_mixin.py:188} INFO - [2024-08-09T01:43:32.302+0000] {dag.py:3947} INFO - Setting next_dagrun for example_short_circuit_operator to 2024-08-08 00:00:00+00:00, run_after=2024-08-09 00:00:00+00:00
[2024-08-09T01:43:32.350+0000] {processor.py:183} INFO - Processing /home/airflow/.local/lib/python3.12/site-packages/airflow/example_dags/example_short_circuit_operator.py took 0.276 seconds
[2024-08-09T01:44:02.712+0000] {processor.py:161} INFO - Started process (PID=1165) to work on /home/airflow/.local/lib/python3.12/site-packages/airflow/example_dags/example_short_circuit_operator.py
[2024-08-09T01:44:02.719+0000] {processor.py:830} INFO - Processing file /home/airflow/.local/lib/python3.12/site-packages/airflow/example_dags/example_short_circuit_operator.py for tasks to queue
[2024-08-09T01:44:02.725+0000] {logging_mixin.py:188} INFO - [2024-08-09T01:44:02.723+0000] {dagbag.py:545} INFO - Filling up the DagBag from /home/airflow/.local/lib/python3.12/site-packages/airflow/example_dags/example_short_circuit_operator.py
[2024-08-09T01:44:02.756+0000] {processor.py:840} INFO - DAG(s) 'example_short_circuit_operator' retrieved from /home/airflow/.local/lib/python3.12/site-packages/airflow/example_dags/example_short_circuit_operator.py
[2024-08-09T01:44:02.842+0000] {logging_mixin.py:188} INFO - [2024-08-09T01:44:02.842+0000] {dag.py:3089} INFO - Sync 1 DAGs
[2024-08-09T01:44:02.922+0000] {logging_mixin.py:188} INFO - [2024-08-09T01:44:02.922+0000] {dag.py:3947} INFO - Setting next_dagrun for example_short_circuit_operator to 2024-08-08 00:00:00+00:00, run_after=2024-08-09 00:00:00+00:00
[2024-08-09T01:44:02.975+0000] {processor.py:183} INFO - Processing /home/airflow/.local/lib/python3.12/site-packages/airflow/example_dags/example_short_circuit_operator.py took 0.281 seconds
[2024-08-09T01:44:33.705+0000] {processor.py:161} INFO - Started process (PID=1223) to work on /home/airflow/.local/lib/python3.12/site-packages/airflow/example_dags/example_short_circuit_operator.py
[2024-08-09T01:44:33.712+0000] {processor.py:830} INFO - Processing file /home/airflow/.local/lib/python3.12/site-packages/airflow/example_dags/example_short_circuit_operator.py for tasks to queue
[2024-08-09T01:44:33.723+0000] {logging_mixin.py:188} INFO - [2024-08-09T01:44:33.720+0000] {dagbag.py:545} INFO - Filling up the DagBag from /home/airflow/.local/lib/python3.12/site-packages/airflow/example_dags/example_short_circuit_operator.py
[2024-08-09T01:44:33.768+0000] {processor.py:840} INFO - DAG(s) 'example_short_circuit_operator' retrieved from /home/airflow/.local/lib/python3.12/site-packages/airflow/example_dags/example_short_circuit_operator.py
[2024-08-09T01:44:33.902+0000] {logging_mixin.py:188} INFO - [2024-08-09T01:44:33.901+0000] {dag.py:3089} INFO - Sync 1 DAGs
[2024-08-09T01:44:33.977+0000] {logging_mixin.py:188} INFO - [2024-08-09T01:44:33.977+0000] {dag.py:3947} INFO - Setting next_dagrun for example_short_circuit_operator to 2024-08-08 00:00:00+00:00, run_after=2024-08-09 00:00:00+00:00
[2024-08-09T01:44:34.037+0000] {processor.py:183} INFO - Processing /home/airflow/.local/lib/python3.12/site-packages/airflow/example_dags/example_short_circuit_operator.py took 0.353 seconds
[2024-08-09T01:45:04.116+0000] {processor.py:161} INFO - Started process (PID=1281) to work on /home/airflow/.local/lib/python3.12/site-packages/airflow/example_dags/example_short_circuit_operator.py
[2024-08-09T01:45:04.118+0000] {processor.py:830} INFO - Processing file /home/airflow/.local/lib/python3.12/site-packages/airflow/example_dags/example_short_circuit_operator.py for tasks to queue
[2024-08-09T01:45:04.123+0000] {logging_mixin.py:188} INFO - [2024-08-09T01:45:04.122+0000] {dagbag.py:545} INFO - Filling up the DagBag from /home/airflow/.local/lib/python3.12/site-packages/airflow/example_dags/example_short_circuit_operator.py
[2024-08-09T01:45:04.140+0000] {processor.py:840} INFO - DAG(s) 'example_short_circuit_operator' retrieved from /home/airflow/.local/lib/python3.12/site-packages/airflow/example_dags/example_short_circuit_operator.py
[2024-08-09T01:45:04.195+0000] {logging_mixin.py:188} INFO - [2024-08-09T01:45:04.195+0000] {dag.py:3089} INFO - Sync 1 DAGs
[2024-08-09T01:45:04.232+0000] {logging_mixin.py:188} INFO - [2024-08-09T01:45:04.232+0000] {dag.py:3947} INFO - Setting next_dagrun for example_short_circuit_operator to 2024-08-08 00:00:00+00:00, run_after=2024-08-09 00:00:00+00:00
[2024-08-09T01:45:04.270+0000] {processor.py:183} INFO - Processing /home/airflow/.local/lib/python3.12/site-packages/airflow/example_dags/example_short_circuit_operator.py took 0.168 seconds
[2024-08-09T01:45:35.241+0000] {processor.py:161} INFO - Started process (PID=1338) to work on /home/airflow/.local/lib/python3.12/site-packages/airflow/example_dags/example_short_circuit_operator.py
[2024-08-09T01:45:35.245+0000] {processor.py:830} INFO - Processing file /home/airflow/.local/lib/python3.12/site-packages/airflow/example_dags/example_short_circuit_operator.py for tasks to queue
[2024-08-09T01:45:35.255+0000] {logging_mixin.py:188} INFO - [2024-08-09T01:45:35.253+0000] {dagbag.py:545} INFO - Filling up the DagBag from /home/airflow/.local/lib/python3.12/site-packages/airflow/example_dags/example_short_circuit_operator.py
[2024-08-09T01:45:35.288+0000] {processor.py:840} INFO - DAG(s) 'example_short_circuit_operator' retrieved from /home/airflow/.local/lib/python3.12/site-packages/airflow/example_dags/example_short_circuit_operator.py
[2024-08-09T01:45:35.365+0000] {logging_mixin.py:188} INFO - [2024-08-09T01:45:35.363+0000] {dag.py:3089} INFO - Sync 1 DAGs
[2024-08-09T01:45:35.428+0000] {logging_mixin.py:188} INFO - [2024-08-09T01:45:35.428+0000] {dag.py:3947} INFO - Setting next_dagrun for example_short_circuit_operator to 2024-08-08 00:00:00+00:00, run_after=2024-08-09 00:00:00+00:00
[2024-08-09T01:45:35.470+0000] {processor.py:183} INFO - Processing /home/airflow/.local/lib/python3.12/site-packages/airflow/example_dags/example_short_circuit_operator.py took 0.266 seconds
[2024-08-09T01:46:05.810+0000] {processor.py:161} INFO - Started process (PID=1396) to work on /home/airflow/.local/lib/python3.12/site-packages/airflow/example_dags/example_short_circuit_operator.py
[2024-08-09T01:46:05.813+0000] {processor.py:830} INFO - Processing file /home/airflow/.local/lib/python3.12/site-packages/airflow/example_dags/example_short_circuit_operator.py for tasks to queue
[2024-08-09T01:46:05.819+0000] {logging_mixin.py:188} INFO - [2024-08-09T01:46:05.817+0000] {dagbag.py:545} INFO - Filling up the DagBag from /home/airflow/.local/lib/python3.12/site-packages/airflow/example_dags/example_short_circuit_operator.py
[2024-08-09T01:46:05.838+0000] {processor.py:840} INFO - DAG(s) 'example_short_circuit_operator' retrieved from /home/airflow/.local/lib/python3.12/site-packages/airflow/example_dags/example_short_circuit_operator.py
[2024-08-09T01:46:05.903+0000] {logging_mixin.py:188} INFO - [2024-08-09T01:46:05.903+0000] {dag.py:3089} INFO - Sync 1 DAGs
[2024-08-09T01:46:05.980+0000] {logging_mixin.py:188} INFO - [2024-08-09T01:46:05.980+0000] {dag.py:3947} INFO - Setting next_dagrun for example_short_circuit_operator to 2024-08-08 00:00:00+00:00, run_after=2024-08-09 00:00:00+00:00
[2024-08-09T01:46:06.020+0000] {processor.py:183} INFO - Processing /home/airflow/.local/lib/python3.12/site-packages/airflow/example_dags/example_short_circuit_operator.py took 0.228 seconds
[2024-08-09T01:46:36.066+0000] {processor.py:161} INFO - Started process (PID=1453) to work on /home/airflow/.local/lib/python3.12/site-packages/airflow/example_dags/example_short_circuit_operator.py
[2024-08-09T01:46:36.069+0000] {processor.py:830} INFO - Processing file /home/airflow/.local/lib/python3.12/site-packages/airflow/example_dags/example_short_circuit_operator.py for tasks to queue
[2024-08-09T01:46:36.073+0000] {logging_mixin.py:188} INFO - [2024-08-09T01:46:36.073+0000] {dagbag.py:545} INFO - Filling up the DagBag from /home/airflow/.local/lib/python3.12/site-packages/airflow/example_dags/example_short_circuit_operator.py
[2024-08-09T01:46:36.099+0000] {processor.py:840} INFO - DAG(s) 'example_short_circuit_operator' retrieved from /home/airflow/.local/lib/python3.12/site-packages/airflow/example_dags/example_short_circuit_operator.py
[2024-08-09T01:46:36.152+0000] {logging_mixin.py:188} INFO - [2024-08-09T01:46:36.151+0000] {dag.py:3089} INFO - Sync 1 DAGs
[2024-08-09T01:46:36.201+0000] {logging_mixin.py:188} INFO - [2024-08-09T01:46:36.201+0000] {dag.py:3947} INFO - Setting next_dagrun for example_short_circuit_operator to 2024-08-08 00:00:00+00:00, run_after=2024-08-09 00:00:00+00:00
[2024-08-09T01:46:36.232+0000] {processor.py:183} INFO - Processing /home/airflow/.local/lib/python3.12/site-packages/airflow/example_dags/example_short_circuit_operator.py took 0.180 seconds
[2024-08-09T01:47:07.194+0000] {processor.py:161} INFO - Started process (PID=1511) to work on /home/airflow/.local/lib/python3.12/site-packages/airflow/example_dags/example_short_circuit_operator.py
[2024-08-09T01:47:07.206+0000] {processor.py:830} INFO - Processing file /home/airflow/.local/lib/python3.12/site-packages/airflow/example_dags/example_short_circuit_operator.py for tasks to queue
[2024-08-09T01:47:07.233+0000] {logging_mixin.py:188} INFO - [2024-08-09T01:47:07.231+0000] {dagbag.py:545} INFO - Filling up the DagBag from /home/airflow/.local/lib/python3.12/site-packages/airflow/example_dags/example_short_circuit_operator.py
[2024-08-09T01:47:07.296+0000] {processor.py:840} INFO - DAG(s) 'example_short_circuit_operator' retrieved from /home/airflow/.local/lib/python3.12/site-packages/airflow/example_dags/example_short_circuit_operator.py
[2024-08-09T01:47:07.505+0000] {logging_mixin.py:188} INFO - [2024-08-09T01:47:07.504+0000] {dag.py:3089} INFO - Sync 1 DAGs
[2024-08-09T01:47:07.623+0000] {logging_mixin.py:188} INFO - [2024-08-09T01:47:07.622+0000] {dag.py:3947} INFO - Setting next_dagrun for example_short_circuit_operator to 2024-08-08 00:00:00+00:00, run_after=2024-08-09 00:00:00+00:00
[2024-08-09T01:47:07.671+0000] {processor.py:183} INFO - Processing /home/airflow/.local/lib/python3.12/site-packages/airflow/example_dags/example_short_circuit_operator.py took 0.524 seconds
[2024-08-09T01:47:40.696+0000] {processor.py:161} INFO - Started process (PID=1569) to work on /home/airflow/.local/lib/python3.12/site-packages/airflow/example_dags/example_short_circuit_operator.py
[2024-08-09T01:47:40.701+0000] {processor.py:830} INFO - Processing file /home/airflow/.local/lib/python3.12/site-packages/airflow/example_dags/example_short_circuit_operator.py for tasks to queue
[2024-08-09T01:47:40.711+0000] {logging_mixin.py:188} INFO - [2024-08-09T01:47:40.709+0000] {dagbag.py:545} INFO - Filling up the DagBag from /home/airflow/.local/lib/python3.12/site-packages/airflow/example_dags/example_short_circuit_operator.py
[2024-08-09T01:47:40.738+0000] {processor.py:840} INFO - DAG(s) 'example_short_circuit_operator' retrieved from /home/airflow/.local/lib/python3.12/site-packages/airflow/example_dags/example_short_circuit_operator.py
[2024-08-09T01:47:40.838+0000] {logging_mixin.py:188} INFO - [2024-08-09T01:47:40.837+0000] {dag.py:3089} INFO - Sync 1 DAGs
[2024-08-09T01:47:40.908+0000] {logging_mixin.py:188} INFO - [2024-08-09T01:47:40.907+0000] {dag.py:3947} INFO - Setting next_dagrun for example_short_circuit_operator to 2024-08-08 00:00:00+00:00, run_after=2024-08-09 00:00:00+00:00
[2024-08-09T01:47:40.972+0000] {processor.py:183} INFO - Processing /home/airflow/.local/lib/python3.12/site-packages/airflow/example_dags/example_short_circuit_operator.py took 0.300 seconds
[2024-08-09T01:48:11.539+0000] {processor.py:161} INFO - Started process (PID=1627) to work on /home/airflow/.local/lib/python3.12/site-packages/airflow/example_dags/example_short_circuit_operator.py
[2024-08-09T01:48:11.541+0000] {processor.py:830} INFO - Processing file /home/airflow/.local/lib/python3.12/site-packages/airflow/example_dags/example_short_circuit_operator.py for tasks to queue
[2024-08-09T01:48:11.547+0000] {logging_mixin.py:188} INFO - [2024-08-09T01:48:11.546+0000] {dagbag.py:545} INFO - Filling up the DagBag from /home/airflow/.local/lib/python3.12/site-packages/airflow/example_dags/example_short_circuit_operator.py
[2024-08-09T01:48:11.569+0000] {processor.py:840} INFO - DAG(s) 'example_short_circuit_operator' retrieved from /home/airflow/.local/lib/python3.12/site-packages/airflow/example_dags/example_short_circuit_operator.py
[2024-08-09T01:48:11.638+0000] {logging_mixin.py:188} INFO - [2024-08-09T01:48:11.638+0000] {dag.py:3089} INFO - Sync 1 DAGs
[2024-08-09T01:48:11.685+0000] {logging_mixin.py:188} INFO - [2024-08-09T01:48:11.685+0000] {dag.py:3947} INFO - Setting next_dagrun for example_short_circuit_operator to 2024-08-08 00:00:00+00:00, run_after=2024-08-09 00:00:00+00:00
[2024-08-09T01:48:12.202+0000] {processor.py:183} INFO - Processing /home/airflow/.local/lib/python3.12/site-packages/airflow/example_dags/example_short_circuit_operator.py took 0.680 seconds
[2024-08-09T01:48:42.440+0000] {processor.py:161} INFO - Started process (PID=1685) to work on /home/airflow/.local/lib/python3.12/site-packages/airflow/example_dags/example_short_circuit_operator.py
[2024-08-09T01:48:42.444+0000] {processor.py:830} INFO - Processing file /home/airflow/.local/lib/python3.12/site-packages/airflow/example_dags/example_short_circuit_operator.py for tasks to queue
[2024-08-09T01:48:42.451+0000] {logging_mixin.py:188} INFO - [2024-08-09T01:48:42.450+0000] {dagbag.py:545} INFO - Filling up the DagBag from /home/airflow/.local/lib/python3.12/site-packages/airflow/example_dags/example_short_circuit_operator.py
[2024-08-09T01:48:42.479+0000] {processor.py:840} INFO - DAG(s) 'example_short_circuit_operator' retrieved from /home/airflow/.local/lib/python3.12/site-packages/airflow/example_dags/example_short_circuit_operator.py
[2024-08-09T01:48:42.564+0000] {logging_mixin.py:188} INFO - [2024-08-09T01:48:42.564+0000] {dag.py:3089} INFO - Sync 1 DAGs
[2024-08-09T01:48:42.633+0000] {logging_mixin.py:188} INFO - [2024-08-09T01:48:42.633+0000] {dag.py:3947} INFO - Setting next_dagrun for example_short_circuit_operator to 2024-08-08 00:00:00+00:00, run_after=2024-08-09 00:00:00+00:00
[2024-08-09T01:48:42.680+0000] {processor.py:183} INFO - Processing /home/airflow/.local/lib/python3.12/site-packages/airflow/example_dags/example_short_circuit_operator.py took 0.262 seconds
[2024-08-09T01:49:13.610+0000] {processor.py:161} INFO - Started process (PID=1743) to work on /home/airflow/.local/lib/python3.12/site-packages/airflow/example_dags/example_short_circuit_operator.py
[2024-08-09T01:49:13.615+0000] {processor.py:830} INFO - Processing file /home/airflow/.local/lib/python3.12/site-packages/airflow/example_dags/example_short_circuit_operator.py for tasks to queue
[2024-08-09T01:49:13.625+0000] {logging_mixin.py:188} INFO - [2024-08-09T01:49:13.624+0000] {dagbag.py:545} INFO - Filling up the DagBag from /home/airflow/.local/lib/python3.12/site-packages/airflow/example_dags/example_short_circuit_operator.py
[2024-08-09T01:49:13.657+0000] {processor.py:840} INFO - DAG(s) 'example_short_circuit_operator' retrieved from /home/airflow/.local/lib/python3.12/site-packages/airflow/example_dags/example_short_circuit_operator.py
[2024-08-09T01:49:13.745+0000] {logging_mixin.py:188} INFO - [2024-08-09T01:49:13.744+0000] {dag.py:3089} INFO - Sync 1 DAGs
[2024-08-09T01:49:13.812+0000] {logging_mixin.py:188} INFO - [2024-08-09T01:49:13.811+0000] {dag.py:3947} INFO - Setting next_dagrun for example_short_circuit_operator to 2024-08-08 00:00:00+00:00, run_after=2024-08-09 00:00:00+00:00
[2024-08-09T01:49:13.895+0000] {processor.py:183} INFO - Processing /home/airflow/.local/lib/python3.12/site-packages/airflow/example_dags/example_short_circuit_operator.py took 0.316 seconds
[2024-08-09T01:49:45.343+0000] {processor.py:161} INFO - Started process (PID=1801) to work on /home/airflow/.local/lib/python3.12/site-packages/airflow/example_dags/example_short_circuit_operator.py
[2024-08-09T01:49:45.346+0000] {processor.py:830} INFO - Processing file /home/airflow/.local/lib/python3.12/site-packages/airflow/example_dags/example_short_circuit_operator.py for tasks to queue
[2024-08-09T01:49:45.357+0000] {logging_mixin.py:188} INFO - [2024-08-09T01:49:45.354+0000] {dagbag.py:545} INFO - Filling up the DagBag from /home/airflow/.local/lib/python3.12/site-packages/airflow/example_dags/example_short_circuit_operator.py
[2024-08-09T01:49:45.394+0000] {processor.py:840} INFO - DAG(s) 'example_short_circuit_operator' retrieved from /home/airflow/.local/lib/python3.12/site-packages/airflow/example_dags/example_short_circuit_operator.py
[2024-08-09T01:49:45.516+0000] {logging_mixin.py:188} INFO - [2024-08-09T01:49:45.516+0000] {dag.py:3089} INFO - Sync 1 DAGs
[2024-08-09T01:49:45.610+0000] {logging_mixin.py:188} INFO - [2024-08-09T01:49:45.610+0000] {dag.py:3947} INFO - Setting next_dagrun for example_short_circuit_operator to 2024-08-08 00:00:00+00:00, run_after=2024-08-09 00:00:00+00:00
[2024-08-09T01:49:45.650+0000] {processor.py:183} INFO - Processing /home/airflow/.local/lib/python3.12/site-packages/airflow/example_dags/example_short_circuit_operator.py took 0.331 seconds
[2024-08-09T01:50:32.509+0000] {processor.py:161} INFO - Started process (PID=1854) to work on /home/airflow/.local/lib/python3.12/site-packages/airflow/example_dags/example_short_circuit_operator.py
[2024-08-09T01:50:32.513+0000] {processor.py:830} INFO - Processing file /home/airflow/.local/lib/python3.12/site-packages/airflow/example_dags/example_short_circuit_operator.py for tasks to queue
[2024-08-09T01:50:32.521+0000] {logging_mixin.py:188} INFO - [2024-08-09T01:50:32.520+0000] {dagbag.py:545} INFO - Filling up the DagBag from /home/airflow/.local/lib/python3.12/site-packages/airflow/example_dags/example_short_circuit_operator.py
[2024-08-09T01:50:33.678+0000] {processor.py:840} INFO - DAG(s) 'example_short_circuit_operator' retrieved from /home/airflow/.local/lib/python3.12/site-packages/airflow/example_dags/example_short_circuit_operator.py
[2024-08-09T01:50:33.778+0000] {logging_mixin.py:188} INFO - [2024-08-09T01:50:33.778+0000] {dag.py:3089} INFO - Sync 1 DAGs
[2024-08-09T01:50:33.849+0000] {logging_mixin.py:188} INFO - [2024-08-09T01:50:33.848+0000] {dag.py:3947} INFO - Setting next_dagrun for example_short_circuit_operator to 2024-08-08 00:00:00+00:00, run_after=2024-08-09 00:00:00+00:00
[2024-08-09T01:50:33.942+0000] {processor.py:183} INFO - Processing /home/airflow/.local/lib/python3.12/site-packages/airflow/example_dags/example_short_circuit_operator.py took 1.472 seconds
[2024-08-09T01:51:04.437+0000] {processor.py:161} INFO - Started process (PID=1912) to work on /home/airflow/.local/lib/python3.12/site-packages/airflow/example_dags/example_short_circuit_operator.py
[2024-08-09T01:51:04.447+0000] {processor.py:830} INFO - Processing file /home/airflow/.local/lib/python3.12/site-packages/airflow/example_dags/example_short_circuit_operator.py for tasks to queue
[2024-08-09T01:51:04.464+0000] {logging_mixin.py:188} INFO - [2024-08-09T01:51:04.462+0000] {dagbag.py:545} INFO - Filling up the DagBag from /home/airflow/.local/lib/python3.12/site-packages/airflow/example_dags/example_short_circuit_operator.py
[2024-08-09T01:51:04.535+0000] {processor.py:840} INFO - DAG(s) 'example_short_circuit_operator' retrieved from /home/airflow/.local/lib/python3.12/site-packages/airflow/example_dags/example_short_circuit_operator.py
[2024-08-09T01:51:04.779+0000] {logging_mixin.py:188} INFO - [2024-08-09T01:51:04.778+0000] {dag.py:3089} INFO - Sync 1 DAGs
[2024-08-09T01:51:04.932+0000] {logging_mixin.py:188} INFO - [2024-08-09T01:51:04.932+0000] {dag.py:3947} INFO - Setting next_dagrun for example_short_circuit_operator to 2024-08-08 00:00:00+00:00, run_after=2024-08-09 00:00:00+00:00
[2024-08-09T01:51:05.023+0000] {processor.py:183} INFO - Processing /home/airflow/.local/lib/python3.12/site-packages/airflow/example_dags/example_short_circuit_operator.py took 0.623 seconds
[2024-08-09T01:51:35.199+0000] {processor.py:161} INFO - Started process (PID=1969) to work on /home/airflow/.local/lib/python3.12/site-packages/airflow/example_dags/example_short_circuit_operator.py
[2024-08-09T01:51:35.206+0000] {processor.py:830} INFO - Processing file /home/airflow/.local/lib/python3.12/site-packages/airflow/example_dags/example_short_circuit_operator.py for tasks to queue
[2024-08-09T01:51:35.225+0000] {logging_mixin.py:188} INFO - [2024-08-09T01:51:35.222+0000] {dagbag.py:545} INFO - Filling up the DagBag from /home/airflow/.local/lib/python3.12/site-packages/airflow/example_dags/example_short_circuit_operator.py
[2024-08-09T01:51:35.283+0000] {processor.py:840} INFO - DAG(s) 'example_short_circuit_operator' retrieved from /home/airflow/.local/lib/python3.12/site-packages/airflow/example_dags/example_short_circuit_operator.py
[2024-08-09T01:51:35.363+0000] {logging_mixin.py:188} INFO - [2024-08-09T01:51:35.362+0000] {dag.py:3089} INFO - Sync 1 DAGs
[2024-08-09T01:51:35.453+0000] {logging_mixin.py:188} INFO - [2024-08-09T01:51:35.452+0000] {dag.py:3947} INFO - Setting next_dagrun for example_short_circuit_operator to 2024-08-08 00:00:00+00:00, run_after=2024-08-09 00:00:00+00:00
[2024-08-09T01:51:35.504+0000] {processor.py:183} INFO - Processing /home/airflow/.local/lib/python3.12/site-packages/airflow/example_dags/example_short_circuit_operator.py took 0.346 seconds
[2024-08-09T01:52:05.573+0000] {processor.py:161} INFO - Started process (PID=2027) to work on /home/airflow/.local/lib/python3.12/site-packages/airflow/example_dags/example_short_circuit_operator.py
[2024-08-09T01:52:05.576+0000] {processor.py:830} INFO - Processing file /home/airflow/.local/lib/python3.12/site-packages/airflow/example_dags/example_short_circuit_operator.py for tasks to queue
[2024-08-09T01:52:05.581+0000] {logging_mixin.py:188} INFO - [2024-08-09T01:52:05.580+0000] {dagbag.py:545} INFO - Filling up the DagBag from /home/airflow/.local/lib/python3.12/site-packages/airflow/example_dags/example_short_circuit_operator.py
[2024-08-09T01:52:05.598+0000] {processor.py:840} INFO - DAG(s) 'example_short_circuit_operator' retrieved from /home/airflow/.local/lib/python3.12/site-packages/airflow/example_dags/example_short_circuit_operator.py
[2024-08-09T01:52:05.652+0000] {logging_mixin.py:188} INFO - [2024-08-09T01:52:05.651+0000] {dag.py:3089} INFO - Sync 1 DAGs
[2024-08-09T01:52:05.691+0000] {logging_mixin.py:188} INFO - [2024-08-09T01:52:05.691+0000] {dag.py:3947} INFO - Setting next_dagrun for example_short_circuit_operator to 2024-08-08 00:00:00+00:00, run_after=2024-08-09 00:00:00+00:00
[2024-08-09T01:52:05.730+0000] {processor.py:183} INFO - Processing /home/airflow/.local/lib/python3.12/site-packages/airflow/example_dags/example_short_circuit_operator.py took 0.176 seconds
[2024-08-09T01:52:36.106+0000] {processor.py:161} INFO - Started process (PID=2085) to work on /home/airflow/.local/lib/python3.12/site-packages/airflow/example_dags/example_short_circuit_operator.py
[2024-08-09T01:52:36.109+0000] {processor.py:830} INFO - Processing file /home/airflow/.local/lib/python3.12/site-packages/airflow/example_dags/example_short_circuit_operator.py for tasks to queue
[2024-08-09T01:52:36.114+0000] {logging_mixin.py:188} INFO - [2024-08-09T01:52:36.113+0000] {dagbag.py:545} INFO - Filling up the DagBag from /home/airflow/.local/lib/python3.12/site-packages/airflow/example_dags/example_short_circuit_operator.py
[2024-08-09T01:52:36.130+0000] {processor.py:840} INFO - DAG(s) 'example_short_circuit_operator' retrieved from /home/airflow/.local/lib/python3.12/site-packages/airflow/example_dags/example_short_circuit_operator.py
[2024-08-09T01:52:36.188+0000] {logging_mixin.py:188} INFO - [2024-08-09T01:52:36.187+0000] {dag.py:3089} INFO - Sync 1 DAGs
[2024-08-09T01:52:36.230+0000] {logging_mixin.py:188} INFO - [2024-08-09T01:52:36.229+0000] {dag.py:3947} INFO - Setting next_dagrun for example_short_circuit_operator to 2024-08-08 00:00:00+00:00, run_after=2024-08-09 00:00:00+00:00
[2024-08-09T01:52:36.266+0000] {processor.py:183} INFO - Processing /home/airflow/.local/lib/python3.12/site-packages/airflow/example_dags/example_short_circuit_operator.py took 0.176 seconds
[2024-08-09T01:53:06.794+0000] {processor.py:161} INFO - Started process (PID=2142) to work on /home/airflow/.local/lib/python3.12/site-packages/airflow/example_dags/example_short_circuit_operator.py
[2024-08-09T01:53:06.795+0000] {processor.py:830} INFO - Processing file /home/airflow/.local/lib/python3.12/site-packages/airflow/example_dags/example_short_circuit_operator.py for tasks to queue
[2024-08-09T01:53:06.800+0000] {logging_mixin.py:188} INFO - [2024-08-09T01:53:06.799+0000] {dagbag.py:545} INFO - Filling up the DagBag from /home/airflow/.local/lib/python3.12/site-packages/airflow/example_dags/example_short_circuit_operator.py
[2024-08-09T01:53:06.818+0000] {processor.py:840} INFO - DAG(s) 'example_short_circuit_operator' retrieved from /home/airflow/.local/lib/python3.12/site-packages/airflow/example_dags/example_short_circuit_operator.py
[2024-08-09T01:53:06.880+0000] {logging_mixin.py:188} INFO - [2024-08-09T01:53:06.880+0000] {dag.py:3089} INFO - Sync 1 DAGs
[2024-08-09T01:53:06.928+0000] {logging_mixin.py:188} INFO - [2024-08-09T01:53:06.927+0000] {dag.py:3947} INFO - Setting next_dagrun for example_short_circuit_operator to 2024-08-08 00:00:00+00:00, run_after=2024-08-09 00:00:00+00:00
[2024-08-09T01:53:06.993+0000] {processor.py:183} INFO - Processing /home/airflow/.local/lib/python3.12/site-packages/airflow/example_dags/example_short_circuit_operator.py took 0.217 seconds
[2024-08-09T01:53:40.345+0000] {processor.py:161} INFO - Started process (PID=2200) to work on /home/airflow/.local/lib/python3.12/site-packages/airflow/example_dags/example_short_circuit_operator.py
[2024-08-09T01:53:40.352+0000] {processor.py:830} INFO - Processing file /home/airflow/.local/lib/python3.12/site-packages/airflow/example_dags/example_short_circuit_operator.py for tasks to queue
[2024-08-09T01:53:40.366+0000] {logging_mixin.py:188} INFO - [2024-08-09T01:53:40.365+0000] {dagbag.py:545} INFO - Filling up the DagBag from /home/airflow/.local/lib/python3.12/site-packages/airflow/example_dags/example_short_circuit_operator.py
[2024-08-09T01:53:40.405+0000] {processor.py:840} INFO - DAG(s) 'example_short_circuit_operator' retrieved from /home/airflow/.local/lib/python3.12/site-packages/airflow/example_dags/example_short_circuit_operator.py
[2024-08-09T01:53:40.520+0000] {logging_mixin.py:188} INFO - [2024-08-09T01:53:40.520+0000] {dag.py:3089} INFO - Sync 1 DAGs
[2024-08-09T01:53:40.579+0000] {logging_mixin.py:188} INFO - [2024-08-09T01:53:40.579+0000] {dag.py:3947} INFO - Setting next_dagrun for example_short_circuit_operator to 2024-08-08 00:00:00+00:00, run_after=2024-08-09 00:00:00+00:00
[2024-08-09T01:53:40.635+0000] {processor.py:183} INFO - Processing /home/airflow/.local/lib/python3.12/site-packages/airflow/example_dags/example_short_circuit_operator.py took 0.348 seconds
[2024-08-09T01:54:13.909+0000] {processor.py:161} INFO - Started process (PID=2258) to work on /home/airflow/.local/lib/python3.12/site-packages/airflow/example_dags/example_short_circuit_operator.py
[2024-08-09T01:54:13.916+0000] {processor.py:830} INFO - Processing file /home/airflow/.local/lib/python3.12/site-packages/airflow/example_dags/example_short_circuit_operator.py for tasks to queue
[2024-08-09T01:54:13.943+0000] {logging_mixin.py:188} INFO - [2024-08-09T01:54:13.942+0000] {dagbag.py:545} INFO - Filling up the DagBag from /home/airflow/.local/lib/python3.12/site-packages/airflow/example_dags/example_short_circuit_operator.py
[2024-08-09T01:54:13.999+0000] {processor.py:840} INFO - DAG(s) 'example_short_circuit_operator' retrieved from /home/airflow/.local/lib/python3.12/site-packages/airflow/example_dags/example_short_circuit_operator.py
[2024-08-09T01:54:14.249+0000] {logging_mixin.py:188} INFO - [2024-08-09T01:54:14.248+0000] {dag.py:3089} INFO - Sync 1 DAGs
[2024-08-09T01:54:14.515+0000] {logging_mixin.py:188} INFO - [2024-08-09T01:54:14.514+0000] {dag.py:3947} INFO - Setting next_dagrun for example_short_circuit_operator to 2024-08-08 00:00:00+00:00, run_after=2024-08-09 00:00:00+00:00
[2024-08-09T01:54:14.754+0000] {processor.py:183} INFO - Processing /home/airflow/.local/lib/python3.12/site-packages/airflow/example_dags/example_short_circuit_operator.py took 0.924 seconds
[2024-08-09T01:54:45.453+0000] {processor.py:161} INFO - Started process (PID=2316) to work on /home/airflow/.local/lib/python3.12/site-packages/airflow/example_dags/example_short_circuit_operator.py
[2024-08-09T01:54:45.456+0000] {processor.py:830} INFO - Processing file /home/airflow/.local/lib/python3.12/site-packages/airflow/example_dags/example_short_circuit_operator.py for tasks to queue
[2024-08-09T01:54:45.463+0000] {logging_mixin.py:188} INFO - [2024-08-09T01:54:45.462+0000] {dagbag.py:545} INFO - Filling up the DagBag from /home/airflow/.local/lib/python3.12/site-packages/airflow/example_dags/example_short_circuit_operator.py
[2024-08-09T01:54:45.513+0000] {processor.py:840} INFO - DAG(s) 'example_short_circuit_operator' retrieved from /home/airflow/.local/lib/python3.12/site-packages/airflow/example_dags/example_short_circuit_operator.py
[2024-08-09T01:54:45.657+0000] {logging_mixin.py:188} INFO - [2024-08-09T01:54:45.653+0000] {dag.py:3089} INFO - Sync 1 DAGs
[2024-08-09T01:54:45.736+0000] {logging_mixin.py:188} INFO - [2024-08-09T01:54:45.735+0000] {dag.py:3947} INFO - Setting next_dagrun for example_short_circuit_operator to 2024-08-08 00:00:00+00:00, run_after=2024-08-09 00:00:00+00:00
[2024-08-09T01:54:45.869+0000] {processor.py:183} INFO - Processing /home/airflow/.local/lib/python3.12/site-packages/airflow/example_dags/example_short_circuit_operator.py took 0.443 seconds
[2024-08-09T01:55:16.481+0000] {processor.py:161} INFO - Started process (PID=2374) to work on /home/airflow/.local/lib/python3.12/site-packages/airflow/example_dags/example_short_circuit_operator.py
[2024-08-09T01:55:16.484+0000] {processor.py:830} INFO - Processing file /home/airflow/.local/lib/python3.12/site-packages/airflow/example_dags/example_short_circuit_operator.py for tasks to queue
[2024-08-09T01:55:16.490+0000] {logging_mixin.py:188} INFO - [2024-08-09T01:55:16.489+0000] {dagbag.py:545} INFO - Filling up the DagBag from /home/airflow/.local/lib/python3.12/site-packages/airflow/example_dags/example_short_circuit_operator.py
[2024-08-09T01:55:16.510+0000] {processor.py:840} INFO - DAG(s) 'example_short_circuit_operator' retrieved from /home/airflow/.local/lib/python3.12/site-packages/airflow/example_dags/example_short_circuit_operator.py
[2024-08-09T01:55:16.576+0000] {logging_mixin.py:188} INFO - [2024-08-09T01:55:16.576+0000] {dag.py:3089} INFO - Sync 1 DAGs
[2024-08-09T01:55:16.617+0000] {logging_mixin.py:188} INFO - [2024-08-09T01:55:16.617+0000] {dag.py:3947} INFO - Setting next_dagrun for example_short_circuit_operator to 2024-08-08 00:00:00+00:00, run_after=2024-08-09 00:00:00+00:00
[2024-08-09T01:55:16.653+0000] {processor.py:183} INFO - Processing /home/airflow/.local/lib/python3.12/site-packages/airflow/example_dags/example_short_circuit_operator.py took 0.190 seconds
[2024-08-09T01:55:46.726+0000] {processor.py:161} INFO - Started process (PID=2432) to work on /home/airflow/.local/lib/python3.12/site-packages/airflow/example_dags/example_short_circuit_operator.py
[2024-08-09T01:55:46.729+0000] {processor.py:830} INFO - Processing file /home/airflow/.local/lib/python3.12/site-packages/airflow/example_dags/example_short_circuit_operator.py for tasks to queue
[2024-08-09T01:55:46.735+0000] {logging_mixin.py:188} INFO - [2024-08-09T01:55:46.734+0000] {dagbag.py:545} INFO - Filling up the DagBag from /home/airflow/.local/lib/python3.12/site-packages/airflow/example_dags/example_short_circuit_operator.py
[2024-08-09T01:55:46.756+0000] {processor.py:840} INFO - DAG(s) 'example_short_circuit_operator' retrieved from /home/airflow/.local/lib/python3.12/site-packages/airflow/example_dags/example_short_circuit_operator.py
[2024-08-09T01:55:46.838+0000] {logging_mixin.py:188} INFO - [2024-08-09T01:55:46.837+0000] {dag.py:3089} INFO - Sync 1 DAGs
[2024-08-09T01:55:46.923+0000] {logging_mixin.py:188} INFO - [2024-08-09T01:55:46.923+0000] {dag.py:3947} INFO - Setting next_dagrun for example_short_circuit_operator to 2024-08-08 00:00:00+00:00, run_after=2024-08-09 00:00:00+00:00
[2024-08-09T01:55:46.976+0000] {processor.py:183} INFO - Processing /home/airflow/.local/lib/python3.12/site-packages/airflow/example_dags/example_short_circuit_operator.py took 0.266 seconds
[2024-08-09T01:56:17.068+0000] {processor.py:161} INFO - Started process (PID=2490) to work on /home/airflow/.local/lib/python3.12/site-packages/airflow/example_dags/example_short_circuit_operator.py
[2024-08-09T01:56:17.071+0000] {processor.py:830} INFO - Processing file /home/airflow/.local/lib/python3.12/site-packages/airflow/example_dags/example_short_circuit_operator.py for tasks to queue
[2024-08-09T01:56:17.076+0000] {logging_mixin.py:188} INFO - [2024-08-09T01:56:17.075+0000] {dagbag.py:545} INFO - Filling up the DagBag from /home/airflow/.local/lib/python3.12/site-packages/airflow/example_dags/example_short_circuit_operator.py
[2024-08-09T01:56:17.094+0000] {processor.py:840} INFO - DAG(s) 'example_short_circuit_operator' retrieved from /home/airflow/.local/lib/python3.12/site-packages/airflow/example_dags/example_short_circuit_operator.py
[2024-08-09T01:56:17.151+0000] {logging_mixin.py:188} INFO - [2024-08-09T01:56:17.151+0000] {dag.py:3089} INFO - Sync 1 DAGs
[2024-08-09T01:56:17.192+0000] {logging_mixin.py:188} INFO - [2024-08-09T01:56:17.192+0000] {dag.py:3947} INFO - Setting next_dagrun for example_short_circuit_operator to 2024-08-08 00:00:00+00:00, run_after=2024-08-09 00:00:00+00:00
[2024-08-09T01:56:17.232+0000] {processor.py:183} INFO - Processing /home/airflow/.local/lib/python3.12/site-packages/airflow/example_dags/example_short_circuit_operator.py took 0.180 seconds
[2024-08-09T01:56:48.247+0000] {processor.py:161} INFO - Started process (PID=2548) to work on /home/airflow/.local/lib/python3.12/site-packages/airflow/example_dags/example_short_circuit_operator.py
[2024-08-09T01:56:48.252+0000] {processor.py:830} INFO - Processing file /home/airflow/.local/lib/python3.12/site-packages/airflow/example_dags/example_short_circuit_operator.py for tasks to queue
[2024-08-09T01:56:48.264+0000] {logging_mixin.py:188} INFO - [2024-08-09T01:56:48.260+0000] {dagbag.py:545} INFO - Filling up the DagBag from /home/airflow/.local/lib/python3.12/site-packages/airflow/example_dags/example_short_circuit_operator.py
[2024-08-09T01:56:48.358+0000] {processor.py:840} INFO - DAG(s) 'example_short_circuit_operator' retrieved from /home/airflow/.local/lib/python3.12/site-packages/airflow/example_dags/example_short_circuit_operator.py
[2024-08-09T01:56:48.465+0000] {logging_mixin.py:188} INFO - [2024-08-09T01:56:48.463+0000] {dag.py:3089} INFO - Sync 1 DAGs
[2024-08-09T01:56:48.569+0000] {logging_mixin.py:188} INFO - [2024-08-09T01:56:48.569+0000] {dag.py:3947} INFO - Setting next_dagrun for example_short_circuit_operator to 2024-08-08 00:00:00+00:00, run_after=2024-08-09 00:00:00+00:00
[2024-08-09T01:56:48.658+0000] {processor.py:183} INFO - Processing /home/airflow/.local/lib/python3.12/site-packages/airflow/example_dags/example_short_circuit_operator.py took 0.461 seconds
[2024-08-09T01:57:19.126+0000] {processor.py:161} INFO - Started process (PID=2606) to work on /home/airflow/.local/lib/python3.12/site-packages/airflow/example_dags/example_short_circuit_operator.py
[2024-08-09T01:57:19.131+0000] {processor.py:830} INFO - Processing file /home/airflow/.local/lib/python3.12/site-packages/airflow/example_dags/example_short_circuit_operator.py for tasks to queue
[2024-08-09T01:57:19.149+0000] {logging_mixin.py:188} INFO - [2024-08-09T01:57:19.146+0000] {dagbag.py:545} INFO - Filling up the DagBag from /home/airflow/.local/lib/python3.12/site-packages/airflow/example_dags/example_short_circuit_operator.py
[2024-08-09T01:57:19.209+0000] {processor.py:840} INFO - DAG(s) 'example_short_circuit_operator' retrieved from /home/airflow/.local/lib/python3.12/site-packages/airflow/example_dags/example_short_circuit_operator.py
[2024-08-09T01:57:19.408+0000] {logging_mixin.py:188} INFO - [2024-08-09T01:57:19.392+0000] {dag.py:3089} INFO - Sync 1 DAGs
[2024-08-09T01:57:19.557+0000] {logging_mixin.py:188} INFO - [2024-08-09T01:57:19.556+0000] {dag.py:3947} INFO - Setting next_dagrun for example_short_circuit_operator to 2024-08-08 00:00:00+00:00, run_after=2024-08-09 00:00:00+00:00
[2024-08-09T01:57:19.689+0000] {processor.py:183} INFO - Processing /home/airflow/.local/lib/python3.12/site-packages/airflow/example_dags/example_short_circuit_operator.py took 0.643 seconds
[2024-08-09T01:57:49.846+0000] {processor.py:161} INFO - Started process (PID=2664) to work on /home/airflow/.local/lib/python3.12/site-packages/airflow/example_dags/example_short_circuit_operator.py
[2024-08-09T01:57:49.855+0000] {processor.py:830} INFO - Processing file /home/airflow/.local/lib/python3.12/site-packages/airflow/example_dags/example_short_circuit_operator.py for tasks to queue
[2024-08-09T01:57:49.868+0000] {logging_mixin.py:188} INFO - [2024-08-09T01:57:49.863+0000] {dagbag.py:545} INFO - Filling up the DagBag from /home/airflow/.local/lib/python3.12/site-packages/airflow/example_dags/example_short_circuit_operator.py
[2024-08-09T01:57:49.916+0000] {processor.py:840} INFO - DAG(s) 'example_short_circuit_operator' retrieved from /home/airflow/.local/lib/python3.12/site-packages/airflow/example_dags/example_short_circuit_operator.py
[2024-08-09T01:57:50.020+0000] {logging_mixin.py:188} INFO - [2024-08-09T01:57:50.019+0000] {dag.py:3089} INFO - Sync 1 DAGs
[2024-08-09T01:57:50.107+0000] {logging_mixin.py:188} INFO - [2024-08-09T01:57:50.106+0000] {dag.py:3947} INFO - Setting next_dagrun for example_short_circuit_operator to 2024-08-08 00:00:00+00:00, run_after=2024-08-09 00:00:00+00:00
[2024-08-09T01:57:50.221+0000] {processor.py:183} INFO - Processing /home/airflow/.local/lib/python3.12/site-packages/airflow/example_dags/example_short_circuit_operator.py took 0.418 seconds
[2024-08-09T01:58:21.047+0000] {processor.py:161} INFO - Started process (PID=2722) to work on /home/airflow/.local/lib/python3.12/site-packages/airflow/example_dags/example_short_circuit_operator.py
[2024-08-09T01:58:21.057+0000] {processor.py:830} INFO - Processing file /home/airflow/.local/lib/python3.12/site-packages/airflow/example_dags/example_short_circuit_operator.py for tasks to queue
[2024-08-09T01:58:21.071+0000] {logging_mixin.py:188} INFO - [2024-08-09T01:58:21.069+0000] {dagbag.py:545} INFO - Filling up the DagBag from /home/airflow/.local/lib/python3.12/site-packages/airflow/example_dags/example_short_circuit_operator.py
[2024-08-09T01:58:21.125+0000] {processor.py:840} INFO - DAG(s) 'example_short_circuit_operator' retrieved from /home/airflow/.local/lib/python3.12/site-packages/airflow/example_dags/example_short_circuit_operator.py
[2024-08-09T01:58:21.255+0000] {logging_mixin.py:188} INFO - [2024-08-09T01:58:21.255+0000] {dag.py:3089} INFO - Sync 1 DAGs
[2024-08-09T01:58:21.326+0000] {logging_mixin.py:188} INFO - [2024-08-09T01:58:21.325+0000] {dag.py:3947} INFO - Setting next_dagrun for example_short_circuit_operator to 2024-08-08 00:00:00+00:00, run_after=2024-08-09 00:00:00+00:00
[2024-08-09T01:58:21.378+0000] {processor.py:183} INFO - Processing /home/airflow/.local/lib/python3.12/site-packages/airflow/example_dags/example_short_circuit_operator.py took 0.409 seconds
[2024-08-09T01:58:51.936+0000] {processor.py:161} INFO - Started process (PID=2780) to work on /home/airflow/.local/lib/python3.12/site-packages/airflow/example_dags/example_short_circuit_operator.py
[2024-08-09T01:58:51.939+0000] {processor.py:830} INFO - Processing file /home/airflow/.local/lib/python3.12/site-packages/airflow/example_dags/example_short_circuit_operator.py for tasks to queue
[2024-08-09T01:58:51.945+0000] {logging_mixin.py:188} INFO - [2024-08-09T01:58:51.944+0000] {dagbag.py:545} INFO - Filling up the DagBag from /home/airflow/.local/lib/python3.12/site-packages/airflow/example_dags/example_short_circuit_operator.py
[2024-08-09T01:58:51.965+0000] {processor.py:840} INFO - DAG(s) 'example_short_circuit_operator' retrieved from /home/airflow/.local/lib/python3.12/site-packages/airflow/example_dags/example_short_circuit_operator.py
[2024-08-09T01:58:52.052+0000] {logging_mixin.py:188} INFO - [2024-08-09T01:58:52.052+0000] {dag.py:3089} INFO - Sync 1 DAGs
[2024-08-09T01:58:52.150+0000] {logging_mixin.py:188} INFO - [2024-08-09T01:58:52.149+0000] {dag.py:3947} INFO - Setting next_dagrun for example_short_circuit_operator to 2024-08-08 00:00:00+00:00, run_after=2024-08-09 00:00:00+00:00
[2024-08-09T01:58:52.200+0000] {processor.py:183} INFO - Processing /home/airflow/.local/lib/python3.12/site-packages/airflow/example_dags/example_short_circuit_operator.py took 0.284 seconds
[2024-08-09T01:59:22.915+0000] {processor.py:161} INFO - Started process (PID=2838) to work on /home/airflow/.local/lib/python3.12/site-packages/airflow/example_dags/example_short_circuit_operator.py
[2024-08-09T01:59:22.921+0000] {processor.py:830} INFO - Processing file /home/airflow/.local/lib/python3.12/site-packages/airflow/example_dags/example_short_circuit_operator.py for tasks to queue
[2024-08-09T01:59:22.929+0000] {logging_mixin.py:188} INFO - [2024-08-09T01:59:22.926+0000] {dagbag.py:545} INFO - Filling up the DagBag from /home/airflow/.local/lib/python3.12/site-packages/airflow/example_dags/example_short_circuit_operator.py
[2024-08-09T01:59:22.958+0000] {processor.py:840} INFO - DAG(s) 'example_short_circuit_operator' retrieved from /home/airflow/.local/lib/python3.12/site-packages/airflow/example_dags/example_short_circuit_operator.py
[2024-08-09T01:59:23.062+0000] {logging_mixin.py:188} INFO - [2024-08-09T01:59:23.061+0000] {dag.py:3089} INFO - Sync 1 DAGs
[2024-08-09T01:59:23.124+0000] {logging_mixin.py:188} INFO - [2024-08-09T01:59:23.123+0000] {dag.py:3947} INFO - Setting next_dagrun for example_short_circuit_operator to 2024-08-08 00:00:00+00:00, run_after=2024-08-09 00:00:00+00:00
[2024-08-09T01:59:23.180+0000] {processor.py:183} INFO - Processing /home/airflow/.local/lib/python3.12/site-packages/airflow/example_dags/example_short_circuit_operator.py took 0.300 seconds
[2024-08-09T01:59:53.418+0000] {processor.py:161} INFO - Started process (PID=2896) to work on /home/airflow/.local/lib/python3.12/site-packages/airflow/example_dags/example_short_circuit_operator.py
[2024-08-09T01:59:53.422+0000] {processor.py:830} INFO - Processing file /home/airflow/.local/lib/python3.12/site-packages/airflow/example_dags/example_short_circuit_operator.py for tasks to queue
[2024-08-09T01:59:53.428+0000] {logging_mixin.py:188} INFO - [2024-08-09T01:59:53.427+0000] {dagbag.py:545} INFO - Filling up the DagBag from /home/airflow/.local/lib/python3.12/site-packages/airflow/example_dags/example_short_circuit_operator.py
[2024-08-09T01:59:53.453+0000] {processor.py:840} INFO - DAG(s) 'example_short_circuit_operator' retrieved from /home/airflow/.local/lib/python3.12/site-packages/airflow/example_dags/example_short_circuit_operator.py
[2024-08-09T01:59:53.520+0000] {logging_mixin.py:188} INFO - [2024-08-09T01:59:53.520+0000] {dag.py:3089} INFO - Sync 1 DAGs
[2024-08-09T01:59:53.567+0000] {logging_mixin.py:188} INFO - [2024-08-09T01:59:53.566+0000] {dag.py:3947} INFO - Setting next_dagrun for example_short_circuit_operator to 2024-08-08 00:00:00+00:00, run_after=2024-08-09 00:00:00+00:00
[2024-08-09T01:59:53.621+0000] {processor.py:183} INFO - Processing /home/airflow/.local/lib/python3.12/site-packages/airflow/example_dags/example_short_circuit_operator.py took 0.227 seconds
[2024-08-09T02:00:24.423+0000] {processor.py:161} INFO - Started process (PID=2953) to work on /home/airflow/.local/lib/python3.12/site-packages/airflow/example_dags/example_short_circuit_operator.py
[2024-08-09T02:00:24.426+0000] {processor.py:830} INFO - Processing file /home/airflow/.local/lib/python3.12/site-packages/airflow/example_dags/example_short_circuit_operator.py for tasks to queue
[2024-08-09T02:00:24.432+0000] {logging_mixin.py:188} INFO - [2024-08-09T02:00:24.431+0000] {dagbag.py:545} INFO - Filling up the DagBag from /home/airflow/.local/lib/python3.12/site-packages/airflow/example_dags/example_short_circuit_operator.py
[2024-08-09T02:00:24.454+0000] {processor.py:840} INFO - DAG(s) 'example_short_circuit_operator' retrieved from /home/airflow/.local/lib/python3.12/site-packages/airflow/example_dags/example_short_circuit_operator.py
[2024-08-09T02:00:24.556+0000] {logging_mixin.py:188} INFO - [2024-08-09T02:00:24.556+0000] {dag.py:3089} INFO - Sync 1 DAGs
[2024-08-09T02:00:24.650+0000] {logging_mixin.py:188} INFO - [2024-08-09T02:00:24.647+0000] {dag.py:3947} INFO - Setting next_dagrun for example_short_circuit_operator to 2024-08-08 00:00:00+00:00, run_after=2024-08-09 00:00:00+00:00
[2024-08-09T02:00:24.698+0000] {processor.py:183} INFO - Processing /home/airflow/.local/lib/python3.12/site-packages/airflow/example_dags/example_short_circuit_operator.py took 0.296 seconds
[2024-08-09T02:00:55.563+0000] {processor.py:161} INFO - Started process (PID=3011) to work on /home/airflow/.local/lib/python3.12/site-packages/airflow/example_dags/example_short_circuit_operator.py
[2024-08-09T02:00:55.566+0000] {processor.py:830} INFO - Processing file /home/airflow/.local/lib/python3.12/site-packages/airflow/example_dags/example_short_circuit_operator.py for tasks to queue
[2024-08-09T02:00:55.570+0000] {logging_mixin.py:188} INFO - [2024-08-09T02:00:55.569+0000] {dagbag.py:545} INFO - Filling up the DagBag from /home/airflow/.local/lib/python3.12/site-packages/airflow/example_dags/example_short_circuit_operator.py
[2024-08-09T02:00:55.587+0000] {processor.py:840} INFO - DAG(s) 'example_short_circuit_operator' retrieved from /home/airflow/.local/lib/python3.12/site-packages/airflow/example_dags/example_short_circuit_operator.py
[2024-08-09T02:00:55.636+0000] {logging_mixin.py:188} INFO - [2024-08-09T02:00:55.636+0000] {dag.py:3089} INFO - Sync 1 DAGs
[2024-08-09T02:00:55.678+0000] {logging_mixin.py:188} INFO - [2024-08-09T02:00:55.678+0000] {dag.py:3947} INFO - Setting next_dagrun for example_short_circuit_operator to 2024-08-08 00:00:00+00:00, run_after=2024-08-09 00:00:00+00:00
[2024-08-09T02:00:55.747+0000] {processor.py:183} INFO - Processing /home/airflow/.local/lib/python3.12/site-packages/airflow/example_dags/example_short_circuit_operator.py took 0.199 seconds
[2024-08-09T02:01:26.029+0000] {processor.py:161} INFO - Started process (PID=3069) to work on /home/airflow/.local/lib/python3.12/site-packages/airflow/example_dags/example_short_circuit_operator.py
[2024-08-09T02:01:26.032+0000] {processor.py:830} INFO - Processing file /home/airflow/.local/lib/python3.12/site-packages/airflow/example_dags/example_short_circuit_operator.py for tasks to queue
[2024-08-09T02:01:26.037+0000] {logging_mixin.py:188} INFO - [2024-08-09T02:01:26.036+0000] {dagbag.py:545} INFO - Filling up the DagBag from /home/airflow/.local/lib/python3.12/site-packages/airflow/example_dags/example_short_circuit_operator.py
[2024-08-09T02:01:26.053+0000] {processor.py:840} INFO - DAG(s) 'example_short_circuit_operator' retrieved from /home/airflow/.local/lib/python3.12/site-packages/airflow/example_dags/example_short_circuit_operator.py
[2024-08-09T02:01:26.103+0000] {logging_mixin.py:188} INFO - [2024-08-09T02:01:26.102+0000] {dag.py:3089} INFO - Sync 1 DAGs
[2024-08-09T02:01:26.138+0000] {logging_mixin.py:188} INFO - [2024-08-09T02:01:26.138+0000] {dag.py:3947} INFO - Setting next_dagrun for example_short_circuit_operator to 2024-08-08 00:00:00+00:00, run_after=2024-08-09 00:00:00+00:00
[2024-08-09T02:01:26.167+0000] {processor.py:183} INFO - Processing /home/airflow/.local/lib/python3.12/site-packages/airflow/example_dags/example_short_circuit_operator.py took 0.153 seconds
[2024-08-09T02:01:56.699+0000] {processor.py:161} INFO - Started process (PID=3127) to work on /home/airflow/.local/lib/python3.12/site-packages/airflow/example_dags/example_short_circuit_operator.py
[2024-08-09T02:01:56.702+0000] {processor.py:830} INFO - Processing file /home/airflow/.local/lib/python3.12/site-packages/airflow/example_dags/example_short_circuit_operator.py for tasks to queue
[2024-08-09T02:01:56.707+0000] {logging_mixin.py:188} INFO - [2024-08-09T02:01:56.707+0000] {dagbag.py:545} INFO - Filling up the DagBag from /home/airflow/.local/lib/python3.12/site-packages/airflow/example_dags/example_short_circuit_operator.py
[2024-08-09T02:01:56.735+0000] {processor.py:840} INFO - DAG(s) 'example_short_circuit_operator' retrieved from /home/airflow/.local/lib/python3.12/site-packages/airflow/example_dags/example_short_circuit_operator.py
[2024-08-09T02:01:56.838+0000] {logging_mixin.py:188} INFO - [2024-08-09T02:01:56.838+0000] {dag.py:3089} INFO - Sync 1 DAGs
[2024-08-09T02:01:56.907+0000] {logging_mixin.py:188} INFO - [2024-08-09T02:01:56.906+0000] {dag.py:3947} INFO - Setting next_dagrun for example_short_circuit_operator to 2024-08-08 00:00:00+00:00, run_after=2024-08-09 00:00:00+00:00
[2024-08-09T02:01:56.956+0000] {processor.py:183} INFO - Processing /home/airflow/.local/lib/python3.12/site-packages/airflow/example_dags/example_short_circuit_operator.py took 0.275 seconds
[2024-08-09T02:02:27.122+0000] {processor.py:161} INFO - Started process (PID=3185) to work on /home/airflow/.local/lib/python3.12/site-packages/airflow/example_dags/example_short_circuit_operator.py
[2024-08-09T02:02:27.840+0000] {processor.py:830} INFO - Processing file /home/airflow/.local/lib/python3.12/site-packages/airflow/example_dags/example_short_circuit_operator.py for tasks to queue
[2024-08-09T02:02:27.847+0000] {logging_mixin.py:188} INFO - [2024-08-09T02:02:27.846+0000] {dagbag.py:545} INFO - Filling up the DagBag from /home/airflow/.local/lib/python3.12/site-packages/airflow/example_dags/example_short_circuit_operator.py
[2024-08-09T02:02:27.900+0000] {processor.py:840} INFO - DAG(s) 'example_short_circuit_operator' retrieved from /home/airflow/.local/lib/python3.12/site-packages/airflow/example_dags/example_short_circuit_operator.py
[2024-08-09T02:02:27.998+0000] {logging_mixin.py:188} INFO - [2024-08-09T02:02:27.998+0000] {dag.py:3089} INFO - Sync 1 DAGs
[2024-08-09T02:02:28.063+0000] {logging_mixin.py:188} INFO - [2024-08-09T02:02:28.063+0000] {dag.py:3947} INFO - Setting next_dagrun for example_short_circuit_operator to 2024-08-08 00:00:00+00:00, run_after=2024-08-09 00:00:00+00:00
[2024-08-09T02:02:28.099+0000] {processor.py:183} INFO - Processing /home/airflow/.local/lib/python3.12/site-packages/airflow/example_dags/example_short_circuit_operator.py took 0.994 seconds
[2024-08-09T02:02:59.116+0000] {processor.py:161} INFO - Started process (PID=3249) to work on /home/airflow/.local/lib/python3.12/site-packages/airflow/example_dags/example_short_circuit_operator.py
[2024-08-09T02:02:59.119+0000] {processor.py:830} INFO - Processing file /home/airflow/.local/lib/python3.12/site-packages/airflow/example_dags/example_short_circuit_operator.py for tasks to queue
[2024-08-09T02:02:59.123+0000] {logging_mixin.py:188} INFO - [2024-08-09T02:02:59.122+0000] {dagbag.py:545} INFO - Filling up the DagBag from /home/airflow/.local/lib/python3.12/site-packages/airflow/example_dags/example_short_circuit_operator.py
[2024-08-09T02:02:59.139+0000] {processor.py:840} INFO - DAG(s) 'example_short_circuit_operator' retrieved from /home/airflow/.local/lib/python3.12/site-packages/airflow/example_dags/example_short_circuit_operator.py
[2024-08-09T02:02:59.192+0000] {logging_mixin.py:188} INFO - [2024-08-09T02:02:59.191+0000] {dag.py:3089} INFO - Sync 1 DAGs
[2024-08-09T02:02:59.231+0000] {logging_mixin.py:188} INFO - [2024-08-09T02:02:59.231+0000] {dag.py:3947} INFO - Setting next_dagrun for example_short_circuit_operator to 2024-08-08 00:00:00+00:00, run_after=2024-08-09 00:00:00+00:00
[2024-08-09T02:02:59.267+0000] {processor.py:183} INFO - Processing /home/airflow/.local/lib/python3.12/site-packages/airflow/example_dags/example_short_circuit_operator.py took 0.166 seconds
[2024-08-09T02:03:29.970+0000] {processor.py:161} INFO - Started process (PID=3306) to work on /home/airflow/.local/lib/python3.12/site-packages/airflow/example_dags/example_short_circuit_operator.py
[2024-08-09T02:03:29.973+0000] {processor.py:830} INFO - Processing file /home/airflow/.local/lib/python3.12/site-packages/airflow/example_dags/example_short_circuit_operator.py for tasks to queue
[2024-08-09T02:03:29.979+0000] {logging_mixin.py:188} INFO - [2024-08-09T02:03:29.977+0000] {dagbag.py:545} INFO - Filling up the DagBag from /home/airflow/.local/lib/python3.12/site-packages/airflow/example_dags/example_short_circuit_operator.py
[2024-08-09T02:03:29.996+0000] {processor.py:840} INFO - DAG(s) 'example_short_circuit_operator' retrieved from /home/airflow/.local/lib/python3.12/site-packages/airflow/example_dags/example_short_circuit_operator.py
[2024-08-09T02:03:30.057+0000] {logging_mixin.py:188} INFO - [2024-08-09T02:03:30.057+0000] {dag.py:3089} INFO - Sync 1 DAGs
[2024-08-09T02:03:30.107+0000] {logging_mixin.py:188} INFO - [2024-08-09T02:03:30.107+0000] {dag.py:3947} INFO - Setting next_dagrun for example_short_circuit_operator to 2024-08-08 00:00:00+00:00, run_after=2024-08-09 00:00:00+00:00
[2024-08-09T02:03:30.171+0000] {processor.py:183} INFO - Processing /home/airflow/.local/lib/python3.12/site-packages/airflow/example_dags/example_short_circuit_operator.py took 0.226 seconds
[2024-08-09T02:04:00.485+0000] {processor.py:161} INFO - Started process (PID=3364) to work on /home/airflow/.local/lib/python3.12/site-packages/airflow/example_dags/example_short_circuit_operator.py
[2024-08-09T02:04:00.490+0000] {processor.py:830} INFO - Processing file /home/airflow/.local/lib/python3.12/site-packages/airflow/example_dags/example_short_circuit_operator.py for tasks to queue
[2024-08-09T02:04:00.497+0000] {logging_mixin.py:188} INFO - [2024-08-09T02:04:00.496+0000] {dagbag.py:545} INFO - Filling up the DagBag from /home/airflow/.local/lib/python3.12/site-packages/airflow/example_dags/example_short_circuit_operator.py
[2024-08-09T02:04:00.529+0000] {processor.py:840} INFO - DAG(s) 'example_short_circuit_operator' retrieved from /home/airflow/.local/lib/python3.12/site-packages/airflow/example_dags/example_short_circuit_operator.py
[2024-08-09T02:04:00.684+0000] {logging_mixin.py:188} INFO - [2024-08-09T02:04:00.684+0000] {dag.py:3089} INFO - Sync 1 DAGs
[2024-08-09T02:04:00.797+0000] {logging_mixin.py:188} INFO - [2024-08-09T02:04:00.795+0000] {dag.py:3947} INFO - Setting next_dagrun for example_short_circuit_operator to 2024-08-08 00:00:00+00:00, run_after=2024-08-09 00:00:00+00:00
[2024-08-09T02:04:00.907+0000] {processor.py:183} INFO - Processing /home/airflow/.local/lib/python3.12/site-packages/airflow/example_dags/example_short_circuit_operator.py took 0.481 seconds
[2024-08-09T02:04:31.339+0000] {processor.py:161} INFO - Started process (PID=3422) to work on /home/airflow/.local/lib/python3.12/site-packages/airflow/example_dags/example_short_circuit_operator.py
[2024-08-09T02:04:31.342+0000] {processor.py:830} INFO - Processing file /home/airflow/.local/lib/python3.12/site-packages/airflow/example_dags/example_short_circuit_operator.py for tasks to queue
[2024-08-09T02:04:31.348+0000] {logging_mixin.py:188} INFO - [2024-08-09T02:04:31.347+0000] {dagbag.py:545} INFO - Filling up the DagBag from /home/airflow/.local/lib/python3.12/site-packages/airflow/example_dags/example_short_circuit_operator.py
[2024-08-09T02:04:31.373+0000] {processor.py:840} INFO - DAG(s) 'example_short_circuit_operator' retrieved from /home/airflow/.local/lib/python3.12/site-packages/airflow/example_dags/example_short_circuit_operator.py
[2024-08-09T02:04:31.450+0000] {logging_mixin.py:188} INFO - [2024-08-09T02:04:31.449+0000] {dag.py:3089} INFO - Sync 1 DAGs
[2024-08-09T02:04:31.502+0000] {logging_mixin.py:188} INFO - [2024-08-09T02:04:31.502+0000] {dag.py:3947} INFO - Setting next_dagrun for example_short_circuit_operator to 2024-08-08 00:00:00+00:00, run_after=2024-08-09 00:00:00+00:00
[2024-08-09T02:04:31.541+0000] {processor.py:183} INFO - Processing /home/airflow/.local/lib/python3.12/site-packages/airflow/example_dags/example_short_circuit_operator.py took 0.217 seconds
[2024-08-09T02:05:02.264+0000] {processor.py:161} INFO - Started process (PID=3480) to work on /home/airflow/.local/lib/python3.12/site-packages/airflow/example_dags/example_short_circuit_operator.py
[2024-08-09T02:05:02.268+0000] {processor.py:830} INFO - Processing file /home/airflow/.local/lib/python3.12/site-packages/airflow/example_dags/example_short_circuit_operator.py for tasks to queue
[2024-08-09T02:05:02.272+0000] {logging_mixin.py:188} INFO - [2024-08-09T02:05:02.271+0000] {dagbag.py:545} INFO - Filling up the DagBag from /home/airflow/.local/lib/python3.12/site-packages/airflow/example_dags/example_short_circuit_operator.py
[2024-08-09T02:05:02.289+0000] {processor.py:840} INFO - DAG(s) 'example_short_circuit_operator' retrieved from /home/airflow/.local/lib/python3.12/site-packages/airflow/example_dags/example_short_circuit_operator.py
[2024-08-09T02:05:02.343+0000] {logging_mixin.py:188} INFO - [2024-08-09T02:05:02.343+0000] {dag.py:3089} INFO - Sync 1 DAGs
[2024-08-09T02:05:02.380+0000] {logging_mixin.py:188} INFO - [2024-08-09T02:05:02.380+0000] {dag.py:3947} INFO - Setting next_dagrun for example_short_circuit_operator to 2024-08-08 00:00:00+00:00, run_after=2024-08-09 00:00:00+00:00
[2024-08-09T02:05:02.412+0000] {processor.py:183} INFO - Processing /home/airflow/.local/lib/python3.12/site-packages/airflow/example_dags/example_short_circuit_operator.py took 0.165 seconds
[2024-08-09T02:05:32.649+0000] {processor.py:161} INFO - Started process (PID=3538) to work on /home/airflow/.local/lib/python3.12/site-packages/airflow/example_dags/example_short_circuit_operator.py
[2024-08-09T02:05:32.656+0000] {processor.py:830} INFO - Processing file /home/airflow/.local/lib/python3.12/site-packages/airflow/example_dags/example_short_circuit_operator.py for tasks to queue
[2024-08-09T02:05:32.665+0000] {logging_mixin.py:188} INFO - [2024-08-09T02:05:32.664+0000] {dagbag.py:545} INFO - Filling up the DagBag from /home/airflow/.local/lib/python3.12/site-packages/airflow/example_dags/example_short_circuit_operator.py
[2024-08-09T02:05:32.707+0000] {processor.py:840} INFO - DAG(s) 'example_short_circuit_operator' retrieved from /home/airflow/.local/lib/python3.12/site-packages/airflow/example_dags/example_short_circuit_operator.py
[2024-08-09T02:05:32.821+0000] {logging_mixin.py:188} INFO - [2024-08-09T02:05:32.820+0000] {dag.py:3089} INFO - Sync 1 DAGs
[2024-08-09T02:05:32.927+0000] {logging_mixin.py:188} INFO - [2024-08-09T02:05:32.926+0000] {dag.py:3947} INFO - Setting next_dagrun for example_short_circuit_operator to 2024-08-08 00:00:00+00:00, run_after=2024-08-09 00:00:00+00:00
[2024-08-09T02:05:33.000+0000] {processor.py:183} INFO - Processing /home/airflow/.local/lib/python3.12/site-packages/airflow/example_dags/example_short_circuit_operator.py took 0.384 seconds
[2024-08-09T02:06:03.687+0000] {processor.py:161} INFO - Started process (PID=3596) to work on /home/airflow/.local/lib/python3.12/site-packages/airflow/example_dags/example_short_circuit_operator.py
[2024-08-09T02:06:03.704+0000] {processor.py:830} INFO - Processing file /home/airflow/.local/lib/python3.12/site-packages/airflow/example_dags/example_short_circuit_operator.py for tasks to queue
[2024-08-09T02:06:03.715+0000] {logging_mixin.py:188} INFO - [2024-08-09T02:06:03.715+0000] {dagbag.py:545} INFO - Filling up the DagBag from /home/airflow/.local/lib/python3.12/site-packages/airflow/example_dags/example_short_circuit_operator.py
[2024-08-09T02:06:03.746+0000] {processor.py:840} INFO - DAG(s) 'example_short_circuit_operator' retrieved from /home/airflow/.local/lib/python3.12/site-packages/airflow/example_dags/example_short_circuit_operator.py
[2024-08-09T02:06:03.866+0000] {logging_mixin.py:188} INFO - [2024-08-09T02:06:03.866+0000] {dag.py:3089} INFO - Sync 1 DAGs
[2024-08-09T02:06:03.934+0000] {logging_mixin.py:188} INFO - [2024-08-09T02:06:03.932+0000] {dag.py:3947} INFO - Setting next_dagrun for example_short_circuit_operator to 2024-08-08 00:00:00+00:00, run_after=2024-08-09 00:00:00+00:00
[2024-08-09T02:06:04.014+0000] {processor.py:183} INFO - Processing /home/airflow/.local/lib/python3.12/site-packages/airflow/example_dags/example_short_circuit_operator.py took 0.398 seconds
[2024-08-09T02:06:34.802+0000] {processor.py:161} INFO - Started process (PID=3652) to work on /home/airflow/.local/lib/python3.12/site-packages/airflow/example_dags/example_short_circuit_operator.py
[2024-08-09T02:06:34.810+0000] {processor.py:830} INFO - Processing file /home/airflow/.local/lib/python3.12/site-packages/airflow/example_dags/example_short_circuit_operator.py for tasks to queue
[2024-08-09T02:06:34.831+0000] {logging_mixin.py:188} INFO - [2024-08-09T02:06:34.826+0000] {dagbag.py:545} INFO - Filling up the DagBag from /home/airflow/.local/lib/python3.12/site-packages/airflow/example_dags/example_short_circuit_operator.py
[2024-08-09T02:06:34.887+0000] {processor.py:840} INFO - DAG(s) 'example_short_circuit_operator' retrieved from /home/airflow/.local/lib/python3.12/site-packages/airflow/example_dags/example_short_circuit_operator.py
[2024-08-09T02:06:35.039+0000] {logging_mixin.py:188} INFO - [2024-08-09T02:06:35.039+0000] {dag.py:3089} INFO - Sync 1 DAGs
[2024-08-09T02:06:35.111+0000] {logging_mixin.py:188} INFO - [2024-08-09T02:06:35.111+0000] {dag.py:3947} INFO - Setting next_dagrun for example_short_circuit_operator to 2024-08-08 00:00:00+00:00, run_after=2024-08-09 00:00:00+00:00
[2024-08-09T02:06:35.144+0000] {processor.py:183} INFO - Processing /home/airflow/.local/lib/python3.12/site-packages/airflow/example_dags/example_short_circuit_operator.py took 0.422 seconds
[2024-08-09T02:07:05.889+0000] {processor.py:161} INFO - Started process (PID=3709) to work on /home/airflow/.local/lib/python3.12/site-packages/airflow/example_dags/example_short_circuit_operator.py
[2024-08-09T02:07:05.891+0000] {processor.py:830} INFO - Processing file /home/airflow/.local/lib/python3.12/site-packages/airflow/example_dags/example_short_circuit_operator.py for tasks to queue
[2024-08-09T02:07:05.896+0000] {logging_mixin.py:188} INFO - [2024-08-09T02:07:05.895+0000] {dagbag.py:545} INFO - Filling up the DagBag from /home/airflow/.local/lib/python3.12/site-packages/airflow/example_dags/example_short_circuit_operator.py
[2024-08-09T02:07:05.915+0000] {processor.py:840} INFO - DAG(s) 'example_short_circuit_operator' retrieved from /home/airflow/.local/lib/python3.12/site-packages/airflow/example_dags/example_short_circuit_operator.py
[2024-08-09T02:07:05.972+0000] {logging_mixin.py:188} INFO - [2024-08-09T02:07:05.972+0000] {dag.py:3089} INFO - Sync 1 DAGs
[2024-08-09T02:07:06.012+0000] {logging_mixin.py:188} INFO - [2024-08-09T02:07:06.012+0000] {dag.py:3947} INFO - Setting next_dagrun for example_short_circuit_operator to 2024-08-08 00:00:00+00:00, run_after=2024-08-09 00:00:00+00:00
[2024-08-09T02:07:06.047+0000] {processor.py:183} INFO - Processing /home/airflow/.local/lib/python3.12/site-packages/airflow/example_dags/example_short_circuit_operator.py took 0.172 seconds
[2024-08-09T02:07:36.264+0000] {processor.py:161} INFO - Started process (PID=3766) to work on /home/airflow/.local/lib/python3.12/site-packages/airflow/example_dags/example_short_circuit_operator.py
[2024-08-09T02:07:36.267+0000] {processor.py:830} INFO - Processing file /home/airflow/.local/lib/python3.12/site-packages/airflow/example_dags/example_short_circuit_operator.py for tasks to queue
[2024-08-09T02:07:36.277+0000] {logging_mixin.py:188} INFO - [2024-08-09T02:07:36.277+0000] {dagbag.py:545} INFO - Filling up the DagBag from /home/airflow/.local/lib/python3.12/site-packages/airflow/example_dags/example_short_circuit_operator.py
[2024-08-09T02:07:36.314+0000] {processor.py:840} INFO - DAG(s) 'example_short_circuit_operator' retrieved from /home/airflow/.local/lib/python3.12/site-packages/airflow/example_dags/example_short_circuit_operator.py
[2024-08-09T02:07:36.439+0000] {logging_mixin.py:188} INFO - [2024-08-09T02:07:36.438+0000] {dag.py:3089} INFO - Sync 1 DAGs
[2024-08-09T02:07:36.495+0000] {logging_mixin.py:188} INFO - [2024-08-09T02:07:36.494+0000] {dag.py:3947} INFO - Setting next_dagrun for example_short_circuit_operator to 2024-08-08 00:00:00+00:00, run_after=2024-08-09 00:00:00+00:00
[2024-08-09T02:07:36.540+0000] {processor.py:183} INFO - Processing /home/airflow/.local/lib/python3.12/site-packages/airflow/example_dags/example_short_circuit_operator.py took 0.299 seconds
[2024-08-09T02:08:06.875+0000] {processor.py:161} INFO - Started process (PID=3824) to work on /home/airflow/.local/lib/python3.12/site-packages/airflow/example_dags/example_short_circuit_operator.py
[2024-08-09T02:08:06.881+0000] {processor.py:830} INFO - Processing file /home/airflow/.local/lib/python3.12/site-packages/airflow/example_dags/example_short_circuit_operator.py for tasks to queue
[2024-08-09T02:08:06.888+0000] {logging_mixin.py:188} INFO - [2024-08-09T02:08:06.887+0000] {dagbag.py:545} INFO - Filling up the DagBag from /home/airflow/.local/lib/python3.12/site-packages/airflow/example_dags/example_short_circuit_operator.py
[2024-08-09T02:08:06.911+0000] {processor.py:840} INFO - DAG(s) 'example_short_circuit_operator' retrieved from /home/airflow/.local/lib/python3.12/site-packages/airflow/example_dags/example_short_circuit_operator.py
[2024-08-09T02:08:06.988+0000] {logging_mixin.py:188} INFO - [2024-08-09T02:08:06.988+0000] {dag.py:3089} INFO - Sync 1 DAGs
[2024-08-09T02:08:07.031+0000] {logging_mixin.py:188} INFO - [2024-08-09T02:08:07.031+0000] {dag.py:3947} INFO - Setting next_dagrun for example_short_circuit_operator to 2024-08-08 00:00:00+00:00, run_after=2024-08-09 00:00:00+00:00
[2024-08-09T02:08:07.073+0000] {processor.py:183} INFO - Processing /home/airflow/.local/lib/python3.12/site-packages/airflow/example_dags/example_short_circuit_operator.py took 0.218 seconds
[2024-08-09T02:08:37.505+0000] {processor.py:161} INFO - Started process (PID=3882) to work on /home/airflow/.local/lib/python3.12/site-packages/airflow/example_dags/example_short_circuit_operator.py
[2024-08-09T02:08:37.511+0000] {processor.py:830} INFO - Processing file /home/airflow/.local/lib/python3.12/site-packages/airflow/example_dags/example_short_circuit_operator.py for tasks to queue
[2024-08-09T02:08:37.520+0000] {logging_mixin.py:188} INFO - [2024-08-09T02:08:37.519+0000] {dagbag.py:545} INFO - Filling up the DagBag from /home/airflow/.local/lib/python3.12/site-packages/airflow/example_dags/example_short_circuit_operator.py
[2024-08-09T02:08:37.554+0000] {processor.py:840} INFO - DAG(s) 'example_short_circuit_operator' retrieved from /home/airflow/.local/lib/python3.12/site-packages/airflow/example_dags/example_short_circuit_operator.py
[2024-08-09T02:08:37.688+0000] {logging_mixin.py:188} INFO - [2024-08-09T02:08:37.684+0000] {dag.py:3089} INFO - Sync 1 DAGs
[2024-08-09T02:08:37.758+0000] {logging_mixin.py:188} INFO - [2024-08-09T02:08:37.757+0000] {dag.py:3947} INFO - Setting next_dagrun for example_short_circuit_operator to 2024-08-08 00:00:00+00:00, run_after=2024-08-09 00:00:00+00:00
[2024-08-09T02:08:37.803+0000] {processor.py:183} INFO - Processing /home/airflow/.local/lib/python3.12/site-packages/airflow/example_dags/example_short_circuit_operator.py took 0.317 seconds
[2024-08-09T02:09:08.073+0000] {processor.py:161} INFO - Started process (PID=3941) to work on /home/airflow/.local/lib/python3.12/site-packages/airflow/example_dags/example_short_circuit_operator.py
[2024-08-09T02:09:08.075+0000] {processor.py:830} INFO - Processing file /home/airflow/.local/lib/python3.12/site-packages/airflow/example_dags/example_short_circuit_operator.py for tasks to queue
[2024-08-09T02:09:08.080+0000] {logging_mixin.py:188} INFO - [2024-08-09T02:09:08.079+0000] {dagbag.py:545} INFO - Filling up the DagBag from /home/airflow/.local/lib/python3.12/site-packages/airflow/example_dags/example_short_circuit_operator.py
[2024-08-09T02:09:08.094+0000] {processor.py:840} INFO - DAG(s) 'example_short_circuit_operator' retrieved from /home/airflow/.local/lib/python3.12/site-packages/airflow/example_dags/example_short_circuit_operator.py
[2024-08-09T02:09:08.140+0000] {logging_mixin.py:188} INFO - [2024-08-09T02:09:08.139+0000] {dag.py:3089} INFO - Sync 1 DAGs
[2024-08-09T02:09:08.184+0000] {logging_mixin.py:188} INFO - [2024-08-09T02:09:08.184+0000] {dag.py:3947} INFO - Setting next_dagrun for example_short_circuit_operator to 2024-08-08 00:00:00+00:00, run_after=2024-08-09 00:00:00+00:00
[2024-08-09T02:09:08.259+0000] {processor.py:183} INFO - Processing /home/airflow/.local/lib/python3.12/site-packages/airflow/example_dags/example_short_circuit_operator.py took 0.200 seconds
[2024-08-09T02:09:38.769+0000] {processor.py:161} INFO - Started process (PID=3998) to work on /home/airflow/.local/lib/python3.12/site-packages/airflow/example_dags/example_short_circuit_operator.py
[2024-08-09T02:09:38.776+0000] {processor.py:830} INFO - Processing file /home/airflow/.local/lib/python3.12/site-packages/airflow/example_dags/example_short_circuit_operator.py for tasks to queue
[2024-08-09T02:09:38.809+0000] {logging_mixin.py:188} INFO - [2024-08-09T02:09:38.796+0000] {dagbag.py:545} INFO - Filling up the DagBag from /home/airflow/.local/lib/python3.12/site-packages/airflow/example_dags/example_short_circuit_operator.py
[2024-08-09T02:09:38.840+0000] {processor.py:840} INFO - DAG(s) 'example_short_circuit_operator' retrieved from /home/airflow/.local/lib/python3.12/site-packages/airflow/example_dags/example_short_circuit_operator.py
[2024-08-09T02:09:38.942+0000] {logging_mixin.py:188} INFO - [2024-08-09T02:09:38.940+0000] {dag.py:3089} INFO - Sync 1 DAGs
[2024-08-09T02:09:39.023+0000] {logging_mixin.py:188} INFO - [2024-08-09T02:09:39.022+0000] {dag.py:3947} INFO - Setting next_dagrun for example_short_circuit_operator to 2024-08-08 00:00:00+00:00, run_after=2024-08-09 00:00:00+00:00
[2024-08-09T02:09:39.138+0000] {processor.py:183} INFO - Processing /home/airflow/.local/lib/python3.12/site-packages/airflow/example_dags/example_short_circuit_operator.py took 0.439 seconds
[2024-08-09T02:10:09.268+0000] {processor.py:161} INFO - Started process (PID=4056) to work on /home/airflow/.local/lib/python3.12/site-packages/airflow/example_dags/example_short_circuit_operator.py
[2024-08-09T02:10:09.271+0000] {processor.py:830} INFO - Processing file /home/airflow/.local/lib/python3.12/site-packages/airflow/example_dags/example_short_circuit_operator.py for tasks to queue
[2024-08-09T02:10:09.280+0000] {logging_mixin.py:188} INFO - [2024-08-09T02:10:09.278+0000] {dagbag.py:545} INFO - Filling up the DagBag from /home/airflow/.local/lib/python3.12/site-packages/airflow/example_dags/example_short_circuit_operator.py
[2024-08-09T02:10:09.305+0000] {processor.py:840} INFO - DAG(s) 'example_short_circuit_operator' retrieved from /home/airflow/.local/lib/python3.12/site-packages/airflow/example_dags/example_short_circuit_operator.py
[2024-08-09T02:10:09.407+0000] {logging_mixin.py:188} INFO - [2024-08-09T02:10:09.406+0000] {dag.py:3089} INFO - Sync 1 DAGs
[2024-08-09T02:10:09.457+0000] {logging_mixin.py:188} INFO - [2024-08-09T02:10:09.457+0000] {dag.py:3947} INFO - Setting next_dagrun for example_short_circuit_operator to 2024-08-08 00:00:00+00:00, run_after=2024-08-09 00:00:00+00:00
[2024-08-09T02:10:09.511+0000] {processor.py:183} INFO - Processing /home/airflow/.local/lib/python3.12/site-packages/airflow/example_dags/example_short_circuit_operator.py took 0.270 seconds
[2024-08-09T02:10:39.789+0000] {processor.py:161} INFO - Started process (PID=4113) to work on /home/airflow/.local/lib/python3.12/site-packages/airflow/example_dags/example_short_circuit_operator.py
[2024-08-09T02:10:39.791+0000] {processor.py:830} INFO - Processing file /home/airflow/.local/lib/python3.12/site-packages/airflow/example_dags/example_short_circuit_operator.py for tasks to queue
[2024-08-09T02:10:39.797+0000] {logging_mixin.py:188} INFO - [2024-08-09T02:10:39.796+0000] {dagbag.py:545} INFO - Filling up the DagBag from /home/airflow/.local/lib/python3.12/site-packages/airflow/example_dags/example_short_circuit_operator.py
[2024-08-09T02:10:39.820+0000] {processor.py:840} INFO - DAG(s) 'example_short_circuit_operator' retrieved from /home/airflow/.local/lib/python3.12/site-packages/airflow/example_dags/example_short_circuit_operator.py
[2024-08-09T02:10:39.904+0000] {logging_mixin.py:188} INFO - [2024-08-09T02:10:39.903+0000] {dag.py:3089} INFO - Sync 1 DAGs
[2024-08-09T02:10:39.950+0000] {logging_mixin.py:188} INFO - [2024-08-09T02:10:39.949+0000] {dag.py:3947} INFO - Setting next_dagrun for example_short_circuit_operator to 2024-08-08 00:00:00+00:00, run_after=2024-08-09 00:00:00+00:00
[2024-08-09T02:10:40.010+0000] {processor.py:183} INFO - Processing /home/airflow/.local/lib/python3.12/site-packages/airflow/example_dags/example_short_circuit_operator.py took 0.247 seconds
[2024-08-09T02:11:10.559+0000] {processor.py:161} INFO - Started process (PID=4171) to work on /home/airflow/.local/lib/python3.12/site-packages/airflow/example_dags/example_short_circuit_operator.py
[2024-08-09T02:11:10.565+0000] {processor.py:830} INFO - Processing file /home/airflow/.local/lib/python3.12/site-packages/airflow/example_dags/example_short_circuit_operator.py for tasks to queue
[2024-08-09T02:11:10.572+0000] {logging_mixin.py:188} INFO - [2024-08-09T02:11:10.572+0000] {dagbag.py:545} INFO - Filling up the DagBag from /home/airflow/.local/lib/python3.12/site-packages/airflow/example_dags/example_short_circuit_operator.py
[2024-08-09T02:11:10.591+0000] {processor.py:840} INFO - DAG(s) 'example_short_circuit_operator' retrieved from /home/airflow/.local/lib/python3.12/site-packages/airflow/example_dags/example_short_circuit_operator.py
[2024-08-09T02:11:10.661+0000] {logging_mixin.py:188} INFO - [2024-08-09T02:11:10.661+0000] {dag.py:3089} INFO - Sync 1 DAGs
[2024-08-09T02:11:10.705+0000] {logging_mixin.py:188} INFO - [2024-08-09T02:11:10.704+0000] {dag.py:3947} INFO - Setting next_dagrun for example_short_circuit_operator to 2024-08-08 00:00:00+00:00, run_after=2024-08-09 00:00:00+00:00
[2024-08-09T02:11:10.741+0000] {processor.py:183} INFO - Processing /home/airflow/.local/lib/python3.12/site-packages/airflow/example_dags/example_short_circuit_operator.py took 0.205 seconds
[2024-08-09T02:11:41.507+0000] {processor.py:161} INFO - Started process (PID=4229) to work on /home/airflow/.local/lib/python3.12/site-packages/airflow/example_dags/example_short_circuit_operator.py
[2024-08-09T02:11:41.509+0000] {processor.py:830} INFO - Processing file /home/airflow/.local/lib/python3.12/site-packages/airflow/example_dags/example_short_circuit_operator.py for tasks to queue
[2024-08-09T02:11:41.518+0000] {logging_mixin.py:188} INFO - [2024-08-09T02:11:41.513+0000] {dagbag.py:545} INFO - Filling up the DagBag from /home/airflow/.local/lib/python3.12/site-packages/airflow/example_dags/example_short_circuit_operator.py
[2024-08-09T02:11:41.538+0000] {processor.py:840} INFO - DAG(s) 'example_short_circuit_operator' retrieved from /home/airflow/.local/lib/python3.12/site-packages/airflow/example_dags/example_short_circuit_operator.py
[2024-08-09T02:11:41.608+0000] {logging_mixin.py:188} INFO - [2024-08-09T02:11:41.608+0000] {dag.py:3089} INFO - Sync 1 DAGs
[2024-08-09T02:11:41.662+0000] {logging_mixin.py:188} INFO - [2024-08-09T02:11:41.662+0000] {dag.py:3947} INFO - Setting next_dagrun for example_short_circuit_operator to 2024-08-08 00:00:00+00:00, run_after=2024-08-09 00:00:00+00:00
[2024-08-09T02:11:41.706+0000] {processor.py:183} INFO - Processing /home/airflow/.local/lib/python3.12/site-packages/airflow/example_dags/example_short_circuit_operator.py took 0.221 seconds
[2024-08-09T02:12:12.024+0000] {processor.py:161} INFO - Started process (PID=4287) to work on /home/airflow/.local/lib/python3.12/site-packages/airflow/example_dags/example_short_circuit_operator.py
[2024-08-09T02:12:12.027+0000] {processor.py:830} INFO - Processing file /home/airflow/.local/lib/python3.12/site-packages/airflow/example_dags/example_short_circuit_operator.py for tasks to queue
[2024-08-09T02:12:12.032+0000] {logging_mixin.py:188} INFO - [2024-08-09T02:12:12.031+0000] {dagbag.py:545} INFO - Filling up the DagBag from /home/airflow/.local/lib/python3.12/site-packages/airflow/example_dags/example_short_circuit_operator.py
[2024-08-09T02:12:12.052+0000] {processor.py:840} INFO - DAG(s) 'example_short_circuit_operator' retrieved from /home/airflow/.local/lib/python3.12/site-packages/airflow/example_dags/example_short_circuit_operator.py
[2024-08-09T02:12:12.126+0000] {logging_mixin.py:188} INFO - [2024-08-09T02:12:12.125+0000] {dag.py:3089} INFO - Sync 1 DAGs
[2024-08-09T02:12:12.178+0000] {logging_mixin.py:188} INFO - [2024-08-09T02:12:12.178+0000] {dag.py:3947} INFO - Setting next_dagrun for example_short_circuit_operator to 2024-08-08 00:00:00+00:00, run_after=2024-08-09 00:00:00+00:00
[2024-08-09T02:12:12.229+0000] {processor.py:183} INFO - Processing /home/airflow/.local/lib/python3.12/site-packages/airflow/example_dags/example_short_circuit_operator.py took 0.224 seconds
[2024-08-09T02:12:42.660+0000] {processor.py:161} INFO - Started process (PID=4345) to work on /home/airflow/.local/lib/python3.12/site-packages/airflow/example_dags/example_short_circuit_operator.py
[2024-08-09T02:12:42.663+0000] {processor.py:830} INFO - Processing file /home/airflow/.local/lib/python3.12/site-packages/airflow/example_dags/example_short_circuit_operator.py for tasks to queue
[2024-08-09T02:12:42.669+0000] {logging_mixin.py:188} INFO - [2024-08-09T02:12:42.668+0000] {dagbag.py:545} INFO - Filling up the DagBag from /home/airflow/.local/lib/python3.12/site-packages/airflow/example_dags/example_short_circuit_operator.py
[2024-08-09T02:12:42.693+0000] {processor.py:840} INFO - DAG(s) 'example_short_circuit_operator' retrieved from /home/airflow/.local/lib/python3.12/site-packages/airflow/example_dags/example_short_circuit_operator.py
[2024-08-09T02:12:42.783+0000] {logging_mixin.py:188} INFO - [2024-08-09T02:12:42.783+0000] {dag.py:3089} INFO - Sync 1 DAGs
[2024-08-09T02:12:42.834+0000] {logging_mixin.py:188} INFO - [2024-08-09T02:12:42.834+0000] {dag.py:3947} INFO - Setting next_dagrun for example_short_circuit_operator to 2024-08-08 00:00:00+00:00, run_after=2024-08-09 00:00:00+00:00
[2024-08-09T02:12:42.900+0000] {processor.py:183} INFO - Processing /home/airflow/.local/lib/python3.12/site-packages/airflow/example_dags/example_short_circuit_operator.py took 0.258 seconds
[2024-08-09T02:13:13.732+0000] {processor.py:161} INFO - Started process (PID=4402) to work on /home/airflow/.local/lib/python3.12/site-packages/airflow/example_dags/example_short_circuit_operator.py
[2024-08-09T02:13:13.735+0000] {processor.py:830} INFO - Processing file /home/airflow/.local/lib/python3.12/site-packages/airflow/example_dags/example_short_circuit_operator.py for tasks to queue
[2024-08-09T02:13:13.739+0000] {logging_mixin.py:188} INFO - [2024-08-09T02:13:13.738+0000] {dagbag.py:545} INFO - Filling up the DagBag from /home/airflow/.local/lib/python3.12/site-packages/airflow/example_dags/example_short_circuit_operator.py
[2024-08-09T02:13:13.755+0000] {processor.py:840} INFO - DAG(s) 'example_short_circuit_operator' retrieved from /home/airflow/.local/lib/python3.12/site-packages/airflow/example_dags/example_short_circuit_operator.py
[2024-08-09T02:13:13.828+0000] {logging_mixin.py:188} INFO - [2024-08-09T02:13:13.828+0000] {dag.py:3089} INFO - Sync 1 DAGs
[2024-08-09T02:13:13.891+0000] {logging_mixin.py:188} INFO - [2024-08-09T02:13:13.891+0000] {dag.py:3947} INFO - Setting next_dagrun for example_short_circuit_operator to 2024-08-08 00:00:00+00:00, run_after=2024-08-09 00:00:00+00:00
[2024-08-09T02:13:13.953+0000] {processor.py:183} INFO - Processing /home/airflow/.local/lib/python3.12/site-packages/airflow/example_dags/example_short_circuit_operator.py took 0.240 seconds
[2024-08-09T02:13:44.835+0000] {processor.py:161} INFO - Started process (PID=4460) to work on /home/airflow/.local/lib/python3.12/site-packages/airflow/example_dags/example_short_circuit_operator.py
[2024-08-09T02:13:44.838+0000] {processor.py:830} INFO - Processing file /home/airflow/.local/lib/python3.12/site-packages/airflow/example_dags/example_short_circuit_operator.py for tasks to queue
[2024-08-09T02:13:44.842+0000] {logging_mixin.py:188} INFO - [2024-08-09T02:13:44.841+0000] {dagbag.py:545} INFO - Filling up the DagBag from /home/airflow/.local/lib/python3.12/site-packages/airflow/example_dags/example_short_circuit_operator.py
[2024-08-09T02:13:44.865+0000] {processor.py:840} INFO - DAG(s) 'example_short_circuit_operator' retrieved from /home/airflow/.local/lib/python3.12/site-packages/airflow/example_dags/example_short_circuit_operator.py
[2024-08-09T02:13:44.962+0000] {logging_mixin.py:188} INFO - [2024-08-09T02:13:44.962+0000] {dag.py:3089} INFO - Sync 1 DAGs
[2024-08-09T02:13:45.011+0000] {logging_mixin.py:188} INFO - [2024-08-09T02:13:45.011+0000] {dag.py:3947} INFO - Setting next_dagrun for example_short_circuit_operator to 2024-08-08 00:00:00+00:00, run_after=2024-08-09 00:00:00+00:00
[2024-08-09T02:13:45.057+0000] {processor.py:183} INFO - Processing /home/airflow/.local/lib/python3.12/site-packages/airflow/example_dags/example_short_circuit_operator.py took 0.242 seconds
[2024-08-09T02:14:15.466+0000] {processor.py:161} INFO - Started process (PID=4518) to work on /home/airflow/.local/lib/python3.12/site-packages/airflow/example_dags/example_short_circuit_operator.py
[2024-08-09T02:14:15.470+0000] {processor.py:830} INFO - Processing file /home/airflow/.local/lib/python3.12/site-packages/airflow/example_dags/example_short_circuit_operator.py for tasks to queue
[2024-08-09T02:14:15.484+0000] {logging_mixin.py:188} INFO - [2024-08-09T02:14:15.483+0000] {dagbag.py:545} INFO - Filling up the DagBag from /home/airflow/.local/lib/python3.12/site-packages/airflow/example_dags/example_short_circuit_operator.py
[2024-08-09T02:14:15.508+0000] {processor.py:840} INFO - DAG(s) 'example_short_circuit_operator' retrieved from /home/airflow/.local/lib/python3.12/site-packages/airflow/example_dags/example_short_circuit_operator.py
[2024-08-09T02:14:15.630+0000] {logging_mixin.py:188} INFO - [2024-08-09T02:14:15.629+0000] {dag.py:3089} INFO - Sync 1 DAGs
[2024-08-09T02:14:15.716+0000] {logging_mixin.py:188} INFO - [2024-08-09T02:14:15.715+0000] {dag.py:3947} INFO - Setting next_dagrun for example_short_circuit_operator to 2024-08-08 00:00:00+00:00, run_after=2024-08-09 00:00:00+00:00
[2024-08-09T02:14:15.784+0000] {processor.py:183} INFO - Processing /home/airflow/.local/lib/python3.12/site-packages/airflow/example_dags/example_short_circuit_operator.py took 0.364 seconds
[2024-08-09T02:14:46.070+0000] {processor.py:161} INFO - Started process (PID=4576) to work on /home/airflow/.local/lib/python3.12/site-packages/airflow/example_dags/example_short_circuit_operator.py
[2024-08-09T02:14:46.079+0000] {processor.py:830} INFO - Processing file /home/airflow/.local/lib/python3.12/site-packages/airflow/example_dags/example_short_circuit_operator.py for tasks to queue
[2024-08-09T02:14:46.090+0000] {logging_mixin.py:188} INFO - [2024-08-09T02:14:46.088+0000] {dagbag.py:545} INFO - Filling up the DagBag from /home/airflow/.local/lib/python3.12/site-packages/airflow/example_dags/example_short_circuit_operator.py
[2024-08-09T02:14:46.112+0000] {processor.py:840} INFO - DAG(s) 'example_short_circuit_operator' retrieved from /home/airflow/.local/lib/python3.12/site-packages/airflow/example_dags/example_short_circuit_operator.py
[2024-08-09T02:14:46.190+0000] {logging_mixin.py:188} INFO - [2024-08-09T02:14:46.190+0000] {dag.py:3089} INFO - Sync 1 DAGs
[2024-08-09T02:14:46.270+0000] {logging_mixin.py:188} INFO - [2024-08-09T02:14:46.270+0000] {dag.py:3947} INFO - Setting next_dagrun for example_short_circuit_operator to 2024-08-08 00:00:00+00:00, run_after=2024-08-09 00:00:00+00:00
[2024-08-09T02:14:46.407+0000] {processor.py:183} INFO - Processing /home/airflow/.local/lib/python3.12/site-packages/airflow/example_dags/example_short_circuit_operator.py took 0.373 seconds
[2024-08-09T02:15:16.969+0000] {processor.py:161} INFO - Started process (PID=4634) to work on /home/airflow/.local/lib/python3.12/site-packages/airflow/example_dags/example_short_circuit_operator.py
[2024-08-09T02:15:16.973+0000] {processor.py:830} INFO - Processing file /home/airflow/.local/lib/python3.12/site-packages/airflow/example_dags/example_short_circuit_operator.py for tasks to queue
[2024-08-09T02:15:16.979+0000] {logging_mixin.py:188} INFO - [2024-08-09T02:15:16.978+0000] {dagbag.py:545} INFO - Filling up the DagBag from /home/airflow/.local/lib/python3.12/site-packages/airflow/example_dags/example_short_circuit_operator.py
[2024-08-09T02:15:17.002+0000] {processor.py:840} INFO - DAG(s) 'example_short_circuit_operator' retrieved from /home/airflow/.local/lib/python3.12/site-packages/airflow/example_dags/example_short_circuit_operator.py
[2024-08-09T02:15:17.104+0000] {logging_mixin.py:188} INFO - [2024-08-09T02:15:17.103+0000] {dag.py:3089} INFO - Sync 1 DAGs
[2024-08-09T02:15:17.186+0000] {logging_mixin.py:188} INFO - [2024-08-09T02:15:17.185+0000] {dag.py:3947} INFO - Setting next_dagrun for example_short_circuit_operator to 2024-08-08 00:00:00+00:00, run_after=2024-08-09 00:00:00+00:00
[2024-08-09T02:15:17.237+0000] {processor.py:183} INFO - Processing /home/airflow/.local/lib/python3.12/site-packages/airflow/example_dags/example_short_circuit_operator.py took 0.288 seconds
[2024-08-09T02:15:47.921+0000] {processor.py:161} INFO - Started process (PID=4692) to work on /home/airflow/.local/lib/python3.12/site-packages/airflow/example_dags/example_short_circuit_operator.py
[2024-08-09T02:15:47.924+0000] {processor.py:830} INFO - Processing file /home/airflow/.local/lib/python3.12/site-packages/airflow/example_dags/example_short_circuit_operator.py for tasks to queue
[2024-08-09T02:15:47.929+0000] {logging_mixin.py:188} INFO - [2024-08-09T02:15:47.928+0000] {dagbag.py:545} INFO - Filling up the DagBag from /home/airflow/.local/lib/python3.12/site-packages/airflow/example_dags/example_short_circuit_operator.py
[2024-08-09T02:15:47.944+0000] {processor.py:840} INFO - DAG(s) 'example_short_circuit_operator' retrieved from /home/airflow/.local/lib/python3.12/site-packages/airflow/example_dags/example_short_circuit_operator.py
[2024-08-09T02:15:47.995+0000] {logging_mixin.py:188} INFO - [2024-08-09T02:15:47.995+0000] {dag.py:3089} INFO - Sync 1 DAGs
[2024-08-09T02:15:48.037+0000] {logging_mixin.py:188} INFO - [2024-08-09T02:15:48.037+0000] {dag.py:3947} INFO - Setting next_dagrun for example_short_circuit_operator to 2024-08-08 00:00:00+00:00, run_after=2024-08-09 00:00:00+00:00
[2024-08-09T02:15:48.074+0000] {processor.py:183} INFO - Processing /home/airflow/.local/lib/python3.12/site-packages/airflow/example_dags/example_short_circuit_operator.py took 0.168 seconds
