[2024-08-09T01:42:30.731+0000] {processor.py:161} INFO - Started process (PID=995) to work on /home/airflow/.local/lib/python3.12/site-packages/airflow/example_dags/example_dag_decorator.py
[2024-08-09T01:42:30.734+0000] {processor.py:830} INFO - Processing file /home/airflow/.local/lib/python3.12/site-packages/airflow/example_dags/example_dag_decorator.py for tasks to queue
[2024-08-09T01:42:30.741+0000] {logging_mixin.py:188} INFO - [2024-08-09T01:42:30.740+0000] {dagbag.py:545} INFO - Filling up the DagBag from /home/airflow/.local/lib/python3.12/site-packages/airflow/example_dags/example_dag_decorator.py
[2024-08-09T01:42:30.976+0000] {processor.py:840} INFO - DAG(s) 'example_dag_decorator' retrieved from /home/airflow/.local/lib/python3.12/site-packages/airflow/example_dags/example_dag_decorator.py
[2024-08-09T01:42:32.055+0000] {logging_mixin.py:188} INFO - [2024-08-09T01:42:32.054+0000] {dag.py:3089} INFO - Sync 1 DAGs
[2024-08-09T01:42:32.120+0000] {logging_mixin.py:188} INFO - [2024-08-09T01:42:32.114+0000] {dag.py:3947} INFO - Setting next_dagrun for example_dag_decorator to None, run_after=None
[2024-08-09T01:42:32.220+0000] {processor.py:183} INFO - Processing /home/airflow/.local/lib/python3.12/site-packages/airflow/example_dags/example_dag_decorator.py took 1.509 seconds
[2024-08-09T01:43:02.986+0000] {processor.py:161} INFO - Started process (PID=1057) to work on /home/airflow/.local/lib/python3.12/site-packages/airflow/example_dags/example_dag_decorator.py
[2024-08-09T01:43:02.990+0000] {processor.py:830} INFO - Processing file /home/airflow/.local/lib/python3.12/site-packages/airflow/example_dags/example_dag_decorator.py for tasks to queue
[2024-08-09T01:43:02.995+0000] {logging_mixin.py:188} INFO - [2024-08-09T01:43:02.994+0000] {dagbag.py:545} INFO - Filling up the DagBag from /home/airflow/.local/lib/python3.12/site-packages/airflow/example_dags/example_dag_decorator.py
[2024-08-09T01:43:03.235+0000] {processor.py:840} INFO - DAG(s) 'example_dag_decorator' retrieved from /home/airflow/.local/lib/python3.12/site-packages/airflow/example_dags/example_dag_decorator.py
[2024-08-09T01:43:04.198+0000] {logging_mixin.py:188} INFO - [2024-08-09T01:43:04.197+0000] {dag.py:3089} INFO - Sync 1 DAGs
[2024-08-09T01:43:04.215+0000] {logging_mixin.py:188} INFO - [2024-08-09T01:43:04.215+0000] {dag.py:3947} INFO - Setting next_dagrun for example_dag_decorator to None, run_after=None
[2024-08-09T01:43:04.273+0000] {processor.py:183} INFO - Processing /home/airflow/.local/lib/python3.12/site-packages/airflow/example_dags/example_dag_decorator.py took 1.302 seconds
[2024-08-09T01:43:34.416+0000] {processor.py:161} INFO - Started process (PID=1115) to work on /home/airflow/.local/lib/python3.12/site-packages/airflow/example_dags/example_dag_decorator.py
[2024-08-09T01:43:34.419+0000] {processor.py:830} INFO - Processing file /home/airflow/.local/lib/python3.12/site-packages/airflow/example_dags/example_dag_decorator.py for tasks to queue
[2024-08-09T01:43:34.427+0000] {logging_mixin.py:188} INFO - [2024-08-09T01:43:34.425+0000] {dagbag.py:545} INFO - Filling up the DagBag from /home/airflow/.local/lib/python3.12/site-packages/airflow/example_dags/example_dag_decorator.py
[2024-08-09T01:43:34.699+0000] {processor.py:840} INFO - DAG(s) 'example_dag_decorator' retrieved from /home/airflow/.local/lib/python3.12/site-packages/airflow/example_dags/example_dag_decorator.py
[2024-08-09T01:43:36.196+0000] {logging_mixin.py:188} INFO - [2024-08-09T01:43:36.196+0000] {dag.py:3089} INFO - Sync 1 DAGs
[2024-08-09T01:43:36.213+0000] {logging_mixin.py:188} INFO - [2024-08-09T01:43:36.213+0000] {dag.py:3947} INFO - Setting next_dagrun for example_dag_decorator to None, run_after=None
[2024-08-09T01:43:36.259+0000] {processor.py:183} INFO - Processing /home/airflow/.local/lib/python3.12/site-packages/airflow/example_dags/example_dag_decorator.py took 1.866 seconds
[2024-08-09T01:44:06.837+0000] {processor.py:161} INFO - Started process (PID=1176) to work on /home/airflow/.local/lib/python3.12/site-packages/airflow/example_dags/example_dag_decorator.py
[2024-08-09T01:44:06.840+0000] {processor.py:830} INFO - Processing file /home/airflow/.local/lib/python3.12/site-packages/airflow/example_dags/example_dag_decorator.py for tasks to queue
[2024-08-09T01:44:06.845+0000] {logging_mixin.py:188} INFO - [2024-08-09T01:44:06.844+0000] {dagbag.py:545} INFO - Filling up the DagBag from /home/airflow/.local/lib/python3.12/site-packages/airflow/example_dags/example_dag_decorator.py
[2024-08-09T01:44:07.267+0000] {processor.py:840} INFO - DAG(s) 'example_dag_decorator' retrieved from /home/airflow/.local/lib/python3.12/site-packages/airflow/example_dags/example_dag_decorator.py
[2024-08-09T01:44:09.491+0000] {logging_mixin.py:188} INFO - [2024-08-09T01:44:09.490+0000] {dag.py:3089} INFO - Sync 1 DAGs
[2024-08-09T01:44:09.504+0000] {logging_mixin.py:188} INFO - [2024-08-09T01:44:09.504+0000] {dag.py:3947} INFO - Setting next_dagrun for example_dag_decorator to None, run_after=None
[2024-08-09T01:44:09.540+0000] {processor.py:183} INFO - Processing /home/airflow/.local/lib/python3.12/site-packages/airflow/example_dags/example_dag_decorator.py took 2.721 seconds
[2024-08-09T01:44:39.686+0000] {processor.py:161} INFO - Started process (PID=1236) to work on /home/airflow/.local/lib/python3.12/site-packages/airflow/example_dags/example_dag_decorator.py
[2024-08-09T01:44:39.689+0000] {processor.py:830} INFO - Processing file /home/airflow/.local/lib/python3.12/site-packages/airflow/example_dags/example_dag_decorator.py for tasks to queue
[2024-08-09T01:44:39.695+0000] {logging_mixin.py:188} INFO - [2024-08-09T01:44:39.694+0000] {dagbag.py:545} INFO - Filling up the DagBag from /home/airflow/.local/lib/python3.12/site-packages/airflow/example_dags/example_dag_decorator.py
[2024-08-09T01:44:40.586+0000] {processor.py:840} INFO - DAG(s) 'example_dag_decorator' retrieved from /home/airflow/.local/lib/python3.12/site-packages/airflow/example_dags/example_dag_decorator.py
[2024-08-09T01:44:40.807+0000] {logging_mixin.py:188} INFO - [2024-08-09T01:44:40.806+0000] {dag.py:3089} INFO - Sync 1 DAGs
[2024-08-09T01:44:40.825+0000] {logging_mixin.py:188} INFO - [2024-08-09T01:44:40.824+0000] {dag.py:3947} INFO - Setting next_dagrun for example_dag_decorator to None, run_after=None
[2024-08-09T01:44:40.859+0000] {processor.py:183} INFO - Processing /home/airflow/.local/lib/python3.12/site-packages/airflow/example_dags/example_dag_decorator.py took 1.193 seconds
[2024-08-09T01:45:11.113+0000] {processor.py:161} INFO - Started process (PID=1297) to work on /home/airflow/.local/lib/python3.12/site-packages/airflow/example_dags/example_dag_decorator.py
[2024-08-09T01:45:11.116+0000] {processor.py:830} INFO - Processing file /home/airflow/.local/lib/python3.12/site-packages/airflow/example_dags/example_dag_decorator.py for tasks to queue
[2024-08-09T01:45:11.121+0000] {logging_mixin.py:188} INFO - [2024-08-09T01:45:11.120+0000] {dagbag.py:545} INFO - Filling up the DagBag from /home/airflow/.local/lib/python3.12/site-packages/airflow/example_dags/example_dag_decorator.py
[2024-08-09T01:45:11.848+0000] {processor.py:840} INFO - DAG(s) 'example_dag_decorator' retrieved from /home/airflow/.local/lib/python3.12/site-packages/airflow/example_dags/example_dag_decorator.py
[2024-08-09T01:45:12.032+0000] {logging_mixin.py:188} INFO - [2024-08-09T01:45:12.031+0000] {dag.py:3089} INFO - Sync 1 DAGs
[2024-08-09T01:45:12.046+0000] {logging_mixin.py:188} INFO - [2024-08-09T01:45:12.046+0000] {dag.py:3947} INFO - Setting next_dagrun for example_dag_decorator to None, run_after=None
[2024-08-09T01:45:12.071+0000] {processor.py:183} INFO - Processing /home/airflow/.local/lib/python3.12/site-packages/airflow/example_dags/example_dag_decorator.py took 0.979 seconds
[2024-08-09T01:45:42.234+0000] {processor.py:161} INFO - Started process (PID=1356) to work on /home/airflow/.local/lib/python3.12/site-packages/airflow/example_dags/example_dag_decorator.py
[2024-08-09T01:45:42.236+0000] {processor.py:830} INFO - Processing file /home/airflow/.local/lib/python3.12/site-packages/airflow/example_dags/example_dag_decorator.py for tasks to queue
[2024-08-09T01:45:42.241+0000] {logging_mixin.py:188} INFO - [2024-08-09T01:45:42.240+0000] {dagbag.py:545} INFO - Filling up the DagBag from /home/airflow/.local/lib/python3.12/site-packages/airflow/example_dags/example_dag_decorator.py
[2024-08-09T01:45:42.448+0000] {processor.py:840} INFO - DAG(s) 'example_dag_decorator' retrieved from /home/airflow/.local/lib/python3.12/site-packages/airflow/example_dags/example_dag_decorator.py
[2024-08-09T01:45:43.190+0000] {logging_mixin.py:188} INFO - [2024-08-09T01:45:43.190+0000] {dag.py:3089} INFO - Sync 1 DAGs
[2024-08-09T01:45:43.207+0000] {logging_mixin.py:188} INFO - [2024-08-09T01:45:43.206+0000] {dag.py:3947} INFO - Setting next_dagrun for example_dag_decorator to None, run_after=None
[2024-08-09T01:45:43.234+0000] {processor.py:183} INFO - Processing /home/airflow/.local/lib/python3.12/site-packages/airflow/example_dags/example_dag_decorator.py took 1.015 seconds
[2024-08-09T01:46:13.522+0000] {processor.py:161} INFO - Started process (PID=1414) to work on /home/airflow/.local/lib/python3.12/site-packages/airflow/example_dags/example_dag_decorator.py
[2024-08-09T01:46:13.525+0000] {processor.py:830} INFO - Processing file /home/airflow/.local/lib/python3.12/site-packages/airflow/example_dags/example_dag_decorator.py for tasks to queue
[2024-08-09T01:46:13.531+0000] {logging_mixin.py:188} INFO - [2024-08-09T01:46:13.531+0000] {dagbag.py:545} INFO - Filling up the DagBag from /home/airflow/.local/lib/python3.12/site-packages/airflow/example_dags/example_dag_decorator.py
[2024-08-09T01:46:13.780+0000] {processor.py:840} INFO - DAG(s) 'example_dag_decorator' retrieved from /home/airflow/.local/lib/python3.12/site-packages/airflow/example_dags/example_dag_decorator.py
[2024-08-09T01:46:13.885+0000] {logging_mixin.py:188} INFO - [2024-08-09T01:46:13.884+0000] {dag.py:3089} INFO - Sync 1 DAGs
[2024-08-09T01:46:14.569+0000] {logging_mixin.py:188} INFO - [2024-08-09T01:46:14.568+0000] {dag.py:3947} INFO - Setting next_dagrun for example_dag_decorator to None, run_after=None
[2024-08-09T01:46:14.596+0000] {processor.py:183} INFO - Processing /home/airflow/.local/lib/python3.12/site-packages/airflow/example_dags/example_dag_decorator.py took 1.092 seconds
[2024-08-09T01:46:44.746+0000] {processor.py:161} INFO - Started process (PID=1472) to work on /home/airflow/.local/lib/python3.12/site-packages/airflow/example_dags/example_dag_decorator.py
[2024-08-09T01:46:44.748+0000] {processor.py:830} INFO - Processing file /home/airflow/.local/lib/python3.12/site-packages/airflow/example_dags/example_dag_decorator.py for tasks to queue
[2024-08-09T01:46:44.752+0000] {logging_mixin.py:188} INFO - [2024-08-09T01:46:44.752+0000] {dagbag.py:545} INFO - Filling up the DagBag from /home/airflow/.local/lib/python3.12/site-packages/airflow/example_dags/example_dag_decorator.py
[2024-08-09T01:46:44.993+0000] {processor.py:840} INFO - DAG(s) 'example_dag_decorator' retrieved from /home/airflow/.local/lib/python3.12/site-packages/airflow/example_dags/example_dag_decorator.py
[2024-08-09T01:46:45.756+0000] {logging_mixin.py:188} INFO - [2024-08-09T01:46:45.756+0000] {dag.py:3089} INFO - Sync 1 DAGs
[2024-08-09T01:46:45.769+0000] {logging_mixin.py:188} INFO - [2024-08-09T01:46:45.768+0000] {dag.py:3947} INFO - Setting next_dagrun for example_dag_decorator to None, run_after=None
[2024-08-09T01:46:45.810+0000] {processor.py:183} INFO - Processing /home/airflow/.local/lib/python3.12/site-packages/airflow/example_dags/example_dag_decorator.py took 1.079 seconds
[2024-08-09T01:47:16.076+0000] {processor.py:161} INFO - Started process (PID=1533) to work on /home/airflow/.local/lib/python3.12/site-packages/airflow/example_dags/example_dag_decorator.py
[2024-08-09T01:47:16.080+0000] {processor.py:830} INFO - Processing file /home/airflow/.local/lib/python3.12/site-packages/airflow/example_dags/example_dag_decorator.py for tasks to queue
[2024-08-09T01:47:16.090+0000] {logging_mixin.py:188} INFO - [2024-08-09T01:47:16.089+0000] {dagbag.py:545} INFO - Filling up the DagBag from /home/airflow/.local/lib/python3.12/site-packages/airflow/example_dags/example_dag_decorator.py
[2024-08-09T01:47:17.044+0000] {processor.py:840} INFO - DAG(s) 'example_dag_decorator' retrieved from /home/airflow/.local/lib/python3.12/site-packages/airflow/example_dags/example_dag_decorator.py
[2024-08-09T01:47:17.260+0000] {logging_mixin.py:188} INFO - [2024-08-09T01:47:17.259+0000] {dag.py:3089} INFO - Sync 1 DAGs
[2024-08-09T01:47:17.274+0000] {logging_mixin.py:188} INFO - [2024-08-09T01:47:17.274+0000] {dag.py:3947} INFO - Setting next_dagrun for example_dag_decorator to None, run_after=None
[2024-08-09T01:47:17.304+0000] {processor.py:183} INFO - Processing /home/airflow/.local/lib/python3.12/site-packages/airflow/example_dags/example_dag_decorator.py took 1.256 seconds
[2024-08-09T01:47:47.492+0000] {processor.py:161} INFO - Started process (PID=1599) to work on /home/airflow/.local/lib/python3.12/site-packages/airflow/example_dags/example_dag_decorator.py
[2024-08-09T01:47:47.496+0000] {processor.py:830} INFO - Processing file /home/airflow/.local/lib/python3.12/site-packages/airflow/example_dags/example_dag_decorator.py for tasks to queue
[2024-08-09T01:47:47.506+0000] {logging_mixin.py:188} INFO - [2024-08-09T01:47:47.504+0000] {dagbag.py:545} INFO - Filling up the DagBag from /home/airflow/.local/lib/python3.12/site-packages/airflow/example_dags/example_dag_decorator.py
[2024-08-09T01:47:49.061+0000] {processor.py:840} INFO - DAG(s) 'example_dag_decorator' retrieved from /home/airflow/.local/lib/python3.12/site-packages/airflow/example_dags/example_dag_decorator.py
[2024-08-09T01:47:49.133+0000] {logging_mixin.py:188} INFO - [2024-08-09T01:47:49.132+0000] {dag.py:3089} INFO - Sync 1 DAGs
[2024-08-09T01:47:49.157+0000] {logging_mixin.py:188} INFO - [2024-08-09T01:47:49.156+0000] {dag.py:3947} INFO - Setting next_dagrun for example_dag_decorator to None, run_after=None
[2024-08-09T01:47:49.203+0000] {processor.py:183} INFO - Processing /home/airflow/.local/lib/python3.12/site-packages/airflow/example_dags/example_dag_decorator.py took 1.741 seconds
[2024-08-09T01:48:20.052+0000] {processor.py:161} INFO - Started process (PID=1657) to work on /home/airflow/.local/lib/python3.12/site-packages/airflow/example_dags/example_dag_decorator.py
[2024-08-09T01:48:20.058+0000] {processor.py:830} INFO - Processing file /home/airflow/.local/lib/python3.12/site-packages/airflow/example_dags/example_dag_decorator.py for tasks to queue
[2024-08-09T01:48:20.065+0000] {logging_mixin.py:188} INFO - [2024-08-09T01:48:20.064+0000] {dagbag.py:545} INFO - Filling up the DagBag from /home/airflow/.local/lib/python3.12/site-packages/airflow/example_dags/example_dag_decorator.py
[2024-08-09T01:48:21.023+0000] {processor.py:840} INFO - DAG(s) 'example_dag_decorator' retrieved from /home/airflow/.local/lib/python3.12/site-packages/airflow/example_dags/example_dag_decorator.py
[2024-08-09T01:48:21.247+0000] {logging_mixin.py:188} INFO - [2024-08-09T01:48:21.246+0000] {dag.py:3089} INFO - Sync 1 DAGs
[2024-08-09T01:48:21.260+0000] {logging_mixin.py:188} INFO - [2024-08-09T01:48:21.260+0000] {dag.py:3947} INFO - Setting next_dagrun for example_dag_decorator to None, run_after=None
[2024-08-09T01:48:21.294+0000] {processor.py:183} INFO - Processing /home/airflow/.local/lib/python3.12/site-packages/airflow/example_dags/example_dag_decorator.py took 1.264 seconds
[2024-08-09T01:48:53.446+0000] {processor.py:161} INFO - Started process (PID=1708) to work on /home/airflow/.local/lib/python3.12/site-packages/airflow/example_dags/example_dag_decorator.py
[2024-08-09T01:48:53.451+0000] {processor.py:830} INFO - Processing file /home/airflow/.local/lib/python3.12/site-packages/airflow/example_dags/example_dag_decorator.py for tasks to queue
[2024-08-09T01:48:53.470+0000] {logging_mixin.py:188} INFO - [2024-08-09T01:48:53.469+0000] {dagbag.py:545} INFO - Filling up the DagBag from /home/airflow/.local/lib/python3.12/site-packages/airflow/example_dags/example_dag_decorator.py
[2024-08-09T01:48:57.178+0000] {processor.py:840} INFO - DAG(s) 'example_dag_decorator' retrieved from /home/airflow/.local/lib/python3.12/site-packages/airflow/example_dags/example_dag_decorator.py
[2024-08-09T01:48:57.985+0000] {logging_mixin.py:188} INFO - [2024-08-09T01:48:57.985+0000] {dag.py:3089} INFO - Sync 1 DAGs
[2024-08-09T01:48:58.009+0000] {logging_mixin.py:188} INFO - [2024-08-09T01:48:58.009+0000] {dag.py:3947} INFO - Setting next_dagrun for example_dag_decorator to None, run_after=None
[2024-08-09T01:48:58.167+0000] {processor.py:183} INFO - Processing /home/airflow/.local/lib/python3.12/site-packages/airflow/example_dags/example_dag_decorator.py took 4.779 seconds
[2024-08-09T01:49:28.623+0000] {processor.py:161} INFO - Started process (PID=1768) to work on /home/airflow/.local/lib/python3.12/site-packages/airflow/example_dags/example_dag_decorator.py
[2024-08-09T01:49:28.627+0000] {processor.py:830} INFO - Processing file /home/airflow/.local/lib/python3.12/site-packages/airflow/example_dags/example_dag_decorator.py for tasks to queue
[2024-08-09T01:49:28.638+0000] {logging_mixin.py:188} INFO - [2024-08-09T01:49:28.636+0000] {dagbag.py:545} INFO - Filling up the DagBag from /home/airflow/.local/lib/python3.12/site-packages/airflow/example_dags/example_dag_decorator.py
[2024-08-09T01:49:29.778+0000] {processor.py:840} INFO - DAG(s) 'example_dag_decorator' retrieved from /home/airflow/.local/lib/python3.12/site-packages/airflow/example_dags/example_dag_decorator.py
[2024-08-09T01:49:31.227+0000] {logging_mixin.py:188} INFO - [2024-08-09T01:49:31.226+0000] {dag.py:3089} INFO - Sync 1 DAGs
[2024-08-09T01:49:31.255+0000] {logging_mixin.py:188} INFO - [2024-08-09T01:49:31.255+0000] {dag.py:3947} INFO - Setting next_dagrun for example_dag_decorator to None, run_after=None
[2024-08-09T01:49:31.355+0000] {processor.py:183} INFO - Processing /home/airflow/.local/lib/python3.12/site-packages/airflow/example_dags/example_dag_decorator.py took 2.759 seconds
[2024-08-09T01:50:04.264+0000] {processor.py:161} INFO - Started process (PID=1825) to work on /home/airflow/.local/lib/python3.12/site-packages/airflow/example_dags/example_dag_decorator.py
[2024-08-09T01:50:04.280+0000] {processor.py:830} INFO - Processing file /home/airflow/.local/lib/python3.12/site-packages/airflow/example_dags/example_dag_decorator.py for tasks to queue
[2024-08-09T01:50:04.319+0000] {logging_mixin.py:188} INFO - [2024-08-09T01:50:04.315+0000] {dagbag.py:545} INFO - Filling up the DagBag from /home/airflow/.local/lib/python3.12/site-packages/airflow/example_dags/example_dag_decorator.py
[2024-08-09T01:50:08.928+0000] {processor.py:840} INFO - DAG(s) 'example_dag_decorator' retrieved from /home/airflow/.local/lib/python3.12/site-packages/airflow/example_dags/example_dag_decorator.py
[2024-08-09T01:50:09.515+0000] {logging_mixin.py:188} INFO - [2024-08-09T01:50:09.514+0000] {dag.py:3089} INFO - Sync 1 DAGs
[2024-08-09T01:50:09.545+0000] {logging_mixin.py:188} INFO - [2024-08-09T01:50:09.545+0000] {dag.py:3947} INFO - Setting next_dagrun for example_dag_decorator to None, run_after=None
[2024-08-09T01:50:09.599+0000] {processor.py:183} INFO - Processing /home/airflow/.local/lib/python3.12/site-packages/airflow/example_dags/example_dag_decorator.py took 5.463 seconds
[2024-08-09T01:50:42.717+0000] {processor.py:161} INFO - Started process (PID=1874) to work on /home/airflow/.local/lib/python3.12/site-packages/airflow/example_dags/example_dag_decorator.py
[2024-08-09T01:50:42.722+0000] {processor.py:830} INFO - Processing file /home/airflow/.local/lib/python3.12/site-packages/airflow/example_dags/example_dag_decorator.py for tasks to queue
[2024-08-09T01:50:42.736+0000] {logging_mixin.py:188} INFO - [2024-08-09T01:50:42.734+0000] {dagbag.py:545} INFO - Filling up the DagBag from /home/airflow/.local/lib/python3.12/site-packages/airflow/example_dags/example_dag_decorator.py
[2024-08-09T01:50:43.341+0000] {processor.py:840} INFO - DAG(s) 'example_dag_decorator' retrieved from /home/airflow/.local/lib/python3.12/site-packages/airflow/example_dags/example_dag_decorator.py
[2024-08-09T01:50:44.234+0000] {logging_mixin.py:188} INFO - [2024-08-09T01:50:44.233+0000] {dag.py:3089} INFO - Sync 1 DAGs
[2024-08-09T01:50:44.383+0000] {logging_mixin.py:188} INFO - [2024-08-09T01:50:44.383+0000] {dag.py:3947} INFO - Setting next_dagrun for example_dag_decorator to None, run_after=None
[2024-08-09T01:50:44.522+0000] {processor.py:183} INFO - Processing /home/airflow/.local/lib/python3.12/site-packages/airflow/example_dags/example_dag_decorator.py took 1.887 seconds
[2024-08-09T01:51:15.402+0000] {processor.py:161} INFO - Started process (PID=1932) to work on /home/airflow/.local/lib/python3.12/site-packages/airflow/example_dags/example_dag_decorator.py
[2024-08-09T01:51:15.405+0000] {processor.py:830} INFO - Processing file /home/airflow/.local/lib/python3.12/site-packages/airflow/example_dags/example_dag_decorator.py for tasks to queue
[2024-08-09T01:51:15.417+0000] {logging_mixin.py:188} INFO - [2024-08-09T01:51:15.416+0000] {dagbag.py:545} INFO - Filling up the DagBag from /home/airflow/.local/lib/python3.12/site-packages/airflow/example_dags/example_dag_decorator.py
[2024-08-09T01:51:15.823+0000] {processor.py:840} INFO - DAG(s) 'example_dag_decorator' retrieved from /home/airflow/.local/lib/python3.12/site-packages/airflow/example_dags/example_dag_decorator.py
[2024-08-09T01:51:16.423+0000] {logging_mixin.py:188} INFO - [2024-08-09T01:51:16.422+0000] {dag.py:3089} INFO - Sync 1 DAGs
[2024-08-09T01:51:16.477+0000] {logging_mixin.py:188} INFO - [2024-08-09T01:51:16.477+0000] {dag.py:3947} INFO - Setting next_dagrun for example_dag_decorator to None, run_after=None
[2024-08-09T01:51:16.722+0000] {processor.py:183} INFO - Processing /home/airflow/.local/lib/python3.12/site-packages/airflow/example_dags/example_dag_decorator.py took 1.350 seconds
[2024-08-09T01:51:47.141+0000] {processor.py:161} INFO - Started process (PID=1991) to work on /home/airflow/.local/lib/python3.12/site-packages/airflow/example_dags/example_dag_decorator.py
[2024-08-09T01:51:47.144+0000] {processor.py:830} INFO - Processing file /home/airflow/.local/lib/python3.12/site-packages/airflow/example_dags/example_dag_decorator.py for tasks to queue
[2024-08-09T01:51:47.149+0000] {logging_mixin.py:188} INFO - [2024-08-09T01:51:47.148+0000] {dagbag.py:545} INFO - Filling up the DagBag from /home/airflow/.local/lib/python3.12/site-packages/airflow/example_dags/example_dag_decorator.py
[2024-08-09T01:51:47.411+0000] {processor.py:840} INFO - DAG(s) 'example_dag_decorator' retrieved from /home/airflow/.local/lib/python3.12/site-packages/airflow/example_dags/example_dag_decorator.py
[2024-08-09T01:51:47.676+0000] {logging_mixin.py:188} INFO - [2024-08-09T01:51:47.676+0000] {dag.py:3089} INFO - Sync 1 DAGs
[2024-08-09T01:51:47.696+0000] {logging_mixin.py:188} INFO - [2024-08-09T01:51:47.695+0000] {dag.py:3947} INFO - Setting next_dagrun for example_dag_decorator to None, run_after=None
[2024-08-09T01:51:47.736+0000] {processor.py:183} INFO - Processing /home/airflow/.local/lib/python3.12/site-packages/airflow/example_dags/example_dag_decorator.py took 0.618 seconds
[2024-08-09T01:52:18.410+0000] {processor.py:161} INFO - Started process (PID=2049) to work on /home/airflow/.local/lib/python3.12/site-packages/airflow/example_dags/example_dag_decorator.py
[2024-08-09T01:52:18.413+0000] {processor.py:830} INFO - Processing file /home/airflow/.local/lib/python3.12/site-packages/airflow/example_dags/example_dag_decorator.py for tasks to queue
[2024-08-09T01:52:18.418+0000] {logging_mixin.py:188} INFO - [2024-08-09T01:52:18.417+0000] {dagbag.py:545} INFO - Filling up the DagBag from /home/airflow/.local/lib/python3.12/site-packages/airflow/example_dags/example_dag_decorator.py
[2024-08-09T01:52:18.604+0000] {processor.py:840} INFO - DAG(s) 'example_dag_decorator' retrieved from /home/airflow/.local/lib/python3.12/site-packages/airflow/example_dags/example_dag_decorator.py
[2024-08-09T01:52:18.837+0000] {logging_mixin.py:188} INFO - [2024-08-09T01:52:18.836+0000] {dag.py:3089} INFO - Sync 1 DAGs
[2024-08-09T01:52:18.873+0000] {logging_mixin.py:188} INFO - [2024-08-09T01:52:18.872+0000] {dag.py:3947} INFO - Setting next_dagrun for example_dag_decorator to None, run_after=None
[2024-08-09T01:52:18.924+0000] {processor.py:183} INFO - Processing /home/airflow/.local/lib/python3.12/site-packages/airflow/example_dags/example_dag_decorator.py took 0.530 seconds
[2024-08-09T01:52:49.389+0000] {processor.py:161} INFO - Started process (PID=2107) to work on /home/airflow/.local/lib/python3.12/site-packages/airflow/example_dags/example_dag_decorator.py
[2024-08-09T01:52:49.407+0000] {processor.py:830} INFO - Processing file /home/airflow/.local/lib/python3.12/site-packages/airflow/example_dags/example_dag_decorator.py for tasks to queue
[2024-08-09T01:52:49.416+0000] {logging_mixin.py:188} INFO - [2024-08-09T01:52:49.415+0000] {dagbag.py:545} INFO - Filling up the DagBag from /home/airflow/.local/lib/python3.12/site-packages/airflow/example_dags/example_dag_decorator.py
[2024-08-09T01:52:49.887+0000] {processor.py:840} INFO - DAG(s) 'example_dag_decorator' retrieved from /home/airflow/.local/lib/python3.12/site-packages/airflow/example_dags/example_dag_decorator.py
[2024-08-09T01:52:50.224+0000] {logging_mixin.py:188} INFO - [2024-08-09T01:52:50.224+0000] {dag.py:3089} INFO - Sync 1 DAGs
[2024-08-09T01:52:50.248+0000] {logging_mixin.py:188} INFO - [2024-08-09T01:52:50.247+0000] {dag.py:3947} INFO - Setting next_dagrun for example_dag_decorator to None, run_after=None
[2024-08-09T01:52:50.329+0000] {processor.py:183} INFO - Processing /home/airflow/.local/lib/python3.12/site-packages/airflow/example_dags/example_dag_decorator.py took 1.016 seconds
[2024-08-09T01:53:20.695+0000] {processor.py:161} INFO - Started process (PID=2164) to work on /home/airflow/.local/lib/python3.12/site-packages/airflow/example_dags/example_dag_decorator.py
[2024-08-09T01:53:20.702+0000] {processor.py:830} INFO - Processing file /home/airflow/.local/lib/python3.12/site-packages/airflow/example_dags/example_dag_decorator.py for tasks to queue
[2024-08-09T01:53:20.727+0000] {logging_mixin.py:188} INFO - [2024-08-09T01:53:20.724+0000] {dagbag.py:545} INFO - Filling up the DagBag from /home/airflow/.local/lib/python3.12/site-packages/airflow/example_dags/example_dag_decorator.py
[2024-08-09T01:53:21.732+0000] {processor.py:840} INFO - DAG(s) 'example_dag_decorator' retrieved from /home/airflow/.local/lib/python3.12/site-packages/airflow/example_dags/example_dag_decorator.py
[2024-08-09T01:53:22.792+0000] {logging_mixin.py:188} INFO - [2024-08-09T01:53:22.791+0000] {dag.py:3089} INFO - Sync 1 DAGs
[2024-08-09T01:53:22.849+0000] {logging_mixin.py:188} INFO - [2024-08-09T01:53:22.849+0000] {dag.py:3947} INFO - Setting next_dagrun for example_dag_decorator to None, run_after=None
[2024-08-09T01:53:22.937+0000] {processor.py:183} INFO - Processing /home/airflow/.local/lib/python3.12/site-packages/airflow/example_dags/example_dag_decorator.py took 2.304 seconds
[2024-08-09T01:53:53.333+0000] {processor.py:161} INFO - Started process (PID=2228) to work on /home/airflow/.local/lib/python3.12/site-packages/airflow/example_dags/example_dag_decorator.py
[2024-08-09T01:53:53.336+0000] {processor.py:830} INFO - Processing file /home/airflow/.local/lib/python3.12/site-packages/airflow/example_dags/example_dag_decorator.py for tasks to queue
[2024-08-09T01:53:53.342+0000] {logging_mixin.py:188} INFO - [2024-08-09T01:53:53.341+0000] {dagbag.py:545} INFO - Filling up the DagBag from /home/airflow/.local/lib/python3.12/site-packages/airflow/example_dags/example_dag_decorator.py
[2024-08-09T01:53:53.636+0000] {processor.py:840} INFO - DAG(s) 'example_dag_decorator' retrieved from /home/airflow/.local/lib/python3.12/site-packages/airflow/example_dags/example_dag_decorator.py
[2024-08-09T01:53:54.107+0000] {logging_mixin.py:188} INFO - [2024-08-09T01:53:54.107+0000] {dag.py:3089} INFO - Sync 1 DAGs
[2024-08-09T01:53:54.124+0000] {logging_mixin.py:188} INFO - [2024-08-09T01:53:54.124+0000] {dag.py:3947} INFO - Setting next_dagrun for example_dag_decorator to None, run_after=None
[2024-08-09T01:53:54.160+0000] {processor.py:183} INFO - Processing /home/airflow/.local/lib/python3.12/site-packages/airflow/example_dags/example_dag_decorator.py took 0.849 seconds
[2024-08-09T01:54:24.367+0000] {processor.py:161} INFO - Started process (PID=2287) to work on /home/airflow/.local/lib/python3.12/site-packages/airflow/example_dags/example_dag_decorator.py
[2024-08-09T01:54:24.371+0000] {processor.py:830} INFO - Processing file /home/airflow/.local/lib/python3.12/site-packages/airflow/example_dags/example_dag_decorator.py for tasks to queue
[2024-08-09T01:54:24.379+0000] {logging_mixin.py:188} INFO - [2024-08-09T01:54:24.378+0000] {dagbag.py:545} INFO - Filling up the DagBag from /home/airflow/.local/lib/python3.12/site-packages/airflow/example_dags/example_dag_decorator.py
[2024-08-09T01:54:24.661+0000] {processor.py:840} INFO - DAG(s) 'example_dag_decorator' retrieved from /home/airflow/.local/lib/python3.12/site-packages/airflow/example_dags/example_dag_decorator.py
[2024-08-09T01:54:25.014+0000] {logging_mixin.py:188} INFO - [2024-08-09T01:54:25.013+0000] {dag.py:3089} INFO - Sync 1 DAGs
[2024-08-09T01:54:25.039+0000] {logging_mixin.py:188} INFO - [2024-08-09T01:54:25.039+0000] {dag.py:3947} INFO - Setting next_dagrun for example_dag_decorator to None, run_after=None
[2024-08-09T01:54:25.092+0000] {processor.py:183} INFO - Processing /home/airflow/.local/lib/python3.12/site-packages/airflow/example_dags/example_dag_decorator.py took 0.767 seconds
[2024-08-09T01:54:55.829+0000] {processor.py:161} INFO - Started process (PID=2343) to work on /home/airflow/.local/lib/python3.12/site-packages/airflow/example_dags/example_dag_decorator.py
[2024-08-09T01:54:55.832+0000] {processor.py:830} INFO - Processing file /home/airflow/.local/lib/python3.12/site-packages/airflow/example_dags/example_dag_decorator.py for tasks to queue
[2024-08-09T01:54:55.837+0000] {logging_mixin.py:188} INFO - [2024-08-09T01:54:55.837+0000] {dagbag.py:545} INFO - Filling up the DagBag from /home/airflow/.local/lib/python3.12/site-packages/airflow/example_dags/example_dag_decorator.py
[2024-08-09T01:54:56.111+0000] {processor.py:840} INFO - DAG(s) 'example_dag_decorator' retrieved from /home/airflow/.local/lib/python3.12/site-packages/airflow/example_dags/example_dag_decorator.py
[2024-08-09T01:54:56.378+0000] {logging_mixin.py:188} INFO - [2024-08-09T01:54:56.377+0000] {dag.py:3089} INFO - Sync 1 DAGs
[2024-08-09T01:54:56.393+0000] {logging_mixin.py:188} INFO - [2024-08-09T01:54:56.393+0000] {dag.py:3947} INFO - Setting next_dagrun for example_dag_decorator to None, run_after=None
[2024-08-09T01:54:56.428+0000] {processor.py:183} INFO - Processing /home/airflow/.local/lib/python3.12/site-packages/airflow/example_dags/example_dag_decorator.py took 0.616 seconds
[2024-08-09T01:55:26.803+0000] {processor.py:161} INFO - Started process (PID=2401) to work on /home/airflow/.local/lib/python3.12/site-packages/airflow/example_dags/example_dag_decorator.py
[2024-08-09T01:55:26.806+0000] {processor.py:830} INFO - Processing file /home/airflow/.local/lib/python3.12/site-packages/airflow/example_dags/example_dag_decorator.py for tasks to queue
[2024-08-09T01:55:26.811+0000] {logging_mixin.py:188} INFO - [2024-08-09T01:55:26.810+0000] {dagbag.py:545} INFO - Filling up the DagBag from /home/airflow/.local/lib/python3.12/site-packages/airflow/example_dags/example_dag_decorator.py
[2024-08-09T01:55:27.038+0000] {processor.py:840} INFO - DAG(s) 'example_dag_decorator' retrieved from /home/airflow/.local/lib/python3.12/site-packages/airflow/example_dags/example_dag_decorator.py
[2024-08-09T01:55:27.301+0000] {logging_mixin.py:188} INFO - [2024-08-09T01:55:27.301+0000] {dag.py:3089} INFO - Sync 1 DAGs
[2024-08-09T01:55:27.326+0000] {logging_mixin.py:188} INFO - [2024-08-09T01:55:27.325+0000] {dag.py:3947} INFO - Setting next_dagrun for example_dag_decorator to None, run_after=None
[2024-08-09T01:55:27.366+0000] {processor.py:183} INFO - Processing /home/airflow/.local/lib/python3.12/site-packages/airflow/example_dags/example_dag_decorator.py took 0.597 seconds
[2024-08-09T01:55:58.133+0000] {processor.py:161} INFO - Started process (PID=2460) to work on /home/airflow/.local/lib/python3.12/site-packages/airflow/example_dags/example_dag_decorator.py
[2024-08-09T01:55:58.137+0000] {processor.py:830} INFO - Processing file /home/airflow/.local/lib/python3.12/site-packages/airflow/example_dags/example_dag_decorator.py for tasks to queue
[2024-08-09T01:55:58.143+0000] {logging_mixin.py:188} INFO - [2024-08-09T01:55:58.142+0000] {dagbag.py:545} INFO - Filling up the DagBag from /home/airflow/.local/lib/python3.12/site-packages/airflow/example_dags/example_dag_decorator.py
[2024-08-09T01:55:58.457+0000] {processor.py:840} INFO - DAG(s) 'example_dag_decorator' retrieved from /home/airflow/.local/lib/python3.12/site-packages/airflow/example_dags/example_dag_decorator.py
[2024-08-09T01:55:58.808+0000] {logging_mixin.py:188} INFO - [2024-08-09T01:55:58.808+0000] {dag.py:3089} INFO - Sync 1 DAGs
[2024-08-09T01:55:58.847+0000] {logging_mixin.py:188} INFO - [2024-08-09T01:55:58.847+0000] {dag.py:3947} INFO - Setting next_dagrun for example_dag_decorator to None, run_after=None
[2024-08-09T01:55:58.945+0000] {processor.py:183} INFO - Processing /home/airflow/.local/lib/python3.12/site-packages/airflow/example_dags/example_dag_decorator.py took 0.840 seconds
[2024-08-09T01:56:29.468+0000] {processor.py:161} INFO - Started process (PID=2518) to work on /home/airflow/.local/lib/python3.12/site-packages/airflow/example_dags/example_dag_decorator.py
[2024-08-09T01:56:29.471+0000] {processor.py:830} INFO - Processing file /home/airflow/.local/lib/python3.12/site-packages/airflow/example_dags/example_dag_decorator.py for tasks to queue
[2024-08-09T01:56:29.476+0000] {logging_mixin.py:188} INFO - [2024-08-09T01:56:29.475+0000] {dagbag.py:545} INFO - Filling up the DagBag from /home/airflow/.local/lib/python3.12/site-packages/airflow/example_dags/example_dag_decorator.py
[2024-08-09T01:56:29.729+0000] {processor.py:840} INFO - DAG(s) 'example_dag_decorator' retrieved from /home/airflow/.local/lib/python3.12/site-packages/airflow/example_dags/example_dag_decorator.py
[2024-08-09T01:56:30.017+0000] {logging_mixin.py:188} INFO - [2024-08-09T01:56:30.016+0000] {dag.py:3089} INFO - Sync 1 DAGs
[2024-08-09T01:56:30.039+0000] {logging_mixin.py:188} INFO - [2024-08-09T01:56:30.039+0000] {dag.py:3947} INFO - Setting next_dagrun for example_dag_decorator to None, run_after=None
[2024-08-09T01:56:30.084+0000] {processor.py:183} INFO - Processing /home/airflow/.local/lib/python3.12/site-packages/airflow/example_dags/example_dag_decorator.py took 0.634 seconds
[2024-08-09T01:57:00.610+0000] {processor.py:161} INFO - Started process (PID=2577) to work on /home/airflow/.local/lib/python3.12/site-packages/airflow/example_dags/example_dag_decorator.py
[2024-08-09T01:57:00.615+0000] {processor.py:830} INFO - Processing file /home/airflow/.local/lib/python3.12/site-packages/airflow/example_dags/example_dag_decorator.py for tasks to queue
[2024-08-09T01:57:00.630+0000] {logging_mixin.py:188} INFO - [2024-08-09T01:57:00.628+0000] {dagbag.py:545} INFO - Filling up the DagBag from /home/airflow/.local/lib/python3.12/site-packages/airflow/example_dags/example_dag_decorator.py
[2024-08-09T01:57:01.068+0000] {processor.py:840} INFO - DAG(s) 'example_dag_decorator' retrieved from /home/airflow/.local/lib/python3.12/site-packages/airflow/example_dags/example_dag_decorator.py
[2024-08-09T01:57:01.648+0000] {logging_mixin.py:188} INFO - [2024-08-09T01:57:01.648+0000] {dag.py:3089} INFO - Sync 1 DAGs
[2024-08-09T01:57:01.683+0000] {logging_mixin.py:188} INFO - [2024-08-09T01:57:01.683+0000] {dag.py:3947} INFO - Setting next_dagrun for example_dag_decorator to None, run_after=None
[2024-08-09T01:57:01.732+0000] {processor.py:183} INFO - Processing /home/airflow/.local/lib/python3.12/site-packages/airflow/example_dags/example_dag_decorator.py took 1.164 seconds
[2024-08-09T01:57:31.927+0000] {processor.py:161} INFO - Started process (PID=2635) to work on /home/airflow/.local/lib/python3.12/site-packages/airflow/example_dags/example_dag_decorator.py
[2024-08-09T01:57:31.933+0000] {processor.py:830} INFO - Processing file /home/airflow/.local/lib/python3.12/site-packages/airflow/example_dags/example_dag_decorator.py for tasks to queue
[2024-08-09T01:57:31.947+0000] {logging_mixin.py:188} INFO - [2024-08-09T01:57:31.945+0000] {dagbag.py:545} INFO - Filling up the DagBag from /home/airflow/.local/lib/python3.12/site-packages/airflow/example_dags/example_dag_decorator.py
[2024-08-09T01:57:32.373+0000] {processor.py:840} INFO - DAG(s) 'example_dag_decorator' retrieved from /home/airflow/.local/lib/python3.12/site-packages/airflow/example_dags/example_dag_decorator.py
[2024-08-09T01:57:32.689+0000] {logging_mixin.py:188} INFO - [2024-08-09T01:57:32.689+0000] {dag.py:3089} INFO - Sync 1 DAGs
[2024-08-09T01:57:32.726+0000] {logging_mixin.py:188} INFO - [2024-08-09T01:57:32.726+0000] {dag.py:3947} INFO - Setting next_dagrun for example_dag_decorator to None, run_after=None
[2024-08-09T01:57:32.770+0000] {processor.py:183} INFO - Processing /home/airflow/.local/lib/python3.12/site-packages/airflow/example_dags/example_dag_decorator.py took 0.913 seconds
[2024-08-09T01:58:03.106+0000] {processor.py:161} INFO - Started process (PID=2693) to work on /home/airflow/.local/lib/python3.12/site-packages/airflow/example_dags/example_dag_decorator.py
[2024-08-09T01:58:03.109+0000] {processor.py:830} INFO - Processing file /home/airflow/.local/lib/python3.12/site-packages/airflow/example_dags/example_dag_decorator.py for tasks to queue
[2024-08-09T01:58:03.114+0000] {logging_mixin.py:188} INFO - [2024-08-09T01:58:03.113+0000] {dagbag.py:545} INFO - Filling up the DagBag from /home/airflow/.local/lib/python3.12/site-packages/airflow/example_dags/example_dag_decorator.py
[2024-08-09T01:58:03.391+0000] {processor.py:840} INFO - DAG(s) 'example_dag_decorator' retrieved from /home/airflow/.local/lib/python3.12/site-packages/airflow/example_dags/example_dag_decorator.py
[2024-08-09T01:58:03.660+0000] {logging_mixin.py:188} INFO - [2024-08-09T01:58:03.660+0000] {dag.py:3089} INFO - Sync 1 DAGs
[2024-08-09T01:58:03.675+0000] {logging_mixin.py:188} INFO - [2024-08-09T01:58:03.675+0000] {dag.py:3947} INFO - Setting next_dagrun for example_dag_decorator to None, run_after=None
[2024-08-09T01:58:03.707+0000] {processor.py:183} INFO - Processing /home/airflow/.local/lib/python3.12/site-packages/airflow/example_dags/example_dag_decorator.py took 0.619 seconds
[2024-08-09T01:58:33.995+0000] {processor.py:161} INFO - Started process (PID=2752) to work on /home/airflow/.local/lib/python3.12/site-packages/airflow/example_dags/example_dag_decorator.py
[2024-08-09T01:58:34.000+0000] {processor.py:830} INFO - Processing file /home/airflow/.local/lib/python3.12/site-packages/airflow/example_dags/example_dag_decorator.py for tasks to queue
[2024-08-09T01:58:34.008+0000] {logging_mixin.py:188} INFO - [2024-08-09T01:58:34.007+0000] {dagbag.py:545} INFO - Filling up the DagBag from /home/airflow/.local/lib/python3.12/site-packages/airflow/example_dags/example_dag_decorator.py
[2024-08-09T01:58:34.956+0000] {processor.py:840} INFO - DAG(s) 'example_dag_decorator' retrieved from /home/airflow/.local/lib/python3.12/site-packages/airflow/example_dags/example_dag_decorator.py
[2024-08-09T01:58:35.835+0000] {logging_mixin.py:188} INFO - [2024-08-09T01:58:35.834+0000] {dag.py:3089} INFO - Sync 1 DAGs
[2024-08-09T01:58:35.865+0000] {logging_mixin.py:188} INFO - [2024-08-09T01:58:35.864+0000] {dag.py:3947} INFO - Setting next_dagrun for example_dag_decorator to None, run_after=None
[2024-08-09T01:58:35.920+0000] {processor.py:183} INFO - Processing /home/airflow/.local/lib/python3.12/site-packages/airflow/example_dags/example_dag_decorator.py took 1.974 seconds
[2024-08-09T01:59:06.324+0000] {processor.py:161} INFO - Started process (PID=2811) to work on /home/airflow/.local/lib/python3.12/site-packages/airflow/example_dags/example_dag_decorator.py
[2024-08-09T01:59:06.330+0000] {processor.py:830} INFO - Processing file /home/airflow/.local/lib/python3.12/site-packages/airflow/example_dags/example_dag_decorator.py for tasks to queue
[2024-08-09T01:59:06.358+0000] {logging_mixin.py:188} INFO - [2024-08-09T01:59:06.348+0000] {dagbag.py:545} INFO - Filling up the DagBag from /home/airflow/.local/lib/python3.12/site-packages/airflow/example_dags/example_dag_decorator.py
[2024-08-09T01:59:07.128+0000] {processor.py:840} INFO - DAG(s) 'example_dag_decorator' retrieved from /home/airflow/.local/lib/python3.12/site-packages/airflow/example_dags/example_dag_decorator.py
[2024-08-09T01:59:07.732+0000] {logging_mixin.py:188} INFO - [2024-08-09T01:59:07.731+0000] {dag.py:3089} INFO - Sync 1 DAGs
[2024-08-09T01:59:07.808+0000] {logging_mixin.py:188} INFO - [2024-08-09T01:59:07.808+0000] {dag.py:3947} INFO - Setting next_dagrun for example_dag_decorator to None, run_after=None
[2024-08-09T01:59:07.927+0000] {processor.py:183} INFO - Processing /home/airflow/.local/lib/python3.12/site-packages/airflow/example_dags/example_dag_decorator.py took 1.678 seconds
[2024-08-09T01:59:38.929+0000] {processor.py:161} INFO - Started process (PID=2870) to work on /home/airflow/.local/lib/python3.12/site-packages/airflow/example_dags/example_dag_decorator.py
[2024-08-09T01:59:38.931+0000] {processor.py:830} INFO - Processing file /home/airflow/.local/lib/python3.12/site-packages/airflow/example_dags/example_dag_decorator.py for tasks to queue
[2024-08-09T01:59:38.936+0000] {logging_mixin.py:188} INFO - [2024-08-09T01:59:38.935+0000] {dagbag.py:545} INFO - Filling up the DagBag from /home/airflow/.local/lib/python3.12/site-packages/airflow/example_dags/example_dag_decorator.py
[2024-08-09T01:59:39.149+0000] {processor.py:840} INFO - DAG(s) 'example_dag_decorator' retrieved from /home/airflow/.local/lib/python3.12/site-packages/airflow/example_dags/example_dag_decorator.py
[2024-08-09T01:59:39.389+0000] {logging_mixin.py:188} INFO - [2024-08-09T01:59:39.389+0000] {dag.py:3089} INFO - Sync 1 DAGs
[2024-08-09T01:59:39.404+0000] {logging_mixin.py:188} INFO - [2024-08-09T01:59:39.404+0000] {dag.py:3947} INFO - Setting next_dagrun for example_dag_decorator to None, run_after=None
[2024-08-09T01:59:39.435+0000] {processor.py:183} INFO - Processing /home/airflow/.local/lib/python3.12/site-packages/airflow/example_dags/example_dag_decorator.py took 0.523 seconds
[2024-08-09T02:00:09.707+0000] {processor.py:161} INFO - Started process (PID=2927) to work on /home/airflow/.local/lib/python3.12/site-packages/airflow/example_dags/example_dag_decorator.py
[2024-08-09T02:00:09.710+0000] {processor.py:830} INFO - Processing file /home/airflow/.local/lib/python3.12/site-packages/airflow/example_dags/example_dag_decorator.py for tasks to queue
[2024-08-09T02:00:09.716+0000] {logging_mixin.py:188} INFO - [2024-08-09T02:00:09.715+0000] {dagbag.py:545} INFO - Filling up the DagBag from /home/airflow/.local/lib/python3.12/site-packages/airflow/example_dags/example_dag_decorator.py
[2024-08-09T02:00:09.951+0000] {processor.py:840} INFO - DAG(s) 'example_dag_decorator' retrieved from /home/airflow/.local/lib/python3.12/site-packages/airflow/example_dags/example_dag_decorator.py
[2024-08-09T02:00:10.217+0000] {logging_mixin.py:188} INFO - [2024-08-09T02:00:10.216+0000] {dag.py:3089} INFO - Sync 1 DAGs
[2024-08-09T02:00:10.236+0000] {logging_mixin.py:188} INFO - [2024-08-09T02:00:10.236+0000] {dag.py:3947} INFO - Setting next_dagrun for example_dag_decorator to None, run_after=None
[2024-08-09T02:00:10.270+0000] {processor.py:183} INFO - Processing /home/airflow/.local/lib/python3.12/site-packages/airflow/example_dags/example_dag_decorator.py took 0.585 seconds
[2024-08-09T02:00:40.571+0000] {processor.py:161} INFO - Started process (PID=2985) to work on /home/airflow/.local/lib/python3.12/site-packages/airflow/example_dags/example_dag_decorator.py
[2024-08-09T02:00:40.574+0000] {processor.py:830} INFO - Processing file /home/airflow/.local/lib/python3.12/site-packages/airflow/example_dags/example_dag_decorator.py for tasks to queue
[2024-08-09T02:00:40.579+0000] {logging_mixin.py:188} INFO - [2024-08-09T02:00:40.578+0000] {dagbag.py:545} INFO - Filling up the DagBag from /home/airflow/.local/lib/python3.12/site-packages/airflow/example_dags/example_dag_decorator.py
[2024-08-09T02:00:40.813+0000] {processor.py:840} INFO - DAG(s) 'example_dag_decorator' retrieved from /home/airflow/.local/lib/python3.12/site-packages/airflow/example_dags/example_dag_decorator.py
[2024-08-09T02:00:41.048+0000] {logging_mixin.py:188} INFO - [2024-08-09T02:00:41.048+0000] {dag.py:3089} INFO - Sync 1 DAGs
[2024-08-09T02:00:41.063+0000] {logging_mixin.py:188} INFO - [2024-08-09T02:00:41.063+0000] {dag.py:3947} INFO - Setting next_dagrun for example_dag_decorator to None, run_after=None
[2024-08-09T02:00:41.098+0000] {processor.py:183} INFO - Processing /home/airflow/.local/lib/python3.12/site-packages/airflow/example_dags/example_dag_decorator.py took 0.544 seconds
[2024-08-09T02:01:11.511+0000] {processor.py:161} INFO - Started process (PID=3043) to work on /home/airflow/.local/lib/python3.12/site-packages/airflow/example_dags/example_dag_decorator.py
[2024-08-09T02:01:11.515+0000] {processor.py:830} INFO - Processing file /home/airflow/.local/lib/python3.12/site-packages/airflow/example_dags/example_dag_decorator.py for tasks to queue
[2024-08-09T02:01:11.525+0000] {logging_mixin.py:188} INFO - [2024-08-09T02:01:11.524+0000] {dagbag.py:545} INFO - Filling up the DagBag from /home/airflow/.local/lib/python3.12/site-packages/airflow/example_dags/example_dag_decorator.py
[2024-08-09T02:01:11.908+0000] {processor.py:840} INFO - DAG(s) 'example_dag_decorator' retrieved from /home/airflow/.local/lib/python3.12/site-packages/airflow/example_dags/example_dag_decorator.py
[2024-08-09T02:01:12.326+0000] {logging_mixin.py:188} INFO - [2024-08-09T02:01:12.326+0000] {dag.py:3089} INFO - Sync 1 DAGs
[2024-08-09T02:01:12.351+0000] {logging_mixin.py:188} INFO - [2024-08-09T02:01:12.351+0000] {dag.py:3947} INFO - Setting next_dagrun for example_dag_decorator to None, run_after=None
[2024-08-09T02:01:12.412+0000] {processor.py:183} INFO - Processing /home/airflow/.local/lib/python3.12/site-packages/airflow/example_dags/example_dag_decorator.py took 0.934 seconds
[2024-08-09T02:01:43.104+0000] {processor.py:161} INFO - Started process (PID=3102) to work on /home/airflow/.local/lib/python3.12/site-packages/airflow/example_dags/example_dag_decorator.py
[2024-08-09T02:01:43.115+0000] {processor.py:830} INFO - Processing file /home/airflow/.local/lib/python3.12/site-packages/airflow/example_dags/example_dag_decorator.py for tasks to queue
[2024-08-09T02:01:43.129+0000] {logging_mixin.py:188} INFO - [2024-08-09T02:01:43.126+0000] {dagbag.py:545} INFO - Filling up the DagBag from /home/airflow/.local/lib/python3.12/site-packages/airflow/example_dags/example_dag_decorator.py
[2024-08-09T02:01:43.618+0000] {processor.py:840} INFO - DAG(s) 'example_dag_decorator' retrieved from /home/airflow/.local/lib/python3.12/site-packages/airflow/example_dags/example_dag_decorator.py
[2024-08-09T02:01:44.100+0000] {logging_mixin.py:188} INFO - [2024-08-09T02:01:44.100+0000] {dag.py:3089} INFO - Sync 1 DAGs
[2024-08-09T02:01:44.130+0000] {logging_mixin.py:188} INFO - [2024-08-09T02:01:44.130+0000] {dag.py:3947} INFO - Setting next_dagrun for example_dag_decorator to None, run_after=None
[2024-08-09T02:01:44.210+0000] {processor.py:183} INFO - Processing /home/airflow/.local/lib/python3.12/site-packages/airflow/example_dags/example_dag_decorator.py took 1.156 seconds
[2024-08-09T02:02:14.404+0000] {processor.py:161} INFO - Started process (PID=3162) to work on /home/airflow/.local/lib/python3.12/site-packages/airflow/example_dags/example_dag_decorator.py
[2024-08-09T02:02:14.408+0000] {processor.py:830} INFO - Processing file /home/airflow/.local/lib/python3.12/site-packages/airflow/example_dags/example_dag_decorator.py for tasks to queue
[2024-08-09T02:02:14.416+0000] {logging_mixin.py:188} INFO - [2024-08-09T02:02:14.415+0000] {dagbag.py:545} INFO - Filling up the DagBag from /home/airflow/.local/lib/python3.12/site-packages/airflow/example_dags/example_dag_decorator.py
[2024-08-09T02:02:14.753+0000] {processor.py:840} INFO - DAG(s) 'example_dag_decorator' retrieved from /home/airflow/.local/lib/python3.12/site-packages/airflow/example_dags/example_dag_decorator.py
[2024-08-09T02:02:15.081+0000] {logging_mixin.py:188} INFO - [2024-08-09T02:02:15.080+0000] {dag.py:3089} INFO - Sync 1 DAGs
[2024-08-09T02:02:15.103+0000] {logging_mixin.py:188} INFO - [2024-08-09T02:02:15.102+0000] {dag.py:3947} INFO - Setting next_dagrun for example_dag_decorator to None, run_after=None
[2024-08-09T02:02:15.142+0000] {processor.py:183} INFO - Processing /home/airflow/.local/lib/python3.12/site-packages/airflow/example_dags/example_dag_decorator.py took 0.764 seconds
[2024-08-09T02:02:45.620+0000] {processor.py:161} INFO - Started process (PID=3220) to work on /home/airflow/.local/lib/python3.12/site-packages/airflow/example_dags/example_dag_decorator.py
[2024-08-09T02:02:45.626+0000] {processor.py:830} INFO - Processing file /home/airflow/.local/lib/python3.12/site-packages/airflow/example_dags/example_dag_decorator.py for tasks to queue
[2024-08-09T02:02:45.632+0000] {logging_mixin.py:188} INFO - [2024-08-09T02:02:45.631+0000] {dagbag.py:545} INFO - Filling up the DagBag from /home/airflow/.local/lib/python3.12/site-packages/airflow/example_dags/example_dag_decorator.py
[2024-08-09T02:02:45.876+0000] {processor.py:840} INFO - DAG(s) 'example_dag_decorator' retrieved from /home/airflow/.local/lib/python3.12/site-packages/airflow/example_dags/example_dag_decorator.py
[2024-08-09T02:02:46.109+0000] {logging_mixin.py:188} INFO - [2024-08-09T02:02:46.108+0000] {dag.py:3089} INFO - Sync 1 DAGs
[2024-08-09T02:02:46.123+0000] {logging_mixin.py:188} INFO - [2024-08-09T02:02:46.123+0000] {dag.py:3947} INFO - Setting next_dagrun for example_dag_decorator to None, run_after=None
[2024-08-09T02:02:46.162+0000] {processor.py:183} INFO - Processing /home/airflow/.local/lib/python3.12/site-packages/airflow/example_dags/example_dag_decorator.py took 0.561 seconds
[2024-08-09T02:03:16.373+0000] {processor.py:161} INFO - Started process (PID=3278) to work on /home/airflow/.local/lib/python3.12/site-packages/airflow/example_dags/example_dag_decorator.py
[2024-08-09T02:03:16.376+0000] {processor.py:830} INFO - Processing file /home/airflow/.local/lib/python3.12/site-packages/airflow/example_dags/example_dag_decorator.py for tasks to queue
[2024-08-09T02:03:16.381+0000] {logging_mixin.py:188} INFO - [2024-08-09T02:03:16.380+0000] {dagbag.py:545} INFO - Filling up the DagBag from /home/airflow/.local/lib/python3.12/site-packages/airflow/example_dags/example_dag_decorator.py
[2024-08-09T02:03:16.601+0000] {processor.py:840} INFO - DAG(s) 'example_dag_decorator' retrieved from /home/airflow/.local/lib/python3.12/site-packages/airflow/example_dags/example_dag_decorator.py
[2024-08-09T02:03:16.834+0000] {logging_mixin.py:188} INFO - [2024-08-09T02:03:16.833+0000] {dag.py:3089} INFO - Sync 1 DAGs
[2024-08-09T02:03:16.849+0000] {logging_mixin.py:188} INFO - [2024-08-09T02:03:16.849+0000] {dag.py:3947} INFO - Setting next_dagrun for example_dag_decorator to None, run_after=None
[2024-08-09T02:03:16.890+0000] {processor.py:183} INFO - Processing /home/airflow/.local/lib/python3.12/site-packages/airflow/example_dags/example_dag_decorator.py took 0.533 seconds
[2024-08-09T02:03:47.180+0000] {processor.py:161} INFO - Started process (PID=3335) to work on /home/airflow/.local/lib/python3.12/site-packages/airflow/example_dags/example_dag_decorator.py
[2024-08-09T02:03:47.183+0000] {processor.py:830} INFO - Processing file /home/airflow/.local/lib/python3.12/site-packages/airflow/example_dags/example_dag_decorator.py for tasks to queue
[2024-08-09T02:03:47.187+0000] {logging_mixin.py:188} INFO - [2024-08-09T02:03:47.187+0000] {dagbag.py:545} INFO - Filling up the DagBag from /home/airflow/.local/lib/python3.12/site-packages/airflow/example_dags/example_dag_decorator.py
[2024-08-09T02:03:47.395+0000] {processor.py:840} INFO - DAG(s) 'example_dag_decorator' retrieved from /home/airflow/.local/lib/python3.12/site-packages/airflow/example_dags/example_dag_decorator.py
[2024-08-09T02:03:47.634+0000] {logging_mixin.py:188} INFO - [2024-08-09T02:03:47.634+0000] {dag.py:3089} INFO - Sync 1 DAGs
[2024-08-09T02:03:47.659+0000] {logging_mixin.py:188} INFO - [2024-08-09T02:03:47.659+0000] {dag.py:3947} INFO - Setting next_dagrun for example_dag_decorator to None, run_after=None
[2024-08-09T02:03:47.700+0000] {processor.py:183} INFO - Processing /home/airflow/.local/lib/python3.12/site-packages/airflow/example_dags/example_dag_decorator.py took 0.535 seconds
[2024-08-09T02:04:18.005+0000] {processor.py:161} INFO - Started process (PID=3394) to work on /home/airflow/.local/lib/python3.12/site-packages/airflow/example_dags/example_dag_decorator.py
[2024-08-09T02:04:18.008+0000] {processor.py:830} INFO - Processing file /home/airflow/.local/lib/python3.12/site-packages/airflow/example_dags/example_dag_decorator.py for tasks to queue
[2024-08-09T02:04:18.013+0000] {logging_mixin.py:188} INFO - [2024-08-09T02:04:18.012+0000] {dagbag.py:545} INFO - Filling up the DagBag from /home/airflow/.local/lib/python3.12/site-packages/airflow/example_dags/example_dag_decorator.py
[2024-08-09T02:04:18.328+0000] {processor.py:840} INFO - DAG(s) 'example_dag_decorator' retrieved from /home/airflow/.local/lib/python3.12/site-packages/airflow/example_dags/example_dag_decorator.py
[2024-08-09T02:04:18.670+0000] {logging_mixin.py:188} INFO - [2024-08-09T02:04:18.670+0000] {dag.py:3089} INFO - Sync 1 DAGs
[2024-08-09T02:04:18.692+0000] {logging_mixin.py:188} INFO - [2024-08-09T02:04:18.692+0000] {dag.py:3947} INFO - Setting next_dagrun for example_dag_decorator to None, run_after=None
[2024-08-09T02:04:18.736+0000] {processor.py:183} INFO - Processing /home/airflow/.local/lib/python3.12/site-packages/airflow/example_dags/example_dag_decorator.py took 0.748 seconds
[2024-08-09T02:04:48.906+0000] {processor.py:161} INFO - Started process (PID=3452) to work on /home/airflow/.local/lib/python3.12/site-packages/airflow/example_dags/example_dag_decorator.py
[2024-08-09T02:04:48.909+0000] {processor.py:830} INFO - Processing file /home/airflow/.local/lib/python3.12/site-packages/airflow/example_dags/example_dag_decorator.py for tasks to queue
[2024-08-09T02:04:48.916+0000] {logging_mixin.py:188} INFO - [2024-08-09T02:04:48.915+0000] {dagbag.py:545} INFO - Filling up the DagBag from /home/airflow/.local/lib/python3.12/site-packages/airflow/example_dags/example_dag_decorator.py
[2024-08-09T02:04:49.107+0000] {processor.py:840} INFO - DAG(s) 'example_dag_decorator' retrieved from /home/airflow/.local/lib/python3.12/site-packages/airflow/example_dags/example_dag_decorator.py
[2024-08-09T02:04:49.339+0000] {logging_mixin.py:188} INFO - [2024-08-09T02:04:49.338+0000] {dag.py:3089} INFO - Sync 1 DAGs
[2024-08-09T02:04:49.373+0000] {logging_mixin.py:188} INFO - [2024-08-09T02:04:49.373+0000] {dag.py:3947} INFO - Setting next_dagrun for example_dag_decorator to None, run_after=None
[2024-08-09T02:04:49.432+0000] {processor.py:183} INFO - Processing /home/airflow/.local/lib/python3.12/site-packages/airflow/example_dags/example_dag_decorator.py took 0.543 seconds
[2024-08-09T02:05:20.109+0000] {processor.py:161} INFO - Started process (PID=3511) to work on /home/airflow/.local/lib/python3.12/site-packages/airflow/example_dags/example_dag_decorator.py
[2024-08-09T02:05:20.114+0000] {processor.py:830} INFO - Processing file /home/airflow/.local/lib/python3.12/site-packages/airflow/example_dags/example_dag_decorator.py for tasks to queue
[2024-08-09T02:05:20.125+0000] {logging_mixin.py:188} INFO - [2024-08-09T02:05:20.124+0000] {dagbag.py:545} INFO - Filling up the DagBag from /home/airflow/.local/lib/python3.12/site-packages/airflow/example_dags/example_dag_decorator.py
[2024-08-09T02:05:20.867+0000] {processor.py:840} INFO - DAG(s) 'example_dag_decorator' retrieved from /home/airflow/.local/lib/python3.12/site-packages/airflow/example_dags/example_dag_decorator.py
[2024-08-09T02:05:21.303+0000] {logging_mixin.py:188} INFO - [2024-08-09T02:05:21.302+0000] {dag.py:3089} INFO - Sync 1 DAGs
[2024-08-09T02:05:21.326+0000] {logging_mixin.py:188} INFO - [2024-08-09T02:05:21.325+0000] {dag.py:3947} INFO - Setting next_dagrun for example_dag_decorator to None, run_after=None
[2024-08-09T02:05:21.371+0000] {processor.py:183} INFO - Processing /home/airflow/.local/lib/python3.12/site-packages/airflow/example_dags/example_dag_decorator.py took 1.298 seconds
[2024-08-09T02:05:52.027+0000] {processor.py:161} INFO - Started process (PID=3569) to work on /home/airflow/.local/lib/python3.12/site-packages/airflow/example_dags/example_dag_decorator.py
[2024-08-09T02:05:52.031+0000] {processor.py:830} INFO - Processing file /home/airflow/.local/lib/python3.12/site-packages/airflow/example_dags/example_dag_decorator.py for tasks to queue
[2024-08-09T02:05:52.041+0000] {logging_mixin.py:188} INFO - [2024-08-09T02:05:52.038+0000] {dagbag.py:545} INFO - Filling up the DagBag from /home/airflow/.local/lib/python3.12/site-packages/airflow/example_dags/example_dag_decorator.py
[2024-08-09T02:05:52.656+0000] {processor.py:840} INFO - DAG(s) 'example_dag_decorator' retrieved from /home/airflow/.local/lib/python3.12/site-packages/airflow/example_dags/example_dag_decorator.py
[2024-08-09T02:05:53.569+0000] {logging_mixin.py:188} INFO - [2024-08-09T02:05:53.568+0000] {dag.py:3089} INFO - Sync 1 DAGs
[2024-08-09T02:05:53.700+0000] {logging_mixin.py:188} INFO - [2024-08-09T02:05:53.691+0000] {dag.py:3947} INFO - Setting next_dagrun for example_dag_decorator to None, run_after=None
[2024-08-09T02:05:53.851+0000] {processor.py:183} INFO - Processing /home/airflow/.local/lib/python3.12/site-packages/airflow/example_dags/example_dag_decorator.py took 1.908 seconds
[2024-08-09T02:06:24.321+0000] {processor.py:161} INFO - Started process (PID=3628) to work on /home/airflow/.local/lib/python3.12/site-packages/airflow/example_dags/example_dag_decorator.py
[2024-08-09T02:06:24.324+0000] {processor.py:830} INFO - Processing file /home/airflow/.local/lib/python3.12/site-packages/airflow/example_dags/example_dag_decorator.py for tasks to queue
[2024-08-09T02:06:24.331+0000] {logging_mixin.py:188} INFO - [2024-08-09T02:06:24.330+0000] {dagbag.py:545} INFO - Filling up the DagBag from /home/airflow/.local/lib/python3.12/site-packages/airflow/example_dags/example_dag_decorator.py
[2024-08-09T02:06:24.714+0000] {processor.py:840} INFO - DAG(s) 'example_dag_decorator' retrieved from /home/airflow/.local/lib/python3.12/site-packages/airflow/example_dags/example_dag_decorator.py
[2024-08-09T02:06:25.111+0000] {logging_mixin.py:188} INFO - [2024-08-09T02:06:25.110+0000] {dag.py:3089} INFO - Sync 1 DAGs
[2024-08-09T02:06:25.131+0000] {logging_mixin.py:188} INFO - [2024-08-09T02:06:25.131+0000] {dag.py:3947} INFO - Setting next_dagrun for example_dag_decorator to None, run_after=None
[2024-08-09T02:06:25.164+0000] {processor.py:183} INFO - Processing /home/airflow/.local/lib/python3.12/site-packages/airflow/example_dags/example_dag_decorator.py took 0.863 seconds
[2024-08-09T02:06:55.792+0000] {processor.py:161} INFO - Started process (PID=3687) to work on /home/airflow/.local/lib/python3.12/site-packages/airflow/example_dags/example_dag_decorator.py
[2024-08-09T02:06:55.795+0000] {processor.py:830} INFO - Processing file /home/airflow/.local/lib/python3.12/site-packages/airflow/example_dags/example_dag_decorator.py for tasks to queue
[2024-08-09T02:06:55.801+0000] {logging_mixin.py:188} INFO - [2024-08-09T02:06:55.800+0000] {dagbag.py:545} INFO - Filling up the DagBag from /home/airflow/.local/lib/python3.12/site-packages/airflow/example_dags/example_dag_decorator.py
[2024-08-09T02:06:56.007+0000] {processor.py:840} INFO - DAG(s) 'example_dag_decorator' retrieved from /home/airflow/.local/lib/python3.12/site-packages/airflow/example_dags/example_dag_decorator.py
[2024-08-09T02:06:56.208+0000] {logging_mixin.py:188} INFO - [2024-08-09T02:06:56.208+0000] {dag.py:3089} INFO - Sync 1 DAGs
[2024-08-09T02:06:56.230+0000] {logging_mixin.py:188} INFO - [2024-08-09T02:06:56.229+0000] {dag.py:3947} INFO - Setting next_dagrun for example_dag_decorator to None, run_after=None
[2024-08-09T02:06:56.275+0000] {processor.py:183} INFO - Processing /home/airflow/.local/lib/python3.12/site-packages/airflow/example_dags/example_dag_decorator.py took 0.501 seconds
[2024-08-09T02:07:26.495+0000] {processor.py:161} INFO - Started process (PID=3744) to work on /home/airflow/.local/lib/python3.12/site-packages/airflow/example_dags/example_dag_decorator.py
[2024-08-09T02:07:26.498+0000] {processor.py:830} INFO - Processing file /home/airflow/.local/lib/python3.12/site-packages/airflow/example_dags/example_dag_decorator.py for tasks to queue
[2024-08-09T02:07:26.502+0000] {logging_mixin.py:188} INFO - [2024-08-09T02:07:26.502+0000] {dagbag.py:545} INFO - Filling up the DagBag from /home/airflow/.local/lib/python3.12/site-packages/airflow/example_dags/example_dag_decorator.py
[2024-08-09T02:07:26.796+0000] {processor.py:840} INFO - DAG(s) 'example_dag_decorator' retrieved from /home/airflow/.local/lib/python3.12/site-packages/airflow/example_dags/example_dag_decorator.py
[2024-08-09T02:07:27.217+0000] {logging_mixin.py:188} INFO - [2024-08-09T02:07:27.217+0000] {dag.py:3089} INFO - Sync 1 DAGs
[2024-08-09T02:07:27.236+0000] {logging_mixin.py:188} INFO - [2024-08-09T02:07:27.236+0000] {dag.py:3947} INFO - Setting next_dagrun for example_dag_decorator to None, run_after=None
[2024-08-09T02:07:27.278+0000] {processor.py:183} INFO - Processing /home/airflow/.local/lib/python3.12/site-packages/airflow/example_dags/example_dag_decorator.py took 0.799 seconds
[2024-08-09T02:07:57.787+0000] {processor.py:161} INFO - Started process (PID=3801) to work on /home/airflow/.local/lib/python3.12/site-packages/airflow/example_dags/example_dag_decorator.py
[2024-08-09T02:07:57.790+0000] {processor.py:830} INFO - Processing file /home/airflow/.local/lib/python3.12/site-packages/airflow/example_dags/example_dag_decorator.py for tasks to queue
[2024-08-09T02:07:57.795+0000] {logging_mixin.py:188} INFO - [2024-08-09T02:07:57.794+0000] {dagbag.py:545} INFO - Filling up the DagBag from /home/airflow/.local/lib/python3.12/site-packages/airflow/example_dags/example_dag_decorator.py
[2024-08-09T02:07:57.999+0000] {processor.py:840} INFO - DAG(s) 'example_dag_decorator' retrieved from /home/airflow/.local/lib/python3.12/site-packages/airflow/example_dags/example_dag_decorator.py
[2024-08-09T02:07:58.233+0000] {logging_mixin.py:188} INFO - [2024-08-09T02:07:58.232+0000] {dag.py:3089} INFO - Sync 1 DAGs
[2024-08-09T02:07:58.249+0000] {logging_mixin.py:188} INFO - [2024-08-09T02:07:58.248+0000] {dag.py:3947} INFO - Setting next_dagrun for example_dag_decorator to None, run_after=None
[2024-08-09T02:07:58.280+0000] {processor.py:183} INFO - Processing /home/airflow/.local/lib/python3.12/site-packages/airflow/example_dags/example_dag_decorator.py took 0.509 seconds
[2024-08-09T02:08:28.366+0000] {processor.py:161} INFO - Started process (PID=3860) to work on /home/airflow/.local/lib/python3.12/site-packages/airflow/example_dags/example_dag_decorator.py
[2024-08-09T02:08:28.368+0000] {processor.py:830} INFO - Processing file /home/airflow/.local/lib/python3.12/site-packages/airflow/example_dags/example_dag_decorator.py for tasks to queue
[2024-08-09T02:08:28.374+0000] {logging_mixin.py:188} INFO - [2024-08-09T02:08:28.373+0000] {dagbag.py:545} INFO - Filling up the DagBag from /home/airflow/.local/lib/python3.12/site-packages/airflow/example_dags/example_dag_decorator.py
[2024-08-09T02:08:28.590+0000] {processor.py:840} INFO - DAG(s) 'example_dag_decorator' retrieved from /home/airflow/.local/lib/python3.12/site-packages/airflow/example_dags/example_dag_decorator.py
[2024-08-09T02:08:28.791+0000] {logging_mixin.py:188} INFO - [2024-08-09T02:08:28.790+0000] {dag.py:3089} INFO - Sync 1 DAGs
[2024-08-09T02:08:28.806+0000] {logging_mixin.py:188} INFO - [2024-08-09T02:08:28.806+0000] {dag.py:3947} INFO - Setting next_dagrun for example_dag_decorator to None, run_after=None
[2024-08-09T02:08:28.842+0000] {processor.py:183} INFO - Processing /home/airflow/.local/lib/python3.12/site-packages/airflow/example_dags/example_dag_decorator.py took 0.495 seconds
[2024-08-09T02:08:59.039+0000] {processor.py:161} INFO - Started process (PID=3919) to work on /home/airflow/.local/lib/python3.12/site-packages/airflow/example_dags/example_dag_decorator.py
[2024-08-09T02:08:59.042+0000] {processor.py:830} INFO - Processing file /home/airflow/.local/lib/python3.12/site-packages/airflow/example_dags/example_dag_decorator.py for tasks to queue
[2024-08-09T02:08:59.046+0000] {logging_mixin.py:188} INFO - [2024-08-09T02:08:59.045+0000] {dagbag.py:545} INFO - Filling up the DagBag from /home/airflow/.local/lib/python3.12/site-packages/airflow/example_dags/example_dag_decorator.py
[2024-08-09T02:08:59.259+0000] {processor.py:840} INFO - DAG(s) 'example_dag_decorator' retrieved from /home/airflow/.local/lib/python3.12/site-packages/airflow/example_dags/example_dag_decorator.py
[2024-08-09T02:08:59.496+0000] {logging_mixin.py:188} INFO - [2024-08-09T02:08:59.496+0000] {dag.py:3089} INFO - Sync 1 DAGs
[2024-08-09T02:08:59.512+0000] {logging_mixin.py:188} INFO - [2024-08-09T02:08:59.512+0000] {dag.py:3947} INFO - Setting next_dagrun for example_dag_decorator to None, run_after=None
[2024-08-09T02:08:59.541+0000] {processor.py:183} INFO - Processing /home/airflow/.local/lib/python3.12/site-packages/airflow/example_dags/example_dag_decorator.py took 0.518 seconds
[2024-08-09T02:09:30.074+0000] {processor.py:161} INFO - Started process (PID=3978) to work on /home/airflow/.local/lib/python3.12/site-packages/airflow/example_dags/example_dag_decorator.py
[2024-08-09T02:09:30.079+0000] {processor.py:830} INFO - Processing file /home/airflow/.local/lib/python3.12/site-packages/airflow/example_dags/example_dag_decorator.py for tasks to queue
[2024-08-09T02:09:30.089+0000] {logging_mixin.py:188} INFO - [2024-08-09T02:09:30.085+0000] {dagbag.py:545} INFO - Filling up the DagBag from /home/airflow/.local/lib/python3.12/site-packages/airflow/example_dags/example_dag_decorator.py
[2024-08-09T02:09:30.475+0000] {processor.py:840} INFO - DAG(s) 'example_dag_decorator' retrieved from /home/airflow/.local/lib/python3.12/site-packages/airflow/example_dags/example_dag_decorator.py
[2024-08-09T02:09:30.889+0000] {logging_mixin.py:188} INFO - [2024-08-09T02:09:30.888+0000] {dag.py:3089} INFO - Sync 1 DAGs
[2024-08-09T02:09:30.932+0000] {logging_mixin.py:188} INFO - [2024-08-09T02:09:30.932+0000] {dag.py:3947} INFO - Setting next_dagrun for example_dag_decorator to None, run_after=None
[2024-08-09T02:09:31.014+0000] {processor.py:183} INFO - Processing /home/airflow/.local/lib/python3.12/site-packages/airflow/example_dags/example_dag_decorator.py took 0.963 seconds
[2024-08-09T02:10:01.825+0000] {processor.py:161} INFO - Started process (PID=4036) to work on /home/airflow/.local/lib/python3.12/site-packages/airflow/example_dags/example_dag_decorator.py
[2024-08-09T02:10:01.829+0000] {processor.py:830} INFO - Processing file /home/airflow/.local/lib/python3.12/site-packages/airflow/example_dags/example_dag_decorator.py for tasks to queue
[2024-08-09T02:10:01.836+0000] {logging_mixin.py:188} INFO - [2024-08-09T02:10:01.835+0000] {dagbag.py:545} INFO - Filling up the DagBag from /home/airflow/.local/lib/python3.12/site-packages/airflow/example_dags/example_dag_decorator.py
[2024-08-09T02:10:02.229+0000] {processor.py:840} INFO - DAG(s) 'example_dag_decorator' retrieved from /home/airflow/.local/lib/python3.12/site-packages/airflow/example_dags/example_dag_decorator.py
[2024-08-09T02:10:02.898+0000] {logging_mixin.py:188} INFO - [2024-08-09T02:10:02.898+0000] {dag.py:3089} INFO - Sync 1 DAGs
[2024-08-09T02:10:02.930+0000] {logging_mixin.py:188} INFO - [2024-08-09T02:10:02.930+0000] {dag.py:3947} INFO - Setting next_dagrun for example_dag_decorator to None, run_after=None
[2024-08-09T02:10:03.004+0000] {processor.py:183} INFO - Processing /home/airflow/.local/lib/python3.12/site-packages/airflow/example_dags/example_dag_decorator.py took 1.203 seconds
[2024-08-09T02:10:33.419+0000] {processor.py:161} INFO - Started process (PID=4102) to work on /home/airflow/.local/lib/python3.12/site-packages/airflow/example_dags/example_dag_decorator.py
[2024-08-09T02:10:33.421+0000] {processor.py:830} INFO - Processing file /home/airflow/.local/lib/python3.12/site-packages/airflow/example_dags/example_dag_decorator.py for tasks to queue
[2024-08-09T02:10:33.426+0000] {logging_mixin.py:188} INFO - [2024-08-09T02:10:33.426+0000] {dagbag.py:545} INFO - Filling up the DagBag from /home/airflow/.local/lib/python3.12/site-packages/airflow/example_dags/example_dag_decorator.py
[2024-08-09T02:10:33.785+0000] {processor.py:840} INFO - DAG(s) 'example_dag_decorator' retrieved from /home/airflow/.local/lib/python3.12/site-packages/airflow/example_dags/example_dag_decorator.py
[2024-08-09T02:10:34.160+0000] {logging_mixin.py:188} INFO - [2024-08-09T02:10:34.160+0000] {dag.py:3089} INFO - Sync 1 DAGs
[2024-08-09T02:10:34.188+0000] {logging_mixin.py:188} INFO - [2024-08-09T02:10:34.188+0000] {dag.py:3947} INFO - Setting next_dagrun for example_dag_decorator to None, run_after=None
[2024-08-09T02:10:34.234+0000] {processor.py:183} INFO - Processing /home/airflow/.local/lib/python3.12/site-packages/airflow/example_dags/example_dag_decorator.py took 0.838 seconds
[2024-08-09T02:11:04.512+0000] {processor.py:161} INFO - Started process (PID=4160) to work on /home/airflow/.local/lib/python3.12/site-packages/airflow/example_dags/example_dag_decorator.py
[2024-08-09T02:11:04.514+0000] {processor.py:830} INFO - Processing file /home/airflow/.local/lib/python3.12/site-packages/airflow/example_dags/example_dag_decorator.py for tasks to queue
[2024-08-09T02:11:04.520+0000] {logging_mixin.py:188} INFO - [2024-08-09T02:11:04.519+0000] {dagbag.py:545} INFO - Filling up the DagBag from /home/airflow/.local/lib/python3.12/site-packages/airflow/example_dags/example_dag_decorator.py
[2024-08-09T02:11:04.748+0000] {processor.py:840} INFO - DAG(s) 'example_dag_decorator' retrieved from /home/airflow/.local/lib/python3.12/site-packages/airflow/example_dags/example_dag_decorator.py
[2024-08-09T02:11:04.997+0000] {logging_mixin.py:188} INFO - [2024-08-09T02:11:04.997+0000] {dag.py:3089} INFO - Sync 1 DAGs
[2024-08-09T02:11:05.017+0000] {logging_mixin.py:188} INFO - [2024-08-09T02:11:05.016+0000] {dag.py:3947} INFO - Setting next_dagrun for example_dag_decorator to None, run_after=None
[2024-08-09T02:11:05.053+0000] {processor.py:183} INFO - Processing /home/airflow/.local/lib/python3.12/site-packages/airflow/example_dags/example_dag_decorator.py took 0.563 seconds
[2024-08-09T02:11:35.996+0000] {processor.py:161} INFO - Started process (PID=4220) to work on /home/airflow/.local/lib/python3.12/site-packages/airflow/example_dags/example_dag_decorator.py
[2024-08-09T02:11:36.003+0000] {processor.py:830} INFO - Processing file /home/airflow/.local/lib/python3.12/site-packages/airflow/example_dags/example_dag_decorator.py for tasks to queue
[2024-08-09T02:11:36.019+0000] {logging_mixin.py:188} INFO - [2024-08-09T02:11:36.017+0000] {dagbag.py:545} INFO - Filling up the DagBag from /home/airflow/.local/lib/python3.12/site-packages/airflow/example_dags/example_dag_decorator.py
[2024-08-09T02:11:36.345+0000] {processor.py:840} INFO - DAG(s) 'example_dag_decorator' retrieved from /home/airflow/.local/lib/python3.12/site-packages/airflow/example_dags/example_dag_decorator.py
[2024-08-09T02:11:36.741+0000] {logging_mixin.py:188} INFO - [2024-08-09T02:11:36.740+0000] {dag.py:3089} INFO - Sync 1 DAGs
[2024-08-09T02:11:36.775+0000] {logging_mixin.py:188} INFO - [2024-08-09T02:11:36.774+0000] {dag.py:3947} INFO - Setting next_dagrun for example_dag_decorator to None, run_after=None
[2024-08-09T02:11:36.852+0000] {processor.py:183} INFO - Processing /home/airflow/.local/lib/python3.12/site-packages/airflow/example_dags/example_dag_decorator.py took 0.891 seconds
[2024-08-09T02:12:08.227+0000] {processor.py:161} INFO - Started process (PID=4280) to work on /home/airflow/.local/lib/python3.12/site-packages/airflow/example_dags/example_dag_decorator.py
[2024-08-09T02:12:08.231+0000] {processor.py:830} INFO - Processing file /home/airflow/.local/lib/python3.12/site-packages/airflow/example_dags/example_dag_decorator.py for tasks to queue
[2024-08-09T02:12:08.237+0000] {logging_mixin.py:188} INFO - [2024-08-09T02:12:08.236+0000] {dagbag.py:545} INFO - Filling up the DagBag from /home/airflow/.local/lib/python3.12/site-packages/airflow/example_dags/example_dag_decorator.py
[2024-08-09T02:12:08.476+0000] {processor.py:840} INFO - DAG(s) 'example_dag_decorator' retrieved from /home/airflow/.local/lib/python3.12/site-packages/airflow/example_dags/example_dag_decorator.py
[2024-08-09T02:12:08.767+0000] {logging_mixin.py:188} INFO - [2024-08-09T02:12:08.766+0000] {dag.py:3089} INFO - Sync 1 DAGs
[2024-08-09T02:12:08.793+0000] {logging_mixin.py:188} INFO - [2024-08-09T02:12:08.791+0000] {dag.py:3947} INFO - Setting next_dagrun for example_dag_decorator to None, run_after=None
[2024-08-09T02:12:08.830+0000] {processor.py:183} INFO - Processing /home/airflow/.local/lib/python3.12/site-packages/airflow/example_dags/example_dag_decorator.py took 0.626 seconds
[2024-08-09T02:12:39.231+0000] {processor.py:161} INFO - Started process (PID=4338) to work on /home/airflow/.local/lib/python3.12/site-packages/airflow/example_dags/example_dag_decorator.py
[2024-08-09T02:12:39.234+0000] {processor.py:830} INFO - Processing file /home/airflow/.local/lib/python3.12/site-packages/airflow/example_dags/example_dag_decorator.py for tasks to queue
[2024-08-09T02:12:39.242+0000] {logging_mixin.py:188} INFO - [2024-08-09T02:12:39.241+0000] {dagbag.py:545} INFO - Filling up the DagBag from /home/airflow/.local/lib/python3.12/site-packages/airflow/example_dags/example_dag_decorator.py
[2024-08-09T02:12:39.563+0000] {processor.py:840} INFO - DAG(s) 'example_dag_decorator' retrieved from /home/airflow/.local/lib/python3.12/site-packages/airflow/example_dags/example_dag_decorator.py
[2024-08-09T02:12:39.961+0000] {logging_mixin.py:188} INFO - [2024-08-09T02:12:39.961+0000] {dag.py:3089} INFO - Sync 1 DAGs
[2024-08-09T02:12:39.980+0000] {logging_mixin.py:188} INFO - [2024-08-09T02:12:39.980+0000] {dag.py:3947} INFO - Setting next_dagrun for example_dag_decorator to None, run_after=None
[2024-08-09T02:12:40.032+0000] {processor.py:183} INFO - Processing /home/airflow/.local/lib/python3.12/site-packages/airflow/example_dags/example_dag_decorator.py took 0.830 seconds
[2024-08-09T02:13:10.339+0000] {processor.py:161} INFO - Started process (PID=4397) to work on /home/airflow/.local/lib/python3.12/site-packages/airflow/example_dags/example_dag_decorator.py
[2024-08-09T02:13:10.342+0000] {processor.py:830} INFO - Processing file /home/airflow/.local/lib/python3.12/site-packages/airflow/example_dags/example_dag_decorator.py for tasks to queue
[2024-08-09T02:13:10.348+0000] {logging_mixin.py:188} INFO - [2024-08-09T02:13:10.347+0000] {dagbag.py:545} INFO - Filling up the DagBag from /home/airflow/.local/lib/python3.12/site-packages/airflow/example_dags/example_dag_decorator.py
[2024-08-09T02:13:10.649+0000] {processor.py:840} INFO - DAG(s) 'example_dag_decorator' retrieved from /home/airflow/.local/lib/python3.12/site-packages/airflow/example_dags/example_dag_decorator.py
[2024-08-09T02:13:11.120+0000] {logging_mixin.py:188} INFO - [2024-08-09T02:13:11.119+0000] {dag.py:3089} INFO - Sync 1 DAGs
[2024-08-09T02:13:11.144+0000] {logging_mixin.py:188} INFO - [2024-08-09T02:13:11.144+0000] {dag.py:3947} INFO - Setting next_dagrun for example_dag_decorator to None, run_after=None
[2024-08-09T02:13:11.198+0000] {processor.py:183} INFO - Processing /home/airflow/.local/lib/python3.12/site-packages/airflow/example_dags/example_dag_decorator.py took 0.889 seconds
[2024-08-09T02:13:41.997+0000] {processor.py:161} INFO - Started process (PID=4457) to work on /home/airflow/.local/lib/python3.12/site-packages/airflow/example_dags/example_dag_decorator.py
[2024-08-09T02:13:42.000+0000] {processor.py:830} INFO - Processing file /home/airflow/.local/lib/python3.12/site-packages/airflow/example_dags/example_dag_decorator.py for tasks to queue
[2024-08-09T02:13:42.006+0000] {logging_mixin.py:188} INFO - [2024-08-09T02:13:42.005+0000] {dagbag.py:545} INFO - Filling up the DagBag from /home/airflow/.local/lib/python3.12/site-packages/airflow/example_dags/example_dag_decorator.py
[2024-08-09T02:13:42.335+0000] {processor.py:840} INFO - DAG(s) 'example_dag_decorator' retrieved from /home/airflow/.local/lib/python3.12/site-packages/airflow/example_dags/example_dag_decorator.py
[2024-08-09T02:13:42.696+0000] {logging_mixin.py:188} INFO - [2024-08-09T02:13:42.695+0000] {dag.py:3089} INFO - Sync 1 DAGs
[2024-08-09T02:13:42.722+0000] {logging_mixin.py:188} INFO - [2024-08-09T02:13:42.722+0000] {dag.py:3947} INFO - Setting next_dagrun for example_dag_decorator to None, run_after=None
[2024-08-09T02:13:42.784+0000] {processor.py:183} INFO - Processing /home/airflow/.local/lib/python3.12/site-packages/airflow/example_dags/example_dag_decorator.py took 0.810 seconds
[2024-08-09T02:14:12.958+0000] {processor.py:161} INFO - Started process (PID=4516) to work on /home/airflow/.local/lib/python3.12/site-packages/airflow/example_dags/example_dag_decorator.py
[2024-08-09T02:14:12.967+0000] {processor.py:830} INFO - Processing file /home/airflow/.local/lib/python3.12/site-packages/airflow/example_dags/example_dag_decorator.py for tasks to queue
[2024-08-09T02:14:12.987+0000] {logging_mixin.py:188} INFO - [2024-08-09T02:14:12.980+0000] {dagbag.py:545} INFO - Filling up the DagBag from /home/airflow/.local/lib/python3.12/site-packages/airflow/example_dags/example_dag_decorator.py
[2024-08-09T02:14:13.385+0000] {processor.py:840} INFO - DAG(s) 'example_dag_decorator' retrieved from /home/airflow/.local/lib/python3.12/site-packages/airflow/example_dags/example_dag_decorator.py
[2024-08-09T02:14:13.762+0000] {logging_mixin.py:188} INFO - [2024-08-09T02:14:13.762+0000] {dag.py:3089} INFO - Sync 1 DAGs
[2024-08-09T02:14:13.815+0000] {logging_mixin.py:188} INFO - [2024-08-09T02:14:13.815+0000] {dag.py:3947} INFO - Setting next_dagrun for example_dag_decorator to None, run_after=None
[2024-08-09T02:14:13.893+0000] {processor.py:183} INFO - Processing /home/airflow/.local/lib/python3.12/site-packages/airflow/example_dags/example_dag_decorator.py took 0.966 seconds
[2024-08-09T02:14:44.349+0000] {processor.py:161} INFO - Started process (PID=4575) to work on /home/airflow/.local/lib/python3.12/site-packages/airflow/example_dags/example_dag_decorator.py
[2024-08-09T02:14:44.353+0000] {processor.py:830} INFO - Processing file /home/airflow/.local/lib/python3.12/site-packages/airflow/example_dags/example_dag_decorator.py for tasks to queue
[2024-08-09T02:14:44.357+0000] {logging_mixin.py:188} INFO - [2024-08-09T02:14:44.356+0000] {dagbag.py:545} INFO - Filling up the DagBag from /home/airflow/.local/lib/python3.12/site-packages/airflow/example_dags/example_dag_decorator.py
[2024-08-09T02:14:44.601+0000] {processor.py:840} INFO - DAG(s) 'example_dag_decorator' retrieved from /home/airflow/.local/lib/python3.12/site-packages/airflow/example_dags/example_dag_decorator.py
[2024-08-09T02:14:44.898+0000] {logging_mixin.py:188} INFO - [2024-08-09T02:14:44.898+0000] {dag.py:3089} INFO - Sync 1 DAGs
[2024-08-09T02:14:44.913+0000] {logging_mixin.py:188} INFO - [2024-08-09T02:14:44.913+0000] {dag.py:3947} INFO - Setting next_dagrun for example_dag_decorator to None, run_after=None
[2024-08-09T02:14:44.946+0000] {processor.py:183} INFO - Processing /home/airflow/.local/lib/python3.12/site-packages/airflow/example_dags/example_dag_decorator.py took 0.616 seconds
[2024-08-09T02:15:15.674+0000] {processor.py:161} INFO - Started process (PID=4633) to work on /home/airflow/.local/lib/python3.12/site-packages/airflow/example_dags/example_dag_decorator.py
[2024-08-09T02:15:15.677+0000] {processor.py:830} INFO - Processing file /home/airflow/.local/lib/python3.12/site-packages/airflow/example_dags/example_dag_decorator.py for tasks to queue
[2024-08-09T02:15:15.682+0000] {logging_mixin.py:188} INFO - [2024-08-09T02:15:15.682+0000] {dagbag.py:545} INFO - Filling up the DagBag from /home/airflow/.local/lib/python3.12/site-packages/airflow/example_dags/example_dag_decorator.py
[2024-08-09T02:15:16.008+0000] {processor.py:840} INFO - DAG(s) 'example_dag_decorator' retrieved from /home/airflow/.local/lib/python3.12/site-packages/airflow/example_dags/example_dag_decorator.py
[2024-08-09T02:15:16.300+0000] {logging_mixin.py:188} INFO - [2024-08-09T02:15:16.300+0000] {dag.py:3089} INFO - Sync 1 DAGs
[2024-08-09T02:15:16.319+0000] {logging_mixin.py:188} INFO - [2024-08-09T02:15:16.318+0000] {dag.py:3947} INFO - Setting next_dagrun for example_dag_decorator to None, run_after=None
[2024-08-09T02:15:16.361+0000] {processor.py:183} INFO - Processing /home/airflow/.local/lib/python3.12/site-packages/airflow/example_dags/example_dag_decorator.py took 0.705 seconds
[2024-08-09T02:15:46.734+0000] {processor.py:161} INFO - Started process (PID=4691) to work on /home/airflow/.local/lib/python3.12/site-packages/airflow/example_dags/example_dag_decorator.py
[2024-08-09T02:15:46.737+0000] {processor.py:830} INFO - Processing file /home/airflow/.local/lib/python3.12/site-packages/airflow/example_dags/example_dag_decorator.py for tasks to queue
[2024-08-09T02:15:46.742+0000] {logging_mixin.py:188} INFO - [2024-08-09T02:15:46.740+0000] {dagbag.py:545} INFO - Filling up the DagBag from /home/airflow/.local/lib/python3.12/site-packages/airflow/example_dags/example_dag_decorator.py
[2024-08-09T02:15:46.916+0000] {processor.py:840} INFO - DAG(s) 'example_dag_decorator' retrieved from /home/airflow/.local/lib/python3.12/site-packages/airflow/example_dags/example_dag_decorator.py
[2024-08-09T02:15:46.962+0000] {logging_mixin.py:188} INFO - [2024-08-09T02:15:46.962+0000] {dag.py:3089} INFO - Sync 1 DAGs
[2024-08-09T02:15:46.983+0000] {logging_mixin.py:188} INFO - [2024-08-09T02:15:46.982+0000] {dag.py:3947} INFO - Setting next_dagrun for example_dag_decorator to None, run_after=None
[2024-08-09T02:15:47.011+0000] {processor.py:183} INFO - Processing /home/airflow/.local/lib/python3.12/site-packages/airflow/example_dags/example_dag_decorator.py took 0.291 seconds
