[2024-08-09T01:42:34.158+0000] {processor.py:161} INFO - Started process (PID=1007) to work on /home/airflow/.local/lib/python3.12/site-packages/airflow/example_dags/example_branch_python_dop_operator_3.py
[2024-08-09T01:42:34.164+0000] {processor.py:830} INFO - Processing file /home/airflow/.local/lib/python3.12/site-packages/airflow/example_dags/example_branch_python_dop_operator_3.py for tasks to queue
[2024-08-09T01:42:34.171+0000] {logging_mixin.py:188} INFO - [2024-08-09T01:42:34.170+0000] {dagbag.py:545} INFO - Filling up the DagBag from /home/airflow/.local/lib/python3.12/site-packages/airflow/example_dags/example_branch_python_dop_operator_3.py
[2024-08-09T01:42:34.199+0000] {processor.py:840} INFO - DAG(s) 'example_branch_dop_operator_v3' retrieved from /home/airflow/.local/lib/python3.12/site-packages/airflow/example_dags/example_branch_python_dop_operator_3.py
[2024-08-09T01:42:34.270+0000] {logging_mixin.py:188} INFO - [2024-08-09T01:42:34.269+0000] {dag.py:3089} INFO - Sync 1 DAGs
[2024-08-09T01:42:34.320+0000] {logging_mixin.py:188} INFO - [2024-08-09T01:42:34.320+0000] {dag.py:3947} INFO - Setting next_dagrun for example_branch_dop_operator_v3 to 2024-08-09 01:41:00+00:00, run_after=2024-08-09 01:42:00+00:00
[2024-08-09T01:42:34.365+0000] {processor.py:183} INFO - Processing /home/airflow/.local/lib/python3.12/site-packages/airflow/example_dags/example_branch_python_dop_operator_3.py took 0.236 seconds
[2024-08-09T01:43:04.781+0000] {processor.py:161} INFO - Started process (PID=1066) to work on /home/airflow/.local/lib/python3.12/site-packages/airflow/example_dags/example_branch_python_dop_operator_3.py
[2024-08-09T01:43:04.785+0000] {processor.py:830} INFO - Processing file /home/airflow/.local/lib/python3.12/site-packages/airflow/example_dags/example_branch_python_dop_operator_3.py for tasks to queue
[2024-08-09T01:43:04.790+0000] {logging_mixin.py:188} INFO - [2024-08-09T01:43:04.790+0000] {dagbag.py:545} INFO - Filling up the DagBag from /home/airflow/.local/lib/python3.12/site-packages/airflow/example_dags/example_branch_python_dop_operator_3.py
[2024-08-09T01:43:04.817+0000] {processor.py:840} INFO - DAG(s) 'example_branch_dop_operator_v3' retrieved from /home/airflow/.local/lib/python3.12/site-packages/airflow/example_dags/example_branch_python_dop_operator_3.py
[2024-08-09T01:43:04.908+0000] {logging_mixin.py:188} INFO - [2024-08-09T01:43:04.907+0000] {dag.py:3089} INFO - Sync 1 DAGs
[2024-08-09T01:43:04.971+0000] {logging_mixin.py:188} INFO - [2024-08-09T01:43:04.971+0000] {dag.py:3947} INFO - Setting next_dagrun for example_branch_dop_operator_v3 to 2024-08-09 01:42:00+00:00, run_after=2024-08-09 01:43:00+00:00
[2024-08-09T01:43:05.008+0000] {processor.py:183} INFO - Processing /home/airflow/.local/lib/python3.12/site-packages/airflow/example_dags/example_branch_python_dop_operator_3.py took 0.247 seconds
[2024-08-09T01:43:36.938+0000] {processor.py:161} INFO - Started process (PID=1124) to work on /home/airflow/.local/lib/python3.12/site-packages/airflow/example_dags/example_branch_python_dop_operator_3.py
[2024-08-09T01:43:36.941+0000] {processor.py:830} INFO - Processing file /home/airflow/.local/lib/python3.12/site-packages/airflow/example_dags/example_branch_python_dop_operator_3.py for tasks to queue
[2024-08-09T01:43:36.959+0000] {logging_mixin.py:188} INFO - [2024-08-09T01:43:36.956+0000] {dagbag.py:545} INFO - Filling up the DagBag from /home/airflow/.local/lib/python3.12/site-packages/airflow/example_dags/example_branch_python_dop_operator_3.py
[2024-08-09T01:43:36.999+0000] {processor.py:840} INFO - DAG(s) 'example_branch_dop_operator_v3' retrieved from /home/airflow/.local/lib/python3.12/site-packages/airflow/example_dags/example_branch_python_dop_operator_3.py
[2024-08-09T01:43:37.074+0000] {logging_mixin.py:188} INFO - [2024-08-09T01:43:37.074+0000] {dag.py:3089} INFO - Sync 1 DAGs
[2024-08-09T01:43:37.138+0000] {logging_mixin.py:188} INFO - [2024-08-09T01:43:37.138+0000] {dag.py:3947} INFO - Setting next_dagrun for example_branch_dop_operator_v3 to 2024-08-09 01:42:00+00:00, run_after=2024-08-09 01:43:00+00:00
[2024-08-09T01:43:37.193+0000] {processor.py:183} INFO - Processing /home/airflow/.local/lib/python3.12/site-packages/airflow/example_dags/example_branch_python_dop_operator_3.py took 0.279 seconds
[2024-08-09T01:44:09.774+0000] {processor.py:161} INFO - Started process (PID=1182) to work on /home/airflow/.local/lib/python3.12/site-packages/airflow/example_dags/example_branch_python_dop_operator_3.py
[2024-08-09T01:44:09.779+0000] {processor.py:830} INFO - Processing file /home/airflow/.local/lib/python3.12/site-packages/airflow/example_dags/example_branch_python_dop_operator_3.py for tasks to queue
[2024-08-09T01:44:09.792+0000] {logging_mixin.py:188} INFO - [2024-08-09T01:44:09.791+0000] {dagbag.py:545} INFO - Filling up the DagBag from /home/airflow/.local/lib/python3.12/site-packages/airflow/example_dags/example_branch_python_dop_operator_3.py
[2024-08-09T01:44:09.852+0000] {processor.py:840} INFO - DAG(s) 'example_branch_dop_operator_v3' retrieved from /home/airflow/.local/lib/python3.12/site-packages/airflow/example_dags/example_branch_python_dop_operator_3.py
[2024-08-09T01:44:10.004+0000] {logging_mixin.py:188} INFO - [2024-08-09T01:44:10.003+0000] {dag.py:3089} INFO - Sync 1 DAGs
[2024-08-09T01:44:10.141+0000] {logging_mixin.py:188} INFO - [2024-08-09T01:44:10.141+0000] {dag.py:3947} INFO - Setting next_dagrun for example_branch_dop_operator_v3 to 2024-08-09 01:43:00+00:00, run_after=2024-08-09 01:44:00+00:00
[2024-08-09T01:44:10.245+0000] {processor.py:183} INFO - Processing /home/airflow/.local/lib/python3.12/site-packages/airflow/example_dags/example_branch_python_dop_operator_3.py took 0.503 seconds
[2024-08-09T01:44:40.751+0000] {processor.py:161} INFO - Started process (PID=1240) to work on /home/airflow/.local/lib/python3.12/site-packages/airflow/example_dags/example_branch_python_dop_operator_3.py
[2024-08-09T01:44:40.754+0000] {processor.py:830} INFO - Processing file /home/airflow/.local/lib/python3.12/site-packages/airflow/example_dags/example_branch_python_dop_operator_3.py for tasks to queue
[2024-08-09T01:44:40.760+0000] {logging_mixin.py:188} INFO - [2024-08-09T01:44:40.759+0000] {dagbag.py:545} INFO - Filling up the DagBag from /home/airflow/.local/lib/python3.12/site-packages/airflow/example_dags/example_branch_python_dop_operator_3.py
[2024-08-09T01:44:40.787+0000] {processor.py:840} INFO - DAG(s) 'example_branch_dop_operator_v3' retrieved from /home/airflow/.local/lib/python3.12/site-packages/airflow/example_dags/example_branch_python_dop_operator_3.py
[2024-08-09T01:44:40.847+0000] {logging_mixin.py:188} INFO - [2024-08-09T01:44:40.847+0000] {dag.py:3089} INFO - Sync 1 DAGs
[2024-08-09T01:44:40.928+0000] {logging_mixin.py:188} INFO - [2024-08-09T01:44:40.928+0000] {dag.py:3947} INFO - Setting next_dagrun for example_branch_dop_operator_v3 to 2024-08-09 01:43:00+00:00, run_after=2024-08-09 01:44:00+00:00
[2024-08-09T01:44:40.973+0000] {processor.py:183} INFO - Processing /home/airflow/.local/lib/python3.12/site-packages/airflow/example_dags/example_branch_python_dop_operator_3.py took 0.237 seconds
[2024-08-09T01:45:11.193+0000] {processor.py:161} INFO - Started process (PID=1298) to work on /home/airflow/.local/lib/python3.12/site-packages/airflow/example_dags/example_branch_python_dop_operator_3.py
[2024-08-09T01:45:11.196+0000] {processor.py:830} INFO - Processing file /home/airflow/.local/lib/python3.12/site-packages/airflow/example_dags/example_branch_python_dop_operator_3.py for tasks to queue
[2024-08-09T01:45:11.202+0000] {logging_mixin.py:188} INFO - [2024-08-09T01:45:11.201+0000] {dagbag.py:545} INFO - Filling up the DagBag from /home/airflow/.local/lib/python3.12/site-packages/airflow/example_dags/example_branch_python_dop_operator_3.py
[2024-08-09T01:45:11.231+0000] {processor.py:840} INFO - DAG(s) 'example_branch_dop_operator_v3' retrieved from /home/airflow/.local/lib/python3.12/site-packages/airflow/example_dags/example_branch_python_dop_operator_3.py
[2024-08-09T01:45:11.310+0000] {logging_mixin.py:188} INFO - [2024-08-09T01:45:11.310+0000] {dag.py:3089} INFO - Sync 1 DAGs
[2024-08-09T01:45:11.366+0000] {logging_mixin.py:188} INFO - [2024-08-09T01:45:11.366+0000] {dag.py:3947} INFO - Setting next_dagrun for example_branch_dop_operator_v3 to 2024-08-09 01:44:00+00:00, run_after=2024-08-09 01:45:00+00:00
[2024-08-09T01:45:11.420+0000] {processor.py:183} INFO - Processing /home/airflow/.local/lib/python3.12/site-packages/airflow/example_dags/example_branch_python_dop_operator_3.py took 0.243 seconds
[2024-08-09T01:45:42.008+0000] {processor.py:161} INFO - Started process (PID=1354) to work on /home/airflow/.local/lib/python3.12/site-packages/airflow/example_dags/example_branch_python_dop_operator_3.py
[2024-08-09T01:45:42.011+0000] {processor.py:830} INFO - Processing file /home/airflow/.local/lib/python3.12/site-packages/airflow/example_dags/example_branch_python_dop_operator_3.py for tasks to queue
[2024-08-09T01:45:42.015+0000] {logging_mixin.py:188} INFO - [2024-08-09T01:45:42.015+0000] {dagbag.py:545} INFO - Filling up the DagBag from /home/airflow/.local/lib/python3.12/site-packages/airflow/example_dags/example_branch_python_dop_operator_3.py
[2024-08-09T01:45:42.038+0000] {processor.py:840} INFO - DAG(s) 'example_branch_dop_operator_v3' retrieved from /home/airflow/.local/lib/python3.12/site-packages/airflow/example_dags/example_branch_python_dop_operator_3.py
[2024-08-09T01:45:42.093+0000] {logging_mixin.py:188} INFO - [2024-08-09T01:45:42.093+0000] {dag.py:3089} INFO - Sync 1 DAGs
[2024-08-09T01:45:42.141+0000] {logging_mixin.py:188} INFO - [2024-08-09T01:45:42.141+0000] {dag.py:3947} INFO - Setting next_dagrun for example_branch_dop_operator_v3 to 2024-08-09 01:44:00+00:00, run_after=2024-08-09 01:45:00+00:00
[2024-08-09T01:45:42.175+0000] {processor.py:183} INFO - Processing /home/airflow/.local/lib/python3.12/site-packages/airflow/example_dags/example_branch_python_dop_operator_3.py took 0.181 seconds
[2024-08-09T01:46:13.230+0000] {processor.py:161} INFO - Started process (PID=1412) to work on /home/airflow/.local/lib/python3.12/site-packages/airflow/example_dags/example_branch_python_dop_operator_3.py
[2024-08-09T01:46:13.234+0000] {processor.py:830} INFO - Processing file /home/airflow/.local/lib/python3.12/site-packages/airflow/example_dags/example_branch_python_dop_operator_3.py for tasks to queue
[2024-08-09T01:46:13.240+0000] {logging_mixin.py:188} INFO - [2024-08-09T01:46:13.240+0000] {dagbag.py:545} INFO - Filling up the DagBag from /home/airflow/.local/lib/python3.12/site-packages/airflow/example_dags/example_branch_python_dop_operator_3.py
[2024-08-09T01:46:13.264+0000] {processor.py:840} INFO - DAG(s) 'example_branch_dop_operator_v3' retrieved from /home/airflow/.local/lib/python3.12/site-packages/airflow/example_dags/example_branch_python_dop_operator_3.py
[2024-08-09T01:46:13.320+0000] {logging_mixin.py:188} INFO - [2024-08-09T01:46:13.320+0000] {dag.py:3089} INFO - Sync 1 DAGs
[2024-08-09T01:46:13.374+0000] {logging_mixin.py:188} INFO - [2024-08-09T01:46:13.374+0000] {dag.py:3947} INFO - Setting next_dagrun for example_branch_dop_operator_v3 to 2024-08-09 01:45:00+00:00, run_after=2024-08-09 01:46:00+00:00
[2024-08-09T01:46:13.414+0000] {processor.py:183} INFO - Processing /home/airflow/.local/lib/python3.12/site-packages/airflow/example_dags/example_branch_python_dop_operator_3.py took 0.206 seconds
[2024-08-09T01:46:43.760+0000] {processor.py:161} INFO - Started process (PID=1469) to work on /home/airflow/.local/lib/python3.12/site-packages/airflow/example_dags/example_branch_python_dop_operator_3.py
[2024-08-09T01:46:43.766+0000] {processor.py:830} INFO - Processing file /home/airflow/.local/lib/python3.12/site-packages/airflow/example_dags/example_branch_python_dop_operator_3.py for tasks to queue
[2024-08-09T01:46:43.772+0000] {logging_mixin.py:188} INFO - [2024-08-09T01:46:43.771+0000] {dagbag.py:545} INFO - Filling up the DagBag from /home/airflow/.local/lib/python3.12/site-packages/airflow/example_dags/example_branch_python_dop_operator_3.py
[2024-08-09T01:46:43.802+0000] {processor.py:840} INFO - DAG(s) 'example_branch_dop_operator_v3' retrieved from /home/airflow/.local/lib/python3.12/site-packages/airflow/example_dags/example_branch_python_dop_operator_3.py
[2024-08-09T01:46:43.859+0000] {logging_mixin.py:188} INFO - [2024-08-09T01:46:43.859+0000] {dag.py:3089} INFO - Sync 1 DAGs
[2024-08-09T01:46:43.910+0000] {logging_mixin.py:188} INFO - [2024-08-09T01:46:43.909+0000] {dag.py:3947} INFO - Setting next_dagrun for example_branch_dop_operator_v3 to 2024-08-09 01:45:00+00:00, run_after=2024-08-09 01:46:00+00:00
[2024-08-09T01:46:43.945+0000] {processor.py:183} INFO - Processing /home/airflow/.local/lib/python3.12/site-packages/airflow/example_dags/example_branch_python_dop_operator_3.py took 0.211 seconds
[2024-08-09T01:47:14.432+0000] {processor.py:161} INFO - Started process (PID=1526) to work on /home/airflow/.local/lib/python3.12/site-packages/airflow/example_dags/example_branch_python_dop_operator_3.py
[2024-08-09T01:47:14.436+0000] {processor.py:830} INFO - Processing file /home/airflow/.local/lib/python3.12/site-packages/airflow/example_dags/example_branch_python_dop_operator_3.py for tasks to queue
[2024-08-09T01:47:14.445+0000] {logging_mixin.py:188} INFO - [2024-08-09T01:47:14.444+0000] {dagbag.py:545} INFO - Filling up the DagBag from /home/airflow/.local/lib/python3.12/site-packages/airflow/example_dags/example_branch_python_dop_operator_3.py
[2024-08-09T01:47:14.477+0000] {processor.py:840} INFO - DAG(s) 'example_branch_dop_operator_v3' retrieved from /home/airflow/.local/lib/python3.12/site-packages/airflow/example_dags/example_branch_python_dop_operator_3.py
[2024-08-09T01:47:14.556+0000] {logging_mixin.py:188} INFO - [2024-08-09T01:47:14.556+0000] {dag.py:3089} INFO - Sync 1 DAGs
[2024-08-09T01:47:14.627+0000] {logging_mixin.py:188} INFO - [2024-08-09T01:47:14.626+0000] {dag.py:3947} INFO - Setting next_dagrun for example_branch_dop_operator_v3 to 2024-08-09 01:46:00+00:00, run_after=2024-08-09 01:47:00+00:00
[2024-08-09T01:47:14.682+0000] {processor.py:183} INFO - Processing /home/airflow/.local/lib/python3.12/site-packages/airflow/example_dags/example_branch_python_dop_operator_3.py took 0.274 seconds
[2024-08-09T01:47:44.811+0000] {processor.py:161} INFO - Started process (PID=1584) to work on /home/airflow/.local/lib/python3.12/site-packages/airflow/example_dags/example_branch_python_dop_operator_3.py
[2024-08-09T01:47:44.818+0000] {processor.py:830} INFO - Processing file /home/airflow/.local/lib/python3.12/site-packages/airflow/example_dags/example_branch_python_dop_operator_3.py for tasks to queue
[2024-08-09T01:47:44.828+0000] {logging_mixin.py:188} INFO - [2024-08-09T01:47:44.827+0000] {dagbag.py:545} INFO - Filling up the DagBag from /home/airflow/.local/lib/python3.12/site-packages/airflow/example_dags/example_branch_python_dop_operator_3.py
[2024-08-09T01:47:44.865+0000] {processor.py:840} INFO - DAG(s) 'example_branch_dop_operator_v3' retrieved from /home/airflow/.local/lib/python3.12/site-packages/airflow/example_dags/example_branch_python_dop_operator_3.py
[2024-08-09T01:47:44.945+0000] {logging_mixin.py:188} INFO - [2024-08-09T01:47:44.944+0000] {dag.py:3089} INFO - Sync 1 DAGs
[2024-08-09T01:47:45.020+0000] {logging_mixin.py:188} INFO - [2024-08-09T01:47:45.020+0000] {dag.py:3947} INFO - Setting next_dagrun for example_branch_dop_operator_v3 to 2024-08-09 01:46:00+00:00, run_after=2024-08-09 01:47:00+00:00
[2024-08-09T01:47:45.067+0000] {processor.py:183} INFO - Processing /home/airflow/.local/lib/python3.12/site-packages/airflow/example_dags/example_branch_python_dop_operator_3.py took 0.288 seconds
[2024-08-09T01:48:15.595+0000] {processor.py:161} INFO - Started process (PID=1642) to work on /home/airflow/.local/lib/python3.12/site-packages/airflow/example_dags/example_branch_python_dop_operator_3.py
[2024-08-09T01:48:15.599+0000] {processor.py:830} INFO - Processing file /home/airflow/.local/lib/python3.12/site-packages/airflow/example_dags/example_branch_python_dop_operator_3.py for tasks to queue
[2024-08-09T01:48:15.610+0000] {logging_mixin.py:188} INFO - [2024-08-09T01:48:15.609+0000] {dagbag.py:545} INFO - Filling up the DagBag from /home/airflow/.local/lib/python3.12/site-packages/airflow/example_dags/example_branch_python_dop_operator_3.py
[2024-08-09T01:48:15.643+0000] {processor.py:840} INFO - DAG(s) 'example_branch_dop_operator_v3' retrieved from /home/airflow/.local/lib/python3.12/site-packages/airflow/example_dags/example_branch_python_dop_operator_3.py
[2024-08-09T01:48:15.731+0000] {logging_mixin.py:188} INFO - [2024-08-09T01:48:15.731+0000] {dag.py:3089} INFO - Sync 1 DAGs
[2024-08-09T01:48:15.784+0000] {logging_mixin.py:188} INFO - [2024-08-09T01:48:15.784+0000] {dag.py:3947} INFO - Setting next_dagrun for example_branch_dop_operator_v3 to 2024-08-09 01:47:00+00:00, run_after=2024-08-09 01:48:00+00:00
[2024-08-09T01:48:15.819+0000] {processor.py:183} INFO - Processing /home/airflow/.local/lib/python3.12/site-packages/airflow/example_dags/example_branch_python_dop_operator_3.py took 0.245 seconds
[2024-08-09T01:48:52.226+0000] {processor.py:161} INFO - Started process (PID=1706) to work on /home/airflow/.local/lib/python3.12/site-packages/airflow/example_dags/example_branch_python_dop_operator_3.py
[2024-08-09T01:48:52.233+0000] {processor.py:830} INFO - Processing file /home/airflow/.local/lib/python3.12/site-packages/airflow/example_dags/example_branch_python_dop_operator_3.py for tasks to queue
[2024-08-09T01:48:52.248+0000] {logging_mixin.py:188} INFO - [2024-08-09T01:48:52.246+0000] {dagbag.py:545} INFO - Filling up the DagBag from /home/airflow/.local/lib/python3.12/site-packages/airflow/example_dags/example_branch_python_dop_operator_3.py
[2024-08-09T01:48:52.296+0000] {processor.py:840} INFO - DAG(s) 'example_branch_dop_operator_v3' retrieved from /home/airflow/.local/lib/python3.12/site-packages/airflow/example_dags/example_branch_python_dop_operator_3.py
[2024-08-09T01:48:52.466+0000] {logging_mixin.py:188} INFO - [2024-08-09T01:48:52.466+0000] {dag.py:3089} INFO - Sync 1 DAGs
[2024-08-09T01:48:52.710+0000] {logging_mixin.py:188} INFO - [2024-08-09T01:48:52.706+0000] {dag.py:3947} INFO - Setting next_dagrun for example_branch_dop_operator_v3 to 2024-08-09 01:47:00+00:00, run_after=2024-08-09 01:48:00+00:00
[2024-08-09T01:48:52.886+0000] {processor.py:183} INFO - Processing /home/airflow/.local/lib/python3.12/site-packages/airflow/example_dags/example_branch_python_dop_operator_3.py took 0.689 seconds
[2024-08-09T01:49:24.606+0000] {processor.py:161} INFO - Started process (PID=1763) to work on /home/airflow/.local/lib/python3.12/site-packages/airflow/example_dags/example_branch_python_dop_operator_3.py
[2024-08-09T01:49:24.608+0000] {processor.py:830} INFO - Processing file /home/airflow/.local/lib/python3.12/site-packages/airflow/example_dags/example_branch_python_dop_operator_3.py for tasks to queue
[2024-08-09T01:49:24.616+0000] {logging_mixin.py:188} INFO - [2024-08-09T01:49:24.614+0000] {dagbag.py:545} INFO - Filling up the DagBag from /home/airflow/.local/lib/python3.12/site-packages/airflow/example_dags/example_branch_python_dop_operator_3.py
[2024-08-09T01:49:24.646+0000] {processor.py:840} INFO - DAG(s) 'example_branch_dop_operator_v3' retrieved from /home/airflow/.local/lib/python3.12/site-packages/airflow/example_dags/example_branch_python_dop_operator_3.py
[2024-08-09T01:49:24.760+0000] {logging_mixin.py:188} INFO - [2024-08-09T01:49:24.759+0000] {dag.py:3089} INFO - Sync 1 DAGs
[2024-08-09T01:49:24.835+0000] {logging_mixin.py:188} INFO - [2024-08-09T01:49:24.835+0000] {dag.py:3947} INFO - Setting next_dagrun for example_branch_dop_operator_v3 to 2024-08-09 01:48:00+00:00, run_after=2024-08-09 01:49:00+00:00
[2024-08-09T01:49:26.020+0000] {processor.py:183} INFO - Processing /home/airflow/.local/lib/python3.12/site-packages/airflow/example_dags/example_branch_python_dop_operator_3.py took 1.441 seconds
[2024-08-09T01:49:56.629+0000] {processor.py:161} INFO - Started process (PID=1821) to work on /home/airflow/.local/lib/python3.12/site-packages/airflow/example_dags/example_branch_python_dop_operator_3.py
[2024-08-09T01:49:56.632+0000] {processor.py:830} INFO - Processing file /home/airflow/.local/lib/python3.12/site-packages/airflow/example_dags/example_branch_python_dop_operator_3.py for tasks to queue
[2024-08-09T01:49:56.652+0000] {logging_mixin.py:188} INFO - [2024-08-09T01:49:56.647+0000] {dagbag.py:545} INFO - Filling up the DagBag from /home/airflow/.local/lib/python3.12/site-packages/airflow/example_dags/example_branch_python_dop_operator_3.py
[2024-08-09T01:49:56.718+0000] {processor.py:840} INFO - DAG(s) 'example_branch_dop_operator_v3' retrieved from /home/airflow/.local/lib/python3.12/site-packages/airflow/example_dags/example_branch_python_dop_operator_3.py
[2024-08-09T01:49:56.814+0000] {logging_mixin.py:188} INFO - [2024-08-09T01:49:56.813+0000] {dag.py:3089} INFO - Sync 1 DAGs
[2024-08-09T01:49:56.923+0000] {logging_mixin.py:188} INFO - [2024-08-09T01:49:56.922+0000] {dag.py:3947} INFO - Setting next_dagrun for example_branch_dop_operator_v3 to 2024-08-09 01:48:00+00:00, run_after=2024-08-09 01:49:00+00:00
[2024-08-09T01:49:58.083+0000] {processor.py:183} INFO - Processing /home/airflow/.local/lib/python3.12/site-packages/airflow/example_dags/example_branch_python_dop_operator_3.py took 1.529 seconds
[2024-08-09T01:50:46.802+0000] {processor.py:161} INFO - Started process (PID=1881) to work on /home/airflow/.local/lib/python3.12/site-packages/airflow/example_dags/example_branch_python_dop_operator_3.py
[2024-08-09T01:50:46.807+0000] {processor.py:830} INFO - Processing file /home/airflow/.local/lib/python3.12/site-packages/airflow/example_dags/example_branch_python_dop_operator_3.py for tasks to queue
[2024-08-09T01:50:46.816+0000] {logging_mixin.py:188} INFO - [2024-08-09T01:50:46.815+0000] {dagbag.py:545} INFO - Filling up the DagBag from /home/airflow/.local/lib/python3.12/site-packages/airflow/example_dags/example_branch_python_dop_operator_3.py
[2024-08-09T01:50:46.857+0000] {processor.py:840} INFO - DAG(s) 'example_branch_dop_operator_v3' retrieved from /home/airflow/.local/lib/python3.12/site-packages/airflow/example_dags/example_branch_python_dop_operator_3.py
[2024-08-09T01:50:47.012+0000] {logging_mixin.py:188} INFO - [2024-08-09T01:50:47.008+0000] {dag.py:3089} INFO - Sync 1 DAGs
[2024-08-09T01:50:47.234+0000] {logging_mixin.py:188} INFO - [2024-08-09T01:50:47.223+0000] {dag.py:3947} INFO - Setting next_dagrun for example_branch_dop_operator_v3 to 2024-08-09 01:49:00+00:00, run_after=2024-08-09 01:50:00+00:00
[2024-08-09T01:50:47.398+0000] {processor.py:183} INFO - Processing /home/airflow/.local/lib/python3.12/site-packages/airflow/example_dags/example_branch_python_dop_operator_3.py took 0.633 seconds
[2024-08-09T01:51:19.083+0000] {processor.py:161} INFO - Started process (PID=1939) to work on /home/airflow/.local/lib/python3.12/site-packages/airflow/example_dags/example_branch_python_dop_operator_3.py
[2024-08-09T01:51:19.089+0000] {processor.py:830} INFO - Processing file /home/airflow/.local/lib/python3.12/site-packages/airflow/example_dags/example_branch_python_dop_operator_3.py for tasks to queue
[2024-08-09T01:51:19.109+0000] {logging_mixin.py:188} INFO - [2024-08-09T01:51:19.108+0000] {dagbag.py:545} INFO - Filling up the DagBag from /home/airflow/.local/lib/python3.12/site-packages/airflow/example_dags/example_branch_python_dop_operator_3.py
[2024-08-09T01:51:19.175+0000] {processor.py:840} INFO - DAG(s) 'example_branch_dop_operator_v3' retrieved from /home/airflow/.local/lib/python3.12/site-packages/airflow/example_dags/example_branch_python_dop_operator_3.py
[2024-08-09T01:51:19.484+0000] {logging_mixin.py:188} INFO - [2024-08-09T01:51:19.480+0000] {dag.py:3089} INFO - Sync 1 DAGs
[2024-08-09T01:51:19.757+0000] {logging_mixin.py:188} INFO - [2024-08-09T01:51:19.756+0000] {dag.py:3947} INFO - Setting next_dagrun for example_branch_dop_operator_v3 to 2024-08-09 01:50:00+00:00, run_after=2024-08-09 01:51:00+00:00
[2024-08-09T01:51:19.892+0000] {processor.py:183} INFO - Processing /home/airflow/.local/lib/python3.12/site-packages/airflow/example_dags/example_branch_python_dop_operator_3.py took 0.861 seconds
[2024-08-09T01:51:50.637+0000] {processor.py:161} INFO - Started process (PID=1996) to work on /home/airflow/.local/lib/python3.12/site-packages/airflow/example_dags/example_branch_python_dop_operator_3.py
[2024-08-09T01:51:50.643+0000] {processor.py:830} INFO - Processing file /home/airflow/.local/lib/python3.12/site-packages/airflow/example_dags/example_branch_python_dop_operator_3.py for tasks to queue
[2024-08-09T01:51:50.651+0000] {logging_mixin.py:188} INFO - [2024-08-09T01:51:50.650+0000] {dagbag.py:545} INFO - Filling up the DagBag from /home/airflow/.local/lib/python3.12/site-packages/airflow/example_dags/example_branch_python_dop_operator_3.py
[2024-08-09T01:51:50.725+0000] {processor.py:840} INFO - DAG(s) 'example_branch_dop_operator_v3' retrieved from /home/airflow/.local/lib/python3.12/site-packages/airflow/example_dags/example_branch_python_dop_operator_3.py
[2024-08-09T01:51:50.871+0000] {logging_mixin.py:188} INFO - [2024-08-09T01:51:50.871+0000] {dag.py:3089} INFO - Sync 1 DAGs
[2024-08-09T01:51:50.966+0000] {logging_mixin.py:188} INFO - [2024-08-09T01:51:50.965+0000] {dag.py:3947} INFO - Setting next_dagrun for example_branch_dop_operator_v3 to 2024-08-09 01:50:00+00:00, run_after=2024-08-09 01:51:00+00:00
[2024-08-09T01:51:51.023+0000] {processor.py:183} INFO - Processing /home/airflow/.local/lib/python3.12/site-packages/airflow/example_dags/example_branch_python_dop_operator_3.py took 0.422 seconds
[2024-08-09T01:52:21.461+0000] {processor.py:161} INFO - Started process (PID=2060) to work on /home/airflow/.local/lib/python3.12/site-packages/airflow/example_dags/example_branch_python_dop_operator_3.py
[2024-08-09T01:52:21.482+0000] {processor.py:830} INFO - Processing file /home/airflow/.local/lib/python3.12/site-packages/airflow/example_dags/example_branch_python_dop_operator_3.py for tasks to queue
[2024-08-09T01:52:21.503+0000] {logging_mixin.py:188} INFO - [2024-08-09T01:52:21.498+0000] {dagbag.py:545} INFO - Filling up the DagBag from /home/airflow/.local/lib/python3.12/site-packages/airflow/example_dags/example_branch_python_dop_operator_3.py
[2024-08-09T01:52:21.535+0000] {processor.py:840} INFO - DAG(s) 'example_branch_dop_operator_v3' retrieved from /home/airflow/.local/lib/python3.12/site-packages/airflow/example_dags/example_branch_python_dop_operator_3.py
[2024-08-09T01:52:21.701+0000] {logging_mixin.py:188} INFO - [2024-08-09T01:52:21.700+0000] {dag.py:3089} INFO - Sync 1 DAGs
[2024-08-09T01:52:21.885+0000] {logging_mixin.py:188} INFO - [2024-08-09T01:52:21.885+0000] {dag.py:3947} INFO - Setting next_dagrun for example_branch_dop_operator_v3 to 2024-08-09 01:51:00+00:00, run_after=2024-08-09 01:52:00+00:00
[2024-08-09T01:52:21.979+0000] {processor.py:183} INFO - Processing /home/airflow/.local/lib/python3.12/site-packages/airflow/example_dags/example_branch_python_dop_operator_3.py took 0.588 seconds
[2024-08-09T01:52:52.254+0000] {processor.py:161} INFO - Started process (PID=2117) to work on /home/airflow/.local/lib/python3.12/site-packages/airflow/example_dags/example_branch_python_dop_operator_3.py
[2024-08-09T01:52:52.262+0000] {processor.py:830} INFO - Processing file /home/airflow/.local/lib/python3.12/site-packages/airflow/example_dags/example_branch_python_dop_operator_3.py for tasks to queue
[2024-08-09T01:52:52.270+0000] {logging_mixin.py:188} INFO - [2024-08-09T01:52:52.269+0000] {dagbag.py:545} INFO - Filling up the DagBag from /home/airflow/.local/lib/python3.12/site-packages/airflow/example_dags/example_branch_python_dop_operator_3.py
[2024-08-09T01:52:52.318+0000] {processor.py:840} INFO - DAG(s) 'example_branch_dop_operator_v3' retrieved from /home/airflow/.local/lib/python3.12/site-packages/airflow/example_dags/example_branch_python_dop_operator_3.py
[2024-08-09T01:52:52.541+0000] {logging_mixin.py:188} INFO - [2024-08-09T01:52:52.532+0000] {dag.py:3089} INFO - Sync 1 DAGs
[2024-08-09T01:52:52.643+0000] {logging_mixin.py:188} INFO - [2024-08-09T01:52:52.643+0000] {dag.py:3947} INFO - Setting next_dagrun for example_branch_dop_operator_v3 to 2024-08-09 01:51:00+00:00, run_after=2024-08-09 01:52:00+00:00
[2024-08-09T01:52:52.727+0000] {processor.py:183} INFO - Processing /home/airflow/.local/lib/python3.12/site-packages/airflow/example_dags/example_branch_python_dop_operator_3.py took 0.514 seconds
[2024-08-09T01:53:25.197+0000] {processor.py:161} INFO - Started process (PID=2175) to work on /home/airflow/.local/lib/python3.12/site-packages/airflow/example_dags/example_branch_python_dop_operator_3.py
[2024-08-09T01:53:25.205+0000] {processor.py:830} INFO - Processing file /home/airflow/.local/lib/python3.12/site-packages/airflow/example_dags/example_branch_python_dop_operator_3.py for tasks to queue
[2024-08-09T01:53:25.247+0000] {logging_mixin.py:188} INFO - [2024-08-09T01:53:25.233+0000] {dagbag.py:545} INFO - Filling up the DagBag from /home/airflow/.local/lib/python3.12/site-packages/airflow/example_dags/example_branch_python_dop_operator_3.py
[2024-08-09T01:53:25.299+0000] {processor.py:840} INFO - DAG(s) 'example_branch_dop_operator_v3' retrieved from /home/airflow/.local/lib/python3.12/site-packages/airflow/example_dags/example_branch_python_dop_operator_3.py
[2024-08-09T01:53:25.595+0000] {logging_mixin.py:188} INFO - [2024-08-09T01:53:25.590+0000] {dag.py:3089} INFO - Sync 1 DAGs
[2024-08-09T01:53:25.996+0000] {logging_mixin.py:188} INFO - [2024-08-09T01:53:25.996+0000] {dag.py:3947} INFO - Setting next_dagrun for example_branch_dop_operator_v3 to 2024-08-09 01:52:00+00:00, run_after=2024-08-09 01:53:00+00:00
[2024-08-09T01:53:26.281+0000] {processor.py:183} INFO - Processing /home/airflow/.local/lib/python3.12/site-packages/airflow/example_dags/example_branch_python_dop_operator_3.py took 1.151 seconds
[2024-08-09T01:53:56.638+0000] {processor.py:161} INFO - Started process (PID=2233) to work on /home/airflow/.local/lib/python3.12/site-packages/airflow/example_dags/example_branch_python_dop_operator_3.py
[2024-08-09T01:53:56.643+0000] {processor.py:830} INFO - Processing file /home/airflow/.local/lib/python3.12/site-packages/airflow/example_dags/example_branch_python_dop_operator_3.py for tasks to queue
[2024-08-09T01:53:56.651+0000] {logging_mixin.py:188} INFO - [2024-08-09T01:53:56.650+0000] {dagbag.py:545} INFO - Filling up the DagBag from /home/airflow/.local/lib/python3.12/site-packages/airflow/example_dags/example_branch_python_dop_operator_3.py
[2024-08-09T01:53:56.681+0000] {processor.py:840} INFO - DAG(s) 'example_branch_dop_operator_v3' retrieved from /home/airflow/.local/lib/python3.12/site-packages/airflow/example_dags/example_branch_python_dop_operator_3.py
[2024-08-09T01:53:56.768+0000] {logging_mixin.py:188} INFO - [2024-08-09T01:53:56.768+0000] {dag.py:3089} INFO - Sync 1 DAGs
[2024-08-09T01:53:56.847+0000] {logging_mixin.py:188} INFO - [2024-08-09T01:53:56.847+0000] {dag.py:3947} INFO - Setting next_dagrun for example_branch_dop_operator_v3 to 2024-08-09 01:52:00+00:00, run_after=2024-08-09 01:53:00+00:00
[2024-08-09T01:53:56.924+0000] {processor.py:183} INFO - Processing /home/airflow/.local/lib/python3.12/site-packages/airflow/example_dags/example_branch_python_dop_operator_3.py took 0.318 seconds
[2024-08-09T01:54:27.502+0000] {processor.py:161} INFO - Started process (PID=2291) to work on /home/airflow/.local/lib/python3.12/site-packages/airflow/example_dags/example_branch_python_dop_operator_3.py
[2024-08-09T01:54:27.506+0000] {processor.py:830} INFO - Processing file /home/airflow/.local/lib/python3.12/site-packages/airflow/example_dags/example_branch_python_dop_operator_3.py for tasks to queue
[2024-08-09T01:54:27.511+0000] {logging_mixin.py:188} INFO - [2024-08-09T01:54:27.510+0000] {dagbag.py:545} INFO - Filling up the DagBag from /home/airflow/.local/lib/python3.12/site-packages/airflow/example_dags/example_branch_python_dop_operator_3.py
[2024-08-09T01:54:27.540+0000] {processor.py:840} INFO - DAG(s) 'example_branch_dop_operator_v3' retrieved from /home/airflow/.local/lib/python3.12/site-packages/airflow/example_dags/example_branch_python_dop_operator_3.py
[2024-08-09T01:54:27.673+0000] {logging_mixin.py:188} INFO - [2024-08-09T01:54:27.673+0000] {dag.py:3089} INFO - Sync 1 DAGs
[2024-08-09T01:54:27.750+0000] {logging_mixin.py:188} INFO - [2024-08-09T01:54:27.749+0000] {dag.py:3947} INFO - Setting next_dagrun for example_branch_dop_operator_v3 to 2024-08-09 01:53:00+00:00, run_after=2024-08-09 01:54:00+00:00
[2024-08-09T01:54:27.792+0000] {processor.py:183} INFO - Processing /home/airflow/.local/lib/python3.12/site-packages/airflow/example_dags/example_branch_python_dop_operator_3.py took 0.305 seconds
[2024-08-09T01:54:58.132+0000] {processor.py:161} INFO - Started process (PID=2349) to work on /home/airflow/.local/lib/python3.12/site-packages/airflow/example_dags/example_branch_python_dop_operator_3.py
[2024-08-09T01:54:58.134+0000] {processor.py:830} INFO - Processing file /home/airflow/.local/lib/python3.12/site-packages/airflow/example_dags/example_branch_python_dop_operator_3.py for tasks to queue
[2024-08-09T01:54:58.139+0000] {logging_mixin.py:188} INFO - [2024-08-09T01:54:58.139+0000] {dagbag.py:545} INFO - Filling up the DagBag from /home/airflow/.local/lib/python3.12/site-packages/airflow/example_dags/example_branch_python_dop_operator_3.py
[2024-08-09T01:54:58.161+0000] {processor.py:840} INFO - DAG(s) 'example_branch_dop_operator_v3' retrieved from /home/airflow/.local/lib/python3.12/site-packages/airflow/example_dags/example_branch_python_dop_operator_3.py
[2024-08-09T01:54:58.212+0000] {logging_mixin.py:188} INFO - [2024-08-09T01:54:58.212+0000] {dag.py:3089} INFO - Sync 1 DAGs
[2024-08-09T01:54:58.252+0000] {logging_mixin.py:188} INFO - [2024-08-09T01:54:58.251+0000] {dag.py:3947} INFO - Setting next_dagrun for example_branch_dop_operator_v3 to 2024-08-09 01:53:00+00:00, run_after=2024-08-09 01:54:00+00:00
[2024-08-09T01:54:58.288+0000] {processor.py:183} INFO - Processing /home/airflow/.local/lib/python3.12/site-packages/airflow/example_dags/example_branch_python_dop_operator_3.py took 0.173 seconds
[2024-08-09T01:55:28.861+0000] {processor.py:161} INFO - Started process (PID=2407) to work on /home/airflow/.local/lib/python3.12/site-packages/airflow/example_dags/example_branch_python_dop_operator_3.py
[2024-08-09T01:55:28.864+0000] {processor.py:830} INFO - Processing file /home/airflow/.local/lib/python3.12/site-packages/airflow/example_dags/example_branch_python_dop_operator_3.py for tasks to queue
[2024-08-09T01:55:28.869+0000] {logging_mixin.py:188} INFO - [2024-08-09T01:55:28.868+0000] {dagbag.py:545} INFO - Filling up the DagBag from /home/airflow/.local/lib/python3.12/site-packages/airflow/example_dags/example_branch_python_dop_operator_3.py
[2024-08-09T01:55:28.894+0000] {processor.py:840} INFO - DAG(s) 'example_branch_dop_operator_v3' retrieved from /home/airflow/.local/lib/python3.12/site-packages/airflow/example_dags/example_branch_python_dop_operator_3.py
[2024-08-09T01:55:28.962+0000] {logging_mixin.py:188} INFO - [2024-08-09T01:55:28.962+0000] {dag.py:3089} INFO - Sync 1 DAGs
[2024-08-09T01:55:29.014+0000] {logging_mixin.py:188} INFO - [2024-08-09T01:55:29.014+0000] {dag.py:3947} INFO - Setting next_dagrun for example_branch_dop_operator_v3 to 2024-08-09 01:54:00+00:00, run_after=2024-08-09 01:55:00+00:00
[2024-08-09T01:55:29.057+0000] {processor.py:183} INFO - Processing /home/airflow/.local/lib/python3.12/site-packages/airflow/example_dags/example_branch_python_dop_operator_3.py took 0.216 seconds
[2024-08-09T01:55:59.435+0000] {processor.py:161} INFO - Started process (PID=2465) to work on /home/airflow/.local/lib/python3.12/site-packages/airflow/example_dags/example_branch_python_dop_operator_3.py
[2024-08-09T01:55:59.441+0000] {processor.py:830} INFO - Processing file /home/airflow/.local/lib/python3.12/site-packages/airflow/example_dags/example_branch_python_dop_operator_3.py for tasks to queue
[2024-08-09T01:55:59.450+0000] {logging_mixin.py:188} INFO - [2024-08-09T01:55:59.446+0000] {dagbag.py:545} INFO - Filling up the DagBag from /home/airflow/.local/lib/python3.12/site-packages/airflow/example_dags/example_branch_python_dop_operator_3.py
[2024-08-09T01:55:59.476+0000] {processor.py:840} INFO - DAG(s) 'example_branch_dop_operator_v3' retrieved from /home/airflow/.local/lib/python3.12/site-packages/airflow/example_dags/example_branch_python_dop_operator_3.py
[2024-08-09T01:55:59.552+0000] {logging_mixin.py:188} INFO - [2024-08-09T01:55:59.552+0000] {dag.py:3089} INFO - Sync 1 DAGs
[2024-08-09T01:55:59.627+0000] {logging_mixin.py:188} INFO - [2024-08-09T01:55:59.627+0000] {dag.py:3947} INFO - Setting next_dagrun for example_branch_dop_operator_v3 to 2024-08-09 01:54:00+00:00, run_after=2024-08-09 01:55:00+00:00
[2024-08-09T01:55:59.697+0000] {processor.py:183} INFO - Processing /home/airflow/.local/lib/python3.12/site-packages/airflow/example_dags/example_branch_python_dop_operator_3.py took 0.296 seconds
[2024-08-09T01:56:30.169+0000] {processor.py:161} INFO - Started process (PID=2521) to work on /home/airflow/.local/lib/python3.12/site-packages/airflow/example_dags/example_branch_python_dop_operator_3.py
[2024-08-09T01:56:30.172+0000] {processor.py:830} INFO - Processing file /home/airflow/.local/lib/python3.12/site-packages/airflow/example_dags/example_branch_python_dop_operator_3.py for tasks to queue
[2024-08-09T01:56:30.177+0000] {logging_mixin.py:188} INFO - [2024-08-09T01:56:30.176+0000] {dagbag.py:545} INFO - Filling up the DagBag from /home/airflow/.local/lib/python3.12/site-packages/airflow/example_dags/example_branch_python_dop_operator_3.py
[2024-08-09T01:56:30.201+0000] {processor.py:840} INFO - DAG(s) 'example_branch_dop_operator_v3' retrieved from /home/airflow/.local/lib/python3.12/site-packages/airflow/example_dags/example_branch_python_dop_operator_3.py
[2024-08-09T01:56:30.270+0000] {logging_mixin.py:188} INFO - [2024-08-09T01:56:30.269+0000] {dag.py:3089} INFO - Sync 1 DAGs
[2024-08-09T01:56:30.314+0000] {logging_mixin.py:188} INFO - [2024-08-09T01:56:30.314+0000] {dag.py:3947} INFO - Setting next_dagrun for example_branch_dop_operator_v3 to 2024-08-09 01:55:00+00:00, run_after=2024-08-09 01:56:00+00:00
[2024-08-09T01:56:30.378+0000] {processor.py:183} INFO - Processing /home/airflow/.local/lib/python3.12/site-packages/airflow/example_dags/example_branch_python_dop_operator_3.py took 0.225 seconds
[2024-08-09T01:57:01.582+0000] {processor.py:161} INFO - Started process (PID=2579) to work on /home/airflow/.local/lib/python3.12/site-packages/airflow/example_dags/example_branch_python_dop_operator_3.py
[2024-08-09T01:57:01.587+0000] {processor.py:830} INFO - Processing file /home/airflow/.local/lib/python3.12/site-packages/airflow/example_dags/example_branch_python_dop_operator_3.py for tasks to queue
[2024-08-09T01:57:01.603+0000] {logging_mixin.py:188} INFO - [2024-08-09T01:57:01.597+0000] {dagbag.py:545} INFO - Filling up the DagBag from /home/airflow/.local/lib/python3.12/site-packages/airflow/example_dags/example_branch_python_dop_operator_3.py
[2024-08-09T01:57:01.642+0000] {processor.py:840} INFO - DAG(s) 'example_branch_dop_operator_v3' retrieved from /home/airflow/.local/lib/python3.12/site-packages/airflow/example_dags/example_branch_python_dop_operator_3.py
[2024-08-09T01:57:01.729+0000] {logging_mixin.py:188} INFO - [2024-08-09T01:57:01.729+0000] {dag.py:3089} INFO - Sync 1 DAGs
[2024-08-09T01:57:01.873+0000] {logging_mixin.py:188} INFO - [2024-08-09T01:57:01.870+0000] {dag.py:3947} INFO - Setting next_dagrun for example_branch_dop_operator_v3 to 2024-08-09 01:56:00+00:00, run_after=2024-08-09 01:57:00+00:00
[2024-08-09T01:57:01.961+0000] {processor.py:183} INFO - Processing /home/airflow/.local/lib/python3.12/site-packages/airflow/example_dags/example_branch_python_dop_operator_3.py took 0.422 seconds
[2024-08-09T01:57:32.828+0000] {processor.py:161} INFO - Started process (PID=2637) to work on /home/airflow/.local/lib/python3.12/site-packages/airflow/example_dags/example_branch_python_dop_operator_3.py
[2024-08-09T01:57:32.832+0000] {processor.py:830} INFO - Processing file /home/airflow/.local/lib/python3.12/site-packages/airflow/example_dags/example_branch_python_dop_operator_3.py for tasks to queue
[2024-08-09T01:57:32.837+0000] {logging_mixin.py:188} INFO - [2024-08-09T01:57:32.836+0000] {dagbag.py:545} INFO - Filling up the DagBag from /home/airflow/.local/lib/python3.12/site-packages/airflow/example_dags/example_branch_python_dop_operator_3.py
[2024-08-09T01:57:32.866+0000] {processor.py:840} INFO - DAG(s) 'example_branch_dop_operator_v3' retrieved from /home/airflow/.local/lib/python3.12/site-packages/airflow/example_dags/example_branch_python_dop_operator_3.py
[2024-08-09T01:57:32.974+0000] {logging_mixin.py:188} INFO - [2024-08-09T01:57:32.973+0000] {dag.py:3089} INFO - Sync 1 DAGs
[2024-08-09T01:57:33.049+0000] {logging_mixin.py:188} INFO - [2024-08-09T01:57:33.048+0000] {dag.py:3947} INFO - Setting next_dagrun for example_branch_dop_operator_v3 to 2024-08-09 01:56:00+00:00, run_after=2024-08-09 01:57:00+00:00
[2024-08-09T01:57:33.100+0000] {processor.py:183} INFO - Processing /home/airflow/.local/lib/python3.12/site-packages/airflow/example_dags/example_branch_python_dop_operator_3.py took 0.295 seconds
[2024-08-09T01:58:03.768+0000] {processor.py:161} INFO - Started process (PID=2695) to work on /home/airflow/.local/lib/python3.12/site-packages/airflow/example_dags/example_branch_python_dop_operator_3.py
[2024-08-09T01:58:03.771+0000] {processor.py:830} INFO - Processing file /home/airflow/.local/lib/python3.12/site-packages/airflow/example_dags/example_branch_python_dop_operator_3.py for tasks to queue
[2024-08-09T01:58:03.777+0000] {logging_mixin.py:188} INFO - [2024-08-09T01:58:03.776+0000] {dagbag.py:545} INFO - Filling up the DagBag from /home/airflow/.local/lib/python3.12/site-packages/airflow/example_dags/example_branch_python_dop_operator_3.py
[2024-08-09T01:58:03.800+0000] {processor.py:840} INFO - DAG(s) 'example_branch_dop_operator_v3' retrieved from /home/airflow/.local/lib/python3.12/site-packages/airflow/example_dags/example_branch_python_dop_operator_3.py
[2024-08-09T01:58:03.849+0000] {logging_mixin.py:188} INFO - [2024-08-09T01:58:03.849+0000] {dag.py:3089} INFO - Sync 1 DAGs
[2024-08-09T01:58:03.899+0000] {logging_mixin.py:188} INFO - [2024-08-09T01:58:03.899+0000] {dag.py:3947} INFO - Setting next_dagrun for example_branch_dop_operator_v3 to 2024-08-09 01:57:00+00:00, run_after=2024-08-09 01:58:00+00:00
[2024-08-09T01:58:03.931+0000] {processor.py:183} INFO - Processing /home/airflow/.local/lib/python3.12/site-packages/airflow/example_dags/example_branch_python_dop_operator_3.py took 0.183 seconds
[2024-08-09T01:58:34.671+0000] {processor.py:161} INFO - Started process (PID=2753) to work on /home/airflow/.local/lib/python3.12/site-packages/airflow/example_dags/example_branch_python_dop_operator_3.py
[2024-08-09T01:58:34.675+0000] {processor.py:830} INFO - Processing file /home/airflow/.local/lib/python3.12/site-packages/airflow/example_dags/example_branch_python_dop_operator_3.py for tasks to queue
[2024-08-09T01:58:34.682+0000] {logging_mixin.py:188} INFO - [2024-08-09T01:58:34.681+0000] {dagbag.py:545} INFO - Filling up the DagBag from /home/airflow/.local/lib/python3.12/site-packages/airflow/example_dags/example_branch_python_dop_operator_3.py
[2024-08-09T01:58:34.714+0000] {processor.py:840} INFO - DAG(s) 'example_branch_dop_operator_v3' retrieved from /home/airflow/.local/lib/python3.12/site-packages/airflow/example_dags/example_branch_python_dop_operator_3.py
[2024-08-09T01:58:34.785+0000] {logging_mixin.py:188} INFO - [2024-08-09T01:58:34.784+0000] {dag.py:3089} INFO - Sync 1 DAGs
[2024-08-09T01:58:34.867+0000] {logging_mixin.py:188} INFO - [2024-08-09T01:58:34.867+0000] {dag.py:3947} INFO - Setting next_dagrun for example_branch_dop_operator_v3 to 2024-08-09 01:57:00+00:00, run_after=2024-08-09 01:58:00+00:00
[2024-08-09T01:58:34.964+0000] {processor.py:183} INFO - Processing /home/airflow/.local/lib/python3.12/site-packages/airflow/example_dags/example_branch_python_dop_operator_3.py took 0.316 seconds
[2024-08-09T01:59:05.219+0000] {processor.py:161} INFO - Started process (PID=2810) to work on /home/airflow/.local/lib/python3.12/site-packages/airflow/example_dags/example_branch_python_dop_operator_3.py
[2024-08-09T01:59:05.226+0000] {processor.py:830} INFO - Processing file /home/airflow/.local/lib/python3.12/site-packages/airflow/example_dags/example_branch_python_dop_operator_3.py for tasks to queue
[2024-08-09T01:59:05.236+0000] {logging_mixin.py:188} INFO - [2024-08-09T01:59:05.232+0000] {dagbag.py:545} INFO - Filling up the DagBag from /home/airflow/.local/lib/python3.12/site-packages/airflow/example_dags/example_branch_python_dop_operator_3.py
[2024-08-09T01:59:05.275+0000] {processor.py:840} INFO - DAG(s) 'example_branch_dop_operator_v3' retrieved from /home/airflow/.local/lib/python3.12/site-packages/airflow/example_dags/example_branch_python_dop_operator_3.py
[2024-08-09T01:59:05.370+0000] {logging_mixin.py:188} INFO - [2024-08-09T01:59:05.370+0000] {dag.py:3089} INFO - Sync 1 DAGs
[2024-08-09T01:59:05.448+0000] {logging_mixin.py:188} INFO - [2024-08-09T01:59:05.448+0000] {dag.py:3947} INFO - Setting next_dagrun for example_branch_dop_operator_v3 to 2024-08-09 01:58:00+00:00, run_after=2024-08-09 01:59:00+00:00
[2024-08-09T01:59:05.513+0000] {processor.py:183} INFO - Processing /home/airflow/.local/lib/python3.12/site-packages/airflow/example_dags/example_branch_python_dop_operator_3.py took 0.330 seconds
[2024-08-09T01:59:35.705+0000] {processor.py:161} INFO - Started process (PID=2868) to work on /home/airflow/.local/lib/python3.12/site-packages/airflow/example_dags/example_branch_python_dop_operator_3.py
[2024-08-09T01:59:35.708+0000] {processor.py:830} INFO - Processing file /home/airflow/.local/lib/python3.12/site-packages/airflow/example_dags/example_branch_python_dop_operator_3.py for tasks to queue
[2024-08-09T01:59:35.713+0000] {logging_mixin.py:188} INFO - [2024-08-09T01:59:35.712+0000] {dagbag.py:545} INFO - Filling up the DagBag from /home/airflow/.local/lib/python3.12/site-packages/airflow/example_dags/example_branch_python_dop_operator_3.py
[2024-08-09T01:59:35.732+0000] {processor.py:840} INFO - DAG(s) 'example_branch_dop_operator_v3' retrieved from /home/airflow/.local/lib/python3.12/site-packages/airflow/example_dags/example_branch_python_dop_operator_3.py
[2024-08-09T01:59:35.775+0000] {logging_mixin.py:188} INFO - [2024-08-09T01:59:35.775+0000] {dag.py:3089} INFO - Sync 1 DAGs
[2024-08-09T01:59:35.816+0000] {logging_mixin.py:188} INFO - [2024-08-09T01:59:35.815+0000] {dag.py:3947} INFO - Setting next_dagrun for example_branch_dop_operator_v3 to 2024-08-09 01:58:00+00:00, run_after=2024-08-09 01:59:00+00:00
[2024-08-09T01:59:35.845+0000] {processor.py:183} INFO - Processing /home/airflow/.local/lib/python3.12/site-packages/airflow/example_dags/example_branch_python_dop_operator_3.py took 0.159 seconds
[2024-08-09T02:00:06.406+0000] {processor.py:161} INFO - Started process (PID=2925) to work on /home/airflow/.local/lib/python3.12/site-packages/airflow/example_dags/example_branch_python_dop_operator_3.py
[2024-08-09T02:00:06.408+0000] {processor.py:830} INFO - Processing file /home/airflow/.local/lib/python3.12/site-packages/airflow/example_dags/example_branch_python_dop_operator_3.py for tasks to queue
[2024-08-09T02:00:06.414+0000] {logging_mixin.py:188} INFO - [2024-08-09T02:00:06.413+0000] {dagbag.py:545} INFO - Filling up the DagBag from /home/airflow/.local/lib/python3.12/site-packages/airflow/example_dags/example_branch_python_dop_operator_3.py
[2024-08-09T02:00:06.436+0000] {processor.py:840} INFO - DAG(s) 'example_branch_dop_operator_v3' retrieved from /home/airflow/.local/lib/python3.12/site-packages/airflow/example_dags/example_branch_python_dop_operator_3.py
[2024-08-09T02:00:06.485+0000] {logging_mixin.py:188} INFO - [2024-08-09T02:00:06.484+0000] {dag.py:3089} INFO - Sync 1 DAGs
[2024-08-09T02:00:06.547+0000] {logging_mixin.py:188} INFO - [2024-08-09T02:00:06.547+0000] {dag.py:3947} INFO - Setting next_dagrun for example_branch_dop_operator_v3 to 2024-08-09 01:59:00+00:00, run_after=2024-08-09 02:00:00+00:00
[2024-08-09T02:00:06.594+0000] {processor.py:183} INFO - Processing /home/airflow/.local/lib/python3.12/site-packages/airflow/example_dags/example_branch_python_dop_operator_3.py took 0.208 seconds
[2024-08-09T02:00:37.289+0000] {processor.py:161} INFO - Started process (PID=2983) to work on /home/airflow/.local/lib/python3.12/site-packages/airflow/example_dags/example_branch_python_dop_operator_3.py
[2024-08-09T02:00:37.293+0000] {processor.py:830} INFO - Processing file /home/airflow/.local/lib/python3.12/site-packages/airflow/example_dags/example_branch_python_dop_operator_3.py for tasks to queue
[2024-08-09T02:00:37.297+0000] {logging_mixin.py:188} INFO - [2024-08-09T02:00:37.297+0000] {dagbag.py:545} INFO - Filling up the DagBag from /home/airflow/.local/lib/python3.12/site-packages/airflow/example_dags/example_branch_python_dop_operator_3.py
[2024-08-09T02:00:37.320+0000] {processor.py:840} INFO - DAG(s) 'example_branch_dop_operator_v3' retrieved from /home/airflow/.local/lib/python3.12/site-packages/airflow/example_dags/example_branch_python_dop_operator_3.py
[2024-08-09T02:00:37.381+0000] {logging_mixin.py:188} INFO - [2024-08-09T02:00:37.381+0000] {dag.py:3089} INFO - Sync 1 DAGs
[2024-08-09T02:00:37.431+0000] {logging_mixin.py:188} INFO - [2024-08-09T02:00:37.430+0000] {dag.py:3947} INFO - Setting next_dagrun for example_branch_dop_operator_v3 to 2024-08-09 01:59:00+00:00, run_after=2024-08-09 02:00:00+00:00
[2024-08-09T02:00:37.474+0000] {processor.py:183} INFO - Processing /home/airflow/.local/lib/python3.12/site-packages/airflow/example_dags/example_branch_python_dop_operator_3.py took 0.203 seconds
[2024-08-09T02:01:08.119+0000] {processor.py:161} INFO - Started process (PID=3041) to work on /home/airflow/.local/lib/python3.12/site-packages/airflow/example_dags/example_branch_python_dop_operator_3.py
[2024-08-09T02:01:08.122+0000] {processor.py:830} INFO - Processing file /home/airflow/.local/lib/python3.12/site-packages/airflow/example_dags/example_branch_python_dop_operator_3.py for tasks to queue
[2024-08-09T02:01:08.133+0000] {logging_mixin.py:188} INFO - [2024-08-09T02:01:08.132+0000] {dagbag.py:545} INFO - Filling up the DagBag from /home/airflow/.local/lib/python3.12/site-packages/airflow/example_dags/example_branch_python_dop_operator_3.py
[2024-08-09T02:01:08.180+0000] {processor.py:840} INFO - DAG(s) 'example_branch_dop_operator_v3' retrieved from /home/airflow/.local/lib/python3.12/site-packages/airflow/example_dags/example_branch_python_dop_operator_3.py
[2024-08-09T02:01:08.259+0000] {logging_mixin.py:188} INFO - [2024-08-09T02:01:08.258+0000] {dag.py:3089} INFO - Sync 1 DAGs
[2024-08-09T02:01:08.322+0000] {logging_mixin.py:188} INFO - [2024-08-09T02:01:08.322+0000] {dag.py:3947} INFO - Setting next_dagrun for example_branch_dop_operator_v3 to 2024-08-09 02:00:00+00:00, run_after=2024-08-09 02:01:00+00:00
[2024-08-09T02:01:08.365+0000] {processor.py:183} INFO - Processing /home/airflow/.local/lib/python3.12/site-packages/airflow/example_dags/example_branch_python_dop_operator_3.py took 0.278 seconds
[2024-08-09T02:01:38.615+0000] {processor.py:161} INFO - Started process (PID=3099) to work on /home/airflow/.local/lib/python3.12/site-packages/airflow/example_dags/example_branch_python_dop_operator_3.py
[2024-08-09T02:01:38.619+0000] {processor.py:830} INFO - Processing file /home/airflow/.local/lib/python3.12/site-packages/airflow/example_dags/example_branch_python_dop_operator_3.py for tasks to queue
[2024-08-09T02:01:38.624+0000] {logging_mixin.py:188} INFO - [2024-08-09T02:01:38.623+0000] {dagbag.py:545} INFO - Filling up the DagBag from /home/airflow/.local/lib/python3.12/site-packages/airflow/example_dags/example_branch_python_dop_operator_3.py
[2024-08-09T02:01:38.650+0000] {processor.py:840} INFO - DAG(s) 'example_branch_dop_operator_v3' retrieved from /home/airflow/.local/lib/python3.12/site-packages/airflow/example_dags/example_branch_python_dop_operator_3.py
[2024-08-09T02:01:38.710+0000] {logging_mixin.py:188} INFO - [2024-08-09T02:01:38.710+0000] {dag.py:3089} INFO - Sync 1 DAGs
[2024-08-09T02:01:38.763+0000] {logging_mixin.py:188} INFO - [2024-08-09T02:01:38.763+0000] {dag.py:3947} INFO - Setting next_dagrun for example_branch_dop_operator_v3 to 2024-08-09 02:00:00+00:00, run_after=2024-08-09 02:01:00+00:00
[2024-08-09T02:01:38.802+0000] {processor.py:183} INFO - Processing /home/airflow/.local/lib/python3.12/site-packages/airflow/example_dags/example_branch_python_dop_operator_3.py took 0.211 seconds
[2024-08-09T02:02:09.044+0000] {processor.py:161} INFO - Started process (PID=3157) to work on /home/airflow/.local/lib/python3.12/site-packages/airflow/example_dags/example_branch_python_dop_operator_3.py
[2024-08-09T02:02:09.047+0000] {processor.py:830} INFO - Processing file /home/airflow/.local/lib/python3.12/site-packages/airflow/example_dags/example_branch_python_dop_operator_3.py for tasks to queue
[2024-08-09T02:02:09.053+0000] {logging_mixin.py:188} INFO - [2024-08-09T02:02:09.053+0000] {dagbag.py:545} INFO - Filling up the DagBag from /home/airflow/.local/lib/python3.12/site-packages/airflow/example_dags/example_branch_python_dop_operator_3.py
[2024-08-09T02:02:09.083+0000] {processor.py:840} INFO - DAG(s) 'example_branch_dop_operator_v3' retrieved from /home/airflow/.local/lib/python3.12/site-packages/airflow/example_dags/example_branch_python_dop_operator_3.py
[2024-08-09T02:02:09.208+0000] {logging_mixin.py:188} INFO - [2024-08-09T02:02:09.207+0000] {dag.py:3089} INFO - Sync 1 DAGs
[2024-08-09T02:02:09.301+0000] {logging_mixin.py:188} INFO - [2024-08-09T02:02:09.300+0000] {dag.py:3947} INFO - Setting next_dagrun for example_branch_dop_operator_v3 to 2024-08-09 02:01:00+00:00, run_after=2024-08-09 02:02:00+00:00
[2024-08-09T02:02:09.353+0000] {processor.py:183} INFO - Processing /home/airflow/.local/lib/python3.12/site-packages/airflow/example_dags/example_branch_python_dop_operator_3.py took 0.330 seconds
[2024-08-09T02:02:40.078+0000] {processor.py:161} INFO - Started process (PID=3215) to work on /home/airflow/.local/lib/python3.12/site-packages/airflow/example_dags/example_branch_python_dop_operator_3.py
[2024-08-09T02:02:40.081+0000] {processor.py:830} INFO - Processing file /home/airflow/.local/lib/python3.12/site-packages/airflow/example_dags/example_branch_python_dop_operator_3.py for tasks to queue
[2024-08-09T02:02:40.086+0000] {logging_mixin.py:188} INFO - [2024-08-09T02:02:40.085+0000] {dagbag.py:545} INFO - Filling up the DagBag from /home/airflow/.local/lib/python3.12/site-packages/airflow/example_dags/example_branch_python_dop_operator_3.py
[2024-08-09T02:02:40.109+0000] {processor.py:840} INFO - DAG(s) 'example_branch_dop_operator_v3' retrieved from /home/airflow/.local/lib/python3.12/site-packages/airflow/example_dags/example_branch_python_dop_operator_3.py
[2024-08-09T02:02:40.162+0000] {logging_mixin.py:188} INFO - [2024-08-09T02:02:40.161+0000] {dag.py:3089} INFO - Sync 1 DAGs
[2024-08-09T02:02:40.208+0000] {logging_mixin.py:188} INFO - [2024-08-09T02:02:40.208+0000] {dag.py:3947} INFO - Setting next_dagrun for example_branch_dop_operator_v3 to 2024-08-09 02:01:00+00:00, run_after=2024-08-09 02:02:00+00:00
[2024-08-09T02:02:40.246+0000] {processor.py:183} INFO - Processing /home/airflow/.local/lib/python3.12/site-packages/airflow/example_dags/example_branch_python_dop_operator_3.py took 0.184 seconds
[2024-08-09T02:03:10.870+0000] {processor.py:161} INFO - Started process (PID=3273) to work on /home/airflow/.local/lib/python3.12/site-packages/airflow/example_dags/example_branch_python_dop_operator_3.py
[2024-08-09T02:03:10.877+0000] {processor.py:830} INFO - Processing file /home/airflow/.local/lib/python3.12/site-packages/airflow/example_dags/example_branch_python_dop_operator_3.py for tasks to queue
[2024-08-09T02:03:10.887+0000] {logging_mixin.py:188} INFO - [2024-08-09T02:03:10.886+0000] {dagbag.py:545} INFO - Filling up the DagBag from /home/airflow/.local/lib/python3.12/site-packages/airflow/example_dags/example_branch_python_dop_operator_3.py
[2024-08-09T02:03:10.910+0000] {processor.py:840} INFO - DAG(s) 'example_branch_dop_operator_v3' retrieved from /home/airflow/.local/lib/python3.12/site-packages/airflow/example_dags/example_branch_python_dop_operator_3.py
[2024-08-09T02:03:10.962+0000] {logging_mixin.py:188} INFO - [2024-08-09T02:03:10.962+0000] {dag.py:3089} INFO - Sync 1 DAGs
[2024-08-09T02:03:11.010+0000] {logging_mixin.py:188} INFO - [2024-08-09T02:03:11.010+0000] {dag.py:3947} INFO - Setting next_dagrun for example_branch_dop_operator_v3 to 2024-08-09 02:02:00+00:00, run_after=2024-08-09 02:03:00+00:00
[2024-08-09T02:03:11.046+0000] {processor.py:183} INFO - Processing /home/airflow/.local/lib/python3.12/site-packages/airflow/example_dags/example_branch_python_dop_operator_3.py took 0.199 seconds
[2024-08-09T02:03:41.739+0000] {processor.py:161} INFO - Started process (PID=3330) to work on /home/airflow/.local/lib/python3.12/site-packages/airflow/example_dags/example_branch_python_dop_operator_3.py
[2024-08-09T02:03:41.741+0000] {processor.py:830} INFO - Processing file /home/airflow/.local/lib/python3.12/site-packages/airflow/example_dags/example_branch_python_dop_operator_3.py for tasks to queue
[2024-08-09T02:03:41.746+0000] {logging_mixin.py:188} INFO - [2024-08-09T02:03:41.745+0000] {dagbag.py:545} INFO - Filling up the DagBag from /home/airflow/.local/lib/python3.12/site-packages/airflow/example_dags/example_branch_python_dop_operator_3.py
[2024-08-09T02:03:41.773+0000] {processor.py:840} INFO - DAG(s) 'example_branch_dop_operator_v3' retrieved from /home/airflow/.local/lib/python3.12/site-packages/airflow/example_dags/example_branch_python_dop_operator_3.py
[2024-08-09T02:03:41.827+0000] {logging_mixin.py:188} INFO - [2024-08-09T02:03:41.826+0000] {dag.py:3089} INFO - Sync 1 DAGs
[2024-08-09T02:03:41.868+0000] {logging_mixin.py:188} INFO - [2024-08-09T02:03:41.867+0000] {dag.py:3947} INFO - Setting next_dagrun for example_branch_dop_operator_v3 to 2024-08-09 02:02:00+00:00, run_after=2024-08-09 02:03:00+00:00
[2024-08-09T02:03:41.897+0000] {processor.py:183} INFO - Processing /home/airflow/.local/lib/python3.12/site-packages/airflow/example_dags/example_branch_python_dop_operator_3.py took 0.176 seconds
[2024-08-09T02:04:12.761+0000] {processor.py:161} INFO - Started process (PID=3388) to work on /home/airflow/.local/lib/python3.12/site-packages/airflow/example_dags/example_branch_python_dop_operator_3.py
[2024-08-09T02:04:12.766+0000] {processor.py:830} INFO - Processing file /home/airflow/.local/lib/python3.12/site-packages/airflow/example_dags/example_branch_python_dop_operator_3.py for tasks to queue
[2024-08-09T02:04:12.776+0000] {logging_mixin.py:188} INFO - [2024-08-09T02:04:12.775+0000] {dagbag.py:545} INFO - Filling up the DagBag from /home/airflow/.local/lib/python3.12/site-packages/airflow/example_dags/example_branch_python_dop_operator_3.py
[2024-08-09T02:04:12.816+0000] {processor.py:840} INFO - DAG(s) 'example_branch_dop_operator_v3' retrieved from /home/airflow/.local/lib/python3.12/site-packages/airflow/example_dags/example_branch_python_dop_operator_3.py
[2024-08-09T02:04:12.885+0000] {logging_mixin.py:188} INFO - [2024-08-09T02:04:12.885+0000] {dag.py:3089} INFO - Sync 1 DAGs
[2024-08-09T02:04:12.927+0000] {logging_mixin.py:188} INFO - [2024-08-09T02:04:12.926+0000] {dag.py:3947} INFO - Setting next_dagrun for example_branch_dop_operator_v3 to 2024-08-09 02:03:00+00:00, run_after=2024-08-09 02:04:00+00:00
[2024-08-09T02:04:12.957+0000] {processor.py:183} INFO - Processing /home/airflow/.local/lib/python3.12/site-packages/airflow/example_dags/example_branch_python_dop_operator_3.py took 0.225 seconds
[2024-08-09T02:04:43.233+0000] {processor.py:161} INFO - Started process (PID=3446) to work on /home/airflow/.local/lib/python3.12/site-packages/airflow/example_dags/example_branch_python_dop_operator_3.py
[2024-08-09T02:04:43.235+0000] {processor.py:830} INFO - Processing file /home/airflow/.local/lib/python3.12/site-packages/airflow/example_dags/example_branch_python_dop_operator_3.py for tasks to queue
[2024-08-09T02:04:43.240+0000] {logging_mixin.py:188} INFO - [2024-08-09T02:04:43.239+0000] {dagbag.py:545} INFO - Filling up the DagBag from /home/airflow/.local/lib/python3.12/site-packages/airflow/example_dags/example_branch_python_dop_operator_3.py
[2024-08-09T02:04:43.260+0000] {processor.py:840} INFO - DAG(s) 'example_branch_dop_operator_v3' retrieved from /home/airflow/.local/lib/python3.12/site-packages/airflow/example_dags/example_branch_python_dop_operator_3.py
[2024-08-09T02:04:43.308+0000] {logging_mixin.py:188} INFO - [2024-08-09T02:04:43.308+0000] {dag.py:3089} INFO - Sync 1 DAGs
[2024-08-09T02:04:43.345+0000] {logging_mixin.py:188} INFO - [2024-08-09T02:04:43.345+0000] {dag.py:3947} INFO - Setting next_dagrun for example_branch_dop_operator_v3 to 2024-08-09 02:03:00+00:00, run_after=2024-08-09 02:04:00+00:00
[2024-08-09T02:04:43.375+0000] {processor.py:183} INFO - Processing /home/airflow/.local/lib/python3.12/site-packages/airflow/example_dags/example_branch_python_dop_operator_3.py took 0.160 seconds
[2024-08-09T02:05:14.727+0000] {processor.py:161} INFO - Started process (PID=3504) to work on /home/airflow/.local/lib/python3.12/site-packages/airflow/example_dags/example_branch_python_dop_operator_3.py
[2024-08-09T02:05:14.731+0000] {processor.py:830} INFO - Processing file /home/airflow/.local/lib/python3.12/site-packages/airflow/example_dags/example_branch_python_dop_operator_3.py for tasks to queue
[2024-08-09T02:05:14.738+0000] {logging_mixin.py:188} INFO - [2024-08-09T02:05:14.736+0000] {dagbag.py:545} INFO - Filling up the DagBag from /home/airflow/.local/lib/python3.12/site-packages/airflow/example_dags/example_branch_python_dop_operator_3.py
[2024-08-09T02:05:14.773+0000] {processor.py:840} INFO - DAG(s) 'example_branch_dop_operator_v3' retrieved from /home/airflow/.local/lib/python3.12/site-packages/airflow/example_dags/example_branch_python_dop_operator_3.py
[2024-08-09T02:05:14.875+0000] {logging_mixin.py:188} INFO - [2024-08-09T02:05:14.874+0000] {dag.py:3089} INFO - Sync 1 DAGs
[2024-08-09T02:05:14.974+0000] {logging_mixin.py:188} INFO - [2024-08-09T02:05:14.972+0000] {dag.py:3947} INFO - Setting next_dagrun for example_branch_dop_operator_v3 to 2024-08-09 02:04:00+00:00, run_after=2024-08-09 02:05:00+00:00
[2024-08-09T02:05:15.016+0000] {processor.py:183} INFO - Processing /home/airflow/.local/lib/python3.12/site-packages/airflow/example_dags/example_branch_python_dop_operator_3.py took 0.313 seconds
[2024-08-09T02:05:45.848+0000] {processor.py:161} INFO - Started process (PID=3562) to work on /home/airflow/.local/lib/python3.12/site-packages/airflow/example_dags/example_branch_python_dop_operator_3.py
[2024-08-09T02:05:45.852+0000] {processor.py:830} INFO - Processing file /home/airflow/.local/lib/python3.12/site-packages/airflow/example_dags/example_branch_python_dop_operator_3.py for tasks to queue
[2024-08-09T02:05:45.862+0000] {logging_mixin.py:188} INFO - [2024-08-09T02:05:45.860+0000] {dagbag.py:545} INFO - Filling up the DagBag from /home/airflow/.local/lib/python3.12/site-packages/airflow/example_dags/example_branch_python_dop_operator_3.py
[2024-08-09T02:05:45.922+0000] {processor.py:840} INFO - DAG(s) 'example_branch_dop_operator_v3' retrieved from /home/airflow/.local/lib/python3.12/site-packages/airflow/example_dags/example_branch_python_dop_operator_3.py
[2024-08-09T02:05:46.017+0000] {logging_mixin.py:188} INFO - [2024-08-09T02:05:46.017+0000] {dag.py:3089} INFO - Sync 1 DAGs
[2024-08-09T02:05:46.080+0000] {logging_mixin.py:188} INFO - [2024-08-09T02:05:46.079+0000] {dag.py:3947} INFO - Setting next_dagrun for example_branch_dop_operator_v3 to 2024-08-09 02:04:00+00:00, run_after=2024-08-09 02:05:00+00:00
[2024-08-09T02:05:46.124+0000] {processor.py:183} INFO - Processing /home/airflow/.local/lib/python3.12/site-packages/airflow/example_dags/example_branch_python_dop_operator_3.py took 0.318 seconds
[2024-08-09T02:06:16.313+0000] {processor.py:161} INFO - Started process (PID=3620) to work on /home/airflow/.local/lib/python3.12/site-packages/airflow/example_dags/example_branch_python_dop_operator_3.py
[2024-08-09T02:06:16.316+0000] {processor.py:830} INFO - Processing file /home/airflow/.local/lib/python3.12/site-packages/airflow/example_dags/example_branch_python_dop_operator_3.py for tasks to queue
[2024-08-09T02:06:16.321+0000] {logging_mixin.py:188} INFO - [2024-08-09T02:06:16.320+0000] {dagbag.py:545} INFO - Filling up the DagBag from /home/airflow/.local/lib/python3.12/site-packages/airflow/example_dags/example_branch_python_dop_operator_3.py
[2024-08-09T02:06:16.343+0000] {processor.py:840} INFO - DAG(s) 'example_branch_dop_operator_v3' retrieved from /home/airflow/.local/lib/python3.12/site-packages/airflow/example_dags/example_branch_python_dop_operator_3.py
[2024-08-09T02:06:16.397+0000] {logging_mixin.py:188} INFO - [2024-08-09T02:06:16.397+0000] {dag.py:3089} INFO - Sync 1 DAGs
[2024-08-09T02:06:16.439+0000] {logging_mixin.py:188} INFO - [2024-08-09T02:06:16.439+0000] {dag.py:3947} INFO - Setting next_dagrun for example_branch_dop_operator_v3 to 2024-08-09 02:05:00+00:00, run_after=2024-08-09 02:06:00+00:00
[2024-08-09T02:06:16.471+0000] {processor.py:183} INFO - Processing /home/airflow/.local/lib/python3.12/site-packages/airflow/example_dags/example_branch_python_dop_operator_3.py took 0.176 seconds
[2024-08-09T02:06:46.594+0000] {processor.py:161} INFO - Started process (PID=3678) to work on /home/airflow/.local/lib/python3.12/site-packages/airflow/example_dags/example_branch_python_dop_operator_3.py
[2024-08-09T02:06:46.596+0000] {processor.py:830} INFO - Processing file /home/airflow/.local/lib/python3.12/site-packages/airflow/example_dags/example_branch_python_dop_operator_3.py for tasks to queue
[2024-08-09T02:06:46.601+0000] {logging_mixin.py:188} INFO - [2024-08-09T02:06:46.600+0000] {dagbag.py:545} INFO - Filling up the DagBag from /home/airflow/.local/lib/python3.12/site-packages/airflow/example_dags/example_branch_python_dop_operator_3.py
[2024-08-09T02:06:46.623+0000] {processor.py:840} INFO - DAG(s) 'example_branch_dop_operator_v3' retrieved from /home/airflow/.local/lib/python3.12/site-packages/airflow/example_dags/example_branch_python_dop_operator_3.py
[2024-08-09T02:06:46.679+0000] {logging_mixin.py:188} INFO - [2024-08-09T02:06:46.679+0000] {dag.py:3089} INFO - Sync 1 DAGs
[2024-08-09T02:06:46.728+0000] {logging_mixin.py:188} INFO - [2024-08-09T02:06:46.728+0000] {dag.py:3947} INFO - Setting next_dagrun for example_branch_dop_operator_v3 to 2024-08-09 02:05:00+00:00, run_after=2024-08-09 02:06:00+00:00
[2024-08-09T02:06:46.769+0000] {processor.py:183} INFO - Processing /home/airflow/.local/lib/python3.12/site-packages/airflow/example_dags/example_branch_python_dop_operator_3.py took 0.192 seconds
[2024-08-09T02:07:17.842+0000] {processor.py:161} INFO - Started process (PID=3735) to work on /home/airflow/.local/lib/python3.12/site-packages/airflow/example_dags/example_branch_python_dop_operator_3.py
[2024-08-09T02:07:17.845+0000] {processor.py:830} INFO - Processing file /home/airflow/.local/lib/python3.12/site-packages/airflow/example_dags/example_branch_python_dop_operator_3.py for tasks to queue
[2024-08-09T02:07:17.850+0000] {logging_mixin.py:188} INFO - [2024-08-09T02:07:17.849+0000] {dagbag.py:545} INFO - Filling up the DagBag from /home/airflow/.local/lib/python3.12/site-packages/airflow/example_dags/example_branch_python_dop_operator_3.py
[2024-08-09T02:07:17.872+0000] {processor.py:840} INFO - DAG(s) 'example_branch_dop_operator_v3' retrieved from /home/airflow/.local/lib/python3.12/site-packages/airflow/example_dags/example_branch_python_dop_operator_3.py
[2024-08-09T02:07:17.926+0000] {logging_mixin.py:188} INFO - [2024-08-09T02:07:17.926+0000] {dag.py:3089} INFO - Sync 1 DAGs
[2024-08-09T02:07:17.978+0000] {logging_mixin.py:188} INFO - [2024-08-09T02:07:17.977+0000] {dag.py:3947} INFO - Setting next_dagrun for example_branch_dop_operator_v3 to 2024-08-09 02:06:00+00:00, run_after=2024-08-09 02:07:00+00:00
[2024-08-09T02:07:18.340+0000] {processor.py:183} INFO - Processing /home/airflow/.local/lib/python3.12/site-packages/airflow/example_dags/example_branch_python_dop_operator_3.py took 0.518 seconds
[2024-08-09T02:07:48.781+0000] {processor.py:161} INFO - Started process (PID=3792) to work on /home/airflow/.local/lib/python3.12/site-packages/airflow/example_dags/example_branch_python_dop_operator_3.py
[2024-08-09T02:07:48.784+0000] {processor.py:830} INFO - Processing file /home/airflow/.local/lib/python3.12/site-packages/airflow/example_dags/example_branch_python_dop_operator_3.py for tasks to queue
[2024-08-09T02:07:48.789+0000] {logging_mixin.py:188} INFO - [2024-08-09T02:07:48.788+0000] {dagbag.py:545} INFO - Filling up the DagBag from /home/airflow/.local/lib/python3.12/site-packages/airflow/example_dags/example_branch_python_dop_operator_3.py
[2024-08-09T02:07:48.810+0000] {processor.py:840} INFO - DAG(s) 'example_branch_dop_operator_v3' retrieved from /home/airflow/.local/lib/python3.12/site-packages/airflow/example_dags/example_branch_python_dop_operator_3.py
[2024-08-09T02:07:48.867+0000] {logging_mixin.py:188} INFO - [2024-08-09T02:07:48.867+0000] {dag.py:3089} INFO - Sync 1 DAGs
[2024-08-09T02:07:48.913+0000] {logging_mixin.py:188} INFO - [2024-08-09T02:07:48.911+0000] {dag.py:3947} INFO - Setting next_dagrun for example_branch_dop_operator_v3 to 2024-08-09 02:06:00+00:00, run_after=2024-08-09 02:07:00+00:00
[2024-08-09T02:07:48.948+0000] {processor.py:183} INFO - Processing /home/airflow/.local/lib/python3.12/site-packages/airflow/example_dags/example_branch_python_dop_operator_3.py took 0.185 seconds
[2024-08-09T02:08:20.033+0000] {processor.py:161} INFO - Started process (PID=3850) to work on /home/airflow/.local/lib/python3.12/site-packages/airflow/example_dags/example_branch_python_dop_operator_3.py
[2024-08-09T02:08:20.037+0000] {processor.py:830} INFO - Processing file /home/airflow/.local/lib/python3.12/site-packages/airflow/example_dags/example_branch_python_dop_operator_3.py for tasks to queue
[2024-08-09T02:08:20.041+0000] {logging_mixin.py:188} INFO - [2024-08-09T02:08:20.040+0000] {dagbag.py:545} INFO - Filling up the DagBag from /home/airflow/.local/lib/python3.12/site-packages/airflow/example_dags/example_branch_python_dop_operator_3.py
[2024-08-09T02:08:20.070+0000] {processor.py:840} INFO - DAG(s) 'example_branch_dop_operator_v3' retrieved from /home/airflow/.local/lib/python3.12/site-packages/airflow/example_dags/example_branch_python_dop_operator_3.py
[2024-08-09T02:08:20.196+0000] {logging_mixin.py:188} INFO - [2024-08-09T02:08:20.195+0000] {dag.py:3089} INFO - Sync 1 DAGs
[2024-08-09T02:08:20.282+0000] {logging_mixin.py:188} INFO - [2024-08-09T02:08:20.281+0000] {dag.py:3947} INFO - Setting next_dagrun for example_branch_dop_operator_v3 to 2024-08-09 02:07:00+00:00, run_after=2024-08-09 02:08:00+00:00
[2024-08-09T02:08:20.350+0000] {processor.py:183} INFO - Processing /home/airflow/.local/lib/python3.12/site-packages/airflow/example_dags/example_branch_python_dop_operator_3.py took 0.347 seconds
[2024-08-09T02:08:50.538+0000] {processor.py:161} INFO - Started process (PID=3908) to work on /home/airflow/.local/lib/python3.12/site-packages/airflow/example_dags/example_branch_python_dop_operator_3.py
[2024-08-09T02:08:50.541+0000] {processor.py:830} INFO - Processing file /home/airflow/.local/lib/python3.12/site-packages/airflow/example_dags/example_branch_python_dop_operator_3.py for tasks to queue
[2024-08-09T02:08:50.546+0000] {logging_mixin.py:188} INFO - [2024-08-09T02:08:50.545+0000] {dagbag.py:545} INFO - Filling up the DagBag from /home/airflow/.local/lib/python3.12/site-packages/airflow/example_dags/example_branch_python_dop_operator_3.py
[2024-08-09T02:08:50.566+0000] {processor.py:840} INFO - DAG(s) 'example_branch_dop_operator_v3' retrieved from /home/airflow/.local/lib/python3.12/site-packages/airflow/example_dags/example_branch_python_dop_operator_3.py
[2024-08-09T02:08:50.616+0000] {logging_mixin.py:188} INFO - [2024-08-09T02:08:50.616+0000] {dag.py:3089} INFO - Sync 1 DAGs
[2024-08-09T02:08:50.666+0000] {logging_mixin.py:188} INFO - [2024-08-09T02:08:50.665+0000] {dag.py:3947} INFO - Setting next_dagrun for example_branch_dop_operator_v3 to 2024-08-09 02:07:00+00:00, run_after=2024-08-09 02:08:00+00:00
[2024-08-09T02:08:50.718+0000] {processor.py:183} INFO - Processing /home/airflow/.local/lib/python3.12/site-packages/airflow/example_dags/example_branch_python_dop_operator_3.py took 0.194 seconds
[2024-08-09T02:09:21.172+0000] {processor.py:161} INFO - Started process (PID=3966) to work on /home/airflow/.local/lib/python3.12/site-packages/airflow/example_dags/example_branch_python_dop_operator_3.py
[2024-08-09T02:09:21.174+0000] {processor.py:830} INFO - Processing file /home/airflow/.local/lib/python3.12/site-packages/airflow/example_dags/example_branch_python_dop_operator_3.py for tasks to queue
[2024-08-09T02:09:21.179+0000] {logging_mixin.py:188} INFO - [2024-08-09T02:09:21.178+0000] {dagbag.py:545} INFO - Filling up the DagBag from /home/airflow/.local/lib/python3.12/site-packages/airflow/example_dags/example_branch_python_dop_operator_3.py
[2024-08-09T02:09:21.200+0000] {processor.py:840} INFO - DAG(s) 'example_branch_dop_operator_v3' retrieved from /home/airflow/.local/lib/python3.12/site-packages/airflow/example_dags/example_branch_python_dop_operator_3.py
[2024-08-09T02:09:21.258+0000] {logging_mixin.py:188} INFO - [2024-08-09T02:09:21.258+0000] {dag.py:3089} INFO - Sync 1 DAGs
[2024-08-09T02:09:21.312+0000] {logging_mixin.py:188} INFO - [2024-08-09T02:09:21.311+0000] {dag.py:3947} INFO - Setting next_dagrun for example_branch_dop_operator_v3 to 2024-08-09 02:08:00+00:00, run_after=2024-08-09 02:09:00+00:00
[2024-08-09T02:09:21.371+0000] {processor.py:183} INFO - Processing /home/airflow/.local/lib/python3.12/site-packages/airflow/example_dags/example_branch_python_dop_operator_3.py took 0.218 seconds
[2024-08-09T02:09:51.753+0000] {processor.py:161} INFO - Started process (PID=4024) to work on /home/airflow/.local/lib/python3.12/site-packages/airflow/example_dags/example_branch_python_dop_operator_3.py
[2024-08-09T02:09:51.757+0000] {processor.py:830} INFO - Processing file /home/airflow/.local/lib/python3.12/site-packages/airflow/example_dags/example_branch_python_dop_operator_3.py for tasks to queue
[2024-08-09T02:09:51.762+0000] {logging_mixin.py:188} INFO - [2024-08-09T02:09:51.761+0000] {dagbag.py:545} INFO - Filling up the DagBag from /home/airflow/.local/lib/python3.12/site-packages/airflow/example_dags/example_branch_python_dop_operator_3.py
[2024-08-09T02:09:51.793+0000] {processor.py:840} INFO - DAG(s) 'example_branch_dop_operator_v3' retrieved from /home/airflow/.local/lib/python3.12/site-packages/airflow/example_dags/example_branch_python_dop_operator_3.py
[2024-08-09T02:09:51.909+0000] {logging_mixin.py:188} INFO - [2024-08-09T02:09:51.907+0000] {dag.py:3089} INFO - Sync 1 DAGs
[2024-08-09T02:09:51.980+0000] {logging_mixin.py:188} INFO - [2024-08-09T02:09:51.980+0000] {dag.py:3947} INFO - Setting next_dagrun for example_branch_dop_operator_v3 to 2024-08-09 02:08:00+00:00, run_after=2024-08-09 02:09:00+00:00
[2024-08-09T02:09:52.027+0000] {processor.py:183} INFO - Processing /home/airflow/.local/lib/python3.12/site-packages/airflow/example_dags/example_branch_python_dop_operator_3.py took 0.308 seconds
[2024-08-09T02:10:22.529+0000] {processor.py:161} INFO - Started process (PID=4082) to work on /home/airflow/.local/lib/python3.12/site-packages/airflow/example_dags/example_branch_python_dop_operator_3.py
[2024-08-09T02:10:22.532+0000] {processor.py:830} INFO - Processing file /home/airflow/.local/lib/python3.12/site-packages/airflow/example_dags/example_branch_python_dop_operator_3.py for tasks to queue
[2024-08-09T02:10:22.543+0000] {logging_mixin.py:188} INFO - [2024-08-09T02:10:22.542+0000] {dagbag.py:545} INFO - Filling up the DagBag from /home/airflow/.local/lib/python3.12/site-packages/airflow/example_dags/example_branch_python_dop_operator_3.py
[2024-08-09T02:10:22.590+0000] {processor.py:840} INFO - DAG(s) 'example_branch_dop_operator_v3' retrieved from /home/airflow/.local/lib/python3.12/site-packages/airflow/example_dags/example_branch_python_dop_operator_3.py
[2024-08-09T02:10:22.673+0000] {logging_mixin.py:188} INFO - [2024-08-09T02:10:22.672+0000] {dag.py:3089} INFO - Sync 1 DAGs
[2024-08-09T02:10:22.745+0000] {logging_mixin.py:188} INFO - [2024-08-09T02:10:22.744+0000] {dag.py:3947} INFO - Setting next_dagrun for example_branch_dop_operator_v3 to 2024-08-09 02:09:00+00:00, run_after=2024-08-09 02:10:00+00:00
[2024-08-09T02:10:22.790+0000] {processor.py:183} INFO - Processing /home/airflow/.local/lib/python3.12/site-packages/airflow/example_dags/example_branch_python_dop_operator_3.py took 0.287 seconds
[2024-08-09T02:10:53.425+0000] {processor.py:161} INFO - Started process (PID=4139) to work on /home/airflow/.local/lib/python3.12/site-packages/airflow/example_dags/example_branch_python_dop_operator_3.py
[2024-08-09T02:10:53.428+0000] {processor.py:830} INFO - Processing file /home/airflow/.local/lib/python3.12/site-packages/airflow/example_dags/example_branch_python_dop_operator_3.py for tasks to queue
[2024-08-09T02:10:53.432+0000] {logging_mixin.py:188} INFO - [2024-08-09T02:10:53.431+0000] {dagbag.py:545} INFO - Filling up the DagBag from /home/airflow/.local/lib/python3.12/site-packages/airflow/example_dags/example_branch_python_dop_operator_3.py
[2024-08-09T02:10:53.451+0000] {processor.py:840} INFO - DAG(s) 'example_branch_dop_operator_v3' retrieved from /home/airflow/.local/lib/python3.12/site-packages/airflow/example_dags/example_branch_python_dop_operator_3.py
[2024-08-09T02:10:53.496+0000] {logging_mixin.py:188} INFO - [2024-08-09T02:10:53.496+0000] {dag.py:3089} INFO - Sync 1 DAGs
[2024-08-09T02:10:53.541+0000] {logging_mixin.py:188} INFO - [2024-08-09T02:10:53.541+0000] {dag.py:3947} INFO - Setting next_dagrun for example_branch_dop_operator_v3 to 2024-08-09 02:09:00+00:00, run_after=2024-08-09 02:10:00+00:00
[2024-08-09T02:10:53.577+0000] {processor.py:183} INFO - Processing /home/airflow/.local/lib/python3.12/site-packages/airflow/example_dags/example_branch_python_dop_operator_3.py took 0.166 seconds
[2024-08-09T02:11:24.368+0000] {processor.py:161} INFO - Started process (PID=4197) to work on /home/airflow/.local/lib/python3.12/site-packages/airflow/example_dags/example_branch_python_dop_operator_3.py
[2024-08-09T02:11:24.371+0000] {processor.py:830} INFO - Processing file /home/airflow/.local/lib/python3.12/site-packages/airflow/example_dags/example_branch_python_dop_operator_3.py for tasks to queue
[2024-08-09T02:11:24.376+0000] {logging_mixin.py:188} INFO - [2024-08-09T02:11:24.375+0000] {dagbag.py:545} INFO - Filling up the DagBag from /home/airflow/.local/lib/python3.12/site-packages/airflow/example_dags/example_branch_python_dop_operator_3.py
[2024-08-09T02:11:24.410+0000] {processor.py:840} INFO - DAG(s) 'example_branch_dop_operator_v3' retrieved from /home/airflow/.local/lib/python3.12/site-packages/airflow/example_dags/example_branch_python_dop_operator_3.py
[2024-08-09T02:11:24.502+0000] {logging_mixin.py:188} INFO - [2024-08-09T02:11:24.502+0000] {dag.py:3089} INFO - Sync 1 DAGs
[2024-08-09T02:11:24.578+0000] {logging_mixin.py:188} INFO - [2024-08-09T02:11:24.578+0000] {dag.py:3947} INFO - Setting next_dagrun for example_branch_dop_operator_v3 to 2024-08-09 02:10:00+00:00, run_after=2024-08-09 02:11:00+00:00
[2024-08-09T02:11:24.629+0000] {processor.py:183} INFO - Processing /home/airflow/.local/lib/python3.12/site-packages/airflow/example_dags/example_branch_python_dop_operator_3.py took 0.282 seconds
[2024-08-09T02:11:54.888+0000] {processor.py:161} INFO - Started process (PID=4254) to work on /home/airflow/.local/lib/python3.12/site-packages/airflow/example_dags/example_branch_python_dop_operator_3.py
[2024-08-09T02:11:54.892+0000] {processor.py:830} INFO - Processing file /home/airflow/.local/lib/python3.12/site-packages/airflow/example_dags/example_branch_python_dop_operator_3.py for tasks to queue
[2024-08-09T02:11:54.898+0000] {logging_mixin.py:188} INFO - [2024-08-09T02:11:54.897+0000] {dagbag.py:545} INFO - Filling up the DagBag from /home/airflow/.local/lib/python3.12/site-packages/airflow/example_dags/example_branch_python_dop_operator_3.py
[2024-08-09T02:11:54.924+0000] {processor.py:840} INFO - DAG(s) 'example_branch_dop_operator_v3' retrieved from /home/airflow/.local/lib/python3.12/site-packages/airflow/example_dags/example_branch_python_dop_operator_3.py
[2024-08-09T02:11:54.986+0000] {logging_mixin.py:188} INFO - [2024-08-09T02:11:54.986+0000] {dag.py:3089} INFO - Sync 1 DAGs
[2024-08-09T02:11:55.041+0000] {logging_mixin.py:188} INFO - [2024-08-09T02:11:55.041+0000] {dag.py:3947} INFO - Setting next_dagrun for example_branch_dop_operator_v3 to 2024-08-09 02:10:00+00:00, run_after=2024-08-09 02:11:00+00:00
[2024-08-09T02:11:55.088+0000] {processor.py:183} INFO - Processing /home/airflow/.local/lib/python3.12/site-packages/airflow/example_dags/example_branch_python_dop_operator_3.py took 0.220 seconds
[2024-08-09T02:12:25.291+0000] {processor.py:161} INFO - Started process (PID=4312) to work on /home/airflow/.local/lib/python3.12/site-packages/airflow/example_dags/example_branch_python_dop_operator_3.py
[2024-08-09T02:12:25.294+0000] {processor.py:830} INFO - Processing file /home/airflow/.local/lib/python3.12/site-packages/airflow/example_dags/example_branch_python_dop_operator_3.py for tasks to queue
[2024-08-09T02:12:25.301+0000] {logging_mixin.py:188} INFO - [2024-08-09T02:12:25.299+0000] {dagbag.py:545} INFO - Filling up the DagBag from /home/airflow/.local/lib/python3.12/site-packages/airflow/example_dags/example_branch_python_dop_operator_3.py
[2024-08-09T02:12:25.327+0000] {processor.py:840} INFO - DAG(s) 'example_branch_dop_operator_v3' retrieved from /home/airflow/.local/lib/python3.12/site-packages/airflow/example_dags/example_branch_python_dop_operator_3.py
[2024-08-09T02:12:25.404+0000] {logging_mixin.py:188} INFO - [2024-08-09T02:12:25.404+0000] {dag.py:3089} INFO - Sync 1 DAGs
[2024-08-09T02:12:25.462+0000] {logging_mixin.py:188} INFO - [2024-08-09T02:12:25.461+0000] {dag.py:3947} INFO - Setting next_dagrun for example_branch_dop_operator_v3 to 2024-08-09 02:11:00+00:00, run_after=2024-08-09 02:12:00+00:00
[2024-08-09T02:12:25.509+0000] {processor.py:183} INFO - Processing /home/airflow/.local/lib/python3.12/site-packages/airflow/example_dags/example_branch_python_dop_operator_3.py took 0.242 seconds
[2024-08-09T02:12:55.688+0000] {processor.py:161} INFO - Started process (PID=4370) to work on /home/airflow/.local/lib/python3.12/site-packages/airflow/example_dags/example_branch_python_dop_operator_3.py
[2024-08-09T02:12:55.692+0000] {processor.py:830} INFO - Processing file /home/airflow/.local/lib/python3.12/site-packages/airflow/example_dags/example_branch_python_dop_operator_3.py for tasks to queue
[2024-08-09T02:12:55.699+0000] {logging_mixin.py:188} INFO - [2024-08-09T02:12:55.697+0000] {dagbag.py:545} INFO - Filling up the DagBag from /home/airflow/.local/lib/python3.12/site-packages/airflow/example_dags/example_branch_python_dop_operator_3.py
[2024-08-09T02:12:55.727+0000] {processor.py:840} INFO - DAG(s) 'example_branch_dop_operator_v3' retrieved from /home/airflow/.local/lib/python3.12/site-packages/airflow/example_dags/example_branch_python_dop_operator_3.py
[2024-08-09T02:12:55.836+0000] {logging_mixin.py:188} INFO - [2024-08-09T02:12:55.832+0000] {dag.py:3089} INFO - Sync 1 DAGs
[2024-08-09T02:12:55.996+0000] {logging_mixin.py:188} INFO - [2024-08-09T02:12:55.996+0000] {dag.py:3947} INFO - Setting next_dagrun for example_branch_dop_operator_v3 to 2024-08-09 02:11:00+00:00, run_after=2024-08-09 02:12:00+00:00
[2024-08-09T02:12:56.096+0000] {processor.py:183} INFO - Processing /home/airflow/.local/lib/python3.12/site-packages/airflow/example_dags/example_branch_python_dop_operator_3.py took 0.473 seconds
[2024-08-09T02:13:26.310+0000] {processor.py:161} INFO - Started process (PID=4427) to work on /home/airflow/.local/lib/python3.12/site-packages/airflow/example_dags/example_branch_python_dop_operator_3.py
[2024-08-09T02:13:26.312+0000] {processor.py:830} INFO - Processing file /home/airflow/.local/lib/python3.12/site-packages/airflow/example_dags/example_branch_python_dop_operator_3.py for tasks to queue
[2024-08-09T02:13:26.320+0000] {logging_mixin.py:188} INFO - [2024-08-09T02:13:26.319+0000] {dagbag.py:545} INFO - Filling up the DagBag from /home/airflow/.local/lib/python3.12/site-packages/airflow/example_dags/example_branch_python_dop_operator_3.py
[2024-08-09T02:13:26.363+0000] {processor.py:840} INFO - DAG(s) 'example_branch_dop_operator_v3' retrieved from /home/airflow/.local/lib/python3.12/site-packages/airflow/example_dags/example_branch_python_dop_operator_3.py
[2024-08-09T02:13:26.447+0000] {logging_mixin.py:188} INFO - [2024-08-09T02:13:26.447+0000] {dag.py:3089} INFO - Sync 1 DAGs
[2024-08-09T02:13:26.534+0000] {logging_mixin.py:188} INFO - [2024-08-09T02:13:26.533+0000] {dag.py:3947} INFO - Setting next_dagrun for example_branch_dop_operator_v3 to 2024-08-09 02:12:00+00:00, run_after=2024-08-09 02:13:00+00:00
[2024-08-09T02:13:26.645+0000] {processor.py:183} INFO - Processing /home/airflow/.local/lib/python3.12/site-packages/airflow/example_dags/example_branch_python_dop_operator_3.py took 0.355 seconds
[2024-08-09T02:13:56.879+0000] {processor.py:161} INFO - Started process (PID=4485) to work on /home/airflow/.local/lib/python3.12/site-packages/airflow/example_dags/example_branch_python_dop_operator_3.py
[2024-08-09T02:13:56.885+0000] {processor.py:830} INFO - Processing file /home/airflow/.local/lib/python3.12/site-packages/airflow/example_dags/example_branch_python_dop_operator_3.py for tasks to queue
[2024-08-09T02:13:56.895+0000] {logging_mixin.py:188} INFO - [2024-08-09T02:13:56.894+0000] {dagbag.py:545} INFO - Filling up the DagBag from /home/airflow/.local/lib/python3.12/site-packages/airflow/example_dags/example_branch_python_dop_operator_3.py
[2024-08-09T02:13:56.939+0000] {processor.py:840} INFO - DAG(s) 'example_branch_dop_operator_v3' retrieved from /home/airflow/.local/lib/python3.12/site-packages/airflow/example_dags/example_branch_python_dop_operator_3.py
[2024-08-09T02:13:57.047+0000] {logging_mixin.py:188} INFO - [2024-08-09T02:13:57.046+0000] {dag.py:3089} INFO - Sync 1 DAGs
[2024-08-09T02:13:57.127+0000] {logging_mixin.py:188} INFO - [2024-08-09T02:13:57.126+0000] {dag.py:3947} INFO - Setting next_dagrun for example_branch_dop_operator_v3 to 2024-08-09 02:12:00+00:00, run_after=2024-08-09 02:13:00+00:00
[2024-08-09T02:13:57.204+0000] {processor.py:183} INFO - Processing /home/airflow/.local/lib/python3.12/site-packages/airflow/example_dags/example_branch_python_dop_operator_3.py took 0.355 seconds
[2024-08-09T02:14:27.941+0000] {processor.py:161} INFO - Started process (PID=4543) to work on /home/airflow/.local/lib/python3.12/site-packages/airflow/example_dags/example_branch_python_dop_operator_3.py
[2024-08-09T02:14:27.947+0000] {processor.py:830} INFO - Processing file /home/airflow/.local/lib/python3.12/site-packages/airflow/example_dags/example_branch_python_dop_operator_3.py for tasks to queue
[2024-08-09T02:14:27.966+0000] {logging_mixin.py:188} INFO - [2024-08-09T02:14:27.965+0000] {dagbag.py:545} INFO - Filling up the DagBag from /home/airflow/.local/lib/python3.12/site-packages/airflow/example_dags/example_branch_python_dop_operator_3.py
[2024-08-09T02:14:27.996+0000] {processor.py:840} INFO - DAG(s) 'example_branch_dop_operator_v3' retrieved from /home/airflow/.local/lib/python3.12/site-packages/airflow/example_dags/example_branch_python_dop_operator_3.py
[2024-08-09T02:14:28.064+0000] {logging_mixin.py:188} INFO - [2024-08-09T02:14:28.063+0000] {dag.py:3089} INFO - Sync 1 DAGs
[2024-08-09T02:14:28.144+0000] {logging_mixin.py:188} INFO - [2024-08-09T02:14:28.143+0000] {dag.py:3947} INFO - Setting next_dagrun for example_branch_dop_operator_v3 to 2024-08-09 02:13:00+00:00, run_after=2024-08-09 02:14:00+00:00
[2024-08-09T02:14:28.199+0000] {processor.py:183} INFO - Processing /home/airflow/.local/lib/python3.12/site-packages/airflow/example_dags/example_branch_python_dop_operator_3.py took 0.298 seconds
[2024-08-09T02:14:58.874+0000] {processor.py:161} INFO - Started process (PID=4601) to work on /home/airflow/.local/lib/python3.12/site-packages/airflow/example_dags/example_branch_python_dop_operator_3.py
[2024-08-09T02:14:58.881+0000] {processor.py:830} INFO - Processing file /home/airflow/.local/lib/python3.12/site-packages/airflow/example_dags/example_branch_python_dop_operator_3.py for tasks to queue
[2024-08-09T02:14:58.889+0000] {logging_mixin.py:188} INFO - [2024-08-09T02:14:58.888+0000] {dagbag.py:545} INFO - Filling up the DagBag from /home/airflow/.local/lib/python3.12/site-packages/airflow/example_dags/example_branch_python_dop_operator_3.py
[2024-08-09T02:14:58.918+0000] {processor.py:840} INFO - DAG(s) 'example_branch_dop_operator_v3' retrieved from /home/airflow/.local/lib/python3.12/site-packages/airflow/example_dags/example_branch_python_dop_operator_3.py
[2024-08-09T02:14:58.998+0000] {logging_mixin.py:188} INFO - [2024-08-09T02:14:58.996+0000] {dag.py:3089} INFO - Sync 1 DAGs
[2024-08-09T02:14:59.088+0000] {logging_mixin.py:188} INFO - [2024-08-09T02:14:59.087+0000] {dag.py:3947} INFO - Setting next_dagrun for example_branch_dop_operator_v3 to 2024-08-09 02:13:00+00:00, run_after=2024-08-09 02:14:00+00:00
[2024-08-09T02:14:59.148+0000] {processor.py:183} INFO - Processing /home/airflow/.local/lib/python3.12/site-packages/airflow/example_dags/example_branch_python_dop_operator_3.py took 0.300 seconds
[2024-08-09T02:15:29.511+0000] {processor.py:161} INFO - Started process (PID=4657) to work on /home/airflow/.local/lib/python3.12/site-packages/airflow/example_dags/example_branch_python_dop_operator_3.py
[2024-08-09T02:15:29.514+0000] {processor.py:830} INFO - Processing file /home/airflow/.local/lib/python3.12/site-packages/airflow/example_dags/example_branch_python_dop_operator_3.py for tasks to queue
[2024-08-09T02:15:29.519+0000] {logging_mixin.py:188} INFO - [2024-08-09T02:15:29.518+0000] {dagbag.py:545} INFO - Filling up the DagBag from /home/airflow/.local/lib/python3.12/site-packages/airflow/example_dags/example_branch_python_dop_operator_3.py
[2024-08-09T02:15:29.546+0000] {processor.py:840} INFO - DAG(s) 'example_branch_dop_operator_v3' retrieved from /home/airflow/.local/lib/python3.12/site-packages/airflow/example_dags/example_branch_python_dop_operator_3.py
[2024-08-09T02:15:29.612+0000] {logging_mixin.py:188} INFO - [2024-08-09T02:15:29.612+0000] {dag.py:3089} INFO - Sync 1 DAGs
[2024-08-09T02:15:29.677+0000] {logging_mixin.py:188} INFO - [2024-08-09T02:15:29.677+0000] {dag.py:3947} INFO - Setting next_dagrun for example_branch_dop_operator_v3 to 2024-08-09 02:14:00+00:00, run_after=2024-08-09 02:15:00+00:00
[2024-08-09T02:15:29.740+0000] {processor.py:183} INFO - Processing /home/airflow/.local/lib/python3.12/site-packages/airflow/example_dags/example_branch_python_dop_operator_3.py took 0.250 seconds
[2024-08-09T02:15:59.914+0000] {processor.py:161} INFO - Started process (PID=4715) to work on /home/airflow/.local/lib/python3.12/site-packages/airflow/example_dags/example_branch_python_dop_operator_3.py
[2024-08-09T02:15:59.917+0000] {processor.py:830} INFO - Processing file /home/airflow/.local/lib/python3.12/site-packages/airflow/example_dags/example_branch_python_dop_operator_3.py for tasks to queue
[2024-08-09T02:15:59.925+0000] {logging_mixin.py:188} INFO - [2024-08-09T02:15:59.923+0000] {dagbag.py:545} INFO - Filling up the DagBag from /home/airflow/.local/lib/python3.12/site-packages/airflow/example_dags/example_branch_python_dop_operator_3.py
[2024-08-09T02:15:59.954+0000] {processor.py:840} INFO - DAG(s) 'example_branch_dop_operator_v3' retrieved from /home/airflow/.local/lib/python3.12/site-packages/airflow/example_dags/example_branch_python_dop_operator_3.py
[2024-08-09T02:16:00.015+0000] {logging_mixin.py:188} INFO - [2024-08-09T02:16:00.015+0000] {dag.py:3089} INFO - Sync 1 DAGs
[2024-08-09T02:16:00.069+0000] {logging_mixin.py:188} INFO - [2024-08-09T02:16:00.068+0000] {dag.py:3947} INFO - Setting next_dagrun for example_branch_dop_operator_v3 to 2024-08-09 02:15:00+00:00, run_after=2024-08-09 02:16:00+00:00
[2024-08-09T02:16:00.110+0000] {processor.py:183} INFO - Processing /home/airflow/.local/lib/python3.12/site-packages/airflow/example_dags/example_branch_python_dop_operator_3.py took 0.216 seconds
