[2024-08-09T01:42:29.196+0000] {processor.py:161} INFO - Started process (PID=986) to work on /home/airflow/.local/lib/python3.12/site-packages/airflow/example_dags/example_display_name.py
[2024-08-09T01:42:29.199+0000] {processor.py:830} INFO - Processing file /home/airflow/.local/lib/python3.12/site-packages/airflow/example_dags/example_display_name.py for tasks to queue
[2024-08-09T01:42:29.206+0000] {logging_mixin.py:188} INFO - [2024-08-09T01:42:29.206+0000] {dagbag.py:545} INFO - Filling up the DagBag from /home/airflow/.local/lib/python3.12/site-packages/airflow/example_dags/example_display_name.py
[2024-08-09T01:42:29.232+0000] {processor.py:840} INFO - DAG(s) 'example_display_name' retrieved from /home/airflow/.local/lib/python3.12/site-packages/airflow/example_dags/example_display_name.py
[2024-08-09T01:42:29.323+0000] {logging_mixin.py:188} INFO - [2024-08-09T01:42:29.322+0000] {dag.py:3089} INFO - Sync 1 DAGs
[2024-08-09T01:42:29.352+0000] {logging_mixin.py:188} INFO - [2024-08-09T01:42:29.352+0000] {dag.py:3947} INFO - Setting next_dagrun for example_display_name to None, run_after=None
[2024-08-09T01:42:29.392+0000] {processor.py:183} INFO - Processing /home/airflow/.local/lib/python3.12/site-packages/airflow/example_dags/example_display_name.py took 0.215 seconds
[2024-08-09T01:42:59.788+0000] {processor.py:161} INFO - Started process (PID=1045) to work on /home/airflow/.local/lib/python3.12/site-packages/airflow/example_dags/example_display_name.py
[2024-08-09T01:42:59.791+0000] {processor.py:830} INFO - Processing file /home/airflow/.local/lib/python3.12/site-packages/airflow/example_dags/example_display_name.py for tasks to queue
[2024-08-09T01:42:59.796+0000] {logging_mixin.py:188} INFO - [2024-08-09T01:42:59.795+0000] {dagbag.py:545} INFO - Filling up the DagBag from /home/airflow/.local/lib/python3.12/site-packages/airflow/example_dags/example_display_name.py
[2024-08-09T01:42:59.850+0000] {processor.py:840} INFO - DAG(s) 'example_display_name' retrieved from /home/airflow/.local/lib/python3.12/site-packages/airflow/example_dags/example_display_name.py
[2024-08-09T01:43:00.000+0000] {logging_mixin.py:188} INFO - [2024-08-09T01:43:00.000+0000] {dag.py:3089} INFO - Sync 1 DAGs
[2024-08-09T01:43:00.045+0000] {logging_mixin.py:188} INFO - [2024-08-09T01:43:00.045+0000] {dag.py:3947} INFO - Setting next_dagrun for example_display_name to None, run_after=None
[2024-08-09T01:43:00.111+0000] {processor.py:183} INFO - Processing /home/airflow/.local/lib/python3.12/site-packages/airflow/example_dags/example_display_name.py took 0.339 seconds
[2024-08-09T01:43:30.687+0000] {processor.py:161} INFO - Started process (PID=1103) to work on /home/airflow/.local/lib/python3.12/site-packages/airflow/example_dags/example_display_name.py
[2024-08-09T01:43:30.689+0000] {processor.py:830} INFO - Processing file /home/airflow/.local/lib/python3.12/site-packages/airflow/example_dags/example_display_name.py for tasks to queue
[2024-08-09T01:43:30.694+0000] {logging_mixin.py:188} INFO - [2024-08-09T01:43:30.693+0000] {dagbag.py:545} INFO - Filling up the DagBag from /home/airflow/.local/lib/python3.12/site-packages/airflow/example_dags/example_display_name.py
[2024-08-09T01:43:30.723+0000] {processor.py:840} INFO - DAG(s) 'example_display_name' retrieved from /home/airflow/.local/lib/python3.12/site-packages/airflow/example_dags/example_display_name.py
[2024-08-09T01:43:30.935+0000] {logging_mixin.py:188} INFO - [2024-08-09T01:43:30.934+0000] {dag.py:3089} INFO - Sync 1 DAGs
[2024-08-09T01:43:31.051+0000] {logging_mixin.py:188} INFO - [2024-08-09T01:43:31.051+0000] {dag.py:3947} INFO - Setting next_dagrun for example_display_name to None, run_after=None
[2024-08-09T01:43:31.189+0000] {processor.py:183} INFO - Processing /home/airflow/.local/lib/python3.12/site-packages/airflow/example_dags/example_display_name.py took 0.525 seconds
[2024-08-09T01:44:02.206+0000] {processor.py:161} INFO - Started process (PID=1161) to work on /home/airflow/.local/lib/python3.12/site-packages/airflow/example_dags/example_display_name.py
[2024-08-09T01:44:02.210+0000] {processor.py:830} INFO - Processing file /home/airflow/.local/lib/python3.12/site-packages/airflow/example_dags/example_display_name.py for tasks to queue
[2024-08-09T01:44:02.220+0000] {logging_mixin.py:188} INFO - [2024-08-09T01:44:02.219+0000] {dagbag.py:545} INFO - Filling up the DagBag from /home/airflow/.local/lib/python3.12/site-packages/airflow/example_dags/example_display_name.py
[2024-08-09T01:44:02.241+0000] {processor.py:840} INFO - DAG(s) 'example_display_name' retrieved from /home/airflow/.local/lib/python3.12/site-packages/airflow/example_dags/example_display_name.py
[2024-08-09T01:44:02.312+0000] {logging_mixin.py:188} INFO - [2024-08-09T01:44:02.311+0000] {dag.py:3089} INFO - Sync 1 DAGs
[2024-08-09T01:44:02.338+0000] {logging_mixin.py:188} INFO - [2024-08-09T01:44:02.338+0000] {dag.py:3947} INFO - Setting next_dagrun for example_display_name to None, run_after=None
[2024-08-09T01:44:02.371+0000] {processor.py:183} INFO - Processing /home/airflow/.local/lib/python3.12/site-packages/airflow/example_dags/example_display_name.py took 0.183 seconds
[2024-08-09T01:44:33.050+0000] {processor.py:161} INFO - Started process (PID=1219) to work on /home/airflow/.local/lib/python3.12/site-packages/airflow/example_dags/example_display_name.py
[2024-08-09T01:44:33.052+0000] {processor.py:830} INFO - Processing file /home/airflow/.local/lib/python3.12/site-packages/airflow/example_dags/example_display_name.py for tasks to queue
[2024-08-09T01:44:33.057+0000] {logging_mixin.py:188} INFO - [2024-08-09T01:44:33.056+0000] {dagbag.py:545} INFO - Filling up the DagBag from /home/airflow/.local/lib/python3.12/site-packages/airflow/example_dags/example_display_name.py
[2024-08-09T01:44:33.073+0000] {processor.py:840} INFO - DAG(s) 'example_display_name' retrieved from /home/airflow/.local/lib/python3.12/site-packages/airflow/example_dags/example_display_name.py
[2024-08-09T01:44:33.149+0000] {logging_mixin.py:188} INFO - [2024-08-09T01:44:33.148+0000] {dag.py:3089} INFO - Sync 1 DAGs
[2024-08-09T01:44:33.186+0000] {logging_mixin.py:188} INFO - [2024-08-09T01:44:33.186+0000] {dag.py:3947} INFO - Setting next_dagrun for example_display_name to None, run_after=None
[2024-08-09T01:44:33.233+0000] {processor.py:183} INFO - Processing /home/airflow/.local/lib/python3.12/site-packages/airflow/example_dags/example_display_name.py took 0.198 seconds
[2024-08-09T01:45:03.524+0000] {processor.py:161} INFO - Started process (PID=1277) to work on /home/airflow/.local/lib/python3.12/site-packages/airflow/example_dags/example_display_name.py
[2024-08-09T01:45:03.528+0000] {processor.py:830} INFO - Processing file /home/airflow/.local/lib/python3.12/site-packages/airflow/example_dags/example_display_name.py for tasks to queue
[2024-08-09T01:45:03.534+0000] {logging_mixin.py:188} INFO - [2024-08-09T01:45:03.533+0000] {dagbag.py:545} INFO - Filling up the DagBag from /home/airflow/.local/lib/python3.12/site-packages/airflow/example_dags/example_display_name.py
[2024-08-09T01:45:03.555+0000] {processor.py:840} INFO - DAG(s) 'example_display_name' retrieved from /home/airflow/.local/lib/python3.12/site-packages/airflow/example_dags/example_display_name.py
[2024-08-09T01:45:03.617+0000] {logging_mixin.py:188} INFO - [2024-08-09T01:45:03.617+0000] {dag.py:3089} INFO - Sync 1 DAGs
[2024-08-09T01:45:03.644+0000] {logging_mixin.py:188} INFO - [2024-08-09T01:45:03.643+0000] {dag.py:3947} INFO - Setting next_dagrun for example_display_name to None, run_after=None
[2024-08-09T01:45:03.683+0000] {processor.py:183} INFO - Processing /home/airflow/.local/lib/python3.12/site-packages/airflow/example_dags/example_display_name.py took 0.174 seconds
[2024-08-09T01:45:33.781+0000] {processor.py:161} INFO - Started process (PID=1334) to work on /home/airflow/.local/lib/python3.12/site-packages/airflow/example_dags/example_display_name.py
[2024-08-09T01:45:33.783+0000] {processor.py:830} INFO - Processing file /home/airflow/.local/lib/python3.12/site-packages/airflow/example_dags/example_display_name.py for tasks to queue
[2024-08-09T01:45:33.788+0000] {logging_mixin.py:188} INFO - [2024-08-09T01:45:33.787+0000] {dagbag.py:545} INFO - Filling up the DagBag from /home/airflow/.local/lib/python3.12/site-packages/airflow/example_dags/example_display_name.py
[2024-08-09T01:45:33.807+0000] {processor.py:840} INFO - DAG(s) 'example_display_name' retrieved from /home/airflow/.local/lib/python3.12/site-packages/airflow/example_dags/example_display_name.py
[2024-08-09T01:45:33.861+0000] {logging_mixin.py:188} INFO - [2024-08-09T01:45:33.860+0000] {dag.py:3089} INFO - Sync 1 DAGs
[2024-08-09T01:45:33.891+0000] {logging_mixin.py:188} INFO - [2024-08-09T01:45:33.891+0000] {dag.py:3947} INFO - Setting next_dagrun for example_display_name to None, run_after=None
[2024-08-09T01:45:33.925+0000] {processor.py:183} INFO - Processing /home/airflow/.local/lib/python3.12/site-packages/airflow/example_dags/example_display_name.py took 0.159 seconds
[2024-08-09T01:46:04.310+0000] {processor.py:161} INFO - Started process (PID=1392) to work on /home/airflow/.local/lib/python3.12/site-packages/airflow/example_dags/example_display_name.py
[2024-08-09T01:46:04.313+0000] {processor.py:830} INFO - Processing file /home/airflow/.local/lib/python3.12/site-packages/airflow/example_dags/example_display_name.py for tasks to queue
[2024-08-09T01:46:04.319+0000] {logging_mixin.py:188} INFO - [2024-08-09T01:46:04.318+0000] {dagbag.py:545} INFO - Filling up the DagBag from /home/airflow/.local/lib/python3.12/site-packages/airflow/example_dags/example_display_name.py
[2024-08-09T01:46:04.341+0000] {processor.py:840} INFO - DAG(s) 'example_display_name' retrieved from /home/airflow/.local/lib/python3.12/site-packages/airflow/example_dags/example_display_name.py
[2024-08-09T01:46:04.396+0000] {logging_mixin.py:188} INFO - [2024-08-09T01:46:04.395+0000] {dag.py:3089} INFO - Sync 1 DAGs
[2024-08-09T01:46:04.425+0000] {logging_mixin.py:188} INFO - [2024-08-09T01:46:04.424+0000] {dag.py:3947} INFO - Setting next_dagrun for example_display_name to None, run_after=None
[2024-08-09T01:46:04.461+0000] {processor.py:183} INFO - Processing /home/airflow/.local/lib/python3.12/site-packages/airflow/example_dags/example_display_name.py took 0.169 seconds
[2024-08-09T01:46:34.605+0000] {processor.py:161} INFO - Started process (PID=1449) to work on /home/airflow/.local/lib/python3.12/site-packages/airflow/example_dags/example_display_name.py
[2024-08-09T01:46:34.607+0000] {processor.py:830} INFO - Processing file /home/airflow/.local/lib/python3.12/site-packages/airflow/example_dags/example_display_name.py for tasks to queue
[2024-08-09T01:46:34.612+0000] {logging_mixin.py:188} INFO - [2024-08-09T01:46:34.611+0000] {dagbag.py:545} INFO - Filling up the DagBag from /home/airflow/.local/lib/python3.12/site-packages/airflow/example_dags/example_display_name.py
[2024-08-09T01:46:34.630+0000] {processor.py:840} INFO - DAG(s) 'example_display_name' retrieved from /home/airflow/.local/lib/python3.12/site-packages/airflow/example_dags/example_display_name.py
[2024-08-09T01:46:34.686+0000] {logging_mixin.py:188} INFO - [2024-08-09T01:46:34.686+0000] {dag.py:3089} INFO - Sync 1 DAGs
[2024-08-09T01:46:34.716+0000] {logging_mixin.py:188} INFO - [2024-08-09T01:46:34.716+0000] {dag.py:3947} INFO - Setting next_dagrun for example_display_name to None, run_after=None
[2024-08-09T01:46:34.750+0000] {processor.py:183} INFO - Processing /home/airflow/.local/lib/python3.12/site-packages/airflow/example_dags/example_display_name.py took 0.162 seconds
[2024-08-09T01:47:06.131+0000] {processor.py:161} INFO - Started process (PID=1507) to work on /home/airflow/.local/lib/python3.12/site-packages/airflow/example_dags/example_display_name.py
[2024-08-09T01:47:06.134+0000] {processor.py:830} INFO - Processing file /home/airflow/.local/lib/python3.12/site-packages/airflow/example_dags/example_display_name.py for tasks to queue
[2024-08-09T01:47:06.158+0000] {logging_mixin.py:188} INFO - [2024-08-09T01:47:06.154+0000] {dagbag.py:545} INFO - Filling up the DagBag from /home/airflow/.local/lib/python3.12/site-packages/airflow/example_dags/example_display_name.py
[2024-08-09T01:47:06.184+0000] {processor.py:840} INFO - DAG(s) 'example_display_name' retrieved from /home/airflow/.local/lib/python3.12/site-packages/airflow/example_dags/example_display_name.py
[2024-08-09T01:47:06.338+0000] {logging_mixin.py:188} INFO - [2024-08-09T01:47:06.337+0000] {dag.py:3089} INFO - Sync 1 DAGs
[2024-08-09T01:47:06.412+0000] {logging_mixin.py:188} INFO - [2024-08-09T01:47:06.411+0000] {dag.py:3947} INFO - Setting next_dagrun for example_display_name to None, run_after=None
[2024-08-09T01:47:06.506+0000] {processor.py:183} INFO - Processing /home/airflow/.local/lib/python3.12/site-packages/airflow/example_dags/example_display_name.py took 0.407 seconds
[2024-08-09T01:47:39.404+0000] {processor.py:161} INFO - Started process (PID=1565) to work on /home/airflow/.local/lib/python3.12/site-packages/airflow/example_dags/example_display_name.py
[2024-08-09T01:47:39.407+0000] {processor.py:830} INFO - Processing file /home/airflow/.local/lib/python3.12/site-packages/airflow/example_dags/example_display_name.py for tasks to queue
[2024-08-09T01:47:39.416+0000] {logging_mixin.py:188} INFO - [2024-08-09T01:47:39.415+0000] {dagbag.py:545} INFO - Filling up the DagBag from /home/airflow/.local/lib/python3.12/site-packages/airflow/example_dags/example_display_name.py
[2024-08-09T01:47:39.445+0000] {processor.py:840} INFO - DAG(s) 'example_display_name' retrieved from /home/airflow/.local/lib/python3.12/site-packages/airflow/example_dags/example_display_name.py
[2024-08-09T01:47:39.555+0000] {logging_mixin.py:188} INFO - [2024-08-09T01:47:39.554+0000] {dag.py:3089} INFO - Sync 1 DAGs
[2024-08-09T01:47:39.600+0000] {logging_mixin.py:188} INFO - [2024-08-09T01:47:39.600+0000] {dag.py:3947} INFO - Setting next_dagrun for example_display_name to None, run_after=None
[2024-08-09T01:47:39.645+0000] {processor.py:183} INFO - Processing /home/airflow/.local/lib/python3.12/site-packages/airflow/example_dags/example_display_name.py took 0.337 seconds
[2024-08-09T01:48:09.750+0000] {processor.py:161} INFO - Started process (PID=1622) to work on /home/airflow/.local/lib/python3.12/site-packages/airflow/example_dags/example_display_name.py
[2024-08-09T01:48:09.757+0000] {processor.py:830} INFO - Processing file /home/airflow/.local/lib/python3.12/site-packages/airflow/example_dags/example_display_name.py for tasks to queue
[2024-08-09T01:48:09.764+0000] {logging_mixin.py:188} INFO - [2024-08-09T01:48:09.763+0000] {dagbag.py:545} INFO - Filling up the DagBag from /home/airflow/.local/lib/python3.12/site-packages/airflow/example_dags/example_display_name.py
[2024-08-09T01:48:09.786+0000] {processor.py:840} INFO - DAG(s) 'example_display_name' retrieved from /home/airflow/.local/lib/python3.12/site-packages/airflow/example_dags/example_display_name.py
[2024-08-09T01:48:09.858+0000] {logging_mixin.py:188} INFO - [2024-08-09T01:48:09.858+0000] {dag.py:3089} INFO - Sync 1 DAGs
[2024-08-09T01:48:09.895+0000] {logging_mixin.py:188} INFO - [2024-08-09T01:48:09.895+0000] {dag.py:3947} INFO - Setting next_dagrun for example_display_name to None, run_after=None
[2024-08-09T01:48:09.944+0000] {processor.py:183} INFO - Processing /home/airflow/.local/lib/python3.12/site-packages/airflow/example_dags/example_display_name.py took 0.215 seconds
[2024-08-09T01:48:40.447+0000] {processor.py:161} INFO - Started process (PID=1680) to work on /home/airflow/.local/lib/python3.12/site-packages/airflow/example_dags/example_display_name.py
[2024-08-09T01:48:40.454+0000] {processor.py:830} INFO - Processing file /home/airflow/.local/lib/python3.12/site-packages/airflow/example_dags/example_display_name.py for tasks to queue
[2024-08-09T01:48:40.494+0000] {logging_mixin.py:188} INFO - [2024-08-09T01:48:40.492+0000] {dagbag.py:545} INFO - Filling up the DagBag from /home/airflow/.local/lib/python3.12/site-packages/airflow/example_dags/example_display_name.py
[2024-08-09T01:48:40.525+0000] {processor.py:840} INFO - DAG(s) 'example_display_name' retrieved from /home/airflow/.local/lib/python3.12/site-packages/airflow/example_dags/example_display_name.py
[2024-08-09T01:48:40.656+0000] {logging_mixin.py:188} INFO - [2024-08-09T01:48:40.655+0000] {dag.py:3089} INFO - Sync 1 DAGs
[2024-08-09T01:48:40.702+0000] {logging_mixin.py:188} INFO - [2024-08-09T01:48:40.702+0000] {dag.py:3947} INFO - Setting next_dagrun for example_display_name to None, run_after=None
[2024-08-09T01:48:40.769+0000] {processor.py:183} INFO - Processing /home/airflow/.local/lib/python3.12/site-packages/airflow/example_dags/example_display_name.py took 0.378 seconds
[2024-08-09T01:49:11.028+0000] {processor.py:161} INFO - Started process (PID=1737) to work on /home/airflow/.local/lib/python3.12/site-packages/airflow/example_dags/example_display_name.py
[2024-08-09T01:49:11.031+0000] {processor.py:830} INFO - Processing file /home/airflow/.local/lib/python3.12/site-packages/airflow/example_dags/example_display_name.py for tasks to queue
[2024-08-09T01:49:11.045+0000] {logging_mixin.py:188} INFO - [2024-08-09T01:49:11.045+0000] {dagbag.py:545} INFO - Filling up the DagBag from /home/airflow/.local/lib/python3.12/site-packages/airflow/example_dags/example_display_name.py
[2024-08-09T01:49:11.088+0000] {processor.py:840} INFO - DAG(s) 'example_display_name' retrieved from /home/airflow/.local/lib/python3.12/site-packages/airflow/example_dags/example_display_name.py
[2024-08-09T01:49:11.209+0000] {logging_mixin.py:188} INFO - [2024-08-09T01:49:11.208+0000] {dag.py:3089} INFO - Sync 1 DAGs
[2024-08-09T01:49:11.261+0000] {logging_mixin.py:188} INFO - [2024-08-09T01:49:11.261+0000] {dag.py:3947} INFO - Setting next_dagrun for example_display_name to None, run_after=None
[2024-08-09T01:49:11.342+0000] {processor.py:183} INFO - Processing /home/airflow/.local/lib/python3.12/site-packages/airflow/example_dags/example_display_name.py took 0.346 seconds
[2024-08-09T01:49:42.810+0000] {processor.py:161} INFO - Started process (PID=1795) to work on /home/airflow/.local/lib/python3.12/site-packages/airflow/example_dags/example_display_name.py
[2024-08-09T01:49:42.818+0000] {processor.py:830} INFO - Processing file /home/airflow/.local/lib/python3.12/site-packages/airflow/example_dags/example_display_name.py for tasks to queue
[2024-08-09T01:49:42.834+0000] {logging_mixin.py:188} INFO - [2024-08-09T01:49:42.833+0000] {dagbag.py:545} INFO - Filling up the DagBag from /home/airflow/.local/lib/python3.12/site-packages/airflow/example_dags/example_display_name.py
[2024-08-09T01:49:42.875+0000] {processor.py:840} INFO - DAG(s) 'example_display_name' retrieved from /home/airflow/.local/lib/python3.12/site-packages/airflow/example_dags/example_display_name.py
[2024-08-09T01:49:43.024+0000] {logging_mixin.py:188} INFO - [2024-08-09T01:49:43.024+0000] {dag.py:3089} INFO - Sync 1 DAGs
[2024-08-09T01:49:43.090+0000] {logging_mixin.py:188} INFO - [2024-08-09T01:49:43.090+0000] {dag.py:3947} INFO - Setting next_dagrun for example_display_name to None, run_after=None
[2024-08-09T01:49:43.154+0000] {processor.py:183} INFO - Processing /home/airflow/.local/lib/python3.12/site-packages/airflow/example_dags/example_display_name.py took 0.403 seconds
[2024-08-09T01:50:28.866+0000] {processor.py:161} INFO - Started process (PID=1850) to work on /home/airflow/.local/lib/python3.12/site-packages/airflow/example_dags/example_display_name.py
[2024-08-09T01:50:28.871+0000] {processor.py:830} INFO - Processing file /home/airflow/.local/lib/python3.12/site-packages/airflow/example_dags/example_display_name.py for tasks to queue
[2024-08-09T01:50:28.885+0000] {logging_mixin.py:188} INFO - [2024-08-09T01:50:28.882+0000] {dagbag.py:545} INFO - Filling up the DagBag from /home/airflow/.local/lib/python3.12/site-packages/airflow/example_dags/example_display_name.py
[2024-08-09T01:50:28.922+0000] {processor.py:840} INFO - DAG(s) 'example_display_name' retrieved from /home/airflow/.local/lib/python3.12/site-packages/airflow/example_dags/example_display_name.py
[2024-08-09T01:50:30.498+0000] {logging_mixin.py:188} INFO - [2024-08-09T01:50:30.497+0000] {dag.py:3089} INFO - Sync 1 DAGs
[2024-08-09T01:50:30.539+0000] {logging_mixin.py:188} INFO - [2024-08-09T01:50:30.538+0000] {dag.py:3947} INFO - Setting next_dagrun for example_display_name to None, run_after=None
[2024-08-09T01:50:30.612+0000] {processor.py:183} INFO - Processing /home/airflow/.local/lib/python3.12/site-packages/airflow/example_dags/example_display_name.py took 1.792 seconds
[2024-08-09T01:51:01.166+0000] {processor.py:161} INFO - Started process (PID=1908) to work on /home/airflow/.local/lib/python3.12/site-packages/airflow/example_dags/example_display_name.py
[2024-08-09T01:51:01.171+0000] {processor.py:830} INFO - Processing file /home/airflow/.local/lib/python3.12/site-packages/airflow/example_dags/example_display_name.py for tasks to queue
[2024-08-09T01:51:01.185+0000] {logging_mixin.py:188} INFO - [2024-08-09T01:51:01.183+0000] {dagbag.py:545} INFO - Filling up the DagBag from /home/airflow/.local/lib/python3.12/site-packages/airflow/example_dags/example_display_name.py
[2024-08-09T01:51:01.249+0000] {processor.py:840} INFO - DAG(s) 'example_display_name' retrieved from /home/airflow/.local/lib/python3.12/site-packages/airflow/example_dags/example_display_name.py
[2024-08-09T01:51:01.455+0000] {logging_mixin.py:188} INFO - [2024-08-09T01:51:01.452+0000] {dag.py:3089} INFO - Sync 1 DAGs
[2024-08-09T01:51:01.594+0000] {logging_mixin.py:188} INFO - [2024-08-09T01:51:01.584+0000] {dag.py:3947} INFO - Setting next_dagrun for example_display_name to None, run_after=None
[2024-08-09T01:51:01.822+0000] {processor.py:183} INFO - Processing /home/airflow/.local/lib/python3.12/site-packages/airflow/example_dags/example_display_name.py took 0.807 seconds
[2024-08-09T01:51:32.075+0000] {processor.py:161} INFO - Started process (PID=1964) to work on /home/airflow/.local/lib/python3.12/site-packages/airflow/example_dags/example_display_name.py
[2024-08-09T01:51:32.078+0000] {processor.py:830} INFO - Processing file /home/airflow/.local/lib/python3.12/site-packages/airflow/example_dags/example_display_name.py for tasks to queue
[2024-08-09T01:51:32.087+0000] {logging_mixin.py:188} INFO - [2024-08-09T01:51:32.086+0000] {dagbag.py:545} INFO - Filling up the DagBag from /home/airflow/.local/lib/python3.12/site-packages/airflow/example_dags/example_display_name.py
[2024-08-09T01:51:32.108+0000] {processor.py:840} INFO - DAG(s) 'example_display_name' retrieved from /home/airflow/.local/lib/python3.12/site-packages/airflow/example_dags/example_display_name.py
[2024-08-09T01:51:32.171+0000] {logging_mixin.py:188} INFO - [2024-08-09T01:51:32.170+0000] {dag.py:3089} INFO - Sync 1 DAGs
[2024-08-09T01:51:32.201+0000] {logging_mixin.py:188} INFO - [2024-08-09T01:51:32.201+0000] {dag.py:3947} INFO - Setting next_dagrun for example_display_name to None, run_after=None
[2024-08-09T01:51:32.246+0000] {processor.py:183} INFO - Processing /home/airflow/.local/lib/python3.12/site-packages/airflow/example_dags/example_display_name.py took 0.205 seconds
[2024-08-09T01:52:02.438+0000] {processor.py:161} INFO - Started process (PID=2022) to work on /home/airflow/.local/lib/python3.12/site-packages/airflow/example_dags/example_display_name.py
[2024-08-09T01:52:02.442+0000] {processor.py:830} INFO - Processing file /home/airflow/.local/lib/python3.12/site-packages/airflow/example_dags/example_display_name.py for tasks to queue
[2024-08-09T01:52:02.457+0000] {logging_mixin.py:188} INFO - [2024-08-09T01:52:02.452+0000] {dagbag.py:545} INFO - Filling up the DagBag from /home/airflow/.local/lib/python3.12/site-packages/airflow/example_dags/example_display_name.py
[2024-08-09T01:52:02.495+0000] {processor.py:840} INFO - DAG(s) 'example_display_name' retrieved from /home/airflow/.local/lib/python3.12/site-packages/airflow/example_dags/example_display_name.py
[2024-08-09T01:52:02.574+0000] {logging_mixin.py:188} INFO - [2024-08-09T01:52:02.574+0000] {dag.py:3089} INFO - Sync 1 DAGs
[2024-08-09T01:52:02.624+0000] {logging_mixin.py:188} INFO - [2024-08-09T01:52:02.624+0000] {dag.py:3947} INFO - Setting next_dagrun for example_display_name to None, run_after=None
[2024-08-09T01:52:02.669+0000] {processor.py:183} INFO - Processing /home/airflow/.local/lib/python3.12/site-packages/airflow/example_dags/example_display_name.py took 0.265 seconds
[2024-08-09T01:52:32.755+0000] {processor.py:161} INFO - Started process (PID=2080) to work on /home/airflow/.local/lib/python3.12/site-packages/airflow/example_dags/example_display_name.py
[2024-08-09T01:52:32.758+0000] {processor.py:830} INFO - Processing file /home/airflow/.local/lib/python3.12/site-packages/airflow/example_dags/example_display_name.py for tasks to queue
[2024-08-09T01:52:32.765+0000] {logging_mixin.py:188} INFO - [2024-08-09T01:52:32.765+0000] {dagbag.py:545} INFO - Filling up the DagBag from /home/airflow/.local/lib/python3.12/site-packages/airflow/example_dags/example_display_name.py
[2024-08-09T01:52:32.780+0000] {processor.py:840} INFO - DAG(s) 'example_display_name' retrieved from /home/airflow/.local/lib/python3.12/site-packages/airflow/example_dags/example_display_name.py
[2024-08-09T01:52:32.828+0000] {logging_mixin.py:188} INFO - [2024-08-09T01:52:32.828+0000] {dag.py:3089} INFO - Sync 1 DAGs
[2024-08-09T01:52:32.849+0000] {logging_mixin.py:188} INFO - [2024-08-09T01:52:32.849+0000] {dag.py:3947} INFO - Setting next_dagrun for example_display_name to None, run_after=None
[2024-08-09T01:52:32.884+0000] {processor.py:183} INFO - Processing /home/airflow/.local/lib/python3.12/site-packages/airflow/example_dags/example_display_name.py took 0.144 seconds
[2024-08-09T01:53:03.339+0000] {processor.py:161} INFO - Started process (PID=2137) to work on /home/airflow/.local/lib/python3.12/site-packages/airflow/example_dags/example_display_name.py
[2024-08-09T01:53:03.343+0000] {processor.py:830} INFO - Processing file /home/airflow/.local/lib/python3.12/site-packages/airflow/example_dags/example_display_name.py for tasks to queue
[2024-08-09T01:53:03.352+0000] {logging_mixin.py:188} INFO - [2024-08-09T01:53:03.348+0000] {dagbag.py:545} INFO - Filling up the DagBag from /home/airflow/.local/lib/python3.12/site-packages/airflow/example_dags/example_display_name.py
[2024-08-09T01:53:03.371+0000] {processor.py:840} INFO - DAG(s) 'example_display_name' retrieved from /home/airflow/.local/lib/python3.12/site-packages/airflow/example_dags/example_display_name.py
[2024-08-09T01:53:03.438+0000] {logging_mixin.py:188} INFO - [2024-08-09T01:53:03.438+0000] {dag.py:3089} INFO - Sync 1 DAGs
[2024-08-09T01:53:03.470+0000] {logging_mixin.py:188} INFO - [2024-08-09T01:53:03.469+0000] {dag.py:3947} INFO - Setting next_dagrun for example_display_name to None, run_after=None
[2024-08-09T01:53:03.527+0000] {processor.py:183} INFO - Processing /home/airflow/.local/lib/python3.12/site-packages/airflow/example_dags/example_display_name.py took 0.219 seconds
[2024-08-09T01:53:39.361+0000] {processor.py:161} INFO - Started process (PID=2196) to work on /home/airflow/.local/lib/python3.12/site-packages/airflow/example_dags/example_display_name.py
[2024-08-09T01:53:39.363+0000] {processor.py:830} INFO - Processing file /home/airflow/.local/lib/python3.12/site-packages/airflow/example_dags/example_display_name.py for tasks to queue
[2024-08-09T01:53:39.369+0000] {logging_mixin.py:188} INFO - [2024-08-09T01:53:39.368+0000] {dagbag.py:545} INFO - Filling up the DagBag from /home/airflow/.local/lib/python3.12/site-packages/airflow/example_dags/example_display_name.py
[2024-08-09T01:53:39.392+0000] {processor.py:840} INFO - DAG(s) 'example_display_name' retrieved from /home/airflow/.local/lib/python3.12/site-packages/airflow/example_dags/example_display_name.py
[2024-08-09T01:53:39.504+0000] {logging_mixin.py:188} INFO - [2024-08-09T01:53:39.503+0000] {dag.py:3089} INFO - Sync 1 DAGs
[2024-08-09T01:53:39.543+0000] {logging_mixin.py:188} INFO - [2024-08-09T01:53:39.542+0000] {dag.py:3947} INFO - Setting next_dagrun for example_display_name to None, run_after=None
[2024-08-09T01:53:39.634+0000] {processor.py:183} INFO - Processing /home/airflow/.local/lib/python3.12/site-packages/airflow/example_dags/example_display_name.py took 0.308 seconds
[2024-08-09T01:54:11.830+0000] {processor.py:161} INFO - Started process (PID=2254) to work on /home/airflow/.local/lib/python3.12/site-packages/airflow/example_dags/example_display_name.py
[2024-08-09T01:54:11.834+0000] {processor.py:830} INFO - Processing file /home/airflow/.local/lib/python3.12/site-packages/airflow/example_dags/example_display_name.py for tasks to queue
[2024-08-09T01:54:11.842+0000] {logging_mixin.py:188} INFO - [2024-08-09T01:54:11.840+0000] {dagbag.py:545} INFO - Filling up the DagBag from /home/airflow/.local/lib/python3.12/site-packages/airflow/example_dags/example_display_name.py
[2024-08-09T01:54:11.901+0000] {processor.py:840} INFO - DAG(s) 'example_display_name' retrieved from /home/airflow/.local/lib/python3.12/site-packages/airflow/example_dags/example_display_name.py
[2024-08-09T01:54:12.053+0000] {logging_mixin.py:188} INFO - [2024-08-09T01:54:12.053+0000] {dag.py:3089} INFO - Sync 1 DAGs
[2024-08-09T01:54:12.208+0000] {logging_mixin.py:188} INFO - [2024-08-09T01:54:12.208+0000] {dag.py:3947} INFO - Setting next_dagrun for example_display_name to None, run_after=None
[2024-08-09T01:54:12.339+0000] {processor.py:183} INFO - Processing /home/airflow/.local/lib/python3.12/site-packages/airflow/example_dags/example_display_name.py took 0.532 seconds
[2024-08-09T01:54:42.507+0000] {processor.py:161} INFO - Started process (PID=2311) to work on /home/airflow/.local/lib/python3.12/site-packages/airflow/example_dags/example_display_name.py
[2024-08-09T01:54:42.510+0000] {processor.py:830} INFO - Processing file /home/airflow/.local/lib/python3.12/site-packages/airflow/example_dags/example_display_name.py for tasks to queue
[2024-08-09T01:54:42.515+0000] {logging_mixin.py:188} INFO - [2024-08-09T01:54:42.514+0000] {dagbag.py:545} INFO - Filling up the DagBag from /home/airflow/.local/lib/python3.12/site-packages/airflow/example_dags/example_display_name.py
[2024-08-09T01:54:42.531+0000] {processor.py:840} INFO - DAG(s) 'example_display_name' retrieved from /home/airflow/.local/lib/python3.12/site-packages/airflow/example_dags/example_display_name.py
[2024-08-09T01:54:42.585+0000] {logging_mixin.py:188} INFO - [2024-08-09T01:54:42.585+0000] {dag.py:3089} INFO - Sync 1 DAGs
[2024-08-09T01:54:42.612+0000] {logging_mixin.py:188} INFO - [2024-08-09T01:54:42.612+0000] {dag.py:3947} INFO - Setting next_dagrun for example_display_name to None, run_after=None
[2024-08-09T01:54:42.647+0000] {processor.py:183} INFO - Processing /home/airflow/.local/lib/python3.12/site-packages/airflow/example_dags/example_display_name.py took 0.163 seconds
[2024-08-09T01:55:12.739+0000] {processor.py:161} INFO - Started process (PID=2369) to work on /home/airflow/.local/lib/python3.12/site-packages/airflow/example_dags/example_display_name.py
[2024-08-09T01:55:12.742+0000] {processor.py:830} INFO - Processing file /home/airflow/.local/lib/python3.12/site-packages/airflow/example_dags/example_display_name.py for tasks to queue
[2024-08-09T01:55:12.748+0000] {logging_mixin.py:188} INFO - [2024-08-09T01:55:12.747+0000] {dagbag.py:545} INFO - Filling up the DagBag from /home/airflow/.local/lib/python3.12/site-packages/airflow/example_dags/example_display_name.py
[2024-08-09T01:55:12.765+0000] {processor.py:840} INFO - DAG(s) 'example_display_name' retrieved from /home/airflow/.local/lib/python3.12/site-packages/airflow/example_dags/example_display_name.py
[2024-08-09T01:55:12.822+0000] {logging_mixin.py:188} INFO - [2024-08-09T01:55:12.822+0000] {dag.py:3089} INFO - Sync 1 DAGs
[2024-08-09T01:55:12.850+0000] {logging_mixin.py:188} INFO - [2024-08-09T01:55:12.850+0000] {dag.py:3947} INFO - Setting next_dagrun for example_display_name to None, run_after=None
[2024-08-09T01:55:12.901+0000] {processor.py:183} INFO - Processing /home/airflow/.local/lib/python3.12/site-packages/airflow/example_dags/example_display_name.py took 0.182 seconds
[2024-08-09T01:55:42.992+0000] {processor.py:161} INFO - Started process (PID=2427) to work on /home/airflow/.local/lib/python3.12/site-packages/airflow/example_dags/example_display_name.py
[2024-08-09T01:55:42.995+0000] {processor.py:830} INFO - Processing file /home/airflow/.local/lib/python3.12/site-packages/airflow/example_dags/example_display_name.py for tasks to queue
[2024-08-09T01:55:43.000+0000] {logging_mixin.py:188} INFO - [2024-08-09T01:55:42.999+0000] {dagbag.py:545} INFO - Filling up the DagBag from /home/airflow/.local/lib/python3.12/site-packages/airflow/example_dags/example_display_name.py
[2024-08-09T01:55:43.015+0000] {processor.py:840} INFO - DAG(s) 'example_display_name' retrieved from /home/airflow/.local/lib/python3.12/site-packages/airflow/example_dags/example_display_name.py
[2024-08-09T01:55:43.066+0000] {logging_mixin.py:188} INFO - [2024-08-09T01:55:43.065+0000] {dag.py:3089} INFO - Sync 1 DAGs
[2024-08-09T01:55:43.089+0000] {logging_mixin.py:188} INFO - [2024-08-09T01:55:43.088+0000] {dag.py:3947} INFO - Setting next_dagrun for example_display_name to None, run_after=None
[2024-08-09T01:55:43.132+0000] {processor.py:183} INFO - Processing /home/airflow/.local/lib/python3.12/site-packages/airflow/example_dags/example_display_name.py took 0.155 seconds
[2024-08-09T01:56:13.518+0000] {processor.py:161} INFO - Started process (PID=2485) to work on /home/airflow/.local/lib/python3.12/site-packages/airflow/example_dags/example_display_name.py
[2024-08-09T01:56:13.520+0000] {processor.py:830} INFO - Processing file /home/airflow/.local/lib/python3.12/site-packages/airflow/example_dags/example_display_name.py for tasks to queue
[2024-08-09T01:56:13.526+0000] {logging_mixin.py:188} INFO - [2024-08-09T01:56:13.525+0000] {dagbag.py:545} INFO - Filling up the DagBag from /home/airflow/.local/lib/python3.12/site-packages/airflow/example_dags/example_display_name.py
[2024-08-09T01:56:13.541+0000] {processor.py:840} INFO - DAG(s) 'example_display_name' retrieved from /home/airflow/.local/lib/python3.12/site-packages/airflow/example_dags/example_display_name.py
[2024-08-09T01:56:13.598+0000] {logging_mixin.py:188} INFO - [2024-08-09T01:56:13.598+0000] {dag.py:3089} INFO - Sync 1 DAGs
[2024-08-09T01:56:13.626+0000] {logging_mixin.py:188} INFO - [2024-08-09T01:56:13.625+0000] {dag.py:3947} INFO - Setting next_dagrun for example_display_name to None, run_after=None
[2024-08-09T01:56:13.673+0000] {processor.py:183} INFO - Processing /home/airflow/.local/lib/python3.12/site-packages/airflow/example_dags/example_display_name.py took 0.170 seconds
[2024-08-09T01:56:44.164+0000] {processor.py:161} INFO - Started process (PID=2543) to work on /home/airflow/.local/lib/python3.12/site-packages/airflow/example_dags/example_display_name.py
[2024-08-09T01:56:44.168+0000] {processor.py:830} INFO - Processing file /home/airflow/.local/lib/python3.12/site-packages/airflow/example_dags/example_display_name.py for tasks to queue
[2024-08-09T01:56:44.178+0000] {logging_mixin.py:188} INFO - [2024-08-09T01:56:44.177+0000] {dagbag.py:545} INFO - Filling up the DagBag from /home/airflow/.local/lib/python3.12/site-packages/airflow/example_dags/example_display_name.py
[2024-08-09T01:56:44.208+0000] {processor.py:840} INFO - DAG(s) 'example_display_name' retrieved from /home/airflow/.local/lib/python3.12/site-packages/airflow/example_dags/example_display_name.py
[2024-08-09T01:56:44.288+0000] {logging_mixin.py:188} INFO - [2024-08-09T01:56:44.288+0000] {dag.py:3089} INFO - Sync 1 DAGs
[2024-08-09T01:56:44.324+0000] {logging_mixin.py:188} INFO - [2024-08-09T01:56:44.323+0000] {dag.py:3947} INFO - Setting next_dagrun for example_display_name to None, run_after=None
[2024-08-09T01:56:44.388+0000] {processor.py:183} INFO - Processing /home/airflow/.local/lib/python3.12/site-packages/airflow/example_dags/example_display_name.py took 0.256 seconds
[2024-08-09T01:57:16.988+0000] {processor.py:161} INFO - Started process (PID=2601) to work on /home/airflow/.local/lib/python3.12/site-packages/airflow/example_dags/example_display_name.py
[2024-08-09T01:57:16.993+0000] {processor.py:830} INFO - Processing file /home/airflow/.local/lib/python3.12/site-packages/airflow/example_dags/example_display_name.py for tasks to queue
[2024-08-09T01:57:17.003+0000] {logging_mixin.py:188} INFO - [2024-08-09T01:57:17.000+0000] {dagbag.py:545} INFO - Filling up the DagBag from /home/airflow/.local/lib/python3.12/site-packages/airflow/example_dags/example_display_name.py
[2024-08-09T01:57:17.043+0000] {processor.py:840} INFO - DAG(s) 'example_display_name' retrieved from /home/airflow/.local/lib/python3.12/site-packages/airflow/example_dags/example_display_name.py
[2024-08-09T01:57:17.204+0000] {logging_mixin.py:188} INFO - [2024-08-09T01:57:17.204+0000] {dag.py:3089} INFO - Sync 1 DAGs
[2024-08-09T01:57:17.337+0000] {logging_mixin.py:188} INFO - [2024-08-09T01:57:17.337+0000] {dag.py:3947} INFO - Setting next_dagrun for example_display_name to None, run_after=None
[2024-08-09T01:57:17.498+0000] {processor.py:183} INFO - Processing /home/airflow/.local/lib/python3.12/site-packages/airflow/example_dags/example_display_name.py took 0.547 seconds
[2024-08-09T01:57:48.085+0000] {processor.py:161} INFO - Started process (PID=2659) to work on /home/airflow/.local/lib/python3.12/site-packages/airflow/example_dags/example_display_name.py
[2024-08-09T01:57:48.089+0000] {processor.py:830} INFO - Processing file /home/airflow/.local/lib/python3.12/site-packages/airflow/example_dags/example_display_name.py for tasks to queue
[2024-08-09T01:57:48.094+0000] {logging_mixin.py:188} INFO - [2024-08-09T01:57:48.093+0000] {dagbag.py:545} INFO - Filling up the DagBag from /home/airflow/.local/lib/python3.12/site-packages/airflow/example_dags/example_display_name.py
[2024-08-09T01:57:48.123+0000] {processor.py:840} INFO - DAG(s) 'example_display_name' retrieved from /home/airflow/.local/lib/python3.12/site-packages/airflow/example_dags/example_display_name.py
[2024-08-09T01:57:48.195+0000] {logging_mixin.py:188} INFO - [2024-08-09T01:57:48.195+0000] {dag.py:3089} INFO - Sync 1 DAGs
[2024-08-09T01:57:48.245+0000] {logging_mixin.py:188} INFO - [2024-08-09T01:57:48.245+0000] {dag.py:3947} INFO - Setting next_dagrun for example_display_name to None, run_after=None
[2024-08-09T01:57:48.288+0000] {processor.py:183} INFO - Processing /home/airflow/.local/lib/python3.12/site-packages/airflow/example_dags/example_display_name.py took 0.224 seconds
[2024-08-09T01:58:19.853+0000] {processor.py:161} INFO - Started process (PID=2718) to work on /home/airflow/.local/lib/python3.12/site-packages/airflow/example_dags/example_display_name.py
[2024-08-09T01:58:19.860+0000] {processor.py:830} INFO - Processing file /home/airflow/.local/lib/python3.12/site-packages/airflow/example_dags/example_display_name.py for tasks to queue
[2024-08-09T01:58:19.870+0000] {logging_mixin.py:188} INFO - [2024-08-09T01:58:19.869+0000] {dagbag.py:545} INFO - Filling up the DagBag from /home/airflow/.local/lib/python3.12/site-packages/airflow/example_dags/example_display_name.py
[2024-08-09T01:58:19.894+0000] {processor.py:840} INFO - DAG(s) 'example_display_name' retrieved from /home/airflow/.local/lib/python3.12/site-packages/airflow/example_dags/example_display_name.py
[2024-08-09T01:58:19.969+0000] {logging_mixin.py:188} INFO - [2024-08-09T01:58:19.968+0000] {dag.py:3089} INFO - Sync 1 DAGs
[2024-08-09T01:58:20.018+0000] {logging_mixin.py:188} INFO - [2024-08-09T01:58:20.017+0000] {dag.py:3947} INFO - Setting next_dagrun for example_display_name to None, run_after=None
[2024-08-09T01:58:20.105+0000] {processor.py:183} INFO - Processing /home/airflow/.local/lib/python3.12/site-packages/airflow/example_dags/example_display_name.py took 0.295 seconds
[2024-08-09T01:58:50.209+0000] {processor.py:161} INFO - Started process (PID=2776) to work on /home/airflow/.local/lib/python3.12/site-packages/airflow/example_dags/example_display_name.py
[2024-08-09T01:58:50.212+0000] {processor.py:830} INFO - Processing file /home/airflow/.local/lib/python3.12/site-packages/airflow/example_dags/example_display_name.py for tasks to queue
[2024-08-09T01:58:50.218+0000] {logging_mixin.py:188} INFO - [2024-08-09T01:58:50.218+0000] {dagbag.py:545} INFO - Filling up the DagBag from /home/airflow/.local/lib/python3.12/site-packages/airflow/example_dags/example_display_name.py
[2024-08-09T01:58:50.241+0000] {processor.py:840} INFO - DAG(s) 'example_display_name' retrieved from /home/airflow/.local/lib/python3.12/site-packages/airflow/example_dags/example_display_name.py
[2024-08-09T01:58:50.301+0000] {logging_mixin.py:188} INFO - [2024-08-09T01:58:50.301+0000] {dag.py:3089} INFO - Sync 1 DAGs
[2024-08-09T01:58:50.333+0000] {logging_mixin.py:188} INFO - [2024-08-09T01:58:50.332+0000] {dag.py:3947} INFO - Setting next_dagrun for example_display_name to None, run_after=None
[2024-08-09T01:58:50.373+0000] {processor.py:183} INFO - Processing /home/airflow/.local/lib/python3.12/site-packages/airflow/example_dags/example_display_name.py took 0.189 seconds
[2024-08-09T01:59:21.296+0000] {processor.py:161} INFO - Started process (PID=2834) to work on /home/airflow/.local/lib/python3.12/site-packages/airflow/example_dags/example_display_name.py
[2024-08-09T01:59:21.304+0000] {processor.py:830} INFO - Processing file /home/airflow/.local/lib/python3.12/site-packages/airflow/example_dags/example_display_name.py for tasks to queue
[2024-08-09T01:59:21.311+0000] {logging_mixin.py:188} INFO - [2024-08-09T01:59:21.309+0000] {dagbag.py:545} INFO - Filling up the DagBag from /home/airflow/.local/lib/python3.12/site-packages/airflow/example_dags/example_display_name.py
[2024-08-09T01:59:21.357+0000] {processor.py:840} INFO - DAG(s) 'example_display_name' retrieved from /home/airflow/.local/lib/python3.12/site-packages/airflow/example_dags/example_display_name.py
[2024-08-09T01:59:21.513+0000] {logging_mixin.py:188} INFO - [2024-08-09T01:59:21.512+0000] {dag.py:3089} INFO - Sync 1 DAGs
[2024-08-09T01:59:21.606+0000] {logging_mixin.py:188} INFO - [2024-08-09T01:59:21.605+0000] {dag.py:3947} INFO - Setting next_dagrun for example_display_name to None, run_after=None
[2024-08-09T01:59:21.715+0000] {processor.py:183} INFO - Processing /home/airflow/.local/lib/python3.12/site-packages/airflow/example_dags/example_display_name.py took 0.506 seconds
[2024-08-09T01:59:52.554+0000] {processor.py:161} INFO - Started process (PID=2892) to work on /home/airflow/.local/lib/python3.12/site-packages/airflow/example_dags/example_display_name.py
[2024-08-09T01:59:52.558+0000] {processor.py:830} INFO - Processing file /home/airflow/.local/lib/python3.12/site-packages/airflow/example_dags/example_display_name.py for tasks to queue
[2024-08-09T01:59:52.565+0000] {logging_mixin.py:188} INFO - [2024-08-09T01:59:52.564+0000] {dagbag.py:545} INFO - Filling up the DagBag from /home/airflow/.local/lib/python3.12/site-packages/airflow/example_dags/example_display_name.py
[2024-08-09T01:59:52.589+0000] {processor.py:840} INFO - DAG(s) 'example_display_name' retrieved from /home/airflow/.local/lib/python3.12/site-packages/airflow/example_dags/example_display_name.py
[2024-08-09T01:59:52.695+0000] {logging_mixin.py:188} INFO - [2024-08-09T01:59:52.695+0000] {dag.py:3089} INFO - Sync 1 DAGs
[2024-08-09T01:59:52.788+0000] {logging_mixin.py:188} INFO - [2024-08-09T01:59:52.784+0000] {dag.py:3947} INFO - Setting next_dagrun for example_display_name to None, run_after=None
[2024-08-09T01:59:52.925+0000] {processor.py:183} INFO - Processing /home/airflow/.local/lib/python3.12/site-packages/airflow/example_dags/example_display_name.py took 0.427 seconds
[2024-08-09T02:00:23.119+0000] {processor.py:161} INFO - Started process (PID=2949) to work on /home/airflow/.local/lib/python3.12/site-packages/airflow/example_dags/example_display_name.py
[2024-08-09T02:00:23.123+0000] {processor.py:830} INFO - Processing file /home/airflow/.local/lib/python3.12/site-packages/airflow/example_dags/example_display_name.py for tasks to queue
[2024-08-09T02:00:23.130+0000] {logging_mixin.py:188} INFO - [2024-08-09T02:00:23.129+0000] {dagbag.py:545} INFO - Filling up the DagBag from /home/airflow/.local/lib/python3.12/site-packages/airflow/example_dags/example_display_name.py
[2024-08-09T02:00:23.155+0000] {processor.py:840} INFO - DAG(s) 'example_display_name' retrieved from /home/airflow/.local/lib/python3.12/site-packages/airflow/example_dags/example_display_name.py
[2024-08-09T02:00:23.274+0000] {logging_mixin.py:188} INFO - [2024-08-09T02:00:23.273+0000] {dag.py:3089} INFO - Sync 1 DAGs
[2024-08-09T02:00:23.379+0000] {logging_mixin.py:188} INFO - [2024-08-09T02:00:23.379+0000] {dag.py:3947} INFO - Setting next_dagrun for example_display_name to None, run_after=None
[2024-08-09T02:00:23.474+0000] {processor.py:183} INFO - Processing /home/airflow/.local/lib/python3.12/site-packages/airflow/example_dags/example_display_name.py took 0.378 seconds
[2024-08-09T02:00:54.086+0000] {processor.py:161} INFO - Started process (PID=3007) to work on /home/airflow/.local/lib/python3.12/site-packages/airflow/example_dags/example_display_name.py
[2024-08-09T02:00:54.090+0000] {processor.py:830} INFO - Processing file /home/airflow/.local/lib/python3.12/site-packages/airflow/example_dags/example_display_name.py for tasks to queue
[2024-08-09T02:00:54.096+0000] {logging_mixin.py:188} INFO - [2024-08-09T02:00:54.096+0000] {dagbag.py:545} INFO - Filling up the DagBag from /home/airflow/.local/lib/python3.12/site-packages/airflow/example_dags/example_display_name.py
[2024-08-09T02:00:54.120+0000] {processor.py:840} INFO - DAG(s) 'example_display_name' retrieved from /home/airflow/.local/lib/python3.12/site-packages/airflow/example_dags/example_display_name.py
[2024-08-09T02:00:54.175+0000] {logging_mixin.py:188} INFO - [2024-08-09T02:00:54.175+0000] {dag.py:3089} INFO - Sync 1 DAGs
[2024-08-09T02:00:54.208+0000] {logging_mixin.py:188} INFO - [2024-08-09T02:00:54.208+0000] {dag.py:3947} INFO - Setting next_dagrun for example_display_name to None, run_after=None
[2024-08-09T02:00:54.246+0000] {processor.py:183} INFO - Processing /home/airflow/.local/lib/python3.12/site-packages/airflow/example_dags/example_display_name.py took 0.181 seconds
[2024-08-09T02:01:24.352+0000] {processor.py:161} INFO - Started process (PID=3065) to work on /home/airflow/.local/lib/python3.12/site-packages/airflow/example_dags/example_display_name.py
[2024-08-09T02:01:24.355+0000] {processor.py:830} INFO - Processing file /home/airflow/.local/lib/python3.12/site-packages/airflow/example_dags/example_display_name.py for tasks to queue
[2024-08-09T02:01:24.360+0000] {logging_mixin.py:188} INFO - [2024-08-09T02:01:24.359+0000] {dagbag.py:545} INFO - Filling up the DagBag from /home/airflow/.local/lib/python3.12/site-packages/airflow/example_dags/example_display_name.py
[2024-08-09T02:01:24.376+0000] {processor.py:840} INFO - DAG(s) 'example_display_name' retrieved from /home/airflow/.local/lib/python3.12/site-packages/airflow/example_dags/example_display_name.py
[2024-08-09T02:01:24.426+0000] {logging_mixin.py:188} INFO - [2024-08-09T02:01:24.426+0000] {dag.py:3089} INFO - Sync 1 DAGs
[2024-08-09T02:01:24.450+0000] {logging_mixin.py:188} INFO - [2024-08-09T02:01:24.449+0000] {dag.py:3947} INFO - Setting next_dagrun for example_display_name to None, run_after=None
[2024-08-09T02:01:24.482+0000] {processor.py:183} INFO - Processing /home/airflow/.local/lib/python3.12/site-packages/airflow/example_dags/example_display_name.py took 0.143 seconds
[2024-08-09T02:01:55.031+0000] {processor.py:161} INFO - Started process (PID=3123) to work on /home/airflow/.local/lib/python3.12/site-packages/airflow/example_dags/example_display_name.py
[2024-08-09T02:01:55.034+0000] {processor.py:830} INFO - Processing file /home/airflow/.local/lib/python3.12/site-packages/airflow/example_dags/example_display_name.py for tasks to queue
[2024-08-09T02:01:55.039+0000] {logging_mixin.py:188} INFO - [2024-08-09T02:01:55.038+0000] {dagbag.py:545} INFO - Filling up the DagBag from /home/airflow/.local/lib/python3.12/site-packages/airflow/example_dags/example_display_name.py
[2024-08-09T02:01:55.063+0000] {processor.py:840} INFO - DAG(s) 'example_display_name' retrieved from /home/airflow/.local/lib/python3.12/site-packages/airflow/example_dags/example_display_name.py
[2024-08-09T02:01:55.172+0000] {logging_mixin.py:188} INFO - [2024-08-09T02:01:55.170+0000] {dag.py:3089} INFO - Sync 1 DAGs
[2024-08-09T02:01:55.213+0000] {logging_mixin.py:188} INFO - [2024-08-09T02:01:55.213+0000] {dag.py:3947} INFO - Setting next_dagrun for example_display_name to None, run_after=None
[2024-08-09T02:01:55.258+0000] {processor.py:183} INFO - Processing /home/airflow/.local/lib/python3.12/site-packages/airflow/example_dags/example_display_name.py took 0.250 seconds
[2024-08-09T02:02:25.420+0000] {processor.py:161} INFO - Started process (PID=3181) to work on /home/airflow/.local/lib/python3.12/site-packages/airflow/example_dags/example_display_name.py
[2024-08-09T02:02:25.424+0000] {processor.py:830} INFO - Processing file /home/airflow/.local/lib/python3.12/site-packages/airflow/example_dags/example_display_name.py for tasks to queue
[2024-08-09T02:02:25.431+0000] {logging_mixin.py:188} INFO - [2024-08-09T02:02:25.429+0000] {dagbag.py:545} INFO - Filling up the DagBag from /home/airflow/.local/lib/python3.12/site-packages/airflow/example_dags/example_display_name.py
[2024-08-09T02:02:25.452+0000] {processor.py:840} INFO - DAG(s) 'example_display_name' retrieved from /home/airflow/.local/lib/python3.12/site-packages/airflow/example_dags/example_display_name.py
[2024-08-09T02:02:25.515+0000] {logging_mixin.py:188} INFO - [2024-08-09T02:02:25.514+0000] {dag.py:3089} INFO - Sync 1 DAGs
[2024-08-09T02:02:25.549+0000] {logging_mixin.py:188} INFO - [2024-08-09T02:02:25.548+0000] {dag.py:3947} INFO - Setting next_dagrun for example_display_name to None, run_after=None
[2024-08-09T02:02:25.603+0000] {processor.py:183} INFO - Processing /home/airflow/.local/lib/python3.12/site-packages/airflow/example_dags/example_display_name.py took 0.211 seconds
[2024-08-09T02:02:55.772+0000] {processor.py:161} INFO - Started process (PID=3239) to work on /home/airflow/.local/lib/python3.12/site-packages/airflow/example_dags/example_display_name.py
[2024-08-09T02:02:55.774+0000] {processor.py:830} INFO - Processing file /home/airflow/.local/lib/python3.12/site-packages/airflow/example_dags/example_display_name.py for tasks to queue
[2024-08-09T02:02:55.779+0000] {logging_mixin.py:188} INFO - [2024-08-09T02:02:55.779+0000] {dagbag.py:545} INFO - Filling up the DagBag from /home/airflow/.local/lib/python3.12/site-packages/airflow/example_dags/example_display_name.py
[2024-08-09T02:02:55.795+0000] {processor.py:840} INFO - DAG(s) 'example_display_name' retrieved from /home/airflow/.local/lib/python3.12/site-packages/airflow/example_dags/example_display_name.py
[2024-08-09T02:02:55.852+0000] {logging_mixin.py:188} INFO - [2024-08-09T02:02:55.852+0000] {dag.py:3089} INFO - Sync 1 DAGs
[2024-08-09T02:02:55.878+0000] {logging_mixin.py:188} INFO - [2024-08-09T02:02:55.878+0000] {dag.py:3947} INFO - Setting next_dagrun for example_display_name to None, run_after=None
[2024-08-09T02:02:55.915+0000] {processor.py:183} INFO - Processing /home/airflow/.local/lib/python3.12/site-packages/airflow/example_dags/example_display_name.py took 0.165 seconds
[2024-08-09T02:03:26.408+0000] {processor.py:161} INFO - Started process (PID=3297) to work on /home/airflow/.local/lib/python3.12/site-packages/airflow/example_dags/example_display_name.py
[2024-08-09T02:03:26.411+0000] {processor.py:830} INFO - Processing file /home/airflow/.local/lib/python3.12/site-packages/airflow/example_dags/example_display_name.py for tasks to queue
[2024-08-09T02:03:26.415+0000] {logging_mixin.py:188} INFO - [2024-08-09T02:03:26.415+0000] {dagbag.py:545} INFO - Filling up the DagBag from /home/airflow/.local/lib/python3.12/site-packages/airflow/example_dags/example_display_name.py
[2024-08-09T02:03:26.434+0000] {processor.py:840} INFO - DAG(s) 'example_display_name' retrieved from /home/airflow/.local/lib/python3.12/site-packages/airflow/example_dags/example_display_name.py
[2024-08-09T02:03:26.517+0000] {logging_mixin.py:188} INFO - [2024-08-09T02:03:26.516+0000] {dag.py:3089} INFO - Sync 1 DAGs
[2024-08-09T02:03:26.543+0000] {logging_mixin.py:188} INFO - [2024-08-09T02:03:26.542+0000] {dag.py:3947} INFO - Setting next_dagrun for example_display_name to None, run_after=None
[2024-08-09T02:03:26.583+0000] {processor.py:183} INFO - Processing /home/airflow/.local/lib/python3.12/site-packages/airflow/example_dags/example_display_name.py took 0.191 seconds
[2024-08-09T02:03:57.145+0000] {processor.py:161} INFO - Started process (PID=3354) to work on /home/airflow/.local/lib/python3.12/site-packages/airflow/example_dags/example_display_name.py
[2024-08-09T02:03:57.149+0000] {processor.py:830} INFO - Processing file /home/airflow/.local/lib/python3.12/site-packages/airflow/example_dags/example_display_name.py for tasks to queue
[2024-08-09T02:03:57.155+0000] {logging_mixin.py:188} INFO - [2024-08-09T02:03:57.154+0000] {dagbag.py:545} INFO - Filling up the DagBag from /home/airflow/.local/lib/python3.12/site-packages/airflow/example_dags/example_display_name.py
[2024-08-09T02:03:57.175+0000] {processor.py:840} INFO - DAG(s) 'example_display_name' retrieved from /home/airflow/.local/lib/python3.12/site-packages/airflow/example_dags/example_display_name.py
[2024-08-09T02:03:57.235+0000] {logging_mixin.py:188} INFO - [2024-08-09T02:03:57.235+0000] {dag.py:3089} INFO - Sync 1 DAGs
[2024-08-09T02:03:57.258+0000] {logging_mixin.py:188} INFO - [2024-08-09T02:03:57.258+0000] {dag.py:3947} INFO - Setting next_dagrun for example_display_name to None, run_after=None
[2024-08-09T02:03:57.291+0000] {processor.py:183} INFO - Processing /home/airflow/.local/lib/python3.12/site-packages/airflow/example_dags/example_display_name.py took 0.172 seconds
[2024-08-09T02:04:27.697+0000] {processor.py:161} INFO - Started process (PID=3410) to work on /home/airflow/.local/lib/python3.12/site-packages/airflow/example_dags/example_display_name.py
[2024-08-09T02:04:27.706+0000] {processor.py:830} INFO - Processing file /home/airflow/.local/lib/python3.12/site-packages/airflow/example_dags/example_display_name.py for tasks to queue
[2024-08-09T02:04:27.718+0000] {logging_mixin.py:188} INFO - [2024-08-09T02:04:27.714+0000] {dagbag.py:545} INFO - Filling up the DagBag from /home/airflow/.local/lib/python3.12/site-packages/airflow/example_dags/example_display_name.py
[2024-08-09T02:04:27.781+0000] {processor.py:840} INFO - DAG(s) 'example_display_name' retrieved from /home/airflow/.local/lib/python3.12/site-packages/airflow/example_dags/example_display_name.py
[2024-08-09T02:04:27.891+0000] {logging_mixin.py:188} INFO - [2024-08-09T02:04:27.886+0000] {dag.py:3089} INFO - Sync 1 DAGs
[2024-08-09T02:04:27.932+0000] {logging_mixin.py:188} INFO - [2024-08-09T02:04:27.932+0000] {dag.py:3947} INFO - Setting next_dagrun for example_display_name to None, run_after=None
[2024-08-09T02:04:27.985+0000] {processor.py:183} INFO - Processing /home/airflow/.local/lib/python3.12/site-packages/airflow/example_dags/example_display_name.py took 0.306 seconds
[2024-08-09T02:04:58.092+0000] {processor.py:161} INFO - Started process (PID=3468) to work on /home/airflow/.local/lib/python3.12/site-packages/airflow/example_dags/example_display_name.py
[2024-08-09T02:04:58.095+0000] {processor.py:830} INFO - Processing file /home/airflow/.local/lib/python3.12/site-packages/airflow/example_dags/example_display_name.py for tasks to queue
[2024-08-09T02:04:58.099+0000] {logging_mixin.py:188} INFO - [2024-08-09T02:04:58.098+0000] {dagbag.py:545} INFO - Filling up the DagBag from /home/airflow/.local/lib/python3.12/site-packages/airflow/example_dags/example_display_name.py
[2024-08-09T02:04:58.113+0000] {processor.py:840} INFO - DAG(s) 'example_display_name' retrieved from /home/airflow/.local/lib/python3.12/site-packages/airflow/example_dags/example_display_name.py
[2024-08-09T02:04:58.158+0000] {logging_mixin.py:188} INFO - [2024-08-09T02:04:58.157+0000] {dag.py:3089} INFO - Sync 1 DAGs
[2024-08-09T02:04:58.180+0000] {logging_mixin.py:188} INFO - [2024-08-09T02:04:58.179+0000] {dag.py:3947} INFO - Setting next_dagrun for example_display_name to None, run_after=None
[2024-08-09T02:04:58.218+0000] {processor.py:183} INFO - Processing /home/airflow/.local/lib/python3.12/site-packages/airflow/example_dags/example_display_name.py took 0.140 seconds
[2024-08-09T02:05:28.597+0000] {processor.py:161} INFO - Started process (PID=3526) to work on /home/airflow/.local/lib/python3.12/site-packages/airflow/example_dags/example_display_name.py
[2024-08-09T02:05:28.602+0000] {processor.py:830} INFO - Processing file /home/airflow/.local/lib/python3.12/site-packages/airflow/example_dags/example_display_name.py for tasks to queue
[2024-08-09T02:05:28.609+0000] {logging_mixin.py:188} INFO - [2024-08-09T02:05:28.608+0000] {dagbag.py:545} INFO - Filling up the DagBag from /home/airflow/.local/lib/python3.12/site-packages/airflow/example_dags/example_display_name.py
[2024-08-09T02:05:28.629+0000] {processor.py:840} INFO - DAG(s) 'example_display_name' retrieved from /home/airflow/.local/lib/python3.12/site-packages/airflow/example_dags/example_display_name.py
[2024-08-09T02:05:28.712+0000] {logging_mixin.py:188} INFO - [2024-08-09T02:05:28.712+0000] {dag.py:3089} INFO - Sync 1 DAGs
[2024-08-09T02:05:28.751+0000] {logging_mixin.py:188} INFO - [2024-08-09T02:05:28.750+0000] {dag.py:3947} INFO - Setting next_dagrun for example_display_name to None, run_after=None
[2024-08-09T02:05:28.805+0000] {processor.py:183} INFO - Processing /home/airflow/.local/lib/python3.12/site-packages/airflow/example_dags/example_display_name.py took 0.234 seconds
[2024-08-09T02:05:58.940+0000] {processor.py:161} INFO - Started process (PID=3584) to work on /home/airflow/.local/lib/python3.12/site-packages/airflow/example_dags/example_display_name.py
[2024-08-09T02:05:58.943+0000] {processor.py:830} INFO - Processing file /home/airflow/.local/lib/python3.12/site-packages/airflow/example_dags/example_display_name.py for tasks to queue
[2024-08-09T02:05:58.951+0000] {logging_mixin.py:188} INFO - [2024-08-09T02:05:58.950+0000] {dagbag.py:545} INFO - Filling up the DagBag from /home/airflow/.local/lib/python3.12/site-packages/airflow/example_dags/example_display_name.py
[2024-08-09T02:05:58.980+0000] {processor.py:840} INFO - DAG(s) 'example_display_name' retrieved from /home/airflow/.local/lib/python3.12/site-packages/airflow/example_dags/example_display_name.py
[2024-08-09T02:05:59.123+0000] {logging_mixin.py:188} INFO - [2024-08-09T02:05:59.122+0000] {dag.py:3089} INFO - Sync 1 DAGs
[2024-08-09T02:05:59.208+0000] {logging_mixin.py:188} INFO - [2024-08-09T02:05:59.208+0000] {dag.py:3947} INFO - Setting next_dagrun for example_display_name to None, run_after=None
[2024-08-09T02:05:59.304+0000] {processor.py:183} INFO - Processing /home/airflow/.local/lib/python3.12/site-packages/airflow/example_dags/example_display_name.py took 0.393 seconds
[2024-08-09T02:06:29.994+0000] {processor.py:161} INFO - Started process (PID=3642) to work on /home/airflow/.local/lib/python3.12/site-packages/airflow/example_dags/example_display_name.py
[2024-08-09T02:06:29.998+0000] {processor.py:830} INFO - Processing file /home/airflow/.local/lib/python3.12/site-packages/airflow/example_dags/example_display_name.py for tasks to queue
[2024-08-09T02:06:30.005+0000] {logging_mixin.py:188} INFO - [2024-08-09T02:06:30.004+0000] {dagbag.py:545} INFO - Filling up the DagBag from /home/airflow/.local/lib/python3.12/site-packages/airflow/example_dags/example_display_name.py
[2024-08-09T02:06:30.031+0000] {processor.py:840} INFO - DAG(s) 'example_display_name' retrieved from /home/airflow/.local/lib/python3.12/site-packages/airflow/example_dags/example_display_name.py
[2024-08-09T02:06:30.087+0000] {logging_mixin.py:188} INFO - [2024-08-09T02:06:30.086+0000] {dag.py:3089} INFO - Sync 1 DAGs
[2024-08-09T02:06:30.113+0000] {logging_mixin.py:188} INFO - [2024-08-09T02:06:30.112+0000] {dag.py:3947} INFO - Setting next_dagrun for example_display_name to None, run_after=None
[2024-08-09T02:06:30.152+0000] {processor.py:183} INFO - Processing /home/airflow/.local/lib/python3.12/site-packages/airflow/example_dags/example_display_name.py took 0.178 seconds
[2024-08-09T02:07:00.294+0000] {processor.py:161} INFO - Started process (PID=3700) to work on /home/airflow/.local/lib/python3.12/site-packages/airflow/example_dags/example_display_name.py
[2024-08-09T02:07:00.297+0000] {processor.py:830} INFO - Processing file /home/airflow/.local/lib/python3.12/site-packages/airflow/example_dags/example_display_name.py for tasks to queue
[2024-08-09T02:07:00.304+0000] {logging_mixin.py:188} INFO - [2024-08-09T02:07:00.303+0000] {dagbag.py:545} INFO - Filling up the DagBag from /home/airflow/.local/lib/python3.12/site-packages/airflow/example_dags/example_display_name.py
[2024-08-09T02:07:00.324+0000] {processor.py:840} INFO - DAG(s) 'example_display_name' retrieved from /home/airflow/.local/lib/python3.12/site-packages/airflow/example_dags/example_display_name.py
[2024-08-09T02:07:00.378+0000] {logging_mixin.py:188} INFO - [2024-08-09T02:07:00.378+0000] {dag.py:3089} INFO - Sync 1 DAGs
[2024-08-09T02:07:00.402+0000] {logging_mixin.py:188} INFO - [2024-08-09T02:07:00.402+0000] {dag.py:3947} INFO - Setting next_dagrun for example_display_name to None, run_after=None
[2024-08-09T02:07:00.457+0000] {processor.py:183} INFO - Processing /home/airflow/.local/lib/python3.12/site-packages/airflow/example_dags/example_display_name.py took 0.188 seconds
[2024-08-09T02:07:30.601+0000] {processor.py:161} INFO - Started process (PID=3756) to work on /home/airflow/.local/lib/python3.12/site-packages/airflow/example_dags/example_display_name.py
[2024-08-09T02:07:30.607+0000] {processor.py:830} INFO - Processing file /home/airflow/.local/lib/python3.12/site-packages/airflow/example_dags/example_display_name.py for tasks to queue
[2024-08-09T02:07:30.623+0000] {logging_mixin.py:188} INFO - [2024-08-09T02:07:30.613+0000] {dagbag.py:545} INFO - Filling up the DagBag from /home/airflow/.local/lib/python3.12/site-packages/airflow/example_dags/example_display_name.py
[2024-08-09T02:07:30.654+0000] {processor.py:840} INFO - DAG(s) 'example_display_name' retrieved from /home/airflow/.local/lib/python3.12/site-packages/airflow/example_dags/example_display_name.py
[2024-08-09T02:07:30.732+0000] {logging_mixin.py:188} INFO - [2024-08-09T02:07:30.731+0000] {dag.py:3089} INFO - Sync 1 DAGs
[2024-08-09T02:07:30.760+0000] {logging_mixin.py:188} INFO - [2024-08-09T02:07:30.760+0000] {dag.py:3947} INFO - Setting next_dagrun for example_display_name to None, run_after=None
[2024-08-09T02:07:30.807+0000] {processor.py:183} INFO - Processing /home/airflow/.local/lib/python3.12/site-packages/airflow/example_dags/example_display_name.py took 0.235 seconds
[2024-08-09T02:08:01.274+0000] {processor.py:161} INFO - Started process (PID=3813) to work on /home/airflow/.local/lib/python3.12/site-packages/airflow/example_dags/example_display_name.py
[2024-08-09T02:08:01.280+0000] {processor.py:830} INFO - Processing file /home/airflow/.local/lib/python3.12/site-packages/airflow/example_dags/example_display_name.py for tasks to queue
[2024-08-09T02:08:01.287+0000] {logging_mixin.py:188} INFO - [2024-08-09T02:08:01.286+0000] {dagbag.py:545} INFO - Filling up the DagBag from /home/airflow/.local/lib/python3.12/site-packages/airflow/example_dags/example_display_name.py
[2024-08-09T02:08:01.300+0000] {processor.py:840} INFO - DAG(s) 'example_display_name' retrieved from /home/airflow/.local/lib/python3.12/site-packages/airflow/example_dags/example_display_name.py
[2024-08-09T02:08:01.401+0000] {logging_mixin.py:188} INFO - [2024-08-09T02:08:01.401+0000] {dag.py:3089} INFO - Sync 1 DAGs
[2024-08-09T02:08:01.430+0000] {logging_mixin.py:188} INFO - [2024-08-09T02:08:01.429+0000] {dag.py:3947} INFO - Setting next_dagrun for example_display_name to None, run_after=None
[2024-08-09T02:08:01.468+0000] {processor.py:183} INFO - Processing /home/airflow/.local/lib/python3.12/site-packages/airflow/example_dags/example_display_name.py took 0.217 seconds
[2024-08-09T02:08:31.936+0000] {processor.py:161} INFO - Started process (PID=3877) to work on /home/airflow/.local/lib/python3.12/site-packages/airflow/example_dags/example_display_name.py
[2024-08-09T02:08:31.939+0000] {processor.py:830} INFO - Processing file /home/airflow/.local/lib/python3.12/site-packages/airflow/example_dags/example_display_name.py for tasks to queue
[2024-08-09T02:08:31.945+0000] {logging_mixin.py:188} INFO - [2024-08-09T02:08:31.944+0000] {dagbag.py:545} INFO - Filling up the DagBag from /home/airflow/.local/lib/python3.12/site-packages/airflow/example_dags/example_display_name.py
[2024-08-09T02:08:31.965+0000] {processor.py:840} INFO - DAG(s) 'example_display_name' retrieved from /home/airflow/.local/lib/python3.12/site-packages/airflow/example_dags/example_display_name.py
[2024-08-09T02:08:32.032+0000] {logging_mixin.py:188} INFO - [2024-08-09T02:08:32.031+0000] {dag.py:3089} INFO - Sync 1 DAGs
[2024-08-09T02:08:32.060+0000] {logging_mixin.py:188} INFO - [2024-08-09T02:08:32.060+0000] {dag.py:3947} INFO - Setting next_dagrun for example_display_name to None, run_after=None
[2024-08-09T02:08:32.101+0000] {processor.py:183} INFO - Processing /home/airflow/.local/lib/python3.12/site-packages/airflow/example_dags/example_display_name.py took 0.189 seconds
[2024-08-09T02:09:02.223+0000] {processor.py:161} INFO - Started process (PID=3935) to work on /home/airflow/.local/lib/python3.12/site-packages/airflow/example_dags/example_display_name.py
[2024-08-09T02:09:02.225+0000] {processor.py:830} INFO - Processing file /home/airflow/.local/lib/python3.12/site-packages/airflow/example_dags/example_display_name.py for tasks to queue
[2024-08-09T02:09:02.230+0000] {logging_mixin.py:188} INFO - [2024-08-09T02:09:02.229+0000] {dagbag.py:545} INFO - Filling up the DagBag from /home/airflow/.local/lib/python3.12/site-packages/airflow/example_dags/example_display_name.py
[2024-08-09T02:09:02.246+0000] {processor.py:840} INFO - DAG(s) 'example_display_name' retrieved from /home/airflow/.local/lib/python3.12/site-packages/airflow/example_dags/example_display_name.py
[2024-08-09T02:09:02.310+0000] {logging_mixin.py:188} INFO - [2024-08-09T02:09:02.310+0000] {dag.py:3089} INFO - Sync 1 DAGs
[2024-08-09T02:09:02.332+0000] {logging_mixin.py:188} INFO - [2024-08-09T02:09:02.331+0000] {dag.py:3947} INFO - Setting next_dagrun for example_display_name to None, run_after=None
[2024-08-09T02:09:02.366+0000] {processor.py:183} INFO - Processing /home/airflow/.local/lib/python3.12/site-packages/airflow/example_dags/example_display_name.py took 0.161 seconds
[2024-08-09T02:09:34.122+0000] {processor.py:161} INFO - Started process (PID=3993) to work on /home/airflow/.local/lib/python3.12/site-packages/airflow/example_dags/example_display_name.py
[2024-08-09T02:09:34.125+0000] {processor.py:830} INFO - Processing file /home/airflow/.local/lib/python3.12/site-packages/airflow/example_dags/example_display_name.py for tasks to queue
[2024-08-09T02:09:34.139+0000] {logging_mixin.py:188} INFO - [2024-08-09T02:09:34.138+0000] {dagbag.py:545} INFO - Filling up the DagBag from /home/airflow/.local/lib/python3.12/site-packages/airflow/example_dags/example_display_name.py
[2024-08-09T02:09:34.173+0000] {processor.py:840} INFO - DAG(s) 'example_display_name' retrieved from /home/airflow/.local/lib/python3.12/site-packages/airflow/example_dags/example_display_name.py
[2024-08-09T02:09:34.254+0000] {logging_mixin.py:188} INFO - [2024-08-09T02:09:34.253+0000] {dag.py:3089} INFO - Sync 1 DAGs
[2024-08-09T02:09:34.331+0000] {logging_mixin.py:188} INFO - [2024-08-09T02:09:34.331+0000] {dag.py:3947} INFO - Setting next_dagrun for example_display_name to None, run_after=None
[2024-08-09T02:09:34.457+0000] {processor.py:183} INFO - Processing /home/airflow/.local/lib/python3.12/site-packages/airflow/example_dags/example_display_name.py took 0.371 seconds
[2024-08-09T02:10:05.011+0000] {processor.py:161} INFO - Started process (PID=4051) to work on /home/airflow/.local/lib/python3.12/site-packages/airflow/example_dags/example_display_name.py
[2024-08-09T02:10:05.017+0000] {processor.py:830} INFO - Processing file /home/airflow/.local/lib/python3.12/site-packages/airflow/example_dags/example_display_name.py for tasks to queue
[2024-08-09T02:10:05.024+0000] {logging_mixin.py:188} INFO - [2024-08-09T02:10:05.023+0000] {dagbag.py:545} INFO - Filling up the DagBag from /home/airflow/.local/lib/python3.12/site-packages/airflow/example_dags/example_display_name.py
[2024-08-09T02:10:05.068+0000] {processor.py:840} INFO - DAG(s) 'example_display_name' retrieved from /home/airflow/.local/lib/python3.12/site-packages/airflow/example_dags/example_display_name.py
[2024-08-09T02:10:05.187+0000] {logging_mixin.py:188} INFO - [2024-08-09T02:10:05.187+0000] {dag.py:3089} INFO - Sync 1 DAGs
[2024-08-09T02:10:05.255+0000] {logging_mixin.py:188} INFO - [2024-08-09T02:10:05.254+0000] {dag.py:3947} INFO - Setting next_dagrun for example_display_name to None, run_after=None
[2024-08-09T02:10:05.317+0000] {processor.py:183} INFO - Processing /home/airflow/.local/lib/python3.12/site-packages/airflow/example_dags/example_display_name.py took 0.344 seconds
[2024-08-09T02:10:35.733+0000] {processor.py:161} INFO - Started process (PID=4108) to work on /home/airflow/.local/lib/python3.12/site-packages/airflow/example_dags/example_display_name.py
[2024-08-09T02:10:35.736+0000] {processor.py:830} INFO - Processing file /home/airflow/.local/lib/python3.12/site-packages/airflow/example_dags/example_display_name.py for tasks to queue
[2024-08-09T02:10:35.743+0000] {logging_mixin.py:188} INFO - [2024-08-09T02:10:35.742+0000] {dagbag.py:545} INFO - Filling up the DagBag from /home/airflow/.local/lib/python3.12/site-packages/airflow/example_dags/example_display_name.py
[2024-08-09T02:10:35.767+0000] {processor.py:840} INFO - DAG(s) 'example_display_name' retrieved from /home/airflow/.local/lib/python3.12/site-packages/airflow/example_dags/example_display_name.py
[2024-08-09T02:10:35.871+0000] {logging_mixin.py:188} INFO - [2024-08-09T02:10:35.871+0000] {dag.py:3089} INFO - Sync 1 DAGs
[2024-08-09T02:10:35.933+0000] {logging_mixin.py:188} INFO - [2024-08-09T02:10:35.933+0000] {dag.py:3947} INFO - Setting next_dagrun for example_display_name to None, run_after=None
[2024-08-09T02:10:36.004+0000] {processor.py:183} INFO - Processing /home/airflow/.local/lib/python3.12/site-packages/airflow/example_dags/example_display_name.py took 0.304 seconds
[2024-08-09T02:11:06.784+0000] {processor.py:161} INFO - Started process (PID=4166) to work on /home/airflow/.local/lib/python3.12/site-packages/airflow/example_dags/example_display_name.py
[2024-08-09T02:11:06.787+0000] {processor.py:830} INFO - Processing file /home/airflow/.local/lib/python3.12/site-packages/airflow/example_dags/example_display_name.py for tasks to queue
[2024-08-09T02:11:06.794+0000] {logging_mixin.py:188} INFO - [2024-08-09T02:11:06.793+0000] {dagbag.py:545} INFO - Filling up the DagBag from /home/airflow/.local/lib/python3.12/site-packages/airflow/example_dags/example_display_name.py
[2024-08-09T02:11:06.816+0000] {processor.py:840} INFO - DAG(s) 'example_display_name' retrieved from /home/airflow/.local/lib/python3.12/site-packages/airflow/example_dags/example_display_name.py
[2024-08-09T02:11:06.918+0000] {logging_mixin.py:188} INFO - [2024-08-09T02:11:06.917+0000] {dag.py:3089} INFO - Sync 1 DAGs
[2024-08-09T02:11:06.978+0000] {logging_mixin.py:188} INFO - [2024-08-09T02:11:06.977+0000] {dag.py:3947} INFO - Setting next_dagrun for example_display_name to None, run_after=None
[2024-08-09T02:11:07.046+0000] {processor.py:183} INFO - Processing /home/airflow/.local/lib/python3.12/site-packages/airflow/example_dags/example_display_name.py took 0.288 seconds
[2024-08-09T02:11:37.371+0000] {processor.py:161} INFO - Started process (PID=4224) to work on /home/airflow/.local/lib/python3.12/site-packages/airflow/example_dags/example_display_name.py
[2024-08-09T02:11:37.376+0000] {processor.py:830} INFO - Processing file /home/airflow/.local/lib/python3.12/site-packages/airflow/example_dags/example_display_name.py for tasks to queue
[2024-08-09T02:11:37.383+0000] {logging_mixin.py:188} INFO - [2024-08-09T02:11:37.383+0000] {dagbag.py:545} INFO - Filling up the DagBag from /home/airflow/.local/lib/python3.12/site-packages/airflow/example_dags/example_display_name.py
[2024-08-09T02:11:37.403+0000] {processor.py:840} INFO - DAG(s) 'example_display_name' retrieved from /home/airflow/.local/lib/python3.12/site-packages/airflow/example_dags/example_display_name.py
[2024-08-09T02:11:37.475+0000] {logging_mixin.py:188} INFO - [2024-08-09T02:11:37.474+0000] {dag.py:3089} INFO - Sync 1 DAGs
[2024-08-09T02:11:37.504+0000] {logging_mixin.py:188} INFO - [2024-08-09T02:11:37.503+0000] {dag.py:3947} INFO - Setting next_dagrun for example_display_name to None, run_after=None
[2024-08-09T02:11:37.573+0000] {processor.py:183} INFO - Processing /home/airflow/.local/lib/python3.12/site-packages/airflow/example_dags/example_display_name.py took 0.236 seconds
[2024-08-09T02:12:07.902+0000] {processor.py:161} INFO - Started process (PID=4279) to work on /home/airflow/.local/lib/python3.12/site-packages/airflow/example_dags/example_display_name.py
[2024-08-09T02:12:07.905+0000] {processor.py:830} INFO - Processing file /home/airflow/.local/lib/python3.12/site-packages/airflow/example_dags/example_display_name.py for tasks to queue
[2024-08-09T02:12:07.913+0000] {logging_mixin.py:188} INFO - [2024-08-09T02:12:07.911+0000] {dagbag.py:545} INFO - Filling up the DagBag from /home/airflow/.local/lib/python3.12/site-packages/airflow/example_dags/example_display_name.py
[2024-08-09T02:12:07.937+0000] {processor.py:840} INFO - DAG(s) 'example_display_name' retrieved from /home/airflow/.local/lib/python3.12/site-packages/airflow/example_dags/example_display_name.py
[2024-08-09T02:12:08.050+0000] {logging_mixin.py:188} INFO - [2024-08-09T02:12:08.046+0000] {dag.py:3089} INFO - Sync 1 DAGs
[2024-08-09T02:12:08.094+0000] {logging_mixin.py:188} INFO - [2024-08-09T02:12:08.094+0000] {dag.py:3947} INFO - Setting next_dagrun for example_display_name to None, run_after=None
[2024-08-09T02:12:08.157+0000] {processor.py:183} INFO - Processing /home/airflow/.local/lib/python3.12/site-packages/airflow/example_dags/example_display_name.py took 0.287 seconds
[2024-08-09T02:12:38.938+0000] {processor.py:161} INFO - Started process (PID=4337) to work on /home/airflow/.local/lib/python3.12/site-packages/airflow/example_dags/example_display_name.py
[2024-08-09T02:12:38.940+0000] {processor.py:830} INFO - Processing file /home/airflow/.local/lib/python3.12/site-packages/airflow/example_dags/example_display_name.py for tasks to queue
[2024-08-09T02:12:38.949+0000] {logging_mixin.py:188} INFO - [2024-08-09T02:12:38.948+0000] {dagbag.py:545} INFO - Filling up the DagBag from /home/airflow/.local/lib/python3.12/site-packages/airflow/example_dags/example_display_name.py
[2024-08-09T02:12:38.968+0000] {processor.py:840} INFO - DAG(s) 'example_display_name' retrieved from /home/airflow/.local/lib/python3.12/site-packages/airflow/example_dags/example_display_name.py
[2024-08-09T02:12:39.050+0000] {logging_mixin.py:188} INFO - [2024-08-09T02:12:39.050+0000] {dag.py:3089} INFO - Sync 1 DAGs
[2024-08-09T02:12:39.095+0000] {logging_mixin.py:188} INFO - [2024-08-09T02:12:39.095+0000] {dag.py:3947} INFO - Setting next_dagrun for example_display_name to None, run_after=None
[2024-08-09T02:12:39.143+0000] {processor.py:183} INFO - Processing /home/airflow/.local/lib/python3.12/site-packages/airflow/example_dags/example_display_name.py took 0.225 seconds
[2024-08-09T02:13:09.665+0000] {processor.py:161} INFO - Started process (PID=4394) to work on /home/airflow/.local/lib/python3.12/site-packages/airflow/example_dags/example_display_name.py
[2024-08-09T02:13:09.685+0000] {processor.py:830} INFO - Processing file /home/airflow/.local/lib/python3.12/site-packages/airflow/example_dags/example_display_name.py for tasks to queue
[2024-08-09T02:13:09.700+0000] {logging_mixin.py:188} INFO - [2024-08-09T02:13:09.699+0000] {dagbag.py:545} INFO - Filling up the DagBag from /home/airflow/.local/lib/python3.12/site-packages/airflow/example_dags/example_display_name.py
[2024-08-09T02:13:09.725+0000] {processor.py:840} INFO - DAG(s) 'example_display_name' retrieved from /home/airflow/.local/lib/python3.12/site-packages/airflow/example_dags/example_display_name.py
[2024-08-09T02:13:09.804+0000] {logging_mixin.py:188} INFO - [2024-08-09T02:13:09.804+0000] {dag.py:3089} INFO - Sync 1 DAGs
[2024-08-09T02:13:09.833+0000] {logging_mixin.py:188} INFO - [2024-08-09T02:13:09.832+0000] {dag.py:3947} INFO - Setting next_dagrun for example_display_name to None, run_after=None
[2024-08-09T02:13:09.893+0000] {processor.py:183} INFO - Processing /home/airflow/.local/lib/python3.12/site-packages/airflow/example_dags/example_display_name.py took 0.332 seconds
[2024-08-09T02:13:40.051+0000] {processor.py:161} INFO - Started process (PID=4452) to work on /home/airflow/.local/lib/python3.12/site-packages/airflow/example_dags/example_display_name.py
[2024-08-09T02:13:40.053+0000] {processor.py:830} INFO - Processing file /home/airflow/.local/lib/python3.12/site-packages/airflow/example_dags/example_display_name.py for tasks to queue
[2024-08-09T02:13:40.058+0000] {logging_mixin.py:188} INFO - [2024-08-09T02:13:40.057+0000] {dagbag.py:545} INFO - Filling up the DagBag from /home/airflow/.local/lib/python3.12/site-packages/airflow/example_dags/example_display_name.py
[2024-08-09T02:13:40.077+0000] {processor.py:840} INFO - DAG(s) 'example_display_name' retrieved from /home/airflow/.local/lib/python3.12/site-packages/airflow/example_dags/example_display_name.py
[2024-08-09T02:13:40.159+0000] {logging_mixin.py:188} INFO - [2024-08-09T02:13:40.158+0000] {dag.py:3089} INFO - Sync 1 DAGs
[2024-08-09T02:13:40.186+0000] {logging_mixin.py:188} INFO - [2024-08-09T02:13:40.185+0000] {dag.py:3947} INFO - Setting next_dagrun for example_display_name to None, run_after=None
[2024-08-09T02:13:40.234+0000] {processor.py:183} INFO - Processing /home/airflow/.local/lib/python3.12/site-packages/airflow/example_dags/example_display_name.py took 0.200 seconds
[2024-08-09T02:14:10.498+0000] {processor.py:161} INFO - Started process (PID=4510) to work on /home/airflow/.local/lib/python3.12/site-packages/airflow/example_dags/example_display_name.py
[2024-08-09T02:14:10.508+0000] {processor.py:830} INFO - Processing file /home/airflow/.local/lib/python3.12/site-packages/airflow/example_dags/example_display_name.py for tasks to queue
[2024-08-09T02:14:10.523+0000] {logging_mixin.py:188} INFO - [2024-08-09T02:14:10.522+0000] {dagbag.py:545} INFO - Filling up the DagBag from /home/airflow/.local/lib/python3.12/site-packages/airflow/example_dags/example_display_name.py
[2024-08-09T02:14:10.566+0000] {processor.py:840} INFO - DAG(s) 'example_display_name' retrieved from /home/airflow/.local/lib/python3.12/site-packages/airflow/example_dags/example_display_name.py
[2024-08-09T02:14:10.762+0000] {logging_mixin.py:188} INFO - [2024-08-09T02:14:10.761+0000] {dag.py:3089} INFO - Sync 1 DAGs
[2024-08-09T02:14:10.823+0000] {logging_mixin.py:188} INFO - [2024-08-09T02:14:10.819+0000] {dag.py:3947} INFO - Setting next_dagrun for example_display_name to None, run_after=None
[2024-08-09T02:14:10.899+0000] {processor.py:183} INFO - Processing /home/airflow/.local/lib/python3.12/site-packages/airflow/example_dags/example_display_name.py took 0.436 seconds
[2024-08-09T02:14:41.804+0000] {processor.py:161} INFO - Started process (PID=4568) to work on /home/airflow/.local/lib/python3.12/site-packages/airflow/example_dags/example_display_name.py
[2024-08-09T02:14:41.807+0000] {processor.py:830} INFO - Processing file /home/airflow/.local/lib/python3.12/site-packages/airflow/example_dags/example_display_name.py for tasks to queue
[2024-08-09T02:14:41.813+0000] {logging_mixin.py:188} INFO - [2024-08-09T02:14:41.812+0000] {dagbag.py:545} INFO - Filling up the DagBag from /home/airflow/.local/lib/python3.12/site-packages/airflow/example_dags/example_display_name.py
[2024-08-09T02:14:41.834+0000] {processor.py:840} INFO - DAG(s) 'example_display_name' retrieved from /home/airflow/.local/lib/python3.12/site-packages/airflow/example_dags/example_display_name.py
[2024-08-09T02:14:41.898+0000] {logging_mixin.py:188} INFO - [2024-08-09T02:14:41.898+0000] {dag.py:3089} INFO - Sync 1 DAGs
[2024-08-09T02:14:41.934+0000] {logging_mixin.py:188} INFO - [2024-08-09T02:14:41.934+0000] {dag.py:3947} INFO - Setting next_dagrun for example_display_name to None, run_after=None
[2024-08-09T02:14:41.976+0000] {processor.py:183} INFO - Processing /home/airflow/.local/lib/python3.12/site-packages/airflow/example_dags/example_display_name.py took 0.188 seconds
[2024-08-09T02:15:12.551+0000] {processor.py:161} INFO - Started process (PID=4626) to work on /home/airflow/.local/lib/python3.12/site-packages/airflow/example_dags/example_display_name.py
[2024-08-09T02:15:12.557+0000] {processor.py:830} INFO - Processing file /home/airflow/.local/lib/python3.12/site-packages/airflow/example_dags/example_display_name.py for tasks to queue
[2024-08-09T02:15:12.568+0000] {logging_mixin.py:188} INFO - [2024-08-09T02:15:12.568+0000] {dagbag.py:545} INFO - Filling up the DagBag from /home/airflow/.local/lib/python3.12/site-packages/airflow/example_dags/example_display_name.py
[2024-08-09T02:15:12.590+0000] {processor.py:840} INFO - DAG(s) 'example_display_name' retrieved from /home/airflow/.local/lib/python3.12/site-packages/airflow/example_dags/example_display_name.py
[2024-08-09T02:15:12.661+0000] {logging_mixin.py:188} INFO - [2024-08-09T02:15:12.661+0000] {dag.py:3089} INFO - Sync 1 DAGs
[2024-08-09T02:15:12.690+0000] {logging_mixin.py:188} INFO - [2024-08-09T02:15:12.690+0000] {dag.py:3947} INFO - Setting next_dagrun for example_display_name to None, run_after=None
[2024-08-09T02:15:12.742+0000] {processor.py:183} INFO - Processing /home/airflow/.local/lib/python3.12/site-packages/airflow/example_dags/example_display_name.py took 0.208 seconds
[2024-08-09T02:15:42.946+0000] {processor.py:161} INFO - Started process (PID=4684) to work on /home/airflow/.local/lib/python3.12/site-packages/airflow/example_dags/example_display_name.py
[2024-08-09T02:15:42.953+0000] {processor.py:830} INFO - Processing file /home/airflow/.local/lib/python3.12/site-packages/airflow/example_dags/example_display_name.py for tasks to queue
[2024-08-09T02:15:42.958+0000] {logging_mixin.py:188} INFO - [2024-08-09T02:15:42.958+0000] {dagbag.py:545} INFO - Filling up the DagBag from /home/airflow/.local/lib/python3.12/site-packages/airflow/example_dags/example_display_name.py
[2024-08-09T02:15:42.975+0000] {processor.py:840} INFO - DAG(s) 'example_display_name' retrieved from /home/airflow/.local/lib/python3.12/site-packages/airflow/example_dags/example_display_name.py
[2024-08-09T02:15:43.033+0000] {logging_mixin.py:188} INFO - [2024-08-09T02:15:43.032+0000] {dag.py:3089} INFO - Sync 1 DAGs
[2024-08-09T02:15:43.064+0000] {logging_mixin.py:188} INFO - [2024-08-09T02:15:43.064+0000] {dag.py:3947} INFO - Setting next_dagrun for example_display_name to None, run_after=None
[2024-08-09T02:15:43.106+0000] {processor.py:183} INFO - Processing /home/airflow/.local/lib/python3.12/site-packages/airflow/example_dags/example_display_name.py took 0.186 seconds
[2024-08-09T02:16:13.587+0000] {processor.py:161} INFO - Started process (PID=4742) to work on /home/airflow/.local/lib/python3.12/site-packages/airflow/example_dags/example_display_name.py
[2024-08-09T02:16:13.590+0000] {processor.py:830} INFO - Processing file /home/airflow/.local/lib/python3.12/site-packages/airflow/example_dags/example_display_name.py for tasks to queue
[2024-08-09T02:16:13.594+0000] {logging_mixin.py:188} INFO - [2024-08-09T02:16:13.594+0000] {dagbag.py:545} INFO - Filling up the DagBag from /home/airflow/.local/lib/python3.12/site-packages/airflow/example_dags/example_display_name.py
