[2024-08-09T01:42:36.682+0000] {processor.py:161} INFO - Started process (PID=1021) to work on /home/airflow/.local/lib/python3.12/site-packages/airflow/example_dags/example_bash_operator.py
[2024-08-09T01:42:36.684+0000] {processor.py:830} INFO - Processing file /home/airflow/.local/lib/python3.12/site-packages/airflow/example_dags/example_bash_operator.py for tasks to queue
[2024-08-09T01:42:36.689+0000] {logging_mixin.py:188} INFO - [2024-08-09T01:42:36.688+0000] {dagbag.py:545} INFO - Filling up the DagBag from /home/airflow/.local/lib/python3.12/site-packages/airflow/example_dags/example_bash_operator.py
[2024-08-09T01:42:36.715+0000] {processor.py:840} INFO - DAG(s) 'example_bash_operator' retrieved from /home/airflow/.local/lib/python3.12/site-packages/airflow/example_dags/example_bash_operator.py
[2024-08-09T01:42:36.770+0000] {logging_mixin.py:188} INFO - [2024-08-09T01:42:36.770+0000] {dag.py:3089} INFO - Sync 1 DAGs
[2024-08-09T01:42:36.809+0000] {logging_mixin.py:188} INFO - [2024-08-09T01:42:36.809+0000] {dag.py:3947} INFO - Setting next_dagrun for example_bash_operator to 2024-08-08 00:00:00+00:00, run_after=2024-08-09 00:00:00+00:00
[2024-08-09T01:42:36.840+0000] {processor.py:183} INFO - Processing /home/airflow/.local/lib/python3.12/site-packages/airflow/example_dags/example_bash_operator.py took 0.171 seconds
[2024-08-09T01:43:07.720+0000] {processor.py:161} INFO - Started process (PID=1080) to work on /home/airflow/.local/lib/python3.12/site-packages/airflow/example_dags/example_bash_operator.py
[2024-08-09T01:43:07.723+0000] {processor.py:830} INFO - Processing file /home/airflow/.local/lib/python3.12/site-packages/airflow/example_dags/example_bash_operator.py for tasks to queue
[2024-08-09T01:43:07.729+0000] {logging_mixin.py:188} INFO - [2024-08-09T01:43:07.728+0000] {dagbag.py:545} INFO - Filling up the DagBag from /home/airflow/.local/lib/python3.12/site-packages/airflow/example_dags/example_bash_operator.py
[2024-08-09T01:43:07.766+0000] {processor.py:840} INFO - DAG(s) 'example_bash_operator' retrieved from /home/airflow/.local/lib/python3.12/site-packages/airflow/example_dags/example_bash_operator.py
[2024-08-09T01:43:07.844+0000] {logging_mixin.py:188} INFO - [2024-08-09T01:43:07.844+0000] {dag.py:3089} INFO - Sync 1 DAGs
[2024-08-09T01:43:07.899+0000] {logging_mixin.py:188} INFO - [2024-08-09T01:43:07.899+0000] {dag.py:3947} INFO - Setting next_dagrun for example_bash_operator to 2024-08-08 00:00:00+00:00, run_after=2024-08-09 00:00:00+00:00
[2024-08-09T01:43:07.954+0000] {processor.py:183} INFO - Processing /home/airflow/.local/lib/python3.12/site-packages/airflow/example_dags/example_bash_operator.py took 0.251 seconds
[2024-08-09T01:43:39.963+0000] {processor.py:161} INFO - Started process (PID=1138) to work on /home/airflow/.local/lib/python3.12/site-packages/airflow/example_dags/example_bash_operator.py
[2024-08-09T01:43:39.970+0000] {processor.py:830} INFO - Processing file /home/airflow/.local/lib/python3.12/site-packages/airflow/example_dags/example_bash_operator.py for tasks to queue
[2024-08-09T01:43:39.985+0000] {logging_mixin.py:188} INFO - [2024-08-09T01:43:39.984+0000] {dagbag.py:545} INFO - Filling up the DagBag from /home/airflow/.local/lib/python3.12/site-packages/airflow/example_dags/example_bash_operator.py
[2024-08-09T01:43:40.023+0000] {processor.py:840} INFO - DAG(s) 'example_bash_operator' retrieved from /home/airflow/.local/lib/python3.12/site-packages/airflow/example_dags/example_bash_operator.py
[2024-08-09T01:43:40.117+0000] {logging_mixin.py:188} INFO - [2024-08-09T01:43:40.117+0000] {dag.py:3089} INFO - Sync 1 DAGs
[2024-08-09T01:43:40.197+0000] {logging_mixin.py:188} INFO - [2024-08-09T01:43:40.193+0000] {dag.py:3947} INFO - Setting next_dagrun for example_bash_operator to 2024-08-08 00:00:00+00:00, run_after=2024-08-09 00:00:00+00:00
[2024-08-09T01:43:40.257+0000] {processor.py:183} INFO - Processing /home/airflow/.local/lib/python3.12/site-packages/airflow/example_dags/example_bash_operator.py took 0.344 seconds
[2024-08-09T01:44:12.317+0000] {processor.py:161} INFO - Started process (PID=1196) to work on /home/airflow/.local/lib/python3.12/site-packages/airflow/example_dags/example_bash_operator.py
[2024-08-09T01:44:12.320+0000] {processor.py:830} INFO - Processing file /home/airflow/.local/lib/python3.12/site-packages/airflow/example_dags/example_bash_operator.py for tasks to queue
[2024-08-09T01:44:12.326+0000] {logging_mixin.py:188} INFO - [2024-08-09T01:44:12.325+0000] {dagbag.py:545} INFO - Filling up the DagBag from /home/airflow/.local/lib/python3.12/site-packages/airflow/example_dags/example_bash_operator.py
[2024-08-09T01:44:12.356+0000] {processor.py:840} INFO - DAG(s) 'example_bash_operator' retrieved from /home/airflow/.local/lib/python3.12/site-packages/airflow/example_dags/example_bash_operator.py
[2024-08-09T01:44:12.425+0000] {logging_mixin.py:188} INFO - [2024-08-09T01:44:12.425+0000] {dag.py:3089} INFO - Sync 1 DAGs
[2024-08-09T01:44:12.480+0000] {logging_mixin.py:188} INFO - [2024-08-09T01:44:12.480+0000] {dag.py:3947} INFO - Setting next_dagrun for example_bash_operator to 2024-08-08 00:00:00+00:00, run_after=2024-08-09 00:00:00+00:00
[2024-08-09T01:44:12.520+0000] {processor.py:183} INFO - Processing /home/airflow/.local/lib/python3.12/site-packages/airflow/example_dags/example_bash_operator.py took 0.218 seconds
[2024-08-09T01:44:43.006+0000] {processor.py:161} INFO - Started process (PID=1254) to work on /home/airflow/.local/lib/python3.12/site-packages/airflow/example_dags/example_bash_operator.py
[2024-08-09T01:44:43.009+0000] {processor.py:830} INFO - Processing file /home/airflow/.local/lib/python3.12/site-packages/airflow/example_dags/example_bash_operator.py for tasks to queue
[2024-08-09T01:44:43.013+0000] {logging_mixin.py:188} INFO - [2024-08-09T01:44:43.013+0000] {dagbag.py:545} INFO - Filling up the DagBag from /home/airflow/.local/lib/python3.12/site-packages/airflow/example_dags/example_bash_operator.py
[2024-08-09T01:44:43.047+0000] {processor.py:840} INFO - DAG(s) 'example_bash_operator' retrieved from /home/airflow/.local/lib/python3.12/site-packages/airflow/example_dags/example_bash_operator.py
[2024-08-09T01:44:43.123+0000] {logging_mixin.py:188} INFO - [2024-08-09T01:44:43.122+0000] {dag.py:3089} INFO - Sync 1 DAGs
[2024-08-09T01:44:43.171+0000] {logging_mixin.py:188} INFO - [2024-08-09T01:44:43.171+0000] {dag.py:3947} INFO - Setting next_dagrun for example_bash_operator to 2024-08-08 00:00:00+00:00, run_after=2024-08-09 00:00:00+00:00
[2024-08-09T01:44:43.209+0000] {processor.py:183} INFO - Processing /home/airflow/.local/lib/python3.12/site-packages/airflow/example_dags/example_bash_operator.py took 0.219 seconds
[2024-08-09T01:45:14.121+0000] {processor.py:161} INFO - Started process (PID=1312) to work on /home/airflow/.local/lib/python3.12/site-packages/airflow/example_dags/example_bash_operator.py
[2024-08-09T01:45:14.127+0000] {processor.py:830} INFO - Processing file /home/airflow/.local/lib/python3.12/site-packages/airflow/example_dags/example_bash_operator.py for tasks to queue
[2024-08-09T01:45:14.134+0000] {logging_mixin.py:188} INFO - [2024-08-09T01:45:14.133+0000] {dagbag.py:545} INFO - Filling up the DagBag from /home/airflow/.local/lib/python3.12/site-packages/airflow/example_dags/example_bash_operator.py
[2024-08-09T01:45:14.180+0000] {processor.py:840} INFO - DAG(s) 'example_bash_operator' retrieved from /home/airflow/.local/lib/python3.12/site-packages/airflow/example_dags/example_bash_operator.py
[2024-08-09T01:45:14.262+0000] {logging_mixin.py:188} INFO - [2024-08-09T01:45:14.262+0000] {dag.py:3089} INFO - Sync 1 DAGs
[2024-08-09T01:45:14.315+0000] {logging_mixin.py:188} INFO - [2024-08-09T01:45:14.315+0000] {dag.py:3947} INFO - Setting next_dagrun for example_bash_operator to 2024-08-08 00:00:00+00:00, run_after=2024-08-09 00:00:00+00:00
[2024-08-09T01:45:14.355+0000] {processor.py:183} INFO - Processing /home/airflow/.local/lib/python3.12/site-packages/airflow/example_dags/example_bash_operator.py took 0.257 seconds
[2024-08-09T01:45:44.417+0000] {processor.py:161} INFO - Started process (PID=1369) to work on /home/airflow/.local/lib/python3.12/site-packages/airflow/example_dags/example_bash_operator.py
[2024-08-09T01:45:44.419+0000] {processor.py:830} INFO - Processing file /home/airflow/.local/lib/python3.12/site-packages/airflow/example_dags/example_bash_operator.py for tasks to queue
[2024-08-09T01:45:44.424+0000] {logging_mixin.py:188} INFO - [2024-08-09T01:45:44.423+0000] {dagbag.py:545} INFO - Filling up the DagBag from /home/airflow/.local/lib/python3.12/site-packages/airflow/example_dags/example_bash_operator.py
[2024-08-09T01:45:44.454+0000] {processor.py:840} INFO - DAG(s) 'example_bash_operator' retrieved from /home/airflow/.local/lib/python3.12/site-packages/airflow/example_dags/example_bash_operator.py
[2024-08-09T01:45:44.519+0000] {logging_mixin.py:188} INFO - [2024-08-09T01:45:44.519+0000] {dag.py:3089} INFO - Sync 1 DAGs
[2024-08-09T01:45:44.562+0000] {logging_mixin.py:188} INFO - [2024-08-09T01:45:44.562+0000] {dag.py:3947} INFO - Setting next_dagrun for example_bash_operator to 2024-08-08 00:00:00+00:00, run_after=2024-08-09 00:00:00+00:00
[2024-08-09T01:45:44.596+0000] {processor.py:183} INFO - Processing /home/airflow/.local/lib/python3.12/site-packages/airflow/example_dags/example_bash_operator.py took 0.195 seconds
[2024-08-09T01:46:16.045+0000] {processor.py:161} INFO - Started process (PID=1427) to work on /home/airflow/.local/lib/python3.12/site-packages/airflow/example_dags/example_bash_operator.py
[2024-08-09T01:46:16.048+0000] {processor.py:830} INFO - Processing file /home/airflow/.local/lib/python3.12/site-packages/airflow/example_dags/example_bash_operator.py for tasks to queue
[2024-08-09T01:46:16.055+0000] {logging_mixin.py:188} INFO - [2024-08-09T01:46:16.054+0000] {dagbag.py:545} INFO - Filling up the DagBag from /home/airflow/.local/lib/python3.12/site-packages/airflow/example_dags/example_bash_operator.py
[2024-08-09T01:46:16.105+0000] {processor.py:840} INFO - DAG(s) 'example_bash_operator' retrieved from /home/airflow/.local/lib/python3.12/site-packages/airflow/example_dags/example_bash_operator.py
[2024-08-09T01:46:16.270+0000] {logging_mixin.py:188} INFO - [2024-08-09T01:46:16.270+0000] {dag.py:3089} INFO - Sync 1 DAGs
[2024-08-09T01:46:16.413+0000] {logging_mixin.py:188} INFO - [2024-08-09T01:46:16.409+0000] {dag.py:3947} INFO - Setting next_dagrun for example_bash_operator to 2024-08-08 00:00:00+00:00, run_after=2024-08-09 00:00:00+00:00
[2024-08-09T01:46:16.603+0000] {processor.py:183} INFO - Processing /home/airflow/.local/lib/python3.12/site-packages/airflow/example_dags/example_bash_operator.py took 0.580 seconds
[2024-08-09T01:46:46.791+0000] {processor.py:161} INFO - Started process (PID=1490) to work on /home/airflow/.local/lib/python3.12/site-packages/airflow/example_dags/example_bash_operator.py
[2024-08-09T01:46:46.794+0000] {processor.py:830} INFO - Processing file /home/airflow/.local/lib/python3.12/site-packages/airflow/example_dags/example_bash_operator.py for tasks to queue
[2024-08-09T01:46:46.798+0000] {logging_mixin.py:188} INFO - [2024-08-09T01:46:46.798+0000] {dagbag.py:545} INFO - Filling up the DagBag from /home/airflow/.local/lib/python3.12/site-packages/airflow/example_dags/example_bash_operator.py
[2024-08-09T01:46:46.842+0000] {processor.py:840} INFO - DAG(s) 'example_bash_operator' retrieved from /home/airflow/.local/lib/python3.12/site-packages/airflow/example_dags/example_bash_operator.py
[2024-08-09T01:46:46.912+0000] {logging_mixin.py:188} INFO - [2024-08-09T01:46:46.912+0000] {dag.py:3089} INFO - Sync 1 DAGs
[2024-08-09T01:46:46.982+0000] {logging_mixin.py:188} INFO - [2024-08-09T01:46:46.982+0000] {dag.py:3947} INFO - Setting next_dagrun for example_bash_operator to 2024-08-08 00:00:00+00:00, run_after=2024-08-09 00:00:00+00:00
[2024-08-09T01:46:47.027+0000] {processor.py:183} INFO - Processing /home/airflow/.local/lib/python3.12/site-packages/airflow/example_dags/example_bash_operator.py took 0.260 seconds
[2024-08-09T01:47:18.030+0000] {processor.py:161} INFO - Started process (PID=1548) to work on /home/airflow/.local/lib/python3.12/site-packages/airflow/example_dags/example_bash_operator.py
[2024-08-09T01:47:18.033+0000] {processor.py:830} INFO - Processing file /home/airflow/.local/lib/python3.12/site-packages/airflow/example_dags/example_bash_operator.py for tasks to queue
[2024-08-09T01:47:18.039+0000] {logging_mixin.py:188} INFO - [2024-08-09T01:47:18.038+0000] {dagbag.py:545} INFO - Filling up the DagBag from /home/airflow/.local/lib/python3.12/site-packages/airflow/example_dags/example_bash_operator.py
[2024-08-09T01:47:18.067+0000] {processor.py:840} INFO - DAG(s) 'example_bash_operator' retrieved from /home/airflow/.local/lib/python3.12/site-packages/airflow/example_dags/example_bash_operator.py
[2024-08-09T01:47:18.153+0000] {logging_mixin.py:188} INFO - [2024-08-09T01:47:18.153+0000] {dag.py:3089} INFO - Sync 1 DAGs
[2024-08-09T01:47:18.289+0000] {logging_mixin.py:188} INFO - [2024-08-09T01:47:18.288+0000] {dag.py:3947} INFO - Setting next_dagrun for example_bash_operator to 2024-08-08 00:00:00+00:00, run_after=2024-08-09 00:00:00+00:00
[2024-08-09T01:47:18.366+0000] {processor.py:183} INFO - Processing /home/airflow/.local/lib/python3.12/site-packages/airflow/example_dags/example_bash_operator.py took 0.352 seconds
[2024-08-09T01:47:49.711+0000] {processor.py:161} INFO - Started process (PID=1606) to work on /home/airflow/.local/lib/python3.12/site-packages/airflow/example_dags/example_bash_operator.py
[2024-08-09T01:47:49.715+0000] {processor.py:830} INFO - Processing file /home/airflow/.local/lib/python3.12/site-packages/airflow/example_dags/example_bash_operator.py for tasks to queue
[2024-08-09T01:47:49.732+0000] {logging_mixin.py:188} INFO - [2024-08-09T01:47:49.729+0000] {dagbag.py:545} INFO - Filling up the DagBag from /home/airflow/.local/lib/python3.12/site-packages/airflow/example_dags/example_bash_operator.py
[2024-08-09T01:47:49.792+0000] {processor.py:840} INFO - DAG(s) 'example_bash_operator' retrieved from /home/airflow/.local/lib/python3.12/site-packages/airflow/example_dags/example_bash_operator.py
[2024-08-09T01:47:49.929+0000] {logging_mixin.py:188} INFO - [2024-08-09T01:47:49.928+0000] {dag.py:3089} INFO - Sync 1 DAGs
[2024-08-09T01:47:50.019+0000] {logging_mixin.py:188} INFO - [2024-08-09T01:47:50.018+0000] {dag.py:3947} INFO - Setting next_dagrun for example_bash_operator to 2024-08-08 00:00:00+00:00, run_after=2024-08-09 00:00:00+00:00
[2024-08-09T01:47:50.070+0000] {processor.py:183} INFO - Processing /home/airflow/.local/lib/python3.12/site-packages/airflow/example_dags/example_bash_operator.py took 0.387 seconds
[2024-08-09T01:48:21.560+0000] {processor.py:161} INFO - Started process (PID=1664) to work on /home/airflow/.local/lib/python3.12/site-packages/airflow/example_dags/example_bash_operator.py
[2024-08-09T01:48:21.563+0000] {processor.py:830} INFO - Processing file /home/airflow/.local/lib/python3.12/site-packages/airflow/example_dags/example_bash_operator.py for tasks to queue
[2024-08-09T01:48:21.571+0000] {logging_mixin.py:188} INFO - [2024-08-09T01:48:21.570+0000] {dagbag.py:545} INFO - Filling up the DagBag from /home/airflow/.local/lib/python3.12/site-packages/airflow/example_dags/example_bash_operator.py
[2024-08-09T01:48:21.616+0000] {processor.py:840} INFO - DAG(s) 'example_bash_operator' retrieved from /home/airflow/.local/lib/python3.12/site-packages/airflow/example_dags/example_bash_operator.py
[2024-08-09T01:48:21.698+0000] {logging_mixin.py:188} INFO - [2024-08-09T01:48:21.698+0000] {dag.py:3089} INFO - Sync 1 DAGs
[2024-08-09T01:48:21.755+0000] {logging_mixin.py:188} INFO - [2024-08-09T01:48:21.755+0000] {dag.py:3947} INFO - Setting next_dagrun for example_bash_operator to 2024-08-08 00:00:00+00:00, run_after=2024-08-09 00:00:00+00:00
[2024-08-09T01:48:21.798+0000] {processor.py:183} INFO - Processing /home/airflow/.local/lib/python3.12/site-packages/airflow/example_dags/example_bash_operator.py took 0.258 seconds
[2024-08-09T01:49:04.812+0000] {processor.py:161} INFO - Started process (PID=1722) to work on /home/airflow/.local/lib/python3.12/site-packages/airflow/example_dags/example_bash_operator.py
[2024-08-09T01:49:04.817+0000] {processor.py:830} INFO - Processing file /home/airflow/.local/lib/python3.12/site-packages/airflow/example_dags/example_bash_operator.py for tasks to queue
[2024-08-09T01:49:04.849+0000] {logging_mixin.py:188} INFO - [2024-08-09T01:49:04.845+0000] {dagbag.py:545} INFO - Filling up the DagBag from /home/airflow/.local/lib/python3.12/site-packages/airflow/example_dags/example_bash_operator.py
[2024-08-09T01:49:04.954+0000] {processor.py:840} INFO - DAG(s) 'example_bash_operator' retrieved from /home/airflow/.local/lib/python3.12/site-packages/airflow/example_dags/example_bash_operator.py
[2024-08-09T01:49:05.132+0000] {logging_mixin.py:188} INFO - [2024-08-09T01:49:05.131+0000] {dag.py:3089} INFO - Sync 1 DAGs
[2024-08-09T01:49:05.219+0000] {logging_mixin.py:188} INFO - [2024-08-09T01:49:05.218+0000] {dag.py:3947} INFO - Setting next_dagrun for example_bash_operator to 2024-08-08 00:00:00+00:00, run_after=2024-08-09 00:00:00+00:00
[2024-08-09T01:49:05.276+0000] {processor.py:183} INFO - Processing /home/airflow/.local/lib/python3.12/site-packages/airflow/example_dags/example_bash_operator.py took 0.510 seconds
[2024-08-09T01:49:38.255+0000] {processor.py:161} INFO - Started process (PID=1780) to work on /home/airflow/.local/lib/python3.12/site-packages/airflow/example_dags/example_bash_operator.py
[2024-08-09T01:49:38.258+0000] {processor.py:830} INFO - Processing file /home/airflow/.local/lib/python3.12/site-packages/airflow/example_dags/example_bash_operator.py for tasks to queue
[2024-08-09T01:49:38.272+0000] {logging_mixin.py:188} INFO - [2024-08-09T01:49:38.271+0000] {dagbag.py:545} INFO - Filling up the DagBag from /home/airflow/.local/lib/python3.12/site-packages/airflow/example_dags/example_bash_operator.py
[2024-08-09T01:49:38.353+0000] {processor.py:840} INFO - DAG(s) 'example_bash_operator' retrieved from /home/airflow/.local/lib/python3.12/site-packages/airflow/example_dags/example_bash_operator.py
[2024-08-09T01:49:38.502+0000] {logging_mixin.py:188} INFO - [2024-08-09T01:49:38.502+0000] {dag.py:3089} INFO - Sync 1 DAGs
[2024-08-09T01:49:38.654+0000] {logging_mixin.py:188} INFO - [2024-08-09T01:49:38.653+0000] {dag.py:3947} INFO - Setting next_dagrun for example_bash_operator to 2024-08-08 00:00:00+00:00, run_after=2024-08-09 00:00:00+00:00
[2024-08-09T01:49:38.783+0000] {processor.py:183} INFO - Processing /home/airflow/.local/lib/python3.12/site-packages/airflow/example_dags/example_bash_operator.py took 0.584 seconds
[2024-08-09T01:50:39.972+0000] {processor.py:161} INFO - Started process (PID=1865) to work on /home/airflow/.local/lib/python3.12/site-packages/airflow/example_dags/example_bash_operator.py
[2024-08-09T01:50:39.978+0000] {processor.py:830} INFO - Processing file /home/airflow/.local/lib/python3.12/site-packages/airflow/example_dags/example_bash_operator.py for tasks to queue
[2024-08-09T01:50:39.988+0000] {logging_mixin.py:188} INFO - [2024-08-09T01:50:39.986+0000] {dagbag.py:545} INFO - Filling up the DagBag from /home/airflow/.local/lib/python3.12/site-packages/airflow/example_dags/example_bash_operator.py
[2024-08-09T01:50:40.055+0000] {processor.py:840} INFO - DAG(s) 'example_bash_operator' retrieved from /home/airflow/.local/lib/python3.12/site-packages/airflow/example_dags/example_bash_operator.py
[2024-08-09T01:50:40.243+0000] {logging_mixin.py:188} INFO - [2024-08-09T01:50:40.239+0000] {dag.py:3089} INFO - Sync 1 DAGs
[2024-08-09T01:50:40.516+0000] {logging_mixin.py:188} INFO - [2024-08-09T01:50:40.515+0000] {dag.py:3947} INFO - Setting next_dagrun for example_bash_operator to 2024-08-08 00:00:00+00:00, run_after=2024-08-09 00:00:00+00:00
[2024-08-09T01:50:40.630+0000] {processor.py:183} INFO - Processing /home/airflow/.local/lib/python3.12/site-packages/airflow/example_dags/example_bash_operator.py took 0.703 seconds
[2024-08-09T01:51:11.087+0000] {processor.py:161} INFO - Started process (PID=1923) to work on /home/airflow/.local/lib/python3.12/site-packages/airflow/example_dags/example_bash_operator.py
[2024-08-09T01:51:11.091+0000] {processor.py:830} INFO - Processing file /home/airflow/.local/lib/python3.12/site-packages/airflow/example_dags/example_bash_operator.py for tasks to queue
[2024-08-09T01:51:11.100+0000] {logging_mixin.py:188} INFO - [2024-08-09T01:51:11.099+0000] {dagbag.py:545} INFO - Filling up the DagBag from /home/airflow/.local/lib/python3.12/site-packages/airflow/example_dags/example_bash_operator.py
[2024-08-09T01:51:11.178+0000] {processor.py:840} INFO - DAG(s) 'example_bash_operator' retrieved from /home/airflow/.local/lib/python3.12/site-packages/airflow/example_dags/example_bash_operator.py
[2024-08-09T01:51:11.297+0000] {logging_mixin.py:188} INFO - [2024-08-09T01:51:11.296+0000] {dag.py:3089} INFO - Sync 1 DAGs
[2024-08-09T01:51:11.396+0000] {logging_mixin.py:188} INFO - [2024-08-09T01:51:11.396+0000] {dag.py:3947} INFO - Setting next_dagrun for example_bash_operator to 2024-08-08 00:00:00+00:00, run_after=2024-08-09 00:00:00+00:00
[2024-08-09T01:51:11.496+0000] {processor.py:183} INFO - Processing /home/airflow/.local/lib/python3.12/site-packages/airflow/example_dags/example_bash_operator.py took 0.440 seconds
[2024-08-09T01:51:41.596+0000] {processor.py:161} INFO - Started process (PID=1980) to work on /home/airflow/.local/lib/python3.12/site-packages/airflow/example_dags/example_bash_operator.py
[2024-08-09T01:51:41.598+0000] {processor.py:830} INFO - Processing file /home/airflow/.local/lib/python3.12/site-packages/airflow/example_dags/example_bash_operator.py for tasks to queue
[2024-08-09T01:51:41.604+0000] {logging_mixin.py:188} INFO - [2024-08-09T01:51:41.603+0000] {dagbag.py:545} INFO - Filling up the DagBag from /home/airflow/.local/lib/python3.12/site-packages/airflow/example_dags/example_bash_operator.py
[2024-08-09T01:51:41.642+0000] {processor.py:840} INFO - DAG(s) 'example_bash_operator' retrieved from /home/airflow/.local/lib/python3.12/site-packages/airflow/example_dags/example_bash_operator.py
[2024-08-09T01:51:41.730+0000] {logging_mixin.py:188} INFO - [2024-08-09T01:51:41.730+0000] {dag.py:3089} INFO - Sync 1 DAGs
[2024-08-09T01:51:41.788+0000] {logging_mixin.py:188} INFO - [2024-08-09T01:51:41.787+0000] {dag.py:3947} INFO - Setting next_dagrun for example_bash_operator to 2024-08-08 00:00:00+00:00, run_after=2024-08-09 00:00:00+00:00
[2024-08-09T01:51:41.850+0000] {processor.py:183} INFO - Processing /home/airflow/.local/lib/python3.12/site-packages/airflow/example_dags/example_bash_operator.py took 0.274 seconds
[2024-08-09T01:52:12.788+0000] {processor.py:161} INFO - Started process (PID=2038) to work on /home/airflow/.local/lib/python3.12/site-packages/airflow/example_dags/example_bash_operator.py
[2024-08-09T01:52:12.790+0000] {processor.py:830} INFO - Processing file /home/airflow/.local/lib/python3.12/site-packages/airflow/example_dags/example_bash_operator.py for tasks to queue
[2024-08-09T01:52:12.795+0000] {logging_mixin.py:188} INFO - [2024-08-09T01:52:12.794+0000] {dagbag.py:545} INFO - Filling up the DagBag from /home/airflow/.local/lib/python3.12/site-packages/airflow/example_dags/example_bash_operator.py
[2024-08-09T01:52:12.833+0000] {processor.py:840} INFO - DAG(s) 'example_bash_operator' retrieved from /home/airflow/.local/lib/python3.12/site-packages/airflow/example_dags/example_bash_operator.py
[2024-08-09T01:52:12.926+0000] {logging_mixin.py:188} INFO - [2024-08-09T01:52:12.926+0000] {dag.py:3089} INFO - Sync 1 DAGs
[2024-08-09T01:52:13.067+0000] {logging_mixin.py:188} INFO - [2024-08-09T01:52:13.066+0000] {dag.py:3947} INFO - Setting next_dagrun for example_bash_operator to 2024-08-08 00:00:00+00:00, run_after=2024-08-09 00:00:00+00:00
[2024-08-09T01:52:13.155+0000] {processor.py:183} INFO - Processing /home/airflow/.local/lib/python3.12/site-packages/airflow/example_dags/example_bash_operator.py took 0.389 seconds
[2024-08-09T01:52:43.786+0000] {processor.py:161} INFO - Started process (PID=2096) to work on /home/airflow/.local/lib/python3.12/site-packages/airflow/example_dags/example_bash_operator.py
[2024-08-09T01:52:43.795+0000] {processor.py:830} INFO - Processing file /home/airflow/.local/lib/python3.12/site-packages/airflow/example_dags/example_bash_operator.py for tasks to queue
[2024-08-09T01:52:43.816+0000] {logging_mixin.py:188} INFO - [2024-08-09T01:52:43.815+0000] {dagbag.py:545} INFO - Filling up the DagBag from /home/airflow/.local/lib/python3.12/site-packages/airflow/example_dags/example_bash_operator.py
[2024-08-09T01:52:43.947+0000] {processor.py:840} INFO - DAG(s) 'example_bash_operator' retrieved from /home/airflow/.local/lib/python3.12/site-packages/airflow/example_dags/example_bash_operator.py
[2024-08-09T01:52:44.372+0000] {logging_mixin.py:188} INFO - [2024-08-09T01:52:44.371+0000] {dag.py:3089} INFO - Sync 1 DAGs
[2024-08-09T01:52:44.510+0000] {logging_mixin.py:188} INFO - [2024-08-09T01:52:44.509+0000] {dag.py:3947} INFO - Setting next_dagrun for example_bash_operator to 2024-08-08 00:00:00+00:00, run_after=2024-08-09 00:00:00+00:00
[2024-08-09T01:52:44.632+0000] {processor.py:183} INFO - Processing /home/airflow/.local/lib/python3.12/site-packages/airflow/example_dags/example_bash_operator.py took 0.917 seconds
[2024-08-09T01:53:15.434+0000] {processor.py:161} INFO - Started process (PID=2153) to work on /home/airflow/.local/lib/python3.12/site-packages/airflow/example_dags/example_bash_operator.py
[2024-08-09T01:53:15.437+0000] {processor.py:830} INFO - Processing file /home/airflow/.local/lib/python3.12/site-packages/airflow/example_dags/example_bash_operator.py for tasks to queue
[2024-08-09T01:53:15.466+0000] {logging_mixin.py:188} INFO - [2024-08-09T01:53:15.461+0000] {dagbag.py:545} INFO - Filling up the DagBag from /home/airflow/.local/lib/python3.12/site-packages/airflow/example_dags/example_bash_operator.py
[2024-08-09T01:53:15.572+0000] {processor.py:840} INFO - DAG(s) 'example_bash_operator' retrieved from /home/airflow/.local/lib/python3.12/site-packages/airflow/example_dags/example_bash_operator.py
[2024-08-09T01:53:15.754+0000] {logging_mixin.py:188} INFO - [2024-08-09T01:53:15.754+0000] {dag.py:3089} INFO - Sync 1 DAGs
[2024-08-09T01:53:15.939+0000] {logging_mixin.py:188} INFO - [2024-08-09T01:53:15.935+0000] {dag.py:3947} INFO - Setting next_dagrun for example_bash_operator to 2024-08-08 00:00:00+00:00, run_after=2024-08-09 00:00:00+00:00
[2024-08-09T01:53:16.067+0000] {processor.py:183} INFO - Processing /home/airflow/.local/lib/python3.12/site-packages/airflow/example_dags/example_bash_operator.py took 0.700 seconds
[2024-08-09T01:53:46.225+0000] {processor.py:161} INFO - Started process (PID=2211) to work on /home/airflow/.local/lib/python3.12/site-packages/airflow/example_dags/example_bash_operator.py
[2024-08-09T01:53:46.228+0000] {processor.py:830} INFO - Processing file /home/airflow/.local/lib/python3.12/site-packages/airflow/example_dags/example_bash_operator.py for tasks to queue
[2024-08-09T01:53:46.233+0000] {logging_mixin.py:188} INFO - [2024-08-09T01:53:46.233+0000] {dagbag.py:545} INFO - Filling up the DagBag from /home/airflow/.local/lib/python3.12/site-packages/airflow/example_dags/example_bash_operator.py
[2024-08-09T01:53:46.263+0000] {processor.py:840} INFO - DAG(s) 'example_bash_operator' retrieved from /home/airflow/.local/lib/python3.12/site-packages/airflow/example_dags/example_bash_operator.py
[2024-08-09T01:53:46.334+0000] {logging_mixin.py:188} INFO - [2024-08-09T01:53:46.333+0000] {dag.py:3089} INFO - Sync 1 DAGs
[2024-08-09T01:53:46.384+0000] {logging_mixin.py:188} INFO - [2024-08-09T01:53:46.384+0000] {dag.py:3947} INFO - Setting next_dagrun for example_bash_operator to 2024-08-08 00:00:00+00:00, run_after=2024-08-09 00:00:00+00:00
[2024-08-09T01:53:46.426+0000] {processor.py:183} INFO - Processing /home/airflow/.local/lib/python3.12/site-packages/airflow/example_dags/example_bash_operator.py took 0.218 seconds
[2024-08-09T01:54:17.780+0000] {processor.py:161} INFO - Started process (PID=2269) to work on /home/airflow/.local/lib/python3.12/site-packages/airflow/example_dags/example_bash_operator.py
[2024-08-09T01:54:17.783+0000] {processor.py:830} INFO - Processing file /home/airflow/.local/lib/python3.12/site-packages/airflow/example_dags/example_bash_operator.py for tasks to queue
[2024-08-09T01:54:17.789+0000] {logging_mixin.py:188} INFO - [2024-08-09T01:54:17.788+0000] {dagbag.py:545} INFO - Filling up the DagBag from /home/airflow/.local/lib/python3.12/site-packages/airflow/example_dags/example_bash_operator.py
[2024-08-09T01:54:17.819+0000] {processor.py:840} INFO - DAG(s) 'example_bash_operator' retrieved from /home/airflow/.local/lib/python3.12/site-packages/airflow/example_dags/example_bash_operator.py
[2024-08-09T01:54:17.908+0000] {logging_mixin.py:188} INFO - [2024-08-09T01:54:17.907+0000] {dag.py:3089} INFO - Sync 1 DAGs
[2024-08-09T01:54:17.965+0000] {logging_mixin.py:188} INFO - [2024-08-09T01:54:17.965+0000] {dag.py:3947} INFO - Setting next_dagrun for example_bash_operator to 2024-08-08 00:00:00+00:00, run_after=2024-08-09 00:00:00+00:00
[2024-08-09T01:54:18.016+0000] {processor.py:183} INFO - Processing /home/airflow/.local/lib/python3.12/site-packages/airflow/example_dags/example_bash_operator.py took 0.257 seconds
[2024-08-09T01:54:48.294+0000] {processor.py:161} INFO - Started process (PID=2327) to work on /home/airflow/.local/lib/python3.12/site-packages/airflow/example_dags/example_bash_operator.py
[2024-08-09T01:54:48.297+0000] {processor.py:830} INFO - Processing file /home/airflow/.local/lib/python3.12/site-packages/airflow/example_dags/example_bash_operator.py for tasks to queue
[2024-08-09T01:54:48.307+0000] {logging_mixin.py:188} INFO - [2024-08-09T01:54:48.306+0000] {dagbag.py:545} INFO - Filling up the DagBag from /home/airflow/.local/lib/python3.12/site-packages/airflow/example_dags/example_bash_operator.py
[2024-08-09T01:54:48.346+0000] {processor.py:840} INFO - DAG(s) 'example_bash_operator' retrieved from /home/airflow/.local/lib/python3.12/site-packages/airflow/example_dags/example_bash_operator.py
[2024-08-09T01:54:48.500+0000] {logging_mixin.py:188} INFO - [2024-08-09T01:54:48.499+0000] {dag.py:3089} INFO - Sync 1 DAGs
[2024-08-09T01:54:48.590+0000] {logging_mixin.py:188} INFO - [2024-08-09T01:54:48.589+0000] {dag.py:3947} INFO - Setting next_dagrun for example_bash_operator to 2024-08-08 00:00:00+00:00, run_after=2024-08-09 00:00:00+00:00
[2024-08-09T01:54:48.655+0000] {processor.py:183} INFO - Processing /home/airflow/.local/lib/python3.12/site-packages/airflow/example_dags/example_bash_operator.py took 0.411 seconds
[2024-08-09T01:55:19.197+0000] {processor.py:161} INFO - Started process (PID=2385) to work on /home/airflow/.local/lib/python3.12/site-packages/airflow/example_dags/example_bash_operator.py
[2024-08-09T01:55:19.200+0000] {processor.py:830} INFO - Processing file /home/airflow/.local/lib/python3.12/site-packages/airflow/example_dags/example_bash_operator.py for tasks to queue
[2024-08-09T01:55:19.208+0000] {logging_mixin.py:188} INFO - [2024-08-09T01:55:19.207+0000] {dagbag.py:545} INFO - Filling up the DagBag from /home/airflow/.local/lib/python3.12/site-packages/airflow/example_dags/example_bash_operator.py
[2024-08-09T01:55:19.249+0000] {processor.py:840} INFO - DAG(s) 'example_bash_operator' retrieved from /home/airflow/.local/lib/python3.12/site-packages/airflow/example_dags/example_bash_operator.py
[2024-08-09T01:55:19.363+0000] {logging_mixin.py:188} INFO - [2024-08-09T01:55:19.363+0000] {dag.py:3089} INFO - Sync 1 DAGs
[2024-08-09T01:55:19.448+0000] {logging_mixin.py:188} INFO - [2024-08-09T01:55:19.447+0000] {dag.py:3947} INFO - Setting next_dagrun for example_bash_operator to 2024-08-08 00:00:00+00:00, run_after=2024-08-09 00:00:00+00:00
[2024-08-09T01:55:19.507+0000] {processor.py:183} INFO - Processing /home/airflow/.local/lib/python3.12/site-packages/airflow/example_dags/example_bash_operator.py took 0.329 seconds
[2024-08-09T01:55:49.563+0000] {processor.py:161} INFO - Started process (PID=2443) to work on /home/airflow/.local/lib/python3.12/site-packages/airflow/example_dags/example_bash_operator.py
[2024-08-09T01:55:49.565+0000] {processor.py:830} INFO - Processing file /home/airflow/.local/lib/python3.12/site-packages/airflow/example_dags/example_bash_operator.py for tasks to queue
[2024-08-09T01:55:49.570+0000] {logging_mixin.py:188} INFO - [2024-08-09T01:55:49.569+0000] {dagbag.py:545} INFO - Filling up the DagBag from /home/airflow/.local/lib/python3.12/site-packages/airflow/example_dags/example_bash_operator.py
[2024-08-09T01:55:49.592+0000] {processor.py:840} INFO - DAG(s) 'example_bash_operator' retrieved from /home/airflow/.local/lib/python3.12/site-packages/airflow/example_dags/example_bash_operator.py
[2024-08-09T01:55:49.668+0000] {logging_mixin.py:188} INFO - [2024-08-09T01:55:49.668+0000] {dag.py:3089} INFO - Sync 1 DAGs
[2024-08-09T01:55:49.713+0000] {logging_mixin.py:188} INFO - [2024-08-09T01:55:49.713+0000] {dag.py:3947} INFO - Setting next_dagrun for example_bash_operator to 2024-08-08 00:00:00+00:00, run_after=2024-08-09 00:00:00+00:00
[2024-08-09T01:55:49.748+0000] {processor.py:183} INFO - Processing /home/airflow/.local/lib/python3.12/site-packages/airflow/example_dags/example_bash_operator.py took 0.202 seconds
[2024-08-09T01:56:19.945+0000] {processor.py:161} INFO - Started process (PID=2501) to work on /home/airflow/.local/lib/python3.12/site-packages/airflow/example_dags/example_bash_operator.py
[2024-08-09T01:56:19.948+0000] {processor.py:830} INFO - Processing file /home/airflow/.local/lib/python3.12/site-packages/airflow/example_dags/example_bash_operator.py for tasks to queue
[2024-08-09T01:56:19.953+0000] {logging_mixin.py:188} INFO - [2024-08-09T01:56:19.952+0000] {dagbag.py:545} INFO - Filling up the DagBag from /home/airflow/.local/lib/python3.12/site-packages/airflow/example_dags/example_bash_operator.py
[2024-08-09T01:56:19.975+0000] {processor.py:840} INFO - DAG(s) 'example_bash_operator' retrieved from /home/airflow/.local/lib/python3.12/site-packages/airflow/example_dags/example_bash_operator.py
[2024-08-09T01:56:20.039+0000] {logging_mixin.py:188} INFO - [2024-08-09T01:56:20.038+0000] {dag.py:3089} INFO - Sync 1 DAGs
[2024-08-09T01:56:20.082+0000] {logging_mixin.py:188} INFO - [2024-08-09T01:56:20.081+0000] {dag.py:3947} INFO - Setting next_dagrun for example_bash_operator to 2024-08-08 00:00:00+00:00, run_after=2024-08-09 00:00:00+00:00
[2024-08-09T01:56:20.119+0000] {processor.py:183} INFO - Processing /home/airflow/.local/lib/python3.12/site-packages/airflow/example_dags/example_bash_operator.py took 0.189 seconds
[2024-08-09T01:56:51.357+0000] {processor.py:161} INFO - Started process (PID=2559) to work on /home/airflow/.local/lib/python3.12/site-packages/airflow/example_dags/example_bash_operator.py
[2024-08-09T01:56:51.361+0000] {processor.py:830} INFO - Processing file /home/airflow/.local/lib/python3.12/site-packages/airflow/example_dags/example_bash_operator.py for tasks to queue
[2024-08-09T01:56:51.370+0000] {logging_mixin.py:188} INFO - [2024-08-09T01:56:51.369+0000] {dagbag.py:545} INFO - Filling up the DagBag from /home/airflow/.local/lib/python3.12/site-packages/airflow/example_dags/example_bash_operator.py
[2024-08-09T01:56:51.457+0000] {processor.py:840} INFO - DAG(s) 'example_bash_operator' retrieved from /home/airflow/.local/lib/python3.12/site-packages/airflow/example_dags/example_bash_operator.py
[2024-08-09T01:56:51.652+0000] {logging_mixin.py:188} INFO - [2024-08-09T01:56:51.652+0000] {dag.py:3089} INFO - Sync 1 DAGs
[2024-08-09T01:56:51.823+0000] {logging_mixin.py:188} INFO - [2024-08-09T01:56:51.822+0000] {dag.py:3947} INFO - Setting next_dagrun for example_bash_operator to 2024-08-08 00:00:00+00:00, run_after=2024-08-09 00:00:00+00:00
[2024-08-09T01:56:51.983+0000] {processor.py:183} INFO - Processing /home/airflow/.local/lib/python3.12/site-packages/airflow/example_dags/example_bash_operator.py took 0.677 seconds
[2024-08-09T01:57:23.417+0000] {processor.py:161} INFO - Started process (PID=2617) to work on /home/airflow/.local/lib/python3.12/site-packages/airflow/example_dags/example_bash_operator.py
[2024-08-09T01:57:23.421+0000] {processor.py:830} INFO - Processing file /home/airflow/.local/lib/python3.12/site-packages/airflow/example_dags/example_bash_operator.py for tasks to queue
[2024-08-09T01:57:23.426+0000] {logging_mixin.py:188} INFO - [2024-08-09T01:57:23.425+0000] {dagbag.py:545} INFO - Filling up the DagBag from /home/airflow/.local/lib/python3.12/site-packages/airflow/example_dags/example_bash_operator.py
[2024-08-09T01:57:23.471+0000] {processor.py:840} INFO - DAG(s) 'example_bash_operator' retrieved from /home/airflow/.local/lib/python3.12/site-packages/airflow/example_dags/example_bash_operator.py
[2024-08-09T01:57:23.646+0000] {logging_mixin.py:188} INFO - [2024-08-09T01:57:23.642+0000] {dag.py:3089} INFO - Sync 1 DAGs
[2024-08-09T01:57:23.773+0000] {logging_mixin.py:188} INFO - [2024-08-09T01:57:23.772+0000] {dag.py:3947} INFO - Setting next_dagrun for example_bash_operator to 2024-08-08 00:00:00+00:00, run_after=2024-08-09 00:00:00+00:00
[2024-08-09T01:57:23.910+0000] {processor.py:183} INFO - Processing /home/airflow/.local/lib/python3.12/site-packages/airflow/example_dags/example_bash_operator.py took 0.528 seconds
[2024-08-09T01:57:54.563+0000] {processor.py:161} INFO - Started process (PID=2675) to work on /home/airflow/.local/lib/python3.12/site-packages/airflow/example_dags/example_bash_operator.py
[2024-08-09T01:57:54.577+0000] {processor.py:830} INFO - Processing file /home/airflow/.local/lib/python3.12/site-packages/airflow/example_dags/example_bash_operator.py for tasks to queue
[2024-08-09T01:57:54.597+0000] {logging_mixin.py:188} INFO - [2024-08-09T01:57:54.596+0000] {dagbag.py:545} INFO - Filling up the DagBag from /home/airflow/.local/lib/python3.12/site-packages/airflow/example_dags/example_bash_operator.py
[2024-08-09T01:57:54.659+0000] {processor.py:840} INFO - DAG(s) 'example_bash_operator' retrieved from /home/airflow/.local/lib/python3.12/site-packages/airflow/example_dags/example_bash_operator.py
[2024-08-09T01:57:54.967+0000] {logging_mixin.py:188} INFO - [2024-08-09T01:57:54.966+0000] {dag.py:3089} INFO - Sync 1 DAGs
[2024-08-09T01:57:55.062+0000] {logging_mixin.py:188} INFO - [2024-08-09T01:57:55.062+0000] {dag.py:3947} INFO - Setting next_dagrun for example_bash_operator to 2024-08-08 00:00:00+00:00, run_after=2024-08-09 00:00:00+00:00
[2024-08-09T01:57:55.208+0000] {processor.py:183} INFO - Processing /home/airflow/.local/lib/python3.12/site-packages/airflow/example_dags/example_bash_operator.py took 0.692 seconds
[2024-08-09T01:58:25.669+0000] {processor.py:161} INFO - Started process (PID=2739) to work on /home/airflow/.local/lib/python3.12/site-packages/airflow/example_dags/example_bash_operator.py
[2024-08-09T01:58:25.674+0000] {processor.py:830} INFO - Processing file /home/airflow/.local/lib/python3.12/site-packages/airflow/example_dags/example_bash_operator.py for tasks to queue
[2024-08-09T01:58:25.681+0000] {logging_mixin.py:188} INFO - [2024-08-09T01:58:25.680+0000] {dagbag.py:545} INFO - Filling up the DagBag from /home/airflow/.local/lib/python3.12/site-packages/airflow/example_dags/example_bash_operator.py
[2024-08-09T01:58:25.765+0000] {processor.py:840} INFO - DAG(s) 'example_bash_operator' retrieved from /home/airflow/.local/lib/python3.12/site-packages/airflow/example_dags/example_bash_operator.py
[2024-08-09T01:58:25.888+0000] {logging_mixin.py:188} INFO - [2024-08-09T01:58:25.887+0000] {dag.py:3089} INFO - Sync 1 DAGs
[2024-08-09T01:58:25.985+0000] {logging_mixin.py:188} INFO - [2024-08-09T01:58:25.984+0000] {dag.py:3947} INFO - Setting next_dagrun for example_bash_operator to 2024-08-08 00:00:00+00:00, run_after=2024-08-09 00:00:00+00:00
[2024-08-09T01:58:26.036+0000] {processor.py:183} INFO - Processing /home/airflow/.local/lib/python3.12/site-packages/airflow/example_dags/example_bash_operator.py took 0.421 seconds
[2024-08-09T01:58:56.777+0000] {processor.py:161} INFO - Started process (PID=2797) to work on /home/airflow/.local/lib/python3.12/site-packages/airflow/example_dags/example_bash_operator.py
[2024-08-09T01:58:56.791+0000] {processor.py:830} INFO - Processing file /home/airflow/.local/lib/python3.12/site-packages/airflow/example_dags/example_bash_operator.py for tasks to queue
[2024-08-09T01:58:56.809+0000] {logging_mixin.py:188} INFO - [2024-08-09T01:58:56.808+0000] {dagbag.py:545} INFO - Filling up the DagBag from /home/airflow/.local/lib/python3.12/site-packages/airflow/example_dags/example_bash_operator.py
[2024-08-09T01:58:56.912+0000] {processor.py:840} INFO - DAG(s) 'example_bash_operator' retrieved from /home/airflow/.local/lib/python3.12/site-packages/airflow/example_dags/example_bash_operator.py
[2024-08-09T01:58:57.178+0000] {logging_mixin.py:188} INFO - [2024-08-09T01:58:57.175+0000] {dag.py:3089} INFO - Sync 1 DAGs
[2024-08-09T01:58:57.376+0000] {logging_mixin.py:188} INFO - [2024-08-09T01:58:57.375+0000] {dag.py:3947} INFO - Setting next_dagrun for example_bash_operator to 2024-08-08 00:00:00+00:00, run_after=2024-08-09 00:00:00+00:00
[2024-08-09T01:58:57.502+0000] {processor.py:183} INFO - Processing /home/airflow/.local/lib/python3.12/site-packages/airflow/example_dags/example_bash_operator.py took 0.767 seconds
[2024-08-09T01:59:28.031+0000] {processor.py:161} INFO - Started process (PID=2855) to work on /home/airflow/.local/lib/python3.12/site-packages/airflow/example_dags/example_bash_operator.py
[2024-08-09T01:59:28.034+0000] {processor.py:830} INFO - Processing file /home/airflow/.local/lib/python3.12/site-packages/airflow/example_dags/example_bash_operator.py for tasks to queue
[2024-08-09T01:59:28.041+0000] {logging_mixin.py:188} INFO - [2024-08-09T01:59:28.040+0000] {dagbag.py:545} INFO - Filling up the DagBag from /home/airflow/.local/lib/python3.12/site-packages/airflow/example_dags/example_bash_operator.py
[2024-08-09T01:59:28.081+0000] {processor.py:840} INFO - DAG(s) 'example_bash_operator' retrieved from /home/airflow/.local/lib/python3.12/site-packages/airflow/example_dags/example_bash_operator.py
[2024-08-09T01:59:28.164+0000] {logging_mixin.py:188} INFO - [2024-08-09T01:59:28.163+0000] {dag.py:3089} INFO - Sync 1 DAGs
[2024-08-09T01:59:28.217+0000] {logging_mixin.py:188} INFO - [2024-08-09T01:59:28.216+0000] {dag.py:3947} INFO - Setting next_dagrun for example_bash_operator to 2024-08-08 00:00:00+00:00, run_after=2024-08-09 00:00:00+00:00
[2024-08-09T01:59:28.275+0000] {processor.py:183} INFO - Processing /home/airflow/.local/lib/python3.12/site-packages/airflow/example_dags/example_bash_operator.py took 0.264 seconds
[2024-08-09T01:59:58.575+0000] {processor.py:161} INFO - Started process (PID=2912) to work on /home/airflow/.local/lib/python3.12/site-packages/airflow/example_dags/example_bash_operator.py
[2024-08-09T01:59:58.578+0000] {processor.py:830} INFO - Processing file /home/airflow/.local/lib/python3.12/site-packages/airflow/example_dags/example_bash_operator.py for tasks to queue
[2024-08-09T01:59:58.584+0000] {logging_mixin.py:188} INFO - [2024-08-09T01:59:58.583+0000] {dagbag.py:545} INFO - Filling up the DagBag from /home/airflow/.local/lib/python3.12/site-packages/airflow/example_dags/example_bash_operator.py
[2024-08-09T01:59:58.613+0000] {processor.py:840} INFO - DAG(s) 'example_bash_operator' retrieved from /home/airflow/.local/lib/python3.12/site-packages/airflow/example_dags/example_bash_operator.py
[2024-08-09T01:59:58.678+0000] {logging_mixin.py:188} INFO - [2024-08-09T01:59:58.677+0000] {dag.py:3089} INFO - Sync 1 DAGs
[2024-08-09T01:59:58.739+0000] {logging_mixin.py:188} INFO - [2024-08-09T01:59:58.739+0000] {dag.py:3947} INFO - Setting next_dagrun for example_bash_operator to 2024-08-08 00:00:00+00:00, run_after=2024-08-09 00:00:00+00:00
[2024-08-09T01:59:58.774+0000] {processor.py:183} INFO - Processing /home/airflow/.local/lib/python3.12/site-packages/airflow/example_dags/example_bash_operator.py took 0.214 seconds
[2024-08-09T02:00:29.548+0000] {processor.py:161} INFO - Started process (PID=2970) to work on /home/airflow/.local/lib/python3.12/site-packages/airflow/example_dags/example_bash_operator.py
[2024-08-09T02:00:29.551+0000] {processor.py:830} INFO - Processing file /home/airflow/.local/lib/python3.12/site-packages/airflow/example_dags/example_bash_operator.py for tasks to queue
[2024-08-09T02:00:29.561+0000] {logging_mixin.py:188} INFO - [2024-08-09T02:00:29.560+0000] {dagbag.py:545} INFO - Filling up the DagBag from /home/airflow/.local/lib/python3.12/site-packages/airflow/example_dags/example_bash_operator.py
[2024-08-09T02:00:29.597+0000] {processor.py:840} INFO - DAG(s) 'example_bash_operator' retrieved from /home/airflow/.local/lib/python3.12/site-packages/airflow/example_dags/example_bash_operator.py
[2024-08-09T02:00:29.666+0000] {logging_mixin.py:188} INFO - [2024-08-09T02:00:29.665+0000] {dag.py:3089} INFO - Sync 1 DAGs
[2024-08-09T02:00:29.706+0000] {logging_mixin.py:188} INFO - [2024-08-09T02:00:29.706+0000] {dag.py:3947} INFO - Setting next_dagrun for example_bash_operator to 2024-08-08 00:00:00+00:00, run_after=2024-08-09 00:00:00+00:00
[2024-08-09T02:00:29.755+0000] {processor.py:183} INFO - Processing /home/airflow/.local/lib/python3.12/site-packages/airflow/example_dags/example_bash_operator.py took 0.226 seconds
[2024-08-09T02:01:00.300+0000] {processor.py:161} INFO - Started process (PID=3028) to work on /home/airflow/.local/lib/python3.12/site-packages/airflow/example_dags/example_bash_operator.py
[2024-08-09T02:01:00.312+0000] {processor.py:830} INFO - Processing file /home/airflow/.local/lib/python3.12/site-packages/airflow/example_dags/example_bash_operator.py for tasks to queue
[2024-08-09T02:01:00.344+0000] {logging_mixin.py:188} INFO - [2024-08-09T02:01:00.333+0000] {dagbag.py:545} INFO - Filling up the DagBag from /home/airflow/.local/lib/python3.12/site-packages/airflow/example_dags/example_bash_operator.py
[2024-08-09T02:01:00.428+0000] {processor.py:840} INFO - DAG(s) 'example_bash_operator' retrieved from /home/airflow/.local/lib/python3.12/site-packages/airflow/example_dags/example_bash_operator.py
[2024-08-09T02:01:00.600+0000] {logging_mixin.py:188} INFO - [2024-08-09T02:01:00.600+0000] {dag.py:3089} INFO - Sync 1 DAGs
[2024-08-09T02:01:00.702+0000] {logging_mixin.py:188} INFO - [2024-08-09T02:01:00.701+0000] {dag.py:3947} INFO - Setting next_dagrun for example_bash_operator to 2024-08-08 00:00:00+00:00, run_after=2024-08-09 00:00:00+00:00
[2024-08-09T02:01:00.814+0000] {processor.py:183} INFO - Processing /home/airflow/.local/lib/python3.12/site-packages/airflow/example_dags/example_bash_operator.py took 0.573 seconds
[2024-08-09T02:01:31.074+0000] {processor.py:161} INFO - Started process (PID=3086) to work on /home/airflow/.local/lib/python3.12/site-packages/airflow/example_dags/example_bash_operator.py
[2024-08-09T02:01:31.076+0000] {processor.py:830} INFO - Processing file /home/airflow/.local/lib/python3.12/site-packages/airflow/example_dags/example_bash_operator.py for tasks to queue
[2024-08-09T02:01:31.081+0000] {logging_mixin.py:188} INFO - [2024-08-09T02:01:31.080+0000] {dagbag.py:545} INFO - Filling up the DagBag from /home/airflow/.local/lib/python3.12/site-packages/airflow/example_dags/example_bash_operator.py
[2024-08-09T02:01:31.104+0000] {processor.py:840} INFO - DAG(s) 'example_bash_operator' retrieved from /home/airflow/.local/lib/python3.12/site-packages/airflow/example_dags/example_bash_operator.py
[2024-08-09T02:01:31.157+0000] {logging_mixin.py:188} INFO - [2024-08-09T02:01:31.157+0000] {dag.py:3089} INFO - Sync 1 DAGs
[2024-08-09T02:01:31.193+0000] {logging_mixin.py:188} INFO - [2024-08-09T02:01:31.192+0000] {dag.py:3947} INFO - Setting next_dagrun for example_bash_operator to 2024-08-08 00:00:00+00:00, run_after=2024-08-09 00:00:00+00:00
[2024-08-09T02:01:31.236+0000] {processor.py:183} INFO - Processing /home/airflow/.local/lib/python3.12/site-packages/airflow/example_dags/example_bash_operator.py took 0.178 seconds
[2024-08-09T02:02:01.384+0000] {processor.py:161} INFO - Started process (PID=3144) to work on /home/airflow/.local/lib/python3.12/site-packages/airflow/example_dags/example_bash_operator.py
[2024-08-09T02:02:01.388+0000] {processor.py:830} INFO - Processing file /home/airflow/.local/lib/python3.12/site-packages/airflow/example_dags/example_bash_operator.py for tasks to queue
[2024-08-09T02:02:01.394+0000] {logging_mixin.py:188} INFO - [2024-08-09T02:02:01.392+0000] {dagbag.py:545} INFO - Filling up the DagBag from /home/airflow/.local/lib/python3.12/site-packages/airflow/example_dags/example_bash_operator.py
[2024-08-09T02:02:01.422+0000] {processor.py:840} INFO - DAG(s) 'example_bash_operator' retrieved from /home/airflow/.local/lib/python3.12/site-packages/airflow/example_dags/example_bash_operator.py
[2024-08-09T02:02:01.506+0000] {logging_mixin.py:188} INFO - [2024-08-09T02:02:01.506+0000] {dag.py:3089} INFO - Sync 1 DAGs
[2024-08-09T02:02:01.573+0000] {logging_mixin.py:188} INFO - [2024-08-09T02:02:01.572+0000] {dag.py:3947} INFO - Setting next_dagrun for example_bash_operator to 2024-08-08 00:00:00+00:00, run_after=2024-08-09 00:00:00+00:00
[2024-08-09T02:02:01.639+0000] {processor.py:183} INFO - Processing /home/airflow/.local/lib/python3.12/site-packages/airflow/example_dags/example_bash_operator.py took 0.278 seconds
[2024-08-09T02:02:31.711+0000] {processor.py:161} INFO - Started process (PID=3202) to work on /home/airflow/.local/lib/python3.12/site-packages/airflow/example_dags/example_bash_operator.py
[2024-08-09T02:02:31.714+0000] {processor.py:830} INFO - Processing file /home/airflow/.local/lib/python3.12/site-packages/airflow/example_dags/example_bash_operator.py for tasks to queue
[2024-08-09T02:02:31.719+0000] {logging_mixin.py:188} INFO - [2024-08-09T02:02:31.718+0000] {dagbag.py:545} INFO - Filling up the DagBag from /home/airflow/.local/lib/python3.12/site-packages/airflow/example_dags/example_bash_operator.py
[2024-08-09T02:02:31.743+0000] {processor.py:840} INFO - DAG(s) 'example_bash_operator' retrieved from /home/airflow/.local/lib/python3.12/site-packages/airflow/example_dags/example_bash_operator.py
[2024-08-09T02:02:31.796+0000] {logging_mixin.py:188} INFO - [2024-08-09T02:02:31.795+0000] {dag.py:3089} INFO - Sync 1 DAGs
[2024-08-09T02:02:31.836+0000] {logging_mixin.py:188} INFO - [2024-08-09T02:02:31.835+0000] {dag.py:3947} INFO - Setting next_dagrun for example_bash_operator to 2024-08-08 00:00:00+00:00, run_after=2024-08-09 00:00:00+00:00
[2024-08-09T02:02:31.872+0000] {processor.py:183} INFO - Processing /home/airflow/.local/lib/python3.12/site-packages/airflow/example_dags/example_bash_operator.py took 0.175 seconds
[2024-08-09T02:03:02.310+0000] {processor.py:161} INFO - Started process (PID=3260) to work on /home/airflow/.local/lib/python3.12/site-packages/airflow/example_dags/example_bash_operator.py
[2024-08-09T02:03:02.313+0000] {processor.py:830} INFO - Processing file /home/airflow/.local/lib/python3.12/site-packages/airflow/example_dags/example_bash_operator.py for tasks to queue
[2024-08-09T02:03:02.319+0000] {logging_mixin.py:188} INFO - [2024-08-09T02:03:02.318+0000] {dagbag.py:545} INFO - Filling up the DagBag from /home/airflow/.local/lib/python3.12/site-packages/airflow/example_dags/example_bash_operator.py
[2024-08-09T02:03:02.349+0000] {processor.py:840} INFO - DAG(s) 'example_bash_operator' retrieved from /home/airflow/.local/lib/python3.12/site-packages/airflow/example_dags/example_bash_operator.py
[2024-08-09T02:03:02.414+0000] {logging_mixin.py:188} INFO - [2024-08-09T02:03:02.413+0000] {dag.py:3089} INFO - Sync 1 DAGs
[2024-08-09T02:03:02.465+0000] {logging_mixin.py:188} INFO - [2024-08-09T02:03:02.464+0000] {dag.py:3947} INFO - Setting next_dagrun for example_bash_operator to 2024-08-08 00:00:00+00:00, run_after=2024-08-09 00:00:00+00:00
[2024-08-09T02:03:02.504+0000] {processor.py:183} INFO - Processing /home/airflow/.local/lib/python3.12/site-packages/airflow/example_dags/example_bash_operator.py took 0.210 seconds
[2024-08-09T02:03:33.269+0000] {processor.py:161} INFO - Started process (PID=3317) to work on /home/airflow/.local/lib/python3.12/site-packages/airflow/example_dags/example_bash_operator.py
[2024-08-09T02:03:33.275+0000] {processor.py:830} INFO - Processing file /home/airflow/.local/lib/python3.12/site-packages/airflow/example_dags/example_bash_operator.py for tasks to queue
[2024-08-09T02:03:33.284+0000] {logging_mixin.py:188} INFO - [2024-08-09T02:03:33.283+0000] {dagbag.py:545} INFO - Filling up the DagBag from /home/airflow/.local/lib/python3.12/site-packages/airflow/example_dags/example_bash_operator.py
[2024-08-09T02:03:33.318+0000] {processor.py:840} INFO - DAG(s) 'example_bash_operator' retrieved from /home/airflow/.local/lib/python3.12/site-packages/airflow/example_dags/example_bash_operator.py
[2024-08-09T02:03:33.407+0000] {logging_mixin.py:188} INFO - [2024-08-09T02:03:33.406+0000] {dag.py:3089} INFO - Sync 1 DAGs
[2024-08-09T02:03:33.478+0000] {logging_mixin.py:188} INFO - [2024-08-09T02:03:33.478+0000] {dag.py:3947} INFO - Setting next_dagrun for example_bash_operator to 2024-08-08 00:00:00+00:00, run_after=2024-08-09 00:00:00+00:00
[2024-08-09T02:03:33.527+0000] {processor.py:183} INFO - Processing /home/airflow/.local/lib/python3.12/site-packages/airflow/example_dags/example_bash_operator.py took 0.278 seconds
[2024-08-09T02:04:04.037+0000] {processor.py:161} INFO - Started process (PID=3375) to work on /home/airflow/.local/lib/python3.12/site-packages/airflow/example_dags/example_bash_operator.py
[2024-08-09T02:04:04.041+0000] {processor.py:830} INFO - Processing file /home/airflow/.local/lib/python3.12/site-packages/airflow/example_dags/example_bash_operator.py for tasks to queue
[2024-08-09T02:04:04.053+0000] {logging_mixin.py:188} INFO - [2024-08-09T02:04:04.050+0000] {dagbag.py:545} INFO - Filling up the DagBag from /home/airflow/.local/lib/python3.12/site-packages/airflow/example_dags/example_bash_operator.py
[2024-08-09T02:04:04.112+0000] {processor.py:840} INFO - DAG(s) 'example_bash_operator' retrieved from /home/airflow/.local/lib/python3.12/site-packages/airflow/example_dags/example_bash_operator.py
[2024-08-09T02:04:04.318+0000] {logging_mixin.py:188} INFO - [2024-08-09T02:04:04.317+0000] {dag.py:3089} INFO - Sync 1 DAGs
[2024-08-09T02:04:04.445+0000] {logging_mixin.py:188} INFO - [2024-08-09T02:04:04.439+0000] {dag.py:3947} INFO - Setting next_dagrun for example_bash_operator to 2024-08-08 00:00:00+00:00, run_after=2024-08-09 00:00:00+00:00
[2024-08-09T02:04:04.566+0000] {processor.py:183} INFO - Processing /home/airflow/.local/lib/python3.12/site-packages/airflow/example_dags/example_bash_operator.py took 0.566 seconds
[2024-08-09T02:04:34.688+0000] {processor.py:161} INFO - Started process (PID=3433) to work on /home/airflow/.local/lib/python3.12/site-packages/airflow/example_dags/example_bash_operator.py
[2024-08-09T02:04:34.691+0000] {processor.py:830} INFO - Processing file /home/airflow/.local/lib/python3.12/site-packages/airflow/example_dags/example_bash_operator.py for tasks to queue
[2024-08-09T02:04:34.696+0000] {logging_mixin.py:188} INFO - [2024-08-09T02:04:34.695+0000] {dagbag.py:545} INFO - Filling up the DagBag from /home/airflow/.local/lib/python3.12/site-packages/airflow/example_dags/example_bash_operator.py
[2024-08-09T02:04:34.724+0000] {processor.py:840} INFO - DAG(s) 'example_bash_operator' retrieved from /home/airflow/.local/lib/python3.12/site-packages/airflow/example_dags/example_bash_operator.py
[2024-08-09T02:04:34.783+0000] {logging_mixin.py:188} INFO - [2024-08-09T02:04:34.782+0000] {dag.py:3089} INFO - Sync 1 DAGs
[2024-08-09T02:04:34.826+0000] {logging_mixin.py:188} INFO - [2024-08-09T02:04:34.825+0000] {dag.py:3947} INFO - Setting next_dagrun for example_bash_operator to 2024-08-08 00:00:00+00:00, run_after=2024-08-09 00:00:00+00:00
[2024-08-09T02:04:34.864+0000] {processor.py:183} INFO - Processing /home/airflow/.local/lib/python3.12/site-packages/airflow/example_dags/example_bash_operator.py took 0.198 seconds
[2024-08-09T02:05:05.400+0000] {processor.py:161} INFO - Started process (PID=3491) to work on /home/airflow/.local/lib/python3.12/site-packages/airflow/example_dags/example_bash_operator.py
[2024-08-09T02:05:05.404+0000] {processor.py:830} INFO - Processing file /home/airflow/.local/lib/python3.12/site-packages/airflow/example_dags/example_bash_operator.py for tasks to queue
[2024-08-09T02:05:05.410+0000] {logging_mixin.py:188} INFO - [2024-08-09T02:05:05.409+0000] {dagbag.py:545} INFO - Filling up the DagBag from /home/airflow/.local/lib/python3.12/site-packages/airflow/example_dags/example_bash_operator.py
[2024-08-09T02:05:05.449+0000] {processor.py:840} INFO - DAG(s) 'example_bash_operator' retrieved from /home/airflow/.local/lib/python3.12/site-packages/airflow/example_dags/example_bash_operator.py
[2024-08-09T02:05:05.533+0000] {logging_mixin.py:188} INFO - [2024-08-09T02:05:05.532+0000] {dag.py:3089} INFO - Sync 1 DAGs
[2024-08-09T02:05:05.600+0000] {logging_mixin.py:188} INFO - [2024-08-09T02:05:05.599+0000] {dag.py:3947} INFO - Setting next_dagrun for example_bash_operator to 2024-08-08 00:00:00+00:00, run_after=2024-08-09 00:00:00+00:00
[2024-08-09T02:05:05.641+0000] {processor.py:183} INFO - Processing /home/airflow/.local/lib/python3.12/site-packages/airflow/example_dags/example_bash_operator.py took 0.260 seconds
[2024-08-09T02:05:36.803+0000] {processor.py:161} INFO - Started process (PID=3549) to work on /home/airflow/.local/lib/python3.12/site-packages/airflow/example_dags/example_bash_operator.py
[2024-08-09T02:05:36.810+0000] {processor.py:830} INFO - Processing file /home/airflow/.local/lib/python3.12/site-packages/airflow/example_dags/example_bash_operator.py for tasks to queue
[2024-08-09T02:05:36.826+0000] {logging_mixin.py:188} INFO - [2024-08-09T02:05:36.822+0000] {dagbag.py:545} INFO - Filling up the DagBag from /home/airflow/.local/lib/python3.12/site-packages/airflow/example_dags/example_bash_operator.py
[2024-08-09T02:05:36.908+0000] {processor.py:840} INFO - DAG(s) 'example_bash_operator' retrieved from /home/airflow/.local/lib/python3.12/site-packages/airflow/example_dags/example_bash_operator.py
[2024-08-09T02:05:37.065+0000] {logging_mixin.py:188} INFO - [2024-08-09T02:05:37.065+0000] {dag.py:3089} INFO - Sync 1 DAGs
[2024-08-09T02:05:37.136+0000] {logging_mixin.py:188} INFO - [2024-08-09T02:05:37.135+0000] {dag.py:3947} INFO - Setting next_dagrun for example_bash_operator to 2024-08-08 00:00:00+00:00, run_after=2024-08-09 00:00:00+00:00
[2024-08-09T02:05:37.213+0000] {processor.py:183} INFO - Processing /home/airflow/.local/lib/python3.12/site-packages/airflow/example_dags/example_bash_operator.py took 0.464 seconds
[2024-08-09T02:06:07.995+0000] {processor.py:161} INFO - Started process (PID=3607) to work on /home/airflow/.local/lib/python3.12/site-packages/airflow/example_dags/example_bash_operator.py
[2024-08-09T02:06:08.003+0000] {processor.py:830} INFO - Processing file /home/airflow/.local/lib/python3.12/site-packages/airflow/example_dags/example_bash_operator.py for tasks to queue
[2024-08-09T02:06:08.014+0000] {logging_mixin.py:188} INFO - [2024-08-09T02:06:08.012+0000] {dagbag.py:545} INFO - Filling up the DagBag from /home/airflow/.local/lib/python3.12/site-packages/airflow/example_dags/example_bash_operator.py
[2024-08-09T02:06:08.065+0000] {processor.py:840} INFO - DAG(s) 'example_bash_operator' retrieved from /home/airflow/.local/lib/python3.12/site-packages/airflow/example_dags/example_bash_operator.py
[2024-08-09T02:06:08.191+0000] {logging_mixin.py:188} INFO - [2024-08-09T02:06:08.190+0000] {dag.py:3089} INFO - Sync 1 DAGs
[2024-08-09T02:06:08.272+0000] {logging_mixin.py:188} INFO - [2024-08-09T02:06:08.272+0000] {dag.py:3947} INFO - Setting next_dagrun for example_bash_operator to 2024-08-08 00:00:00+00:00, run_after=2024-08-09 00:00:00+00:00
[2024-08-09T02:06:08.341+0000] {processor.py:183} INFO - Processing /home/airflow/.local/lib/python3.12/site-packages/airflow/example_dags/example_bash_operator.py took 0.387 seconds
[2024-08-09T02:06:38.602+0000] {processor.py:161} INFO - Started process (PID=3665) to work on /home/airflow/.local/lib/python3.12/site-packages/airflow/example_dags/example_bash_operator.py
[2024-08-09T02:06:38.606+0000] {processor.py:830} INFO - Processing file /home/airflow/.local/lib/python3.12/site-packages/airflow/example_dags/example_bash_operator.py for tasks to queue
[2024-08-09T02:06:38.615+0000] {logging_mixin.py:188} INFO - [2024-08-09T02:06:38.614+0000] {dagbag.py:545} INFO - Filling up the DagBag from /home/airflow/.local/lib/python3.12/site-packages/airflow/example_dags/example_bash_operator.py
[2024-08-09T02:06:38.650+0000] {processor.py:840} INFO - DAG(s) 'example_bash_operator' retrieved from /home/airflow/.local/lib/python3.12/site-packages/airflow/example_dags/example_bash_operator.py
[2024-08-09T02:06:38.727+0000] {logging_mixin.py:188} INFO - [2024-08-09T02:06:38.726+0000] {dag.py:3089} INFO - Sync 1 DAGs
[2024-08-09T02:06:38.793+0000] {logging_mixin.py:188} INFO - [2024-08-09T02:06:38.792+0000] {dag.py:3947} INFO - Setting next_dagrun for example_bash_operator to 2024-08-08 00:00:00+00:00, run_after=2024-08-09 00:00:00+00:00
[2024-08-09T02:06:38.847+0000] {processor.py:183} INFO - Processing /home/airflow/.local/lib/python3.12/site-packages/airflow/example_dags/example_bash_operator.py took 0.270 seconds
[2024-08-09T02:07:09.723+0000] {processor.py:161} INFO - Started process (PID=3722) to work on /home/airflow/.local/lib/python3.12/site-packages/airflow/example_dags/example_bash_operator.py
[2024-08-09T02:07:09.726+0000] {processor.py:830} INFO - Processing file /home/airflow/.local/lib/python3.12/site-packages/airflow/example_dags/example_bash_operator.py for tasks to queue
[2024-08-09T02:07:09.731+0000] {logging_mixin.py:188} INFO - [2024-08-09T02:07:09.730+0000] {dagbag.py:545} INFO - Filling up the DagBag from /home/airflow/.local/lib/python3.12/site-packages/airflow/example_dags/example_bash_operator.py
[2024-08-09T02:07:09.762+0000] {processor.py:840} INFO - DAG(s) 'example_bash_operator' retrieved from /home/airflow/.local/lib/python3.12/site-packages/airflow/example_dags/example_bash_operator.py
[2024-08-09T02:07:09.851+0000] {logging_mixin.py:188} INFO - [2024-08-09T02:07:09.850+0000] {dag.py:3089} INFO - Sync 1 DAGs
[2024-08-09T02:07:09.903+0000] {logging_mixin.py:188} INFO - [2024-08-09T02:07:09.902+0000] {dag.py:3947} INFO - Setting next_dagrun for example_bash_operator to 2024-08-08 00:00:00+00:00, run_after=2024-08-09 00:00:00+00:00
[2024-08-09T02:07:09.934+0000] {processor.py:183} INFO - Processing /home/airflow/.local/lib/python3.12/site-packages/airflow/example_dags/example_bash_operator.py took 0.231 seconds
[2024-08-09T02:07:40.121+0000] {processor.py:161} INFO - Started process (PID=3779) to work on /home/airflow/.local/lib/python3.12/site-packages/airflow/example_dags/example_bash_operator.py
[2024-08-09T02:07:40.123+0000] {processor.py:830} INFO - Processing file /home/airflow/.local/lib/python3.12/site-packages/airflow/example_dags/example_bash_operator.py for tasks to queue
[2024-08-09T02:07:40.128+0000] {logging_mixin.py:188} INFO - [2024-08-09T02:07:40.128+0000] {dagbag.py:545} INFO - Filling up the DagBag from /home/airflow/.local/lib/python3.12/site-packages/airflow/example_dags/example_bash_operator.py
[2024-08-09T02:07:40.156+0000] {processor.py:840} INFO - DAG(s) 'example_bash_operator' retrieved from /home/airflow/.local/lib/python3.12/site-packages/airflow/example_dags/example_bash_operator.py
[2024-08-09T02:07:40.211+0000] {logging_mixin.py:188} INFO - [2024-08-09T02:07:40.211+0000] {dag.py:3089} INFO - Sync 1 DAGs
[2024-08-09T02:07:40.247+0000] {logging_mixin.py:188} INFO - [2024-08-09T02:07:40.247+0000] {dag.py:3947} INFO - Setting next_dagrun for example_bash_operator to 2024-08-08 00:00:00+00:00, run_after=2024-08-09 00:00:00+00:00
[2024-08-09T02:07:40.278+0000] {processor.py:183} INFO - Processing /home/airflow/.local/lib/python3.12/site-packages/airflow/example_dags/example_bash_operator.py took 0.173 seconds
[2024-08-09T02:08:10.742+0000] {processor.py:161} INFO - Started process (PID=3837) to work on /home/airflow/.local/lib/python3.12/site-packages/airflow/example_dags/example_bash_operator.py
[2024-08-09T02:08:10.744+0000] {processor.py:830} INFO - Processing file /home/airflow/.local/lib/python3.12/site-packages/airflow/example_dags/example_bash_operator.py for tasks to queue
[2024-08-09T02:08:10.751+0000] {logging_mixin.py:188} INFO - [2024-08-09T02:08:10.750+0000] {dagbag.py:545} INFO - Filling up the DagBag from /home/airflow/.local/lib/python3.12/site-packages/airflow/example_dags/example_bash_operator.py
[2024-08-09T02:08:10.802+0000] {processor.py:840} INFO - DAG(s) 'example_bash_operator' retrieved from /home/airflow/.local/lib/python3.12/site-packages/airflow/example_dags/example_bash_operator.py
[2024-08-09T02:08:10.965+0000] {logging_mixin.py:188} INFO - [2024-08-09T02:08:10.964+0000] {dag.py:3089} INFO - Sync 1 DAGs
[2024-08-09T02:08:11.029+0000] {logging_mixin.py:188} INFO - [2024-08-09T02:08:11.029+0000] {dag.py:3947} INFO - Setting next_dagrun for example_bash_operator to 2024-08-08 00:00:00+00:00, run_after=2024-08-09 00:00:00+00:00
[2024-08-09T02:08:11.084+0000] {processor.py:183} INFO - Processing /home/airflow/.local/lib/python3.12/site-packages/airflow/example_dags/example_bash_operator.py took 0.363 seconds
[2024-08-09T02:08:41.661+0000] {processor.py:161} INFO - Started process (PID=3895) to work on /home/airflow/.local/lib/python3.12/site-packages/airflow/example_dags/example_bash_operator.py
[2024-08-09T02:08:41.664+0000] {processor.py:830} INFO - Processing file /home/airflow/.local/lib/python3.12/site-packages/airflow/example_dags/example_bash_operator.py for tasks to queue
[2024-08-09T02:08:41.671+0000] {logging_mixin.py:188} INFO - [2024-08-09T02:08:41.670+0000] {dagbag.py:545} INFO - Filling up the DagBag from /home/airflow/.local/lib/python3.12/site-packages/airflow/example_dags/example_bash_operator.py
[2024-08-09T02:08:41.729+0000] {processor.py:840} INFO - DAG(s) 'example_bash_operator' retrieved from /home/airflow/.local/lib/python3.12/site-packages/airflow/example_dags/example_bash_operator.py
[2024-08-09T02:08:41.816+0000] {logging_mixin.py:188} INFO - [2024-08-09T02:08:41.816+0000] {dag.py:3089} INFO - Sync 1 DAGs
[2024-08-09T02:08:41.863+0000] {logging_mixin.py:188} INFO - [2024-08-09T02:08:41.863+0000] {dag.py:3947} INFO - Setting next_dagrun for example_bash_operator to 2024-08-08 00:00:00+00:00, run_after=2024-08-09 00:00:00+00:00
[2024-08-09T02:08:41.900+0000] {processor.py:183} INFO - Processing /home/airflow/.local/lib/python3.12/site-packages/airflow/example_dags/example_bash_operator.py took 0.261 seconds
[2024-08-09T02:09:12.584+0000] {processor.py:161} INFO - Started process (PID=3953) to work on /home/airflow/.local/lib/python3.12/site-packages/airflow/example_dags/example_bash_operator.py
[2024-08-09T02:09:12.586+0000] {processor.py:830} INFO - Processing file /home/airflow/.local/lib/python3.12/site-packages/airflow/example_dags/example_bash_operator.py for tasks to queue
[2024-08-09T02:09:12.594+0000] {logging_mixin.py:188} INFO - [2024-08-09T02:09:12.591+0000] {dagbag.py:545} INFO - Filling up the DagBag from /home/airflow/.local/lib/python3.12/site-packages/airflow/example_dags/example_bash_operator.py
[2024-08-09T02:09:12.644+0000] {processor.py:840} INFO - DAG(s) 'example_bash_operator' retrieved from /home/airflow/.local/lib/python3.12/site-packages/airflow/example_dags/example_bash_operator.py
[2024-08-09T02:09:12.765+0000] {logging_mixin.py:188} INFO - [2024-08-09T02:09:12.764+0000] {dag.py:3089} INFO - Sync 1 DAGs
[2024-08-09T02:09:12.866+0000] {logging_mixin.py:188} INFO - [2024-08-09T02:09:12.864+0000] {dag.py:3947} INFO - Setting next_dagrun for example_bash_operator to 2024-08-08 00:00:00+00:00, run_after=2024-08-09 00:00:00+00:00
[2024-08-09T02:09:12.931+0000] {processor.py:183} INFO - Processing /home/airflow/.local/lib/python3.12/site-packages/airflow/example_dags/example_bash_operator.py took 0.366 seconds
[2024-08-09T02:09:43.421+0000] {processor.py:161} INFO - Started process (PID=4012) to work on /home/airflow/.local/lib/python3.12/site-packages/airflow/example_dags/example_bash_operator.py
[2024-08-09T02:09:43.425+0000] {processor.py:830} INFO - Processing file /home/airflow/.local/lib/python3.12/site-packages/airflow/example_dags/example_bash_operator.py for tasks to queue
[2024-08-09T02:09:43.431+0000] {logging_mixin.py:188} INFO - [2024-08-09T02:09:43.430+0000] {dagbag.py:545} INFO - Filling up the DagBag from /home/airflow/.local/lib/python3.12/site-packages/airflow/example_dags/example_bash_operator.py
[2024-08-09T02:09:43.476+0000] {processor.py:840} INFO - DAG(s) 'example_bash_operator' retrieved from /home/airflow/.local/lib/python3.12/site-packages/airflow/example_dags/example_bash_operator.py
[2024-08-09T02:09:43.595+0000] {logging_mixin.py:188} INFO - [2024-08-09T02:09:43.594+0000] {dag.py:3089} INFO - Sync 1 DAGs
[2024-08-09T02:09:43.707+0000] {logging_mixin.py:188} INFO - [2024-08-09T02:09:43.707+0000] {dag.py:3947} INFO - Setting next_dagrun for example_bash_operator to 2024-08-08 00:00:00+00:00, run_after=2024-08-09 00:00:00+00:00
[2024-08-09T02:09:43.776+0000] {processor.py:183} INFO - Processing /home/airflow/.local/lib/python3.12/site-packages/airflow/example_dags/example_bash_operator.py took 0.386 seconds
[2024-08-09T02:10:13.927+0000] {processor.py:161} INFO - Started process (PID=4067) to work on /home/airflow/.local/lib/python3.12/site-packages/airflow/example_dags/example_bash_operator.py
[2024-08-09T02:10:13.929+0000] {processor.py:830} INFO - Processing file /home/airflow/.local/lib/python3.12/site-packages/airflow/example_dags/example_bash_operator.py for tasks to queue
[2024-08-09T02:10:13.944+0000] {logging_mixin.py:188} INFO - [2024-08-09T02:10:13.939+0000] {dagbag.py:545} INFO - Filling up the DagBag from /home/airflow/.local/lib/python3.12/site-packages/airflow/example_dags/example_bash_operator.py
[2024-08-09T02:10:13.972+0000] {processor.py:840} INFO - DAG(s) 'example_bash_operator' retrieved from /home/airflow/.local/lib/python3.12/site-packages/airflow/example_dags/example_bash_operator.py
[2024-08-09T02:10:14.037+0000] {logging_mixin.py:188} INFO - [2024-08-09T02:10:14.037+0000] {dag.py:3089} INFO - Sync 1 DAGs
[2024-08-09T02:10:14.077+0000] {logging_mixin.py:188} INFO - [2024-08-09T02:10:14.077+0000] {dag.py:3947} INFO - Setting next_dagrun for example_bash_operator to 2024-08-08 00:00:00+00:00, run_after=2024-08-09 00:00:00+00:00
[2024-08-09T02:10:14.115+0000] {processor.py:183} INFO - Processing /home/airflow/.local/lib/python3.12/site-packages/airflow/example_dags/example_bash_operator.py took 0.206 seconds
[2024-08-09T02:10:44.679+0000] {processor.py:161} INFO - Started process (PID=4124) to work on /home/airflow/.local/lib/python3.12/site-packages/airflow/example_dags/example_bash_operator.py
[2024-08-09T02:10:44.684+0000] {processor.py:830} INFO - Processing file /home/airflow/.local/lib/python3.12/site-packages/airflow/example_dags/example_bash_operator.py for tasks to queue
[2024-08-09T02:10:44.689+0000] {logging_mixin.py:188} INFO - [2024-08-09T02:10:44.688+0000] {dagbag.py:545} INFO - Filling up the DagBag from /home/airflow/.local/lib/python3.12/site-packages/airflow/example_dags/example_bash_operator.py
[2024-08-09T02:10:44.718+0000] {processor.py:840} INFO - DAG(s) 'example_bash_operator' retrieved from /home/airflow/.local/lib/python3.12/site-packages/airflow/example_dags/example_bash_operator.py
[2024-08-09T02:10:44.784+0000] {logging_mixin.py:188} INFO - [2024-08-09T02:10:44.784+0000] {dag.py:3089} INFO - Sync 1 DAGs
[2024-08-09T02:10:44.845+0000] {logging_mixin.py:188} INFO - [2024-08-09T02:10:44.845+0000] {dag.py:3947} INFO - Setting next_dagrun for example_bash_operator to 2024-08-08 00:00:00+00:00, run_after=2024-08-09 00:00:00+00:00
[2024-08-09T02:10:44.893+0000] {processor.py:183} INFO - Processing /home/airflow/.local/lib/python3.12/site-packages/airflow/example_dags/example_bash_operator.py took 0.247 seconds
[2024-08-09T02:11:15.452+0000] {processor.py:161} INFO - Started process (PID=4182) to work on /home/airflow/.local/lib/python3.12/site-packages/airflow/example_dags/example_bash_operator.py
[2024-08-09T02:11:15.455+0000] {processor.py:830} INFO - Processing file /home/airflow/.local/lib/python3.12/site-packages/airflow/example_dags/example_bash_operator.py for tasks to queue
[2024-08-09T02:11:15.460+0000] {logging_mixin.py:188} INFO - [2024-08-09T02:11:15.459+0000] {dagbag.py:545} INFO - Filling up the DagBag from /home/airflow/.local/lib/python3.12/site-packages/airflow/example_dags/example_bash_operator.py
[2024-08-09T02:11:15.493+0000] {processor.py:840} INFO - DAG(s) 'example_bash_operator' retrieved from /home/airflow/.local/lib/python3.12/site-packages/airflow/example_dags/example_bash_operator.py
[2024-08-09T02:11:15.606+0000] {logging_mixin.py:188} INFO - [2024-08-09T02:11:15.604+0000] {dag.py:3089} INFO - Sync 1 DAGs
[2024-08-09T02:11:15.693+0000] {logging_mixin.py:188} INFO - [2024-08-09T02:11:15.692+0000] {dag.py:3947} INFO - Setting next_dagrun for example_bash_operator to 2024-08-08 00:00:00+00:00, run_after=2024-08-09 00:00:00+00:00
[2024-08-09T02:11:15.779+0000] {processor.py:183} INFO - Processing /home/airflow/.local/lib/python3.12/site-packages/airflow/example_dags/example_bash_operator.py took 0.346 seconds
[2024-08-09T02:11:45.936+0000] {processor.py:161} INFO - Started process (PID=4240) to work on /home/airflow/.local/lib/python3.12/site-packages/airflow/example_dags/example_bash_operator.py
[2024-08-09T02:11:45.940+0000] {processor.py:830} INFO - Processing file /home/airflow/.local/lib/python3.12/site-packages/airflow/example_dags/example_bash_operator.py for tasks to queue
[2024-08-09T02:11:45.946+0000] {logging_mixin.py:188} INFO - [2024-08-09T02:11:45.944+0000] {dagbag.py:545} INFO - Filling up the DagBag from /home/airflow/.local/lib/python3.12/site-packages/airflow/example_dags/example_bash_operator.py
[2024-08-09T02:11:45.974+0000] {processor.py:840} INFO - DAG(s) 'example_bash_operator' retrieved from /home/airflow/.local/lib/python3.12/site-packages/airflow/example_dags/example_bash_operator.py
[2024-08-09T02:11:46.041+0000] {logging_mixin.py:188} INFO - [2024-08-09T02:11:46.041+0000] {dag.py:3089} INFO - Sync 1 DAGs
[2024-08-09T02:11:46.095+0000] {logging_mixin.py:188} INFO - [2024-08-09T02:11:46.095+0000] {dag.py:3947} INFO - Setting next_dagrun for example_bash_operator to 2024-08-08 00:00:00+00:00, run_after=2024-08-09 00:00:00+00:00
[2024-08-09T02:11:46.132+0000] {processor.py:183} INFO - Processing /home/airflow/.local/lib/python3.12/site-packages/airflow/example_dags/example_bash_operator.py took 0.213 seconds
[2024-08-09T02:12:16.679+0000] {processor.py:161} INFO - Started process (PID=4298) to work on /home/airflow/.local/lib/python3.12/site-packages/airflow/example_dags/example_bash_operator.py
[2024-08-09T02:12:16.681+0000] {processor.py:830} INFO - Processing file /home/airflow/.local/lib/python3.12/site-packages/airflow/example_dags/example_bash_operator.py for tasks to queue
[2024-08-09T02:12:16.686+0000] {logging_mixin.py:188} INFO - [2024-08-09T02:12:16.685+0000] {dagbag.py:545} INFO - Filling up the DagBag from /home/airflow/.local/lib/python3.12/site-packages/airflow/example_dags/example_bash_operator.py
[2024-08-09T02:12:16.713+0000] {processor.py:840} INFO - DAG(s) 'example_bash_operator' retrieved from /home/airflow/.local/lib/python3.12/site-packages/airflow/example_dags/example_bash_operator.py
[2024-08-09T02:12:16.779+0000] {logging_mixin.py:188} INFO - [2024-08-09T02:12:16.779+0000] {dag.py:3089} INFO - Sync 1 DAGs
[2024-08-09T02:12:16.830+0000] {logging_mixin.py:188} INFO - [2024-08-09T02:12:16.830+0000] {dag.py:3947} INFO - Setting next_dagrun for example_bash_operator to 2024-08-08 00:00:00+00:00, run_after=2024-08-09 00:00:00+00:00
[2024-08-09T02:12:16.872+0000] {processor.py:183} INFO - Processing /home/airflow/.local/lib/python3.12/site-packages/airflow/example_dags/example_bash_operator.py took 0.209 seconds
[2024-08-09T02:12:46.953+0000] {processor.py:161} INFO - Started process (PID=4356) to work on /home/airflow/.local/lib/python3.12/site-packages/airflow/example_dags/example_bash_operator.py
[2024-08-09T02:12:46.957+0000] {processor.py:830} INFO - Processing file /home/airflow/.local/lib/python3.12/site-packages/airflow/example_dags/example_bash_operator.py for tasks to queue
[2024-08-09T02:12:46.964+0000] {logging_mixin.py:188} INFO - [2024-08-09T02:12:46.963+0000] {dagbag.py:545} INFO - Filling up the DagBag from /home/airflow/.local/lib/python3.12/site-packages/airflow/example_dags/example_bash_operator.py
[2024-08-09T02:12:46.997+0000] {processor.py:840} INFO - DAG(s) 'example_bash_operator' retrieved from /home/airflow/.local/lib/python3.12/site-packages/airflow/example_dags/example_bash_operator.py
[2024-08-09T02:12:47.096+0000] {logging_mixin.py:188} INFO - [2024-08-09T02:12:47.095+0000] {dag.py:3089} INFO - Sync 1 DAGs
[2024-08-09T02:12:47.163+0000] {logging_mixin.py:188} INFO - [2024-08-09T02:12:47.163+0000] {dag.py:3947} INFO - Setting next_dagrun for example_bash_operator to 2024-08-08 00:00:00+00:00, run_after=2024-08-09 00:00:00+00:00
[2024-08-09T02:12:47.208+0000] {processor.py:183} INFO - Processing /home/airflow/.local/lib/python3.12/site-packages/airflow/example_dags/example_bash_operator.py took 0.273 seconds
[2024-08-09T02:13:17.331+0000] {processor.py:161} INFO - Started process (PID=4413) to work on /home/airflow/.local/lib/python3.12/site-packages/airflow/example_dags/example_bash_operator.py
[2024-08-09T02:13:17.333+0000] {processor.py:830} INFO - Processing file /home/airflow/.local/lib/python3.12/site-packages/airflow/example_dags/example_bash_operator.py for tasks to queue
[2024-08-09T02:13:17.339+0000] {logging_mixin.py:188} INFO - [2024-08-09T02:13:17.337+0000] {dagbag.py:545} INFO - Filling up the DagBag from /home/airflow/.local/lib/python3.12/site-packages/airflow/example_dags/example_bash_operator.py
[2024-08-09T02:13:17.366+0000] {processor.py:840} INFO - DAG(s) 'example_bash_operator' retrieved from /home/airflow/.local/lib/python3.12/site-packages/airflow/example_dags/example_bash_operator.py
[2024-08-09T02:13:17.437+0000] {logging_mixin.py:188} INFO - [2024-08-09T02:13:17.437+0000] {dag.py:3089} INFO - Sync 1 DAGs
[2024-08-09T02:13:17.487+0000] {logging_mixin.py:188} INFO - [2024-08-09T02:13:17.486+0000] {dag.py:3947} INFO - Setting next_dagrun for example_bash_operator to 2024-08-08 00:00:00+00:00, run_after=2024-08-09 00:00:00+00:00
[2024-08-09T02:13:17.533+0000] {processor.py:183} INFO - Processing /home/airflow/.local/lib/python3.12/site-packages/airflow/example_dags/example_bash_operator.py took 0.217 seconds
[2024-08-09T02:13:48.059+0000] {processor.py:161} INFO - Started process (PID=4471) to work on /home/airflow/.local/lib/python3.12/site-packages/airflow/example_dags/example_bash_operator.py
[2024-08-09T02:13:48.062+0000] {processor.py:830} INFO - Processing file /home/airflow/.local/lib/python3.12/site-packages/airflow/example_dags/example_bash_operator.py for tasks to queue
[2024-08-09T02:13:48.071+0000] {logging_mixin.py:188} INFO - [2024-08-09T02:13:48.070+0000] {dagbag.py:545} INFO - Filling up the DagBag from /home/airflow/.local/lib/python3.12/site-packages/airflow/example_dags/example_bash_operator.py
[2024-08-09T02:13:48.128+0000] {processor.py:840} INFO - DAG(s) 'example_bash_operator' retrieved from /home/airflow/.local/lib/python3.12/site-packages/airflow/example_dags/example_bash_operator.py
[2024-08-09T02:13:48.236+0000] {logging_mixin.py:188} INFO - [2024-08-09T02:13:48.236+0000] {dag.py:3089} INFO - Sync 1 DAGs
[2024-08-09T02:13:48.292+0000] {logging_mixin.py:188} INFO - [2024-08-09T02:13:48.292+0000] {dag.py:3947} INFO - Setting next_dagrun for example_bash_operator to 2024-08-08 00:00:00+00:00, run_after=2024-08-09 00:00:00+00:00
[2024-08-09T02:13:48.353+0000] {processor.py:183} INFO - Processing /home/airflow/.local/lib/python3.12/site-packages/airflow/example_dags/example_bash_operator.py took 0.322 seconds
[2024-08-09T02:14:18.622+0000] {processor.py:161} INFO - Started process (PID=4529) to work on /home/airflow/.local/lib/python3.12/site-packages/airflow/example_dags/example_bash_operator.py
[2024-08-09T02:14:18.625+0000] {processor.py:830} INFO - Processing file /home/airflow/.local/lib/python3.12/site-packages/airflow/example_dags/example_bash_operator.py for tasks to queue
[2024-08-09T02:14:18.636+0000] {logging_mixin.py:188} INFO - [2024-08-09T02:14:18.635+0000] {dagbag.py:545} INFO - Filling up the DagBag from /home/airflow/.local/lib/python3.12/site-packages/airflow/example_dags/example_bash_operator.py
[2024-08-09T02:14:18.683+0000] {processor.py:840} INFO - DAG(s) 'example_bash_operator' retrieved from /home/airflow/.local/lib/python3.12/site-packages/airflow/example_dags/example_bash_operator.py
[2024-08-09T02:14:18.854+0000] {logging_mixin.py:188} INFO - [2024-08-09T02:14:18.854+0000] {dag.py:3089} INFO - Sync 1 DAGs
[2024-08-09T02:14:19.068+0000] {logging_mixin.py:188} INFO - [2024-08-09T02:14:19.067+0000] {dag.py:3947} INFO - Setting next_dagrun for example_bash_operator to 2024-08-08 00:00:00+00:00, run_after=2024-08-09 00:00:00+00:00
[2024-08-09T02:14:19.221+0000] {processor.py:183} INFO - Processing /home/airflow/.local/lib/python3.12/site-packages/airflow/example_dags/example_bash_operator.py took 0.619 seconds
[2024-08-09T02:14:49.888+0000] {processor.py:161} INFO - Started process (PID=4587) to work on /home/airflow/.local/lib/python3.12/site-packages/airflow/example_dags/example_bash_operator.py
[2024-08-09T02:14:49.893+0000] {processor.py:830} INFO - Processing file /home/airflow/.local/lib/python3.12/site-packages/airflow/example_dags/example_bash_operator.py for tasks to queue
[2024-08-09T02:14:49.904+0000] {logging_mixin.py:188} INFO - [2024-08-09T02:14:49.903+0000] {dagbag.py:545} INFO - Filling up the DagBag from /home/airflow/.local/lib/python3.12/site-packages/airflow/example_dags/example_bash_operator.py
[2024-08-09T02:14:49.967+0000] {processor.py:840} INFO - DAG(s) 'example_bash_operator' retrieved from /home/airflow/.local/lib/python3.12/site-packages/airflow/example_dags/example_bash_operator.py
[2024-08-09T02:14:50.067+0000] {logging_mixin.py:188} INFO - [2024-08-09T02:14:50.063+0000] {dag.py:3089} INFO - Sync 1 DAGs
[2024-08-09T02:14:50.163+0000] {logging_mixin.py:188} INFO - [2024-08-09T02:14:50.162+0000] {dag.py:3947} INFO - Setting next_dagrun for example_bash_operator to 2024-08-08 00:00:00+00:00, run_after=2024-08-09 00:00:00+00:00
[2024-08-09T02:14:50.285+0000] {processor.py:183} INFO - Processing /home/airflow/.local/lib/python3.12/site-packages/airflow/example_dags/example_bash_operator.py took 0.425 seconds
[2024-08-09T02:15:20.665+0000] {processor.py:161} INFO - Started process (PID=4645) to work on /home/airflow/.local/lib/python3.12/site-packages/airflow/example_dags/example_bash_operator.py
[2024-08-09T02:15:20.668+0000] {processor.py:830} INFO - Processing file /home/airflow/.local/lib/python3.12/site-packages/airflow/example_dags/example_bash_operator.py for tasks to queue
[2024-08-09T02:15:20.673+0000] {logging_mixin.py:188} INFO - [2024-08-09T02:15:20.672+0000] {dagbag.py:545} INFO - Filling up the DagBag from /home/airflow/.local/lib/python3.12/site-packages/airflow/example_dags/example_bash_operator.py
[2024-08-09T02:15:20.700+0000] {processor.py:840} INFO - DAG(s) 'example_bash_operator' retrieved from /home/airflow/.local/lib/python3.12/site-packages/airflow/example_dags/example_bash_operator.py
[2024-08-09T02:15:20.779+0000] {logging_mixin.py:188} INFO - [2024-08-09T02:15:20.779+0000] {dag.py:3089} INFO - Sync 1 DAGs
[2024-08-09T02:15:20.820+0000] {logging_mixin.py:188} INFO - [2024-08-09T02:15:20.820+0000] {dag.py:3947} INFO - Setting next_dagrun for example_bash_operator to 2024-08-08 00:00:00+00:00, run_after=2024-08-09 00:00:00+00:00
[2024-08-09T02:15:20.852+0000] {processor.py:183} INFO - Processing /home/airflow/.local/lib/python3.12/site-packages/airflow/example_dags/example_bash_operator.py took 0.202 seconds
[2024-08-09T02:15:51.461+0000] {processor.py:161} INFO - Started process (PID=4703) to work on /home/airflow/.local/lib/python3.12/site-packages/airflow/example_dags/example_bash_operator.py
[2024-08-09T02:15:51.465+0000] {processor.py:830} INFO - Processing file /home/airflow/.local/lib/python3.12/site-packages/airflow/example_dags/example_bash_operator.py for tasks to queue
[2024-08-09T02:15:51.472+0000] {logging_mixin.py:188} INFO - [2024-08-09T02:15:51.472+0000] {dagbag.py:545} INFO - Filling up the DagBag from /home/airflow/.local/lib/python3.12/site-packages/airflow/example_dags/example_bash_operator.py
[2024-08-09T02:15:51.501+0000] {processor.py:840} INFO - DAG(s) 'example_bash_operator' retrieved from /home/airflow/.local/lib/python3.12/site-packages/airflow/example_dags/example_bash_operator.py
[2024-08-09T02:15:51.559+0000] {logging_mixin.py:188} INFO - [2024-08-09T02:15:51.559+0000] {dag.py:3089} INFO - Sync 1 DAGs
[2024-08-09T02:15:51.599+0000] {logging_mixin.py:188} INFO - [2024-08-09T02:15:51.599+0000] {dag.py:3947} INFO - Setting next_dagrun for example_bash_operator to 2024-08-08 00:00:00+00:00, run_after=2024-08-09 00:00:00+00:00
[2024-08-09T02:15:51.628+0000] {processor.py:183} INFO - Processing /home/airflow/.local/lib/python3.12/site-packages/airflow/example_dags/example_bash_operator.py took 0.184 seconds
