[2024-08-09T01:42:33.692+0000] {processor.py:161} INFO - Started process (PID=1006) to work on /home/airflow/.local/lib/python3.12/site-packages/airflow/example_dags/example_branch_operator.py
[2024-08-09T01:42:33.695+0000] {processor.py:830} INFO - Processing file /home/airflow/.local/lib/python3.12/site-packages/airflow/example_dags/example_branch_operator.py for tasks to queue
[2024-08-09T01:42:33.700+0000] {logging_mixin.py:188} INFO - [2024-08-09T01:42:33.699+0000] {dagbag.py:545} INFO - Filling up the DagBag from /home/airflow/.local/lib/python3.12/site-packages/airflow/example_dags/example_branch_operator.py
[2024-08-09T01:42:33.758+0000] {processor.py:840} INFO - DAG(s) 'example_branch_operator' retrieved from /home/airflow/.local/lib/python3.12/site-packages/airflow/example_dags/example_branch_operator.py
[2024-08-09T01:42:33.879+0000] {logging_mixin.py:188} INFO - [2024-08-09T01:42:33.879+0000] {dag.py:3089} INFO - Sync 1 DAGs
[2024-08-09T01:42:33.965+0000] {logging_mixin.py:188} INFO - [2024-08-09T01:42:33.965+0000] {dag.py:3947} INFO - Setting next_dagrun for example_branch_operator to 2024-08-08 00:00:00+00:00, run_after=2024-08-09 00:00:00+00:00
[2024-08-09T01:42:34.050+0000] {processor.py:183} INFO - Processing /home/airflow/.local/lib/python3.12/site-packages/airflow/example_dags/example_branch_operator.py took 0.372 seconds
[2024-08-09T01:43:04.704+0000] {processor.py:161} INFO - Started process (PID=1065) to work on /home/airflow/.local/lib/python3.12/site-packages/airflow/example_dags/example_branch_operator.py
[2024-08-09T01:43:04.711+0000] {processor.py:830} INFO - Processing file /home/airflow/.local/lib/python3.12/site-packages/airflow/example_dags/example_branch_operator.py for tasks to queue
[2024-08-09T01:43:04.718+0000] {logging_mixin.py:188} INFO - [2024-08-09T01:43:04.716+0000] {dagbag.py:545} INFO - Filling up the DagBag from /home/airflow/.local/lib/python3.12/site-packages/airflow/example_dags/example_branch_operator.py
[2024-08-09T01:43:04.760+0000] {processor.py:840} INFO - DAG(s) 'example_branch_operator' retrieved from /home/airflow/.local/lib/python3.12/site-packages/airflow/example_dags/example_branch_operator.py
[2024-08-09T01:43:04.827+0000] {logging_mixin.py:188} INFO - [2024-08-09T01:43:04.827+0000] {dag.py:3089} INFO - Sync 1 DAGs
[2024-08-09T01:43:04.890+0000] {logging_mixin.py:188} INFO - [2024-08-09T01:43:04.889+0000] {dag.py:3947} INFO - Setting next_dagrun for example_branch_operator to 2024-08-08 00:00:00+00:00, run_after=2024-08-09 00:00:00+00:00
[2024-08-09T01:43:04.930+0000] {processor.py:183} INFO - Processing /home/airflow/.local/lib/python3.12/site-packages/airflow/example_dags/example_branch_operator.py took 0.243 seconds
[2024-08-09T01:43:36.876+0000] {processor.py:161} INFO - Started process (PID=1123) to work on /home/airflow/.local/lib/python3.12/site-packages/airflow/example_dags/example_branch_operator.py
[2024-08-09T01:43:36.879+0000] {processor.py:830} INFO - Processing file /home/airflow/.local/lib/python3.12/site-packages/airflow/example_dags/example_branch_operator.py for tasks to queue
[2024-08-09T01:43:36.885+0000] {logging_mixin.py:188} INFO - [2024-08-09T01:43:36.884+0000] {dagbag.py:545} INFO - Filling up the DagBag from /home/airflow/.local/lib/python3.12/site-packages/airflow/example_dags/example_branch_operator.py
[2024-08-09T01:43:36.950+0000] {processor.py:840} INFO - DAG(s) 'example_branch_operator' retrieved from /home/airflow/.local/lib/python3.12/site-packages/airflow/example_dags/example_branch_operator.py
[2024-08-09T01:43:37.035+0000] {logging_mixin.py:188} INFO - [2024-08-09T01:43:37.035+0000] {dag.py:3089} INFO - Sync 1 DAGs
[2024-08-09T01:43:37.091+0000] {logging_mixin.py:188} INFO - [2024-08-09T01:43:37.091+0000] {dag.py:3947} INFO - Setting next_dagrun for example_branch_operator to 2024-08-08 00:00:00+00:00, run_after=2024-08-09 00:00:00+00:00
[2024-08-09T01:43:37.139+0000] {processor.py:183} INFO - Processing /home/airflow/.local/lib/python3.12/site-packages/airflow/example_dags/example_branch_operator.py took 0.282 seconds
[2024-08-09T01:44:09.611+0000] {processor.py:161} INFO - Started process (PID=1181) to work on /home/airflow/.local/lib/python3.12/site-packages/airflow/example_dags/example_branch_operator.py
[2024-08-09T01:44:09.614+0000] {processor.py:830} INFO - Processing file /home/airflow/.local/lib/python3.12/site-packages/airflow/example_dags/example_branch_operator.py for tasks to queue
[2024-08-09T01:44:09.628+0000] {logging_mixin.py:188} INFO - [2024-08-09T01:44:09.626+0000] {dagbag.py:545} INFO - Filling up the DagBag from /home/airflow/.local/lib/python3.12/site-packages/airflow/example_dags/example_branch_operator.py
[2024-08-09T01:44:09.688+0000] {processor.py:840} INFO - DAG(s) 'example_branch_operator' retrieved from /home/airflow/.local/lib/python3.12/site-packages/airflow/example_dags/example_branch_operator.py
[2024-08-09T01:44:09.834+0000] {logging_mixin.py:188} INFO - [2024-08-09T01:44:09.834+0000] {dag.py:3089} INFO - Sync 1 DAGs
[2024-08-09T01:44:09.914+0000] {logging_mixin.py:188} INFO - [2024-08-09T01:44:09.913+0000] {dag.py:3947} INFO - Setting next_dagrun for example_branch_operator to 2024-08-08 00:00:00+00:00, run_after=2024-08-09 00:00:00+00:00
[2024-08-09T01:44:10.016+0000] {processor.py:183} INFO - Processing /home/airflow/.local/lib/python3.12/site-packages/airflow/example_dags/example_branch_operator.py took 0.422 seconds
[2024-08-09T01:44:40.437+0000] {processor.py:161} INFO - Started process (PID=1239) to work on /home/airflow/.local/lib/python3.12/site-packages/airflow/example_dags/example_branch_operator.py
[2024-08-09T01:44:40.440+0000] {processor.py:830} INFO - Processing file /home/airflow/.local/lib/python3.12/site-packages/airflow/example_dags/example_branch_operator.py for tasks to queue
[2024-08-09T01:44:40.446+0000] {logging_mixin.py:188} INFO - [2024-08-09T01:44:40.445+0000] {dagbag.py:545} INFO - Filling up the DagBag from /home/airflow/.local/lib/python3.12/site-packages/airflow/example_dags/example_branch_operator.py
[2024-08-09T01:44:40.483+0000] {processor.py:840} INFO - DAG(s) 'example_branch_operator' retrieved from /home/airflow/.local/lib/python3.12/site-packages/airflow/example_dags/example_branch_operator.py
[2024-08-09T01:44:40.566+0000] {logging_mixin.py:188} INFO - [2024-08-09T01:44:40.565+0000] {dag.py:3089} INFO - Sync 1 DAGs
[2024-08-09T01:44:40.631+0000] {logging_mixin.py:188} INFO - [2024-08-09T01:44:40.630+0000] {dag.py:3947} INFO - Setting next_dagrun for example_branch_operator to 2024-08-08 00:00:00+00:00, run_after=2024-08-09 00:00:00+00:00
[2024-08-09T01:44:40.680+0000] {processor.py:183} INFO - Processing /home/airflow/.local/lib/python3.12/site-packages/airflow/example_dags/example_branch_operator.py took 0.264 seconds
[2024-08-09T01:45:10.848+0000] {processor.py:161} INFO - Started process (PID=1296) to work on /home/airflow/.local/lib/python3.12/site-packages/airflow/example_dags/example_branch_operator.py
[2024-08-09T01:45:10.851+0000] {processor.py:830} INFO - Processing file /home/airflow/.local/lib/python3.12/site-packages/airflow/example_dags/example_branch_operator.py for tasks to queue
[2024-08-09T01:45:10.863+0000] {logging_mixin.py:188} INFO - [2024-08-09T01:45:10.860+0000] {dagbag.py:545} INFO - Filling up the DagBag from /home/airflow/.local/lib/python3.12/site-packages/airflow/example_dags/example_branch_operator.py
[2024-08-09T01:45:10.913+0000] {processor.py:840} INFO - DAG(s) 'example_branch_operator' retrieved from /home/airflow/.local/lib/python3.12/site-packages/airflow/example_dags/example_branch_operator.py
[2024-08-09T01:45:11.027+0000] {logging_mixin.py:188} INFO - [2024-08-09T01:45:11.027+0000] {dag.py:3089} INFO - Sync 1 DAGs
[2024-08-09T01:45:11.081+0000] {logging_mixin.py:188} INFO - [2024-08-09T01:45:11.081+0000] {dag.py:3947} INFO - Setting next_dagrun for example_branch_operator to 2024-08-08 00:00:00+00:00, run_after=2024-08-09 00:00:00+00:00
[2024-08-09T01:45:11.123+0000] {processor.py:183} INFO - Processing /home/airflow/.local/lib/python3.12/site-packages/airflow/example_dags/example_branch_operator.py took 0.316 seconds
[2024-08-09T01:45:41.922+0000] {processor.py:161} INFO - Started process (PID=1353) to work on /home/airflow/.local/lib/python3.12/site-packages/airflow/example_dags/example_branch_operator.py
[2024-08-09T01:45:41.925+0000] {processor.py:830} INFO - Processing file /home/airflow/.local/lib/python3.12/site-packages/airflow/example_dags/example_branch_operator.py for tasks to queue
[2024-08-09T01:45:41.930+0000] {logging_mixin.py:188} INFO - [2024-08-09T01:45:41.929+0000] {dagbag.py:545} INFO - Filling up the DagBag from /home/airflow/.local/lib/python3.12/site-packages/airflow/example_dags/example_branch_operator.py
[2024-08-09T01:45:41.966+0000] {processor.py:840} INFO - DAG(s) 'example_branch_operator' retrieved from /home/airflow/.local/lib/python3.12/site-packages/airflow/example_dags/example_branch_operator.py
[2024-08-09T01:45:42.021+0000] {logging_mixin.py:188} INFO - [2024-08-09T01:45:42.020+0000] {dag.py:3089} INFO - Sync 1 DAGs
[2024-08-09T01:45:42.072+0000] {logging_mixin.py:188} INFO - [2024-08-09T01:45:42.071+0000] {dag.py:3947} INFO - Setting next_dagrun for example_branch_operator to 2024-08-08 00:00:00+00:00, run_after=2024-08-09 00:00:00+00:00
[2024-08-09T01:45:42.106+0000] {processor.py:183} INFO - Processing /home/airflow/.local/lib/python3.12/site-packages/airflow/example_dags/example_branch_operator.py took 0.199 seconds
[2024-08-09T01:46:12.880+0000] {processor.py:161} INFO - Started process (PID=1411) to work on /home/airflow/.local/lib/python3.12/site-packages/airflow/example_dags/example_branch_operator.py
[2024-08-09T01:46:12.882+0000] {processor.py:830} INFO - Processing file /home/airflow/.local/lib/python3.12/site-packages/airflow/example_dags/example_branch_operator.py for tasks to queue
[2024-08-09T01:46:12.891+0000] {logging_mixin.py:188} INFO - [2024-08-09T01:46:12.889+0000] {dagbag.py:545} INFO - Filling up the DagBag from /home/airflow/.local/lib/python3.12/site-packages/airflow/example_dags/example_branch_operator.py
[2024-08-09T01:46:12.936+0000] {processor.py:840} INFO - DAG(s) 'example_branch_operator' retrieved from /home/airflow/.local/lib/python3.12/site-packages/airflow/example_dags/example_branch_operator.py
[2024-08-09T01:46:13.013+0000] {logging_mixin.py:188} INFO - [2024-08-09T01:46:13.012+0000] {dag.py:3089} INFO - Sync 1 DAGs
[2024-08-09T01:46:13.073+0000] {logging_mixin.py:188} INFO - [2024-08-09T01:46:13.072+0000] {dag.py:3947} INFO - Setting next_dagrun for example_branch_operator to 2024-08-08 00:00:00+00:00, run_after=2024-08-09 00:00:00+00:00
[2024-08-09T01:46:13.130+0000] {processor.py:183} INFO - Processing /home/airflow/.local/lib/python3.12/site-packages/airflow/example_dags/example_branch_operator.py took 0.266 seconds
[2024-08-09T01:46:43.461+0000] {processor.py:161} INFO - Started process (PID=1467) to work on /home/airflow/.local/lib/python3.12/site-packages/airflow/example_dags/example_branch_operator.py
[2024-08-09T01:46:43.464+0000] {processor.py:830} INFO - Processing file /home/airflow/.local/lib/python3.12/site-packages/airflow/example_dags/example_branch_operator.py for tasks to queue
[2024-08-09T01:46:43.470+0000] {logging_mixin.py:188} INFO - [2024-08-09T01:46:43.469+0000] {dagbag.py:545} INFO - Filling up the DagBag from /home/airflow/.local/lib/python3.12/site-packages/airflow/example_dags/example_branch_operator.py
[2024-08-09T01:46:43.518+0000] {processor.py:840} INFO - DAG(s) 'example_branch_operator' retrieved from /home/airflow/.local/lib/python3.12/site-packages/airflow/example_dags/example_branch_operator.py
[2024-08-09T01:46:43.593+0000] {logging_mixin.py:188} INFO - [2024-08-09T01:46:43.592+0000] {dag.py:3089} INFO - Sync 1 DAGs
[2024-08-09T01:46:43.644+0000] {logging_mixin.py:188} INFO - [2024-08-09T01:46:43.643+0000] {dag.py:3947} INFO - Setting next_dagrun for example_branch_operator to 2024-08-08 00:00:00+00:00, run_after=2024-08-09 00:00:00+00:00
[2024-08-09T01:46:43.684+0000] {processor.py:183} INFO - Processing /home/airflow/.local/lib/python3.12/site-packages/airflow/example_dags/example_branch_operator.py took 0.241 seconds
[2024-08-09T01:47:13.960+0000] {processor.py:161} INFO - Started process (PID=1525) to work on /home/airflow/.local/lib/python3.12/site-packages/airflow/example_dags/example_branch_operator.py
[2024-08-09T01:47:13.964+0000] {processor.py:830} INFO - Processing file /home/airflow/.local/lib/python3.12/site-packages/airflow/example_dags/example_branch_operator.py for tasks to queue
[2024-08-09T01:47:13.981+0000] {logging_mixin.py:188} INFO - [2024-08-09T01:47:13.977+0000] {dagbag.py:545} INFO - Filling up the DagBag from /home/airflow/.local/lib/python3.12/site-packages/airflow/example_dags/example_branch_operator.py
[2024-08-09T01:47:14.057+0000] {processor.py:840} INFO - DAG(s) 'example_branch_operator' retrieved from /home/airflow/.local/lib/python3.12/site-packages/airflow/example_dags/example_branch_operator.py
[2024-08-09T01:47:14.203+0000] {logging_mixin.py:188} INFO - [2024-08-09T01:47:14.202+0000] {dag.py:3089} INFO - Sync 1 DAGs
[2024-08-09T01:47:14.301+0000] {logging_mixin.py:188} INFO - [2024-08-09T01:47:14.300+0000] {dag.py:3947} INFO - Setting next_dagrun for example_branch_operator to 2024-08-08 00:00:00+00:00, run_after=2024-08-09 00:00:00+00:00
[2024-08-09T01:47:14.363+0000] {processor.py:183} INFO - Processing /home/airflow/.local/lib/python3.12/site-packages/airflow/example_dags/example_branch_operator.py took 0.430 seconds
[2024-08-09T01:47:44.492+0000] {processor.py:161} INFO - Started process (PID=1583) to work on /home/airflow/.local/lib/python3.12/site-packages/airflow/example_dags/example_branch_operator.py
[2024-08-09T01:47:44.496+0000] {processor.py:830} INFO - Processing file /home/airflow/.local/lib/python3.12/site-packages/airflow/example_dags/example_branch_operator.py for tasks to queue
[2024-08-09T01:47:44.508+0000] {logging_mixin.py:188} INFO - [2024-08-09T01:47:44.507+0000] {dagbag.py:545} INFO - Filling up the DagBag from /home/airflow/.local/lib/python3.12/site-packages/airflow/example_dags/example_branch_operator.py
[2024-08-09T01:47:44.556+0000] {processor.py:840} INFO - DAG(s) 'example_branch_operator' retrieved from /home/airflow/.local/lib/python3.12/site-packages/airflow/example_dags/example_branch_operator.py
[2024-08-09T01:47:44.662+0000] {logging_mixin.py:188} INFO - [2024-08-09T01:47:44.662+0000] {dag.py:3089} INFO - Sync 1 DAGs
[2024-08-09T01:47:44.744+0000] {logging_mixin.py:188} INFO - [2024-08-09T01:47:44.744+0000] {dag.py:3947} INFO - Setting next_dagrun for example_branch_operator to 2024-08-08 00:00:00+00:00, run_after=2024-08-09 00:00:00+00:00
[2024-08-09T01:47:44.847+0000] {processor.py:183} INFO - Processing /home/airflow/.local/lib/python3.12/site-packages/airflow/example_dags/example_branch_operator.py took 0.383 seconds
[2024-08-09T01:48:15.373+0000] {processor.py:161} INFO - Started process (PID=1641) to work on /home/airflow/.local/lib/python3.12/site-packages/airflow/example_dags/example_branch_operator.py
[2024-08-09T01:48:15.376+0000] {processor.py:830} INFO - Processing file /home/airflow/.local/lib/python3.12/site-packages/airflow/example_dags/example_branch_operator.py for tasks to queue
[2024-08-09T01:48:15.381+0000] {logging_mixin.py:188} INFO - [2024-08-09T01:48:15.380+0000] {dagbag.py:545} INFO - Filling up the DagBag from /home/airflow/.local/lib/python3.12/site-packages/airflow/example_dags/example_branch_operator.py
[2024-08-09T01:48:15.435+0000] {processor.py:840} INFO - DAG(s) 'example_branch_operator' retrieved from /home/airflow/.local/lib/python3.12/site-packages/airflow/example_dags/example_branch_operator.py
[2024-08-09T01:48:15.529+0000] {logging_mixin.py:188} INFO - [2024-08-09T01:48:15.529+0000] {dag.py:3089} INFO - Sync 1 DAGs
[2024-08-09T01:48:15.586+0000] {logging_mixin.py:188} INFO - [2024-08-09T01:48:15.585+0000] {dag.py:3947} INFO - Setting next_dagrun for example_branch_operator to 2024-08-08 00:00:00+00:00, run_after=2024-08-09 00:00:00+00:00
[2024-08-09T01:48:15.628+0000] {processor.py:183} INFO - Processing /home/airflow/.local/lib/python3.12/site-packages/airflow/example_dags/example_branch_operator.py took 0.274 seconds
[2024-08-09T01:48:52.180+0000] {processor.py:161} INFO - Started process (PID=1705) to work on /home/airflow/.local/lib/python3.12/site-packages/airflow/example_dags/example_branch_operator.py
[2024-08-09T01:48:52.186+0000] {processor.py:830} INFO - Processing file /home/airflow/.local/lib/python3.12/site-packages/airflow/example_dags/example_branch_operator.py for tasks to queue
[2024-08-09T01:48:52.207+0000] {logging_mixin.py:188} INFO - [2024-08-09T01:48:52.202+0000] {dagbag.py:545} INFO - Filling up the DagBag from /home/airflow/.local/lib/python3.12/site-packages/airflow/example_dags/example_branch_operator.py
[2024-08-09T01:48:52.296+0000] {processor.py:840} INFO - DAG(s) 'example_branch_operator' retrieved from /home/airflow/.local/lib/python3.12/site-packages/airflow/example_dags/example_branch_operator.py
[2024-08-09T01:48:52.512+0000] {logging_mixin.py:188} INFO - [2024-08-09T01:48:52.512+0000] {dag.py:3089} INFO - Sync 1 DAGs
[2024-08-09T01:48:52.731+0000] {logging_mixin.py:188} INFO - [2024-08-09T01:48:52.726+0000] {dag.py:3947} INFO - Setting next_dagrun for example_branch_operator to 2024-08-08 00:00:00+00:00, run_after=2024-08-09 00:00:00+00:00
[2024-08-09T01:48:52.892+0000] {processor.py:183} INFO - Processing /home/airflow/.local/lib/python3.12/site-packages/airflow/example_dags/example_branch_operator.py took 0.761 seconds
[2024-08-09T01:49:24.692+0000] {processor.py:161} INFO - Started process (PID=1764) to work on /home/airflow/.local/lib/python3.12/site-packages/airflow/example_dags/example_branch_operator.py
[2024-08-09T01:49:24.695+0000] {processor.py:830} INFO - Processing file /home/airflow/.local/lib/python3.12/site-packages/airflow/example_dags/example_branch_operator.py for tasks to queue
[2024-08-09T01:49:24.710+0000] {logging_mixin.py:188} INFO - [2024-08-09T01:49:24.709+0000] {dagbag.py:545} INFO - Filling up the DagBag from /home/airflow/.local/lib/python3.12/site-packages/airflow/example_dags/example_branch_operator.py
[2024-08-09T01:49:24.809+0000] {processor.py:840} INFO - DAG(s) 'example_branch_operator' retrieved from /home/airflow/.local/lib/python3.12/site-packages/airflow/example_dags/example_branch_operator.py
[2024-08-09T01:49:24.935+0000] {logging_mixin.py:188} INFO - [2024-08-09T01:49:24.934+0000] {dag.py:3089} INFO - Sync 1 DAGs
[2024-08-09T01:49:25.866+0000] {logging_mixin.py:188} INFO - [2024-08-09T01:49:25.865+0000] {dag.py:3947} INFO - Setting next_dagrun for example_branch_operator to 2024-08-08 00:00:00+00:00, run_after=2024-08-09 00:00:00+00:00
[2024-08-09T01:49:25.913+0000] {processor.py:183} INFO - Processing /home/airflow/.local/lib/python3.12/site-packages/airflow/example_dags/example_branch_operator.py took 1.256 seconds
[2024-08-09T01:49:56.601+0000] {processor.py:161} INFO - Started process (PID=1820) to work on /home/airflow/.local/lib/python3.12/site-packages/airflow/example_dags/example_branch_operator.py
[2024-08-09T01:49:56.612+0000] {processor.py:830} INFO - Processing file /home/airflow/.local/lib/python3.12/site-packages/airflow/example_dags/example_branch_operator.py for tasks to queue
[2024-08-09T01:49:56.627+0000] {logging_mixin.py:188} INFO - [2024-08-09T01:49:56.622+0000] {dagbag.py:545} INFO - Filling up the DagBag from /home/airflow/.local/lib/python3.12/site-packages/airflow/example_dags/example_branch_operator.py
[2024-08-09T01:49:56.743+0000] {processor.py:840} INFO - DAG(s) 'example_branch_operator' retrieved from /home/airflow/.local/lib/python3.12/site-packages/airflow/example_dags/example_branch_operator.py
[2024-08-09T01:49:56.946+0000] {logging_mixin.py:188} INFO - [2024-08-09T01:49:56.946+0000] {dag.py:3089} INFO - Sync 1 DAGs
[2024-08-09T01:49:57.035+0000] {logging_mixin.py:188} INFO - [2024-08-09T01:49:57.034+0000] {dag.py:3947} INFO - Setting next_dagrun for example_branch_operator to 2024-08-08 00:00:00+00:00, run_after=2024-08-09 00:00:00+00:00
[2024-08-09T01:49:58.213+0000] {processor.py:183} INFO - Processing /home/airflow/.local/lib/python3.12/site-packages/airflow/example_dags/example_branch_operator.py took 1.673 seconds
[2024-08-09T01:50:46.745+0000] {processor.py:161} INFO - Started process (PID=1880) to work on /home/airflow/.local/lib/python3.12/site-packages/airflow/example_dags/example_branch_operator.py
[2024-08-09T01:50:46.749+0000] {processor.py:830} INFO - Processing file /home/airflow/.local/lib/python3.12/site-packages/airflow/example_dags/example_branch_operator.py for tasks to queue
[2024-08-09T01:50:46.762+0000] {logging_mixin.py:188} INFO - [2024-08-09T01:50:46.760+0000] {dagbag.py:545} INFO - Filling up the DagBag from /home/airflow/.local/lib/python3.12/site-packages/airflow/example_dags/example_branch_operator.py
[2024-08-09T01:50:46.889+0000] {processor.py:840} INFO - DAG(s) 'example_branch_operator' retrieved from /home/airflow/.local/lib/python3.12/site-packages/airflow/example_dags/example_branch_operator.py
[2024-08-09T01:50:47.073+0000] {logging_mixin.py:188} INFO - [2024-08-09T01:50:47.072+0000] {dag.py:3089} INFO - Sync 1 DAGs
[2024-08-09T01:50:47.200+0000] {logging_mixin.py:188} INFO - [2024-08-09T01:50:47.199+0000] {dag.py:3947} INFO - Setting next_dagrun for example_branch_operator to 2024-08-08 00:00:00+00:00, run_after=2024-08-09 00:00:00+00:00
[2024-08-09T01:50:47.288+0000] {processor.py:183} INFO - Processing /home/airflow/.local/lib/python3.12/site-packages/airflow/example_dags/example_branch_operator.py took 0.581 seconds
[2024-08-09T01:51:18.996+0000] {processor.py:161} INFO - Started process (PID=1938) to work on /home/airflow/.local/lib/python3.12/site-packages/airflow/example_dags/example_branch_operator.py
[2024-08-09T01:51:19.000+0000] {processor.py:830} INFO - Processing file /home/airflow/.local/lib/python3.12/site-packages/airflow/example_dags/example_branch_operator.py for tasks to queue
[2024-08-09T01:51:19.021+0000] {logging_mixin.py:188} INFO - [2024-08-09T01:51:19.019+0000] {dagbag.py:545} INFO - Filling up the DagBag from /home/airflow/.local/lib/python3.12/site-packages/airflow/example_dags/example_branch_operator.py
[2024-08-09T01:51:19.183+0000] {processor.py:840} INFO - DAG(s) 'example_branch_operator' retrieved from /home/airflow/.local/lib/python3.12/site-packages/airflow/example_dags/example_branch_operator.py
[2024-08-09T01:51:19.501+0000] {logging_mixin.py:188} INFO - [2024-08-09T01:51:19.499+0000] {dag.py:3089} INFO - Sync 1 DAGs
[2024-08-09T01:51:19.665+0000] {logging_mixin.py:188} INFO - [2024-08-09T01:51:19.662+0000] {dag.py:3947} INFO - Setting next_dagrun for example_branch_operator to 2024-08-08 00:00:00+00:00, run_after=2024-08-09 00:00:00+00:00
[2024-08-09T01:51:19.815+0000] {processor.py:183} INFO - Processing /home/airflow/.local/lib/python3.12/site-packages/airflow/example_dags/example_branch_operator.py took 0.870 seconds
[2024-08-09T01:51:50.616+0000] {processor.py:161} INFO - Started process (PID=1995) to work on /home/airflow/.local/lib/python3.12/site-packages/airflow/example_dags/example_branch_operator.py
[2024-08-09T01:51:50.620+0000] {processor.py:830} INFO - Processing file /home/airflow/.local/lib/python3.12/site-packages/airflow/example_dags/example_branch_operator.py for tasks to queue
[2024-08-09T01:51:50.631+0000] {logging_mixin.py:188} INFO - [2024-08-09T01:51:50.630+0000] {dagbag.py:545} INFO - Filling up the DagBag from /home/airflow/.local/lib/python3.12/site-packages/airflow/example_dags/example_branch_operator.py
[2024-08-09T01:51:50.735+0000] {processor.py:840} INFO - DAG(s) 'example_branch_operator' retrieved from /home/airflow/.local/lib/python3.12/site-packages/airflow/example_dags/example_branch_operator.py
[2024-08-09T01:51:50.910+0000] {logging_mixin.py:188} INFO - [2024-08-09T01:51:50.909+0000] {dag.py:3089} INFO - Sync 1 DAGs
[2024-08-09T01:51:50.976+0000] {logging_mixin.py:188} INFO - [2024-08-09T01:51:50.975+0000] {dag.py:3947} INFO - Setting next_dagrun for example_branch_operator to 2024-08-08 00:00:00+00:00, run_after=2024-08-09 00:00:00+00:00
[2024-08-09T01:51:51.030+0000] {processor.py:183} INFO - Processing /home/airflow/.local/lib/python3.12/site-packages/airflow/example_dags/example_branch_operator.py took 0.473 seconds
[2024-08-09T01:52:21.371+0000] {processor.py:161} INFO - Started process (PID=2059) to work on /home/airflow/.local/lib/python3.12/site-packages/airflow/example_dags/example_branch_operator.py
[2024-08-09T01:52:21.381+0000] {processor.py:830} INFO - Processing file /home/airflow/.local/lib/python3.12/site-packages/airflow/example_dags/example_branch_operator.py for tasks to queue
[2024-08-09T01:52:21.396+0000] {logging_mixin.py:188} INFO - [2024-08-09T01:52:21.395+0000] {dagbag.py:545} INFO - Filling up the DagBag from /home/airflow/.local/lib/python3.12/site-packages/airflow/example_dags/example_branch_operator.py
[2024-08-09T01:52:21.525+0000] {processor.py:840} INFO - DAG(s) 'example_branch_operator' retrieved from /home/airflow/.local/lib/python3.12/site-packages/airflow/example_dags/example_branch_operator.py
[2024-08-09T01:52:21.725+0000] {logging_mixin.py:188} INFO - [2024-08-09T01:52:21.724+0000] {dag.py:3089} INFO - Sync 1 DAGs
[2024-08-09T01:52:21.918+0000] {logging_mixin.py:188} INFO - [2024-08-09T01:52:21.918+0000] {dag.py:3947} INFO - Setting next_dagrun for example_branch_operator to 2024-08-08 00:00:00+00:00, run_after=2024-08-09 00:00:00+00:00
[2024-08-09T01:52:21.991+0000] {processor.py:183} INFO - Processing /home/airflow/.local/lib/python3.12/site-packages/airflow/example_dags/example_branch_operator.py took 0.655 seconds
[2024-08-09T01:52:52.196+0000] {processor.py:161} INFO - Started process (PID=2116) to work on /home/airflow/.local/lib/python3.12/site-packages/airflow/example_dags/example_branch_operator.py
[2024-08-09T01:52:52.199+0000] {processor.py:830} INFO - Processing file /home/airflow/.local/lib/python3.12/site-packages/airflow/example_dags/example_branch_operator.py for tasks to queue
[2024-08-09T01:52:52.205+0000] {logging_mixin.py:188} INFO - [2024-08-09T01:52:52.204+0000] {dagbag.py:545} INFO - Filling up the DagBag from /home/airflow/.local/lib/python3.12/site-packages/airflow/example_dags/example_branch_operator.py
[2024-08-09T01:52:52.268+0000] {processor.py:840} INFO - DAG(s) 'example_branch_operator' retrieved from /home/airflow/.local/lib/python3.12/site-packages/airflow/example_dags/example_branch_operator.py
[2024-08-09T01:52:52.381+0000] {logging_mixin.py:188} INFO - [2024-08-09T01:52:52.379+0000] {dag.py:3089} INFO - Sync 1 DAGs
[2024-08-09T01:52:52.575+0000] {logging_mixin.py:188} INFO - [2024-08-09T01:52:52.575+0000] {dag.py:3947} INFO - Setting next_dagrun for example_branch_operator to 2024-08-08 00:00:00+00:00, run_after=2024-08-09 00:00:00+00:00
[2024-08-09T01:52:52.682+0000] {processor.py:183} INFO - Processing /home/airflow/.local/lib/python3.12/site-packages/airflow/example_dags/example_branch_operator.py took 0.504 seconds
[2024-08-09T01:53:24.364+0000] {processor.py:161} INFO - Started process (PID=2174) to work on /home/airflow/.local/lib/python3.12/site-packages/airflow/example_dags/example_branch_operator.py
[2024-08-09T01:53:24.370+0000] {processor.py:830} INFO - Processing file /home/airflow/.local/lib/python3.12/site-packages/airflow/example_dags/example_branch_operator.py for tasks to queue
[2024-08-09T01:53:24.383+0000] {logging_mixin.py:188} INFO - [2024-08-09T01:53:24.382+0000] {dagbag.py:545} INFO - Filling up the DagBag from /home/airflow/.local/lib/python3.12/site-packages/airflow/example_dags/example_branch_operator.py
[2024-08-09T01:53:24.488+0000] {processor.py:840} INFO - DAG(s) 'example_branch_operator' retrieved from /home/airflow/.local/lib/python3.12/site-packages/airflow/example_dags/example_branch_operator.py
[2024-08-09T01:53:24.991+0000] {logging_mixin.py:188} INFO - [2024-08-09T01:53:24.988+0000] {dag.py:3089} INFO - Sync 1 DAGs
[2024-08-09T01:53:25.303+0000] {logging_mixin.py:188} INFO - [2024-08-09T01:53:25.298+0000] {dag.py:3947} INFO - Setting next_dagrun for example_branch_operator to 2024-08-08 00:00:00+00:00, run_after=2024-08-09 00:00:00+00:00
[2024-08-09T01:53:25.461+0000] {processor.py:183} INFO - Processing /home/airflow/.local/lib/python3.12/site-packages/airflow/example_dags/example_branch_operator.py took 1.189 seconds
[2024-08-09T01:53:55.608+0000] {processor.py:161} INFO - Started process (PID=2232) to work on /home/airflow/.local/lib/python3.12/site-packages/airflow/example_dags/example_branch_operator.py
[2024-08-09T01:53:55.611+0000] {processor.py:830} INFO - Processing file /home/airflow/.local/lib/python3.12/site-packages/airflow/example_dags/example_branch_operator.py for tasks to queue
[2024-08-09T01:53:55.617+0000] {logging_mixin.py:188} INFO - [2024-08-09T01:53:55.616+0000] {dagbag.py:545} INFO - Filling up the DagBag from /home/airflow/.local/lib/python3.12/site-packages/airflow/example_dags/example_branch_operator.py
[2024-08-09T01:53:55.651+0000] {processor.py:840} INFO - DAG(s) 'example_branch_operator' retrieved from /home/airflow/.local/lib/python3.12/site-packages/airflow/example_dags/example_branch_operator.py
[2024-08-09T01:53:55.716+0000] {logging_mixin.py:188} INFO - [2024-08-09T01:53:55.715+0000] {dag.py:3089} INFO - Sync 1 DAGs
[2024-08-09T01:53:55.755+0000] {logging_mixin.py:188} INFO - [2024-08-09T01:53:55.754+0000] {dag.py:3947} INFO - Setting next_dagrun for example_branch_operator to 2024-08-08 00:00:00+00:00, run_after=2024-08-09 00:00:00+00:00
[2024-08-09T01:53:55.790+0000] {processor.py:183} INFO - Processing /home/airflow/.local/lib/python3.12/site-packages/airflow/example_dags/example_branch_operator.py took 0.204 seconds
[2024-08-09T01:54:26.225+0000] {processor.py:161} INFO - Started process (PID=2290) to work on /home/airflow/.local/lib/python3.12/site-packages/airflow/example_dags/example_branch_operator.py
[2024-08-09T01:54:26.228+0000] {processor.py:830} INFO - Processing file /home/airflow/.local/lib/python3.12/site-packages/airflow/example_dags/example_branch_operator.py for tasks to queue
[2024-08-09T01:54:26.235+0000] {logging_mixin.py:188} INFO - [2024-08-09T01:54:26.234+0000] {dagbag.py:545} INFO - Filling up the DagBag from /home/airflow/.local/lib/python3.12/site-packages/airflow/example_dags/example_branch_operator.py
[2024-08-09T01:54:26.282+0000] {processor.py:840} INFO - DAG(s) 'example_branch_operator' retrieved from /home/airflow/.local/lib/python3.12/site-packages/airflow/example_dags/example_branch_operator.py
[2024-08-09T01:54:26.351+0000] {logging_mixin.py:188} INFO - [2024-08-09T01:54:26.351+0000] {dag.py:3089} INFO - Sync 1 DAGs
[2024-08-09T01:54:26.399+0000] {logging_mixin.py:188} INFO - [2024-08-09T01:54:26.399+0000] {dag.py:3947} INFO - Setting next_dagrun for example_branch_operator to 2024-08-08 00:00:00+00:00, run_after=2024-08-09 00:00:00+00:00
[2024-08-09T01:54:26.438+0000] {processor.py:183} INFO - Processing /home/airflow/.local/lib/python3.12/site-packages/airflow/example_dags/example_branch_operator.py took 0.236 seconds
[2024-08-09T01:54:56.828+0000] {processor.py:161} INFO - Started process (PID=2348) to work on /home/airflow/.local/lib/python3.12/site-packages/airflow/example_dags/example_branch_operator.py
[2024-08-09T01:54:56.830+0000] {processor.py:830} INFO - Processing file /home/airflow/.local/lib/python3.12/site-packages/airflow/example_dags/example_branch_operator.py for tasks to queue
[2024-08-09T01:54:56.835+0000] {logging_mixin.py:188} INFO - [2024-08-09T01:54:56.834+0000] {dagbag.py:545} INFO - Filling up the DagBag from /home/airflow/.local/lib/python3.12/site-packages/airflow/example_dags/example_branch_operator.py
[2024-08-09T01:54:56.867+0000] {processor.py:840} INFO - DAG(s) 'example_branch_operator' retrieved from /home/airflow/.local/lib/python3.12/site-packages/airflow/example_dags/example_branch_operator.py
[2024-08-09T01:54:56.940+0000] {logging_mixin.py:188} INFO - [2024-08-09T01:54:56.939+0000] {dag.py:3089} INFO - Sync 1 DAGs
[2024-08-09T01:54:57.025+0000] {logging_mixin.py:188} INFO - [2024-08-09T01:54:57.025+0000] {dag.py:3947} INFO - Setting next_dagrun for example_branch_operator to 2024-08-08 00:00:00+00:00, run_after=2024-08-09 00:00:00+00:00
[2024-08-09T01:54:57.061+0000] {processor.py:183} INFO - Processing /home/airflow/.local/lib/python3.12/site-packages/airflow/example_dags/example_branch_operator.py took 0.250 seconds
[2024-08-09T01:55:27.793+0000] {processor.py:161} INFO - Started process (PID=2406) to work on /home/airflow/.local/lib/python3.12/site-packages/airflow/example_dags/example_branch_operator.py
[2024-08-09T01:55:27.796+0000] {processor.py:830} INFO - Processing file /home/airflow/.local/lib/python3.12/site-packages/airflow/example_dags/example_branch_operator.py for tasks to queue
[2024-08-09T01:55:27.805+0000] {logging_mixin.py:188} INFO - [2024-08-09T01:55:27.804+0000] {dagbag.py:545} INFO - Filling up the DagBag from /home/airflow/.local/lib/python3.12/site-packages/airflow/example_dags/example_branch_operator.py
[2024-08-09T01:55:27.841+0000] {processor.py:840} INFO - DAG(s) 'example_branch_operator' retrieved from /home/airflow/.local/lib/python3.12/site-packages/airflow/example_dags/example_branch_operator.py
[2024-08-09T01:55:27.901+0000] {logging_mixin.py:188} INFO - [2024-08-09T01:55:27.900+0000] {dag.py:3089} INFO - Sync 1 DAGs
[2024-08-09T01:55:27.941+0000] {logging_mixin.py:188} INFO - [2024-08-09T01:55:27.941+0000] {dag.py:3947} INFO - Setting next_dagrun for example_branch_operator to 2024-08-08 00:00:00+00:00, run_after=2024-08-09 00:00:00+00:00
[2024-08-09T01:55:27.972+0000] {processor.py:183} INFO - Processing /home/airflow/.local/lib/python3.12/site-packages/airflow/example_dags/example_branch_operator.py took 0.200 seconds
[2024-08-09T01:55:58.982+0000] {processor.py:161} INFO - Started process (PID=2462) to work on /home/airflow/.local/lib/python3.12/site-packages/airflow/example_dags/example_branch_operator.py
[2024-08-09T01:55:58.986+0000] {processor.py:830} INFO - Processing file /home/airflow/.local/lib/python3.12/site-packages/airflow/example_dags/example_branch_operator.py for tasks to queue
[2024-08-09T01:55:58.995+0000] {logging_mixin.py:188} INFO - [2024-08-09T01:55:58.992+0000] {dagbag.py:545} INFO - Filling up the DagBag from /home/airflow/.local/lib/python3.12/site-packages/airflow/example_dags/example_branch_operator.py
[2024-08-09T01:55:59.056+0000] {processor.py:840} INFO - DAG(s) 'example_branch_operator' retrieved from /home/airflow/.local/lib/python3.12/site-packages/airflow/example_dags/example_branch_operator.py
[2024-08-09T01:55:59.160+0000] {logging_mixin.py:188} INFO - [2024-08-09T01:55:59.160+0000] {dag.py:3089} INFO - Sync 1 DAGs
[2024-08-09T01:55:59.213+0000] {logging_mixin.py:188} INFO - [2024-08-09T01:55:59.212+0000] {dag.py:3947} INFO - Setting next_dagrun for example_branch_operator to 2024-08-08 00:00:00+00:00, run_after=2024-08-09 00:00:00+00:00
[2024-08-09T01:55:59.302+0000] {processor.py:183} INFO - Processing /home/airflow/.local/lib/python3.12/site-packages/airflow/example_dags/example_branch_operator.py took 0.358 seconds
[2024-08-09T01:56:29.905+0000] {processor.py:161} INFO - Started process (PID=2520) to work on /home/airflow/.local/lib/python3.12/site-packages/airflow/example_dags/example_branch_operator.py
[2024-08-09T01:56:29.908+0000] {processor.py:830} INFO - Processing file /home/airflow/.local/lib/python3.12/site-packages/airflow/example_dags/example_branch_operator.py for tasks to queue
[2024-08-09T01:56:29.915+0000] {logging_mixin.py:188} INFO - [2024-08-09T01:56:29.912+0000] {dagbag.py:545} INFO - Filling up the DagBag from /home/airflow/.local/lib/python3.12/site-packages/airflow/example_dags/example_branch_operator.py
[2024-08-09T01:56:29.953+0000] {processor.py:840} INFO - DAG(s) 'example_branch_operator' retrieved from /home/airflow/.local/lib/python3.12/site-packages/airflow/example_dags/example_branch_operator.py
[2024-08-09T01:56:30.049+0000] {logging_mixin.py:188} INFO - [2024-08-09T01:56:30.049+0000] {dag.py:3089} INFO - Sync 1 DAGs
[2024-08-09T01:56:30.106+0000] {logging_mixin.py:188} INFO - [2024-08-09T01:56:30.105+0000] {dag.py:3947} INFO - Setting next_dagrun for example_branch_operator to 2024-08-08 00:00:00+00:00, run_after=2024-08-09 00:00:00+00:00
[2024-08-09T01:56:30.151+0000] {processor.py:183} INFO - Processing /home/airflow/.local/lib/python3.12/site-packages/airflow/example_dags/example_branch_operator.py took 0.263 seconds
[2024-08-09T01:57:00.895+0000] {processor.py:161} INFO - Started process (PID=2578) to work on /home/airflow/.local/lib/python3.12/site-packages/airflow/example_dags/example_branch_operator.py
[2024-08-09T01:57:00.902+0000] {processor.py:830} INFO - Processing file /home/airflow/.local/lib/python3.12/site-packages/airflow/example_dags/example_branch_operator.py for tasks to queue
[2024-08-09T01:57:00.922+0000] {logging_mixin.py:188} INFO - [2024-08-09T01:57:00.921+0000] {dagbag.py:545} INFO - Filling up the DagBag from /home/airflow/.local/lib/python3.12/site-packages/airflow/example_dags/example_branch_operator.py
[2024-08-09T01:57:00.972+0000] {processor.py:840} INFO - DAG(s) 'example_branch_operator' retrieved from /home/airflow/.local/lib/python3.12/site-packages/airflow/example_dags/example_branch_operator.py
[2024-08-09T01:57:01.184+0000] {logging_mixin.py:188} INFO - [2024-08-09T01:57:01.180+0000] {dag.py:3089} INFO - Sync 1 DAGs
[2024-08-09T01:57:01.288+0000] {logging_mixin.py:188} INFO - [2024-08-09T01:57:01.287+0000] {dag.py:3947} INFO - Setting next_dagrun for example_branch_operator to 2024-08-08 00:00:00+00:00, run_after=2024-08-09 00:00:00+00:00
[2024-08-09T01:57:01.352+0000] {processor.py:183} INFO - Processing /home/airflow/.local/lib/python3.12/site-packages/airflow/example_dags/example_branch_operator.py took 0.507 seconds
[2024-08-09T01:57:32.169+0000] {processor.py:161} INFO - Started process (PID=2636) to work on /home/airflow/.local/lib/python3.12/site-packages/airflow/example_dags/example_branch_operator.py
[2024-08-09T01:57:32.181+0000] {processor.py:830} INFO - Processing file /home/airflow/.local/lib/python3.12/site-packages/airflow/example_dags/example_branch_operator.py for tasks to queue
[2024-08-09T01:57:32.200+0000] {logging_mixin.py:188} INFO - [2024-08-09T01:57:32.197+0000] {dagbag.py:545} INFO - Filling up the DagBag from /home/airflow/.local/lib/python3.12/site-packages/airflow/example_dags/example_branch_operator.py
[2024-08-09T01:57:32.325+0000] {processor.py:840} INFO - DAG(s) 'example_branch_operator' retrieved from /home/airflow/.local/lib/python3.12/site-packages/airflow/example_dags/example_branch_operator.py
[2024-08-09T01:57:32.521+0000] {logging_mixin.py:188} INFO - [2024-08-09T01:57:32.521+0000] {dag.py:3089} INFO - Sync 1 DAGs
[2024-08-09T01:57:32.612+0000] {logging_mixin.py:188} INFO - [2024-08-09T01:57:32.611+0000] {dag.py:3947} INFO - Setting next_dagrun for example_branch_operator to 2024-08-08 00:00:00+00:00, run_after=2024-08-09 00:00:00+00:00
[2024-08-09T01:57:32.689+0000] {processor.py:183} INFO - Processing /home/airflow/.local/lib/python3.12/site-packages/airflow/example_dags/example_branch_operator.py took 0.576 seconds
[2024-08-09T01:58:03.147+0000] {processor.py:161} INFO - Started process (PID=2694) to work on /home/airflow/.local/lib/python3.12/site-packages/airflow/example_dags/example_branch_operator.py
[2024-08-09T01:58:03.157+0000] {processor.py:830} INFO - Processing file /home/airflow/.local/lib/python3.12/site-packages/airflow/example_dags/example_branch_operator.py for tasks to queue
[2024-08-09T01:58:03.165+0000] {logging_mixin.py:188} INFO - [2024-08-09T01:58:03.164+0000] {dagbag.py:545} INFO - Filling up the DagBag from /home/airflow/.local/lib/python3.12/site-packages/airflow/example_dags/example_branch_operator.py
[2024-08-09T01:58:03.210+0000] {processor.py:840} INFO - DAG(s) 'example_branch_operator' retrieved from /home/airflow/.local/lib/python3.12/site-packages/airflow/example_dags/example_branch_operator.py
[2024-08-09T01:58:03.289+0000] {logging_mixin.py:188} INFO - [2024-08-09T01:58:03.288+0000] {dag.py:3089} INFO - Sync 1 DAGs
[2024-08-09T01:58:03.333+0000] {logging_mixin.py:188} INFO - [2024-08-09T01:58:03.333+0000] {dag.py:3947} INFO - Setting next_dagrun for example_branch_operator to 2024-08-08 00:00:00+00:00, run_after=2024-08-09 00:00:00+00:00
[2024-08-09T01:58:03.376+0000] {processor.py:183} INFO - Processing /home/airflow/.local/lib/python3.12/site-packages/airflow/example_dags/example_branch_operator.py took 0.261 seconds
[2024-08-09T01:58:33.815+0000] {processor.py:161} INFO - Started process (PID=2751) to work on /home/airflow/.local/lib/python3.12/site-packages/airflow/example_dags/example_branch_operator.py
[2024-08-09T01:58:33.829+0000] {processor.py:830} INFO - Processing file /home/airflow/.local/lib/python3.12/site-packages/airflow/example_dags/example_branch_operator.py for tasks to queue
[2024-08-09T01:58:33.849+0000] {logging_mixin.py:188} INFO - [2024-08-09T01:58:33.843+0000] {dagbag.py:545} INFO - Filling up the DagBag from /home/airflow/.local/lib/python3.12/site-packages/airflow/example_dags/example_branch_operator.py
[2024-08-09T01:58:33.954+0000] {processor.py:840} INFO - DAG(s) 'example_branch_operator' retrieved from /home/airflow/.local/lib/python3.12/site-packages/airflow/example_dags/example_branch_operator.py
[2024-08-09T01:58:34.184+0000] {logging_mixin.py:188} INFO - [2024-08-09T01:58:34.184+0000] {dag.py:3089} INFO - Sync 1 DAGs
[2024-08-09T01:58:34.433+0000] {logging_mixin.py:188} INFO - [2024-08-09T01:58:34.432+0000] {dag.py:3947} INFO - Setting next_dagrun for example_branch_operator to 2024-08-08 00:00:00+00:00, run_after=2024-08-09 00:00:00+00:00
[2024-08-09T01:58:34.518+0000] {processor.py:183} INFO - Processing /home/airflow/.local/lib/python3.12/site-packages/airflow/example_dags/example_branch_operator.py took 0.745 seconds
[2024-08-09T01:59:04.736+0000] {processor.py:161} INFO - Started process (PID=2809) to work on /home/airflow/.local/lib/python3.12/site-packages/airflow/example_dags/example_branch_operator.py
[2024-08-09T01:59:04.740+0000] {processor.py:830} INFO - Processing file /home/airflow/.local/lib/python3.12/site-packages/airflow/example_dags/example_branch_operator.py for tasks to queue
[2024-08-09T01:59:04.747+0000] {logging_mixin.py:188} INFO - [2024-08-09T01:59:04.746+0000] {dagbag.py:545} INFO - Filling up the DagBag from /home/airflow/.local/lib/python3.12/site-packages/airflow/example_dags/example_branch_operator.py
[2024-08-09T01:59:04.805+0000] {processor.py:840} INFO - DAG(s) 'example_branch_operator' retrieved from /home/airflow/.local/lib/python3.12/site-packages/airflow/example_dags/example_branch_operator.py
[2024-08-09T01:59:04.957+0000] {logging_mixin.py:188} INFO - [2024-08-09T01:59:04.956+0000] {dag.py:3089} INFO - Sync 1 DAGs
[2024-08-09T01:59:05.044+0000] {logging_mixin.py:188} INFO - [2024-08-09T01:59:05.043+0000] {dag.py:3947} INFO - Setting next_dagrun for example_branch_operator to 2024-08-08 00:00:00+00:00, run_after=2024-08-09 00:00:00+00:00
[2024-08-09T01:59:05.099+0000] {processor.py:183} INFO - Processing /home/airflow/.local/lib/python3.12/site-packages/airflow/example_dags/example_branch_operator.py took 0.395 seconds
[2024-08-09T01:59:35.457+0000] {processor.py:161} INFO - Started process (PID=2867) to work on /home/airflow/.local/lib/python3.12/site-packages/airflow/example_dags/example_branch_operator.py
[2024-08-09T01:59:35.459+0000] {processor.py:830} INFO - Processing file /home/airflow/.local/lib/python3.12/site-packages/airflow/example_dags/example_branch_operator.py for tasks to queue
[2024-08-09T01:59:35.465+0000] {logging_mixin.py:188} INFO - [2024-08-09T01:59:35.464+0000] {dagbag.py:545} INFO - Filling up the DagBag from /home/airflow/.local/lib/python3.12/site-packages/airflow/example_dags/example_branch_operator.py
[2024-08-09T01:59:35.504+0000] {processor.py:840} INFO - DAG(s) 'example_branch_operator' retrieved from /home/airflow/.local/lib/python3.12/site-packages/airflow/example_dags/example_branch_operator.py
[2024-08-09T01:59:35.570+0000] {logging_mixin.py:188} INFO - [2024-08-09T01:59:35.570+0000] {dag.py:3089} INFO - Sync 1 DAGs
[2024-08-09T01:59:35.609+0000] {logging_mixin.py:188} INFO - [2024-08-09T01:59:35.608+0000] {dag.py:3947} INFO - Setting next_dagrun for example_branch_operator to 2024-08-08 00:00:00+00:00, run_after=2024-08-09 00:00:00+00:00
[2024-08-09T01:59:35.645+0000] {processor.py:183} INFO - Processing /home/airflow/.local/lib/python3.12/site-packages/airflow/example_dags/example_branch_operator.py took 0.203 seconds
[2024-08-09T02:00:06.124+0000] {processor.py:161} INFO - Started process (PID=2924) to work on /home/airflow/.local/lib/python3.12/site-packages/airflow/example_dags/example_branch_operator.py
[2024-08-09T02:00:06.127+0000] {processor.py:830} INFO - Processing file /home/airflow/.local/lib/python3.12/site-packages/airflow/example_dags/example_branch_operator.py for tasks to queue
[2024-08-09T02:00:06.131+0000] {logging_mixin.py:188} INFO - [2024-08-09T02:00:06.130+0000] {dagbag.py:545} INFO - Filling up the DagBag from /home/airflow/.local/lib/python3.12/site-packages/airflow/example_dags/example_branch_operator.py
[2024-08-09T02:00:06.170+0000] {processor.py:840} INFO - DAG(s) 'example_branch_operator' retrieved from /home/airflow/.local/lib/python3.12/site-packages/airflow/example_dags/example_branch_operator.py
[2024-08-09T02:00:06.260+0000] {logging_mixin.py:188} INFO - [2024-08-09T02:00:06.259+0000] {dag.py:3089} INFO - Sync 1 DAGs
[2024-08-09T02:00:06.305+0000] {logging_mixin.py:188} INFO - [2024-08-09T02:00:06.305+0000] {dag.py:3947} INFO - Setting next_dagrun for example_branch_operator to 2024-08-08 00:00:00+00:00, run_after=2024-08-09 00:00:00+00:00
[2024-08-09T02:00:06.341+0000] {processor.py:183} INFO - Processing /home/airflow/.local/lib/python3.12/site-packages/airflow/example_dags/example_branch_operator.py took 0.233 seconds
[2024-08-09T02:00:36.997+0000] {processor.py:161} INFO - Started process (PID=2982) to work on /home/airflow/.local/lib/python3.12/site-packages/airflow/example_dags/example_branch_operator.py
[2024-08-09T02:00:37.000+0000] {processor.py:830} INFO - Processing file /home/airflow/.local/lib/python3.12/site-packages/airflow/example_dags/example_branch_operator.py for tasks to queue
[2024-08-09T02:00:37.006+0000] {logging_mixin.py:188} INFO - [2024-08-09T02:00:37.006+0000] {dagbag.py:545} INFO - Filling up the DagBag from /home/airflow/.local/lib/python3.12/site-packages/airflow/example_dags/example_branch_operator.py
[2024-08-09T02:00:37.054+0000] {processor.py:840} INFO - DAG(s) 'example_branch_operator' retrieved from /home/airflow/.local/lib/python3.12/site-packages/airflow/example_dags/example_branch_operator.py
[2024-08-09T02:00:37.130+0000] {logging_mixin.py:188} INFO - [2024-08-09T02:00:37.129+0000] {dag.py:3089} INFO - Sync 1 DAGs
[2024-08-09T02:00:37.185+0000] {logging_mixin.py:188} INFO - [2024-08-09T02:00:37.185+0000] {dag.py:3947} INFO - Setting next_dagrun for example_branch_operator to 2024-08-08 00:00:00+00:00, run_after=2024-08-09 00:00:00+00:00
[2024-08-09T02:00:37.231+0000] {processor.py:183} INFO - Processing /home/airflow/.local/lib/python3.12/site-packages/airflow/example_dags/example_branch_operator.py took 0.255 seconds
[2024-08-09T02:01:07.683+0000] {processor.py:161} INFO - Started process (PID=3040) to work on /home/airflow/.local/lib/python3.12/site-packages/airflow/example_dags/example_branch_operator.py
[2024-08-09T02:01:07.686+0000] {processor.py:830} INFO - Processing file /home/airflow/.local/lib/python3.12/site-packages/airflow/example_dags/example_branch_operator.py for tasks to queue
[2024-08-09T02:01:07.693+0000] {logging_mixin.py:188} INFO - [2024-08-09T02:01:07.692+0000] {dagbag.py:545} INFO - Filling up the DagBag from /home/airflow/.local/lib/python3.12/site-packages/airflow/example_dags/example_branch_operator.py
[2024-08-09T02:01:07.751+0000] {processor.py:840} INFO - DAG(s) 'example_branch_operator' retrieved from /home/airflow/.local/lib/python3.12/site-packages/airflow/example_dags/example_branch_operator.py
[2024-08-09T02:01:07.868+0000] {logging_mixin.py:188} INFO - [2024-08-09T02:01:07.868+0000] {dag.py:3089} INFO - Sync 1 DAGs
[2024-08-09T02:01:07.932+0000] {logging_mixin.py:188} INFO - [2024-08-09T02:01:07.932+0000] {dag.py:3947} INFO - Setting next_dagrun for example_branch_operator to 2024-08-08 00:00:00+00:00, run_after=2024-08-09 00:00:00+00:00
[2024-08-09T02:01:08.007+0000] {processor.py:183} INFO - Processing /home/airflow/.local/lib/python3.12/site-packages/airflow/example_dags/example_branch_operator.py took 0.367 seconds
[2024-08-09T02:01:38.297+0000] {processor.py:161} INFO - Started process (PID=3098) to work on /home/airflow/.local/lib/python3.12/site-packages/airflow/example_dags/example_branch_operator.py
[2024-08-09T02:01:38.303+0000] {processor.py:830} INFO - Processing file /home/airflow/.local/lib/python3.12/site-packages/airflow/example_dags/example_branch_operator.py for tasks to queue
[2024-08-09T02:01:38.309+0000] {logging_mixin.py:188} INFO - [2024-08-09T02:01:38.308+0000] {dagbag.py:545} INFO - Filling up the DagBag from /home/airflow/.local/lib/python3.12/site-packages/airflow/example_dags/example_branch_operator.py
[2024-08-09T02:01:38.362+0000] {processor.py:840} INFO - DAG(s) 'example_branch_operator' retrieved from /home/airflow/.local/lib/python3.12/site-packages/airflow/example_dags/example_branch_operator.py
[2024-08-09T02:01:38.433+0000] {logging_mixin.py:188} INFO - [2024-08-09T02:01:38.433+0000] {dag.py:3089} INFO - Sync 1 DAGs
[2024-08-09T02:01:38.481+0000] {logging_mixin.py:188} INFO - [2024-08-09T02:01:38.480+0000] {dag.py:3947} INFO - Setting next_dagrun for example_branch_operator to 2024-08-08 00:00:00+00:00, run_after=2024-08-09 00:00:00+00:00
[2024-08-09T02:01:38.524+0000] {processor.py:183} INFO - Processing /home/airflow/.local/lib/python3.12/site-packages/airflow/example_dags/example_branch_operator.py took 0.250 seconds
[2024-08-09T02:02:08.643+0000] {processor.py:161} INFO - Started process (PID=3155) to work on /home/airflow/.local/lib/python3.12/site-packages/airflow/example_dags/example_branch_operator.py
[2024-08-09T02:02:08.646+0000] {processor.py:830} INFO - Processing file /home/airflow/.local/lib/python3.12/site-packages/airflow/example_dags/example_branch_operator.py for tasks to queue
[2024-08-09T02:02:08.651+0000] {logging_mixin.py:188} INFO - [2024-08-09T02:02:08.650+0000] {dagbag.py:545} INFO - Filling up the DagBag from /home/airflow/.local/lib/python3.12/site-packages/airflow/example_dags/example_branch_operator.py
[2024-08-09T02:02:08.749+0000] {processor.py:840} INFO - DAG(s) 'example_branch_operator' retrieved from /home/airflow/.local/lib/python3.12/site-packages/airflow/example_dags/example_branch_operator.py
[2024-08-09T02:02:08.849+0000] {logging_mixin.py:188} INFO - [2024-08-09T02:02:08.848+0000] {dag.py:3089} INFO - Sync 1 DAGs
[2024-08-09T02:02:08.905+0000] {logging_mixin.py:188} INFO - [2024-08-09T02:02:08.905+0000] {dag.py:3947} INFO - Setting next_dagrun for example_branch_operator to 2024-08-08 00:00:00+00:00, run_after=2024-08-09 00:00:00+00:00
[2024-08-09T02:02:08.947+0000] {processor.py:183} INFO - Processing /home/airflow/.local/lib/python3.12/site-packages/airflow/example_dags/example_branch_operator.py took 0.323 seconds
[2024-08-09T02:02:39.831+0000] {processor.py:161} INFO - Started process (PID=3214) to work on /home/airflow/.local/lib/python3.12/site-packages/airflow/example_dags/example_branch_operator.py
[2024-08-09T02:02:39.834+0000] {processor.py:830} INFO - Processing file /home/airflow/.local/lib/python3.12/site-packages/airflow/example_dags/example_branch_operator.py for tasks to queue
[2024-08-09T02:02:39.838+0000] {logging_mixin.py:188} INFO - [2024-08-09T02:02:39.838+0000] {dagbag.py:545} INFO - Filling up the DagBag from /home/airflow/.local/lib/python3.12/site-packages/airflow/example_dags/example_branch_operator.py
[2024-08-09T02:02:39.873+0000] {processor.py:840} INFO - DAG(s) 'example_branch_operator' retrieved from /home/airflow/.local/lib/python3.12/site-packages/airflow/example_dags/example_branch_operator.py
[2024-08-09T02:02:39.937+0000] {logging_mixin.py:188} INFO - [2024-08-09T02:02:39.937+0000] {dag.py:3089} INFO - Sync 1 DAGs
[2024-08-09T02:02:39.981+0000] {logging_mixin.py:188} INFO - [2024-08-09T02:02:39.981+0000] {dag.py:3947} INFO - Setting next_dagrun for example_branch_operator to 2024-08-08 00:00:00+00:00, run_after=2024-08-09 00:00:00+00:00
[2024-08-09T02:02:40.013+0000] {processor.py:183} INFO - Processing /home/airflow/.local/lib/python3.12/site-packages/airflow/example_dags/example_branch_operator.py took 0.198 seconds
[2024-08-09T02:03:10.581+0000] {processor.py:161} INFO - Started process (PID=3272) to work on /home/airflow/.local/lib/python3.12/site-packages/airflow/example_dags/example_branch_operator.py
[2024-08-09T02:03:10.584+0000] {processor.py:830} INFO - Processing file /home/airflow/.local/lib/python3.12/site-packages/airflow/example_dags/example_branch_operator.py for tasks to queue
[2024-08-09T02:03:10.594+0000] {logging_mixin.py:188} INFO - [2024-08-09T02:03:10.593+0000] {dagbag.py:545} INFO - Filling up the DagBag from /home/airflow/.local/lib/python3.12/site-packages/airflow/example_dags/example_branch_operator.py
[2024-08-09T02:03:10.641+0000] {processor.py:840} INFO - DAG(s) 'example_branch_operator' retrieved from /home/airflow/.local/lib/python3.12/site-packages/airflow/example_dags/example_branch_operator.py
[2024-08-09T02:03:10.703+0000] {logging_mixin.py:188} INFO - [2024-08-09T02:03:10.703+0000] {dag.py:3089} INFO - Sync 1 DAGs
[2024-08-09T02:03:10.750+0000] {logging_mixin.py:188} INFO - [2024-08-09T02:03:10.750+0000] {dag.py:3947} INFO - Setting next_dagrun for example_branch_operator to 2024-08-08 00:00:00+00:00, run_after=2024-08-09 00:00:00+00:00
[2024-08-09T02:03:10.797+0000] {processor.py:183} INFO - Processing /home/airflow/.local/lib/python3.12/site-packages/airflow/example_dags/example_branch_operator.py took 0.244 seconds
[2024-08-09T02:03:41.475+0000] {processor.py:161} INFO - Started process (PID=3329) to work on /home/airflow/.local/lib/python3.12/site-packages/airflow/example_dags/example_branch_operator.py
[2024-08-09T02:03:41.478+0000] {processor.py:830} INFO - Processing file /home/airflow/.local/lib/python3.12/site-packages/airflow/example_dags/example_branch_operator.py for tasks to queue
[2024-08-09T02:03:41.484+0000] {logging_mixin.py:188} INFO - [2024-08-09T02:03:41.482+0000] {dagbag.py:545} INFO - Filling up the DagBag from /home/airflow/.local/lib/python3.12/site-packages/airflow/example_dags/example_branch_operator.py
[2024-08-09T02:03:41.520+0000] {processor.py:840} INFO - DAG(s) 'example_branch_operator' retrieved from /home/airflow/.local/lib/python3.12/site-packages/airflow/example_dags/example_branch_operator.py
[2024-08-09T02:03:41.583+0000] {logging_mixin.py:188} INFO - [2024-08-09T02:03:41.583+0000] {dag.py:3089} INFO - Sync 1 DAGs
[2024-08-09T02:03:41.626+0000] {logging_mixin.py:188} INFO - [2024-08-09T02:03:41.626+0000] {dag.py:3947} INFO - Setting next_dagrun for example_branch_operator to 2024-08-08 00:00:00+00:00, run_after=2024-08-09 00:00:00+00:00
[2024-08-09T02:03:41.665+0000] {processor.py:183} INFO - Processing /home/airflow/.local/lib/python3.12/site-packages/airflow/example_dags/example_branch_operator.py took 0.206 seconds
[2024-08-09T02:04:12.463+0000] {processor.py:161} INFO - Started process (PID=3387) to work on /home/airflow/.local/lib/python3.12/site-packages/airflow/example_dags/example_branch_operator.py
[2024-08-09T02:04:12.467+0000] {processor.py:830} INFO - Processing file /home/airflow/.local/lib/python3.12/site-packages/airflow/example_dags/example_branch_operator.py for tasks to queue
[2024-08-09T02:04:12.473+0000] {logging_mixin.py:188} INFO - [2024-08-09T02:04:12.472+0000] {dagbag.py:545} INFO - Filling up the DagBag from /home/airflow/.local/lib/python3.12/site-packages/airflow/example_dags/example_branch_operator.py
[2024-08-09T02:04:12.509+0000] {processor.py:840} INFO - DAG(s) 'example_branch_operator' retrieved from /home/airflow/.local/lib/python3.12/site-packages/airflow/example_dags/example_branch_operator.py
[2024-08-09T02:04:12.592+0000] {logging_mixin.py:188} INFO - [2024-08-09T02:04:12.592+0000] {dag.py:3089} INFO - Sync 1 DAGs
[2024-08-09T02:04:12.644+0000] {logging_mixin.py:188} INFO - [2024-08-09T02:04:12.644+0000] {dag.py:3947} INFO - Setting next_dagrun for example_branch_operator to 2024-08-08 00:00:00+00:00, run_after=2024-08-09 00:00:00+00:00
[2024-08-09T02:04:12.687+0000] {processor.py:183} INFO - Processing /home/airflow/.local/lib/python3.12/site-packages/airflow/example_dags/example_branch_operator.py took 0.244 seconds
[2024-08-09T02:04:42.950+0000] {processor.py:161} INFO - Started process (PID=3445) to work on /home/airflow/.local/lib/python3.12/site-packages/airflow/example_dags/example_branch_operator.py
[2024-08-09T02:04:42.955+0000] {processor.py:830} INFO - Processing file /home/airflow/.local/lib/python3.12/site-packages/airflow/example_dags/example_branch_operator.py for tasks to queue
[2024-08-09T02:04:42.963+0000] {logging_mixin.py:188} INFO - [2024-08-09T02:04:42.962+0000] {dagbag.py:545} INFO - Filling up the DagBag from /home/airflow/.local/lib/python3.12/site-packages/airflow/example_dags/example_branch_operator.py
[2024-08-09T02:04:43.018+0000] {processor.py:840} INFO - DAG(s) 'example_branch_operator' retrieved from /home/airflow/.local/lib/python3.12/site-packages/airflow/example_dags/example_branch_operator.py
[2024-08-09T02:04:43.089+0000] {logging_mixin.py:188} INFO - [2024-08-09T02:04:43.089+0000] {dag.py:3089} INFO - Sync 1 DAGs
[2024-08-09T02:04:43.135+0000] {logging_mixin.py:188} INFO - [2024-08-09T02:04:43.134+0000] {dag.py:3947} INFO - Setting next_dagrun for example_branch_operator to 2024-08-08 00:00:00+00:00, run_after=2024-08-09 00:00:00+00:00
[2024-08-09T02:04:43.172+0000] {processor.py:183} INFO - Processing /home/airflow/.local/lib/python3.12/site-packages/airflow/example_dags/example_branch_operator.py took 0.261 seconds
[2024-08-09T02:05:14.220+0000] {processor.py:161} INFO - Started process (PID=3503) to work on /home/airflow/.local/lib/python3.12/site-packages/airflow/example_dags/example_branch_operator.py
[2024-08-09T02:05:14.229+0000] {processor.py:830} INFO - Processing file /home/airflow/.local/lib/python3.12/site-packages/airflow/example_dags/example_branch_operator.py for tasks to queue
[2024-08-09T02:05:14.250+0000] {logging_mixin.py:188} INFO - [2024-08-09T02:05:14.250+0000] {dagbag.py:545} INFO - Filling up the DagBag from /home/airflow/.local/lib/python3.12/site-packages/airflow/example_dags/example_branch_operator.py
[2024-08-09T02:05:14.325+0000] {processor.py:840} INFO - DAG(s) 'example_branch_operator' retrieved from /home/airflow/.local/lib/python3.12/site-packages/airflow/example_dags/example_branch_operator.py
[2024-08-09T02:05:14.427+0000] {logging_mixin.py:188} INFO - [2024-08-09T02:05:14.427+0000] {dag.py:3089} INFO - Sync 1 DAGs
[2024-08-09T02:05:14.519+0000] {logging_mixin.py:188} INFO - [2024-08-09T02:05:14.519+0000] {dag.py:3947} INFO - Setting next_dagrun for example_branch_operator to 2024-08-08 00:00:00+00:00, run_after=2024-08-09 00:00:00+00:00
[2024-08-09T02:05:14.586+0000] {processor.py:183} INFO - Processing /home/airflow/.local/lib/python3.12/site-packages/airflow/example_dags/example_branch_operator.py took 0.473 seconds
[2024-08-09T02:05:45.023+0000] {processor.py:161} INFO - Started process (PID=3561) to work on /home/airflow/.local/lib/python3.12/site-packages/airflow/example_dags/example_branch_operator.py
[2024-08-09T02:05:45.029+0000] {processor.py:830} INFO - Processing file /home/airflow/.local/lib/python3.12/site-packages/airflow/example_dags/example_branch_operator.py for tasks to queue
[2024-08-09T02:05:45.041+0000] {logging_mixin.py:188} INFO - [2024-08-09T02:05:45.040+0000] {dagbag.py:545} INFO - Filling up the DagBag from /home/airflow/.local/lib/python3.12/site-packages/airflow/example_dags/example_branch_operator.py
[2024-08-09T02:05:45.183+0000] {processor.py:840} INFO - DAG(s) 'example_branch_operator' retrieved from /home/airflow/.local/lib/python3.12/site-packages/airflow/example_dags/example_branch_operator.py
[2024-08-09T02:05:45.453+0000] {logging_mixin.py:188} INFO - [2024-08-09T02:05:45.453+0000] {dag.py:3089} INFO - Sync 1 DAGs
[2024-08-09T02:05:45.586+0000] {logging_mixin.py:188} INFO - [2024-08-09T02:05:45.585+0000] {dag.py:3947} INFO - Setting next_dagrun for example_branch_operator to 2024-08-08 00:00:00+00:00, run_after=2024-08-09 00:00:00+00:00
[2024-08-09T02:05:45.700+0000] {processor.py:183} INFO - Processing /home/airflow/.local/lib/python3.12/site-packages/airflow/example_dags/example_branch_operator.py took 0.712 seconds
[2024-08-09T02:06:16.029+0000] {processor.py:161} INFO - Started process (PID=3619) to work on /home/airflow/.local/lib/python3.12/site-packages/airflow/example_dags/example_branch_operator.py
[2024-08-09T02:06:16.032+0000] {processor.py:830} INFO - Processing file /home/airflow/.local/lib/python3.12/site-packages/airflow/example_dags/example_branch_operator.py for tasks to queue
[2024-08-09T02:06:16.036+0000] {logging_mixin.py:188} INFO - [2024-08-09T02:06:16.035+0000] {dagbag.py:545} INFO - Filling up the DagBag from /home/airflow/.local/lib/python3.12/site-packages/airflow/example_dags/example_branch_operator.py
[2024-08-09T02:06:16.071+0000] {processor.py:840} INFO - DAG(s) 'example_branch_operator' retrieved from /home/airflow/.local/lib/python3.12/site-packages/airflow/example_dags/example_branch_operator.py
[2024-08-09T02:06:16.139+0000] {logging_mixin.py:188} INFO - [2024-08-09T02:06:16.139+0000] {dag.py:3089} INFO - Sync 1 DAGs
[2024-08-09T02:06:16.187+0000] {logging_mixin.py:188} INFO - [2024-08-09T02:06:16.187+0000] {dag.py:3947} INFO - Setting next_dagrun for example_branch_operator to 2024-08-08 00:00:00+00:00, run_after=2024-08-09 00:00:00+00:00
[2024-08-09T02:06:16.233+0000] {processor.py:183} INFO - Processing /home/airflow/.local/lib/python3.12/site-packages/airflow/example_dags/example_branch_operator.py took 0.225 seconds
[2024-08-09T02:06:46.353+0000] {processor.py:161} INFO - Started process (PID=3676) to work on /home/airflow/.local/lib/python3.12/site-packages/airflow/example_dags/example_branch_operator.py
[2024-08-09T02:06:46.357+0000] {processor.py:830} INFO - Processing file /home/airflow/.local/lib/python3.12/site-packages/airflow/example_dags/example_branch_operator.py for tasks to queue
[2024-08-09T02:06:46.361+0000] {logging_mixin.py:188} INFO - [2024-08-09T02:06:46.360+0000] {dagbag.py:545} INFO - Filling up the DagBag from /home/airflow/.local/lib/python3.12/site-packages/airflow/example_dags/example_branch_operator.py
[2024-08-09T02:06:46.395+0000] {processor.py:840} INFO - DAG(s) 'example_branch_operator' retrieved from /home/airflow/.local/lib/python3.12/site-packages/airflow/example_dags/example_branch_operator.py
[2024-08-09T02:06:46.451+0000] {logging_mixin.py:188} INFO - [2024-08-09T02:06:46.451+0000] {dag.py:3089} INFO - Sync 1 DAGs
[2024-08-09T02:06:46.488+0000] {logging_mixin.py:188} INFO - [2024-08-09T02:06:46.487+0000] {dag.py:3947} INFO - Setting next_dagrun for example_branch_operator to 2024-08-08 00:00:00+00:00, run_after=2024-08-09 00:00:00+00:00
[2024-08-09T02:06:46.519+0000] {processor.py:183} INFO - Processing /home/airflow/.local/lib/python3.12/site-packages/airflow/example_dags/example_branch_operator.py took 0.184 seconds
[2024-08-09T02:07:17.566+0000] {processor.py:161} INFO - Started process (PID=3734) to work on /home/airflow/.local/lib/python3.12/site-packages/airflow/example_dags/example_branch_operator.py
[2024-08-09T02:07:17.572+0000] {processor.py:830} INFO - Processing file /home/airflow/.local/lib/python3.12/site-packages/airflow/example_dags/example_branch_operator.py for tasks to queue
[2024-08-09T02:07:17.581+0000] {logging_mixin.py:188} INFO - [2024-08-09T02:07:17.580+0000] {dagbag.py:545} INFO - Filling up the DagBag from /home/airflow/.local/lib/python3.12/site-packages/airflow/example_dags/example_branch_operator.py
[2024-08-09T02:07:17.624+0000] {processor.py:840} INFO - DAG(s) 'example_branch_operator' retrieved from /home/airflow/.local/lib/python3.12/site-packages/airflow/example_dags/example_branch_operator.py
[2024-08-09T02:07:17.695+0000] {logging_mixin.py:188} INFO - [2024-08-09T02:07:17.694+0000] {dag.py:3089} INFO - Sync 1 DAGs
[2024-08-09T02:07:17.738+0000] {logging_mixin.py:188} INFO - [2024-08-09T02:07:17.738+0000] {dag.py:3947} INFO - Setting next_dagrun for example_branch_operator to 2024-08-08 00:00:00+00:00, run_after=2024-08-09 00:00:00+00:00
[2024-08-09T02:07:17.777+0000] {processor.py:183} INFO - Processing /home/airflow/.local/lib/python3.12/site-packages/airflow/example_dags/example_branch_operator.py took 0.241 seconds
[2024-08-09T02:07:48.502+0000] {processor.py:161} INFO - Started process (PID=3791) to work on /home/airflow/.local/lib/python3.12/site-packages/airflow/example_dags/example_branch_operator.py
[2024-08-09T02:07:48.504+0000] {processor.py:830} INFO - Processing file /home/airflow/.local/lib/python3.12/site-packages/airflow/example_dags/example_branch_operator.py for tasks to queue
[2024-08-09T02:07:48.511+0000] {logging_mixin.py:188} INFO - [2024-08-09T02:07:48.510+0000] {dagbag.py:545} INFO - Filling up the DagBag from /home/airflow/.local/lib/python3.12/site-packages/airflow/example_dags/example_branch_operator.py
[2024-08-09T02:07:48.552+0000] {processor.py:840} INFO - DAG(s) 'example_branch_operator' retrieved from /home/airflow/.local/lib/python3.12/site-packages/airflow/example_dags/example_branch_operator.py
[2024-08-09T02:07:48.629+0000] {logging_mixin.py:188} INFO - [2024-08-09T02:07:48.629+0000] {dag.py:3089} INFO - Sync 1 DAGs
[2024-08-09T02:07:48.682+0000] {logging_mixin.py:188} INFO - [2024-08-09T02:07:48.681+0000] {dag.py:3947} INFO - Setting next_dagrun for example_branch_operator to 2024-08-08 00:00:00+00:00, run_after=2024-08-09 00:00:00+00:00
[2024-08-09T02:07:48.724+0000] {processor.py:183} INFO - Processing /home/airflow/.local/lib/python3.12/site-packages/airflow/example_dags/example_branch_operator.py took 0.248 seconds
[2024-08-09T02:08:19.504+0000] {processor.py:161} INFO - Started process (PID=3849) to work on /home/airflow/.local/lib/python3.12/site-packages/airflow/example_dags/example_branch_operator.py
[2024-08-09T02:08:19.506+0000] {processor.py:830} INFO - Processing file /home/airflow/.local/lib/python3.12/site-packages/airflow/example_dags/example_branch_operator.py for tasks to queue
[2024-08-09T02:08:19.517+0000] {logging_mixin.py:188} INFO - [2024-08-09T02:08:19.514+0000] {dagbag.py:545} INFO - Filling up the DagBag from /home/airflow/.local/lib/python3.12/site-packages/airflow/example_dags/example_branch_operator.py
[2024-08-09T02:08:19.582+0000] {processor.py:840} INFO - DAG(s) 'example_branch_operator' retrieved from /home/airflow/.local/lib/python3.12/site-packages/airflow/example_dags/example_branch_operator.py
[2024-08-09T02:08:19.748+0000] {logging_mixin.py:188} INFO - [2024-08-09T02:08:19.748+0000] {dag.py:3089} INFO - Sync 1 DAGs
[2024-08-09T02:08:19.847+0000] {logging_mixin.py:188} INFO - [2024-08-09T02:08:19.847+0000] {dag.py:3947} INFO - Setting next_dagrun for example_branch_operator to 2024-08-08 00:00:00+00:00, run_after=2024-08-09 00:00:00+00:00
[2024-08-09T02:08:19.929+0000] {processor.py:183} INFO - Processing /home/airflow/.local/lib/python3.12/site-packages/airflow/example_dags/example_branch_operator.py took 0.467 seconds
[2024-08-09T02:08:50.000+0000] {processor.py:161} INFO - Started process (PID=3906) to work on /home/airflow/.local/lib/python3.12/site-packages/airflow/example_dags/example_branch_operator.py
[2024-08-09T02:08:50.002+0000] {processor.py:830} INFO - Processing file /home/airflow/.local/lib/python3.12/site-packages/airflow/example_dags/example_branch_operator.py for tasks to queue
[2024-08-09T02:08:50.007+0000] {logging_mixin.py:188} INFO - [2024-08-09T02:08:50.006+0000] {dagbag.py:545} INFO - Filling up the DagBag from /home/airflow/.local/lib/python3.12/site-packages/airflow/example_dags/example_branch_operator.py
[2024-08-09T02:08:50.041+0000] {processor.py:840} INFO - DAG(s) 'example_branch_operator' retrieved from /home/airflow/.local/lib/python3.12/site-packages/airflow/example_dags/example_branch_operator.py
[2024-08-09T02:08:50.093+0000] {logging_mixin.py:188} INFO - [2024-08-09T02:08:50.093+0000] {dag.py:3089} INFO - Sync 1 DAGs
[2024-08-09T02:08:50.128+0000] {logging_mixin.py:188} INFO - [2024-08-09T02:08:50.128+0000] {dag.py:3947} INFO - Setting next_dagrun for example_branch_operator to 2024-08-08 00:00:00+00:00, run_after=2024-08-09 00:00:00+00:00
[2024-08-09T02:08:50.158+0000] {processor.py:183} INFO - Processing /home/airflow/.local/lib/python3.12/site-packages/airflow/example_dags/example_branch_operator.py took 0.173 seconds
[2024-08-09T02:09:20.266+0000] {processor.py:161} INFO - Started process (PID=3964) to work on /home/airflow/.local/lib/python3.12/site-packages/airflow/example_dags/example_branch_operator.py
[2024-08-09T02:09:20.268+0000] {processor.py:830} INFO - Processing file /home/airflow/.local/lib/python3.12/site-packages/airflow/example_dags/example_branch_operator.py for tasks to queue
[2024-08-09T02:09:20.281+0000] {logging_mixin.py:188} INFO - [2024-08-09T02:09:20.279+0000] {dagbag.py:545} INFO - Filling up the DagBag from /home/airflow/.local/lib/python3.12/site-packages/airflow/example_dags/example_branch_operator.py
[2024-08-09T02:09:20.330+0000] {processor.py:840} INFO - DAG(s) 'example_branch_operator' retrieved from /home/airflow/.local/lib/python3.12/site-packages/airflow/example_dags/example_branch_operator.py
[2024-08-09T02:09:20.425+0000] {logging_mixin.py:188} INFO - [2024-08-09T02:09:20.424+0000] {dag.py:3089} INFO - Sync 1 DAGs
[2024-08-09T02:09:20.480+0000] {logging_mixin.py:188} INFO - [2024-08-09T02:09:20.480+0000] {dag.py:3947} INFO - Setting next_dagrun for example_branch_operator to 2024-08-08 00:00:00+00:00, run_after=2024-08-09 00:00:00+00:00
[2024-08-09T02:09:20.538+0000] {processor.py:183} INFO - Processing /home/airflow/.local/lib/python3.12/site-packages/airflow/example_dags/example_branch_operator.py took 0.289 seconds
[2024-08-09T02:09:51.417+0000] {processor.py:161} INFO - Started process (PID=4023) to work on /home/airflow/.local/lib/python3.12/site-packages/airflow/example_dags/example_branch_operator.py
[2024-08-09T02:09:51.420+0000] {processor.py:830} INFO - Processing file /home/airflow/.local/lib/python3.12/site-packages/airflow/example_dags/example_branch_operator.py for tasks to queue
[2024-08-09T02:09:51.426+0000] {logging_mixin.py:188} INFO - [2024-08-09T02:09:51.425+0000] {dagbag.py:545} INFO - Filling up the DagBag from /home/airflow/.local/lib/python3.12/site-packages/airflow/example_dags/example_branch_operator.py
[2024-08-09T02:09:51.473+0000] {processor.py:840} INFO - DAG(s) 'example_branch_operator' retrieved from /home/airflow/.local/lib/python3.12/site-packages/airflow/example_dags/example_branch_operator.py
[2024-08-09T02:09:51.553+0000] {logging_mixin.py:188} INFO - [2024-08-09T02:09:51.552+0000] {dag.py:3089} INFO - Sync 1 DAGs
[2024-08-09T02:09:51.605+0000] {logging_mixin.py:188} INFO - [2024-08-09T02:09:51.605+0000] {dag.py:3947} INFO - Setting next_dagrun for example_branch_operator to 2024-08-08 00:00:00+00:00, run_after=2024-08-09 00:00:00+00:00
[2024-08-09T02:09:51.647+0000] {processor.py:183} INFO - Processing /home/airflow/.local/lib/python3.12/site-packages/airflow/example_dags/example_branch_operator.py took 0.251 seconds
[2024-08-09T02:10:21.777+0000] {processor.py:161} INFO - Started process (PID=4080) to work on /home/airflow/.local/lib/python3.12/site-packages/airflow/example_dags/example_branch_operator.py
[2024-08-09T02:10:21.779+0000] {processor.py:830} INFO - Processing file /home/airflow/.local/lib/python3.12/site-packages/airflow/example_dags/example_branch_operator.py for tasks to queue
[2024-08-09T02:10:21.786+0000] {logging_mixin.py:188} INFO - [2024-08-09T02:10:21.784+0000] {dagbag.py:545} INFO - Filling up the DagBag from /home/airflow/.local/lib/python3.12/site-packages/airflow/example_dags/example_branch_operator.py
[2024-08-09T02:10:21.832+0000] {processor.py:840} INFO - DAG(s) 'example_branch_operator' retrieved from /home/airflow/.local/lib/python3.12/site-packages/airflow/example_dags/example_branch_operator.py
[2024-08-09T02:10:21.913+0000] {logging_mixin.py:188} INFO - [2024-08-09T02:10:21.913+0000] {dag.py:3089} INFO - Sync 1 DAGs
[2024-08-09T02:10:21.963+0000] {logging_mixin.py:188} INFO - [2024-08-09T02:10:21.963+0000] {dag.py:3947} INFO - Setting next_dagrun for example_branch_operator to 2024-08-08 00:00:00+00:00, run_after=2024-08-09 00:00:00+00:00
[2024-08-09T02:10:22.006+0000] {processor.py:183} INFO - Processing /home/airflow/.local/lib/python3.12/site-packages/airflow/example_dags/example_branch_operator.py took 0.250 seconds
[2024-08-09T02:10:52.214+0000] {processor.py:161} INFO - Started process (PID=4137) to work on /home/airflow/.local/lib/python3.12/site-packages/airflow/example_dags/example_branch_operator.py
[2024-08-09T02:10:52.218+0000] {processor.py:830} INFO - Processing file /home/airflow/.local/lib/python3.12/site-packages/airflow/example_dags/example_branch_operator.py for tasks to queue
[2024-08-09T02:10:52.224+0000] {logging_mixin.py:188} INFO - [2024-08-09T02:10:52.223+0000] {dagbag.py:545} INFO - Filling up the DagBag from /home/airflow/.local/lib/python3.12/site-packages/airflow/example_dags/example_branch_operator.py
[2024-08-09T02:10:52.253+0000] {processor.py:840} INFO - DAG(s) 'example_branch_operator' retrieved from /home/airflow/.local/lib/python3.12/site-packages/airflow/example_dags/example_branch_operator.py
[2024-08-09T02:10:52.307+0000] {logging_mixin.py:188} INFO - [2024-08-09T02:10:52.307+0000] {dag.py:3089} INFO - Sync 1 DAGs
[2024-08-09T02:10:52.346+0000] {logging_mixin.py:188} INFO - [2024-08-09T02:10:52.346+0000] {dag.py:3947} INFO - Setting next_dagrun for example_branch_operator to 2024-08-08 00:00:00+00:00, run_after=2024-08-09 00:00:00+00:00
[2024-08-09T02:10:52.382+0000] {processor.py:183} INFO - Processing /home/airflow/.local/lib/python3.12/site-packages/airflow/example_dags/example_branch_operator.py took 0.186 seconds
[2024-08-09T02:11:23.277+0000] {processor.py:161} INFO - Started process (PID=4195) to work on /home/airflow/.local/lib/python3.12/site-packages/airflow/example_dags/example_branch_operator.py
[2024-08-09T02:11:23.281+0000] {processor.py:830} INFO - Processing file /home/airflow/.local/lib/python3.12/site-packages/airflow/example_dags/example_branch_operator.py for tasks to queue
[2024-08-09T02:11:23.286+0000] {logging_mixin.py:188} INFO - [2024-08-09T02:11:23.285+0000] {dagbag.py:545} INFO - Filling up the DagBag from /home/airflow/.local/lib/python3.12/site-packages/airflow/example_dags/example_branch_operator.py
[2024-08-09T02:11:23.339+0000] {processor.py:840} INFO - DAG(s) 'example_branch_operator' retrieved from /home/airflow/.local/lib/python3.12/site-packages/airflow/example_dags/example_branch_operator.py
[2024-08-09T02:11:23.420+0000] {logging_mixin.py:188} INFO - [2024-08-09T02:11:23.419+0000] {dag.py:3089} INFO - Sync 1 DAGs
[2024-08-09T02:11:23.476+0000] {logging_mixin.py:188} INFO - [2024-08-09T02:11:23.475+0000] {dag.py:3947} INFO - Setting next_dagrun for example_branch_operator to 2024-08-08 00:00:00+00:00, run_after=2024-08-09 00:00:00+00:00
[2024-08-09T02:11:23.512+0000] {processor.py:183} INFO - Processing /home/airflow/.local/lib/python3.12/site-packages/airflow/example_dags/example_branch_operator.py took 0.256 seconds
[2024-08-09T02:11:53.725+0000] {processor.py:161} INFO - Started process (PID=4253) to work on /home/airflow/.local/lib/python3.12/site-packages/airflow/example_dags/example_branch_operator.py
[2024-08-09T02:11:53.731+0000] {processor.py:830} INFO - Processing file /home/airflow/.local/lib/python3.12/site-packages/airflow/example_dags/example_branch_operator.py for tasks to queue
[2024-08-09T02:11:53.737+0000] {logging_mixin.py:188} INFO - [2024-08-09T02:11:53.736+0000] {dagbag.py:545} INFO - Filling up the DagBag from /home/airflow/.local/lib/python3.12/site-packages/airflow/example_dags/example_branch_operator.py
[2024-08-09T02:11:53.832+0000] {processor.py:840} INFO - DAG(s) 'example_branch_operator' retrieved from /home/airflow/.local/lib/python3.12/site-packages/airflow/example_dags/example_branch_operator.py
[2024-08-09T02:11:53.937+0000] {logging_mixin.py:188} INFO - [2024-08-09T02:11:53.937+0000] {dag.py:3089} INFO - Sync 1 DAGs
[2024-08-09T02:11:53.989+0000] {logging_mixin.py:188} INFO - [2024-08-09T02:11:53.988+0000] {dag.py:3947} INFO - Setting next_dagrun for example_branch_operator to 2024-08-08 00:00:00+00:00, run_after=2024-08-09 00:00:00+00:00
[2024-08-09T02:11:54.026+0000] {processor.py:183} INFO - Processing /home/airflow/.local/lib/python3.12/site-packages/airflow/example_dags/example_branch_operator.py took 0.326 seconds
[2024-08-09T02:12:24.240+0000] {processor.py:161} INFO - Started process (PID=4311) to work on /home/airflow/.local/lib/python3.12/site-packages/airflow/example_dags/example_branch_operator.py
[2024-08-09T02:12:24.242+0000] {processor.py:830} INFO - Processing file /home/airflow/.local/lib/python3.12/site-packages/airflow/example_dags/example_branch_operator.py for tasks to queue
[2024-08-09T02:12:24.247+0000] {logging_mixin.py:188} INFO - [2024-08-09T02:12:24.246+0000] {dagbag.py:545} INFO - Filling up the DagBag from /home/airflow/.local/lib/python3.12/site-packages/airflow/example_dags/example_branch_operator.py
[2024-08-09T02:12:24.298+0000] {processor.py:840} INFO - DAG(s) 'example_branch_operator' retrieved from /home/airflow/.local/lib/python3.12/site-packages/airflow/example_dags/example_branch_operator.py
[2024-08-09T02:12:24.434+0000] {logging_mixin.py:188} INFO - [2024-08-09T02:12:24.434+0000] {dag.py:3089} INFO - Sync 1 DAGs
[2024-08-09T02:12:24.490+0000] {logging_mixin.py:188} INFO - [2024-08-09T02:12:24.487+0000] {dag.py:3947} INFO - Setting next_dagrun for example_branch_operator to 2024-08-08 00:00:00+00:00, run_after=2024-08-09 00:00:00+00:00
[2024-08-09T02:12:24.559+0000] {processor.py:183} INFO - Processing /home/airflow/.local/lib/python3.12/site-packages/airflow/example_dags/example_branch_operator.py took 0.358 seconds
[2024-08-09T02:12:55.592+0000] {processor.py:161} INFO - Started process (PID=4369) to work on /home/airflow/.local/lib/python3.12/site-packages/airflow/example_dags/example_branch_operator.py
[2024-08-09T02:12:55.598+0000] {processor.py:830} INFO - Processing file /home/airflow/.local/lib/python3.12/site-packages/airflow/example_dags/example_branch_operator.py for tasks to queue
[2024-08-09T02:12:55.607+0000] {logging_mixin.py:188} INFO - [2024-08-09T02:12:55.606+0000] {dagbag.py:545} INFO - Filling up the DagBag from /home/airflow/.local/lib/python3.12/site-packages/airflow/example_dags/example_branch_operator.py
[2024-08-09T02:12:55.718+0000] {processor.py:840} INFO - DAG(s) 'example_branch_operator' retrieved from /home/airflow/.local/lib/python3.12/site-packages/airflow/example_dags/example_branch_operator.py
[2024-08-09T02:12:55.881+0000] {logging_mixin.py:188} INFO - [2024-08-09T02:12:55.880+0000] {dag.py:3089} INFO - Sync 1 DAGs
[2024-08-09T02:12:55.961+0000] {logging_mixin.py:188} INFO - [2024-08-09T02:12:55.961+0000] {dag.py:3947} INFO - Setting next_dagrun for example_branch_operator to 2024-08-08 00:00:00+00:00, run_after=2024-08-09 00:00:00+00:00
[2024-08-09T02:12:56.008+0000] {processor.py:183} INFO - Processing /home/airflow/.local/lib/python3.12/site-packages/airflow/example_dags/example_branch_operator.py took 0.462 seconds
[2024-08-09T02:13:26.304+0000] {processor.py:161} INFO - Started process (PID=4426) to work on /home/airflow/.local/lib/python3.12/site-packages/airflow/example_dags/example_branch_operator.py
[2024-08-09T02:13:26.307+0000] {processor.py:830} INFO - Processing file /home/airflow/.local/lib/python3.12/site-packages/airflow/example_dags/example_branch_operator.py for tasks to queue
[2024-08-09T02:13:26.313+0000] {logging_mixin.py:188} INFO - [2024-08-09T02:13:26.311+0000] {dagbag.py:545} INFO - Filling up the DagBag from /home/airflow/.local/lib/python3.12/site-packages/airflow/example_dags/example_branch_operator.py
[2024-08-09T02:13:26.385+0000] {processor.py:840} INFO - DAG(s) 'example_branch_operator' retrieved from /home/airflow/.local/lib/python3.12/site-packages/airflow/example_dags/example_branch_operator.py
[2024-08-09T02:13:26.526+0000] {logging_mixin.py:188} INFO - [2024-08-09T02:13:26.525+0000] {dag.py:3089} INFO - Sync 1 DAGs
[2024-08-09T02:13:26.659+0000] {logging_mixin.py:188} INFO - [2024-08-09T02:13:26.658+0000] {dag.py:3947} INFO - Setting next_dagrun for example_branch_operator to 2024-08-08 00:00:00+00:00, run_after=2024-08-09 00:00:00+00:00
[2024-08-09T02:13:26.714+0000] {processor.py:183} INFO - Processing /home/airflow/.local/lib/python3.12/site-packages/airflow/example_dags/example_branch_operator.py took 0.438 seconds
[2024-08-09T02:13:56.855+0000] {processor.py:161} INFO - Started process (PID=4484) to work on /home/airflow/.local/lib/python3.12/site-packages/airflow/example_dags/example_branch_operator.py
[2024-08-09T02:13:56.862+0000] {processor.py:830} INFO - Processing file /home/airflow/.local/lib/python3.12/site-packages/airflow/example_dags/example_branch_operator.py for tasks to queue
[2024-08-09T02:13:56.872+0000] {logging_mixin.py:188} INFO - [2024-08-09T02:13:56.870+0000] {dagbag.py:545} INFO - Filling up the DagBag from /home/airflow/.local/lib/python3.12/site-packages/airflow/example_dags/example_branch_operator.py
[2024-08-09T02:13:56.925+0000] {processor.py:840} INFO - DAG(s) 'example_branch_operator' retrieved from /home/airflow/.local/lib/python3.12/site-packages/airflow/example_dags/example_branch_operator.py
[2024-08-09T02:13:57.068+0000] {logging_mixin.py:188} INFO - [2024-08-09T02:13:57.067+0000] {dag.py:3089} INFO - Sync 1 DAGs
[2024-08-09T02:13:57.144+0000] {logging_mixin.py:188} INFO - [2024-08-09T02:13:57.143+0000] {dag.py:3947} INFO - Setting next_dagrun for example_branch_operator to 2024-08-08 00:00:00+00:00, run_after=2024-08-09 00:00:00+00:00
[2024-08-09T02:13:57.204+0000] {processor.py:183} INFO - Processing /home/airflow/.local/lib/python3.12/site-packages/airflow/example_dags/example_branch_operator.py took 0.384 seconds
[2024-08-09T02:14:27.885+0000] {processor.py:161} INFO - Started process (PID=4542) to work on /home/airflow/.local/lib/python3.12/site-packages/airflow/example_dags/example_branch_operator.py
[2024-08-09T02:14:27.889+0000] {processor.py:830} INFO - Processing file /home/airflow/.local/lib/python3.12/site-packages/airflow/example_dags/example_branch_operator.py for tasks to queue
[2024-08-09T02:14:27.900+0000] {logging_mixin.py:188} INFO - [2024-08-09T02:14:27.899+0000] {dagbag.py:545} INFO - Filling up the DagBag from /home/airflow/.local/lib/python3.12/site-packages/airflow/example_dags/example_branch_operator.py
[2024-08-09T02:14:27.984+0000] {processor.py:840} INFO - DAG(s) 'example_branch_operator' retrieved from /home/airflow/.local/lib/python3.12/site-packages/airflow/example_dags/example_branch_operator.py
[2024-08-09T02:14:28.087+0000] {logging_mixin.py:188} INFO - [2024-08-09T02:14:28.087+0000] {dag.py:3089} INFO - Sync 1 DAGs
[2024-08-09T02:14:28.161+0000] {logging_mixin.py:188} INFO - [2024-08-09T02:14:28.161+0000] {dag.py:3947} INFO - Setting next_dagrun for example_branch_operator to 2024-08-08 00:00:00+00:00, run_after=2024-08-09 00:00:00+00:00
[2024-08-09T02:14:28.204+0000] {processor.py:183} INFO - Processing /home/airflow/.local/lib/python3.12/site-packages/airflow/example_dags/example_branch_operator.py took 0.338 seconds
[2024-08-09T02:14:58.494+0000] {processor.py:161} INFO - Started process (PID=4600) to work on /home/airflow/.local/lib/python3.12/site-packages/airflow/example_dags/example_branch_operator.py
[2024-08-09T02:14:58.498+0000] {processor.py:830} INFO - Processing file /home/airflow/.local/lib/python3.12/site-packages/airflow/example_dags/example_branch_operator.py for tasks to queue
[2024-08-09T02:14:58.506+0000] {logging_mixin.py:188} INFO - [2024-08-09T02:14:58.505+0000] {dagbag.py:545} INFO - Filling up the DagBag from /home/airflow/.local/lib/python3.12/site-packages/airflow/example_dags/example_branch_operator.py
[2024-08-09T02:14:58.572+0000] {processor.py:840} INFO - DAG(s) 'example_branch_operator' retrieved from /home/airflow/.local/lib/python3.12/site-packages/airflow/example_dags/example_branch_operator.py
[2024-08-09T02:14:58.673+0000] {logging_mixin.py:188} INFO - [2024-08-09T02:14:58.673+0000] {dag.py:3089} INFO - Sync 1 DAGs
[2024-08-09T02:14:58.737+0000] {logging_mixin.py:188} INFO - [2024-08-09T02:14:58.737+0000] {dag.py:3947} INFO - Setting next_dagrun for example_branch_operator to 2024-08-08 00:00:00+00:00, run_after=2024-08-09 00:00:00+00:00
[2024-08-09T02:14:58.810+0000] {processor.py:183} INFO - Processing /home/airflow/.local/lib/python3.12/site-packages/airflow/example_dags/example_branch_operator.py took 0.341 seconds
[2024-08-09T02:15:29.495+0000] {processor.py:161} INFO - Started process (PID=4656) to work on /home/airflow/.local/lib/python3.12/site-packages/airflow/example_dags/example_branch_operator.py
[2024-08-09T02:15:29.498+0000] {processor.py:830} INFO - Processing file /home/airflow/.local/lib/python3.12/site-packages/airflow/example_dags/example_branch_operator.py for tasks to queue
[2024-08-09T02:15:29.504+0000] {logging_mixin.py:188} INFO - [2024-08-09T02:15:29.503+0000] {dagbag.py:545} INFO - Filling up the DagBag from /home/airflow/.local/lib/python3.12/site-packages/airflow/example_dags/example_branch_operator.py
[2024-08-09T02:15:29.542+0000] {processor.py:840} INFO - DAG(s) 'example_branch_operator' retrieved from /home/airflow/.local/lib/python3.12/site-packages/airflow/example_dags/example_branch_operator.py
[2024-08-09T02:15:29.615+0000] {logging_mixin.py:188} INFO - [2024-08-09T02:15:29.615+0000] {dag.py:3089} INFO - Sync 1 DAGs
[2024-08-09T02:15:29.659+0000] {logging_mixin.py:188} INFO - [2024-08-09T02:15:29.659+0000] {dag.py:3947} INFO - Setting next_dagrun for example_branch_operator to 2024-08-08 00:00:00+00:00, run_after=2024-08-09 00:00:00+00:00
[2024-08-09T02:15:29.716+0000] {processor.py:183} INFO - Processing /home/airflow/.local/lib/python3.12/site-packages/airflow/example_dags/example_branch_operator.py took 0.238 seconds
[2024-08-09T02:15:59.889+0000] {processor.py:161} INFO - Started process (PID=4714) to work on /home/airflow/.local/lib/python3.12/site-packages/airflow/example_dags/example_branch_operator.py
[2024-08-09T02:15:59.891+0000] {processor.py:830} INFO - Processing file /home/airflow/.local/lib/python3.12/site-packages/airflow/example_dags/example_branch_operator.py for tasks to queue
[2024-08-09T02:15:59.896+0000] {logging_mixin.py:188} INFO - [2024-08-09T02:15:59.895+0000] {dagbag.py:545} INFO - Filling up the DagBag from /home/airflow/.local/lib/python3.12/site-packages/airflow/example_dags/example_branch_operator.py
[2024-08-09T02:15:59.929+0000] {processor.py:840} INFO - DAG(s) 'example_branch_operator' retrieved from /home/airflow/.local/lib/python3.12/site-packages/airflow/example_dags/example_branch_operator.py
[2024-08-09T02:16:00.010+0000] {logging_mixin.py:188} INFO - [2024-08-09T02:16:00.009+0000] {dag.py:3089} INFO - Sync 1 DAGs
[2024-08-09T02:16:00.052+0000] {logging_mixin.py:188} INFO - [2024-08-09T02:16:00.051+0000] {dag.py:3947} INFO - Setting next_dagrun for example_branch_operator to 2024-08-08 00:00:00+00:00, run_after=2024-08-09 00:00:00+00:00
[2024-08-09T02:16:00.088+0000] {processor.py:183} INFO - Processing /home/airflow/.local/lib/python3.12/site-packages/airflow/example_dags/example_branch_operator.py took 0.218 seconds
