[2024-08-09T01:42:34.190+0000] {processor.py:161} INFO - Started process (PID=1008) to work on /home/airflow/.local/lib/python3.12/site-packages/airflow/example_dags/example_xcomargs.py
[2024-08-09T01:42:34.195+0000] {processor.py:830} INFO - Processing file /home/airflow/.local/lib/python3.12/site-packages/airflow/example_dags/example_xcomargs.py for tasks to queue
[2024-08-09T01:42:34.201+0000] {logging_mixin.py:188} INFO - [2024-08-09T01:42:34.200+0000] {dagbag.py:545} INFO - Filling up the DagBag from /home/airflow/.local/lib/python3.12/site-packages/airflow/example_dags/example_xcomargs.py
[2024-08-09T01:42:34.230+0000] {processor.py:840} INFO - DAG(s) 'example_xcom_args_with_operators', 'example_xcom_args' retrieved from /home/airflow/.local/lib/python3.12/site-packages/airflow/example_dags/example_xcomargs.py
[2024-08-09T01:42:34.303+0000] {logging_mixin.py:188} INFO - [2024-08-09T01:42:34.303+0000] {dag.py:3089} INFO - Sync 2 DAGs
[2024-08-09T01:42:34.338+0000] {logging_mixin.py:188} INFO - [2024-08-09T01:42:34.337+0000] {dag.py:3947} INFO - Setting next_dagrun for example_xcom_args to None, run_after=None
[2024-08-09T01:42:34.346+0000] {logging_mixin.py:188} INFO - [2024-08-09T01:42:34.345+0000] {dag.py:3947} INFO - Setting next_dagrun for example_xcom_args_with_operators to None, run_after=None
[2024-08-09T01:42:34.391+0000] {processor.py:183} INFO - Processing /home/airflow/.local/lib/python3.12/site-packages/airflow/example_dags/example_xcomargs.py took 0.225 seconds
[2024-08-09T01:43:04.991+0000] {processor.py:161} INFO - Started process (PID=1067) to work on /home/airflow/.local/lib/python3.12/site-packages/airflow/example_dags/example_xcomargs.py
[2024-08-09T01:43:04.994+0000] {processor.py:830} INFO - Processing file /home/airflow/.local/lib/python3.12/site-packages/airflow/example_dags/example_xcomargs.py for tasks to queue
[2024-08-09T01:43:05.000+0000] {logging_mixin.py:188} INFO - [2024-08-09T01:43:04.999+0000] {dagbag.py:545} INFO - Filling up the DagBag from /home/airflow/.local/lib/python3.12/site-packages/airflow/example_dags/example_xcomargs.py
[2024-08-09T01:43:05.022+0000] {processor.py:840} INFO - DAG(s) 'example_xcom_args_with_operators', 'example_xcom_args' retrieved from /home/airflow/.local/lib/python3.12/site-packages/airflow/example_dags/example_xcomargs.py
[2024-08-09T01:43:05.081+0000] {logging_mixin.py:188} INFO - [2024-08-09T01:43:05.081+0000] {dag.py:3089} INFO - Sync 2 DAGs
[2024-08-09T01:43:05.111+0000] {logging_mixin.py:188} INFO - [2024-08-09T01:43:05.111+0000] {dag.py:3947} INFO - Setting next_dagrun for example_xcom_args to None, run_after=None
[2024-08-09T01:43:05.116+0000] {logging_mixin.py:188} INFO - [2024-08-09T01:43:05.116+0000] {dag.py:3947} INFO - Setting next_dagrun for example_xcom_args_with_operators to None, run_after=None
[2024-08-09T01:43:05.158+0000] {processor.py:183} INFO - Processing /home/airflow/.local/lib/python3.12/site-packages/airflow/example_dags/example_xcomargs.py took 0.182 seconds
[2024-08-09T01:43:37.224+0000] {processor.py:161} INFO - Started process (PID=1125) to work on /home/airflow/.local/lib/python3.12/site-packages/airflow/example_dags/example_xcomargs.py
[2024-08-09T01:43:37.227+0000] {processor.py:830} INFO - Processing file /home/airflow/.local/lib/python3.12/site-packages/airflow/example_dags/example_xcomargs.py for tasks to queue
[2024-08-09T01:43:37.236+0000] {logging_mixin.py:188} INFO - [2024-08-09T01:43:37.234+0000] {dagbag.py:545} INFO - Filling up the DagBag from /home/airflow/.local/lib/python3.12/site-packages/airflow/example_dags/example_xcomargs.py
[2024-08-09T01:43:37.265+0000] {processor.py:840} INFO - DAG(s) 'example_xcom_args', 'example_xcom_args_with_operators' retrieved from /home/airflow/.local/lib/python3.12/site-packages/airflow/example_dags/example_xcomargs.py
[2024-08-09T01:43:37.346+0000] {logging_mixin.py:188} INFO - [2024-08-09T01:43:37.346+0000] {dag.py:3089} INFO - Sync 2 DAGs
[2024-08-09T01:43:37.379+0000] {logging_mixin.py:188} INFO - [2024-08-09T01:43:37.378+0000] {dag.py:3947} INFO - Setting next_dagrun for example_xcom_args to None, run_after=None
[2024-08-09T01:43:37.395+0000] {logging_mixin.py:188} INFO - [2024-08-09T01:43:37.395+0000] {dag.py:3947} INFO - Setting next_dagrun for example_xcom_args_with_operators to None, run_after=None
[2024-08-09T01:43:37.443+0000] {processor.py:183} INFO - Processing /home/airflow/.local/lib/python3.12/site-packages/airflow/example_dags/example_xcomargs.py took 0.246 seconds
[2024-08-09T01:44:10.161+0000] {processor.py:161} INFO - Started process (PID=1183) to work on /home/airflow/.local/lib/python3.12/site-packages/airflow/example_dags/example_xcomargs.py
[2024-08-09T01:44:10.166+0000] {processor.py:830} INFO - Processing file /home/airflow/.local/lib/python3.12/site-packages/airflow/example_dags/example_xcomargs.py for tasks to queue
[2024-08-09T01:44:10.172+0000] {logging_mixin.py:188} INFO - [2024-08-09T01:44:10.171+0000] {dagbag.py:545} INFO - Filling up the DagBag from /home/airflow/.local/lib/python3.12/site-packages/airflow/example_dags/example_xcomargs.py
[2024-08-09T01:44:10.203+0000] {processor.py:840} INFO - DAG(s) 'example_xcom_args', 'example_xcom_args_with_operators' retrieved from /home/airflow/.local/lib/python3.12/site-packages/airflow/example_dags/example_xcomargs.py
[2024-08-09T01:44:10.275+0000] {logging_mixin.py:188} INFO - [2024-08-09T01:44:10.275+0000] {dag.py:3089} INFO - Sync 2 DAGs
[2024-08-09T01:44:10.308+0000] {logging_mixin.py:188} INFO - [2024-08-09T01:44:10.307+0000] {dag.py:3947} INFO - Setting next_dagrun for example_xcom_args to None, run_after=None
[2024-08-09T01:44:10.316+0000] {logging_mixin.py:188} INFO - [2024-08-09T01:44:10.315+0000] {dag.py:3947} INFO - Setting next_dagrun for example_xcom_args_with_operators to None, run_after=None
[2024-08-09T01:44:10.402+0000] {processor.py:183} INFO - Processing /home/airflow/.local/lib/python3.12/site-packages/airflow/example_dags/example_xcomargs.py took 0.262 seconds
[2024-08-09T01:44:40.934+0000] {processor.py:161} INFO - Started process (PID=1241) to work on /home/airflow/.local/lib/python3.12/site-packages/airflow/example_dags/example_xcomargs.py
[2024-08-09T01:44:40.937+0000] {processor.py:830} INFO - Processing file /home/airflow/.local/lib/python3.12/site-packages/airflow/example_dags/example_xcomargs.py for tasks to queue
[2024-08-09T01:44:40.942+0000] {logging_mixin.py:188} INFO - [2024-08-09T01:44:40.942+0000] {dagbag.py:545} INFO - Filling up the DagBag from /home/airflow/.local/lib/python3.12/site-packages/airflow/example_dags/example_xcomargs.py
[2024-08-09T01:44:40.966+0000] {processor.py:840} INFO - DAG(s) 'example_xcom_args', 'example_xcom_args_with_operators' retrieved from /home/airflow/.local/lib/python3.12/site-packages/airflow/example_dags/example_xcomargs.py
[2024-08-09T01:44:41.040+0000] {logging_mixin.py:188} INFO - [2024-08-09T01:44:41.040+0000] {dag.py:3089} INFO - Sync 2 DAGs
[2024-08-09T01:44:41.073+0000] {logging_mixin.py:188} INFO - [2024-08-09T01:44:41.072+0000] {dag.py:3947} INFO - Setting next_dagrun for example_xcom_args to None, run_after=None
[2024-08-09T01:44:41.081+0000] {logging_mixin.py:188} INFO - [2024-08-09T01:44:41.081+0000] {dag.py:3947} INFO - Setting next_dagrun for example_xcom_args_with_operators to None, run_after=None
[2024-08-09T01:44:41.118+0000] {processor.py:183} INFO - Processing /home/airflow/.local/lib/python3.12/site-packages/airflow/example_dags/example_xcomargs.py took 0.200 seconds
[2024-08-09T01:45:11.479+0000] {processor.py:161} INFO - Started process (PID=1299) to work on /home/airflow/.local/lib/python3.12/site-packages/airflow/example_dags/example_xcomargs.py
[2024-08-09T01:45:11.482+0000] {processor.py:830} INFO - Processing file /home/airflow/.local/lib/python3.12/site-packages/airflow/example_dags/example_xcomargs.py for tasks to queue
[2024-08-09T01:45:11.487+0000] {logging_mixin.py:188} INFO - [2024-08-09T01:45:11.486+0000] {dagbag.py:545} INFO - Filling up the DagBag from /home/airflow/.local/lib/python3.12/site-packages/airflow/example_dags/example_xcomargs.py
[2024-08-09T01:45:11.509+0000] {processor.py:840} INFO - DAG(s) 'example_xcom_args_with_operators', 'example_xcom_args' retrieved from /home/airflow/.local/lib/python3.12/site-packages/airflow/example_dags/example_xcomargs.py
[2024-08-09T01:45:11.567+0000] {logging_mixin.py:188} INFO - [2024-08-09T01:45:11.567+0000] {dag.py:3089} INFO - Sync 2 DAGs
[2024-08-09T01:45:11.592+0000] {logging_mixin.py:188} INFO - [2024-08-09T01:45:11.592+0000] {dag.py:3947} INFO - Setting next_dagrun for example_xcom_args to None, run_after=None
[2024-08-09T01:45:11.597+0000] {logging_mixin.py:188} INFO - [2024-08-09T01:45:11.597+0000] {dag.py:3947} INFO - Setting next_dagrun for example_xcom_args_with_operators to None, run_after=None
[2024-08-09T01:45:11.629+0000] {processor.py:183} INFO - Processing /home/airflow/.local/lib/python3.12/site-packages/airflow/example_dags/example_xcomargs.py took 0.166 seconds
[2024-08-09T01:45:42.165+0000] {processor.py:161} INFO - Started process (PID=1355) to work on /home/airflow/.local/lib/python3.12/site-packages/airflow/example_dags/example_xcomargs.py
[2024-08-09T01:45:42.168+0000] {processor.py:830} INFO - Processing file /home/airflow/.local/lib/python3.12/site-packages/airflow/example_dags/example_xcomargs.py for tasks to queue
[2024-08-09T01:45:42.173+0000] {logging_mixin.py:188} INFO - [2024-08-09T01:45:42.172+0000] {dagbag.py:545} INFO - Filling up the DagBag from /home/airflow/.local/lib/python3.12/site-packages/airflow/example_dags/example_xcomargs.py
[2024-08-09T01:45:42.194+0000] {processor.py:840} INFO - DAG(s) 'example_xcom_args', 'example_xcom_args_with_operators' retrieved from /home/airflow/.local/lib/python3.12/site-packages/airflow/example_dags/example_xcomargs.py
[2024-08-09T01:45:42.247+0000] {logging_mixin.py:188} INFO - [2024-08-09T01:45:42.246+0000] {dag.py:3089} INFO - Sync 2 DAGs
[2024-08-09T01:45:42.271+0000] {logging_mixin.py:188} INFO - [2024-08-09T01:45:42.270+0000] {dag.py:3947} INFO - Setting next_dagrun for example_xcom_args to None, run_after=None
[2024-08-09T01:45:42.277+0000] {logging_mixin.py:188} INFO - [2024-08-09T01:45:42.276+0000] {dag.py:3947} INFO - Setting next_dagrun for example_xcom_args_with_operators to None, run_after=None
[2024-08-09T01:45:42.308+0000] {processor.py:183} INFO - Processing /home/airflow/.local/lib/python3.12/site-packages/airflow/example_dags/example_xcomargs.py took 0.158 seconds
[2024-08-09T01:46:13.478+0000] {processor.py:161} INFO - Started process (PID=1413) to work on /home/airflow/.local/lib/python3.12/site-packages/airflow/example_dags/example_xcomargs.py
[2024-08-09T01:46:13.482+0000] {processor.py:830} INFO - Processing file /home/airflow/.local/lib/python3.12/site-packages/airflow/example_dags/example_xcomargs.py for tasks to queue
[2024-08-09T01:46:13.487+0000] {logging_mixin.py:188} INFO - [2024-08-09T01:46:13.486+0000] {dagbag.py:545} INFO - Filling up the DagBag from /home/airflow/.local/lib/python3.12/site-packages/airflow/example_dags/example_xcomargs.py
[2024-08-09T01:46:13.515+0000] {processor.py:840} INFO - DAG(s) 'example_xcom_args', 'example_xcom_args_with_operators' retrieved from /home/airflow/.local/lib/python3.12/site-packages/airflow/example_dags/example_xcomargs.py
[2024-08-09T01:46:13.602+0000] {logging_mixin.py:188} INFO - [2024-08-09T01:46:13.602+0000] {dag.py:3089} INFO - Sync 2 DAGs
[2024-08-09T01:46:13.647+0000] {logging_mixin.py:188} INFO - [2024-08-09T01:46:13.647+0000] {dag.py:3947} INFO - Setting next_dagrun for example_xcom_args to None, run_after=None
[2024-08-09T01:46:13.659+0000] {logging_mixin.py:188} INFO - [2024-08-09T01:46:13.658+0000] {dag.py:3947} INFO - Setting next_dagrun for example_xcom_args_with_operators to None, run_after=None
[2024-08-09T01:46:13.710+0000] {processor.py:183} INFO - Processing /home/airflow/.local/lib/python3.12/site-packages/airflow/example_dags/example_xcomargs.py took 0.249 seconds
[2024-08-09T01:46:44.004+0000] {processor.py:161} INFO - Started process (PID=1470) to work on /home/airflow/.local/lib/python3.12/site-packages/airflow/example_dags/example_xcomargs.py
[2024-08-09T01:46:44.006+0000] {processor.py:830} INFO - Processing file /home/airflow/.local/lib/python3.12/site-packages/airflow/example_dags/example_xcomargs.py for tasks to queue
[2024-08-09T01:46:44.011+0000] {logging_mixin.py:188} INFO - [2024-08-09T01:46:44.010+0000] {dagbag.py:545} INFO - Filling up the DagBag from /home/airflow/.local/lib/python3.12/site-packages/airflow/example_dags/example_xcomargs.py
[2024-08-09T01:46:44.030+0000] {processor.py:840} INFO - DAG(s) 'example_xcom_args_with_operators', 'example_xcom_args' retrieved from /home/airflow/.local/lib/python3.12/site-packages/airflow/example_dags/example_xcomargs.py
[2024-08-09T01:46:44.089+0000] {logging_mixin.py:188} INFO - [2024-08-09T01:46:44.088+0000] {dag.py:3089} INFO - Sync 2 DAGs
[2024-08-09T01:46:44.115+0000] {logging_mixin.py:188} INFO - [2024-08-09T01:46:44.114+0000] {dag.py:3947} INFO - Setting next_dagrun for example_xcom_args to None, run_after=None
[2024-08-09T01:46:44.120+0000] {logging_mixin.py:188} INFO - [2024-08-09T01:46:44.120+0000] {dag.py:3947} INFO - Setting next_dagrun for example_xcom_args_with_operators to None, run_after=None
[2024-08-09T01:46:44.148+0000] {processor.py:183} INFO - Processing /home/airflow/.local/lib/python3.12/site-packages/airflow/example_dags/example_xcomargs.py took 0.158 seconds
[2024-08-09T01:47:14.762+0000] {processor.py:161} INFO - Started process (PID=1527) to work on /home/airflow/.local/lib/python3.12/site-packages/airflow/example_dags/example_xcomargs.py
[2024-08-09T01:47:14.764+0000] {processor.py:830} INFO - Processing file /home/airflow/.local/lib/python3.12/site-packages/airflow/example_dags/example_xcomargs.py for tasks to queue
[2024-08-09T01:47:14.772+0000] {logging_mixin.py:188} INFO - [2024-08-09T01:47:14.771+0000] {dagbag.py:545} INFO - Filling up the DagBag from /home/airflow/.local/lib/python3.12/site-packages/airflow/example_dags/example_xcomargs.py
[2024-08-09T01:47:14.799+0000] {processor.py:840} INFO - DAG(s) 'example_xcom_args_with_operators', 'example_xcom_args' retrieved from /home/airflow/.local/lib/python3.12/site-packages/airflow/example_dags/example_xcomargs.py
[2024-08-09T01:47:14.892+0000] {logging_mixin.py:188} INFO - [2024-08-09T01:47:14.892+0000] {dag.py:3089} INFO - Sync 2 DAGs
[2024-08-09T01:47:14.934+0000] {logging_mixin.py:188} INFO - [2024-08-09T01:47:14.934+0000] {dag.py:3947} INFO - Setting next_dagrun for example_xcom_args to None, run_after=None
[2024-08-09T01:47:14.943+0000] {logging_mixin.py:188} INFO - [2024-08-09T01:47:14.942+0000] {dag.py:3947} INFO - Setting next_dagrun for example_xcom_args_with_operators to None, run_after=None
[2024-08-09T01:47:14.990+0000] {processor.py:183} INFO - Processing /home/airflow/.local/lib/python3.12/site-packages/airflow/example_dags/example_xcomargs.py took 0.246 seconds
[2024-08-09T01:47:45.146+0000] {processor.py:161} INFO - Started process (PID=1585) to work on /home/airflow/.local/lib/python3.12/site-packages/airflow/example_dags/example_xcomargs.py
[2024-08-09T01:47:45.150+0000] {processor.py:830} INFO - Processing file /home/airflow/.local/lib/python3.12/site-packages/airflow/example_dags/example_xcomargs.py for tasks to queue
[2024-08-09T01:47:45.157+0000] {logging_mixin.py:188} INFO - [2024-08-09T01:47:45.156+0000] {dagbag.py:545} INFO - Filling up the DagBag from /home/airflow/.local/lib/python3.12/site-packages/airflow/example_dags/example_xcomargs.py
[2024-08-09T01:47:45.187+0000] {processor.py:840} INFO - DAG(s) 'example_xcom_args', 'example_xcom_args_with_operators' retrieved from /home/airflow/.local/lib/python3.12/site-packages/airflow/example_dags/example_xcomargs.py
[2024-08-09T01:47:45.267+0000] {logging_mixin.py:188} INFO - [2024-08-09T01:47:45.267+0000] {dag.py:3089} INFO - Sync 2 DAGs
[2024-08-09T01:47:45.300+0000] {logging_mixin.py:188} INFO - [2024-08-09T01:47:45.299+0000] {dag.py:3947} INFO - Setting next_dagrun for example_xcom_args to None, run_after=None
[2024-08-09T01:47:45.308+0000] {logging_mixin.py:188} INFO - [2024-08-09T01:47:45.308+0000] {dag.py:3947} INFO - Setting next_dagrun for example_xcom_args_with_operators to None, run_after=None
[2024-08-09T01:47:45.349+0000] {processor.py:183} INFO - Processing /home/airflow/.local/lib/python3.12/site-packages/airflow/example_dags/example_xcomargs.py took 0.223 seconds
[2024-08-09T01:48:15.734+0000] {processor.py:161} INFO - Started process (PID=1643) to work on /home/airflow/.local/lib/python3.12/site-packages/airflow/example_dags/example_xcomargs.py
[2024-08-09T01:48:15.737+0000] {processor.py:830} INFO - Processing file /home/airflow/.local/lib/python3.12/site-packages/airflow/example_dags/example_xcomargs.py for tasks to queue
[2024-08-09T01:48:15.744+0000] {logging_mixin.py:188} INFO - [2024-08-09T01:48:15.743+0000] {dagbag.py:545} INFO - Filling up the DagBag from /home/airflow/.local/lib/python3.12/site-packages/airflow/example_dags/example_xcomargs.py
[2024-08-09T01:48:15.766+0000] {processor.py:840} INFO - DAG(s) 'example_xcom_args', 'example_xcom_args_with_operators' retrieved from /home/airflow/.local/lib/python3.12/site-packages/airflow/example_dags/example_xcomargs.py
[2024-08-09T01:48:15.832+0000] {logging_mixin.py:188} INFO - [2024-08-09T01:48:15.832+0000] {dag.py:3089} INFO - Sync 2 DAGs
[2024-08-09T01:48:15.861+0000] {logging_mixin.py:188} INFO - [2024-08-09T01:48:15.861+0000] {dag.py:3947} INFO - Setting next_dagrun for example_xcom_args to None, run_after=None
[2024-08-09T01:48:15.867+0000] {logging_mixin.py:188} INFO - [2024-08-09T01:48:15.867+0000] {dag.py:3947} INFO - Setting next_dagrun for example_xcom_args_with_operators to None, run_after=None
[2024-08-09T01:48:15.912+0000] {processor.py:183} INFO - Processing /home/airflow/.local/lib/python3.12/site-packages/airflow/example_dags/example_xcomargs.py took 0.198 seconds
[2024-08-09T01:48:53.285+0000] {processor.py:161} INFO - Started process (PID=1707) to work on /home/airflow/.local/lib/python3.12/site-packages/airflow/example_dags/example_xcomargs.py
[2024-08-09T01:48:53.298+0000] {processor.py:830} INFO - Processing file /home/airflow/.local/lib/python3.12/site-packages/airflow/example_dags/example_xcomargs.py for tasks to queue
[2024-08-09T01:48:53.333+0000] {logging_mixin.py:188} INFO - [2024-08-09T01:48:53.329+0000] {dagbag.py:545} INFO - Filling up the DagBag from /home/airflow/.local/lib/python3.12/site-packages/airflow/example_dags/example_xcomargs.py
[2024-08-09T01:48:53.438+0000] {processor.py:840} INFO - DAG(s) 'example_xcom_args_with_operators', 'example_xcom_args' retrieved from /home/airflow/.local/lib/python3.12/site-packages/airflow/example_dags/example_xcomargs.py
[2024-08-09T01:48:53.744+0000] {logging_mixin.py:188} INFO - [2024-08-09T01:48:53.743+0000] {dag.py:3089} INFO - Sync 2 DAGs
[2024-08-09T01:48:53.850+0000] {logging_mixin.py:188} INFO - [2024-08-09T01:48:53.848+0000] {dag.py:3947} INFO - Setting next_dagrun for example_xcom_args to None, run_after=None
[2024-08-09T01:48:53.869+0000] {logging_mixin.py:188} INFO - [2024-08-09T01:48:53.869+0000] {dag.py:3947} INFO - Setting next_dagrun for example_xcom_args_with_operators to None, run_after=None
[2024-08-09T01:48:54.087+0000] {processor.py:183} INFO - Processing /home/airflow/.local/lib/python3.12/site-packages/airflow/example_dags/example_xcomargs.py took 0.883 seconds
[2024-08-09T01:49:26.030+0000] {processor.py:161} INFO - Started process (PID=1765) to work on /home/airflow/.local/lib/python3.12/site-packages/airflow/example_dags/example_xcomargs.py
[2024-08-09T01:49:26.039+0000] {processor.py:830} INFO - Processing file /home/airflow/.local/lib/python3.12/site-packages/airflow/example_dags/example_xcomargs.py for tasks to queue
[2024-08-09T01:49:26.056+0000] {logging_mixin.py:188} INFO - [2024-08-09T01:49:26.053+0000] {dagbag.py:545} INFO - Filling up the DagBag from /home/airflow/.local/lib/python3.12/site-packages/airflow/example_dags/example_xcomargs.py
[2024-08-09T01:49:26.105+0000] {processor.py:840} INFO - DAG(s) 'example_xcom_args_with_operators', 'example_xcom_args' retrieved from /home/airflow/.local/lib/python3.12/site-packages/airflow/example_dags/example_xcomargs.py
[2024-08-09T01:49:26.280+0000] {logging_mixin.py:188} INFO - [2024-08-09T01:49:26.280+0000] {dag.py:3089} INFO - Sync 2 DAGs
[2024-08-09T01:49:26.354+0000] {logging_mixin.py:188} INFO - [2024-08-09T01:49:26.354+0000] {dag.py:3947} INFO - Setting next_dagrun for example_xcom_args to None, run_after=None
[2024-08-09T01:49:26.375+0000] {logging_mixin.py:188} INFO - [2024-08-09T01:49:26.373+0000] {dag.py:3947} INFO - Setting next_dagrun for example_xcom_args_with_operators to None, run_after=None
[2024-08-09T01:49:27.484+0000] {processor.py:183} INFO - Processing /home/airflow/.local/lib/python3.12/site-packages/airflow/example_dags/example_xcomargs.py took 1.483 seconds
[2024-08-09T01:49:58.411+0000] {processor.py:161} INFO - Started process (PID=1823) to work on /home/airflow/.local/lib/python3.12/site-packages/airflow/example_dags/example_xcomargs.py
[2024-08-09T01:49:58.431+0000] {processor.py:830} INFO - Processing file /home/airflow/.local/lib/python3.12/site-packages/airflow/example_dags/example_xcomargs.py for tasks to queue
[2024-08-09T01:49:58.448+0000] {logging_mixin.py:188} INFO - [2024-08-09T01:49:58.447+0000] {dagbag.py:545} INFO - Filling up the DagBag from /home/airflow/.local/lib/python3.12/site-packages/airflow/example_dags/example_xcomargs.py
[2024-08-09T01:49:58.547+0000] {processor.py:840} INFO - DAG(s) 'example_xcom_args_with_operators', 'example_xcom_args' retrieved from /home/airflow/.local/lib/python3.12/site-packages/airflow/example_dags/example_xcomargs.py
[2024-08-09T01:49:58.863+0000] {logging_mixin.py:188} INFO - [2024-08-09T01:49:58.862+0000] {dag.py:3089} INFO - Sync 2 DAGs
[2024-08-09T01:49:59.085+0000] {logging_mixin.py:188} INFO - [2024-08-09T01:49:59.080+0000] {dag.py:3947} INFO - Setting next_dagrun for example_xcom_args to None, run_after=None
[2024-08-09T01:49:59.127+0000] {logging_mixin.py:188} INFO - [2024-08-09T01:49:59.113+0000] {dag.py:3947} INFO - Setting next_dagrun for example_xcom_args_with_operators to None, run_after=None
[2024-08-09T01:50:02.029+0000] {processor.py:183} INFO - Processing /home/airflow/.local/lib/python3.12/site-packages/airflow/example_dags/example_xcomargs.py took 3.665 seconds
[2024-08-09T01:50:47.623+0000] {processor.py:161} INFO - Started process (PID=1882) to work on /home/airflow/.local/lib/python3.12/site-packages/airflow/example_dags/example_xcomargs.py
[2024-08-09T01:50:47.629+0000] {processor.py:830} INFO - Processing file /home/airflow/.local/lib/python3.12/site-packages/airflow/example_dags/example_xcomargs.py for tasks to queue
[2024-08-09T01:50:47.638+0000] {logging_mixin.py:188} INFO - [2024-08-09T01:50:47.637+0000] {dagbag.py:545} INFO - Filling up the DagBag from /home/airflow/.local/lib/python3.12/site-packages/airflow/example_dags/example_xcomargs.py
[2024-08-09T01:50:47.695+0000] {processor.py:840} INFO - DAG(s) 'example_xcom_args', 'example_xcom_args_with_operators' retrieved from /home/airflow/.local/lib/python3.12/site-packages/airflow/example_dags/example_xcomargs.py
[2024-08-09T01:50:47.850+0000] {logging_mixin.py:188} INFO - [2024-08-09T01:50:47.846+0000] {dag.py:3089} INFO - Sync 2 DAGs
[2024-08-09T01:50:47.991+0000] {logging_mixin.py:188} INFO - [2024-08-09T01:50:47.991+0000] {dag.py:3947} INFO - Setting next_dagrun for example_xcom_args to None, run_after=None
[2024-08-09T01:50:48.007+0000] {logging_mixin.py:188} INFO - [2024-08-09T01:50:48.006+0000] {dag.py:3947} INFO - Setting next_dagrun for example_xcom_args_with_operators to None, run_after=None
[2024-08-09T01:50:48.131+0000] {processor.py:183} INFO - Processing /home/airflow/.local/lib/python3.12/site-packages/airflow/example_dags/example_xcomargs.py took 0.596 seconds
[2024-08-09T01:51:20.009+0000] {processor.py:161} INFO - Started process (PID=1940) to work on /home/airflow/.local/lib/python3.12/site-packages/airflow/example_dags/example_xcomargs.py
[2024-08-09T01:51:20.016+0000] {processor.py:830} INFO - Processing file /home/airflow/.local/lib/python3.12/site-packages/airflow/example_dags/example_xcomargs.py for tasks to queue
[2024-08-09T01:51:20.031+0000] {logging_mixin.py:188} INFO - [2024-08-09T01:51:20.030+0000] {dagbag.py:545} INFO - Filling up the DagBag from /home/airflow/.local/lib/python3.12/site-packages/airflow/example_dags/example_xcomargs.py
[2024-08-09T01:51:20.102+0000] {processor.py:840} INFO - DAG(s) 'example_xcom_args_with_operators', 'example_xcom_args' retrieved from /home/airflow/.local/lib/python3.12/site-packages/airflow/example_dags/example_xcomargs.py
[2024-08-09T01:51:20.402+0000] {logging_mixin.py:188} INFO - [2024-08-09T01:51:20.401+0000] {dag.py:3089} INFO - Sync 2 DAGs
[2024-08-09T01:51:20.517+0000] {logging_mixin.py:188} INFO - [2024-08-09T01:51:20.517+0000] {dag.py:3947} INFO - Setting next_dagrun for example_xcom_args to None, run_after=None
[2024-08-09T01:51:20.546+0000] {logging_mixin.py:188} INFO - [2024-08-09T01:51:20.546+0000] {dag.py:3947} INFO - Setting next_dagrun for example_xcom_args_with_operators to None, run_after=None
[2024-08-09T01:51:20.699+0000] {processor.py:183} INFO - Processing /home/airflow/.local/lib/python3.12/site-packages/airflow/example_dags/example_xcomargs.py took 0.730 seconds
[2024-08-09T01:51:51.106+0000] {processor.py:161} INFO - Started process (PID=2003) to work on /home/airflow/.local/lib/python3.12/site-packages/airflow/example_dags/example_xcomargs.py
[2024-08-09T01:51:51.109+0000] {processor.py:830} INFO - Processing file /home/airflow/.local/lib/python3.12/site-packages/airflow/example_dags/example_xcomargs.py for tasks to queue
[2024-08-09T01:51:51.120+0000] {logging_mixin.py:188} INFO - [2024-08-09T01:51:51.118+0000] {dagbag.py:545} INFO - Filling up the DagBag from /home/airflow/.local/lib/python3.12/site-packages/airflow/example_dags/example_xcomargs.py
[2024-08-09T01:51:51.157+0000] {processor.py:840} INFO - DAG(s) 'example_xcom_args', 'example_xcom_args_with_operators' retrieved from /home/airflow/.local/lib/python3.12/site-packages/airflow/example_dags/example_xcomargs.py
[2024-08-09T01:51:51.264+0000] {logging_mixin.py:188} INFO - [2024-08-09T01:51:51.263+0000] {dag.py:3089} INFO - Sync 2 DAGs
[2024-08-09T01:51:51.305+0000] {logging_mixin.py:188} INFO - [2024-08-09T01:51:51.305+0000] {dag.py:3947} INFO - Setting next_dagrun for example_xcom_args to None, run_after=None
[2024-08-09T01:51:51.314+0000] {logging_mixin.py:188} INFO - [2024-08-09T01:51:51.314+0000] {dag.py:3947} INFO - Setting next_dagrun for example_xcom_args_with_operators to None, run_after=None
[2024-08-09T01:51:51.382+0000] {processor.py:183} INFO - Processing /home/airflow/.local/lib/python3.12/site-packages/airflow/example_dags/example_xcomargs.py took 0.310 seconds
[2024-08-09T01:52:22.091+0000] {processor.py:161} INFO - Started process (PID=2061) to work on /home/airflow/.local/lib/python3.12/site-packages/airflow/example_dags/example_xcomargs.py
[2024-08-09T01:52:22.098+0000] {processor.py:830} INFO - Processing file /home/airflow/.local/lib/python3.12/site-packages/airflow/example_dags/example_xcomargs.py for tasks to queue
[2024-08-09T01:52:22.108+0000] {logging_mixin.py:188} INFO - [2024-08-09T01:52:22.106+0000] {dagbag.py:545} INFO - Filling up the DagBag from /home/airflow/.local/lib/python3.12/site-packages/airflow/example_dags/example_xcomargs.py
[2024-08-09T01:52:22.149+0000] {processor.py:840} INFO - DAG(s) 'example_xcom_args_with_operators', 'example_xcom_args' retrieved from /home/airflow/.local/lib/python3.12/site-packages/airflow/example_dags/example_xcomargs.py
[2024-08-09T01:52:22.226+0000] {logging_mixin.py:188} INFO - [2024-08-09T01:52:22.226+0000] {dag.py:3089} INFO - Sync 2 DAGs
[2024-08-09T01:52:22.262+0000] {logging_mixin.py:188} INFO - [2024-08-09T01:52:22.261+0000] {dag.py:3947} INFO - Setting next_dagrun for example_xcom_args to None, run_after=None
[2024-08-09T01:52:22.268+0000] {logging_mixin.py:188} INFO - [2024-08-09T01:52:22.268+0000] {dag.py:3947} INFO - Setting next_dagrun for example_xcom_args_with_operators to None, run_after=None
[2024-08-09T01:52:22.304+0000] {processor.py:183} INFO - Processing /home/airflow/.local/lib/python3.12/site-packages/airflow/example_dags/example_xcomargs.py took 0.240 seconds
[2024-08-09T01:52:52.805+0000] {processor.py:161} INFO - Started process (PID=2118) to work on /home/airflow/.local/lib/python3.12/site-packages/airflow/example_dags/example_xcomargs.py
[2024-08-09T01:52:52.810+0000] {processor.py:830} INFO - Processing file /home/airflow/.local/lib/python3.12/site-packages/airflow/example_dags/example_xcomargs.py for tasks to queue
[2024-08-09T01:52:52.818+0000] {logging_mixin.py:188} INFO - [2024-08-09T01:52:52.817+0000] {dagbag.py:545} INFO - Filling up the DagBag from /home/airflow/.local/lib/python3.12/site-packages/airflow/example_dags/example_xcomargs.py
[2024-08-09T01:52:52.841+0000] {processor.py:840} INFO - DAG(s) 'example_xcom_args', 'example_xcom_args_with_operators' retrieved from /home/airflow/.local/lib/python3.12/site-packages/airflow/example_dags/example_xcomargs.py
[2024-08-09T01:52:52.922+0000] {logging_mixin.py:188} INFO - [2024-08-09T01:52:52.922+0000] {dag.py:3089} INFO - Sync 2 DAGs
[2024-08-09T01:52:52.962+0000] {logging_mixin.py:188} INFO - [2024-08-09T01:52:52.962+0000] {dag.py:3947} INFO - Setting next_dagrun for example_xcom_args to None, run_after=None
[2024-08-09T01:52:52.970+0000] {logging_mixin.py:188} INFO - [2024-08-09T01:52:52.970+0000] {dag.py:3947} INFO - Setting next_dagrun for example_xcom_args_with_operators to None, run_after=None
[2024-08-09T01:52:53.038+0000] {processor.py:183} INFO - Processing /home/airflow/.local/lib/python3.12/site-packages/airflow/example_dags/example_xcomargs.py took 0.257 seconds
[2024-08-09T01:53:25.806+0000] {processor.py:161} INFO - Started process (PID=2176) to work on /home/airflow/.local/lib/python3.12/site-packages/airflow/example_dags/example_xcomargs.py
[2024-08-09T01:53:25.821+0000] {processor.py:830} INFO - Processing file /home/airflow/.local/lib/python3.12/site-packages/airflow/example_dags/example_xcomargs.py for tasks to queue
[2024-08-09T01:53:25.829+0000] {logging_mixin.py:188} INFO - [2024-08-09T01:53:25.828+0000] {dagbag.py:545} INFO - Filling up the DagBag from /home/airflow/.local/lib/python3.12/site-packages/airflow/example_dags/example_xcomargs.py
[2024-08-09T01:53:25.878+0000] {processor.py:840} INFO - DAG(s) 'example_xcom_args_with_operators', 'example_xcom_args' retrieved from /home/airflow/.local/lib/python3.12/site-packages/airflow/example_dags/example_xcomargs.py
[2024-08-09T01:53:26.208+0000] {logging_mixin.py:188} INFO - [2024-08-09T01:53:26.208+0000] {dag.py:3089} INFO - Sync 2 DAGs
[2024-08-09T01:53:26.454+0000] {logging_mixin.py:188} INFO - [2024-08-09T01:53:26.441+0000] {dag.py:3947} INFO - Setting next_dagrun for example_xcom_args to None, run_after=None
[2024-08-09T01:53:26.483+0000] {logging_mixin.py:188} INFO - [2024-08-09T01:53:26.482+0000] {dag.py:3947} INFO - Setting next_dagrun for example_xcom_args_with_operators to None, run_after=None
[2024-08-09T01:53:26.598+0000] {processor.py:183} INFO - Processing /home/airflow/.local/lib/python3.12/site-packages/airflow/example_dags/example_xcomargs.py took 0.833 seconds
[2024-08-09T01:53:56.963+0000] {processor.py:161} INFO - Started process (PID=2234) to work on /home/airflow/.local/lib/python3.12/site-packages/airflow/example_dags/example_xcomargs.py
[2024-08-09T01:53:56.966+0000] {processor.py:830} INFO - Processing file /home/airflow/.local/lib/python3.12/site-packages/airflow/example_dags/example_xcomargs.py for tasks to queue
[2024-08-09T01:53:56.973+0000] {logging_mixin.py:188} INFO - [2024-08-09T01:53:56.971+0000] {dagbag.py:545} INFO - Filling up the DagBag from /home/airflow/.local/lib/python3.12/site-packages/airflow/example_dags/example_xcomargs.py
[2024-08-09T01:53:57.003+0000] {processor.py:840} INFO - DAG(s) 'example_xcom_args_with_operators', 'example_xcom_args' retrieved from /home/airflow/.local/lib/python3.12/site-packages/airflow/example_dags/example_xcomargs.py
[2024-08-09T01:53:57.124+0000] {logging_mixin.py:188} INFO - [2024-08-09T01:53:57.124+0000] {dag.py:3089} INFO - Sync 2 DAGs
[2024-08-09T01:53:57.168+0000] {logging_mixin.py:188} INFO - [2024-08-09T01:53:57.168+0000] {dag.py:3947} INFO - Setting next_dagrun for example_xcom_args to None, run_after=None
[2024-08-09T01:53:57.178+0000] {logging_mixin.py:188} INFO - [2024-08-09T01:53:57.177+0000] {dag.py:3947} INFO - Setting next_dagrun for example_xcom_args_with_operators to None, run_after=None
[2024-08-09T01:53:57.212+0000] {processor.py:183} INFO - Processing /home/airflow/.local/lib/python3.12/site-packages/airflow/example_dags/example_xcomargs.py took 0.302 seconds
[2024-08-09T01:54:27.522+0000] {processor.py:161} INFO - Started process (PID=2292) to work on /home/airflow/.local/lib/python3.12/site-packages/airflow/example_dags/example_xcomargs.py
[2024-08-09T01:54:27.524+0000] {processor.py:830} INFO - Processing file /home/airflow/.local/lib/python3.12/site-packages/airflow/example_dags/example_xcomargs.py for tasks to queue
[2024-08-09T01:54:27.529+0000] {logging_mixin.py:188} INFO - [2024-08-09T01:54:27.528+0000] {dagbag.py:545} INFO - Filling up the DagBag from /home/airflow/.local/lib/python3.12/site-packages/airflow/example_dags/example_xcomargs.py
[2024-08-09T01:54:27.554+0000] {processor.py:840} INFO - DAG(s) 'example_xcom_args_with_operators', 'example_xcom_args' retrieved from /home/airflow/.local/lib/python3.12/site-packages/airflow/example_dags/example_xcomargs.py
[2024-08-09T01:54:27.636+0000] {logging_mixin.py:188} INFO - [2024-08-09T01:54:27.635+0000] {dag.py:3089} INFO - Sync 2 DAGs
[2024-08-09T01:54:27.676+0000] {logging_mixin.py:188} INFO - [2024-08-09T01:54:27.673+0000] {dag.py:3947} INFO - Setting next_dagrun for example_xcom_args to None, run_after=None
[2024-08-09T01:54:27.690+0000] {logging_mixin.py:188} INFO - [2024-08-09T01:54:27.689+0000] {dag.py:3947} INFO - Setting next_dagrun for example_xcom_args_with_operators to None, run_after=None
[2024-08-09T01:54:27.745+0000] {processor.py:183} INFO - Processing /home/airflow/.local/lib/python3.12/site-packages/airflow/example_dags/example_xcomargs.py took 0.242 seconds
[2024-08-09T01:54:58.147+0000] {processor.py:161} INFO - Started process (PID=2350) to work on /home/airflow/.local/lib/python3.12/site-packages/airflow/example_dags/example_xcomargs.py
[2024-08-09T01:54:58.150+0000] {processor.py:830} INFO - Processing file /home/airflow/.local/lib/python3.12/site-packages/airflow/example_dags/example_xcomargs.py for tasks to queue
[2024-08-09T01:54:58.155+0000] {logging_mixin.py:188} INFO - [2024-08-09T01:54:58.154+0000] {dagbag.py:545} INFO - Filling up the DagBag from /home/airflow/.local/lib/python3.12/site-packages/airflow/example_dags/example_xcomargs.py
[2024-08-09T01:54:58.174+0000] {processor.py:840} INFO - DAG(s) 'example_xcom_args', 'example_xcom_args_with_operators' retrieved from /home/airflow/.local/lib/python3.12/site-packages/airflow/example_dags/example_xcomargs.py
[2024-08-09T01:54:58.232+0000] {logging_mixin.py:188} INFO - [2024-08-09T01:54:58.231+0000] {dag.py:3089} INFO - Sync 2 DAGs
[2024-08-09T01:54:58.255+0000] {logging_mixin.py:188} INFO - [2024-08-09T01:54:58.255+0000] {dag.py:3947} INFO - Setting next_dagrun for example_xcom_args to None, run_after=None
[2024-08-09T01:54:58.260+0000] {logging_mixin.py:188} INFO - [2024-08-09T01:54:58.260+0000] {dag.py:3947} INFO - Setting next_dagrun for example_xcom_args_with_operators to None, run_after=None
[2024-08-09T01:54:58.309+0000] {processor.py:183} INFO - Processing /home/airflow/.local/lib/python3.12/site-packages/airflow/example_dags/example_xcomargs.py took 0.180 seconds
[2024-08-09T01:55:28.873+0000] {processor.py:161} INFO - Started process (PID=2408) to work on /home/airflow/.local/lib/python3.12/site-packages/airflow/example_dags/example_xcomargs.py
[2024-08-09T01:55:28.876+0000] {processor.py:830} INFO - Processing file /home/airflow/.local/lib/python3.12/site-packages/airflow/example_dags/example_xcomargs.py for tasks to queue
[2024-08-09T01:55:28.881+0000] {logging_mixin.py:188} INFO - [2024-08-09T01:55:28.880+0000] {dagbag.py:545} INFO - Filling up the DagBag from /home/airflow/.local/lib/python3.12/site-packages/airflow/example_dags/example_xcomargs.py
[2024-08-09T01:55:28.900+0000] {processor.py:840} INFO - DAG(s) 'example_xcom_args', 'example_xcom_args_with_operators' retrieved from /home/airflow/.local/lib/python3.12/site-packages/airflow/example_dags/example_xcomargs.py
[2024-08-09T01:55:28.965+0000] {logging_mixin.py:188} INFO - [2024-08-09T01:55:28.965+0000] {dag.py:3089} INFO - Sync 2 DAGs
[2024-08-09T01:55:28.990+0000] {logging_mixin.py:188} INFO - [2024-08-09T01:55:28.990+0000] {dag.py:3947} INFO - Setting next_dagrun for example_xcom_args to None, run_after=None
[2024-08-09T01:55:28.998+0000] {logging_mixin.py:188} INFO - [2024-08-09T01:55:28.997+0000] {dag.py:3947} INFO - Setting next_dagrun for example_xcom_args_with_operators to None, run_after=None
[2024-08-09T01:55:29.044+0000] {processor.py:183} INFO - Processing /home/airflow/.local/lib/python3.12/site-packages/airflow/example_dags/example_xcomargs.py took 0.188 seconds
[2024-08-09T01:55:59.810+0000] {processor.py:161} INFO - Started process (PID=2466) to work on /home/airflow/.local/lib/python3.12/site-packages/airflow/example_dags/example_xcomargs.py
[2024-08-09T01:55:59.814+0000] {processor.py:830} INFO - Processing file /home/airflow/.local/lib/python3.12/site-packages/airflow/example_dags/example_xcomargs.py for tasks to queue
[2024-08-09T01:55:59.826+0000] {logging_mixin.py:188} INFO - [2024-08-09T01:55:59.825+0000] {dagbag.py:545} INFO - Filling up the DagBag from /home/airflow/.local/lib/python3.12/site-packages/airflow/example_dags/example_xcomargs.py
[2024-08-09T01:55:59.863+0000] {processor.py:840} INFO - DAG(s) 'example_xcom_args_with_operators', 'example_xcom_args' retrieved from /home/airflow/.local/lib/python3.12/site-packages/airflow/example_dags/example_xcomargs.py
[2024-08-09T01:55:59.981+0000] {logging_mixin.py:188} INFO - [2024-08-09T01:55:59.981+0000] {dag.py:3089} INFO - Sync 2 DAGs
[2024-08-09T01:56:00.050+0000] {logging_mixin.py:188} INFO - [2024-08-09T01:56:00.042+0000] {dag.py:3947} INFO - Setting next_dagrun for example_xcom_args to None, run_after=None
[2024-08-09T01:56:00.063+0000] {logging_mixin.py:188} INFO - [2024-08-09T01:56:00.063+0000] {dag.py:3947} INFO - Setting next_dagrun for example_xcom_args_with_operators to None, run_after=None
[2024-08-09T01:56:00.134+0000] {processor.py:183} INFO - Processing /home/airflow/.local/lib/python3.12/site-packages/airflow/example_dags/example_xcomargs.py took 0.360 seconds
[2024-08-09T01:56:30.499+0000] {processor.py:161} INFO - Started process (PID=2524) to work on /home/airflow/.local/lib/python3.12/site-packages/airflow/example_dags/example_xcomargs.py
[2024-08-09T01:56:30.502+0000] {processor.py:830} INFO - Processing file /home/airflow/.local/lib/python3.12/site-packages/airflow/example_dags/example_xcomargs.py for tasks to queue
[2024-08-09T01:56:30.507+0000] {logging_mixin.py:188} INFO - [2024-08-09T01:56:30.506+0000] {dagbag.py:545} INFO - Filling up the DagBag from /home/airflow/.local/lib/python3.12/site-packages/airflow/example_dags/example_xcomargs.py
[2024-08-09T01:56:30.529+0000] {processor.py:840} INFO - DAG(s) 'example_xcom_args', 'example_xcom_args_with_operators' retrieved from /home/airflow/.local/lib/python3.12/site-packages/airflow/example_dags/example_xcomargs.py
[2024-08-09T01:56:30.606+0000] {logging_mixin.py:188} INFO - [2024-08-09T01:56:30.606+0000] {dag.py:3089} INFO - Sync 2 DAGs
[2024-08-09T01:56:30.641+0000] {logging_mixin.py:188} INFO - [2024-08-09T01:56:30.641+0000] {dag.py:3947} INFO - Setting next_dagrun for example_xcom_args to None, run_after=None
[2024-08-09T01:56:30.647+0000] {logging_mixin.py:188} INFO - [2024-08-09T01:56:30.647+0000] {dag.py:3947} INFO - Setting next_dagrun for example_xcom_args_with_operators to None, run_after=None
[2024-08-09T01:56:30.693+0000] {processor.py:183} INFO - Processing /home/airflow/.local/lib/python3.12/site-packages/airflow/example_dags/example_xcomargs.py took 0.211 seconds
[2024-08-09T01:57:01.858+0000] {processor.py:161} INFO - Started process (PID=2580) to work on /home/airflow/.local/lib/python3.12/site-packages/airflow/example_dags/example_xcomargs.py
[2024-08-09T01:57:01.863+0000] {processor.py:830} INFO - Processing file /home/airflow/.local/lib/python3.12/site-packages/airflow/example_dags/example_xcomargs.py for tasks to queue
[2024-08-09T01:57:01.874+0000] {logging_mixin.py:188} INFO - [2024-08-09T01:57:01.871+0000] {dagbag.py:545} INFO - Filling up the DagBag from /home/airflow/.local/lib/python3.12/site-packages/airflow/example_dags/example_xcomargs.py
[2024-08-09T01:57:01.904+0000] {processor.py:840} INFO - DAG(s) 'example_xcom_args', 'example_xcom_args_with_operators' retrieved from /home/airflow/.local/lib/python3.12/site-packages/airflow/example_dags/example_xcomargs.py
[2024-08-09T01:57:01.991+0000] {logging_mixin.py:188} INFO - [2024-08-09T01:57:01.990+0000] {dag.py:3089} INFO - Sync 2 DAGs
[2024-08-09T01:57:02.052+0000] {logging_mixin.py:188} INFO - [2024-08-09T01:57:02.052+0000] {dag.py:3947} INFO - Setting next_dagrun for example_xcom_args to None, run_after=None
[2024-08-09T01:57:02.071+0000] {logging_mixin.py:188} INFO - [2024-08-09T01:57:02.071+0000] {dag.py:3947} INFO - Setting next_dagrun for example_xcom_args_with_operators to None, run_after=None
[2024-08-09T01:57:02.116+0000] {processor.py:183} INFO - Processing /home/airflow/.local/lib/python3.12/site-packages/airflow/example_dags/example_xcomargs.py took 0.299 seconds
[2024-08-09T01:57:33.180+0000] {processor.py:161} INFO - Started process (PID=2638) to work on /home/airflow/.local/lib/python3.12/site-packages/airflow/example_dags/example_xcomargs.py
[2024-08-09T01:57:33.187+0000] {processor.py:830} INFO - Processing file /home/airflow/.local/lib/python3.12/site-packages/airflow/example_dags/example_xcomargs.py for tasks to queue
[2024-08-09T01:57:33.196+0000] {logging_mixin.py:188} INFO - [2024-08-09T01:57:33.195+0000] {dagbag.py:545} INFO - Filling up the DagBag from /home/airflow/.local/lib/python3.12/site-packages/airflow/example_dags/example_xcomargs.py
[2024-08-09T01:57:33.225+0000] {processor.py:840} INFO - DAG(s) 'example_xcom_args', 'example_xcom_args_with_operators' retrieved from /home/airflow/.local/lib/python3.12/site-packages/airflow/example_dags/example_xcomargs.py
[2024-08-09T01:57:33.312+0000] {logging_mixin.py:188} INFO - [2024-08-09T01:57:33.311+0000] {dag.py:3089} INFO - Sync 2 DAGs
[2024-08-09T01:57:33.353+0000] {logging_mixin.py:188} INFO - [2024-08-09T01:57:33.352+0000] {dag.py:3947} INFO - Setting next_dagrun for example_xcom_args to None, run_after=None
[2024-08-09T01:57:33.363+0000] {logging_mixin.py:188} INFO - [2024-08-09T01:57:33.362+0000] {dag.py:3947} INFO - Setting next_dagrun for example_xcom_args_with_operators to None, run_after=None
[2024-08-09T01:57:33.412+0000] {processor.py:183} INFO - Processing /home/airflow/.local/lib/python3.12/site-packages/airflow/example_dags/example_xcomargs.py took 0.258 seconds
[2024-08-09T01:58:04.008+0000] {processor.py:161} INFO - Started process (PID=2696) to work on /home/airflow/.local/lib/python3.12/site-packages/airflow/example_dags/example_xcomargs.py
[2024-08-09T01:58:04.011+0000] {processor.py:830} INFO - Processing file /home/airflow/.local/lib/python3.12/site-packages/airflow/example_dags/example_xcomargs.py for tasks to queue
[2024-08-09T01:58:04.016+0000] {logging_mixin.py:188} INFO - [2024-08-09T01:58:04.015+0000] {dagbag.py:545} INFO - Filling up the DagBag from /home/airflow/.local/lib/python3.12/site-packages/airflow/example_dags/example_xcomargs.py
[2024-08-09T01:58:04.038+0000] {processor.py:840} INFO - DAG(s) 'example_xcom_args', 'example_xcom_args_with_operators' retrieved from /home/airflow/.local/lib/python3.12/site-packages/airflow/example_dags/example_xcomargs.py
[2024-08-09T01:58:04.123+0000] {logging_mixin.py:188} INFO - [2024-08-09T01:58:04.121+0000] {dag.py:3089} INFO - Sync 2 DAGs
[2024-08-09T01:58:04.151+0000] {logging_mixin.py:188} INFO - [2024-08-09T01:58:04.151+0000] {dag.py:3947} INFO - Setting next_dagrun for example_xcom_args to None, run_after=None
[2024-08-09T01:58:04.156+0000] {logging_mixin.py:188} INFO - [2024-08-09T01:58:04.156+0000] {dag.py:3947} INFO - Setting next_dagrun for example_xcom_args_with_operators to None, run_after=None
[2024-08-09T01:58:04.189+0000] {processor.py:183} INFO - Processing /home/airflow/.local/lib/python3.12/site-packages/airflow/example_dags/example_xcomargs.py took 0.203 seconds
[2024-08-09T01:58:35.269+0000] {processor.py:161} INFO - Started process (PID=2754) to work on /home/airflow/.local/lib/python3.12/site-packages/airflow/example_dags/example_xcomargs.py
[2024-08-09T01:58:35.274+0000] {processor.py:830} INFO - Processing file /home/airflow/.local/lib/python3.12/site-packages/airflow/example_dags/example_xcomargs.py for tasks to queue
[2024-08-09T01:58:35.286+0000] {logging_mixin.py:188} INFO - [2024-08-09T01:58:35.285+0000] {dagbag.py:545} INFO - Filling up the DagBag from /home/airflow/.local/lib/python3.12/site-packages/airflow/example_dags/example_xcomargs.py
[2024-08-09T01:58:35.330+0000] {processor.py:840} INFO - DAG(s) 'example_xcom_args', 'example_xcom_args_with_operators' retrieved from /home/airflow/.local/lib/python3.12/site-packages/airflow/example_dags/example_xcomargs.py
[2024-08-09T01:58:35.484+0000] {logging_mixin.py:188} INFO - [2024-08-09T01:58:35.483+0000] {dag.py:3089} INFO - Sync 2 DAGs
[2024-08-09T01:58:35.577+0000] {logging_mixin.py:188} INFO - [2024-08-09T01:58:35.577+0000] {dag.py:3947} INFO - Setting next_dagrun for example_xcom_args to None, run_after=None
[2024-08-09T01:58:35.592+0000] {logging_mixin.py:188} INFO - [2024-08-09T01:58:35.591+0000] {dag.py:3947} INFO - Setting next_dagrun for example_xcom_args_with_operators to None, run_after=None
[2024-08-09T01:58:35.677+0000] {processor.py:183} INFO - Processing /home/airflow/.local/lib/python3.12/site-packages/airflow/example_dags/example_xcomargs.py took 0.486 seconds
[2024-08-09T01:59:06.422+0000] {processor.py:161} INFO - Started process (PID=2812) to work on /home/airflow/.local/lib/python3.12/site-packages/airflow/example_dags/example_xcomargs.py
[2024-08-09T01:59:06.431+0000] {processor.py:830} INFO - Processing file /home/airflow/.local/lib/python3.12/site-packages/airflow/example_dags/example_xcomargs.py for tasks to queue
[2024-08-09T01:59:06.451+0000] {logging_mixin.py:188} INFO - [2024-08-09T01:59:06.450+0000] {dagbag.py:545} INFO - Filling up the DagBag from /home/airflow/.local/lib/python3.12/site-packages/airflow/example_dags/example_xcomargs.py
[2024-08-09T01:59:06.555+0000] {processor.py:840} INFO - DAG(s) 'example_xcom_args_with_operators', 'example_xcom_args' retrieved from /home/airflow/.local/lib/python3.12/site-packages/airflow/example_dags/example_xcomargs.py
[2024-08-09T01:59:06.914+0000] {logging_mixin.py:188} INFO - [2024-08-09T01:59:06.914+0000] {dag.py:3089} INFO - Sync 2 DAGs
[2024-08-09T01:59:07.034+0000] {logging_mixin.py:188} INFO - [2024-08-09T01:59:07.034+0000] {dag.py:3947} INFO - Setting next_dagrun for example_xcom_args to None, run_after=None
[2024-08-09T01:59:07.053+0000] {logging_mixin.py:188} INFO - [2024-08-09T01:59:07.053+0000] {dag.py:3947} INFO - Setting next_dagrun for example_xcom_args_with_operators to None, run_after=None
[2024-08-09T01:59:07.131+0000] {processor.py:183} INFO - Processing /home/airflow/.local/lib/python3.12/site-packages/airflow/example_dags/example_xcomargs.py took 0.792 seconds
[2024-08-09T01:59:37.772+0000] {processor.py:161} INFO - Started process (PID=2869) to work on /home/airflow/.local/lib/python3.12/site-packages/airflow/example_dags/example_xcomargs.py
[2024-08-09T01:59:37.775+0000] {processor.py:830} INFO - Processing file /home/airflow/.local/lib/python3.12/site-packages/airflow/example_dags/example_xcomargs.py for tasks to queue
[2024-08-09T01:59:37.779+0000] {logging_mixin.py:188} INFO - [2024-08-09T01:59:37.778+0000] {dagbag.py:545} INFO - Filling up the DagBag from /home/airflow/.local/lib/python3.12/site-packages/airflow/example_dags/example_xcomargs.py
[2024-08-09T01:59:37.800+0000] {processor.py:840} INFO - DAG(s) 'example_xcom_args_with_operators', 'example_xcom_args' retrieved from /home/airflow/.local/lib/python3.12/site-packages/airflow/example_dags/example_xcomargs.py
[2024-08-09T01:59:37.860+0000] {logging_mixin.py:188} INFO - [2024-08-09T01:59:37.859+0000] {dag.py:3089} INFO - Sync 2 DAGs
[2024-08-09T01:59:37.885+0000] {logging_mixin.py:188} INFO - [2024-08-09T01:59:37.885+0000] {dag.py:3947} INFO - Setting next_dagrun for example_xcom_args to None, run_after=None
[2024-08-09T01:59:37.892+0000] {logging_mixin.py:188} INFO - [2024-08-09T01:59:37.892+0000] {dag.py:3947} INFO - Setting next_dagrun for example_xcom_args_with_operators to None, run_after=None
[2024-08-09T01:59:37.922+0000] {processor.py:183} INFO - Processing /home/airflow/.local/lib/python3.12/site-packages/airflow/example_dags/example_xcomargs.py took 0.166 seconds
[2024-08-09T02:00:08.480+0000] {processor.py:161} INFO - Started process (PID=2926) to work on /home/airflow/.local/lib/python3.12/site-packages/airflow/example_dags/example_xcomargs.py
[2024-08-09T02:00:08.483+0000] {processor.py:830} INFO - Processing file /home/airflow/.local/lib/python3.12/site-packages/airflow/example_dags/example_xcomargs.py for tasks to queue
[2024-08-09T02:00:08.487+0000] {logging_mixin.py:188} INFO - [2024-08-09T02:00:08.486+0000] {dagbag.py:545} INFO - Filling up the DagBag from /home/airflow/.local/lib/python3.12/site-packages/airflow/example_dags/example_xcomargs.py
[2024-08-09T02:00:08.505+0000] {processor.py:840} INFO - DAG(s) 'example_xcom_args', 'example_xcom_args_with_operators' retrieved from /home/airflow/.local/lib/python3.12/site-packages/airflow/example_dags/example_xcomargs.py
[2024-08-09T02:00:08.558+0000] {logging_mixin.py:188} INFO - [2024-08-09T02:00:08.558+0000] {dag.py:3089} INFO - Sync 2 DAGs
[2024-08-09T02:00:08.584+0000] {logging_mixin.py:188} INFO - [2024-08-09T02:00:08.583+0000] {dag.py:3947} INFO - Setting next_dagrun for example_xcom_args to None, run_after=None
[2024-08-09T02:00:08.591+0000] {logging_mixin.py:188} INFO - [2024-08-09T02:00:08.591+0000] {dag.py:3947} INFO - Setting next_dagrun for example_xcom_args_with_operators to None, run_after=None
[2024-08-09T02:00:08.641+0000] {processor.py:183} INFO - Processing /home/airflow/.local/lib/python3.12/site-packages/airflow/example_dags/example_xcomargs.py took 0.175 seconds
[2024-08-09T02:00:39.381+0000] {processor.py:161} INFO - Started process (PID=2984) to work on /home/airflow/.local/lib/python3.12/site-packages/airflow/example_dags/example_xcomargs.py
[2024-08-09T02:00:39.384+0000] {processor.py:830} INFO - Processing file /home/airflow/.local/lib/python3.12/site-packages/airflow/example_dags/example_xcomargs.py for tasks to queue
[2024-08-09T02:00:39.390+0000] {logging_mixin.py:188} INFO - [2024-08-09T02:00:39.388+0000] {dagbag.py:545} INFO - Filling up the DagBag from /home/airflow/.local/lib/python3.12/site-packages/airflow/example_dags/example_xcomargs.py
[2024-08-09T02:00:39.410+0000] {processor.py:840} INFO - DAG(s) 'example_xcom_args', 'example_xcom_args_with_operators' retrieved from /home/airflow/.local/lib/python3.12/site-packages/airflow/example_dags/example_xcomargs.py
[2024-08-09T02:00:39.471+0000] {logging_mixin.py:188} INFO - [2024-08-09T02:00:39.470+0000] {dag.py:3089} INFO - Sync 2 DAGs
[2024-08-09T02:00:39.500+0000] {logging_mixin.py:188} INFO - [2024-08-09T02:00:39.499+0000] {dag.py:3947} INFO - Setting next_dagrun for example_xcom_args to None, run_after=None
[2024-08-09T02:00:39.509+0000] {logging_mixin.py:188} INFO - [2024-08-09T02:00:39.508+0000] {dag.py:3947} INFO - Setting next_dagrun for example_xcom_args_with_operators to None, run_after=None
[2024-08-09T02:00:39.545+0000] {processor.py:183} INFO - Processing /home/airflow/.local/lib/python3.12/site-packages/airflow/example_dags/example_xcomargs.py took 0.181 seconds
[2024-08-09T02:01:10.297+0000] {processor.py:161} INFO - Started process (PID=3042) to work on /home/airflow/.local/lib/python3.12/site-packages/airflow/example_dags/example_xcomargs.py
[2024-08-09T02:01:10.303+0000] {processor.py:830} INFO - Processing file /home/airflow/.local/lib/python3.12/site-packages/airflow/example_dags/example_xcomargs.py for tasks to queue
[2024-08-09T02:01:10.311+0000] {logging_mixin.py:188} INFO - [2024-08-09T02:01:10.310+0000] {dagbag.py:545} INFO - Filling up the DagBag from /home/airflow/.local/lib/python3.12/site-packages/airflow/example_dags/example_xcomargs.py
[2024-08-09T02:01:10.341+0000] {processor.py:840} INFO - DAG(s) 'example_xcom_args_with_operators', 'example_xcom_args' retrieved from /home/airflow/.local/lib/python3.12/site-packages/airflow/example_dags/example_xcomargs.py
[2024-08-09T02:01:10.414+0000] {logging_mixin.py:188} INFO - [2024-08-09T02:01:10.413+0000] {dag.py:3089} INFO - Sync 2 DAGs
[2024-08-09T02:01:10.444+0000] {logging_mixin.py:188} INFO - [2024-08-09T02:01:10.443+0000] {dag.py:3947} INFO - Setting next_dagrun for example_xcom_args to None, run_after=None
[2024-08-09T02:01:10.452+0000] {logging_mixin.py:188} INFO - [2024-08-09T02:01:10.452+0000] {dag.py:3947} INFO - Setting next_dagrun for example_xcom_args_with_operators to None, run_after=None
[2024-08-09T02:01:10.499+0000] {processor.py:183} INFO - Processing /home/airflow/.local/lib/python3.12/site-packages/airflow/example_dags/example_xcomargs.py took 0.227 seconds
[2024-08-09T02:01:40.740+0000] {processor.py:161} INFO - Started process (PID=3100) to work on /home/airflow/.local/lib/python3.12/site-packages/airflow/example_dags/example_xcomargs.py
[2024-08-09T02:01:40.744+0000] {processor.py:830} INFO - Processing file /home/airflow/.local/lib/python3.12/site-packages/airflow/example_dags/example_xcomargs.py for tasks to queue
[2024-08-09T02:01:40.748+0000] {logging_mixin.py:188} INFO - [2024-08-09T02:01:40.748+0000] {dagbag.py:545} INFO - Filling up the DagBag from /home/airflow/.local/lib/python3.12/site-packages/airflow/example_dags/example_xcomargs.py
[2024-08-09T02:01:40.771+0000] {processor.py:840} INFO - DAG(s) 'example_xcom_args_with_operators', 'example_xcom_args' retrieved from /home/airflow/.local/lib/python3.12/site-packages/airflow/example_dags/example_xcomargs.py
[2024-08-09T02:01:40.859+0000] {logging_mixin.py:188} INFO - [2024-08-09T02:01:40.858+0000] {dag.py:3089} INFO - Sync 2 DAGs
[2024-08-09T02:01:40.902+0000] {logging_mixin.py:188} INFO - [2024-08-09T02:01:40.902+0000] {dag.py:3947} INFO - Setting next_dagrun for example_xcom_args to None, run_after=None
[2024-08-09T02:01:40.912+0000] {logging_mixin.py:188} INFO - [2024-08-09T02:01:40.911+0000] {dag.py:3947} INFO - Setting next_dagrun for example_xcom_args_with_operators to None, run_after=None
[2024-08-09T02:01:40.950+0000] {processor.py:183} INFO - Processing /home/airflow/.local/lib/python3.12/site-packages/airflow/example_dags/example_xcomargs.py took 0.230 seconds
[2024-08-09T02:02:11.344+0000] {processor.py:161} INFO - Started process (PID=3158) to work on /home/airflow/.local/lib/python3.12/site-packages/airflow/example_dags/example_xcomargs.py
[2024-08-09T02:02:11.347+0000] {processor.py:830} INFO - Processing file /home/airflow/.local/lib/python3.12/site-packages/airflow/example_dags/example_xcomargs.py for tasks to queue
[2024-08-09T02:02:11.353+0000] {logging_mixin.py:188} INFO - [2024-08-09T02:02:11.352+0000] {dagbag.py:545} INFO - Filling up the DagBag from /home/airflow/.local/lib/python3.12/site-packages/airflow/example_dags/example_xcomargs.py
[2024-08-09T02:02:11.377+0000] {processor.py:840} INFO - DAG(s) 'example_xcom_args', 'example_xcom_args_with_operators' retrieved from /home/airflow/.local/lib/python3.12/site-packages/airflow/example_dags/example_xcomargs.py
[2024-08-09T02:02:11.479+0000] {logging_mixin.py:188} INFO - [2024-08-09T02:02:11.478+0000] {dag.py:3089} INFO - Sync 2 DAGs
[2024-08-09T02:02:11.521+0000] {logging_mixin.py:188} INFO - [2024-08-09T02:02:11.521+0000] {dag.py:3947} INFO - Setting next_dagrun for example_xcom_args to None, run_after=None
[2024-08-09T02:02:11.538+0000] {logging_mixin.py:188} INFO - [2024-08-09T02:02:11.537+0000] {dag.py:3947} INFO - Setting next_dagrun for example_xcom_args_with_operators to None, run_after=None
[2024-08-09T02:02:11.588+0000] {processor.py:183} INFO - Processing /home/airflow/.local/lib/python3.12/site-packages/airflow/example_dags/example_xcomargs.py took 0.263 seconds
[2024-08-09T02:02:42.159+0000] {processor.py:161} INFO - Started process (PID=3216) to work on /home/airflow/.local/lib/python3.12/site-packages/airflow/example_dags/example_xcomargs.py
[2024-08-09T02:02:42.161+0000] {processor.py:830} INFO - Processing file /home/airflow/.local/lib/python3.12/site-packages/airflow/example_dags/example_xcomargs.py for tasks to queue
[2024-08-09T02:02:42.167+0000] {logging_mixin.py:188} INFO - [2024-08-09T02:02:42.166+0000] {dagbag.py:545} INFO - Filling up the DagBag from /home/airflow/.local/lib/python3.12/site-packages/airflow/example_dags/example_xcomargs.py
[2024-08-09T02:02:42.187+0000] {processor.py:840} INFO - DAG(s) 'example_xcom_args', 'example_xcom_args_with_operators' retrieved from /home/airflow/.local/lib/python3.12/site-packages/airflow/example_dags/example_xcomargs.py
[2024-08-09T02:02:42.243+0000] {logging_mixin.py:188} INFO - [2024-08-09T02:02:42.243+0000] {dag.py:3089} INFO - Sync 2 DAGs
[2024-08-09T02:02:42.268+0000] {logging_mixin.py:188} INFO - [2024-08-09T02:02:42.268+0000] {dag.py:3947} INFO - Setting next_dagrun for example_xcom_args to None, run_after=None
[2024-08-09T02:02:42.277+0000] {logging_mixin.py:188} INFO - [2024-08-09T02:02:42.276+0000] {dag.py:3947} INFO - Setting next_dagrun for example_xcom_args_with_operators to None, run_after=None
[2024-08-09T02:02:42.304+0000] {processor.py:183} INFO - Processing /home/airflow/.local/lib/python3.12/site-packages/airflow/example_dags/example_xcomargs.py took 0.160 seconds
[2024-08-09T02:03:12.929+0000] {processor.py:161} INFO - Started process (PID=3274) to work on /home/airflow/.local/lib/python3.12/site-packages/airflow/example_dags/example_xcomargs.py
[2024-08-09T02:03:12.932+0000] {processor.py:830} INFO - Processing file /home/airflow/.local/lib/python3.12/site-packages/airflow/example_dags/example_xcomargs.py for tasks to queue
[2024-08-09T02:03:12.937+0000] {logging_mixin.py:188} INFO - [2024-08-09T02:03:12.936+0000] {dagbag.py:545} INFO - Filling up the DagBag from /home/airflow/.local/lib/python3.12/site-packages/airflow/example_dags/example_xcomargs.py
[2024-08-09T02:03:12.956+0000] {processor.py:840} INFO - DAG(s) 'example_xcom_args', 'example_xcom_args_with_operators' retrieved from /home/airflow/.local/lib/python3.12/site-packages/airflow/example_dags/example_xcomargs.py
[2024-08-09T02:03:13.007+0000] {logging_mixin.py:188} INFO - [2024-08-09T02:03:13.007+0000] {dag.py:3089} INFO - Sync 2 DAGs
[2024-08-09T02:03:13.032+0000] {logging_mixin.py:188} INFO - [2024-08-09T02:03:13.032+0000] {dag.py:3947} INFO - Setting next_dagrun for example_xcom_args to None, run_after=None
[2024-08-09T02:03:13.039+0000] {logging_mixin.py:188} INFO - [2024-08-09T02:03:13.039+0000] {dag.py:3947} INFO - Setting next_dagrun for example_xcom_args_with_operators to None, run_after=None
[2024-08-09T02:03:13.069+0000] {processor.py:183} INFO - Processing /home/airflow/.local/lib/python3.12/site-packages/airflow/example_dags/example_xcomargs.py took 0.156 seconds
[2024-08-09T02:03:43.843+0000] {processor.py:161} INFO - Started process (PID=3331) to work on /home/airflow/.local/lib/python3.12/site-packages/airflow/example_dags/example_xcomargs.py
[2024-08-09T02:03:43.846+0000] {processor.py:830} INFO - Processing file /home/airflow/.local/lib/python3.12/site-packages/airflow/example_dags/example_xcomargs.py for tasks to queue
[2024-08-09T02:03:43.851+0000] {logging_mixin.py:188} INFO - [2024-08-09T02:03:43.851+0000] {dagbag.py:545} INFO - Filling up the DagBag from /home/airflow/.local/lib/python3.12/site-packages/airflow/example_dags/example_xcomargs.py
[2024-08-09T02:03:43.872+0000] {processor.py:840} INFO - DAG(s) 'example_xcom_args_with_operators', 'example_xcom_args' retrieved from /home/airflow/.local/lib/python3.12/site-packages/airflow/example_dags/example_xcomargs.py
[2024-08-09T02:03:43.976+0000] {logging_mixin.py:188} INFO - [2024-08-09T02:03:43.976+0000] {dag.py:3089} INFO - Sync 2 DAGs
[2024-08-09T02:03:44.015+0000] {logging_mixin.py:188} INFO - [2024-08-09T02:03:44.015+0000] {dag.py:3947} INFO - Setting next_dagrun for example_xcom_args to None, run_after=None
[2024-08-09T02:03:44.022+0000] {logging_mixin.py:188} INFO - [2024-08-09T02:03:44.021+0000] {dag.py:3947} INFO - Setting next_dagrun for example_xcom_args_with_operators to None, run_after=None
[2024-08-09T02:03:44.051+0000] {processor.py:183} INFO - Processing /home/airflow/.local/lib/python3.12/site-packages/airflow/example_dags/example_xcomargs.py took 0.224 seconds
[2024-08-09T02:04:14.913+0000] {processor.py:161} INFO - Started process (PID=3389) to work on /home/airflow/.local/lib/python3.12/site-packages/airflow/example_dags/example_xcomargs.py
[2024-08-09T02:04:14.918+0000] {processor.py:830} INFO - Processing file /home/airflow/.local/lib/python3.12/site-packages/airflow/example_dags/example_xcomargs.py for tasks to queue
[2024-08-09T02:04:14.939+0000] {logging_mixin.py:188} INFO - [2024-08-09T02:04:14.936+0000] {dagbag.py:545} INFO - Filling up the DagBag from /home/airflow/.local/lib/python3.12/site-packages/airflow/example_dags/example_xcomargs.py
[2024-08-09T02:04:14.968+0000] {processor.py:840} INFO - DAG(s) 'example_xcom_args', 'example_xcom_args_with_operators' retrieved from /home/airflow/.local/lib/python3.12/site-packages/airflow/example_dags/example_xcomargs.py
[2024-08-09T02:04:15.040+0000] {logging_mixin.py:188} INFO - [2024-08-09T02:04:15.040+0000] {dag.py:3089} INFO - Sync 2 DAGs
[2024-08-09T02:04:15.077+0000] {logging_mixin.py:188} INFO - [2024-08-09T02:04:15.077+0000] {dag.py:3947} INFO - Setting next_dagrun for example_xcom_args to None, run_after=None
[2024-08-09T02:04:15.086+0000] {logging_mixin.py:188} INFO - [2024-08-09T02:04:15.085+0000] {dag.py:3947} INFO - Setting next_dagrun for example_xcom_args_with_operators to None, run_after=None
[2024-08-09T02:04:15.136+0000] {processor.py:183} INFO - Processing /home/airflow/.local/lib/python3.12/site-packages/airflow/example_dags/example_xcomargs.py took 0.246 seconds
[2024-08-09T02:04:45.287+0000] {processor.py:161} INFO - Started process (PID=3447) to work on /home/airflow/.local/lib/python3.12/site-packages/airflow/example_dags/example_xcomargs.py
[2024-08-09T02:04:45.290+0000] {processor.py:830} INFO - Processing file /home/airflow/.local/lib/python3.12/site-packages/airflow/example_dags/example_xcomargs.py for tasks to queue
[2024-08-09T02:04:45.294+0000] {logging_mixin.py:188} INFO - [2024-08-09T02:04:45.293+0000] {dagbag.py:545} INFO - Filling up the DagBag from /home/airflow/.local/lib/python3.12/site-packages/airflow/example_dags/example_xcomargs.py
[2024-08-09T02:04:45.313+0000] {processor.py:840} INFO - DAG(s) 'example_xcom_args', 'example_xcom_args_with_operators' retrieved from /home/airflow/.local/lib/python3.12/site-packages/airflow/example_dags/example_xcomargs.py
[2024-08-09T02:04:45.364+0000] {logging_mixin.py:188} INFO - [2024-08-09T02:04:45.363+0000] {dag.py:3089} INFO - Sync 2 DAGs
[2024-08-09T02:04:45.387+0000] {logging_mixin.py:188} INFO - [2024-08-09T02:04:45.387+0000] {dag.py:3947} INFO - Setting next_dagrun for example_xcom_args to None, run_after=None
[2024-08-09T02:04:45.393+0000] {logging_mixin.py:188} INFO - [2024-08-09T02:04:45.392+0000] {dag.py:3947} INFO - Setting next_dagrun for example_xcom_args_with_operators to None, run_after=None
[2024-08-09T02:04:45.420+0000] {processor.py:183} INFO - Processing /home/airflow/.local/lib/python3.12/site-packages/airflow/example_dags/example_xcomargs.py took 0.147 seconds
[2024-08-09T02:05:16.020+0000] {processor.py:161} INFO - Started process (PID=3505) to work on /home/airflow/.local/lib/python3.12/site-packages/airflow/example_dags/example_xcomargs.py
[2024-08-09T02:05:16.026+0000] {processor.py:830} INFO - Processing file /home/airflow/.local/lib/python3.12/site-packages/airflow/example_dags/example_xcomargs.py for tasks to queue
[2024-08-09T02:05:16.035+0000] {logging_mixin.py:188} INFO - [2024-08-09T02:05:16.034+0000] {dagbag.py:545} INFO - Filling up the DagBag from /home/airflow/.local/lib/python3.12/site-packages/airflow/example_dags/example_xcomargs.py
[2024-08-09T02:05:16.082+0000] {processor.py:840} INFO - DAG(s) 'example_xcom_args', 'example_xcom_args_with_operators' retrieved from /home/airflow/.local/lib/python3.12/site-packages/airflow/example_dags/example_xcomargs.py
[2024-08-09T02:05:16.186+0000] {logging_mixin.py:188} INFO - [2024-08-09T02:05:16.186+0000] {dag.py:3089} INFO - Sync 2 DAGs
[2024-08-09T02:05:16.221+0000] {logging_mixin.py:188} INFO - [2024-08-09T02:05:16.220+0000] {dag.py:3947} INFO - Setting next_dagrun for example_xcom_args to None, run_after=None
[2024-08-09T02:05:16.231+0000] {logging_mixin.py:188} INFO - [2024-08-09T02:05:16.230+0000] {dag.py:3947} INFO - Setting next_dagrun for example_xcom_args_with_operators to None, run_after=None
[2024-08-09T02:05:16.275+0000] {processor.py:183} INFO - Processing /home/airflow/.local/lib/python3.12/site-packages/airflow/example_dags/example_xcomargs.py took 0.302 seconds
[2024-08-09T02:05:47.081+0000] {processor.py:161} INFO - Started process (PID=3563) to work on /home/airflow/.local/lib/python3.12/site-packages/airflow/example_dags/example_xcomargs.py
[2024-08-09T02:05:47.089+0000] {processor.py:830} INFO - Processing file /home/airflow/.local/lib/python3.12/site-packages/airflow/example_dags/example_xcomargs.py for tasks to queue
[2024-08-09T02:05:47.107+0000] {logging_mixin.py:188} INFO - [2024-08-09T02:05:47.104+0000] {dagbag.py:545} INFO - Filling up the DagBag from /home/airflow/.local/lib/python3.12/site-packages/airflow/example_dags/example_xcomargs.py
[2024-08-09T02:05:47.152+0000] {processor.py:840} INFO - DAG(s) 'example_xcom_args', 'example_xcom_args_with_operators' retrieved from /home/airflow/.local/lib/python3.12/site-packages/airflow/example_dags/example_xcomargs.py
[2024-08-09T02:05:47.276+0000] {logging_mixin.py:188} INFO - [2024-08-09T02:05:47.276+0000] {dag.py:3089} INFO - Sync 2 DAGs
[2024-08-09T02:05:47.339+0000] {logging_mixin.py:188} INFO - [2024-08-09T02:05:47.338+0000] {dag.py:3947} INFO - Setting next_dagrun for example_xcom_args to None, run_after=None
[2024-08-09T02:05:47.357+0000] {logging_mixin.py:188} INFO - [2024-08-09T02:05:47.356+0000] {dag.py:3947} INFO - Setting next_dagrun for example_xcom_args_with_operators to None, run_after=None
[2024-08-09T02:05:47.424+0000] {processor.py:183} INFO - Processing /home/airflow/.local/lib/python3.12/site-packages/airflow/example_dags/example_xcomargs.py took 0.390 seconds
[2024-08-09T02:06:17.558+0000] {processor.py:161} INFO - Started process (PID=3621) to work on /home/airflow/.local/lib/python3.12/site-packages/airflow/example_dags/example_xcomargs.py
[2024-08-09T02:06:17.560+0000] {processor.py:830} INFO - Processing file /home/airflow/.local/lib/python3.12/site-packages/airflow/example_dags/example_xcomargs.py for tasks to queue
[2024-08-09T02:06:17.565+0000] {logging_mixin.py:188} INFO - [2024-08-09T02:06:17.564+0000] {dagbag.py:545} INFO - Filling up the DagBag from /home/airflow/.local/lib/python3.12/site-packages/airflow/example_dags/example_xcomargs.py
[2024-08-09T02:06:17.596+0000] {processor.py:840} INFO - DAG(s) 'example_xcom_args', 'example_xcom_args_with_operators' retrieved from /home/airflow/.local/lib/python3.12/site-packages/airflow/example_dags/example_xcomargs.py
[2024-08-09T02:06:17.682+0000] {logging_mixin.py:188} INFO - [2024-08-09T02:06:17.681+0000] {dag.py:3089} INFO - Sync 2 DAGs
[2024-08-09T02:06:17.719+0000] {logging_mixin.py:188} INFO - [2024-08-09T02:06:17.718+0000] {dag.py:3947} INFO - Setting next_dagrun for example_xcom_args to None, run_after=None
[2024-08-09T02:06:17.728+0000] {logging_mixin.py:188} INFO - [2024-08-09T02:06:17.727+0000] {dag.py:3947} INFO - Setting next_dagrun for example_xcom_args_with_operators to None, run_after=None
[2024-08-09T02:06:17.776+0000] {processor.py:183} INFO - Processing /home/airflow/.local/lib/python3.12/site-packages/airflow/example_dags/example_xcomargs.py took 0.240 seconds
[2024-08-09T02:06:47.835+0000] {processor.py:161} INFO - Started process (PID=3679) to work on /home/airflow/.local/lib/python3.12/site-packages/airflow/example_dags/example_xcomargs.py
[2024-08-09T02:06:47.838+0000] {processor.py:830} INFO - Processing file /home/airflow/.local/lib/python3.12/site-packages/airflow/example_dags/example_xcomargs.py for tasks to queue
[2024-08-09T02:06:47.843+0000] {logging_mixin.py:188} INFO - [2024-08-09T02:06:47.842+0000] {dagbag.py:545} INFO - Filling up the DagBag from /home/airflow/.local/lib/python3.12/site-packages/airflow/example_dags/example_xcomargs.py
[2024-08-09T02:06:47.862+0000] {processor.py:840} INFO - DAG(s) 'example_xcom_args_with_operators', 'example_xcom_args' retrieved from /home/airflow/.local/lib/python3.12/site-packages/airflow/example_dags/example_xcomargs.py
[2024-08-09T02:06:47.917+0000] {logging_mixin.py:188} INFO - [2024-08-09T02:06:47.917+0000] {dag.py:3089} INFO - Sync 2 DAGs
[2024-08-09T02:06:47.941+0000] {logging_mixin.py:188} INFO - [2024-08-09T02:06:47.941+0000] {dag.py:3947} INFO - Setting next_dagrun for example_xcom_args to None, run_after=None
[2024-08-09T02:06:47.947+0000] {logging_mixin.py:188} INFO - [2024-08-09T02:06:47.947+0000] {dag.py:3947} INFO - Setting next_dagrun for example_xcom_args_with_operators to None, run_after=None
[2024-08-09T02:06:47.977+0000] {processor.py:183} INFO - Processing /home/airflow/.local/lib/python3.12/site-packages/airflow/example_dags/example_xcomargs.py took 0.159 seconds
[2024-08-09T02:07:18.410+0000] {processor.py:161} INFO - Started process (PID=3736) to work on /home/airflow/.local/lib/python3.12/site-packages/airflow/example_dags/example_xcomargs.py
[2024-08-09T02:07:18.413+0000] {processor.py:830} INFO - Processing file /home/airflow/.local/lib/python3.12/site-packages/airflow/example_dags/example_xcomargs.py for tasks to queue
[2024-08-09T02:07:18.419+0000] {logging_mixin.py:188} INFO - [2024-08-09T02:07:18.418+0000] {dagbag.py:545} INFO - Filling up the DagBag from /home/airflow/.local/lib/python3.12/site-packages/airflow/example_dags/example_xcomargs.py
[2024-08-09T02:07:18.446+0000] {processor.py:840} INFO - DAG(s) 'example_xcom_args_with_operators', 'example_xcom_args' retrieved from /home/airflow/.local/lib/python3.12/site-packages/airflow/example_dags/example_xcomargs.py
[2024-08-09T02:07:18.519+0000] {logging_mixin.py:188} INFO - [2024-08-09T02:07:18.519+0000] {dag.py:3089} INFO - Sync 2 DAGs
[2024-08-09T02:07:18.554+0000] {logging_mixin.py:188} INFO - [2024-08-09T02:07:18.553+0000] {dag.py:3947} INFO - Setting next_dagrun for example_xcom_args to None, run_after=None
[2024-08-09T02:07:18.562+0000] {logging_mixin.py:188} INFO - [2024-08-09T02:07:18.562+0000] {dag.py:3947} INFO - Setting next_dagrun for example_xcom_args_with_operators to None, run_after=None
[2024-08-09T02:07:18.604+0000] {processor.py:183} INFO - Processing /home/airflow/.local/lib/python3.12/site-packages/airflow/example_dags/example_xcomargs.py took 0.218 seconds
[2024-08-09T02:07:48.863+0000] {processor.py:161} INFO - Started process (PID=3793) to work on /home/airflow/.local/lib/python3.12/site-packages/airflow/example_dags/example_xcomargs.py
[2024-08-09T02:07:48.866+0000] {processor.py:830} INFO - Processing file /home/airflow/.local/lib/python3.12/site-packages/airflow/example_dags/example_xcomargs.py for tasks to queue
[2024-08-09T02:07:48.872+0000] {logging_mixin.py:188} INFO - [2024-08-09T02:07:48.871+0000] {dagbag.py:545} INFO - Filling up the DagBag from /home/airflow/.local/lib/python3.12/site-packages/airflow/example_dags/example_xcomargs.py
[2024-08-09T02:07:48.891+0000] {processor.py:840} INFO - DAG(s) 'example_xcom_args', 'example_xcom_args_with_operators' retrieved from /home/airflow/.local/lib/python3.12/site-packages/airflow/example_dags/example_xcomargs.py
[2024-08-09T02:07:48.953+0000] {logging_mixin.py:188} INFO - [2024-08-09T02:07:48.953+0000] {dag.py:3089} INFO - Sync 2 DAGs
[2024-08-09T02:07:48.980+0000] {logging_mixin.py:188} INFO - [2024-08-09T02:07:48.980+0000] {dag.py:3947} INFO - Setting next_dagrun for example_xcom_args to None, run_after=None
[2024-08-09T02:07:48.985+0000] {logging_mixin.py:188} INFO - [2024-08-09T02:07:48.985+0000] {dag.py:3947} INFO - Setting next_dagrun for example_xcom_args_with_operators to None, run_after=None
[2024-08-09T02:07:49.016+0000] {processor.py:183} INFO - Processing /home/airflow/.local/lib/python3.12/site-packages/airflow/example_dags/example_xcomargs.py took 0.171 seconds
[2024-08-09T02:08:20.123+0000] {processor.py:161} INFO - Started process (PID=3851) to work on /home/airflow/.local/lib/python3.12/site-packages/airflow/example_dags/example_xcomargs.py
[2024-08-09T02:08:20.128+0000] {processor.py:830} INFO - Processing file /home/airflow/.local/lib/python3.12/site-packages/airflow/example_dags/example_xcomargs.py for tasks to queue
[2024-08-09T02:08:20.139+0000] {logging_mixin.py:188} INFO - [2024-08-09T02:08:20.136+0000] {dagbag.py:545} INFO - Filling up the DagBag from /home/airflow/.local/lib/python3.12/site-packages/airflow/example_dags/example_xcomargs.py
[2024-08-09T02:08:20.178+0000] {processor.py:840} INFO - DAG(s) 'example_xcom_args', 'example_xcom_args_with_operators' retrieved from /home/airflow/.local/lib/python3.12/site-packages/airflow/example_dags/example_xcomargs.py
[2024-08-09T02:08:20.326+0000] {logging_mixin.py:188} INFO - [2024-08-09T02:08:20.324+0000] {dag.py:3089} INFO - Sync 2 DAGs
[2024-08-09T02:08:20.384+0000] {logging_mixin.py:188} INFO - [2024-08-09T02:08:20.384+0000] {dag.py:3947} INFO - Setting next_dagrun for example_xcom_args to None, run_after=None
[2024-08-09T02:08:20.396+0000] {logging_mixin.py:188} INFO - [2024-08-09T02:08:20.395+0000] {dag.py:3947} INFO - Setting next_dagrun for example_xcom_args_with_operators to None, run_after=None
[2024-08-09T02:08:20.467+0000] {processor.py:183} INFO - Processing /home/airflow/.local/lib/python3.12/site-packages/airflow/example_dags/example_xcomargs.py took 0.384 seconds
[2024-08-09T02:08:50.554+0000] {processor.py:161} INFO - Started process (PID=3909) to work on /home/airflow/.local/lib/python3.12/site-packages/airflow/example_dags/example_xcomargs.py
[2024-08-09T02:08:50.557+0000] {processor.py:830} INFO - Processing file /home/airflow/.local/lib/python3.12/site-packages/airflow/example_dags/example_xcomargs.py for tasks to queue
[2024-08-09T02:08:50.562+0000] {logging_mixin.py:188} INFO - [2024-08-09T02:08:50.561+0000] {dagbag.py:545} INFO - Filling up the DagBag from /home/airflow/.local/lib/python3.12/site-packages/airflow/example_dags/example_xcomargs.py
[2024-08-09T02:08:50.581+0000] {processor.py:840} INFO - DAG(s) 'example_xcom_args_with_operators', 'example_xcom_args' retrieved from /home/airflow/.local/lib/python3.12/site-packages/airflow/example_dags/example_xcomargs.py
[2024-08-09T02:08:50.636+0000] {logging_mixin.py:188} INFO - [2024-08-09T02:08:50.636+0000] {dag.py:3089} INFO - Sync 2 DAGs
[2024-08-09T02:08:50.665+0000] {logging_mixin.py:188} INFO - [2024-08-09T02:08:50.664+0000] {dag.py:3947} INFO - Setting next_dagrun for example_xcom_args to None, run_after=None
[2024-08-09T02:08:50.673+0000] {logging_mixin.py:188} INFO - [2024-08-09T02:08:50.672+0000] {dag.py:3947} INFO - Setting next_dagrun for example_xcom_args_with_operators to None, run_after=None
[2024-08-09T02:08:50.726+0000] {processor.py:183} INFO - Processing /home/airflow/.local/lib/python3.12/site-packages/airflow/example_dags/example_xcomargs.py took 0.188 seconds
[2024-08-09T02:09:21.196+0000] {processor.py:161} INFO - Started process (PID=3967) to work on /home/airflow/.local/lib/python3.12/site-packages/airflow/example_dags/example_xcomargs.py
[2024-08-09T02:09:21.200+0000] {processor.py:830} INFO - Processing file /home/airflow/.local/lib/python3.12/site-packages/airflow/example_dags/example_xcomargs.py for tasks to queue
[2024-08-09T02:09:21.207+0000] {logging_mixin.py:188} INFO - [2024-08-09T02:09:21.206+0000] {dagbag.py:545} INFO - Filling up the DagBag from /home/airflow/.local/lib/python3.12/site-packages/airflow/example_dags/example_xcomargs.py
[2024-08-09T02:09:21.236+0000] {processor.py:840} INFO - DAG(s) 'example_xcom_args', 'example_xcom_args_with_operators' retrieved from /home/airflow/.local/lib/python3.12/site-packages/airflow/example_dags/example_xcomargs.py
[2024-08-09T02:09:21.305+0000] {logging_mixin.py:188} INFO - [2024-08-09T02:09:21.304+0000] {dag.py:3089} INFO - Sync 2 DAGs
[2024-08-09T02:09:21.347+0000] {logging_mixin.py:188} INFO - [2024-08-09T02:09:21.347+0000] {dag.py:3947} INFO - Setting next_dagrun for example_xcom_args to None, run_after=None
[2024-08-09T02:09:21.355+0000] {logging_mixin.py:188} INFO - [2024-08-09T02:09:21.354+0000] {dag.py:3947} INFO - Setting next_dagrun for example_xcom_args_with_operators to None, run_after=None
[2024-08-09T02:09:21.401+0000] {processor.py:183} INFO - Processing /home/airflow/.local/lib/python3.12/site-packages/airflow/example_dags/example_xcomargs.py took 0.226 seconds
[2024-08-09T02:09:51.942+0000] {processor.py:161} INFO - Started process (PID=4025) to work on /home/airflow/.local/lib/python3.12/site-packages/airflow/example_dags/example_xcomargs.py
[2024-08-09T02:09:51.946+0000] {processor.py:830} INFO - Processing file /home/airflow/.local/lib/python3.12/site-packages/airflow/example_dags/example_xcomargs.py for tasks to queue
[2024-08-09T02:09:51.953+0000] {logging_mixin.py:188} INFO - [2024-08-09T02:09:51.952+0000] {dagbag.py:545} INFO - Filling up the DagBag from /home/airflow/.local/lib/python3.12/site-packages/airflow/example_dags/example_xcomargs.py
[2024-08-09T02:09:51.983+0000] {processor.py:840} INFO - DAG(s) 'example_xcom_args_with_operators', 'example_xcom_args' retrieved from /home/airflow/.local/lib/python3.12/site-packages/airflow/example_dags/example_xcomargs.py
[2024-08-09T02:09:52.059+0000] {logging_mixin.py:188} INFO - [2024-08-09T02:09:52.058+0000] {dag.py:3089} INFO - Sync 2 DAGs
[2024-08-09T02:09:52.084+0000] {logging_mixin.py:188} INFO - [2024-08-09T02:09:52.084+0000] {dag.py:3947} INFO - Setting next_dagrun for example_xcom_args to None, run_after=None
[2024-08-09T02:09:52.090+0000] {logging_mixin.py:188} INFO - [2024-08-09T02:09:52.090+0000] {dag.py:3947} INFO - Setting next_dagrun for example_xcom_args_with_operators to None, run_after=None
[2024-08-09T02:09:52.120+0000] {processor.py:183} INFO - Processing /home/airflow/.local/lib/python3.12/site-packages/airflow/example_dags/example_xcomargs.py took 0.197 seconds
[2024-08-09T02:10:22.561+0000] {processor.py:161} INFO - Started process (PID=4083) to work on /home/airflow/.local/lib/python3.12/site-packages/airflow/example_dags/example_xcomargs.py
[2024-08-09T02:10:22.564+0000] {processor.py:830} INFO - Processing file /home/airflow/.local/lib/python3.12/site-packages/airflow/example_dags/example_xcomargs.py for tasks to queue
[2024-08-09T02:10:22.570+0000] {logging_mixin.py:188} INFO - [2024-08-09T02:10:22.569+0000] {dagbag.py:545} INFO - Filling up the DagBag from /home/airflow/.local/lib/python3.12/site-packages/airflow/example_dags/example_xcomargs.py
[2024-08-09T02:10:22.596+0000] {processor.py:840} INFO - DAG(s) 'example_xcom_args', 'example_xcom_args_with_operators' retrieved from /home/airflow/.local/lib/python3.12/site-packages/airflow/example_dags/example_xcomargs.py
[2024-08-09T02:10:22.679+0000] {logging_mixin.py:188} INFO - [2024-08-09T02:10:22.678+0000] {dag.py:3089} INFO - Sync 2 DAGs
[2024-08-09T02:10:22.728+0000] {logging_mixin.py:188} INFO - [2024-08-09T02:10:22.728+0000] {dag.py:3947} INFO - Setting next_dagrun for example_xcom_args to None, run_after=None
[2024-08-09T02:10:22.736+0000] {logging_mixin.py:188} INFO - [2024-08-09T02:10:22.735+0000] {dag.py:3947} INFO - Setting next_dagrun for example_xcom_args_with_operators to None, run_after=None
[2024-08-09T02:10:22.791+0000] {processor.py:183} INFO - Processing /home/airflow/.local/lib/python3.12/site-packages/airflow/example_dags/example_xcomargs.py took 0.257 seconds
[2024-08-09T02:10:53.673+0000] {processor.py:161} INFO - Started process (PID=4140) to work on /home/airflow/.local/lib/python3.12/site-packages/airflow/example_dags/example_xcomargs.py
[2024-08-09T02:10:53.679+0000] {processor.py:830} INFO - Processing file /home/airflow/.local/lib/python3.12/site-packages/airflow/example_dags/example_xcomargs.py for tasks to queue
[2024-08-09T02:10:53.685+0000] {logging_mixin.py:188} INFO - [2024-08-09T02:10:53.684+0000] {dagbag.py:545} INFO - Filling up the DagBag from /home/airflow/.local/lib/python3.12/site-packages/airflow/example_dags/example_xcomargs.py
[2024-08-09T02:10:53.714+0000] {processor.py:840} INFO - DAG(s) 'example_xcom_args_with_operators', 'example_xcom_args' retrieved from /home/airflow/.local/lib/python3.12/site-packages/airflow/example_dags/example_xcomargs.py
[2024-08-09T02:10:53.790+0000] {logging_mixin.py:188} INFO - [2024-08-09T02:10:53.789+0000] {dag.py:3089} INFO - Sync 2 DAGs
[2024-08-09T02:10:53.832+0000] {logging_mixin.py:188} INFO - [2024-08-09T02:10:53.831+0000] {dag.py:3947} INFO - Setting next_dagrun for example_xcom_args to None, run_after=None
[2024-08-09T02:10:53.838+0000] {logging_mixin.py:188} INFO - [2024-08-09T02:10:53.838+0000] {dag.py:3947} INFO - Setting next_dagrun for example_xcom_args_with_operators to None, run_after=None
[2024-08-09T02:10:53.895+0000] {processor.py:183} INFO - Processing /home/airflow/.local/lib/python3.12/site-packages/airflow/example_dags/example_xcomargs.py took 0.257 seconds
[2024-08-09T02:11:24.720+0000] {processor.py:161} INFO - Started process (PID=4198) to work on /home/airflow/.local/lib/python3.12/site-packages/airflow/example_dags/example_xcomargs.py
[2024-08-09T02:11:24.722+0000] {processor.py:830} INFO - Processing file /home/airflow/.local/lib/python3.12/site-packages/airflow/example_dags/example_xcomargs.py for tasks to queue
[2024-08-09T02:11:24.728+0000] {logging_mixin.py:188} INFO - [2024-08-09T02:11:24.727+0000] {dagbag.py:545} INFO - Filling up the DagBag from /home/airflow/.local/lib/python3.12/site-packages/airflow/example_dags/example_xcomargs.py
[2024-08-09T02:11:24.761+0000] {processor.py:840} INFO - DAG(s) 'example_xcom_args_with_operators', 'example_xcom_args' retrieved from /home/airflow/.local/lib/python3.12/site-packages/airflow/example_dags/example_xcomargs.py
[2024-08-09T02:11:24.834+0000] {logging_mixin.py:188} INFO - [2024-08-09T02:11:24.834+0000] {dag.py:3089} INFO - Sync 2 DAGs
[2024-08-09T02:11:24.881+0000] {logging_mixin.py:188} INFO - [2024-08-09T02:11:24.880+0000] {dag.py:3947} INFO - Setting next_dagrun for example_xcom_args to None, run_after=None
[2024-08-09T02:11:24.892+0000] {logging_mixin.py:188} INFO - [2024-08-09T02:11:24.891+0000] {dag.py:3947} INFO - Setting next_dagrun for example_xcom_args_with_operators to None, run_after=None
[2024-08-09T02:11:24.936+0000] {processor.py:183} INFO - Processing /home/airflow/.local/lib/python3.12/site-packages/airflow/example_dags/example_xcomargs.py took 0.241 seconds
[2024-08-09T02:11:55.179+0000] {processor.py:161} INFO - Started process (PID=4256) to work on /home/airflow/.local/lib/python3.12/site-packages/airflow/example_dags/example_xcomargs.py
[2024-08-09T02:11:55.183+0000] {processor.py:830} INFO - Processing file /home/airflow/.local/lib/python3.12/site-packages/airflow/example_dags/example_xcomargs.py for tasks to queue
[2024-08-09T02:11:55.193+0000] {logging_mixin.py:188} INFO - [2024-08-09T02:11:55.192+0000] {dagbag.py:545} INFO - Filling up the DagBag from /home/airflow/.local/lib/python3.12/site-packages/airflow/example_dags/example_xcomargs.py
[2024-08-09T02:11:55.227+0000] {processor.py:840} INFO - DAG(s) 'example_xcom_args', 'example_xcom_args_with_operators' retrieved from /home/airflow/.local/lib/python3.12/site-packages/airflow/example_dags/example_xcomargs.py
[2024-08-09T02:11:55.312+0000] {logging_mixin.py:188} INFO - [2024-08-09T02:11:55.312+0000] {dag.py:3089} INFO - Sync 2 DAGs
[2024-08-09T02:11:55.347+0000] {logging_mixin.py:188} INFO - [2024-08-09T02:11:55.346+0000] {dag.py:3947} INFO - Setting next_dagrun for example_xcom_args to None, run_after=None
[2024-08-09T02:11:55.355+0000] {logging_mixin.py:188} INFO - [2024-08-09T02:11:55.355+0000] {dag.py:3947} INFO - Setting next_dagrun for example_xcom_args_with_operators to None, run_after=None
[2024-08-09T02:11:55.409+0000] {processor.py:183} INFO - Processing /home/airflow/.local/lib/python3.12/site-packages/airflow/example_dags/example_xcomargs.py took 0.259 seconds
[2024-08-09T02:12:25.601+0000] {processor.py:161} INFO - Started process (PID=4313) to work on /home/airflow/.local/lib/python3.12/site-packages/airflow/example_dags/example_xcomargs.py
[2024-08-09T02:12:25.604+0000] {processor.py:830} INFO - Processing file /home/airflow/.local/lib/python3.12/site-packages/airflow/example_dags/example_xcomargs.py for tasks to queue
[2024-08-09T02:12:25.609+0000] {logging_mixin.py:188} INFO - [2024-08-09T02:12:25.608+0000] {dagbag.py:545} INFO - Filling up the DagBag from /home/airflow/.local/lib/python3.12/site-packages/airflow/example_dags/example_xcomargs.py
[2024-08-09T02:12:25.635+0000] {processor.py:840} INFO - DAG(s) 'example_xcom_args_with_operators', 'example_xcom_args' retrieved from /home/airflow/.local/lib/python3.12/site-packages/airflow/example_dags/example_xcomargs.py
[2024-08-09T02:12:25.709+0000] {logging_mixin.py:188} INFO - [2024-08-09T02:12:25.708+0000] {dag.py:3089} INFO - Sync 2 DAGs
[2024-08-09T02:12:25.735+0000] {logging_mixin.py:188} INFO - [2024-08-09T02:12:25.735+0000] {dag.py:3947} INFO - Setting next_dagrun for example_xcom_args to None, run_after=None
[2024-08-09T02:12:25.741+0000] {logging_mixin.py:188} INFO - [2024-08-09T02:12:25.740+0000] {dag.py:3947} INFO - Setting next_dagrun for example_xcom_args_with_operators to None, run_after=None
[2024-08-09T02:12:25.776+0000] {processor.py:183} INFO - Processing /home/airflow/.local/lib/python3.12/site-packages/airflow/example_dags/example_xcomargs.py took 0.197 seconds
[2024-08-09T02:12:56.161+0000] {processor.py:161} INFO - Started process (PID=4371) to work on /home/airflow/.local/lib/python3.12/site-packages/airflow/example_dags/example_xcomargs.py
[2024-08-09T02:12:56.165+0000] {processor.py:830} INFO - Processing file /home/airflow/.local/lib/python3.12/site-packages/airflow/example_dags/example_xcomargs.py for tasks to queue
[2024-08-09T02:12:56.171+0000] {logging_mixin.py:188} INFO - [2024-08-09T02:12:56.170+0000] {dagbag.py:545} INFO - Filling up the DagBag from /home/airflow/.local/lib/python3.12/site-packages/airflow/example_dags/example_xcomargs.py
[2024-08-09T02:12:56.197+0000] {processor.py:840} INFO - DAG(s) 'example_xcom_args', 'example_xcom_args_with_operators' retrieved from /home/airflow/.local/lib/python3.12/site-packages/airflow/example_dags/example_xcomargs.py
[2024-08-09T02:12:56.263+0000] {logging_mixin.py:188} INFO - [2024-08-09T02:12:56.262+0000] {dag.py:3089} INFO - Sync 2 DAGs
[2024-08-09T02:12:56.290+0000] {logging_mixin.py:188} INFO - [2024-08-09T02:12:56.290+0000] {dag.py:3947} INFO - Setting next_dagrun for example_xcom_args to None, run_after=None
[2024-08-09T02:12:56.299+0000] {logging_mixin.py:188} INFO - [2024-08-09T02:12:56.299+0000] {dag.py:3947} INFO - Setting next_dagrun for example_xcom_args_with_operators to None, run_after=None
[2024-08-09T02:12:56.343+0000] {processor.py:183} INFO - Processing /home/airflow/.local/lib/python3.12/site-packages/airflow/example_dags/example_xcomargs.py took 0.206 seconds
[2024-08-09T02:13:26.790+0000] {processor.py:161} INFO - Started process (PID=4428) to work on /home/airflow/.local/lib/python3.12/site-packages/airflow/example_dags/example_xcomargs.py
[2024-08-09T02:13:26.796+0000] {processor.py:830} INFO - Processing file /home/airflow/.local/lib/python3.12/site-packages/airflow/example_dags/example_xcomargs.py for tasks to queue
[2024-08-09T02:13:26.816+0000] {logging_mixin.py:188} INFO - [2024-08-09T02:13:26.815+0000] {dagbag.py:545} INFO - Filling up the DagBag from /home/airflow/.local/lib/python3.12/site-packages/airflow/example_dags/example_xcomargs.py
[2024-08-09T02:13:26.901+0000] {processor.py:840} INFO - DAG(s) 'example_xcom_args', 'example_xcom_args_with_operators' retrieved from /home/airflow/.local/lib/python3.12/site-packages/airflow/example_dags/example_xcomargs.py
[2024-08-09T02:13:27.073+0000] {logging_mixin.py:188} INFO - [2024-08-09T02:13:27.073+0000] {dag.py:3089} INFO - Sync 2 DAGs
[2024-08-09T02:13:27.124+0000] {logging_mixin.py:188} INFO - [2024-08-09T02:13:27.124+0000] {dag.py:3947} INFO - Setting next_dagrun for example_xcom_args to None, run_after=None
[2024-08-09T02:13:27.135+0000] {logging_mixin.py:188} INFO - [2024-08-09T02:13:27.135+0000] {dag.py:3947} INFO - Setting next_dagrun for example_xcom_args_with_operators to None, run_after=None
[2024-08-09T02:13:27.180+0000] {processor.py:183} INFO - Processing /home/airflow/.local/lib/python3.12/site-packages/airflow/example_dags/example_xcomargs.py took 0.421 seconds
[2024-08-09T02:13:57.319+0000] {processor.py:161} INFO - Started process (PID=4486) to work on /home/airflow/.local/lib/python3.12/site-packages/airflow/example_dags/example_xcomargs.py
[2024-08-09T02:13:57.323+0000] {processor.py:830} INFO - Processing file /home/airflow/.local/lib/python3.12/site-packages/airflow/example_dags/example_xcomargs.py for tasks to queue
[2024-08-09T02:13:57.329+0000] {logging_mixin.py:188} INFO - [2024-08-09T02:13:57.328+0000] {dagbag.py:545} INFO - Filling up the DagBag from /home/airflow/.local/lib/python3.12/site-packages/airflow/example_dags/example_xcomargs.py
[2024-08-09T02:13:57.359+0000] {processor.py:840} INFO - DAG(s) 'example_xcom_args', 'example_xcom_args_with_operators' retrieved from /home/airflow/.local/lib/python3.12/site-packages/airflow/example_dags/example_xcomargs.py
[2024-08-09T02:13:57.449+0000] {logging_mixin.py:188} INFO - [2024-08-09T02:13:57.449+0000] {dag.py:3089} INFO - Sync 2 DAGs
[2024-08-09T02:13:57.487+0000] {logging_mixin.py:188} INFO - [2024-08-09T02:13:57.487+0000] {dag.py:3947} INFO - Setting next_dagrun for example_xcom_args to None, run_after=None
[2024-08-09T02:13:57.497+0000] {logging_mixin.py:188} INFO - [2024-08-09T02:13:57.497+0000] {dag.py:3947} INFO - Setting next_dagrun for example_xcom_args_with_operators to None, run_after=None
[2024-08-09T02:13:57.542+0000] {processor.py:183} INFO - Processing /home/airflow/.local/lib/python3.12/site-packages/airflow/example_dags/example_xcomargs.py took 0.249 seconds
[2024-08-09T02:14:28.289+0000] {processor.py:161} INFO - Started process (PID=4544) to work on /home/airflow/.local/lib/python3.12/site-packages/airflow/example_dags/example_xcomargs.py
[2024-08-09T02:14:28.295+0000] {processor.py:830} INFO - Processing file /home/airflow/.local/lib/python3.12/site-packages/airflow/example_dags/example_xcomargs.py for tasks to queue
[2024-08-09T02:14:28.301+0000] {logging_mixin.py:188} INFO - [2024-08-09T02:14:28.300+0000] {dagbag.py:545} INFO - Filling up the DagBag from /home/airflow/.local/lib/python3.12/site-packages/airflow/example_dags/example_xcomargs.py
[2024-08-09T02:14:28.329+0000] {processor.py:840} INFO - DAG(s) 'example_xcom_args', 'example_xcom_args_with_operators' retrieved from /home/airflow/.local/lib/python3.12/site-packages/airflow/example_dags/example_xcomargs.py
[2024-08-09T02:14:28.418+0000] {logging_mixin.py:188} INFO - [2024-08-09T02:14:28.417+0000] {dag.py:3089} INFO - Sync 2 DAGs
[2024-08-09T02:14:28.454+0000] {logging_mixin.py:188} INFO - [2024-08-09T02:14:28.454+0000] {dag.py:3947} INFO - Setting next_dagrun for example_xcom_args to None, run_after=None
[2024-08-09T02:14:28.463+0000] {logging_mixin.py:188} INFO - [2024-08-09T02:14:28.462+0000] {dag.py:3947} INFO - Setting next_dagrun for example_xcom_args_with_operators to None, run_after=None
[2024-08-09T02:14:28.515+0000] {processor.py:183} INFO - Processing /home/airflow/.local/lib/python3.12/site-packages/airflow/example_dags/example_xcomargs.py took 0.250 seconds
[2024-08-09T02:14:58.952+0000] {processor.py:161} INFO - Started process (PID=4602) to work on /home/airflow/.local/lib/python3.12/site-packages/airflow/example_dags/example_xcomargs.py
[2024-08-09T02:14:58.956+0000] {processor.py:830} INFO - Processing file /home/airflow/.local/lib/python3.12/site-packages/airflow/example_dags/example_xcomargs.py for tasks to queue
[2024-08-09T02:14:58.962+0000] {logging_mixin.py:188} INFO - [2024-08-09T02:14:58.961+0000] {dagbag.py:545} INFO - Filling up the DagBag from /home/airflow/.local/lib/python3.12/site-packages/airflow/example_dags/example_xcomargs.py
[2024-08-09T02:14:58.990+0000] {processor.py:840} INFO - DAG(s) 'example_xcom_args', 'example_xcom_args_with_operators' retrieved from /home/airflow/.local/lib/python3.12/site-packages/airflow/example_dags/example_xcomargs.py
[2024-08-09T02:14:59.111+0000] {logging_mixin.py:188} INFO - [2024-08-09T02:14:59.111+0000] {dag.py:3089} INFO - Sync 2 DAGs
[2024-08-09T02:14:59.148+0000] {logging_mixin.py:188} INFO - [2024-08-09T02:14:59.147+0000] {dag.py:3947} INFO - Setting next_dagrun for example_xcom_args to None, run_after=None
[2024-08-09T02:14:59.159+0000] {logging_mixin.py:188} INFO - [2024-08-09T02:14:59.158+0000] {dag.py:3947} INFO - Setting next_dagrun for example_xcom_args_with_operators to None, run_after=None
[2024-08-09T02:14:59.210+0000] {processor.py:183} INFO - Processing /home/airflow/.local/lib/python3.12/site-packages/airflow/example_dags/example_xcomargs.py took 0.289 seconds
[2024-08-09T02:15:29.808+0000] {processor.py:161} INFO - Started process (PID=4658) to work on /home/airflow/.local/lib/python3.12/site-packages/airflow/example_dags/example_xcomargs.py
[2024-08-09T02:15:29.811+0000] {processor.py:830} INFO - Processing file /home/airflow/.local/lib/python3.12/site-packages/airflow/example_dags/example_xcomargs.py for tasks to queue
[2024-08-09T02:15:29.818+0000] {logging_mixin.py:188} INFO - [2024-08-09T02:15:29.817+0000] {dagbag.py:545} INFO - Filling up the DagBag from /home/airflow/.local/lib/python3.12/site-packages/airflow/example_dags/example_xcomargs.py
[2024-08-09T02:15:29.851+0000] {processor.py:840} INFO - DAG(s) 'example_xcom_args_with_operators', 'example_xcom_args' retrieved from /home/airflow/.local/lib/python3.12/site-packages/airflow/example_dags/example_xcomargs.py
[2024-08-09T02:15:29.937+0000] {logging_mixin.py:188} INFO - [2024-08-09T02:15:29.937+0000] {dag.py:3089} INFO - Sync 2 DAGs
[2024-08-09T02:15:29.972+0000] {logging_mixin.py:188} INFO - [2024-08-09T02:15:29.972+0000] {dag.py:3947} INFO - Setting next_dagrun for example_xcom_args to None, run_after=None
[2024-08-09T02:15:29.985+0000] {logging_mixin.py:188} INFO - [2024-08-09T02:15:29.984+0000] {dag.py:3947} INFO - Setting next_dagrun for example_xcom_args_with_operators to None, run_after=None
[2024-08-09T02:15:30.016+0000] {processor.py:183} INFO - Processing /home/airflow/.local/lib/python3.12/site-packages/airflow/example_dags/example_xcomargs.py took 0.247 seconds
[2024-08-09T02:16:00.166+0000] {processor.py:161} INFO - Started process (PID=4716) to work on /home/airflow/.local/lib/python3.12/site-packages/airflow/example_dags/example_xcomargs.py
[2024-08-09T02:16:00.170+0000] {processor.py:830} INFO - Processing file /home/airflow/.local/lib/python3.12/site-packages/airflow/example_dags/example_xcomargs.py for tasks to queue
[2024-08-09T02:16:00.175+0000] {logging_mixin.py:188} INFO - [2024-08-09T02:16:00.174+0000] {dagbag.py:545} INFO - Filling up the DagBag from /home/airflow/.local/lib/python3.12/site-packages/airflow/example_dags/example_xcomargs.py
[2024-08-09T02:16:00.197+0000] {processor.py:840} INFO - DAG(s) 'example_xcom_args', 'example_xcom_args_with_operators' retrieved from /home/airflow/.local/lib/python3.12/site-packages/airflow/example_dags/example_xcomargs.py
[2024-08-09T02:16:00.255+0000] {logging_mixin.py:188} INFO - [2024-08-09T02:16:00.254+0000] {dag.py:3089} INFO - Sync 2 DAGs
[2024-08-09T02:16:00.286+0000] {logging_mixin.py:188} INFO - [2024-08-09T02:16:00.285+0000] {dag.py:3947} INFO - Setting next_dagrun for example_xcom_args to None, run_after=None
[2024-08-09T02:16:00.293+0000] {logging_mixin.py:188} INFO - [2024-08-09T02:16:00.293+0000] {dag.py:3947} INFO - Setting next_dagrun for example_xcom_args_with_operators to None, run_after=None
[2024-08-09T02:16:00.327+0000] {processor.py:183} INFO - Processing /home/airflow/.local/lib/python3.12/site-packages/airflow/example_dags/example_xcomargs.py took 0.184 seconds
