[2024-08-09T01:42:36.905+0000] {processor.py:161} INFO - Started process (PID=1023) to work on /home/airflow/.local/lib/python3.12/site-packages/airflow/example_dags/example_python_operator.py
[2024-08-09T01:42:36.907+0000] {processor.py:830} INFO - Processing file /home/airflow/.local/lib/python3.12/site-packages/airflow/example_dags/example_python_operator.py for tasks to queue
[2024-08-09T01:42:36.912+0000] {logging_mixin.py:188} INFO - [2024-08-09T01:42:36.911+0000] {dagbag.py:545} INFO - Filling up the DagBag from /home/airflow/.local/lib/python3.12/site-packages/airflow/example_dags/example_python_operator.py
[2024-08-09T01:42:36.940+0000] {processor.py:840} INFO - DAG(s) 'example_python_operator' retrieved from /home/airflow/.local/lib/python3.12/site-packages/airflow/example_dags/example_python_operator.py
[2024-08-09T01:42:36.996+0000] {logging_mixin.py:188} INFO - [2024-08-09T01:42:36.996+0000] {dag.py:3089} INFO - Sync 1 DAGs
[2024-08-09T01:42:37.021+0000] {logging_mixin.py:188} INFO - [2024-08-09T01:42:37.020+0000] {dag.py:3947} INFO - Setting next_dagrun for example_python_operator to None, run_after=None
[2024-08-09T01:42:37.057+0000] {processor.py:183} INFO - Processing /home/airflow/.local/lib/python3.12/site-packages/airflow/example_dags/example_python_operator.py took 0.165 seconds
[2024-08-09T01:43:08.255+0000] {processor.py:161} INFO - Started process (PID=1082) to work on /home/airflow/.local/lib/python3.12/site-packages/airflow/example_dags/example_python_operator.py
[2024-08-09T01:43:08.257+0000] {processor.py:830} INFO - Processing file /home/airflow/.local/lib/python3.12/site-packages/airflow/example_dags/example_python_operator.py for tasks to queue
[2024-08-09T01:43:08.262+0000] {logging_mixin.py:188} INFO - [2024-08-09T01:43:08.261+0000] {dagbag.py:545} INFO - Filling up the DagBag from /home/airflow/.local/lib/python3.12/site-packages/airflow/example_dags/example_python_operator.py
[2024-08-09T01:43:08.292+0000] {processor.py:840} INFO - DAG(s) 'example_python_operator' retrieved from /home/airflow/.local/lib/python3.12/site-packages/airflow/example_dags/example_python_operator.py
[2024-08-09T01:43:08.349+0000] {logging_mixin.py:188} INFO - [2024-08-09T01:43:08.349+0000] {dag.py:3089} INFO - Sync 1 DAGs
[2024-08-09T01:43:08.378+0000] {logging_mixin.py:188} INFO - [2024-08-09T01:43:08.378+0000] {dag.py:3947} INFO - Setting next_dagrun for example_python_operator to None, run_after=None
[2024-08-09T01:43:08.411+0000] {processor.py:183} INFO - Processing /home/airflow/.local/lib/python3.12/site-packages/airflow/example_dags/example_python_operator.py took 0.171 seconds
[2024-08-09T01:43:40.418+0000] {processor.py:161} INFO - Started process (PID=1140) to work on /home/airflow/.local/lib/python3.12/site-packages/airflow/example_dags/example_python_operator.py
[2024-08-09T01:43:40.426+0000] {processor.py:830} INFO - Processing file /home/airflow/.local/lib/python3.12/site-packages/airflow/example_dags/example_python_operator.py for tasks to queue
[2024-08-09T01:43:40.438+0000] {logging_mixin.py:188} INFO - [2024-08-09T01:43:40.436+0000] {dagbag.py:545} INFO - Filling up the DagBag from /home/airflow/.local/lib/python3.12/site-packages/airflow/example_dags/example_python_operator.py
[2024-08-09T01:43:40.487+0000] {processor.py:840} INFO - DAG(s) 'example_python_operator' retrieved from /home/airflow/.local/lib/python3.12/site-packages/airflow/example_dags/example_python_operator.py
[2024-08-09T01:43:40.613+0000] {logging_mixin.py:188} INFO - [2024-08-09T01:43:40.613+0000] {dag.py:3089} INFO - Sync 1 DAGs
[2024-08-09T01:43:40.676+0000] {logging_mixin.py:188} INFO - [2024-08-09T01:43:40.675+0000] {dag.py:3947} INFO - Setting next_dagrun for example_python_operator to None, run_after=None
[2024-08-09T01:43:40.746+0000] {processor.py:183} INFO - Processing /home/airflow/.local/lib/python3.12/site-packages/airflow/example_dags/example_python_operator.py took 0.357 seconds
[2024-08-09T01:44:12.623+0000] {processor.py:161} INFO - Started process (PID=1198) to work on /home/airflow/.local/lib/python3.12/site-packages/airflow/example_dags/example_python_operator.py
[2024-08-09T01:44:12.626+0000] {processor.py:830} INFO - Processing file /home/airflow/.local/lib/python3.12/site-packages/airflow/example_dags/example_python_operator.py for tasks to queue
[2024-08-09T01:44:12.632+0000] {logging_mixin.py:188} INFO - [2024-08-09T01:44:12.631+0000] {dagbag.py:545} INFO - Filling up the DagBag from /home/airflow/.local/lib/python3.12/site-packages/airflow/example_dags/example_python_operator.py
[2024-08-09T01:44:12.668+0000] {processor.py:840} INFO - DAG(s) 'example_python_operator' retrieved from /home/airflow/.local/lib/python3.12/site-packages/airflow/example_dags/example_python_operator.py
[2024-08-09T01:44:12.741+0000] {logging_mixin.py:188} INFO - [2024-08-09T01:44:12.741+0000] {dag.py:3089} INFO - Sync 1 DAGs
[2024-08-09T01:44:12.786+0000] {logging_mixin.py:188} INFO - [2024-08-09T01:44:12.786+0000] {dag.py:3947} INFO - Setting next_dagrun for example_python_operator to None, run_after=None
[2024-08-09T01:44:12.828+0000] {processor.py:183} INFO - Processing /home/airflow/.local/lib/python3.12/site-packages/airflow/example_dags/example_python_operator.py took 0.225 seconds
[2024-08-09T01:44:43.273+0000] {processor.py:161} INFO - Started process (PID=1256) to work on /home/airflow/.local/lib/python3.12/site-packages/airflow/example_dags/example_python_operator.py
[2024-08-09T01:44:43.276+0000] {processor.py:830} INFO - Processing file /home/airflow/.local/lib/python3.12/site-packages/airflow/example_dags/example_python_operator.py for tasks to queue
[2024-08-09T01:44:43.281+0000] {logging_mixin.py:188} INFO - [2024-08-09T01:44:43.280+0000] {dagbag.py:545} INFO - Filling up the DagBag from /home/airflow/.local/lib/python3.12/site-packages/airflow/example_dags/example_python_operator.py
[2024-08-09T01:44:43.312+0000] {processor.py:840} INFO - DAG(s) 'example_python_operator' retrieved from /home/airflow/.local/lib/python3.12/site-packages/airflow/example_dags/example_python_operator.py
[2024-08-09T01:44:43.379+0000] {logging_mixin.py:188} INFO - [2024-08-09T01:44:43.378+0000] {dag.py:3089} INFO - Sync 1 DAGs
[2024-08-09T01:44:43.414+0000] {logging_mixin.py:188} INFO - [2024-08-09T01:44:43.414+0000] {dag.py:3947} INFO - Setting next_dagrun for example_python_operator to None, run_after=None
[2024-08-09T01:44:43.455+0000] {processor.py:183} INFO - Processing /home/airflow/.local/lib/python3.12/site-packages/airflow/example_dags/example_python_operator.py took 0.199 seconds
[2024-08-09T01:45:14.380+0000] {processor.py:161} INFO - Started process (PID=1314) to work on /home/airflow/.local/lib/python3.12/site-packages/airflow/example_dags/example_python_operator.py
[2024-08-09T01:45:14.383+0000] {processor.py:830} INFO - Processing file /home/airflow/.local/lib/python3.12/site-packages/airflow/example_dags/example_python_operator.py for tasks to queue
[2024-08-09T01:45:14.389+0000] {logging_mixin.py:188} INFO - [2024-08-09T01:45:14.387+0000] {dagbag.py:545} INFO - Filling up the DagBag from /home/airflow/.local/lib/python3.12/site-packages/airflow/example_dags/example_python_operator.py
[2024-08-09T01:45:14.423+0000] {processor.py:840} INFO - DAG(s) 'example_python_operator' retrieved from /home/airflow/.local/lib/python3.12/site-packages/airflow/example_dags/example_python_operator.py
[2024-08-09T01:45:14.494+0000] {logging_mixin.py:188} INFO - [2024-08-09T01:45:14.490+0000] {dag.py:3089} INFO - Sync 1 DAGs
[2024-08-09T01:45:14.540+0000] {logging_mixin.py:188} INFO - [2024-08-09T01:45:14.540+0000] {dag.py:3947} INFO - Setting next_dagrun for example_python_operator to None, run_after=None
[2024-08-09T01:45:14.586+0000] {processor.py:183} INFO - Processing /home/airflow/.local/lib/python3.12/site-packages/airflow/example_dags/example_python_operator.py took 0.224 seconds
[2024-08-09T01:45:44.654+0000] {processor.py:161} INFO - Started process (PID=1371) to work on /home/airflow/.local/lib/python3.12/site-packages/airflow/example_dags/example_python_operator.py
[2024-08-09T01:45:44.657+0000] {processor.py:830} INFO - Processing file /home/airflow/.local/lib/python3.12/site-packages/airflow/example_dags/example_python_operator.py for tasks to queue
[2024-08-09T01:45:44.662+0000] {logging_mixin.py:188} INFO - [2024-08-09T01:45:44.661+0000] {dagbag.py:545} INFO - Filling up the DagBag from /home/airflow/.local/lib/python3.12/site-packages/airflow/example_dags/example_python_operator.py
[2024-08-09T01:45:44.685+0000] {processor.py:840} INFO - DAG(s) 'example_python_operator' retrieved from /home/airflow/.local/lib/python3.12/site-packages/airflow/example_dags/example_python_operator.py
[2024-08-09T01:45:44.734+0000] {logging_mixin.py:188} INFO - [2024-08-09T01:45:44.734+0000] {dag.py:3089} INFO - Sync 1 DAGs
[2024-08-09T01:45:44.760+0000] {logging_mixin.py:188} INFO - [2024-08-09T01:45:44.760+0000] {dag.py:3947} INFO - Setting next_dagrun for example_python_operator to None, run_after=None
[2024-08-09T01:45:44.790+0000] {processor.py:183} INFO - Processing /home/airflow/.local/lib/python3.12/site-packages/airflow/example_dags/example_python_operator.py took 0.150 seconds
[2024-08-09T01:46:16.791+0000] {processor.py:161} INFO - Started process (PID=1434) to work on /home/airflow/.local/lib/python3.12/site-packages/airflow/example_dags/example_python_operator.py
[2024-08-09T01:46:16.795+0000] {processor.py:830} INFO - Processing file /home/airflow/.local/lib/python3.12/site-packages/airflow/example_dags/example_python_operator.py for tasks to queue
[2024-08-09T01:46:16.804+0000] {logging_mixin.py:188} INFO - [2024-08-09T01:46:16.803+0000] {dagbag.py:545} INFO - Filling up the DagBag from /home/airflow/.local/lib/python3.12/site-packages/airflow/example_dags/example_python_operator.py
[2024-08-09T01:46:16.836+0000] {processor.py:840} INFO - DAG(s) 'example_python_operator' retrieved from /home/airflow/.local/lib/python3.12/site-packages/airflow/example_dags/example_python_operator.py
[2024-08-09T01:46:16.902+0000] {logging_mixin.py:188} INFO - [2024-08-09T01:46:16.902+0000] {dag.py:3089} INFO - Sync 1 DAGs
[2024-08-09T01:46:16.929+0000] {logging_mixin.py:188} INFO - [2024-08-09T01:46:16.929+0000] {dag.py:3947} INFO - Setting next_dagrun for example_python_operator to None, run_after=None
[2024-08-09T01:46:16.991+0000] {processor.py:183} INFO - Processing /home/airflow/.local/lib/python3.12/site-packages/airflow/example_dags/example_python_operator.py took 0.258 seconds
[2024-08-09T01:46:47.102+0000] {processor.py:161} INFO - Started process (PID=1492) to work on /home/airflow/.local/lib/python3.12/site-packages/airflow/example_dags/example_python_operator.py
[2024-08-09T01:46:47.105+0000] {processor.py:830} INFO - Processing file /home/airflow/.local/lib/python3.12/site-packages/airflow/example_dags/example_python_operator.py for tasks to queue
[2024-08-09T01:46:47.111+0000] {logging_mixin.py:188} INFO - [2024-08-09T01:46:47.110+0000] {dagbag.py:545} INFO - Filling up the DagBag from /home/airflow/.local/lib/python3.12/site-packages/airflow/example_dags/example_python_operator.py
[2024-08-09T01:46:47.149+0000] {processor.py:840} INFO - DAG(s) 'example_python_operator' retrieved from /home/airflow/.local/lib/python3.12/site-packages/airflow/example_dags/example_python_operator.py
[2024-08-09T01:46:47.231+0000] {logging_mixin.py:188} INFO - [2024-08-09T01:46:47.231+0000] {dag.py:3089} INFO - Sync 1 DAGs
[2024-08-09T01:46:47.281+0000] {logging_mixin.py:188} INFO - [2024-08-09T01:46:47.281+0000] {dag.py:3947} INFO - Setting next_dagrun for example_python_operator to None, run_after=None
[2024-08-09T01:46:47.356+0000] {processor.py:183} INFO - Processing /home/airflow/.local/lib/python3.12/site-packages/airflow/example_dags/example_python_operator.py took 0.273 seconds
[2024-08-09T01:47:18.543+0000] {processor.py:161} INFO - Started process (PID=1550) to work on /home/airflow/.local/lib/python3.12/site-packages/airflow/example_dags/example_python_operator.py
[2024-08-09T01:47:18.547+0000] {processor.py:830} INFO - Processing file /home/airflow/.local/lib/python3.12/site-packages/airflow/example_dags/example_python_operator.py for tasks to queue
[2024-08-09T01:47:18.556+0000] {logging_mixin.py:188} INFO - [2024-08-09T01:47:18.554+0000] {dagbag.py:545} INFO - Filling up the DagBag from /home/airflow/.local/lib/python3.12/site-packages/airflow/example_dags/example_python_operator.py
[2024-08-09T01:47:18.608+0000] {processor.py:840} INFO - DAG(s) 'example_python_operator' retrieved from /home/airflow/.local/lib/python3.12/site-packages/airflow/example_dags/example_python_operator.py
[2024-08-09T01:47:18.692+0000] {logging_mixin.py:188} INFO - [2024-08-09T01:47:18.689+0000] {dag.py:3089} INFO - Sync 1 DAGs
[2024-08-09T01:47:18.734+0000] {logging_mixin.py:188} INFO - [2024-08-09T01:47:18.733+0000] {dag.py:3947} INFO - Setting next_dagrun for example_python_operator to None, run_after=None
[2024-08-09T01:47:18.780+0000] {processor.py:183} INFO - Processing /home/airflow/.local/lib/python3.12/site-packages/airflow/example_dags/example_python_operator.py took 0.261 seconds
[2024-08-09T01:47:50.170+0000] {processor.py:161} INFO - Started process (PID=1608) to work on /home/airflow/.local/lib/python3.12/site-packages/airflow/example_dags/example_python_operator.py
[2024-08-09T01:47:50.174+0000] {processor.py:830} INFO - Processing file /home/airflow/.local/lib/python3.12/site-packages/airflow/example_dags/example_python_operator.py for tasks to queue
[2024-08-09T01:47:50.183+0000] {logging_mixin.py:188} INFO - [2024-08-09T01:47:50.182+0000] {dagbag.py:545} INFO - Filling up the DagBag from /home/airflow/.local/lib/python3.12/site-packages/airflow/example_dags/example_python_operator.py
[2024-08-09T01:47:50.223+0000] {processor.py:840} INFO - DAG(s) 'example_python_operator' retrieved from /home/airflow/.local/lib/python3.12/site-packages/airflow/example_dags/example_python_operator.py
[2024-08-09T01:47:50.305+0000] {logging_mixin.py:188} INFO - [2024-08-09T01:47:50.305+0000] {dag.py:3089} INFO - Sync 1 DAGs
[2024-08-09T01:47:50.342+0000] {logging_mixin.py:188} INFO - [2024-08-09T01:47:50.342+0000] {dag.py:3947} INFO - Setting next_dagrun for example_python_operator to None, run_after=None
[2024-08-09T01:47:50.388+0000] {processor.py:183} INFO - Processing /home/airflow/.local/lib/python3.12/site-packages/airflow/example_dags/example_python_operator.py took 0.245 seconds
[2024-08-09T01:48:21.873+0000] {processor.py:161} INFO - Started process (PID=1666) to work on /home/airflow/.local/lib/python3.12/site-packages/airflow/example_dags/example_python_operator.py
[2024-08-09T01:48:21.876+0000] {processor.py:830} INFO - Processing file /home/airflow/.local/lib/python3.12/site-packages/airflow/example_dags/example_python_operator.py for tasks to queue
[2024-08-09T01:48:21.887+0000] {logging_mixin.py:188} INFO - [2024-08-09T01:48:21.886+0000] {dagbag.py:545} INFO - Filling up the DagBag from /home/airflow/.local/lib/python3.12/site-packages/airflow/example_dags/example_python_operator.py
[2024-08-09T01:48:21.917+0000] {processor.py:840} INFO - DAG(s) 'example_python_operator' retrieved from /home/airflow/.local/lib/python3.12/site-packages/airflow/example_dags/example_python_operator.py
[2024-08-09T01:48:21.994+0000] {logging_mixin.py:188} INFO - [2024-08-09T01:48:21.994+0000] {dag.py:3089} INFO - Sync 1 DAGs
[2024-08-09T01:48:22.044+0000] {logging_mixin.py:188} INFO - [2024-08-09T01:48:22.044+0000] {dag.py:3947} INFO - Setting next_dagrun for example_python_operator to None, run_after=None
[2024-08-09T01:48:22.091+0000] {processor.py:183} INFO - Processing /home/airflow/.local/lib/python3.12/site-packages/airflow/example_dags/example_python_operator.py took 0.235 seconds
[2024-08-09T01:49:05.555+0000] {processor.py:161} INFO - Started process (PID=1724) to work on /home/airflow/.local/lib/python3.12/site-packages/airflow/example_dags/example_python_operator.py
[2024-08-09T01:49:05.560+0000] {processor.py:830} INFO - Processing file /home/airflow/.local/lib/python3.12/site-packages/airflow/example_dags/example_python_operator.py for tasks to queue
[2024-08-09T01:49:05.577+0000] {logging_mixin.py:188} INFO - [2024-08-09T01:49:05.574+0000] {dagbag.py:545} INFO - Filling up the DagBag from /home/airflow/.local/lib/python3.12/site-packages/airflow/example_dags/example_python_operator.py
[2024-08-09T01:49:05.642+0000] {processor.py:840} INFO - DAG(s) 'example_python_operator' retrieved from /home/airflow/.local/lib/python3.12/site-packages/airflow/example_dags/example_python_operator.py
[2024-08-09T01:49:05.786+0000] {logging_mixin.py:188} INFO - [2024-08-09T01:49:05.786+0000] {dag.py:3089} INFO - Sync 1 DAGs
[2024-08-09T01:49:05.867+0000] {logging_mixin.py:188} INFO - [2024-08-09T01:49:05.866+0000] {dag.py:3947} INFO - Setting next_dagrun for example_python_operator to None, run_after=None
[2024-08-09T01:49:05.982+0000] {processor.py:183} INFO - Processing /home/airflow/.local/lib/python3.12/site-packages/airflow/example_dags/example_python_operator.py took 0.468 seconds
[2024-08-09T01:49:39.086+0000] {processor.py:161} INFO - Started process (PID=1782) to work on /home/airflow/.local/lib/python3.12/site-packages/airflow/example_dags/example_python_operator.py
[2024-08-09T01:49:39.099+0000] {processor.py:830} INFO - Processing file /home/airflow/.local/lib/python3.12/site-packages/airflow/example_dags/example_python_operator.py for tasks to queue
[2024-08-09T01:49:39.122+0000] {logging_mixin.py:188} INFO - [2024-08-09T01:49:39.121+0000] {dagbag.py:545} INFO - Filling up the DagBag from /home/airflow/.local/lib/python3.12/site-packages/airflow/example_dags/example_python_operator.py
[2024-08-09T01:49:39.192+0000] {processor.py:840} INFO - DAG(s) 'example_python_operator' retrieved from /home/airflow/.local/lib/python3.12/site-packages/airflow/example_dags/example_python_operator.py
[2024-08-09T01:49:39.289+0000] {logging_mixin.py:188} INFO - [2024-08-09T01:49:39.288+0000] {dag.py:3089} INFO - Sync 1 DAGs
[2024-08-09T01:49:39.326+0000] {logging_mixin.py:188} INFO - [2024-08-09T01:49:39.326+0000] {dag.py:3947} INFO - Setting next_dagrun for example_python_operator to None, run_after=None
[2024-08-09T01:49:39.460+0000] {processor.py:183} INFO - Processing /home/airflow/.local/lib/python3.12/site-packages/airflow/example_dags/example_python_operator.py took 0.444 seconds
[2024-08-09T01:50:40.860+0000] {processor.py:161} INFO - Started process (PID=1867) to work on /home/airflow/.local/lib/python3.12/site-packages/airflow/example_dags/example_python_operator.py
[2024-08-09T01:50:40.866+0000] {processor.py:830} INFO - Processing file /home/airflow/.local/lib/python3.12/site-packages/airflow/example_dags/example_python_operator.py for tasks to queue
[2024-08-09T01:50:40.878+0000] {logging_mixin.py:188} INFO - [2024-08-09T01:50:40.876+0000] {dagbag.py:545} INFO - Filling up the DagBag from /home/airflow/.local/lib/python3.12/site-packages/airflow/example_dags/example_python_operator.py
[2024-08-09T01:50:40.920+0000] {processor.py:840} INFO - DAG(s) 'example_python_operator' retrieved from /home/airflow/.local/lib/python3.12/site-packages/airflow/example_dags/example_python_operator.py
[2024-08-09T01:50:41.026+0000] {logging_mixin.py:188} INFO - [2024-08-09T01:50:41.024+0000] {dag.py:3089} INFO - Sync 1 DAGs
[2024-08-09T01:50:41.077+0000] {logging_mixin.py:188} INFO - [2024-08-09T01:50:41.077+0000] {dag.py:3947} INFO - Setting next_dagrun for example_python_operator to None, run_after=None
[2024-08-09T01:50:41.139+0000] {processor.py:183} INFO - Processing /home/airflow/.local/lib/python3.12/site-packages/airflow/example_dags/example_python_operator.py took 0.361 seconds
[2024-08-09T01:51:11.590+0000] {processor.py:161} INFO - Started process (PID=1925) to work on /home/airflow/.local/lib/python3.12/site-packages/airflow/example_dags/example_python_operator.py
[2024-08-09T01:51:11.594+0000] {processor.py:830} INFO - Processing file /home/airflow/.local/lib/python3.12/site-packages/airflow/example_dags/example_python_operator.py for tasks to queue
[2024-08-09T01:51:11.600+0000] {logging_mixin.py:188} INFO - [2024-08-09T01:51:11.599+0000] {dagbag.py:545} INFO - Filling up the DagBag from /home/airflow/.local/lib/python3.12/site-packages/airflow/example_dags/example_python_operator.py
[2024-08-09T01:51:11.655+0000] {processor.py:840} INFO - DAG(s) 'example_python_operator' retrieved from /home/airflow/.local/lib/python3.12/site-packages/airflow/example_dags/example_python_operator.py
[2024-08-09T01:51:11.771+0000] {logging_mixin.py:188} INFO - [2024-08-09T01:51:11.771+0000] {dag.py:3089} INFO - Sync 1 DAGs
[2024-08-09T01:51:11.807+0000] {logging_mixin.py:188} INFO - [2024-08-09T01:51:11.806+0000] {dag.py:3947} INFO - Setting next_dagrun for example_python_operator to None, run_after=None
[2024-08-09T01:51:11.870+0000] {processor.py:183} INFO - Processing /home/airflow/.local/lib/python3.12/site-packages/airflow/example_dags/example_python_operator.py took 0.317 seconds
[2024-08-09T01:51:42.144+0000] {processor.py:161} INFO - Started process (PID=1982) to work on /home/airflow/.local/lib/python3.12/site-packages/airflow/example_dags/example_python_operator.py
[2024-08-09T01:51:42.150+0000] {processor.py:830} INFO - Processing file /home/airflow/.local/lib/python3.12/site-packages/airflow/example_dags/example_python_operator.py for tasks to queue
[2024-08-09T01:51:42.164+0000] {logging_mixin.py:188} INFO - [2024-08-09T01:51:42.163+0000] {dagbag.py:545} INFO - Filling up the DagBag from /home/airflow/.local/lib/python3.12/site-packages/airflow/example_dags/example_python_operator.py
[2024-08-09T01:51:42.198+0000] {processor.py:840} INFO - DAG(s) 'example_python_operator' retrieved from /home/airflow/.local/lib/python3.12/site-packages/airflow/example_dags/example_python_operator.py
[2024-08-09T01:51:42.269+0000] {logging_mixin.py:188} INFO - [2024-08-09T01:51:42.268+0000] {dag.py:3089} INFO - Sync 1 DAGs
[2024-08-09T01:51:42.298+0000] {logging_mixin.py:188} INFO - [2024-08-09T01:51:42.297+0000] {dag.py:3947} INFO - Setting next_dagrun for example_python_operator to None, run_after=None
[2024-08-09T01:51:42.356+0000] {processor.py:183} INFO - Processing /home/airflow/.local/lib/python3.12/site-packages/airflow/example_dags/example_python_operator.py took 0.243 seconds
[2024-08-09T01:52:13.287+0000] {processor.py:161} INFO - Started process (PID=2040) to work on /home/airflow/.local/lib/python3.12/site-packages/airflow/example_dags/example_python_operator.py
[2024-08-09T01:52:13.290+0000] {processor.py:830} INFO - Processing file /home/airflow/.local/lib/python3.12/site-packages/airflow/example_dags/example_python_operator.py for tasks to queue
[2024-08-09T01:52:13.300+0000] {logging_mixin.py:188} INFO - [2024-08-09T01:52:13.299+0000] {dagbag.py:545} INFO - Filling up the DagBag from /home/airflow/.local/lib/python3.12/site-packages/airflow/example_dags/example_python_operator.py
[2024-08-09T01:52:13.333+0000] {processor.py:840} INFO - DAG(s) 'example_python_operator' retrieved from /home/airflow/.local/lib/python3.12/site-packages/airflow/example_dags/example_python_operator.py
[2024-08-09T01:52:13.412+0000] {logging_mixin.py:188} INFO - [2024-08-09T01:52:13.412+0000] {dag.py:3089} INFO - Sync 1 DAGs
[2024-08-09T01:52:13.440+0000] {logging_mixin.py:188} INFO - [2024-08-09T01:52:13.440+0000] {dag.py:3947} INFO - Setting next_dagrun for example_python_operator to None, run_after=None
[2024-08-09T01:52:13.484+0000] {processor.py:183} INFO - Processing /home/airflow/.local/lib/python3.12/site-packages/airflow/example_dags/example_python_operator.py took 0.229 seconds
[2024-08-09T01:52:44.849+0000] {processor.py:161} INFO - Started process (PID=2098) to work on /home/airflow/.local/lib/python3.12/site-packages/airflow/example_dags/example_python_operator.py
[2024-08-09T01:52:44.853+0000] {processor.py:830} INFO - Processing file /home/airflow/.local/lib/python3.12/site-packages/airflow/example_dags/example_python_operator.py for tasks to queue
[2024-08-09T01:52:44.860+0000] {logging_mixin.py:188} INFO - [2024-08-09T01:52:44.859+0000] {dagbag.py:545} INFO - Filling up the DagBag from /home/airflow/.local/lib/python3.12/site-packages/airflow/example_dags/example_python_operator.py
[2024-08-09T01:52:44.910+0000] {processor.py:840} INFO - DAG(s) 'example_python_operator' retrieved from /home/airflow/.local/lib/python3.12/site-packages/airflow/example_dags/example_python_operator.py
[2024-08-09T01:52:44.977+0000] {logging_mixin.py:188} INFO - [2024-08-09T01:52:44.976+0000] {dag.py:3089} INFO - Sync 1 DAGs
[2024-08-09T01:52:45.025+0000] {logging_mixin.py:188} INFO - [2024-08-09T01:52:45.025+0000] {dag.py:3947} INFO - Setting next_dagrun for example_python_operator to None, run_after=None
[2024-08-09T01:52:45.119+0000] {processor.py:183} INFO - Processing /home/airflow/.local/lib/python3.12/site-packages/airflow/example_dags/example_python_operator.py took 0.347 seconds
[2024-08-09T01:53:16.061+0000] {processor.py:161} INFO - Started process (PID=2155) to work on /home/airflow/.local/lib/python3.12/site-packages/airflow/example_dags/example_python_operator.py
[2024-08-09T01:53:16.065+0000] {processor.py:830} INFO - Processing file /home/airflow/.local/lib/python3.12/site-packages/airflow/example_dags/example_python_operator.py for tasks to queue
[2024-08-09T01:53:16.096+0000] {logging_mixin.py:188} INFO - [2024-08-09T01:53:16.090+0000] {dagbag.py:545} INFO - Filling up the DagBag from /home/airflow/.local/lib/python3.12/site-packages/airflow/example_dags/example_python_operator.py
[2024-08-09T01:53:16.166+0000] {processor.py:840} INFO - DAG(s) 'example_python_operator' retrieved from /home/airflow/.local/lib/python3.12/site-packages/airflow/example_dags/example_python_operator.py
[2024-08-09T01:53:16.313+0000] {logging_mixin.py:188} INFO - [2024-08-09T01:53:16.313+0000] {dag.py:3089} INFO - Sync 1 DAGs
[2024-08-09T01:53:16.383+0000] {logging_mixin.py:188} INFO - [2024-08-09T01:53:16.382+0000] {dag.py:3947} INFO - Setting next_dagrun for example_python_operator to None, run_after=None
[2024-08-09T01:53:16.468+0000] {processor.py:183} INFO - Processing /home/airflow/.local/lib/python3.12/site-packages/airflow/example_dags/example_python_operator.py took 0.455 seconds
[2024-08-09T01:53:46.596+0000] {processor.py:161} INFO - Started process (PID=2214) to work on /home/airflow/.local/lib/python3.12/site-packages/airflow/example_dags/example_python_operator.py
[2024-08-09T01:53:46.599+0000] {processor.py:830} INFO - Processing file /home/airflow/.local/lib/python3.12/site-packages/airflow/example_dags/example_python_operator.py for tasks to queue
[2024-08-09T01:53:46.604+0000] {logging_mixin.py:188} INFO - [2024-08-09T01:53:46.603+0000] {dagbag.py:545} INFO - Filling up the DagBag from /home/airflow/.local/lib/python3.12/site-packages/airflow/example_dags/example_python_operator.py
[2024-08-09T01:53:46.627+0000] {processor.py:840} INFO - DAG(s) 'example_python_operator' retrieved from /home/airflow/.local/lib/python3.12/site-packages/airflow/example_dags/example_python_operator.py
[2024-08-09T01:53:46.682+0000] {logging_mixin.py:188} INFO - [2024-08-09T01:53:46.682+0000] {dag.py:3089} INFO - Sync 1 DAGs
[2024-08-09T01:53:46.709+0000] {logging_mixin.py:188} INFO - [2024-08-09T01:53:46.708+0000] {dag.py:3947} INFO - Setting next_dagrun for example_python_operator to None, run_after=None
[2024-08-09T01:53:46.743+0000] {processor.py:183} INFO - Processing /home/airflow/.local/lib/python3.12/site-packages/airflow/example_dags/example_python_operator.py took 0.169 seconds
[2024-08-09T01:54:18.095+0000] {processor.py:161} INFO - Started process (PID=2271) to work on /home/airflow/.local/lib/python3.12/site-packages/airflow/example_dags/example_python_operator.py
[2024-08-09T01:54:18.097+0000] {processor.py:830} INFO - Processing file /home/airflow/.local/lib/python3.12/site-packages/airflow/example_dags/example_python_operator.py for tasks to queue
[2024-08-09T01:54:18.105+0000] {logging_mixin.py:188} INFO - [2024-08-09T01:54:18.104+0000] {dagbag.py:545} INFO - Filling up the DagBag from /home/airflow/.local/lib/python3.12/site-packages/airflow/example_dags/example_python_operator.py
[2024-08-09T01:54:18.133+0000] {processor.py:840} INFO - DAG(s) 'example_python_operator' retrieved from /home/airflow/.local/lib/python3.12/site-packages/airflow/example_dags/example_python_operator.py
[2024-08-09T01:54:18.192+0000] {logging_mixin.py:188} INFO - [2024-08-09T01:54:18.192+0000] {dag.py:3089} INFO - Sync 1 DAGs
[2024-08-09T01:54:18.216+0000] {logging_mixin.py:188} INFO - [2024-08-09T01:54:18.215+0000] {dag.py:3947} INFO - Setting next_dagrun for example_python_operator to None, run_after=None
[2024-08-09T01:54:18.251+0000] {processor.py:183} INFO - Processing /home/airflow/.local/lib/python3.12/site-packages/airflow/example_dags/example_python_operator.py took 0.175 seconds
[2024-08-09T01:54:49.044+0000] {processor.py:161} INFO - Started process (PID=2329) to work on /home/airflow/.local/lib/python3.12/site-packages/airflow/example_dags/example_python_operator.py
[2024-08-09T01:54:49.047+0000] {processor.py:830} INFO - Processing file /home/airflow/.local/lib/python3.12/site-packages/airflow/example_dags/example_python_operator.py for tasks to queue
[2024-08-09T01:54:49.057+0000] {logging_mixin.py:188} INFO - [2024-08-09T01:54:49.057+0000] {dagbag.py:545} INFO - Filling up the DagBag from /home/airflow/.local/lib/python3.12/site-packages/airflow/example_dags/example_python_operator.py
[2024-08-09T01:54:49.086+0000] {processor.py:840} INFO - DAG(s) 'example_python_operator' retrieved from /home/airflow/.local/lib/python3.12/site-packages/airflow/example_dags/example_python_operator.py
[2024-08-09T01:54:49.168+0000] {logging_mixin.py:188} INFO - [2024-08-09T01:54:49.168+0000] {dag.py:3089} INFO - Sync 1 DAGs
[2024-08-09T01:54:49.206+0000] {logging_mixin.py:188} INFO - [2024-08-09T01:54:49.205+0000] {dag.py:3947} INFO - Setting next_dagrun for example_python_operator to None, run_after=None
[2024-08-09T01:54:49.249+0000] {processor.py:183} INFO - Processing /home/airflow/.local/lib/python3.12/site-packages/airflow/example_dags/example_python_operator.py took 0.230 seconds
[2024-08-09T01:55:19.601+0000] {processor.py:161} INFO - Started process (PID=2387) to work on /home/airflow/.local/lib/python3.12/site-packages/airflow/example_dags/example_python_operator.py
[2024-08-09T01:55:19.603+0000] {processor.py:830} INFO - Processing file /home/airflow/.local/lib/python3.12/site-packages/airflow/example_dags/example_python_operator.py for tasks to queue
[2024-08-09T01:55:19.610+0000] {logging_mixin.py:188} INFO - [2024-08-09T01:55:19.609+0000] {dagbag.py:545} INFO - Filling up the DagBag from /home/airflow/.local/lib/python3.12/site-packages/airflow/example_dags/example_python_operator.py
[2024-08-09T01:55:19.640+0000] {processor.py:840} INFO - DAG(s) 'example_python_operator' retrieved from /home/airflow/.local/lib/python3.12/site-packages/airflow/example_dags/example_python_operator.py
[2024-08-09T01:55:19.701+0000] {logging_mixin.py:188} INFO - [2024-08-09T01:55:19.700+0000] {dag.py:3089} INFO - Sync 1 DAGs
[2024-08-09T01:55:19.736+0000] {logging_mixin.py:188} INFO - [2024-08-09T01:55:19.736+0000] {dag.py:3947} INFO - Setting next_dagrun for example_python_operator to None, run_after=None
[2024-08-09T01:55:19.779+0000] {processor.py:183} INFO - Processing /home/airflow/.local/lib/python3.12/site-packages/airflow/example_dags/example_python_operator.py took 0.205 seconds
[2024-08-09T01:55:50.084+0000] {processor.py:161} INFO - Started process (PID=2445) to work on /home/airflow/.local/lib/python3.12/site-packages/airflow/example_dags/example_python_operator.py
[2024-08-09T01:55:50.087+0000] {processor.py:830} INFO - Processing file /home/airflow/.local/lib/python3.12/site-packages/airflow/example_dags/example_python_operator.py for tasks to queue
[2024-08-09T01:55:50.096+0000] {logging_mixin.py:188} INFO - [2024-08-09T01:55:50.096+0000] {dagbag.py:545} INFO - Filling up the DagBag from /home/airflow/.local/lib/python3.12/site-packages/airflow/example_dags/example_python_operator.py
[2024-08-09T01:55:50.123+0000] {processor.py:840} INFO - DAG(s) 'example_python_operator' retrieved from /home/airflow/.local/lib/python3.12/site-packages/airflow/example_dags/example_python_operator.py
[2024-08-09T01:55:50.183+0000] {logging_mixin.py:188} INFO - [2024-08-09T01:55:50.182+0000] {dag.py:3089} INFO - Sync 1 DAGs
[2024-08-09T01:55:50.208+0000] {logging_mixin.py:188} INFO - [2024-08-09T01:55:50.207+0000] {dag.py:3947} INFO - Setting next_dagrun for example_python_operator to None, run_after=None
[2024-08-09T01:55:50.247+0000] {processor.py:183} INFO - Processing /home/airflow/.local/lib/python3.12/site-packages/airflow/example_dags/example_python_operator.py took 0.187 seconds
[2024-08-09T01:56:20.437+0000] {processor.py:161} INFO - Started process (PID=2503) to work on /home/airflow/.local/lib/python3.12/site-packages/airflow/example_dags/example_python_operator.py
[2024-08-09T01:56:20.440+0000] {processor.py:830} INFO - Processing file /home/airflow/.local/lib/python3.12/site-packages/airflow/example_dags/example_python_operator.py for tasks to queue
[2024-08-09T01:56:20.444+0000] {logging_mixin.py:188} INFO - [2024-08-09T01:56:20.444+0000] {dagbag.py:545} INFO - Filling up the DagBag from /home/airflow/.local/lib/python3.12/site-packages/airflow/example_dags/example_python_operator.py
[2024-08-09T01:56:20.466+0000] {processor.py:840} INFO - DAG(s) 'example_python_operator' retrieved from /home/airflow/.local/lib/python3.12/site-packages/airflow/example_dags/example_python_operator.py
[2024-08-09T01:56:20.523+0000] {logging_mixin.py:188} INFO - [2024-08-09T01:56:20.523+0000] {dag.py:3089} INFO - Sync 1 DAGs
[2024-08-09T01:56:20.549+0000] {logging_mixin.py:188} INFO - [2024-08-09T01:56:20.549+0000] {dag.py:3947} INFO - Setting next_dagrun for example_python_operator to None, run_after=None
[2024-08-09T01:56:20.589+0000] {processor.py:183} INFO - Processing /home/airflow/.local/lib/python3.12/site-packages/airflow/example_dags/example_python_operator.py took 0.171 seconds
[2024-08-09T01:56:52.206+0000] {processor.py:161} INFO - Started process (PID=2561) to work on /home/airflow/.local/lib/python3.12/site-packages/airflow/example_dags/example_python_operator.py
[2024-08-09T01:56:52.210+0000] {processor.py:830} INFO - Processing file /home/airflow/.local/lib/python3.12/site-packages/airflow/example_dags/example_python_operator.py for tasks to queue
[2024-08-09T01:56:52.221+0000] {logging_mixin.py:188} INFO - [2024-08-09T01:56:52.219+0000] {dagbag.py:545} INFO - Filling up the DagBag from /home/airflow/.local/lib/python3.12/site-packages/airflow/example_dags/example_python_operator.py
[2024-08-09T01:56:52.267+0000] {processor.py:840} INFO - DAG(s) 'example_python_operator' retrieved from /home/airflow/.local/lib/python3.12/site-packages/airflow/example_dags/example_python_operator.py
[2024-08-09T01:56:52.362+0000] {logging_mixin.py:188} INFO - [2024-08-09T01:56:52.361+0000] {dag.py:3089} INFO - Sync 1 DAGs
[2024-08-09T01:56:52.396+0000] {logging_mixin.py:188} INFO - [2024-08-09T01:56:52.396+0000] {dag.py:3947} INFO - Setting next_dagrun for example_python_operator to None, run_after=None
[2024-08-09T01:56:52.454+0000] {processor.py:183} INFO - Processing /home/airflow/.local/lib/python3.12/site-packages/airflow/example_dags/example_python_operator.py took 0.278 seconds
[2024-08-09T01:57:24.362+0000] {processor.py:161} INFO - Started process (PID=2620) to work on /home/airflow/.local/lib/python3.12/site-packages/airflow/example_dags/example_python_operator.py
[2024-08-09T01:57:24.369+0000] {processor.py:830} INFO - Processing file /home/airflow/.local/lib/python3.12/site-packages/airflow/example_dags/example_python_operator.py for tasks to queue
[2024-08-09T01:57:24.383+0000] {logging_mixin.py:188} INFO - [2024-08-09T01:57:24.381+0000] {dagbag.py:545} INFO - Filling up the DagBag from /home/airflow/.local/lib/python3.12/site-packages/airflow/example_dags/example_python_operator.py
[2024-08-09T01:57:24.467+0000] {processor.py:840} INFO - DAG(s) 'example_python_operator' retrieved from /home/airflow/.local/lib/python3.12/site-packages/airflow/example_dags/example_python_operator.py
[2024-08-09T01:57:24.810+0000] {logging_mixin.py:188} INFO - [2024-08-09T01:57:24.810+0000] {dag.py:3089} INFO - Sync 1 DAGs
[2024-08-09T01:57:25.001+0000] {logging_mixin.py:188} INFO - [2024-08-09T01:57:24.994+0000] {dag.py:3947} INFO - Setting next_dagrun for example_python_operator to None, run_after=None
[2024-08-09T01:57:25.204+0000] {processor.py:183} INFO - Processing /home/airflow/.local/lib/python3.12/site-packages/airflow/example_dags/example_python_operator.py took 0.893 seconds
[2024-08-09T01:57:55.391+0000] {processor.py:161} INFO - Started process (PID=2683) to work on /home/airflow/.local/lib/python3.12/site-packages/airflow/example_dags/example_python_operator.py
[2024-08-09T01:57:55.394+0000] {processor.py:830} INFO - Processing file /home/airflow/.local/lib/python3.12/site-packages/airflow/example_dags/example_python_operator.py for tasks to queue
[2024-08-09T01:57:55.425+0000] {logging_mixin.py:188} INFO - [2024-08-09T01:57:55.416+0000] {dagbag.py:545} INFO - Filling up the DagBag from /home/airflow/.local/lib/python3.12/site-packages/airflow/example_dags/example_python_operator.py
[2024-08-09T01:57:55.481+0000] {processor.py:840} INFO - DAG(s) 'example_python_operator' retrieved from /home/airflow/.local/lib/python3.12/site-packages/airflow/example_dags/example_python_operator.py
[2024-08-09T01:57:55.594+0000] {logging_mixin.py:188} INFO - [2024-08-09T01:57:55.593+0000] {dag.py:3089} INFO - Sync 1 DAGs
[2024-08-09T01:57:55.662+0000] {logging_mixin.py:188} INFO - [2024-08-09T01:57:55.662+0000] {dag.py:3947} INFO - Setting next_dagrun for example_python_operator to None, run_after=None
[2024-08-09T01:57:55.724+0000] {processor.py:183} INFO - Processing /home/airflow/.local/lib/python3.12/site-packages/airflow/example_dags/example_python_operator.py took 0.367 seconds
[2024-08-09T01:58:26.100+0000] {processor.py:161} INFO - Started process (PID=2741) to work on /home/airflow/.local/lib/python3.12/site-packages/airflow/example_dags/example_python_operator.py
[2024-08-09T01:58:26.104+0000] {processor.py:830} INFO - Processing file /home/airflow/.local/lib/python3.12/site-packages/airflow/example_dags/example_python_operator.py for tasks to queue
[2024-08-09T01:58:26.110+0000] {logging_mixin.py:188} INFO - [2024-08-09T01:58:26.109+0000] {dagbag.py:545} INFO - Filling up the DagBag from /home/airflow/.local/lib/python3.12/site-packages/airflow/example_dags/example_python_operator.py
[2024-08-09T01:58:26.147+0000] {processor.py:840} INFO - DAG(s) 'example_python_operator' retrieved from /home/airflow/.local/lib/python3.12/site-packages/airflow/example_dags/example_python_operator.py
[2024-08-09T01:58:26.232+0000] {logging_mixin.py:188} INFO - [2024-08-09T01:58:26.232+0000] {dag.py:3089} INFO - Sync 1 DAGs
[2024-08-09T01:58:26.275+0000] {logging_mixin.py:188} INFO - [2024-08-09T01:58:26.274+0000] {dag.py:3947} INFO - Setting next_dagrun for example_python_operator to None, run_after=None
[2024-08-09T01:58:26.370+0000] {processor.py:183} INFO - Processing /home/airflow/.local/lib/python3.12/site-packages/airflow/example_dags/example_python_operator.py took 0.290 seconds
[2024-08-09T01:58:57.529+0000] {processor.py:161} INFO - Started process (PID=2799) to work on /home/airflow/.local/lib/python3.12/site-packages/airflow/example_dags/example_python_operator.py
[2024-08-09T01:58:57.543+0000] {processor.py:830} INFO - Processing file /home/airflow/.local/lib/python3.12/site-packages/airflow/example_dags/example_python_operator.py for tasks to queue
[2024-08-09T01:58:57.556+0000] {logging_mixin.py:188} INFO - [2024-08-09T01:58:57.552+0000] {dagbag.py:545} INFO - Filling up the DagBag from /home/airflow/.local/lib/python3.12/site-packages/airflow/example_dags/example_python_operator.py
[2024-08-09T01:58:57.639+0000] {processor.py:840} INFO - DAG(s) 'example_python_operator' retrieved from /home/airflow/.local/lib/python3.12/site-packages/airflow/example_dags/example_python_operator.py
[2024-08-09T01:58:57.786+0000] {logging_mixin.py:188} INFO - [2024-08-09T01:58:57.781+0000] {dag.py:3089} INFO - Sync 1 DAGs
[2024-08-09T01:58:57.850+0000] {logging_mixin.py:188} INFO - [2024-08-09T01:58:57.847+0000] {dag.py:3947} INFO - Setting next_dagrun for example_python_operator to None, run_after=None
[2024-08-09T01:58:57.950+0000] {processor.py:183} INFO - Processing /home/airflow/.local/lib/python3.12/site-packages/airflow/example_dags/example_python_operator.py took 0.483 seconds
[2024-08-09T01:59:28.361+0000] {processor.py:161} INFO - Started process (PID=2857) to work on /home/airflow/.local/lib/python3.12/site-packages/airflow/example_dags/example_python_operator.py
[2024-08-09T01:59:28.365+0000] {processor.py:830} INFO - Processing file /home/airflow/.local/lib/python3.12/site-packages/airflow/example_dags/example_python_operator.py for tasks to queue
[2024-08-09T01:59:28.374+0000] {logging_mixin.py:188} INFO - [2024-08-09T01:59:28.373+0000] {dagbag.py:545} INFO - Filling up the DagBag from /home/airflow/.local/lib/python3.12/site-packages/airflow/example_dags/example_python_operator.py
[2024-08-09T01:59:28.415+0000] {processor.py:840} INFO - DAG(s) 'example_python_operator' retrieved from /home/airflow/.local/lib/python3.12/site-packages/airflow/example_dags/example_python_operator.py
[2024-08-09T01:59:28.489+0000] {logging_mixin.py:188} INFO - [2024-08-09T01:59:28.489+0000] {dag.py:3089} INFO - Sync 1 DAGs
[2024-08-09T01:59:28.528+0000] {logging_mixin.py:188} INFO - [2024-08-09T01:59:28.528+0000] {dag.py:3947} INFO - Setting next_dagrun for example_python_operator to None, run_after=None
[2024-08-09T01:59:28.582+0000] {processor.py:183} INFO - Processing /home/airflow/.local/lib/python3.12/site-packages/airflow/example_dags/example_python_operator.py took 0.239 seconds
[2024-08-09T01:59:58.867+0000] {processor.py:161} INFO - Started process (PID=2914) to work on /home/airflow/.local/lib/python3.12/site-packages/airflow/example_dags/example_python_operator.py
[2024-08-09T01:59:58.871+0000] {processor.py:830} INFO - Processing file /home/airflow/.local/lib/python3.12/site-packages/airflow/example_dags/example_python_operator.py for tasks to queue
[2024-08-09T01:59:58.877+0000] {logging_mixin.py:188} INFO - [2024-08-09T01:59:58.876+0000] {dagbag.py:545} INFO - Filling up the DagBag from /home/airflow/.local/lib/python3.12/site-packages/airflow/example_dags/example_python_operator.py
[2024-08-09T01:59:58.910+0000] {processor.py:840} INFO - DAG(s) 'example_python_operator' retrieved from /home/airflow/.local/lib/python3.12/site-packages/airflow/example_dags/example_python_operator.py
[2024-08-09T01:59:58.983+0000] {logging_mixin.py:188} INFO - [2024-08-09T01:59:58.982+0000] {dag.py:3089} INFO - Sync 1 DAGs
[2024-08-09T01:59:59.019+0000] {logging_mixin.py:188} INFO - [2024-08-09T01:59:59.019+0000] {dag.py:3947} INFO - Setting next_dagrun for example_python_operator to None, run_after=None
[2024-08-09T01:59:59.066+0000] {processor.py:183} INFO - Processing /home/airflow/.local/lib/python3.12/site-packages/airflow/example_dags/example_python_operator.py took 0.218 seconds
[2024-08-09T02:00:29.850+0000] {processor.py:161} INFO - Started process (PID=2972) to work on /home/airflow/.local/lib/python3.12/site-packages/airflow/example_dags/example_python_operator.py
[2024-08-09T02:00:29.852+0000] {processor.py:830} INFO - Processing file /home/airflow/.local/lib/python3.12/site-packages/airflow/example_dags/example_python_operator.py for tasks to queue
[2024-08-09T02:00:29.857+0000] {logging_mixin.py:188} INFO - [2024-08-09T02:00:29.856+0000] {dagbag.py:545} INFO - Filling up the DagBag from /home/airflow/.local/lib/python3.12/site-packages/airflow/example_dags/example_python_operator.py
[2024-08-09T02:00:29.885+0000] {processor.py:840} INFO - DAG(s) 'example_python_operator' retrieved from /home/airflow/.local/lib/python3.12/site-packages/airflow/example_dags/example_python_operator.py
[2024-08-09T02:00:29.978+0000] {logging_mixin.py:188} INFO - [2024-08-09T02:00:29.977+0000] {dag.py:3089} INFO - Sync 1 DAGs
[2024-08-09T02:00:30.013+0000] {logging_mixin.py:188} INFO - [2024-08-09T02:00:30.012+0000] {dag.py:3947} INFO - Setting next_dagrun for example_python_operator to None, run_after=None
[2024-08-09T02:00:30.061+0000] {processor.py:183} INFO - Processing /home/airflow/.local/lib/python3.12/site-packages/airflow/example_dags/example_python_operator.py took 0.233 seconds
[2024-08-09T02:01:01.068+0000] {processor.py:161} INFO - Started process (PID=3030) to work on /home/airflow/.local/lib/python3.12/site-packages/airflow/example_dags/example_python_operator.py
[2024-08-09T02:01:01.072+0000] {processor.py:830} INFO - Processing file /home/airflow/.local/lib/python3.12/site-packages/airflow/example_dags/example_python_operator.py for tasks to queue
[2024-08-09T02:01:01.079+0000] {logging_mixin.py:188} INFO - [2024-08-09T02:01:01.077+0000] {dagbag.py:545} INFO - Filling up the DagBag from /home/airflow/.local/lib/python3.12/site-packages/airflow/example_dags/example_python_operator.py
[2024-08-09T02:01:01.126+0000] {processor.py:840} INFO - DAG(s) 'example_python_operator' retrieved from /home/airflow/.local/lib/python3.12/site-packages/airflow/example_dags/example_python_operator.py
[2024-08-09T02:01:01.272+0000] {logging_mixin.py:188} INFO - [2024-08-09T02:01:01.272+0000] {dag.py:3089} INFO - Sync 1 DAGs
[2024-08-09T02:01:01.301+0000] {logging_mixin.py:188} INFO - [2024-08-09T02:01:01.301+0000] {dag.py:3947} INFO - Setting next_dagrun for example_python_operator to None, run_after=None
[2024-08-09T02:01:01.349+0000] {processor.py:183} INFO - Processing /home/airflow/.local/lib/python3.12/site-packages/airflow/example_dags/example_python_operator.py took 0.352 seconds
[2024-08-09T02:01:31.476+0000] {processor.py:161} INFO - Started process (PID=3088) to work on /home/airflow/.local/lib/python3.12/site-packages/airflow/example_dags/example_python_operator.py
[2024-08-09T02:01:31.484+0000] {processor.py:830} INFO - Processing file /home/airflow/.local/lib/python3.12/site-packages/airflow/example_dags/example_python_operator.py for tasks to queue
[2024-08-09T02:01:31.496+0000] {logging_mixin.py:188} INFO - [2024-08-09T02:01:31.493+0000] {dagbag.py:545} INFO - Filling up the DagBag from /home/airflow/.local/lib/python3.12/site-packages/airflow/example_dags/example_python_operator.py
[2024-08-09T02:01:31.585+0000] {processor.py:840} INFO - DAG(s) 'example_python_operator' retrieved from /home/airflow/.local/lib/python3.12/site-packages/airflow/example_dags/example_python_operator.py
[2024-08-09T02:01:31.725+0000] {logging_mixin.py:188} INFO - [2024-08-09T02:01:31.725+0000] {dag.py:3089} INFO - Sync 1 DAGs
[2024-08-09T02:01:31.751+0000] {logging_mixin.py:188} INFO - [2024-08-09T02:01:31.751+0000] {dag.py:3947} INFO - Setting next_dagrun for example_python_operator to None, run_after=None
[2024-08-09T02:01:31.790+0000] {processor.py:183} INFO - Processing /home/airflow/.local/lib/python3.12/site-packages/airflow/example_dags/example_python_operator.py took 0.345 seconds
[2024-08-09T02:02:01.896+0000] {processor.py:161} INFO - Started process (PID=3147) to work on /home/airflow/.local/lib/python3.12/site-packages/airflow/example_dags/example_python_operator.py
[2024-08-09T02:02:01.900+0000] {processor.py:830} INFO - Processing file /home/airflow/.local/lib/python3.12/site-packages/airflow/example_dags/example_python_operator.py for tasks to queue
[2024-08-09T02:02:01.906+0000] {logging_mixin.py:188} INFO - [2024-08-09T02:02:01.905+0000] {dagbag.py:545} INFO - Filling up the DagBag from /home/airflow/.local/lib/python3.12/site-packages/airflow/example_dags/example_python_operator.py
[2024-08-09T02:02:01.936+0000] {processor.py:840} INFO - DAG(s) 'example_python_operator' retrieved from /home/airflow/.local/lib/python3.12/site-packages/airflow/example_dags/example_python_operator.py
[2024-08-09T02:02:01.989+0000] {logging_mixin.py:188} INFO - [2024-08-09T02:02:01.989+0000] {dag.py:3089} INFO - Sync 1 DAGs
[2024-08-09T02:02:02.010+0000] {logging_mixin.py:188} INFO - [2024-08-09T02:02:02.010+0000] {dag.py:3947} INFO - Setting next_dagrun for example_python_operator to None, run_after=None
[2024-08-09T02:02:02.043+0000] {processor.py:183} INFO - Processing /home/airflow/.local/lib/python3.12/site-packages/airflow/example_dags/example_python_operator.py took 0.165 seconds
[2024-08-09T02:02:32.108+0000] {processor.py:161} INFO - Started process (PID=3205) to work on /home/airflow/.local/lib/python3.12/site-packages/airflow/example_dags/example_python_operator.py
[2024-08-09T02:02:32.111+0000] {processor.py:830} INFO - Processing file /home/airflow/.local/lib/python3.12/site-packages/airflow/example_dags/example_python_operator.py for tasks to queue
[2024-08-09T02:02:32.116+0000] {logging_mixin.py:188} INFO - [2024-08-09T02:02:32.115+0000] {dagbag.py:545} INFO - Filling up the DagBag from /home/airflow/.local/lib/python3.12/site-packages/airflow/example_dags/example_python_operator.py
[2024-08-09T02:02:32.138+0000] {processor.py:840} INFO - DAG(s) 'example_python_operator' retrieved from /home/airflow/.local/lib/python3.12/site-packages/airflow/example_dags/example_python_operator.py
[2024-08-09T02:02:32.188+0000] {logging_mixin.py:188} INFO - [2024-08-09T02:02:32.187+0000] {dag.py:3089} INFO - Sync 1 DAGs
[2024-08-09T02:02:32.211+0000] {logging_mixin.py:188} INFO - [2024-08-09T02:02:32.211+0000] {dag.py:3947} INFO - Setting next_dagrun for example_python_operator to None, run_after=None
[2024-08-09T02:02:32.242+0000] {processor.py:183} INFO - Processing /home/airflow/.local/lib/python3.12/site-packages/airflow/example_dags/example_python_operator.py took 0.151 seconds
[2024-08-09T02:03:02.589+0000] {processor.py:161} INFO - Started process (PID=3262) to work on /home/airflow/.local/lib/python3.12/site-packages/airflow/example_dags/example_python_operator.py
[2024-08-09T02:03:02.592+0000] {processor.py:830} INFO - Processing file /home/airflow/.local/lib/python3.12/site-packages/airflow/example_dags/example_python_operator.py for tasks to queue
[2024-08-09T02:03:02.599+0000] {logging_mixin.py:188} INFO - [2024-08-09T02:03:02.598+0000] {dagbag.py:545} INFO - Filling up the DagBag from /home/airflow/.local/lib/python3.12/site-packages/airflow/example_dags/example_python_operator.py
[2024-08-09T02:03:02.631+0000] {processor.py:840} INFO - DAG(s) 'example_python_operator' retrieved from /home/airflow/.local/lib/python3.12/site-packages/airflow/example_dags/example_python_operator.py
[2024-08-09T02:03:02.715+0000] {logging_mixin.py:188} INFO - [2024-08-09T02:03:02.714+0000] {dag.py:3089} INFO - Sync 1 DAGs
[2024-08-09T02:03:02.746+0000] {logging_mixin.py:188} INFO - [2024-08-09T02:03:02.746+0000] {dag.py:3947} INFO - Setting next_dagrun for example_python_operator to None, run_after=None
[2024-08-09T02:03:02.793+0000] {processor.py:183} INFO - Processing /home/airflow/.local/lib/python3.12/site-packages/airflow/example_dags/example_python_operator.py took 0.228 seconds
[2024-08-09T02:03:33.588+0000] {processor.py:161} INFO - Started process (PID=3319) to work on /home/airflow/.local/lib/python3.12/site-packages/airflow/example_dags/example_python_operator.py
[2024-08-09T02:03:33.591+0000] {processor.py:830} INFO - Processing file /home/airflow/.local/lib/python3.12/site-packages/airflow/example_dags/example_python_operator.py for tasks to queue
[2024-08-09T02:03:33.596+0000] {logging_mixin.py:188} INFO - [2024-08-09T02:03:33.595+0000] {dagbag.py:545} INFO - Filling up the DagBag from /home/airflow/.local/lib/python3.12/site-packages/airflow/example_dags/example_python_operator.py
[2024-08-09T02:03:33.623+0000] {processor.py:840} INFO - DAG(s) 'example_python_operator' retrieved from /home/airflow/.local/lib/python3.12/site-packages/airflow/example_dags/example_python_operator.py
[2024-08-09T02:03:33.674+0000] {logging_mixin.py:188} INFO - [2024-08-09T02:03:33.673+0000] {dag.py:3089} INFO - Sync 1 DAGs
[2024-08-09T02:03:33.695+0000] {logging_mixin.py:188} INFO - [2024-08-09T02:03:33.695+0000] {dag.py:3947} INFO - Setting next_dagrun for example_python_operator to None, run_after=None
[2024-08-09T02:03:33.726+0000] {processor.py:183} INFO - Processing /home/airflow/.local/lib/python3.12/site-packages/airflow/example_dags/example_python_operator.py took 0.156 seconds
[2024-08-09T02:04:04.651+0000] {processor.py:161} INFO - Started process (PID=3377) to work on /home/airflow/.local/lib/python3.12/site-packages/airflow/example_dags/example_python_operator.py
[2024-08-09T02:04:04.655+0000] {processor.py:830} INFO - Processing file /home/airflow/.local/lib/python3.12/site-packages/airflow/example_dags/example_python_operator.py for tasks to queue
[2024-08-09T02:04:04.660+0000] {logging_mixin.py:188} INFO - [2024-08-09T02:04:04.659+0000] {dagbag.py:545} INFO - Filling up the DagBag from /home/airflow/.local/lib/python3.12/site-packages/airflow/example_dags/example_python_operator.py
[2024-08-09T02:04:04.686+0000] {processor.py:840} INFO - DAG(s) 'example_python_operator' retrieved from /home/airflow/.local/lib/python3.12/site-packages/airflow/example_dags/example_python_operator.py
[2024-08-09T02:04:04.737+0000] {logging_mixin.py:188} INFO - [2024-08-09T02:04:04.736+0000] {dag.py:3089} INFO - Sync 1 DAGs
[2024-08-09T02:04:04.758+0000] {logging_mixin.py:188} INFO - [2024-08-09T02:04:04.758+0000] {dag.py:3947} INFO - Setting next_dagrun for example_python_operator to None, run_after=None
[2024-08-09T02:04:04.804+0000] {processor.py:183} INFO - Processing /home/airflow/.local/lib/python3.12/site-packages/airflow/example_dags/example_python_operator.py took 0.179 seconds
[2024-08-09T02:04:34.936+0000] {processor.py:161} INFO - Started process (PID=3435) to work on /home/airflow/.local/lib/python3.12/site-packages/airflow/example_dags/example_python_operator.py
[2024-08-09T02:04:34.939+0000] {processor.py:830} INFO - Processing file /home/airflow/.local/lib/python3.12/site-packages/airflow/example_dags/example_python_operator.py for tasks to queue
[2024-08-09T02:04:34.944+0000] {logging_mixin.py:188} INFO - [2024-08-09T02:04:34.943+0000] {dagbag.py:545} INFO - Filling up the DagBag from /home/airflow/.local/lib/python3.12/site-packages/airflow/example_dags/example_python_operator.py
[2024-08-09T02:04:34.971+0000] {processor.py:840} INFO - DAG(s) 'example_python_operator' retrieved from /home/airflow/.local/lib/python3.12/site-packages/airflow/example_dags/example_python_operator.py
[2024-08-09T02:04:35.030+0000] {logging_mixin.py:188} INFO - [2024-08-09T02:04:35.029+0000] {dag.py:3089} INFO - Sync 1 DAGs
[2024-08-09T02:04:35.052+0000] {logging_mixin.py:188} INFO - [2024-08-09T02:04:35.052+0000] {dag.py:3947} INFO - Setting next_dagrun for example_python_operator to None, run_after=None
[2024-08-09T02:04:35.085+0000] {processor.py:183} INFO - Processing /home/airflow/.local/lib/python3.12/site-packages/airflow/example_dags/example_python_operator.py took 0.164 seconds
[2024-08-09T02:05:05.753+0000] {processor.py:161} INFO - Started process (PID=3493) to work on /home/airflow/.local/lib/python3.12/site-packages/airflow/example_dags/example_python_operator.py
[2024-08-09T02:05:05.757+0000] {processor.py:830} INFO - Processing file /home/airflow/.local/lib/python3.12/site-packages/airflow/example_dags/example_python_operator.py for tasks to queue
[2024-08-09T02:05:05.764+0000] {logging_mixin.py:188} INFO - [2024-08-09T02:05:05.764+0000] {dagbag.py:545} INFO - Filling up the DagBag from /home/airflow/.local/lib/python3.12/site-packages/airflow/example_dags/example_python_operator.py
[2024-08-09T02:05:05.797+0000] {processor.py:840} INFO - DAG(s) 'example_python_operator' retrieved from /home/airflow/.local/lib/python3.12/site-packages/airflow/example_dags/example_python_operator.py
[2024-08-09T02:05:05.865+0000] {logging_mixin.py:188} INFO - [2024-08-09T02:05:05.864+0000] {dag.py:3089} INFO - Sync 1 DAGs
[2024-08-09T02:05:05.888+0000] {logging_mixin.py:188} INFO - [2024-08-09T02:05:05.888+0000] {dag.py:3947} INFO - Setting next_dagrun for example_python_operator to None, run_after=None
[2024-08-09T02:05:05.928+0000] {processor.py:183} INFO - Processing /home/airflow/.local/lib/python3.12/site-packages/airflow/example_dags/example_python_operator.py took 0.210 seconds
[2024-08-09T02:05:37.423+0000] {processor.py:161} INFO - Started process (PID=3551) to work on /home/airflow/.local/lib/python3.12/site-packages/airflow/example_dags/example_python_operator.py
[2024-08-09T02:05:37.432+0000] {processor.py:830} INFO - Processing file /home/airflow/.local/lib/python3.12/site-packages/airflow/example_dags/example_python_operator.py for tasks to queue
[2024-08-09T02:05:37.446+0000] {logging_mixin.py:188} INFO - [2024-08-09T02:05:37.445+0000] {dagbag.py:545} INFO - Filling up the DagBag from /home/airflow/.local/lib/python3.12/site-packages/airflow/example_dags/example_python_operator.py
[2024-08-09T02:05:37.518+0000] {processor.py:840} INFO - DAG(s) 'example_python_operator' retrieved from /home/airflow/.local/lib/python3.12/site-packages/airflow/example_dags/example_python_operator.py
[2024-08-09T02:05:37.669+0000] {logging_mixin.py:188} INFO - [2024-08-09T02:05:37.668+0000] {dag.py:3089} INFO - Sync 1 DAGs
[2024-08-09T02:05:37.730+0000] {logging_mixin.py:188} INFO - [2024-08-09T02:05:37.726+0000] {dag.py:3947} INFO - Setting next_dagrun for example_python_operator to None, run_after=None
[2024-08-09T02:05:37.796+0000] {processor.py:183} INFO - Processing /home/airflow/.local/lib/python3.12/site-packages/airflow/example_dags/example_python_operator.py took 0.431 seconds
[2024-08-09T02:06:08.461+0000] {processor.py:161} INFO - Started process (PID=3609) to work on /home/airflow/.local/lib/python3.12/site-packages/airflow/example_dags/example_python_operator.py
[2024-08-09T02:06:08.464+0000] {processor.py:830} INFO - Processing file /home/airflow/.local/lib/python3.12/site-packages/airflow/example_dags/example_python_operator.py for tasks to queue
[2024-08-09T02:06:08.471+0000] {logging_mixin.py:188} INFO - [2024-08-09T02:06:08.469+0000] {dagbag.py:545} INFO - Filling up the DagBag from /home/airflow/.local/lib/python3.12/site-packages/airflow/example_dags/example_python_operator.py
[2024-08-09T02:06:08.508+0000] {processor.py:840} INFO - DAG(s) 'example_python_operator' retrieved from /home/airflow/.local/lib/python3.12/site-packages/airflow/example_dags/example_python_operator.py
[2024-08-09T02:06:08.646+0000] {logging_mixin.py:188} INFO - [2024-08-09T02:06:08.646+0000] {dag.py:3089} INFO - Sync 1 DAGs
[2024-08-09T02:06:08.685+0000] {logging_mixin.py:188} INFO - [2024-08-09T02:06:08.684+0000] {dag.py:3947} INFO - Setting next_dagrun for example_python_operator to None, run_after=None
[2024-08-09T02:06:08.739+0000] {processor.py:183} INFO - Processing /home/airflow/.local/lib/python3.12/site-packages/airflow/example_dags/example_python_operator.py took 0.303 seconds
[2024-08-09T02:06:38.965+0000] {processor.py:161} INFO - Started process (PID=3667) to work on /home/airflow/.local/lib/python3.12/site-packages/airflow/example_dags/example_python_operator.py
[2024-08-09T02:06:38.968+0000] {processor.py:830} INFO - Processing file /home/airflow/.local/lib/python3.12/site-packages/airflow/example_dags/example_python_operator.py for tasks to queue
[2024-08-09T02:06:38.974+0000] {logging_mixin.py:188} INFO - [2024-08-09T02:06:38.973+0000] {dagbag.py:545} INFO - Filling up the DagBag from /home/airflow/.local/lib/python3.12/site-packages/airflow/example_dags/example_python_operator.py
[2024-08-09T02:06:39.055+0000] {processor.py:840} INFO - DAG(s) 'example_python_operator' retrieved from /home/airflow/.local/lib/python3.12/site-packages/airflow/example_dags/example_python_operator.py
[2024-08-09T02:06:39.158+0000] {logging_mixin.py:188} INFO - [2024-08-09T02:06:39.158+0000] {dag.py:3089} INFO - Sync 1 DAGs
[2024-08-09T02:06:39.197+0000] {logging_mixin.py:188} INFO - [2024-08-09T02:06:39.197+0000] {dag.py:3947} INFO - Setting next_dagrun for example_python_operator to None, run_after=None
[2024-08-09T02:06:39.285+0000] {processor.py:183} INFO - Processing /home/airflow/.local/lib/python3.12/site-packages/airflow/example_dags/example_python_operator.py took 0.341 seconds
[2024-08-09T02:07:09.986+0000] {processor.py:161} INFO - Started process (PID=3724) to work on /home/airflow/.local/lib/python3.12/site-packages/airflow/example_dags/example_python_operator.py
[2024-08-09T02:07:09.988+0000] {processor.py:830} INFO - Processing file /home/airflow/.local/lib/python3.12/site-packages/airflow/example_dags/example_python_operator.py for tasks to queue
[2024-08-09T02:07:09.994+0000] {logging_mixin.py:188} INFO - [2024-08-09T02:07:09.993+0000] {dagbag.py:545} INFO - Filling up the DagBag from /home/airflow/.local/lib/python3.12/site-packages/airflow/example_dags/example_python_operator.py
[2024-08-09T02:07:10.025+0000] {processor.py:840} INFO - DAG(s) 'example_python_operator' retrieved from /home/airflow/.local/lib/python3.12/site-packages/airflow/example_dags/example_python_operator.py
[2024-08-09T02:07:10.087+0000] {logging_mixin.py:188} INFO - [2024-08-09T02:07:10.086+0000] {dag.py:3089} INFO - Sync 1 DAGs
[2024-08-09T02:07:10.113+0000] {logging_mixin.py:188} INFO - [2024-08-09T02:07:10.113+0000] {dag.py:3947} INFO - Setting next_dagrun for example_python_operator to None, run_after=None
[2024-08-09T02:07:10.157+0000] {processor.py:183} INFO - Processing /home/airflow/.local/lib/python3.12/site-packages/airflow/example_dags/example_python_operator.py took 0.190 seconds
[2024-08-09T02:07:40.335+0000] {processor.py:161} INFO - Started process (PID=3781) to work on /home/airflow/.local/lib/python3.12/site-packages/airflow/example_dags/example_python_operator.py
[2024-08-09T02:07:40.337+0000] {processor.py:830} INFO - Processing file /home/airflow/.local/lib/python3.12/site-packages/airflow/example_dags/example_python_operator.py for tasks to queue
[2024-08-09T02:07:40.343+0000] {logging_mixin.py:188} INFO - [2024-08-09T02:07:40.343+0000] {dagbag.py:545} INFO - Filling up the DagBag from /home/airflow/.local/lib/python3.12/site-packages/airflow/example_dags/example_python_operator.py
[2024-08-09T02:07:40.366+0000] {processor.py:840} INFO - DAG(s) 'example_python_operator' retrieved from /home/airflow/.local/lib/python3.12/site-packages/airflow/example_dags/example_python_operator.py
[2024-08-09T02:07:40.421+0000] {logging_mixin.py:188} INFO - [2024-08-09T02:07:40.420+0000] {dag.py:3089} INFO - Sync 1 DAGs
[2024-08-09T02:07:40.448+0000] {logging_mixin.py:188} INFO - [2024-08-09T02:07:40.447+0000] {dag.py:3947} INFO - Setting next_dagrun for example_python_operator to None, run_after=None
[2024-08-09T02:07:40.484+0000] {processor.py:183} INFO - Processing /home/airflow/.local/lib/python3.12/site-packages/airflow/example_dags/example_python_operator.py took 0.165 seconds
[2024-08-09T02:08:11.183+0000] {processor.py:161} INFO - Started process (PID=3839) to work on /home/airflow/.local/lib/python3.12/site-packages/airflow/example_dags/example_python_operator.py
[2024-08-09T02:08:11.187+0000] {processor.py:830} INFO - Processing file /home/airflow/.local/lib/python3.12/site-packages/airflow/example_dags/example_python_operator.py for tasks to queue
[2024-08-09T02:08:11.197+0000] {logging_mixin.py:188} INFO - [2024-08-09T02:08:11.196+0000] {dagbag.py:545} INFO - Filling up the DagBag from /home/airflow/.local/lib/python3.12/site-packages/airflow/example_dags/example_python_operator.py
[2024-08-09T02:08:11.232+0000] {processor.py:840} INFO - DAG(s) 'example_python_operator' retrieved from /home/airflow/.local/lib/python3.12/site-packages/airflow/example_dags/example_python_operator.py
[2024-08-09T02:08:11.308+0000] {logging_mixin.py:188} INFO - [2024-08-09T02:08:11.307+0000] {dag.py:3089} INFO - Sync 1 DAGs
[2024-08-09T02:08:11.333+0000] {logging_mixin.py:188} INFO - [2024-08-09T02:08:11.333+0000] {dag.py:3947} INFO - Setting next_dagrun for example_python_operator to None, run_after=None
[2024-08-09T02:08:11.370+0000] {processor.py:183} INFO - Processing /home/airflow/.local/lib/python3.12/site-packages/airflow/example_dags/example_python_operator.py took 0.209 seconds
[2024-08-09T02:08:41.953+0000] {processor.py:161} INFO - Started process (PID=3897) to work on /home/airflow/.local/lib/python3.12/site-packages/airflow/example_dags/example_python_operator.py
[2024-08-09T02:08:41.955+0000] {processor.py:830} INFO - Processing file /home/airflow/.local/lib/python3.12/site-packages/airflow/example_dags/example_python_operator.py for tasks to queue
[2024-08-09T02:08:41.960+0000] {logging_mixin.py:188} INFO - [2024-08-09T02:08:41.959+0000] {dagbag.py:545} INFO - Filling up the DagBag from /home/airflow/.local/lib/python3.12/site-packages/airflow/example_dags/example_python_operator.py
[2024-08-09T02:08:41.984+0000] {processor.py:840} INFO - DAG(s) 'example_python_operator' retrieved from /home/airflow/.local/lib/python3.12/site-packages/airflow/example_dags/example_python_operator.py
[2024-08-09T02:08:42.045+0000] {logging_mixin.py:188} INFO - [2024-08-09T02:08:42.045+0000] {dag.py:3089} INFO - Sync 1 DAGs
[2024-08-09T02:08:42.072+0000] {logging_mixin.py:188} INFO - [2024-08-09T02:08:42.072+0000] {dag.py:3947} INFO - Setting next_dagrun for example_python_operator to None, run_after=None
[2024-08-09T02:08:42.110+0000] {processor.py:183} INFO - Processing /home/airflow/.local/lib/python3.12/site-packages/airflow/example_dags/example_python_operator.py took 0.173 seconds
[2024-08-09T02:09:13.019+0000] {processor.py:161} INFO - Started process (PID=3955) to work on /home/airflow/.local/lib/python3.12/site-packages/airflow/example_dags/example_python_operator.py
[2024-08-09T02:09:13.021+0000] {processor.py:830} INFO - Processing file /home/airflow/.local/lib/python3.12/site-packages/airflow/example_dags/example_python_operator.py for tasks to queue
[2024-08-09T02:09:13.027+0000] {logging_mixin.py:188} INFO - [2024-08-09T02:09:13.026+0000] {dagbag.py:545} INFO - Filling up the DagBag from /home/airflow/.local/lib/python3.12/site-packages/airflow/example_dags/example_python_operator.py
[2024-08-09T02:09:13.052+0000] {processor.py:840} INFO - DAG(s) 'example_python_operator' retrieved from /home/airflow/.local/lib/python3.12/site-packages/airflow/example_dags/example_python_operator.py
[2024-08-09T02:09:13.108+0000] {logging_mixin.py:188} INFO - [2024-08-09T02:09:13.107+0000] {dag.py:3089} INFO - Sync 1 DAGs
[2024-08-09T02:09:13.133+0000] {logging_mixin.py:188} INFO - [2024-08-09T02:09:13.133+0000] {dag.py:3947} INFO - Setting next_dagrun for example_python_operator to None, run_after=None
[2024-08-09T02:09:13.169+0000] {processor.py:183} INFO - Processing /home/airflow/.local/lib/python3.12/site-packages/airflow/example_dags/example_python_operator.py took 0.181 seconds
[2024-08-09T02:09:43.901+0000] {processor.py:161} INFO - Started process (PID=4013) to work on /home/airflow/.local/lib/python3.12/site-packages/airflow/example_dags/example_python_operator.py
[2024-08-09T02:09:43.905+0000] {processor.py:830} INFO - Processing file /home/airflow/.local/lib/python3.12/site-packages/airflow/example_dags/example_python_operator.py for tasks to queue
[2024-08-09T02:09:43.910+0000] {logging_mixin.py:188} INFO - [2024-08-09T02:09:43.909+0000] {dagbag.py:545} INFO - Filling up the DagBag from /home/airflow/.local/lib/python3.12/site-packages/airflow/example_dags/example_python_operator.py
[2024-08-09T02:09:43.944+0000] {processor.py:840} INFO - DAG(s) 'example_python_operator' retrieved from /home/airflow/.local/lib/python3.12/site-packages/airflow/example_dags/example_python_operator.py
[2024-08-09T02:09:44.030+0000] {logging_mixin.py:188} INFO - [2024-08-09T02:09:44.029+0000] {dag.py:3089} INFO - Sync 1 DAGs
[2024-08-09T02:09:44.066+0000] {logging_mixin.py:188} INFO - [2024-08-09T02:09:44.065+0000] {dag.py:3947} INFO - Setting next_dagrun for example_python_operator to None, run_after=None
[2024-08-09T02:09:44.117+0000] {processor.py:183} INFO - Processing /home/airflow/.local/lib/python3.12/site-packages/airflow/example_dags/example_python_operator.py took 0.237 seconds
[2024-08-09T02:10:14.229+0000] {processor.py:161} INFO - Started process (PID=4069) to work on /home/airflow/.local/lib/python3.12/site-packages/airflow/example_dags/example_python_operator.py
[2024-08-09T02:10:14.232+0000] {processor.py:830} INFO - Processing file /home/airflow/.local/lib/python3.12/site-packages/airflow/example_dags/example_python_operator.py for tasks to queue
[2024-08-09T02:10:14.239+0000] {logging_mixin.py:188} INFO - [2024-08-09T02:10:14.239+0000] {dagbag.py:545} INFO - Filling up the DagBag from /home/airflow/.local/lib/python3.12/site-packages/airflow/example_dags/example_python_operator.py
[2024-08-09T02:10:14.278+0000] {processor.py:840} INFO - DAG(s) 'example_python_operator' retrieved from /home/airflow/.local/lib/python3.12/site-packages/airflow/example_dags/example_python_operator.py
[2024-08-09T02:10:14.355+0000] {logging_mixin.py:188} INFO - [2024-08-09T02:10:14.355+0000] {dag.py:3089} INFO - Sync 1 DAGs
[2024-08-09T02:10:14.384+0000] {logging_mixin.py:188} INFO - [2024-08-09T02:10:14.384+0000] {dag.py:3947} INFO - Setting next_dagrun for example_python_operator to None, run_after=None
[2024-08-09T02:10:14.424+0000] {processor.py:183} INFO - Processing /home/airflow/.local/lib/python3.12/site-packages/airflow/example_dags/example_python_operator.py took 0.218 seconds
[2024-08-09T02:10:44.962+0000] {processor.py:161} INFO - Started process (PID=4126) to work on /home/airflow/.local/lib/python3.12/site-packages/airflow/example_dags/example_python_operator.py
[2024-08-09T02:10:44.965+0000] {processor.py:830} INFO - Processing file /home/airflow/.local/lib/python3.12/site-packages/airflow/example_dags/example_python_operator.py for tasks to queue
[2024-08-09T02:10:44.972+0000] {logging_mixin.py:188} INFO - [2024-08-09T02:10:44.970+0000] {dagbag.py:545} INFO - Filling up the DagBag from /home/airflow/.local/lib/python3.12/site-packages/airflow/example_dags/example_python_operator.py
[2024-08-09T02:10:45.002+0000] {processor.py:840} INFO - DAG(s) 'example_python_operator' retrieved from /home/airflow/.local/lib/python3.12/site-packages/airflow/example_dags/example_python_operator.py
[2024-08-09T02:10:45.067+0000] {logging_mixin.py:188} INFO - [2024-08-09T02:10:45.067+0000] {dag.py:3089} INFO - Sync 1 DAGs
[2024-08-09T02:10:45.091+0000] {logging_mixin.py:188} INFO - [2024-08-09T02:10:45.091+0000] {dag.py:3947} INFO - Setting next_dagrun for example_python_operator to None, run_after=None
[2024-08-09T02:10:45.135+0000] {processor.py:183} INFO - Processing /home/airflow/.local/lib/python3.12/site-packages/airflow/example_dags/example_python_operator.py took 0.194 seconds
[2024-08-09T02:11:15.858+0000] {processor.py:161} INFO - Started process (PID=4184) to work on /home/airflow/.local/lib/python3.12/site-packages/airflow/example_dags/example_python_operator.py
[2024-08-09T02:11:15.860+0000] {processor.py:830} INFO - Processing file /home/airflow/.local/lib/python3.12/site-packages/airflow/example_dags/example_python_operator.py for tasks to queue
[2024-08-09T02:11:15.866+0000] {logging_mixin.py:188} INFO - [2024-08-09T02:11:15.865+0000] {dagbag.py:545} INFO - Filling up the DagBag from /home/airflow/.local/lib/python3.12/site-packages/airflow/example_dags/example_python_operator.py
[2024-08-09T02:11:15.907+0000] {processor.py:840} INFO - DAG(s) 'example_python_operator' retrieved from /home/airflow/.local/lib/python3.12/site-packages/airflow/example_dags/example_python_operator.py
[2024-08-09T02:11:15.969+0000] {logging_mixin.py:188} INFO - [2024-08-09T02:11:15.968+0000] {dag.py:3089} INFO - Sync 1 DAGs
[2024-08-09T02:11:15.991+0000] {logging_mixin.py:188} INFO - [2024-08-09T02:11:15.990+0000] {dag.py:3947} INFO - Setting next_dagrun for example_python_operator to None, run_after=None
[2024-08-09T02:11:16.024+0000] {processor.py:183} INFO - Processing /home/airflow/.local/lib/python3.12/site-packages/airflow/example_dags/example_python_operator.py took 0.195 seconds
[2024-08-09T02:11:46.198+0000] {processor.py:161} INFO - Started process (PID=4242) to work on /home/airflow/.local/lib/python3.12/site-packages/airflow/example_dags/example_python_operator.py
[2024-08-09T02:11:46.200+0000] {processor.py:830} INFO - Processing file /home/airflow/.local/lib/python3.12/site-packages/airflow/example_dags/example_python_operator.py for tasks to queue
[2024-08-09T02:11:46.206+0000] {logging_mixin.py:188} INFO - [2024-08-09T02:11:46.205+0000] {dagbag.py:545} INFO - Filling up the DagBag from /home/airflow/.local/lib/python3.12/site-packages/airflow/example_dags/example_python_operator.py
[2024-08-09T02:11:46.235+0000] {processor.py:840} INFO - DAG(s) 'example_python_operator' retrieved from /home/airflow/.local/lib/python3.12/site-packages/airflow/example_dags/example_python_operator.py
[2024-08-09T02:11:46.284+0000] {logging_mixin.py:188} INFO - [2024-08-09T02:11:46.283+0000] {dag.py:3089} INFO - Sync 1 DAGs
[2024-08-09T02:11:46.324+0000] {logging_mixin.py:188} INFO - [2024-08-09T02:11:46.323+0000] {dag.py:3947} INFO - Setting next_dagrun for example_python_operator to None, run_after=None
[2024-08-09T02:11:46.360+0000] {processor.py:183} INFO - Processing /home/airflow/.local/lib/python3.12/site-packages/airflow/example_dags/example_python_operator.py took 0.179 seconds
[2024-08-09T02:12:16.936+0000] {processor.py:161} INFO - Started process (PID=4300) to work on /home/airflow/.local/lib/python3.12/site-packages/airflow/example_dags/example_python_operator.py
[2024-08-09T02:12:16.939+0000] {processor.py:830} INFO - Processing file /home/airflow/.local/lib/python3.12/site-packages/airflow/example_dags/example_python_operator.py for tasks to queue
[2024-08-09T02:12:16.944+0000] {logging_mixin.py:188} INFO - [2024-08-09T02:12:16.943+0000] {dagbag.py:545} INFO - Filling up the DagBag from /home/airflow/.local/lib/python3.12/site-packages/airflow/example_dags/example_python_operator.py
[2024-08-09T02:12:16.970+0000] {processor.py:840} INFO - DAG(s) 'example_python_operator' retrieved from /home/airflow/.local/lib/python3.12/site-packages/airflow/example_dags/example_python_operator.py
[2024-08-09T02:12:17.019+0000] {logging_mixin.py:188} INFO - [2024-08-09T02:12:17.019+0000] {dag.py:3089} INFO - Sync 1 DAGs
[2024-08-09T02:12:17.042+0000] {logging_mixin.py:188} INFO - [2024-08-09T02:12:17.042+0000] {dag.py:3947} INFO - Setting next_dagrun for example_python_operator to None, run_after=None
[2024-08-09T02:12:17.074+0000] {processor.py:183} INFO - Processing /home/airflow/.local/lib/python3.12/site-packages/airflow/example_dags/example_python_operator.py took 0.154 seconds
[2024-08-09T02:12:47.306+0000] {processor.py:161} INFO - Started process (PID=4358) to work on /home/airflow/.local/lib/python3.12/site-packages/airflow/example_dags/example_python_operator.py
[2024-08-09T02:12:47.308+0000] {processor.py:830} INFO - Processing file /home/airflow/.local/lib/python3.12/site-packages/airflow/example_dags/example_python_operator.py for tasks to queue
[2024-08-09T02:12:47.313+0000] {logging_mixin.py:188} INFO - [2024-08-09T02:12:47.312+0000] {dagbag.py:545} INFO - Filling up the DagBag from /home/airflow/.local/lib/python3.12/site-packages/airflow/example_dags/example_python_operator.py
[2024-08-09T02:12:47.342+0000] {processor.py:840} INFO - DAG(s) 'example_python_operator' retrieved from /home/airflow/.local/lib/python3.12/site-packages/airflow/example_dags/example_python_operator.py
[2024-08-09T02:12:47.412+0000] {logging_mixin.py:188} INFO - [2024-08-09T02:12:47.411+0000] {dag.py:3089} INFO - Sync 1 DAGs
[2024-08-09T02:12:47.453+0000] {logging_mixin.py:188} INFO - [2024-08-09T02:12:47.453+0000] {dag.py:3947} INFO - Setting next_dagrun for example_python_operator to None, run_after=None
[2024-08-09T02:12:47.503+0000] {processor.py:183} INFO - Processing /home/airflow/.local/lib/python3.12/site-packages/airflow/example_dags/example_python_operator.py took 0.220 seconds
[2024-08-09T02:13:17.598+0000] {processor.py:161} INFO - Started process (PID=4415) to work on /home/airflow/.local/lib/python3.12/site-packages/airflow/example_dags/example_python_operator.py
[2024-08-09T02:13:17.601+0000] {processor.py:830} INFO - Processing file /home/airflow/.local/lib/python3.12/site-packages/airflow/example_dags/example_python_operator.py for tasks to queue
[2024-08-09T02:13:17.607+0000] {logging_mixin.py:188} INFO - [2024-08-09T02:13:17.606+0000] {dagbag.py:545} INFO - Filling up the DagBag from /home/airflow/.local/lib/python3.12/site-packages/airflow/example_dags/example_python_operator.py
[2024-08-09T02:13:17.634+0000] {processor.py:840} INFO - DAG(s) 'example_python_operator' retrieved from /home/airflow/.local/lib/python3.12/site-packages/airflow/example_dags/example_python_operator.py
[2024-08-09T02:13:17.695+0000] {logging_mixin.py:188} INFO - [2024-08-09T02:13:17.694+0000] {dag.py:3089} INFO - Sync 1 DAGs
[2024-08-09T02:13:17.717+0000] {logging_mixin.py:188} INFO - [2024-08-09T02:13:17.717+0000] {dag.py:3947} INFO - Setting next_dagrun for example_python_operator to None, run_after=None
[2024-08-09T02:13:17.757+0000] {processor.py:183} INFO - Processing /home/airflow/.local/lib/python3.12/site-packages/airflow/example_dags/example_python_operator.py took 0.175 seconds
[2024-08-09T02:13:48.463+0000] {processor.py:161} INFO - Started process (PID=4473) to work on /home/airflow/.local/lib/python3.12/site-packages/airflow/example_dags/example_python_operator.py
[2024-08-09T02:13:48.466+0000] {processor.py:830} INFO - Processing file /home/airflow/.local/lib/python3.12/site-packages/airflow/example_dags/example_python_operator.py for tasks to queue
[2024-08-09T02:13:48.479+0000] {logging_mixin.py:188} INFO - [2024-08-09T02:13:48.477+0000] {dagbag.py:545} INFO - Filling up the DagBag from /home/airflow/.local/lib/python3.12/site-packages/airflow/example_dags/example_python_operator.py
[2024-08-09T02:13:48.512+0000] {processor.py:840} INFO - DAG(s) 'example_python_operator' retrieved from /home/airflow/.local/lib/python3.12/site-packages/airflow/example_dags/example_python_operator.py
[2024-08-09T02:13:48.584+0000] {logging_mixin.py:188} INFO - [2024-08-09T02:13:48.583+0000] {dag.py:3089} INFO - Sync 1 DAGs
[2024-08-09T02:13:48.613+0000] {logging_mixin.py:188} INFO - [2024-08-09T02:13:48.612+0000] {dag.py:3947} INFO - Setting next_dagrun for example_python_operator to None, run_after=None
[2024-08-09T02:13:48.662+0000] {processor.py:183} INFO - Processing /home/airflow/.local/lib/python3.12/site-packages/airflow/example_dags/example_python_operator.py took 0.226 seconds
[2024-08-09T02:14:19.412+0000] {processor.py:161} INFO - Started process (PID=4531) to work on /home/airflow/.local/lib/python3.12/site-packages/airflow/example_dags/example_python_operator.py
[2024-08-09T02:14:19.416+0000] {processor.py:830} INFO - Processing file /home/airflow/.local/lib/python3.12/site-packages/airflow/example_dags/example_python_operator.py for tasks to queue
[2024-08-09T02:14:19.424+0000] {logging_mixin.py:188} INFO - [2024-08-09T02:14:19.423+0000] {dagbag.py:545} INFO - Filling up the DagBag from /home/airflow/.local/lib/python3.12/site-packages/airflow/example_dags/example_python_operator.py
[2024-08-09T02:14:19.468+0000] {processor.py:840} INFO - DAG(s) 'example_python_operator' retrieved from /home/airflow/.local/lib/python3.12/site-packages/airflow/example_dags/example_python_operator.py
[2024-08-09T02:14:19.563+0000] {logging_mixin.py:188} INFO - [2024-08-09T02:14:19.560+0000] {dag.py:3089} INFO - Sync 1 DAGs
[2024-08-09T02:14:19.649+0000] {logging_mixin.py:188} INFO - [2024-08-09T02:14:19.649+0000] {dag.py:3947} INFO - Setting next_dagrun for example_python_operator to None, run_after=None
[2024-08-09T02:14:19.716+0000] {processor.py:183} INFO - Processing /home/airflow/.local/lib/python3.12/site-packages/airflow/example_dags/example_python_operator.py took 0.335 seconds
[2024-08-09T02:14:50.663+0000] {processor.py:161} INFO - Started process (PID=4589) to work on /home/airflow/.local/lib/python3.12/site-packages/airflow/example_dags/example_python_operator.py
[2024-08-09T02:14:50.672+0000] {processor.py:830} INFO - Processing file /home/airflow/.local/lib/python3.12/site-packages/airflow/example_dags/example_python_operator.py for tasks to queue
[2024-08-09T02:14:50.698+0000] {logging_mixin.py:188} INFO - [2024-08-09T02:14:50.695+0000] {dagbag.py:545} INFO - Filling up the DagBag from /home/airflow/.local/lib/python3.12/site-packages/airflow/example_dags/example_python_operator.py
[2024-08-09T02:14:50.766+0000] {processor.py:840} INFO - DAG(s) 'example_python_operator' retrieved from /home/airflow/.local/lib/python3.12/site-packages/airflow/example_dags/example_python_operator.py
[2024-08-09T02:14:50.988+0000] {logging_mixin.py:188} INFO - [2024-08-09T02:14:50.988+0000] {dag.py:3089} INFO - Sync 1 DAGs
[2024-08-09T02:14:51.038+0000] {logging_mixin.py:188} INFO - [2024-08-09T02:14:51.038+0000] {dag.py:3947} INFO - Setting next_dagrun for example_python_operator to None, run_after=None
[2024-08-09T02:14:51.129+0000] {processor.py:183} INFO - Processing /home/airflow/.local/lib/python3.12/site-packages/airflow/example_dags/example_python_operator.py took 0.545 seconds
[2024-08-09T02:15:21.738+0000] {processor.py:161} INFO - Started process (PID=4647) to work on /home/airflow/.local/lib/python3.12/site-packages/airflow/example_dags/example_python_operator.py
[2024-08-09T02:15:21.743+0000] {processor.py:830} INFO - Processing file /home/airflow/.local/lib/python3.12/site-packages/airflow/example_dags/example_python_operator.py for tasks to queue
[2024-08-09T02:15:21.748+0000] {logging_mixin.py:188} INFO - [2024-08-09T02:15:21.747+0000] {dagbag.py:545} INFO - Filling up the DagBag from /home/airflow/.local/lib/python3.12/site-packages/airflow/example_dags/example_python_operator.py
[2024-08-09T02:15:21.802+0000] {processor.py:840} INFO - DAG(s) 'example_python_operator' retrieved from /home/airflow/.local/lib/python3.12/site-packages/airflow/example_dags/example_python_operator.py
[2024-08-09T02:15:21.895+0000] {logging_mixin.py:188} INFO - [2024-08-09T02:15:21.895+0000] {dag.py:3089} INFO - Sync 1 DAGs
[2024-08-09T02:15:21.927+0000] {logging_mixin.py:188} INFO - [2024-08-09T02:15:21.927+0000] {dag.py:3947} INFO - Setting next_dagrun for example_python_operator to None, run_after=None
[2024-08-09T02:15:21.968+0000] {processor.py:183} INFO - Processing /home/airflow/.local/lib/python3.12/site-packages/airflow/example_dags/example_python_operator.py took 0.259 seconds
[2024-08-09T02:15:52.635+0000] {processor.py:161} INFO - Started process (PID=4705) to work on /home/airflow/.local/lib/python3.12/site-packages/airflow/example_dags/example_python_operator.py
[2024-08-09T02:15:52.637+0000] {processor.py:830} INFO - Processing file /home/airflow/.local/lib/python3.12/site-packages/airflow/example_dags/example_python_operator.py for tasks to queue
[2024-08-09T02:15:52.641+0000] {logging_mixin.py:188} INFO - [2024-08-09T02:15:52.641+0000] {dagbag.py:545} INFO - Filling up the DagBag from /home/airflow/.local/lib/python3.12/site-packages/airflow/example_dags/example_python_operator.py
[2024-08-09T02:15:52.675+0000] {processor.py:840} INFO - DAG(s) 'example_python_operator' retrieved from /home/airflow/.local/lib/python3.12/site-packages/airflow/example_dags/example_python_operator.py
[2024-08-09T02:15:52.763+0000] {logging_mixin.py:188} INFO - [2024-08-09T02:15:52.762+0000] {dag.py:3089} INFO - Sync 1 DAGs
[2024-08-09T02:15:52.799+0000] {logging_mixin.py:188} INFO - [2024-08-09T02:15:52.799+0000] {dag.py:3947} INFO - Setting next_dagrun for example_python_operator to None, run_after=None
[2024-08-09T02:15:52.840+0000] {processor.py:183} INFO - Processing /home/airflow/.local/lib/python3.12/site-packages/airflow/example_dags/example_python_operator.py took 0.255 seconds
