[2024-08-09T01:42:28.369+0000] {processor.py:161} INFO - Started process (PID=980) to work on /home/airflow/.local/lib/python3.12/site-packages/airflow/example_dags/example_skip_dag.py
[2024-08-09T01:42:28.371+0000] {processor.py:830} INFO - Processing file /home/airflow/.local/lib/python3.12/site-packages/airflow/example_dags/example_skip_dag.py for tasks to queue
[2024-08-09T01:42:28.378+0000] {logging_mixin.py:188} INFO - [2024-08-09T01:42:28.376+0000] {dagbag.py:545} INFO - Filling up the DagBag from /home/airflow/.local/lib/python3.12/site-packages/airflow/example_dags/example_skip_dag.py
[2024-08-09T01:42:28.400+0000] {processor.py:840} INFO - DAG(s) 'example_skip_dag' retrieved from /home/airflow/.local/lib/python3.12/site-packages/airflow/example_dags/example_skip_dag.py
[2024-08-09T01:42:28.492+0000] {logging_mixin.py:188} INFO - [2024-08-09T01:42:28.491+0000] {dag.py:3089} INFO - Sync 1 DAGs
[2024-08-09T01:42:28.543+0000] {logging_mixin.py:188} INFO - [2024-08-09T01:42:28.543+0000] {dag.py:3947} INFO - Setting next_dagrun for example_skip_dag to 2024-08-08 00:00:00+00:00, run_after=2024-08-09 00:00:00+00:00
[2024-08-09T01:42:28.587+0000] {processor.py:183} INFO - Processing /home/airflow/.local/lib/python3.12/site-packages/airflow/example_dags/example_skip_dag.py took 0.246 seconds
[2024-08-09T01:42:58.885+0000] {processor.py:161} INFO - Started process (PID=1039) to work on /home/airflow/.local/lib/python3.12/site-packages/airflow/example_dags/example_skip_dag.py
[2024-08-09T01:42:58.888+0000] {processor.py:830} INFO - Processing file /home/airflow/.local/lib/python3.12/site-packages/airflow/example_dags/example_skip_dag.py for tasks to queue
[2024-08-09T01:42:58.894+0000] {logging_mixin.py:188} INFO - [2024-08-09T01:42:58.893+0000] {dagbag.py:545} INFO - Filling up the DagBag from /home/airflow/.local/lib/python3.12/site-packages/airflow/example_dags/example_skip_dag.py
[2024-08-09T01:42:58.916+0000] {processor.py:840} INFO - DAG(s) 'example_skip_dag' retrieved from /home/airflow/.local/lib/python3.12/site-packages/airflow/example_dags/example_skip_dag.py
[2024-08-09T01:42:59.006+0000] {logging_mixin.py:188} INFO - [2024-08-09T01:42:59.005+0000] {dag.py:3089} INFO - Sync 1 DAGs
[2024-08-09T01:42:59.071+0000] {logging_mixin.py:188} INFO - [2024-08-09T01:42:59.071+0000] {dag.py:3947} INFO - Setting next_dagrun for example_skip_dag to 2024-08-08 00:00:00+00:00, run_after=2024-08-09 00:00:00+00:00
[2024-08-09T01:42:59.108+0000] {processor.py:183} INFO - Processing /home/airflow/.local/lib/python3.12/site-packages/airflow/example_dags/example_skip_dag.py took 0.239 seconds
[2024-08-09T01:43:29.422+0000] {processor.py:161} INFO - Started process (PID=1097) to work on /home/airflow/.local/lib/python3.12/site-packages/airflow/example_dags/example_skip_dag.py
[2024-08-09T01:43:29.426+0000] {processor.py:830} INFO - Processing file /home/airflow/.local/lib/python3.12/site-packages/airflow/example_dags/example_skip_dag.py for tasks to queue
[2024-08-09T01:43:29.440+0000] {logging_mixin.py:188} INFO - [2024-08-09T01:43:29.439+0000] {dagbag.py:545} INFO - Filling up the DagBag from /home/airflow/.local/lib/python3.12/site-packages/airflow/example_dags/example_skip_dag.py
[2024-08-09T01:43:29.470+0000] {processor.py:840} INFO - DAG(s) 'example_skip_dag' retrieved from /home/airflow/.local/lib/python3.12/site-packages/airflow/example_dags/example_skip_dag.py
[2024-08-09T01:43:29.568+0000] {logging_mixin.py:188} INFO - [2024-08-09T01:43:29.567+0000] {dag.py:3089} INFO - Sync 1 DAGs
[2024-08-09T01:43:29.631+0000] {logging_mixin.py:188} INFO - [2024-08-09T01:43:29.631+0000] {dag.py:3947} INFO - Setting next_dagrun for example_skip_dag to 2024-08-08 00:00:00+00:00, run_after=2024-08-09 00:00:00+00:00
[2024-08-09T01:43:29.709+0000] {processor.py:183} INFO - Processing /home/airflow/.local/lib/python3.12/site-packages/airflow/example_dags/example_skip_dag.py took 0.330 seconds
[2024-08-09T01:44:00.002+0000] {processor.py:161} INFO - Started process (PID=1155) to work on /home/airflow/.local/lib/python3.12/site-packages/airflow/example_dags/example_skip_dag.py
[2024-08-09T01:44:00.009+0000] {processor.py:830} INFO - Processing file /home/airflow/.local/lib/python3.12/site-packages/airflow/example_dags/example_skip_dag.py for tasks to queue
[2024-08-09T01:44:00.016+0000] {logging_mixin.py:188} INFO - [2024-08-09T01:44:00.014+0000] {dagbag.py:545} INFO - Filling up the DagBag from /home/airflow/.local/lib/python3.12/site-packages/airflow/example_dags/example_skip_dag.py
[2024-08-09T01:44:00.051+0000] {processor.py:840} INFO - DAG(s) 'example_skip_dag' retrieved from /home/airflow/.local/lib/python3.12/site-packages/airflow/example_dags/example_skip_dag.py
[2024-08-09T01:44:00.166+0000] {logging_mixin.py:188} INFO - [2024-08-09T01:44:00.166+0000] {dag.py:3089} INFO - Sync 1 DAGs
[2024-08-09T01:44:00.254+0000] {logging_mixin.py:188} INFO - [2024-08-09T01:44:00.253+0000] {dag.py:3947} INFO - Setting next_dagrun for example_skip_dag to 2024-08-08 00:00:00+00:00, run_after=2024-08-09 00:00:00+00:00
[2024-08-09T01:44:00.297+0000] {processor.py:183} INFO - Processing /home/airflow/.local/lib/python3.12/site-packages/airflow/example_dags/example_skip_dag.py took 0.313 seconds
[2024-08-09T01:44:31.014+0000] {processor.py:161} INFO - Started process (PID=1213) to work on /home/airflow/.local/lib/python3.12/site-packages/airflow/example_dags/example_skip_dag.py
[2024-08-09T01:44:31.017+0000] {processor.py:830} INFO - Processing file /home/airflow/.local/lib/python3.12/site-packages/airflow/example_dags/example_skip_dag.py for tasks to queue
[2024-08-09T01:44:31.022+0000] {logging_mixin.py:188} INFO - [2024-08-09T01:44:31.021+0000] {dagbag.py:545} INFO - Filling up the DagBag from /home/airflow/.local/lib/python3.12/site-packages/airflow/example_dags/example_skip_dag.py
[2024-08-09T01:44:31.044+0000] {processor.py:840} INFO - DAG(s) 'example_skip_dag' retrieved from /home/airflow/.local/lib/python3.12/site-packages/airflow/example_dags/example_skip_dag.py
[2024-08-09T01:44:31.123+0000] {logging_mixin.py:188} INFO - [2024-08-09T01:44:31.122+0000] {dag.py:3089} INFO - Sync 1 DAGs
[2024-08-09T01:44:31.203+0000] {logging_mixin.py:188} INFO - [2024-08-09T01:44:31.203+0000] {dag.py:3947} INFO - Setting next_dagrun for example_skip_dag to 2024-08-08 00:00:00+00:00, run_after=2024-08-09 00:00:00+00:00
[2024-08-09T01:44:31.297+0000] {processor.py:183} INFO - Processing /home/airflow/.local/lib/python3.12/site-packages/airflow/example_dags/example_skip_dag.py took 0.303 seconds
[2024-08-09T01:45:01.471+0000] {processor.py:161} INFO - Started process (PID=1271) to work on /home/airflow/.local/lib/python3.12/site-packages/airflow/example_dags/example_skip_dag.py
[2024-08-09T01:45:01.477+0000] {processor.py:830} INFO - Processing file /home/airflow/.local/lib/python3.12/site-packages/airflow/example_dags/example_skip_dag.py for tasks to queue
[2024-08-09T01:45:01.483+0000] {logging_mixin.py:188} INFO - [2024-08-09T01:45:01.482+0000] {dagbag.py:545} INFO - Filling up the DagBag from /home/airflow/.local/lib/python3.12/site-packages/airflow/example_dags/example_skip_dag.py
[2024-08-09T01:45:01.506+0000] {processor.py:840} INFO - DAG(s) 'example_skip_dag' retrieved from /home/airflow/.local/lib/python3.12/site-packages/airflow/example_dags/example_skip_dag.py
[2024-08-09T01:45:01.582+0000] {logging_mixin.py:188} INFO - [2024-08-09T01:45:01.581+0000] {dag.py:3089} INFO - Sync 1 DAGs
[2024-08-09T01:45:01.649+0000] {logging_mixin.py:188} INFO - [2024-08-09T01:45:01.649+0000] {dag.py:3947} INFO - Setting next_dagrun for example_skip_dag to 2024-08-08 00:00:00+00:00, run_after=2024-08-09 00:00:00+00:00
[2024-08-09T01:45:01.689+0000] {processor.py:183} INFO - Processing /home/airflow/.local/lib/python3.12/site-packages/airflow/example_dags/example_skip_dag.py took 0.241 seconds
[2024-08-09T01:45:31.903+0000] {processor.py:161} INFO - Started process (PID=1328) to work on /home/airflow/.local/lib/python3.12/site-packages/airflow/example_dags/example_skip_dag.py
[2024-08-09T01:45:31.906+0000] {processor.py:830} INFO - Processing file /home/airflow/.local/lib/python3.12/site-packages/airflow/example_dags/example_skip_dag.py for tasks to queue
[2024-08-09T01:45:31.911+0000] {logging_mixin.py:188} INFO - [2024-08-09T01:45:31.910+0000] {dagbag.py:545} INFO - Filling up the DagBag from /home/airflow/.local/lib/python3.12/site-packages/airflow/example_dags/example_skip_dag.py
[2024-08-09T01:45:31.926+0000] {processor.py:840} INFO - DAG(s) 'example_skip_dag' retrieved from /home/airflow/.local/lib/python3.12/site-packages/airflow/example_dags/example_skip_dag.py
[2024-08-09T01:45:31.986+0000] {logging_mixin.py:188} INFO - [2024-08-09T01:45:31.986+0000] {dag.py:3089} INFO - Sync 1 DAGs
[2024-08-09T01:45:32.043+0000] {logging_mixin.py:188} INFO - [2024-08-09T01:45:32.042+0000] {dag.py:3947} INFO - Setting next_dagrun for example_skip_dag to 2024-08-08 00:00:00+00:00, run_after=2024-08-09 00:00:00+00:00
[2024-08-09T01:45:32.090+0000] {processor.py:183} INFO - Processing /home/airflow/.local/lib/python3.12/site-packages/airflow/example_dags/example_skip_dag.py took 0.202 seconds
[2024-08-09T01:46:02.425+0000] {processor.py:161} INFO - Started process (PID=1386) to work on /home/airflow/.local/lib/python3.12/site-packages/airflow/example_dags/example_skip_dag.py
[2024-08-09T01:46:02.429+0000] {processor.py:830} INFO - Processing file /home/airflow/.local/lib/python3.12/site-packages/airflow/example_dags/example_skip_dag.py for tasks to queue
[2024-08-09T01:46:02.435+0000] {logging_mixin.py:188} INFO - [2024-08-09T01:46:02.434+0000] {dagbag.py:545} INFO - Filling up the DagBag from /home/airflow/.local/lib/python3.12/site-packages/airflow/example_dags/example_skip_dag.py
[2024-08-09T01:46:02.455+0000] {processor.py:840} INFO - DAG(s) 'example_skip_dag' retrieved from /home/airflow/.local/lib/python3.12/site-packages/airflow/example_dags/example_skip_dag.py
[2024-08-09T01:46:02.531+0000] {logging_mixin.py:188} INFO - [2024-08-09T01:46:02.530+0000] {dag.py:3089} INFO - Sync 1 DAGs
[2024-08-09T01:46:02.592+0000] {logging_mixin.py:188} INFO - [2024-08-09T01:46:02.591+0000] {dag.py:3947} INFO - Setting next_dagrun for example_skip_dag to 2024-08-08 00:00:00+00:00, run_after=2024-08-09 00:00:00+00:00
[2024-08-09T01:46:02.636+0000] {processor.py:183} INFO - Processing /home/airflow/.local/lib/python3.12/site-packages/airflow/example_dags/example_skip_dag.py took 0.233 seconds
[2024-08-09T01:46:33.638+0000] {processor.py:161} INFO - Started process (PID=1443) to work on /home/airflow/.local/lib/python3.12/site-packages/airflow/example_dags/example_skip_dag.py
[2024-08-09T01:46:33.640+0000] {processor.py:830} INFO - Processing file /home/airflow/.local/lib/python3.12/site-packages/airflow/example_dags/example_skip_dag.py for tasks to queue
[2024-08-09T01:46:33.645+0000] {logging_mixin.py:188} INFO - [2024-08-09T01:46:33.644+0000] {dagbag.py:545} INFO - Filling up the DagBag from /home/airflow/.local/lib/python3.12/site-packages/airflow/example_dags/example_skip_dag.py
[2024-08-09T01:46:33.662+0000] {processor.py:840} INFO - DAG(s) 'example_skip_dag' retrieved from /home/airflow/.local/lib/python3.12/site-packages/airflow/example_dags/example_skip_dag.py
[2024-08-09T01:46:33.720+0000] {logging_mixin.py:188} INFO - [2024-08-09T01:46:33.719+0000] {dag.py:3089} INFO - Sync 1 DAGs
[2024-08-09T01:46:33.767+0000] {logging_mixin.py:188} INFO - [2024-08-09T01:46:33.767+0000] {dag.py:3947} INFO - Setting next_dagrun for example_skip_dag to 2024-08-08 00:00:00+00:00, run_after=2024-08-09 00:00:00+00:00
[2024-08-09T01:46:33.803+0000] {processor.py:183} INFO - Processing /home/airflow/.local/lib/python3.12/site-packages/airflow/example_dags/example_skip_dag.py took 0.180 seconds
[2024-08-09T01:47:04.736+0000] {processor.py:161} INFO - Started process (PID=1501) to work on /home/airflow/.local/lib/python3.12/site-packages/airflow/example_dags/example_skip_dag.py
[2024-08-09T01:47:04.743+0000] {processor.py:830} INFO - Processing file /home/airflow/.local/lib/python3.12/site-packages/airflow/example_dags/example_skip_dag.py for tasks to queue
[2024-08-09T01:47:04.812+0000] {logging_mixin.py:188} INFO - [2024-08-09T01:47:04.811+0000] {dagbag.py:545} INFO - Filling up the DagBag from /home/airflow/.local/lib/python3.12/site-packages/airflow/example_dags/example_skip_dag.py
[2024-08-09T01:47:04.881+0000] {processor.py:840} INFO - DAG(s) 'example_skip_dag' retrieved from /home/airflow/.local/lib/python3.12/site-packages/airflow/example_dags/example_skip_dag.py
[2024-08-09T01:47:05.177+0000] {logging_mixin.py:188} INFO - [2024-08-09T01:47:05.176+0000] {dag.py:3089} INFO - Sync 1 DAGs
[2024-08-09T01:47:05.382+0000] {logging_mixin.py:188} INFO - [2024-08-09T01:47:05.374+0000] {dag.py:3947} INFO - Setting next_dagrun for example_skip_dag to 2024-08-08 00:00:00+00:00, run_after=2024-08-09 00:00:00+00:00
[2024-08-09T01:47:05.478+0000] {processor.py:183} INFO - Processing /home/airflow/.local/lib/python3.12/site-packages/airflow/example_dags/example_skip_dag.py took 0.943 seconds
[2024-08-09T01:47:35.797+0000] {processor.py:161} INFO - Started process (PID=1559) to work on /home/airflow/.local/lib/python3.12/site-packages/airflow/example_dags/example_skip_dag.py
[2024-08-09T01:47:35.799+0000] {processor.py:830} INFO - Processing file /home/airflow/.local/lib/python3.12/site-packages/airflow/example_dags/example_skip_dag.py for tasks to queue
[2024-08-09T01:47:35.807+0000] {logging_mixin.py:188} INFO - [2024-08-09T01:47:35.807+0000] {dagbag.py:545} INFO - Filling up the DagBag from /home/airflow/.local/lib/python3.12/site-packages/airflow/example_dags/example_skip_dag.py
[2024-08-09T01:47:35.826+0000] {processor.py:840} INFO - DAG(s) 'example_skip_dag' retrieved from /home/airflow/.local/lib/python3.12/site-packages/airflow/example_dags/example_skip_dag.py
[2024-08-09T01:47:35.913+0000] {logging_mixin.py:188} INFO - [2024-08-09T01:47:35.913+0000] {dag.py:3089} INFO - Sync 1 DAGs
[2024-08-09T01:47:35.997+0000] {logging_mixin.py:188} INFO - [2024-08-09T01:47:35.996+0000] {dag.py:3947} INFO - Setting next_dagrun for example_skip_dag to 2024-08-08 00:00:00+00:00, run_after=2024-08-09 00:00:00+00:00
[2024-08-09T01:47:36.053+0000] {processor.py:183} INFO - Processing /home/airflow/.local/lib/python3.12/site-packages/airflow/example_dags/example_skip_dag.py took 0.274 seconds
[2024-08-09T01:48:06.123+0000] {processor.py:161} INFO - Started process (PID=1617) to work on /home/airflow/.local/lib/python3.12/site-packages/airflow/example_dags/example_skip_dag.py
[2024-08-09T01:48:06.125+0000] {processor.py:830} INFO - Processing file /home/airflow/.local/lib/python3.12/site-packages/airflow/example_dags/example_skip_dag.py for tasks to queue
[2024-08-09T01:48:06.131+0000] {logging_mixin.py:188} INFO - [2024-08-09T01:48:06.130+0000] {dagbag.py:545} INFO - Filling up the DagBag from /home/airflow/.local/lib/python3.12/site-packages/airflow/example_dags/example_skip_dag.py
[2024-08-09T01:48:06.149+0000] {processor.py:840} INFO - DAG(s) 'example_skip_dag' retrieved from /home/airflow/.local/lib/python3.12/site-packages/airflow/example_dags/example_skip_dag.py
[2024-08-09T01:48:06.201+0000] {logging_mixin.py:188} INFO - [2024-08-09T01:48:06.201+0000] {dag.py:3089} INFO - Sync 1 DAGs
[2024-08-09T01:48:06.242+0000] {logging_mixin.py:188} INFO - [2024-08-09T01:48:06.242+0000] {dag.py:3947} INFO - Setting next_dagrun for example_skip_dag to 2024-08-08 00:00:00+00:00, run_after=2024-08-09 00:00:00+00:00
[2024-08-09T01:48:06.279+0000] {processor.py:183} INFO - Processing /home/airflow/.local/lib/python3.12/site-packages/airflow/example_dags/example_skip_dag.py took 0.174 seconds
[2024-08-09T01:48:36.860+0000] {processor.py:161} INFO - Started process (PID=1675) to work on /home/airflow/.local/lib/python3.12/site-packages/airflow/example_dags/example_skip_dag.py
[2024-08-09T01:48:36.864+0000] {processor.py:830} INFO - Processing file /home/airflow/.local/lib/python3.12/site-packages/airflow/example_dags/example_skip_dag.py for tasks to queue
[2024-08-09T01:48:36.879+0000] {logging_mixin.py:188} INFO - [2024-08-09T01:48:36.878+0000] {dagbag.py:545} INFO - Filling up the DagBag from /home/airflow/.local/lib/python3.12/site-packages/airflow/example_dags/example_skip_dag.py
[2024-08-09T01:48:36.922+0000] {processor.py:840} INFO - DAG(s) 'example_skip_dag' retrieved from /home/airflow/.local/lib/python3.12/site-packages/airflow/example_dags/example_skip_dag.py
[2024-08-09T01:48:37.028+0000] {logging_mixin.py:188} INFO - [2024-08-09T01:48:37.028+0000] {dag.py:3089} INFO - Sync 1 DAGs
[2024-08-09T01:48:37.086+0000] {logging_mixin.py:188} INFO - [2024-08-09T01:48:37.086+0000] {dag.py:3947} INFO - Setting next_dagrun for example_skip_dag to 2024-08-08 00:00:00+00:00, run_after=2024-08-09 00:00:00+00:00
[2024-08-09T01:48:37.121+0000] {processor.py:183} INFO - Processing /home/airflow/.local/lib/python3.12/site-packages/airflow/example_dags/example_skip_dag.py took 0.305 seconds
[2024-08-09T01:49:08.269+0000] {processor.py:161} INFO - Started process (PID=1733) to work on /home/airflow/.local/lib/python3.12/site-packages/airflow/example_dags/example_skip_dag.py
[2024-08-09T01:49:08.273+0000] {processor.py:830} INFO - Processing file /home/airflow/.local/lib/python3.12/site-packages/airflow/example_dags/example_skip_dag.py for tasks to queue
[2024-08-09T01:49:08.289+0000] {logging_mixin.py:188} INFO - [2024-08-09T01:49:08.288+0000] {dagbag.py:545} INFO - Filling up the DagBag from /home/airflow/.local/lib/python3.12/site-packages/airflow/example_dags/example_skip_dag.py
[2024-08-09T01:49:08.318+0000] {processor.py:840} INFO - DAG(s) 'example_skip_dag' retrieved from /home/airflow/.local/lib/python3.12/site-packages/airflow/example_dags/example_skip_dag.py
[2024-08-09T01:49:08.405+0000] {logging_mixin.py:188} INFO - [2024-08-09T01:49:08.405+0000] {dag.py:3089} INFO - Sync 1 DAGs
[2024-08-09T01:49:08.481+0000] {logging_mixin.py:188} INFO - [2024-08-09T01:49:08.481+0000] {dag.py:3947} INFO - Setting next_dagrun for example_skip_dag to 2024-08-08 00:00:00+00:00, run_after=2024-08-09 00:00:00+00:00
[2024-08-09T01:49:08.541+0000] {processor.py:183} INFO - Processing /home/airflow/.local/lib/python3.12/site-packages/airflow/example_dags/example_skip_dag.py took 0.324 seconds
[2024-08-09T01:49:41.006+0000] {processor.py:161} INFO - Started process (PID=1789) to work on /home/airflow/.local/lib/python3.12/site-packages/airflow/example_dags/example_skip_dag.py
[2024-08-09T01:49:41.009+0000] {processor.py:830} INFO - Processing file /home/airflow/.local/lib/python3.12/site-packages/airflow/example_dags/example_skip_dag.py for tasks to queue
[2024-08-09T01:49:41.017+0000] {logging_mixin.py:188} INFO - [2024-08-09T01:49:41.015+0000] {dagbag.py:545} INFO - Filling up the DagBag from /home/airflow/.local/lib/python3.12/site-packages/airflow/example_dags/example_skip_dag.py
[2024-08-09T01:49:41.051+0000] {processor.py:840} INFO - DAG(s) 'example_skip_dag' retrieved from /home/airflow/.local/lib/python3.12/site-packages/airflow/example_dags/example_skip_dag.py
[2024-08-09T01:49:41.170+0000] {logging_mixin.py:188} INFO - [2024-08-09T01:49:41.169+0000] {dag.py:3089} INFO - Sync 1 DAGs
[2024-08-09T01:49:41.261+0000] {logging_mixin.py:188} INFO - [2024-08-09T01:49:41.260+0000] {dag.py:3947} INFO - Setting next_dagrun for example_skip_dag to 2024-08-08 00:00:00+00:00, run_after=2024-08-09 00:00:00+00:00
[2024-08-09T01:49:41.338+0000] {processor.py:183} INFO - Processing /home/airflow/.local/lib/python3.12/site-packages/airflow/example_dags/example_skip_dag.py took 0.359 seconds
[2024-08-09T01:50:24.708+0000] {processor.py:161} INFO - Started process (PID=1844) to work on /home/airflow/.local/lib/python3.12/site-packages/airflow/example_dags/example_skip_dag.py
[2024-08-09T01:50:24.713+0000] {processor.py:830} INFO - Processing file /home/airflow/.local/lib/python3.12/site-packages/airflow/example_dags/example_skip_dag.py for tasks to queue
[2024-08-09T01:50:24.728+0000] {logging_mixin.py:188} INFO - [2024-08-09T01:50:24.725+0000] {dagbag.py:545} INFO - Filling up the DagBag from /home/airflow/.local/lib/python3.12/site-packages/airflow/example_dags/example_skip_dag.py
[2024-08-09T01:50:24.760+0000] {processor.py:840} INFO - DAG(s) 'example_skip_dag' retrieved from /home/airflow/.local/lib/python3.12/site-packages/airflow/example_dags/example_skip_dag.py
[2024-08-09T01:50:26.657+0000] {logging_mixin.py:188} INFO - [2024-08-09T01:50:26.656+0000] {dag.py:3089} INFO - Sync 1 DAGs
[2024-08-09T01:50:26.717+0000] {logging_mixin.py:188} INFO - [2024-08-09T01:50:26.717+0000] {dag.py:3947} INFO - Setting next_dagrun for example_skip_dag to 2024-08-08 00:00:00+00:00, run_after=2024-08-09 00:00:00+00:00
[2024-08-09T01:50:26.776+0000] {processor.py:183} INFO - Processing /home/airflow/.local/lib/python3.12/site-packages/airflow/example_dags/example_skip_dag.py took 2.118 seconds
[2024-08-09T01:50:57.245+0000] {processor.py:161} INFO - Started process (PID=1902) to work on /home/airflow/.local/lib/python3.12/site-packages/airflow/example_dags/example_skip_dag.py
[2024-08-09T01:50:57.260+0000] {processor.py:830} INFO - Processing file /home/airflow/.local/lib/python3.12/site-packages/airflow/example_dags/example_skip_dag.py for tasks to queue
[2024-08-09T01:50:57.274+0000] {logging_mixin.py:188} INFO - [2024-08-09T01:50:57.271+0000] {dagbag.py:545} INFO - Filling up the DagBag from /home/airflow/.local/lib/python3.12/site-packages/airflow/example_dags/example_skip_dag.py
[2024-08-09T01:50:57.310+0000] {processor.py:840} INFO - DAG(s) 'example_skip_dag' retrieved from /home/airflow/.local/lib/python3.12/site-packages/airflow/example_dags/example_skip_dag.py
[2024-08-09T01:50:57.488+0000] {logging_mixin.py:188} INFO - [2024-08-09T01:50:57.488+0000] {dag.py:3089} INFO - Sync 1 DAGs
[2024-08-09T01:50:57.618+0000] {logging_mixin.py:188} INFO - [2024-08-09T01:50:57.617+0000] {dag.py:3947} INFO - Setting next_dagrun for example_skip_dag to 2024-08-08 00:00:00+00:00, run_after=2024-08-09 00:00:00+00:00
[2024-08-09T01:50:57.722+0000] {processor.py:183} INFO - Processing /home/airflow/.local/lib/python3.12/site-packages/airflow/example_dags/example_skip_dag.py took 0.547 seconds
[2024-08-09T01:51:28.311+0000] {processor.py:161} INFO - Started process (PID=1959) to work on /home/airflow/.local/lib/python3.12/site-packages/airflow/example_dags/example_skip_dag.py
[2024-08-09T01:51:28.315+0000] {processor.py:830} INFO - Processing file /home/airflow/.local/lib/python3.12/site-packages/airflow/example_dags/example_skip_dag.py for tasks to queue
[2024-08-09T01:51:28.319+0000] {logging_mixin.py:188} INFO - [2024-08-09T01:51:28.318+0000] {dagbag.py:545} INFO - Filling up the DagBag from /home/airflow/.local/lib/python3.12/site-packages/airflow/example_dags/example_skip_dag.py
[2024-08-09T01:51:28.345+0000] {processor.py:840} INFO - DAG(s) 'example_skip_dag' retrieved from /home/airflow/.local/lib/python3.12/site-packages/airflow/example_dags/example_skip_dag.py
[2024-08-09T01:51:28.415+0000] {logging_mixin.py:188} INFO - [2024-08-09T01:51:28.414+0000] {dag.py:3089} INFO - Sync 1 DAGs
[2024-08-09T01:51:28.457+0000] {logging_mixin.py:188} INFO - [2024-08-09T01:51:28.457+0000] {dag.py:3947} INFO - Setting next_dagrun for example_skip_dag to 2024-08-08 00:00:00+00:00, run_after=2024-08-09 00:00:00+00:00
[2024-08-09T01:51:28.484+0000] {processor.py:183} INFO - Processing /home/airflow/.local/lib/python3.12/site-packages/airflow/example_dags/example_skip_dag.py took 0.191 seconds
[2024-08-09T01:51:58.700+0000] {processor.py:161} INFO - Started process (PID=2017) to work on /home/airflow/.local/lib/python3.12/site-packages/airflow/example_dags/example_skip_dag.py
[2024-08-09T01:51:58.706+0000] {processor.py:830} INFO - Processing file /home/airflow/.local/lib/python3.12/site-packages/airflow/example_dags/example_skip_dag.py for tasks to queue
[2024-08-09T01:51:58.726+0000] {logging_mixin.py:188} INFO - [2024-08-09T01:51:58.721+0000] {dagbag.py:545} INFO - Filling up the DagBag from /home/airflow/.local/lib/python3.12/site-packages/airflow/example_dags/example_skip_dag.py
[2024-08-09T01:51:58.771+0000] {processor.py:840} INFO - DAG(s) 'example_skip_dag' retrieved from /home/airflow/.local/lib/python3.12/site-packages/airflow/example_dags/example_skip_dag.py
[2024-08-09T01:51:58.947+0000] {logging_mixin.py:188} INFO - [2024-08-09T01:51:58.947+0000] {dag.py:3089} INFO - Sync 1 DAGs
[2024-08-09T01:51:59.110+0000] {logging_mixin.py:188} INFO - [2024-08-09T01:51:59.109+0000] {dag.py:3947} INFO - Setting next_dagrun for example_skip_dag to 2024-08-08 00:00:00+00:00, run_after=2024-08-09 00:00:00+00:00
[2024-08-09T01:51:59.165+0000] {processor.py:183} INFO - Processing /home/airflow/.local/lib/python3.12/site-packages/airflow/example_dags/example_skip_dag.py took 0.525 seconds
[2024-08-09T01:52:29.796+0000] {processor.py:161} INFO - Started process (PID=2075) to work on /home/airflow/.local/lib/python3.12/site-packages/airflow/example_dags/example_skip_dag.py
[2024-08-09T01:52:29.800+0000] {processor.py:830} INFO - Processing file /home/airflow/.local/lib/python3.12/site-packages/airflow/example_dags/example_skip_dag.py for tasks to queue
[2024-08-09T01:52:29.807+0000] {logging_mixin.py:188} INFO - [2024-08-09T01:52:29.806+0000] {dagbag.py:545} INFO - Filling up the DagBag from /home/airflow/.local/lib/python3.12/site-packages/airflow/example_dags/example_skip_dag.py
[2024-08-09T01:52:29.828+0000] {processor.py:840} INFO - DAG(s) 'example_skip_dag' retrieved from /home/airflow/.local/lib/python3.12/site-packages/airflow/example_dags/example_skip_dag.py
[2024-08-09T01:52:29.992+0000] {logging_mixin.py:188} INFO - [2024-08-09T01:52:29.992+0000] {dag.py:3089} INFO - Sync 1 DAGs
[2024-08-09T01:52:30.076+0000] {logging_mixin.py:188} INFO - [2024-08-09T01:52:30.075+0000] {dag.py:3947} INFO - Setting next_dagrun for example_skip_dag to 2024-08-08 00:00:00+00:00, run_after=2024-08-09 00:00:00+00:00
[2024-08-09T01:52:30.160+0000] {processor.py:183} INFO - Processing /home/airflow/.local/lib/python3.12/site-packages/airflow/example_dags/example_skip_dag.py took 0.388 seconds
[2024-08-09T01:53:00.721+0000] {processor.py:161} INFO - Started process (PID=2132) to work on /home/airflow/.local/lib/python3.12/site-packages/airflow/example_dags/example_skip_dag.py
[2024-08-09T01:53:00.730+0000] {processor.py:830} INFO - Processing file /home/airflow/.local/lib/python3.12/site-packages/airflow/example_dags/example_skip_dag.py for tasks to queue
[2024-08-09T01:53:00.742+0000] {logging_mixin.py:188} INFO - [2024-08-09T01:53:00.740+0000] {dagbag.py:545} INFO - Filling up the DagBag from /home/airflow/.local/lib/python3.12/site-packages/airflow/example_dags/example_skip_dag.py
[2024-08-09T01:53:00.771+0000] {processor.py:840} INFO - DAG(s) 'example_skip_dag' retrieved from /home/airflow/.local/lib/python3.12/site-packages/airflow/example_dags/example_skip_dag.py
[2024-08-09T01:53:00.871+0000] {logging_mixin.py:188} INFO - [2024-08-09T01:53:00.870+0000] {dag.py:3089} INFO - Sync 1 DAGs
[2024-08-09T01:53:00.927+0000] {logging_mixin.py:188} INFO - [2024-08-09T01:53:00.927+0000] {dag.py:3947} INFO - Setting next_dagrun for example_skip_dag to 2024-08-08 00:00:00+00:00, run_after=2024-08-09 00:00:00+00:00
[2024-08-09T01:53:00.980+0000] {processor.py:183} INFO - Processing /home/airflow/.local/lib/python3.12/site-packages/airflow/example_dags/example_skip_dag.py took 0.345 seconds
[2024-08-09T01:53:37.131+0000] {processor.py:161} INFO - Started process (PID=2190) to work on /home/airflow/.local/lib/python3.12/site-packages/airflow/example_dags/example_skip_dag.py
[2024-08-09T01:53:37.140+0000] {processor.py:830} INFO - Processing file /home/airflow/.local/lib/python3.12/site-packages/airflow/example_dags/example_skip_dag.py for tasks to queue
[2024-08-09T01:53:37.163+0000] {logging_mixin.py:188} INFO - [2024-08-09T01:53:37.155+0000] {dagbag.py:545} INFO - Filling up the DagBag from /home/airflow/.local/lib/python3.12/site-packages/airflow/example_dags/example_skip_dag.py
[2024-08-09T01:53:37.254+0000] {processor.py:840} INFO - DAG(s) 'example_skip_dag' retrieved from /home/airflow/.local/lib/python3.12/site-packages/airflow/example_dags/example_skip_dag.py
[2024-08-09T01:53:37.404+0000] {logging_mixin.py:188} INFO - [2024-08-09T01:53:37.403+0000] {dag.py:3089} INFO - Sync 1 DAGs
[2024-08-09T01:53:37.547+0000] {logging_mixin.py:188} INFO - [2024-08-09T01:53:37.544+0000] {dag.py:3947} INFO - Setting next_dagrun for example_skip_dag to 2024-08-08 00:00:00+00:00, run_after=2024-08-09 00:00:00+00:00
[2024-08-09T01:53:37.719+0000] {processor.py:183} INFO - Processing /home/airflow/.local/lib/python3.12/site-packages/airflow/example_dags/example_skip_dag.py took 0.696 seconds
[2024-08-09T01:54:08.687+0000] {processor.py:161} INFO - Started process (PID=2248) to work on /home/airflow/.local/lib/python3.12/site-packages/airflow/example_dags/example_skip_dag.py
[2024-08-09T01:54:08.690+0000] {processor.py:830} INFO - Processing file /home/airflow/.local/lib/python3.12/site-packages/airflow/example_dags/example_skip_dag.py for tasks to queue
[2024-08-09T01:54:08.698+0000] {logging_mixin.py:188} INFO - [2024-08-09T01:54:08.697+0000] {dagbag.py:545} INFO - Filling up the DagBag from /home/airflow/.local/lib/python3.12/site-packages/airflow/example_dags/example_skip_dag.py
[2024-08-09T01:54:08.734+0000] {processor.py:840} INFO - DAG(s) 'example_skip_dag' retrieved from /home/airflow/.local/lib/python3.12/site-packages/airflow/example_dags/example_skip_dag.py
[2024-08-09T01:54:08.959+0000] {logging_mixin.py:188} INFO - [2024-08-09T01:54:08.956+0000] {dag.py:3089} INFO - Sync 1 DAGs
[2024-08-09T01:54:09.108+0000] {logging_mixin.py:188} INFO - [2024-08-09T01:54:09.108+0000] {dag.py:3947} INFO - Setting next_dagrun for example_skip_dag to 2024-08-08 00:00:00+00:00, run_after=2024-08-09 00:00:00+00:00
[2024-08-09T01:54:09.237+0000] {processor.py:183} INFO - Processing /home/airflow/.local/lib/python3.12/site-packages/airflow/example_dags/example_skip_dag.py took 0.586 seconds
[2024-08-09T01:54:39.725+0000] {processor.py:161} INFO - Started process (PID=2306) to work on /home/airflow/.local/lib/python3.12/site-packages/airflow/example_dags/example_skip_dag.py
[2024-08-09T01:54:39.729+0000] {processor.py:830} INFO - Processing file /home/airflow/.local/lib/python3.12/site-packages/airflow/example_dags/example_skip_dag.py for tasks to queue
[2024-08-09T01:54:39.733+0000] {logging_mixin.py:188} INFO - [2024-08-09T01:54:39.733+0000] {dagbag.py:545} INFO - Filling up the DagBag from /home/airflow/.local/lib/python3.12/site-packages/airflow/example_dags/example_skip_dag.py
[2024-08-09T01:54:39.748+0000] {processor.py:840} INFO - DAG(s) 'example_skip_dag' retrieved from /home/airflow/.local/lib/python3.12/site-packages/airflow/example_dags/example_skip_dag.py
[2024-08-09T01:54:39.796+0000] {logging_mixin.py:188} INFO - [2024-08-09T01:54:39.796+0000] {dag.py:3089} INFO - Sync 1 DAGs
[2024-08-09T01:54:39.836+0000] {logging_mixin.py:188} INFO - [2024-08-09T01:54:39.836+0000] {dag.py:3947} INFO - Setting next_dagrun for example_skip_dag to 2024-08-08 00:00:00+00:00, run_after=2024-08-09 00:00:00+00:00
[2024-08-09T01:54:39.882+0000] {processor.py:183} INFO - Processing /home/airflow/.local/lib/python3.12/site-packages/airflow/example_dags/example_skip_dag.py took 0.178 seconds
[2024-08-09T01:55:10.003+0000] {processor.py:161} INFO - Started process (PID=2364) to work on /home/airflow/.local/lib/python3.12/site-packages/airflow/example_dags/example_skip_dag.py
[2024-08-09T01:55:10.007+0000] {processor.py:830} INFO - Processing file /home/airflow/.local/lib/python3.12/site-packages/airflow/example_dags/example_skip_dag.py for tasks to queue
[2024-08-09T01:55:10.012+0000] {logging_mixin.py:188} INFO - [2024-08-09T01:55:10.011+0000] {dagbag.py:545} INFO - Filling up the DagBag from /home/airflow/.local/lib/python3.12/site-packages/airflow/example_dags/example_skip_dag.py
[2024-08-09T01:55:10.028+0000] {processor.py:840} INFO - DAG(s) 'example_skip_dag' retrieved from /home/airflow/.local/lib/python3.12/site-packages/airflow/example_dags/example_skip_dag.py
[2024-08-09T01:55:10.084+0000] {logging_mixin.py:188} INFO - [2024-08-09T01:55:10.084+0000] {dag.py:3089} INFO - Sync 1 DAGs
[2024-08-09T01:55:10.126+0000] {logging_mixin.py:188} INFO - [2024-08-09T01:55:10.125+0000] {dag.py:3947} INFO - Setting next_dagrun for example_skip_dag to 2024-08-08 00:00:00+00:00, run_after=2024-08-09 00:00:00+00:00
[2024-08-09T01:55:10.163+0000] {processor.py:183} INFO - Processing /home/airflow/.local/lib/python3.12/site-packages/airflow/example_dags/example_skip_dag.py took 0.178 seconds
[2024-08-09T01:55:40.327+0000] {processor.py:161} INFO - Started process (PID=2422) to work on /home/airflow/.local/lib/python3.12/site-packages/airflow/example_dags/example_skip_dag.py
[2024-08-09T01:55:40.330+0000] {processor.py:830} INFO - Processing file /home/airflow/.local/lib/python3.12/site-packages/airflow/example_dags/example_skip_dag.py for tasks to queue
[2024-08-09T01:55:40.335+0000] {logging_mixin.py:188} INFO - [2024-08-09T01:55:40.334+0000] {dagbag.py:545} INFO - Filling up the DagBag from /home/airflow/.local/lib/python3.12/site-packages/airflow/example_dags/example_skip_dag.py
[2024-08-09T01:55:40.350+0000] {processor.py:840} INFO - DAG(s) 'example_skip_dag' retrieved from /home/airflow/.local/lib/python3.12/site-packages/airflow/example_dags/example_skip_dag.py
[2024-08-09T01:55:40.396+0000] {logging_mixin.py:188} INFO - [2024-08-09T01:55:40.396+0000] {dag.py:3089} INFO - Sync 1 DAGs
[2024-08-09T01:55:40.432+0000] {logging_mixin.py:188} INFO - [2024-08-09T01:55:40.432+0000] {dag.py:3947} INFO - Setting next_dagrun for example_skip_dag to 2024-08-08 00:00:00+00:00, run_after=2024-08-09 00:00:00+00:00
[2024-08-09T01:55:40.460+0000] {processor.py:183} INFO - Processing /home/airflow/.local/lib/python3.12/site-packages/airflow/example_dags/example_skip_dag.py took 0.148 seconds
[2024-08-09T01:56:10.568+0000] {processor.py:161} INFO - Started process (PID=2478) to work on /home/airflow/.local/lib/python3.12/site-packages/airflow/example_dags/example_skip_dag.py
[2024-08-09T01:56:10.574+0000] {processor.py:830} INFO - Processing file /home/airflow/.local/lib/python3.12/site-packages/airflow/example_dags/example_skip_dag.py for tasks to queue
[2024-08-09T01:56:10.582+0000] {logging_mixin.py:188} INFO - [2024-08-09T01:56:10.581+0000] {dagbag.py:545} INFO - Filling up the DagBag from /home/airflow/.local/lib/python3.12/site-packages/airflow/example_dags/example_skip_dag.py
[2024-08-09T01:56:10.606+0000] {processor.py:840} INFO - DAG(s) 'example_skip_dag' retrieved from /home/airflow/.local/lib/python3.12/site-packages/airflow/example_dags/example_skip_dag.py
[2024-08-09T01:56:10.666+0000] {logging_mixin.py:188} INFO - [2024-08-09T01:56:10.665+0000] {dag.py:3089} INFO - Sync 1 DAGs
[2024-08-09T01:56:10.707+0000] {logging_mixin.py:188} INFO - [2024-08-09T01:56:10.707+0000] {dag.py:3947} INFO - Setting next_dagrun for example_skip_dag to 2024-08-08 00:00:00+00:00, run_after=2024-08-09 00:00:00+00:00
[2024-08-09T01:56:10.770+0000] {processor.py:183} INFO - Processing /home/airflow/.local/lib/python3.12/site-packages/airflow/example_dags/example_skip_dag.py took 0.231 seconds
[2024-08-09T01:56:41.639+0000] {processor.py:161} INFO - Started process (PID=2536) to work on /home/airflow/.local/lib/python3.12/site-packages/airflow/example_dags/example_skip_dag.py
[2024-08-09T01:56:41.642+0000] {processor.py:830} INFO - Processing file /home/airflow/.local/lib/python3.12/site-packages/airflow/example_dags/example_skip_dag.py for tasks to queue
[2024-08-09T01:56:41.650+0000] {logging_mixin.py:188} INFO - [2024-08-09T01:56:41.649+0000] {dagbag.py:545} INFO - Filling up the DagBag from /home/airflow/.local/lib/python3.12/site-packages/airflow/example_dags/example_skip_dag.py
[2024-08-09T01:56:41.705+0000] {processor.py:840} INFO - DAG(s) 'example_skip_dag' retrieved from /home/airflow/.local/lib/python3.12/site-packages/airflow/example_dags/example_skip_dag.py
[2024-08-09T01:56:41.839+0000] {logging_mixin.py:188} INFO - [2024-08-09T01:56:41.838+0000] {dag.py:3089} INFO - Sync 1 DAGs
[2024-08-09T01:56:41.915+0000] {logging_mixin.py:188} INFO - [2024-08-09T01:56:41.914+0000] {dag.py:3947} INFO - Setting next_dagrun for example_skip_dag to 2024-08-08 00:00:00+00:00, run_after=2024-08-09 00:00:00+00:00
[2024-08-09T01:56:41.961+0000] {processor.py:183} INFO - Processing /home/airflow/.local/lib/python3.12/site-packages/airflow/example_dags/example_skip_dag.py took 0.339 seconds
[2024-08-09T01:57:12.292+0000] {processor.py:161} INFO - Started process (PID=2594) to work on /home/airflow/.local/lib/python3.12/site-packages/airflow/example_dags/example_skip_dag.py
[2024-08-09T01:57:12.308+0000] {processor.py:830} INFO - Processing file /home/airflow/.local/lib/python3.12/site-packages/airflow/example_dags/example_skip_dag.py for tasks to queue
[2024-08-09T01:57:12.365+0000] {logging_mixin.py:188} INFO - [2024-08-09T01:57:12.359+0000] {dagbag.py:545} INFO - Filling up the DagBag from /home/airflow/.local/lib/python3.12/site-packages/airflow/example_dags/example_skip_dag.py
[2024-08-09T01:57:12.428+0000] {processor.py:840} INFO - DAG(s) 'example_skip_dag' retrieved from /home/airflow/.local/lib/python3.12/site-packages/airflow/example_dags/example_skip_dag.py
[2024-08-09T01:57:12.632+0000] {logging_mixin.py:188} INFO - [2024-08-09T01:57:12.632+0000] {dag.py:3089} INFO - Sync 1 DAGs
[2024-08-09T01:57:12.903+0000] {logging_mixin.py:188} INFO - [2024-08-09T01:57:12.903+0000] {dag.py:3947} INFO - Setting next_dagrun for example_skip_dag to 2024-08-08 00:00:00+00:00, run_after=2024-08-09 00:00:00+00:00
[2024-08-09T01:57:13.182+0000] {processor.py:183} INFO - Processing /home/airflow/.local/lib/python3.12/site-packages/airflow/example_dags/example_skip_dag.py took 0.967 seconds
[2024-08-09T01:57:43.469+0000] {processor.py:161} INFO - Started process (PID=2652) to work on /home/airflow/.local/lib/python3.12/site-packages/airflow/example_dags/example_skip_dag.py
[2024-08-09T01:57:43.472+0000] {processor.py:830} INFO - Processing file /home/airflow/.local/lib/python3.12/site-packages/airflow/example_dags/example_skip_dag.py for tasks to queue
[2024-08-09T01:57:43.490+0000] {logging_mixin.py:188} INFO - [2024-08-09T01:57:43.487+0000] {dagbag.py:545} INFO - Filling up the DagBag from /home/airflow/.local/lib/python3.12/site-packages/airflow/example_dags/example_skip_dag.py
[2024-08-09T01:57:43.544+0000] {processor.py:840} INFO - DAG(s) 'example_skip_dag' retrieved from /home/airflow/.local/lib/python3.12/site-packages/airflow/example_dags/example_skip_dag.py
[2024-08-09T01:57:43.675+0000] {logging_mixin.py:188} INFO - [2024-08-09T01:57:43.675+0000] {dag.py:3089} INFO - Sync 1 DAGs
[2024-08-09T01:57:43.763+0000] {logging_mixin.py:188} INFO - [2024-08-09T01:57:43.763+0000] {dag.py:3947} INFO - Setting next_dagrun for example_skip_dag to 2024-08-08 00:00:00+00:00, run_after=2024-08-09 00:00:00+00:00
[2024-08-09T01:57:43.842+0000] {processor.py:183} INFO - Processing /home/airflow/.local/lib/python3.12/site-packages/airflow/example_dags/example_skip_dag.py took 0.430 seconds
[2024-08-09T01:58:14.358+0000] {processor.py:161} INFO - Started process (PID=2710) to work on /home/airflow/.local/lib/python3.12/site-packages/airflow/example_dags/example_skip_dag.py
[2024-08-09T01:58:14.365+0000] {processor.py:830} INFO - Processing file /home/airflow/.local/lib/python3.12/site-packages/airflow/example_dags/example_skip_dag.py for tasks to queue
[2024-08-09T01:58:14.374+0000] {logging_mixin.py:188} INFO - [2024-08-09T01:58:14.373+0000] {dagbag.py:545} INFO - Filling up the DagBag from /home/airflow/.local/lib/python3.12/site-packages/airflow/example_dags/example_skip_dag.py
[2024-08-09T01:58:14.429+0000] {processor.py:840} INFO - DAG(s) 'example_skip_dag' retrieved from /home/airflow/.local/lib/python3.12/site-packages/airflow/example_dags/example_skip_dag.py
[2024-08-09T01:58:14.560+0000] {logging_mixin.py:188} INFO - [2024-08-09T01:58:14.560+0000] {dag.py:3089} INFO - Sync 1 DAGs
[2024-08-09T01:58:14.633+0000] {logging_mixin.py:188} INFO - [2024-08-09T01:58:14.633+0000] {dag.py:3947} INFO - Setting next_dagrun for example_skip_dag to 2024-08-08 00:00:00+00:00, run_after=2024-08-09 00:00:00+00:00
[2024-08-09T01:58:14.721+0000] {processor.py:183} INFO - Processing /home/airflow/.local/lib/python3.12/site-packages/airflow/example_dags/example_skip_dag.py took 0.444 seconds
[2024-08-09T01:58:44.848+0000] {processor.py:161} INFO - Started process (PID=2766) to work on /home/airflow/.local/lib/python3.12/site-packages/airflow/example_dags/example_skip_dag.py
[2024-08-09T01:58:44.852+0000] {processor.py:830} INFO - Processing file /home/airflow/.local/lib/python3.12/site-packages/airflow/example_dags/example_skip_dag.py for tasks to queue
[2024-08-09T01:58:44.857+0000] {logging_mixin.py:188} INFO - [2024-08-09T01:58:44.856+0000] {dagbag.py:545} INFO - Filling up the DagBag from /home/airflow/.local/lib/python3.12/site-packages/airflow/example_dags/example_skip_dag.py
[2024-08-09T01:58:44.880+0000] {processor.py:840} INFO - DAG(s) 'example_skip_dag' retrieved from /home/airflow/.local/lib/python3.12/site-packages/airflow/example_dags/example_skip_dag.py
[2024-08-09T01:58:44.956+0000] {logging_mixin.py:188} INFO - [2024-08-09T01:58:44.956+0000] {dag.py:3089} INFO - Sync 1 DAGs
[2024-08-09T01:58:45.006+0000] {logging_mixin.py:188} INFO - [2024-08-09T01:58:45.006+0000] {dag.py:3947} INFO - Setting next_dagrun for example_skip_dag to 2024-08-08 00:00:00+00:00, run_after=2024-08-09 00:00:00+00:00
[2024-08-09T01:58:45.046+0000] {processor.py:183} INFO - Processing /home/airflow/.local/lib/python3.12/site-packages/airflow/example_dags/example_skip_dag.py took 0.222 seconds
[2024-08-09T01:59:15.482+0000] {processor.py:161} INFO - Started process (PID=2823) to work on /home/airflow/.local/lib/python3.12/site-packages/airflow/example_dags/example_skip_dag.py
[2024-08-09T01:59:15.487+0000] {processor.py:830} INFO - Processing file /home/airflow/.local/lib/python3.12/site-packages/airflow/example_dags/example_skip_dag.py for tasks to queue
[2024-08-09T01:59:15.506+0000] {logging_mixin.py:188} INFO - [2024-08-09T01:59:15.502+0000] {dagbag.py:545} INFO - Filling up the DagBag from /home/airflow/.local/lib/python3.12/site-packages/airflow/example_dags/example_skip_dag.py
[2024-08-09T01:59:15.556+0000] {processor.py:840} INFO - DAG(s) 'example_skip_dag' retrieved from /home/airflow/.local/lib/python3.12/site-packages/airflow/example_dags/example_skip_dag.py
[2024-08-09T01:59:15.872+0000] {logging_mixin.py:188} INFO - [2024-08-09T01:59:15.872+0000] {dag.py:3089} INFO - Sync 1 DAGs
[2024-08-09T01:59:16.049+0000] {logging_mixin.py:188} INFO - [2024-08-09T01:59:16.049+0000] {dag.py:3947} INFO - Setting next_dagrun for example_skip_dag to 2024-08-08 00:00:00+00:00, run_after=2024-08-09 00:00:00+00:00
[2024-08-09T01:59:16.228+0000] {processor.py:183} INFO - Processing /home/airflow/.local/lib/python3.12/site-packages/airflow/example_dags/example_skip_dag.py took 0.811 seconds
[2024-08-09T01:59:46.952+0000] {processor.py:161} INFO - Started process (PID=2881) to work on /home/airflow/.local/lib/python3.12/site-packages/airflow/example_dags/example_skip_dag.py
[2024-08-09T01:59:46.957+0000] {processor.py:830} INFO - Processing file /home/airflow/.local/lib/python3.12/site-packages/airflow/example_dags/example_skip_dag.py for tasks to queue
[2024-08-09T01:59:46.963+0000] {logging_mixin.py:188} INFO - [2024-08-09T01:59:46.963+0000] {dagbag.py:545} INFO - Filling up the DagBag from /home/airflow/.local/lib/python3.12/site-packages/airflow/example_dags/example_skip_dag.py
[2024-08-09T01:59:46.984+0000] {processor.py:840} INFO - DAG(s) 'example_skip_dag' retrieved from /home/airflow/.local/lib/python3.12/site-packages/airflow/example_dags/example_skip_dag.py
[2024-08-09T01:59:47.052+0000] {logging_mixin.py:188} INFO - [2024-08-09T01:59:47.052+0000] {dag.py:3089} INFO - Sync 1 DAGs
[2024-08-09T01:59:47.098+0000] {logging_mixin.py:188} INFO - [2024-08-09T01:59:47.097+0000] {dag.py:3947} INFO - Setting next_dagrun for example_skip_dag to 2024-08-08 00:00:00+00:00, run_after=2024-08-09 00:00:00+00:00
[2024-08-09T01:59:47.138+0000] {processor.py:183} INFO - Processing /home/airflow/.local/lib/python3.12/site-packages/airflow/example_dags/example_skip_dag.py took 0.214 seconds
[2024-08-09T02:00:17.378+0000] {processor.py:161} INFO - Started process (PID=2938) to work on /home/airflow/.local/lib/python3.12/site-packages/airflow/example_dags/example_skip_dag.py
[2024-08-09T02:00:17.380+0000] {processor.py:830} INFO - Processing file /home/airflow/.local/lib/python3.12/site-packages/airflow/example_dags/example_skip_dag.py for tasks to queue
[2024-08-09T02:00:17.385+0000] {logging_mixin.py:188} INFO - [2024-08-09T02:00:17.384+0000] {dagbag.py:545} INFO - Filling up the DagBag from /home/airflow/.local/lib/python3.12/site-packages/airflow/example_dags/example_skip_dag.py
[2024-08-09T02:00:17.412+0000] {processor.py:840} INFO - DAG(s) 'example_skip_dag' retrieved from /home/airflow/.local/lib/python3.12/site-packages/airflow/example_dags/example_skip_dag.py
[2024-08-09T02:00:17.486+0000] {logging_mixin.py:188} INFO - [2024-08-09T02:00:17.486+0000] {dag.py:3089} INFO - Sync 1 DAGs
[2024-08-09T02:00:17.538+0000] {logging_mixin.py:188} INFO - [2024-08-09T02:00:17.537+0000] {dag.py:3947} INFO - Setting next_dagrun for example_skip_dag to 2024-08-08 00:00:00+00:00, run_after=2024-08-09 00:00:00+00:00
[2024-08-09T02:00:17.572+0000] {processor.py:183} INFO - Processing /home/airflow/.local/lib/python3.12/site-packages/airflow/example_dags/example_skip_dag.py took 0.212 seconds
[2024-08-09T02:00:48.567+0000] {processor.py:161} INFO - Started process (PID=2996) to work on /home/airflow/.local/lib/python3.12/site-packages/airflow/example_dags/example_skip_dag.py
[2024-08-09T02:00:48.571+0000] {processor.py:830} INFO - Processing file /home/airflow/.local/lib/python3.12/site-packages/airflow/example_dags/example_skip_dag.py for tasks to queue
[2024-08-09T02:00:48.578+0000] {logging_mixin.py:188} INFO - [2024-08-09T02:00:48.577+0000] {dagbag.py:545} INFO - Filling up the DagBag from /home/airflow/.local/lib/python3.12/site-packages/airflow/example_dags/example_skip_dag.py
[2024-08-09T02:00:48.601+0000] {processor.py:840} INFO - DAG(s) 'example_skip_dag' retrieved from /home/airflow/.local/lib/python3.12/site-packages/airflow/example_dags/example_skip_dag.py
[2024-08-09T02:00:48.665+0000] {logging_mixin.py:188} INFO - [2024-08-09T02:00:48.665+0000] {dag.py:3089} INFO - Sync 1 DAGs
[2024-08-09T02:00:48.723+0000] {logging_mixin.py:188} INFO - [2024-08-09T02:00:48.722+0000] {dag.py:3947} INFO - Setting next_dagrun for example_skip_dag to 2024-08-08 00:00:00+00:00, run_after=2024-08-09 00:00:00+00:00
[2024-08-09T02:00:48.783+0000] {processor.py:183} INFO - Processing /home/airflow/.local/lib/python3.12/site-packages/airflow/example_dags/example_skip_dag.py took 0.252 seconds
[2024-08-09T02:01:19.112+0000] {processor.py:161} INFO - Started process (PID=3054) to work on /home/airflow/.local/lib/python3.12/site-packages/airflow/example_dags/example_skip_dag.py
[2024-08-09T02:01:19.115+0000] {processor.py:830} INFO - Processing file /home/airflow/.local/lib/python3.12/site-packages/airflow/example_dags/example_skip_dag.py for tasks to queue
[2024-08-09T02:01:19.123+0000] {logging_mixin.py:188} INFO - [2024-08-09T02:01:19.121+0000] {dagbag.py:545} INFO - Filling up the DagBag from /home/airflow/.local/lib/python3.12/site-packages/airflow/example_dags/example_skip_dag.py
[2024-08-09T02:01:19.142+0000] {processor.py:840} INFO - DAG(s) 'example_skip_dag' retrieved from /home/airflow/.local/lib/python3.12/site-packages/airflow/example_dags/example_skip_dag.py
[2024-08-09T02:01:19.207+0000] {logging_mixin.py:188} INFO - [2024-08-09T02:01:19.207+0000] {dag.py:3089} INFO - Sync 1 DAGs
[2024-08-09T02:01:19.248+0000] {logging_mixin.py:188} INFO - [2024-08-09T02:01:19.248+0000] {dag.py:3947} INFO - Setting next_dagrun for example_skip_dag to 2024-08-08 00:00:00+00:00, run_after=2024-08-09 00:00:00+00:00
[2024-08-09T02:01:19.290+0000] {processor.py:183} INFO - Processing /home/airflow/.local/lib/python3.12/site-packages/airflow/example_dags/example_skip_dag.py took 0.205 seconds
[2024-08-09T02:01:49.774+0000] {processor.py:161} INFO - Started process (PID=3110) to work on /home/airflow/.local/lib/python3.12/site-packages/airflow/example_dags/example_skip_dag.py
[2024-08-09T02:01:49.777+0000] {processor.py:830} INFO - Processing file /home/airflow/.local/lib/python3.12/site-packages/airflow/example_dags/example_skip_dag.py for tasks to queue
[2024-08-09T02:01:49.781+0000] {logging_mixin.py:188} INFO - [2024-08-09T02:01:49.781+0000] {dagbag.py:545} INFO - Filling up the DagBag from /home/airflow/.local/lib/python3.12/site-packages/airflow/example_dags/example_skip_dag.py
[2024-08-09T02:01:49.799+0000] {processor.py:840} INFO - DAG(s) 'example_skip_dag' retrieved from /home/airflow/.local/lib/python3.12/site-packages/airflow/example_dags/example_skip_dag.py
[2024-08-09T02:01:49.847+0000] {logging_mixin.py:188} INFO - [2024-08-09T02:01:49.847+0000] {dag.py:3089} INFO - Sync 1 DAGs
[2024-08-09T02:01:49.884+0000] {logging_mixin.py:188} INFO - [2024-08-09T02:01:49.884+0000] {dag.py:3947} INFO - Setting next_dagrun for example_skip_dag to 2024-08-08 00:00:00+00:00, run_after=2024-08-09 00:00:00+00:00
[2024-08-09T02:01:49.921+0000] {processor.py:183} INFO - Processing /home/airflow/.local/lib/python3.12/site-packages/airflow/example_dags/example_skip_dag.py took 0.163 seconds
[2024-08-09T02:02:19.980+0000] {processor.py:161} INFO - Started process (PID=3168) to work on /home/airflow/.local/lib/python3.12/site-packages/airflow/example_dags/example_skip_dag.py
[2024-08-09T02:02:19.983+0000] {processor.py:830} INFO - Processing file /home/airflow/.local/lib/python3.12/site-packages/airflow/example_dags/example_skip_dag.py for tasks to queue
[2024-08-09T02:02:19.988+0000] {logging_mixin.py:188} INFO - [2024-08-09T02:02:19.987+0000] {dagbag.py:545} INFO - Filling up the DagBag from /home/airflow/.local/lib/python3.12/site-packages/airflow/example_dags/example_skip_dag.py
[2024-08-09T02:02:20.006+0000] {processor.py:840} INFO - DAG(s) 'example_skip_dag' retrieved from /home/airflow/.local/lib/python3.12/site-packages/airflow/example_dags/example_skip_dag.py
[2024-08-09T02:02:20.073+0000] {logging_mixin.py:188} INFO - [2024-08-09T02:02:20.072+0000] {dag.py:3089} INFO - Sync 1 DAGs
[2024-08-09T02:02:20.121+0000] {logging_mixin.py:188} INFO - [2024-08-09T02:02:20.120+0000] {dag.py:3947} INFO - Setting next_dagrun for example_skip_dag to 2024-08-08 00:00:00+00:00, run_after=2024-08-09 00:00:00+00:00
[2024-08-09T02:02:20.162+0000] {processor.py:183} INFO - Processing /home/airflow/.local/lib/python3.12/site-packages/airflow/example_dags/example_skip_dag.py took 0.199 seconds
[2024-08-09T02:02:50.421+0000] {processor.py:161} INFO - Started process (PID=3226) to work on /home/airflow/.local/lib/python3.12/site-packages/airflow/example_dags/example_skip_dag.py
[2024-08-09T02:02:50.430+0000] {processor.py:830} INFO - Processing file /home/airflow/.local/lib/python3.12/site-packages/airflow/example_dags/example_skip_dag.py for tasks to queue
[2024-08-09T02:02:50.439+0000] {logging_mixin.py:188} INFO - [2024-08-09T02:02:50.439+0000] {dagbag.py:545} INFO - Filling up the DagBag from /home/airflow/.local/lib/python3.12/site-packages/airflow/example_dags/example_skip_dag.py
[2024-08-09T02:02:50.470+0000] {processor.py:840} INFO - DAG(s) 'example_skip_dag' retrieved from /home/airflow/.local/lib/python3.12/site-packages/airflow/example_dags/example_skip_dag.py
[2024-08-09T02:02:50.568+0000] {logging_mixin.py:188} INFO - [2024-08-09T02:02:50.568+0000] {dag.py:3089} INFO - Sync 1 DAGs
[2024-08-09T02:02:50.628+0000] {logging_mixin.py:188} INFO - [2024-08-09T02:02:50.628+0000] {dag.py:3947} INFO - Setting next_dagrun for example_skip_dag to 2024-08-08 00:00:00+00:00, run_after=2024-08-09 00:00:00+00:00
[2024-08-09T02:02:50.667+0000] {processor.py:183} INFO - Processing /home/airflow/.local/lib/python3.12/site-packages/airflow/example_dags/example_skip_dag.py took 0.271 seconds
[2024-08-09T02:03:20.946+0000] {processor.py:161} INFO - Started process (PID=3283) to work on /home/airflow/.local/lib/python3.12/site-packages/airflow/example_dags/example_skip_dag.py
[2024-08-09T02:03:20.954+0000] {processor.py:830} INFO - Processing file /home/airflow/.local/lib/python3.12/site-packages/airflow/example_dags/example_skip_dag.py for tasks to queue
[2024-08-09T02:03:20.960+0000] {logging_mixin.py:188} INFO - [2024-08-09T02:03:20.959+0000] {dagbag.py:545} INFO - Filling up the DagBag from /home/airflow/.local/lib/python3.12/site-packages/airflow/example_dags/example_skip_dag.py
[2024-08-09T02:03:20.976+0000] {processor.py:840} INFO - DAG(s) 'example_skip_dag' retrieved from /home/airflow/.local/lib/python3.12/site-packages/airflow/example_dags/example_skip_dag.py
[2024-08-09T02:03:21.034+0000] {logging_mixin.py:188} INFO - [2024-08-09T02:03:21.034+0000] {dag.py:3089} INFO - Sync 1 DAGs
[2024-08-09T02:03:21.078+0000] {logging_mixin.py:188} INFO - [2024-08-09T02:03:21.078+0000] {dag.py:3947} INFO - Setting next_dagrun for example_skip_dag to 2024-08-08 00:00:00+00:00, run_after=2024-08-09 00:00:00+00:00
[2024-08-09T02:03:21.140+0000] {processor.py:183} INFO - Processing /home/airflow/.local/lib/python3.12/site-packages/airflow/example_dags/example_skip_dag.py took 0.211 seconds
[2024-08-09T02:03:51.802+0000] {processor.py:161} INFO - Started process (PID=3340) to work on /home/airflow/.local/lib/python3.12/site-packages/airflow/example_dags/example_skip_dag.py
[2024-08-09T02:03:51.805+0000] {processor.py:830} INFO - Processing file /home/airflow/.local/lib/python3.12/site-packages/airflow/example_dags/example_skip_dag.py for tasks to queue
[2024-08-09T02:03:51.810+0000] {logging_mixin.py:188} INFO - [2024-08-09T02:03:51.809+0000] {dagbag.py:545} INFO - Filling up the DagBag from /home/airflow/.local/lib/python3.12/site-packages/airflow/example_dags/example_skip_dag.py
[2024-08-09T02:03:51.830+0000] {processor.py:840} INFO - DAG(s) 'example_skip_dag' retrieved from /home/airflow/.local/lib/python3.12/site-packages/airflow/example_dags/example_skip_dag.py
[2024-08-09T02:03:51.905+0000] {logging_mixin.py:188} INFO - [2024-08-09T02:03:51.905+0000] {dag.py:3089} INFO - Sync 1 DAGs
[2024-08-09T02:03:51.958+0000] {logging_mixin.py:188} INFO - [2024-08-09T02:03:51.958+0000] {dag.py:3947} INFO - Setting next_dagrun for example_skip_dag to 2024-08-08 00:00:00+00:00, run_after=2024-08-09 00:00:00+00:00
[2024-08-09T02:03:52.001+0000] {processor.py:183} INFO - Processing /home/airflow/.local/lib/python3.12/site-packages/airflow/example_dags/example_skip_dag.py took 0.216 seconds
[2024-08-09T02:04:22.120+0000] {processor.py:161} INFO - Started process (PID=3398) to work on /home/airflow/.local/lib/python3.12/site-packages/airflow/example_dags/example_skip_dag.py
[2024-08-09T02:04:22.122+0000] {processor.py:830} INFO - Processing file /home/airflow/.local/lib/python3.12/site-packages/airflow/example_dags/example_skip_dag.py for tasks to queue
[2024-08-09T02:04:22.127+0000] {logging_mixin.py:188} INFO - [2024-08-09T02:04:22.126+0000] {dagbag.py:545} INFO - Filling up the DagBag from /home/airflow/.local/lib/python3.12/site-packages/airflow/example_dags/example_skip_dag.py
[2024-08-09T02:04:22.142+0000] {processor.py:840} INFO - DAG(s) 'example_skip_dag' retrieved from /home/airflow/.local/lib/python3.12/site-packages/airflow/example_dags/example_skip_dag.py
[2024-08-09T02:04:22.197+0000] {logging_mixin.py:188} INFO - [2024-08-09T02:04:22.196+0000] {dag.py:3089} INFO - Sync 1 DAGs
[2024-08-09T02:04:22.234+0000] {logging_mixin.py:188} INFO - [2024-08-09T02:04:22.234+0000] {dag.py:3947} INFO - Setting next_dagrun for example_skip_dag to 2024-08-08 00:00:00+00:00, run_after=2024-08-09 00:00:00+00:00
[2024-08-09T02:04:22.266+0000] {processor.py:183} INFO - Processing /home/airflow/.local/lib/python3.12/site-packages/airflow/example_dags/example_skip_dag.py took 0.163 seconds
[2024-08-09T02:04:52.748+0000] {processor.py:161} INFO - Started process (PID=3456) to work on /home/airflow/.local/lib/python3.12/site-packages/airflow/example_dags/example_skip_dag.py
[2024-08-09T02:04:52.751+0000] {processor.py:830} INFO - Processing file /home/airflow/.local/lib/python3.12/site-packages/airflow/example_dags/example_skip_dag.py for tasks to queue
[2024-08-09T02:04:52.756+0000] {logging_mixin.py:188} INFO - [2024-08-09T02:04:52.755+0000] {dagbag.py:545} INFO - Filling up the DagBag from /home/airflow/.local/lib/python3.12/site-packages/airflow/example_dags/example_skip_dag.py
[2024-08-09T02:04:52.771+0000] {processor.py:840} INFO - DAG(s) 'example_skip_dag' retrieved from /home/airflow/.local/lib/python3.12/site-packages/airflow/example_dags/example_skip_dag.py
[2024-08-09T02:04:52.825+0000] {logging_mixin.py:188} INFO - [2024-08-09T02:04:52.825+0000] {dag.py:3089} INFO - Sync 1 DAGs
[2024-08-09T02:04:52.872+0000] {logging_mixin.py:188} INFO - [2024-08-09T02:04:52.872+0000] {dag.py:3947} INFO - Setting next_dagrun for example_skip_dag to 2024-08-08 00:00:00+00:00, run_after=2024-08-09 00:00:00+00:00
[2024-08-09T02:04:52.906+0000] {processor.py:183} INFO - Processing /home/airflow/.local/lib/python3.12/site-packages/airflow/example_dags/example_skip_dag.py took 0.176 seconds
[2024-08-09T02:05:23.785+0000] {processor.py:161} INFO - Started process (PID=3514) to work on /home/airflow/.local/lib/python3.12/site-packages/airflow/example_dags/example_skip_dag.py
[2024-08-09T02:05:23.790+0000] {processor.py:830} INFO - Processing file /home/airflow/.local/lib/python3.12/site-packages/airflow/example_dags/example_skip_dag.py for tasks to queue
[2024-08-09T02:05:23.803+0000] {logging_mixin.py:188} INFO - [2024-08-09T02:05:23.801+0000] {dagbag.py:545} INFO - Filling up the DagBag from /home/airflow/.local/lib/python3.12/site-packages/airflow/example_dags/example_skip_dag.py
[2024-08-09T02:05:23.830+0000] {processor.py:840} INFO - DAG(s) 'example_skip_dag' retrieved from /home/airflow/.local/lib/python3.12/site-packages/airflow/example_dags/example_skip_dag.py
[2024-08-09T02:05:23.927+0000] {logging_mixin.py:188} INFO - [2024-08-09T02:05:23.927+0000] {dag.py:3089} INFO - Sync 1 DAGs
[2024-08-09T02:05:23.992+0000] {logging_mixin.py:188} INFO - [2024-08-09T02:05:23.992+0000] {dag.py:3947} INFO - Setting next_dagrun for example_skip_dag to 2024-08-08 00:00:00+00:00, run_after=2024-08-09 00:00:00+00:00
[2024-08-09T02:05:24.048+0000] {processor.py:183} INFO - Processing /home/airflow/.local/lib/python3.12/site-packages/airflow/example_dags/example_skip_dag.py took 0.303 seconds
[2024-08-09T02:05:54.280+0000] {processor.py:161} INFO - Started process (PID=3572) to work on /home/airflow/.local/lib/python3.12/site-packages/airflow/example_dags/example_skip_dag.py
[2024-08-09T02:05:54.286+0000] {processor.py:830} INFO - Processing file /home/airflow/.local/lib/python3.12/site-packages/airflow/example_dags/example_skip_dag.py for tasks to queue
[2024-08-09T02:05:54.303+0000] {logging_mixin.py:188} INFO - [2024-08-09T02:05:54.299+0000] {dagbag.py:545} INFO - Filling up the DagBag from /home/airflow/.local/lib/python3.12/site-packages/airflow/example_dags/example_skip_dag.py
[2024-08-09T02:05:54.330+0000] {processor.py:840} INFO - DAG(s) 'example_skip_dag' retrieved from /home/airflow/.local/lib/python3.12/site-packages/airflow/example_dags/example_skip_dag.py
[2024-08-09T02:05:54.500+0000] {logging_mixin.py:188} INFO - [2024-08-09T02:05:54.497+0000] {dag.py:3089} INFO - Sync 1 DAGs
[2024-08-09T02:05:54.652+0000] {logging_mixin.py:188} INFO - [2024-08-09T02:05:54.651+0000] {dag.py:3947} INFO - Setting next_dagrun for example_skip_dag to 2024-08-08 00:00:00+00:00, run_after=2024-08-09 00:00:00+00:00
[2024-08-09T02:05:54.753+0000] {processor.py:183} INFO - Processing /home/airflow/.local/lib/python3.12/site-packages/airflow/example_dags/example_skip_dag.py took 0.503 seconds
[2024-08-09T02:06:25.042+0000] {processor.py:161} INFO - Started process (PID=3630) to work on /home/airflow/.local/lib/python3.12/site-packages/airflow/example_dags/example_skip_dag.py
[2024-08-09T02:06:25.046+0000] {processor.py:830} INFO - Processing file /home/airflow/.local/lib/python3.12/site-packages/airflow/example_dags/example_skip_dag.py for tasks to queue
[2024-08-09T02:06:25.052+0000] {logging_mixin.py:188} INFO - [2024-08-09T02:06:25.052+0000] {dagbag.py:545} INFO - Filling up the DagBag from /home/airflow/.local/lib/python3.12/site-packages/airflow/example_dags/example_skip_dag.py
[2024-08-09T02:06:25.075+0000] {processor.py:840} INFO - DAG(s) 'example_skip_dag' retrieved from /home/airflow/.local/lib/python3.12/site-packages/airflow/example_dags/example_skip_dag.py
[2024-08-09T02:06:25.150+0000] {logging_mixin.py:188} INFO - [2024-08-09T02:06:25.150+0000] {dag.py:3089} INFO - Sync 1 DAGs
[2024-08-09T02:06:25.205+0000] {logging_mixin.py:188} INFO - [2024-08-09T02:06:25.205+0000] {dag.py:3947} INFO - Setting next_dagrun for example_skip_dag to 2024-08-08 00:00:00+00:00, run_after=2024-08-09 00:00:00+00:00
[2024-08-09T02:06:25.256+0000] {processor.py:183} INFO - Processing /home/airflow/.local/lib/python3.12/site-packages/airflow/example_dags/example_skip_dag.py took 0.241 seconds
[2024-08-09T02:06:55.771+0000] {processor.py:161} INFO - Started process (PID=3686) to work on /home/airflow/.local/lib/python3.12/site-packages/airflow/example_dags/example_skip_dag.py
[2024-08-09T02:06:55.774+0000] {processor.py:830} INFO - Processing file /home/airflow/.local/lib/python3.12/site-packages/airflow/example_dags/example_skip_dag.py for tasks to queue
[2024-08-09T02:06:55.780+0000] {logging_mixin.py:188} INFO - [2024-08-09T02:06:55.779+0000] {dagbag.py:545} INFO - Filling up the DagBag from /home/airflow/.local/lib/python3.12/site-packages/airflow/example_dags/example_skip_dag.py
[2024-08-09T02:06:55.797+0000] {processor.py:840} INFO - DAG(s) 'example_skip_dag' retrieved from /home/airflow/.local/lib/python3.12/site-packages/airflow/example_dags/example_skip_dag.py
[2024-08-09T02:06:55.851+0000] {logging_mixin.py:188} INFO - [2024-08-09T02:06:55.851+0000] {dag.py:3089} INFO - Sync 1 DAGs
[2024-08-09T02:06:55.889+0000] {logging_mixin.py:188} INFO - [2024-08-09T02:06:55.888+0000] {dag.py:3947} INFO - Setting next_dagrun for example_skip_dag to 2024-08-08 00:00:00+00:00, run_after=2024-08-09 00:00:00+00:00
[2024-08-09T02:06:55.925+0000] {processor.py:183} INFO - Processing /home/airflow/.local/lib/python3.12/site-packages/airflow/example_dags/example_skip_dag.py took 0.168 seconds
[2024-08-09T02:07:26.479+0000] {processor.py:161} INFO - Started process (PID=3743) to work on /home/airflow/.local/lib/python3.12/site-packages/airflow/example_dags/example_skip_dag.py
[2024-08-09T02:07:26.482+0000] {processor.py:830} INFO - Processing file /home/airflow/.local/lib/python3.12/site-packages/airflow/example_dags/example_skip_dag.py for tasks to queue
[2024-08-09T02:07:26.487+0000] {logging_mixin.py:188} INFO - [2024-08-09T02:07:26.486+0000] {dagbag.py:545} INFO - Filling up the DagBag from /home/airflow/.local/lib/python3.12/site-packages/airflow/example_dags/example_skip_dag.py
[2024-08-09T02:07:26.504+0000] {processor.py:840} INFO - DAG(s) 'example_skip_dag' retrieved from /home/airflow/.local/lib/python3.12/site-packages/airflow/example_dags/example_skip_dag.py
[2024-08-09T02:07:26.569+0000] {logging_mixin.py:188} INFO - [2024-08-09T02:07:26.569+0000] {dag.py:3089} INFO - Sync 1 DAGs
[2024-08-09T02:07:26.621+0000] {logging_mixin.py:188} INFO - [2024-08-09T02:07:26.621+0000] {dag.py:3947} INFO - Setting next_dagrun for example_skip_dag to 2024-08-08 00:00:00+00:00, run_after=2024-08-09 00:00:00+00:00
[2024-08-09T02:07:26.687+0000] {processor.py:183} INFO - Processing /home/airflow/.local/lib/python3.12/site-packages/airflow/example_dags/example_skip_dag.py took 0.224 seconds
[2024-08-09T02:07:56.774+0000] {processor.py:161} INFO - Started process (PID=3800) to work on /home/airflow/.local/lib/python3.12/site-packages/airflow/example_dags/example_skip_dag.py
[2024-08-09T02:07:56.777+0000] {processor.py:830} INFO - Processing file /home/airflow/.local/lib/python3.12/site-packages/airflow/example_dags/example_skip_dag.py for tasks to queue
[2024-08-09T02:07:56.782+0000] {logging_mixin.py:188} INFO - [2024-08-09T02:07:56.781+0000] {dagbag.py:545} INFO - Filling up the DagBag from /home/airflow/.local/lib/python3.12/site-packages/airflow/example_dags/example_skip_dag.py
[2024-08-09T02:07:56.799+0000] {processor.py:840} INFO - DAG(s) 'example_skip_dag' retrieved from /home/airflow/.local/lib/python3.12/site-packages/airflow/example_dags/example_skip_dag.py
[2024-08-09T02:07:56.850+0000] {logging_mixin.py:188} INFO - [2024-08-09T02:07:56.850+0000] {dag.py:3089} INFO - Sync 1 DAGs
[2024-08-09T02:07:56.886+0000] {logging_mixin.py:188} INFO - [2024-08-09T02:07:56.886+0000] {dag.py:3947} INFO - Setting next_dagrun for example_skip_dag to 2024-08-08 00:00:00+00:00, run_after=2024-08-09 00:00:00+00:00
[2024-08-09T02:07:56.921+0000] {processor.py:183} INFO - Processing /home/airflow/.local/lib/python3.12/site-packages/airflow/example_dags/example_skip_dag.py took 0.166 seconds
[2024-08-09T02:08:27.100+0000] {processor.py:161} INFO - Started process (PID=3858) to work on /home/airflow/.local/lib/python3.12/site-packages/airflow/example_dags/example_skip_dag.py
[2024-08-09T02:08:27.103+0000] {processor.py:830} INFO - Processing file /home/airflow/.local/lib/python3.12/site-packages/airflow/example_dags/example_skip_dag.py for tasks to queue
[2024-08-09T02:08:27.107+0000] {logging_mixin.py:188} INFO - [2024-08-09T02:08:27.107+0000] {dagbag.py:545} INFO - Filling up the DagBag from /home/airflow/.local/lib/python3.12/site-packages/airflow/example_dags/example_skip_dag.py
[2024-08-09T02:08:27.122+0000] {processor.py:840} INFO - DAG(s) 'example_skip_dag' retrieved from /home/airflow/.local/lib/python3.12/site-packages/airflow/example_dags/example_skip_dag.py
[2024-08-09T02:08:27.176+0000] {logging_mixin.py:188} INFO - [2024-08-09T02:08:27.175+0000] {dag.py:3089} INFO - Sync 1 DAGs
[2024-08-09T02:08:27.241+0000] {logging_mixin.py:188} INFO - [2024-08-09T02:08:27.241+0000] {dag.py:3947} INFO - Setting next_dagrun for example_skip_dag to 2024-08-08 00:00:00+00:00, run_after=2024-08-09 00:00:00+00:00
[2024-08-09T02:08:27.293+0000] {processor.py:183} INFO - Processing /home/airflow/.local/lib/python3.12/site-packages/airflow/example_dags/example_skip_dag.py took 0.208 seconds
[2024-08-09T02:08:57.419+0000] {processor.py:161} INFO - Started process (PID=3916) to work on /home/airflow/.local/lib/python3.12/site-packages/airflow/example_dags/example_skip_dag.py
[2024-08-09T02:08:57.424+0000] {processor.py:830} INFO - Processing file /home/airflow/.local/lib/python3.12/site-packages/airflow/example_dags/example_skip_dag.py for tasks to queue
[2024-08-09T02:08:57.433+0000] {logging_mixin.py:188} INFO - [2024-08-09T02:08:57.432+0000] {dagbag.py:545} INFO - Filling up the DagBag from /home/airflow/.local/lib/python3.12/site-packages/airflow/example_dags/example_skip_dag.py
[2024-08-09T02:08:57.456+0000] {processor.py:840} INFO - DAG(s) 'example_skip_dag' retrieved from /home/airflow/.local/lib/python3.12/site-packages/airflow/example_dags/example_skip_dag.py
[2024-08-09T02:08:57.543+0000] {logging_mixin.py:188} INFO - [2024-08-09T02:08:57.542+0000] {dag.py:3089} INFO - Sync 1 DAGs
[2024-08-09T02:08:57.590+0000] {logging_mixin.py:188} INFO - [2024-08-09T02:08:57.590+0000] {dag.py:3947} INFO - Setting next_dagrun for example_skip_dag to 2024-08-08 00:00:00+00:00, run_after=2024-08-09 00:00:00+00:00
[2024-08-09T02:08:57.630+0000] {processor.py:183} INFO - Processing /home/airflow/.local/lib/python3.12/site-packages/airflow/example_dags/example_skip_dag.py took 0.243 seconds
[2024-08-09T02:09:28.345+0000] {processor.py:161} INFO - Started process (PID=3974) to work on /home/airflow/.local/lib/python3.12/site-packages/airflow/example_dags/example_skip_dag.py
[2024-08-09T02:09:28.355+0000] {processor.py:830} INFO - Processing file /home/airflow/.local/lib/python3.12/site-packages/airflow/example_dags/example_skip_dag.py for tasks to queue
[2024-08-09T02:09:28.397+0000] {logging_mixin.py:188} INFO - [2024-08-09T02:09:28.386+0000] {dagbag.py:545} INFO - Filling up the DagBag from /home/airflow/.local/lib/python3.12/site-packages/airflow/example_dags/example_skip_dag.py
[2024-08-09T02:09:28.439+0000] {processor.py:840} INFO - DAG(s) 'example_skip_dag' retrieved from /home/airflow/.local/lib/python3.12/site-packages/airflow/example_dags/example_skip_dag.py
[2024-08-09T02:09:28.549+0000] {logging_mixin.py:188} INFO - [2024-08-09T02:09:28.549+0000] {dag.py:3089} INFO - Sync 1 DAGs
[2024-08-09T02:09:28.697+0000] {logging_mixin.py:188} INFO - [2024-08-09T02:09:28.697+0000] {dag.py:3947} INFO - Setting next_dagrun for example_skip_dag to 2024-08-08 00:00:00+00:00, run_after=2024-08-09 00:00:00+00:00
[2024-08-09T02:09:28.755+0000] {processor.py:183} INFO - Processing /home/airflow/.local/lib/python3.12/site-packages/airflow/example_dags/example_skip_dag.py took 0.506 seconds
[2024-08-09T02:09:59.271+0000] {processor.py:161} INFO - Started process (PID=4032) to work on /home/airflow/.local/lib/python3.12/site-packages/airflow/example_dags/example_skip_dag.py
[2024-08-09T02:09:59.277+0000] {processor.py:830} INFO - Processing file /home/airflow/.local/lib/python3.12/site-packages/airflow/example_dags/example_skip_dag.py for tasks to queue
[2024-08-09T02:09:59.296+0000] {logging_mixin.py:188} INFO - [2024-08-09T02:09:59.293+0000] {dagbag.py:545} INFO - Filling up the DagBag from /home/airflow/.local/lib/python3.12/site-packages/airflow/example_dags/example_skip_dag.py
[2024-08-09T02:09:59.338+0000] {processor.py:840} INFO - DAG(s) 'example_skip_dag' retrieved from /home/airflow/.local/lib/python3.12/site-packages/airflow/example_dags/example_skip_dag.py
[2024-08-09T02:09:59.487+0000] {logging_mixin.py:188} INFO - [2024-08-09T02:09:59.486+0000] {dag.py:3089} INFO - Sync 1 DAGs
[2024-08-09T02:09:59.658+0000] {logging_mixin.py:188} INFO - [2024-08-09T02:09:59.657+0000] {dag.py:3947} INFO - Setting next_dagrun for example_skip_dag to 2024-08-08 00:00:00+00:00, run_after=2024-08-09 00:00:00+00:00
[2024-08-09T02:09:59.775+0000] {processor.py:183} INFO - Processing /home/airflow/.local/lib/python3.12/site-packages/airflow/example_dags/example_skip_dag.py took 0.557 seconds
[2024-08-09T02:10:30.576+0000] {processor.py:161} INFO - Started process (PID=4090) to work on /home/airflow/.local/lib/python3.12/site-packages/airflow/example_dags/example_skip_dag.py
[2024-08-09T02:10:30.581+0000] {processor.py:830} INFO - Processing file /home/airflow/.local/lib/python3.12/site-packages/airflow/example_dags/example_skip_dag.py for tasks to queue
[2024-08-09T02:10:30.598+0000] {logging_mixin.py:188} INFO - [2024-08-09T02:10:30.595+0000] {dagbag.py:545} INFO - Filling up the DagBag from /home/airflow/.local/lib/python3.12/site-packages/airflow/example_dags/example_skip_dag.py
[2024-08-09T02:10:30.624+0000] {processor.py:840} INFO - DAG(s) 'example_skip_dag' retrieved from /home/airflow/.local/lib/python3.12/site-packages/airflow/example_dags/example_skip_dag.py
[2024-08-09T02:10:30.754+0000] {logging_mixin.py:188} INFO - [2024-08-09T02:10:30.753+0000] {dag.py:3089} INFO - Sync 1 DAGs
[2024-08-09T02:10:30.868+0000] {logging_mixin.py:188} INFO - [2024-08-09T02:10:30.868+0000] {dag.py:3947} INFO - Setting next_dagrun for example_skip_dag to 2024-08-08 00:00:00+00:00, run_after=2024-08-09 00:00:00+00:00
[2024-08-09T02:10:30.988+0000] {processor.py:183} INFO - Processing /home/airflow/.local/lib/python3.12/site-packages/airflow/example_dags/example_skip_dag.py took 0.442 seconds
[2024-08-09T02:11:01.164+0000] {processor.py:161} INFO - Started process (PID=4147) to work on /home/airflow/.local/lib/python3.12/site-packages/airflow/example_dags/example_skip_dag.py
[2024-08-09T02:11:01.169+0000] {processor.py:830} INFO - Processing file /home/airflow/.local/lib/python3.12/site-packages/airflow/example_dags/example_skip_dag.py for tasks to queue
[2024-08-09T02:11:01.174+0000] {logging_mixin.py:188} INFO - [2024-08-09T02:11:01.173+0000] {dagbag.py:545} INFO - Filling up the DagBag from /home/airflow/.local/lib/python3.12/site-packages/airflow/example_dags/example_skip_dag.py
[2024-08-09T02:11:01.196+0000] {processor.py:840} INFO - DAG(s) 'example_skip_dag' retrieved from /home/airflow/.local/lib/python3.12/site-packages/airflow/example_dags/example_skip_dag.py
[2024-08-09T02:11:01.252+0000] {logging_mixin.py:188} INFO - [2024-08-09T02:11:01.252+0000] {dag.py:3089} INFO - Sync 1 DAGs
[2024-08-09T02:11:01.308+0000] {logging_mixin.py:188} INFO - [2024-08-09T02:11:01.308+0000] {dag.py:3947} INFO - Setting next_dagrun for example_skip_dag to 2024-08-08 00:00:00+00:00, run_after=2024-08-09 00:00:00+00:00
[2024-08-09T02:11:01.349+0000] {processor.py:183} INFO - Processing /home/airflow/.local/lib/python3.12/site-packages/airflow/example_dags/example_skip_dag.py took 0.203 seconds
[2024-08-09T02:11:31.733+0000] {processor.py:161} INFO - Started process (PID=4205) to work on /home/airflow/.local/lib/python3.12/site-packages/airflow/example_dags/example_skip_dag.py
[2024-08-09T02:11:31.736+0000] {processor.py:830} INFO - Processing file /home/airflow/.local/lib/python3.12/site-packages/airflow/example_dags/example_skip_dag.py for tasks to queue
[2024-08-09T02:11:31.743+0000] {logging_mixin.py:188} INFO - [2024-08-09T02:11:31.742+0000] {dagbag.py:545} INFO - Filling up the DagBag from /home/airflow/.local/lib/python3.12/site-packages/airflow/example_dags/example_skip_dag.py
[2024-08-09T02:11:31.763+0000] {processor.py:840} INFO - DAG(s) 'example_skip_dag' retrieved from /home/airflow/.local/lib/python3.12/site-packages/airflow/example_dags/example_skip_dag.py
[2024-08-09T02:11:31.846+0000] {logging_mixin.py:188} INFO - [2024-08-09T02:11:31.846+0000] {dag.py:3089} INFO - Sync 1 DAGs
[2024-08-09T02:11:31.908+0000] {logging_mixin.py:188} INFO - [2024-08-09T02:11:31.907+0000] {dag.py:3947} INFO - Setting next_dagrun for example_skip_dag to 2024-08-08 00:00:00+00:00, run_after=2024-08-09 00:00:00+00:00
[2024-08-09T02:11:31.943+0000] {processor.py:183} INFO - Processing /home/airflow/.local/lib/python3.12/site-packages/airflow/example_dags/example_skip_dag.py took 0.227 seconds
[2024-08-09T02:12:02.124+0000] {processor.py:161} INFO - Started process (PID=4263) to work on /home/airflow/.local/lib/python3.12/site-packages/airflow/example_dags/example_skip_dag.py
[2024-08-09T02:12:02.128+0000] {processor.py:830} INFO - Processing file /home/airflow/.local/lib/python3.12/site-packages/airflow/example_dags/example_skip_dag.py for tasks to queue
[2024-08-09T02:12:02.136+0000] {logging_mixin.py:188} INFO - [2024-08-09T02:12:02.135+0000] {dagbag.py:545} INFO - Filling up the DagBag from /home/airflow/.local/lib/python3.12/site-packages/airflow/example_dags/example_skip_dag.py
[2024-08-09T02:12:02.155+0000] {processor.py:840} INFO - DAG(s) 'example_skip_dag' retrieved from /home/airflow/.local/lib/python3.12/site-packages/airflow/example_dags/example_skip_dag.py
[2024-08-09T02:12:02.248+0000] {logging_mixin.py:188} INFO - [2024-08-09T02:12:02.247+0000] {dag.py:3089} INFO - Sync 1 DAGs
[2024-08-09T02:12:02.314+0000] {logging_mixin.py:188} INFO - [2024-08-09T02:12:02.314+0000] {dag.py:3947} INFO - Setting next_dagrun for example_skip_dag to 2024-08-08 00:00:00+00:00, run_after=2024-08-09 00:00:00+00:00
[2024-08-09T02:12:02.360+0000] {processor.py:183} INFO - Processing /home/airflow/.local/lib/python3.12/site-packages/airflow/example_dags/example_skip_dag.py took 0.254 seconds
[2024-08-09T02:12:32.723+0000] {processor.py:161} INFO - Started process (PID=4321) to work on /home/airflow/.local/lib/python3.12/site-packages/airflow/example_dags/example_skip_dag.py
[2024-08-09T02:12:32.726+0000] {processor.py:830} INFO - Processing file /home/airflow/.local/lib/python3.12/site-packages/airflow/example_dags/example_skip_dag.py for tasks to queue
[2024-08-09T02:12:32.732+0000] {logging_mixin.py:188} INFO - [2024-08-09T02:12:32.731+0000] {dagbag.py:545} INFO - Filling up the DagBag from /home/airflow/.local/lib/python3.12/site-packages/airflow/example_dags/example_skip_dag.py
[2024-08-09T02:12:32.752+0000] {processor.py:840} INFO - DAG(s) 'example_skip_dag' retrieved from /home/airflow/.local/lib/python3.12/site-packages/airflow/example_dags/example_skip_dag.py
[2024-08-09T02:12:32.826+0000] {logging_mixin.py:188} INFO - [2024-08-09T02:12:32.825+0000] {dag.py:3089} INFO - Sync 1 DAGs
[2024-08-09T02:12:32.881+0000] {logging_mixin.py:188} INFO - [2024-08-09T02:12:32.881+0000] {dag.py:3947} INFO - Setting next_dagrun for example_skip_dag to 2024-08-08 00:00:00+00:00, run_after=2024-08-09 00:00:00+00:00
[2024-08-09T02:12:32.928+0000] {processor.py:183} INFO - Processing /home/airflow/.local/lib/python3.12/site-packages/airflow/example_dags/example_skip_dag.py took 0.231 seconds
[2024-08-09T02:13:03.510+0000] {processor.py:161} INFO - Started process (PID=4378) to work on /home/airflow/.local/lib/python3.12/site-packages/airflow/example_dags/example_skip_dag.py
[2024-08-09T02:13:03.514+0000] {processor.py:830} INFO - Processing file /home/airflow/.local/lib/python3.12/site-packages/airflow/example_dags/example_skip_dag.py for tasks to queue
[2024-08-09T02:13:03.524+0000] {logging_mixin.py:188} INFO - [2024-08-09T02:13:03.523+0000] {dagbag.py:545} INFO - Filling up the DagBag from /home/airflow/.local/lib/python3.12/site-packages/airflow/example_dags/example_skip_dag.py
[2024-08-09T02:13:03.549+0000] {processor.py:840} INFO - DAG(s) 'example_skip_dag' retrieved from /home/airflow/.local/lib/python3.12/site-packages/airflow/example_dags/example_skip_dag.py
[2024-08-09T02:13:03.626+0000] {logging_mixin.py:188} INFO - [2024-08-09T02:13:03.625+0000] {dag.py:3089} INFO - Sync 1 DAGs
[2024-08-09T02:13:03.681+0000] {logging_mixin.py:188} INFO - [2024-08-09T02:13:03.681+0000] {dag.py:3947} INFO - Setting next_dagrun for example_skip_dag to 2024-08-08 00:00:00+00:00, run_after=2024-08-09 00:00:00+00:00
[2024-08-09T02:13:03.726+0000] {processor.py:183} INFO - Processing /home/airflow/.local/lib/python3.12/site-packages/airflow/example_dags/example_skip_dag.py took 0.245 seconds
[2024-08-09T02:13:34.132+0000] {processor.py:161} INFO - Started process (PID=4435) to work on /home/airflow/.local/lib/python3.12/site-packages/airflow/example_dags/example_skip_dag.py
[2024-08-09T02:13:34.143+0000] {processor.py:830} INFO - Processing file /home/airflow/.local/lib/python3.12/site-packages/airflow/example_dags/example_skip_dag.py for tasks to queue
[2024-08-09T02:13:34.180+0000] {logging_mixin.py:188} INFO - [2024-08-09T02:13:34.178+0000] {dagbag.py:545} INFO - Filling up the DagBag from /home/airflow/.local/lib/python3.12/site-packages/airflow/example_dags/example_skip_dag.py
[2024-08-09T02:13:34.214+0000] {processor.py:840} INFO - DAG(s) 'example_skip_dag' retrieved from /home/airflow/.local/lib/python3.12/site-packages/airflow/example_dags/example_skip_dag.py
[2024-08-09T02:13:34.331+0000] {logging_mixin.py:188} INFO - [2024-08-09T02:13:34.328+0000] {dag.py:3089} INFO - Sync 1 DAGs
[2024-08-09T02:13:34.427+0000] {logging_mixin.py:188} INFO - [2024-08-09T02:13:34.427+0000] {dag.py:3947} INFO - Setting next_dagrun for example_skip_dag to 2024-08-08 00:00:00+00:00, run_after=2024-08-09 00:00:00+00:00
[2024-08-09T02:13:34.495+0000] {processor.py:183} INFO - Processing /home/airflow/.local/lib/python3.12/site-packages/airflow/example_dags/example_skip_dag.py took 0.406 seconds
[2024-08-09T02:14:04.715+0000] {processor.py:161} INFO - Started process (PID=4493) to work on /home/airflow/.local/lib/python3.12/site-packages/airflow/example_dags/example_skip_dag.py
[2024-08-09T02:14:04.719+0000] {processor.py:830} INFO - Processing file /home/airflow/.local/lib/python3.12/site-packages/airflow/example_dags/example_skip_dag.py for tasks to queue
[2024-08-09T02:14:04.724+0000] {logging_mixin.py:188} INFO - [2024-08-09T02:14:04.723+0000] {dagbag.py:545} INFO - Filling up the DagBag from /home/airflow/.local/lib/python3.12/site-packages/airflow/example_dags/example_skip_dag.py
[2024-08-09T02:14:04.744+0000] {processor.py:840} INFO - DAG(s) 'example_skip_dag' retrieved from /home/airflow/.local/lib/python3.12/site-packages/airflow/example_dags/example_skip_dag.py
[2024-08-09T02:14:04.821+0000] {logging_mixin.py:188} INFO - [2024-08-09T02:14:04.821+0000] {dag.py:3089} INFO - Sync 1 DAGs
[2024-08-09T02:14:04.907+0000] {logging_mixin.py:188} INFO - [2024-08-09T02:14:04.897+0000] {dag.py:3947} INFO - Setting next_dagrun for example_skip_dag to 2024-08-08 00:00:00+00:00, run_after=2024-08-09 00:00:00+00:00
[2024-08-09T02:14:04.992+0000] {processor.py:183} INFO - Processing /home/airflow/.local/lib/python3.12/site-packages/airflow/example_dags/example_skip_dag.py took 0.305 seconds
[2024-08-09T02:14:35.175+0000] {processor.py:161} INFO - Started process (PID=4551) to work on /home/airflow/.local/lib/python3.12/site-packages/airflow/example_dags/example_skip_dag.py
[2024-08-09T02:14:35.181+0000] {processor.py:830} INFO - Processing file /home/airflow/.local/lib/python3.12/site-packages/airflow/example_dags/example_skip_dag.py for tasks to queue
[2024-08-09T02:14:35.194+0000] {logging_mixin.py:188} INFO - [2024-08-09T02:14:35.192+0000] {dagbag.py:545} INFO - Filling up the DagBag from /home/airflow/.local/lib/python3.12/site-packages/airflow/example_dags/example_skip_dag.py
[2024-08-09T02:14:35.220+0000] {processor.py:840} INFO - DAG(s) 'example_skip_dag' retrieved from /home/airflow/.local/lib/python3.12/site-packages/airflow/example_dags/example_skip_dag.py
[2024-08-09T02:14:35.308+0000] {logging_mixin.py:188} INFO - [2024-08-09T02:14:35.307+0000] {dag.py:3089} INFO - Sync 1 DAGs
[2024-08-09T02:14:35.358+0000] {logging_mixin.py:188} INFO - [2024-08-09T02:14:35.358+0000] {dag.py:3947} INFO - Setting next_dagrun for example_skip_dag to 2024-08-08 00:00:00+00:00, run_after=2024-08-09 00:00:00+00:00
[2024-08-09T02:14:35.411+0000] {processor.py:183} INFO - Processing /home/airflow/.local/lib/python3.12/site-packages/airflow/example_dags/example_skip_dag.py took 0.261 seconds
[2024-08-09T02:15:05.904+0000] {processor.py:161} INFO - Started process (PID=4615) to work on /home/airflow/.local/lib/python3.12/site-packages/airflow/example_dags/example_skip_dag.py
[2024-08-09T02:15:05.908+0000] {processor.py:830} INFO - Processing file /home/airflow/.local/lib/python3.12/site-packages/airflow/example_dags/example_skip_dag.py for tasks to queue
[2024-08-09T02:15:05.926+0000] {logging_mixin.py:188} INFO - [2024-08-09T02:15:05.920+0000] {dagbag.py:545} INFO - Filling up the DagBag from /home/airflow/.local/lib/python3.12/site-packages/airflow/example_dags/example_skip_dag.py
[2024-08-09T02:15:05.948+0000] {processor.py:840} INFO - DAG(s) 'example_skip_dag' retrieved from /home/airflow/.local/lib/python3.12/site-packages/airflow/example_dags/example_skip_dag.py
[2024-08-09T02:15:06.038+0000] {logging_mixin.py:188} INFO - [2024-08-09T02:15:06.037+0000] {dag.py:3089} INFO - Sync 1 DAGs
[2024-08-09T02:15:06.115+0000] {logging_mixin.py:188} INFO - [2024-08-09T02:15:06.115+0000] {dag.py:3947} INFO - Setting next_dagrun for example_skip_dag to 2024-08-08 00:00:00+00:00, run_after=2024-08-09 00:00:00+00:00
[2024-08-09T02:15:06.213+0000] {processor.py:183} INFO - Processing /home/airflow/.local/lib/python3.12/site-packages/airflow/example_dags/example_skip_dag.py took 0.327 seconds
[2024-08-09T02:15:36.521+0000] {processor.py:161} INFO - Started process (PID=4673) to work on /home/airflow/.local/lib/python3.12/site-packages/airflow/example_dags/example_skip_dag.py
[2024-08-09T02:15:36.524+0000] {processor.py:830} INFO - Processing file /home/airflow/.local/lib/python3.12/site-packages/airflow/example_dags/example_skip_dag.py for tasks to queue
[2024-08-09T02:15:36.530+0000] {logging_mixin.py:188} INFO - [2024-08-09T02:15:36.529+0000] {dagbag.py:545} INFO - Filling up the DagBag from /home/airflow/.local/lib/python3.12/site-packages/airflow/example_dags/example_skip_dag.py
[2024-08-09T02:15:36.548+0000] {processor.py:840} INFO - DAG(s) 'example_skip_dag' retrieved from /home/airflow/.local/lib/python3.12/site-packages/airflow/example_dags/example_skip_dag.py
[2024-08-09T02:15:36.611+0000] {logging_mixin.py:188} INFO - [2024-08-09T02:15:36.611+0000] {dag.py:3089} INFO - Sync 1 DAGs
[2024-08-09T02:15:36.661+0000] {logging_mixin.py:188} INFO - [2024-08-09T02:15:36.660+0000] {dag.py:3947} INFO - Setting next_dagrun for example_skip_dag to 2024-08-08 00:00:00+00:00, run_after=2024-08-09 00:00:00+00:00
[2024-08-09T02:15:36.692+0000] {processor.py:183} INFO - Processing /home/airflow/.local/lib/python3.12/site-packages/airflow/example_dags/example_skip_dag.py took 0.191 seconds
[2024-08-09T02:16:07.334+0000] {processor.py:161} INFO - Started process (PID=4731) to work on /home/airflow/.local/lib/python3.12/site-packages/airflow/example_dags/example_skip_dag.py
[2024-08-09T02:16:07.338+0000] {processor.py:830} INFO - Processing file /home/airflow/.local/lib/python3.12/site-packages/airflow/example_dags/example_skip_dag.py for tasks to queue
[2024-08-09T02:16:07.344+0000] {logging_mixin.py:188} INFO - [2024-08-09T02:16:07.343+0000] {dagbag.py:545} INFO - Filling up the DagBag from /home/airflow/.local/lib/python3.12/site-packages/airflow/example_dags/example_skip_dag.py
[2024-08-09T02:16:07.361+0000] {processor.py:840} INFO - DAG(s) 'example_skip_dag' retrieved from /home/airflow/.local/lib/python3.12/site-packages/airflow/example_dags/example_skip_dag.py
[2024-08-09T02:16:07.428+0000] {logging_mixin.py:188} INFO - [2024-08-09T02:16:07.428+0000] {dag.py:3089} INFO - Sync 1 DAGs
[2024-08-09T02:16:07.482+0000] {logging_mixin.py:188} INFO - [2024-08-09T02:16:07.482+0000] {dag.py:3947} INFO - Setting next_dagrun for example_skip_dag to 2024-08-08 00:00:00+00:00, run_after=2024-08-09 00:00:00+00:00
[2024-08-09T02:16:07.533+0000] {processor.py:183} INFO - Processing /home/airflow/.local/lib/python3.12/site-packages/airflow/example_dags/example_skip_dag.py took 0.217 seconds
