[2024-08-09T01:42:28.966+0000] {processor.py:161} INFO - Started process (PID=985) to work on /home/airflow/.local/lib/python3.12/site-packages/airflow/example_dags/example_kubernetes_executor.py
[2024-08-09T01:42:28.970+0000] {processor.py:830} INFO - Processing file /home/airflow/.local/lib/python3.12/site-packages/airflow/example_dags/example_kubernetes_executor.py for tasks to queue
[2024-08-09T01:42:28.975+0000] {logging_mixin.py:188} INFO - [2024-08-09T01:42:28.974+0000] {dagbag.py:545} INFO - Filling up the DagBag from /home/airflow/.local/lib/python3.12/site-packages/airflow/example_dags/example_kubernetes_executor.py
[2024-08-09T01:42:29.015+0000] {processor.py:840} INFO - DAG(s) 'example_kubernetes_executor' retrieved from /home/airflow/.local/lib/python3.12/site-packages/airflow/example_dags/example_kubernetes_executor.py
[2024-08-09T01:42:29.157+0000] {logging_mixin.py:188} INFO - [2024-08-09T01:42:29.156+0000] {dag.py:3089} INFO - Sync 1 DAGs
[2024-08-09T01:42:29.190+0000] {logging_mixin.py:188} INFO - [2024-08-09T01:42:29.189+0000] {dag.py:3947} INFO - Setting next_dagrun for example_kubernetes_executor to None, run_after=None
[2024-08-09T01:42:29.227+0000] {processor.py:183} INFO - Processing /home/airflow/.local/lib/python3.12/site-packages/airflow/example_dags/example_kubernetes_executor.py took 0.281 seconds
[2024-08-09T01:42:59.664+0000] {processor.py:161} INFO - Started process (PID=1044) to work on /home/airflow/.local/lib/python3.12/site-packages/airflow/example_dags/example_kubernetes_executor.py
[2024-08-09T01:42:59.667+0000] {processor.py:830} INFO - Processing file /home/airflow/.local/lib/python3.12/site-packages/airflow/example_dags/example_kubernetes_executor.py for tasks to queue
[2024-08-09T01:42:59.674+0000] {logging_mixin.py:188} INFO - [2024-08-09T01:42:59.673+0000] {dagbag.py:545} INFO - Filling up the DagBag from /home/airflow/.local/lib/python3.12/site-packages/airflow/example_dags/example_kubernetes_executor.py
[2024-08-09T01:42:59.724+0000] {processor.py:840} INFO - DAG(s) 'example_kubernetes_executor' retrieved from /home/airflow/.local/lib/python3.12/site-packages/airflow/example_dags/example_kubernetes_executor.py
[2024-08-09T01:42:59.860+0000] {logging_mixin.py:188} INFO - [2024-08-09T01:42:59.859+0000] {dag.py:3089} INFO - Sync 1 DAGs
[2024-08-09T01:42:59.959+0000] {logging_mixin.py:188} INFO - [2024-08-09T01:42:59.959+0000] {dag.py:3947} INFO - Setting next_dagrun for example_kubernetes_executor to None, run_after=None
[2024-08-09T01:43:00.042+0000] {processor.py:183} INFO - Processing /home/airflow/.local/lib/python3.12/site-packages/airflow/example_dags/example_kubernetes_executor.py took 0.395 seconds
[2024-08-09T01:43:30.340+0000] {processor.py:161} INFO - Started process (PID=1102) to work on /home/airflow/.local/lib/python3.12/site-packages/airflow/example_dags/example_kubernetes_executor.py
[2024-08-09T01:43:30.343+0000] {processor.py:830} INFO - Processing file /home/airflow/.local/lib/python3.12/site-packages/airflow/example_dags/example_kubernetes_executor.py for tasks to queue
[2024-08-09T01:43:30.354+0000] {logging_mixin.py:188} INFO - [2024-08-09T01:43:30.352+0000] {dagbag.py:545} INFO - Filling up the DagBag from /home/airflow/.local/lib/python3.12/site-packages/airflow/example_dags/example_kubernetes_executor.py
[2024-08-09T01:43:30.407+0000] {processor.py:840} INFO - DAG(s) 'example_kubernetes_executor' retrieved from /home/airflow/.local/lib/python3.12/site-packages/airflow/example_dags/example_kubernetes_executor.py
[2024-08-09T01:43:30.560+0000] {logging_mixin.py:188} INFO - [2024-08-09T01:43:30.559+0000] {dag.py:3089} INFO - Sync 1 DAGs
[2024-08-09T01:43:30.627+0000] {logging_mixin.py:188} INFO - [2024-08-09T01:43:30.626+0000] {dag.py:3947} INFO - Setting next_dagrun for example_kubernetes_executor to None, run_after=None
[2024-08-09T01:43:30.751+0000] {processor.py:183} INFO - Processing /home/airflow/.local/lib/python3.12/site-packages/airflow/example_dags/example_kubernetes_executor.py took 0.448 seconds
[2024-08-09T01:44:00.923+0000] {processor.py:161} INFO - Started process (PID=1160) to work on /home/airflow/.local/lib/python3.12/site-packages/airflow/example_dags/example_kubernetes_executor.py
[2024-08-09T01:44:00.926+0000] {processor.py:830} INFO - Processing file /home/airflow/.local/lib/python3.12/site-packages/airflow/example_dags/example_kubernetes_executor.py for tasks to queue
[2024-08-09T01:44:00.933+0000] {logging_mixin.py:188} INFO - [2024-08-09T01:44:00.932+0000] {dagbag.py:545} INFO - Filling up the DagBag from /home/airflow/.local/lib/python3.12/site-packages/airflow/example_dags/example_kubernetes_executor.py
[2024-08-09T01:44:00.973+0000] {processor.py:840} INFO - DAG(s) 'example_kubernetes_executor' retrieved from /home/airflow/.local/lib/python3.12/site-packages/airflow/example_dags/example_kubernetes_executor.py
[2024-08-09T01:44:01.088+0000] {logging_mixin.py:188} INFO - [2024-08-09T01:44:01.087+0000] {dag.py:3089} INFO - Sync 1 DAGs
[2024-08-09T01:44:01.118+0000] {logging_mixin.py:188} INFO - [2024-08-09T01:44:01.118+0000] {dag.py:3947} INFO - Setting next_dagrun for example_kubernetes_executor to None, run_after=None
[2024-08-09T01:44:01.160+0000] {processor.py:183} INFO - Processing /home/airflow/.local/lib/python3.12/site-packages/airflow/example_dags/example_kubernetes_executor.py took 0.265 seconds
[2024-08-09T01:44:31.879+0000] {processor.py:161} INFO - Started process (PID=1218) to work on /home/airflow/.local/lib/python3.12/site-packages/airflow/example_dags/example_kubernetes_executor.py
[2024-08-09T01:44:31.882+0000] {processor.py:830} INFO - Processing file /home/airflow/.local/lib/python3.12/site-packages/airflow/example_dags/example_kubernetes_executor.py for tasks to queue
[2024-08-09T01:44:31.888+0000] {logging_mixin.py:188} INFO - [2024-08-09T01:44:31.887+0000] {dagbag.py:545} INFO - Filling up the DagBag from /home/airflow/.local/lib/python3.12/site-packages/airflow/example_dags/example_kubernetes_executor.py
[2024-08-09T01:44:31.935+0000] {processor.py:840} INFO - DAG(s) 'example_kubernetes_executor' retrieved from /home/airflow/.local/lib/python3.12/site-packages/airflow/example_dags/example_kubernetes_executor.py
[2024-08-09T01:44:32.072+0000] {logging_mixin.py:188} INFO - [2024-08-09T01:44:32.071+0000] {dag.py:3089} INFO - Sync 1 DAGs
[2024-08-09T01:44:32.104+0000] {logging_mixin.py:188} INFO - [2024-08-09T01:44:32.103+0000] {dag.py:3947} INFO - Setting next_dagrun for example_kubernetes_executor to None, run_after=None
[2024-08-09T01:44:32.154+0000] {processor.py:183} INFO - Processing /home/airflow/.local/lib/python3.12/site-packages/airflow/example_dags/example_kubernetes_executor.py took 0.298 seconds
[2024-08-09T01:45:02.295+0000] {processor.py:161} INFO - Started process (PID=1276) to work on /home/airflow/.local/lib/python3.12/site-packages/airflow/example_dags/example_kubernetes_executor.py
[2024-08-09T01:45:02.300+0000] {processor.py:830} INFO - Processing file /home/airflow/.local/lib/python3.12/site-packages/airflow/example_dags/example_kubernetes_executor.py for tasks to queue
[2024-08-09T01:45:02.307+0000] {logging_mixin.py:188} INFO - [2024-08-09T01:45:02.305+0000] {dagbag.py:545} INFO - Filling up the DagBag from /home/airflow/.local/lib/python3.12/site-packages/airflow/example_dags/example_kubernetes_executor.py
[2024-08-09T01:45:02.355+0000] {processor.py:840} INFO - DAG(s) 'example_kubernetes_executor' retrieved from /home/airflow/.local/lib/python3.12/site-packages/airflow/example_dags/example_kubernetes_executor.py
[2024-08-09T01:45:02.451+0000] {logging_mixin.py:188} INFO - [2024-08-09T01:45:02.451+0000] {dag.py:3089} INFO - Sync 1 DAGs
[2024-08-09T01:45:02.482+0000] {logging_mixin.py:188} INFO - [2024-08-09T01:45:02.481+0000] {dag.py:3947} INFO - Setting next_dagrun for example_kubernetes_executor to None, run_after=None
[2024-08-09T01:45:02.521+0000] {processor.py:183} INFO - Processing /home/airflow/.local/lib/python3.12/site-packages/airflow/example_dags/example_kubernetes_executor.py took 0.245 seconds
[2024-08-09T01:45:32.763+0000] {processor.py:161} INFO - Started process (PID=1333) to work on /home/airflow/.local/lib/python3.12/site-packages/airflow/example_dags/example_kubernetes_executor.py
[2024-08-09T01:45:32.766+0000] {processor.py:830} INFO - Processing file /home/airflow/.local/lib/python3.12/site-packages/airflow/example_dags/example_kubernetes_executor.py for tasks to queue
[2024-08-09T01:45:32.772+0000] {logging_mixin.py:188} INFO - [2024-08-09T01:45:32.771+0000] {dagbag.py:545} INFO - Filling up the DagBag from /home/airflow/.local/lib/python3.12/site-packages/airflow/example_dags/example_kubernetes_executor.py
[2024-08-09T01:45:32.805+0000] {processor.py:840} INFO - DAG(s) 'example_kubernetes_executor' retrieved from /home/airflow/.local/lib/python3.12/site-packages/airflow/example_dags/example_kubernetes_executor.py
[2024-08-09T01:45:32.911+0000] {logging_mixin.py:188} INFO - [2024-08-09T01:45:32.910+0000] {dag.py:3089} INFO - Sync 1 DAGs
[2024-08-09T01:45:32.951+0000] {logging_mixin.py:188} INFO - [2024-08-09T01:45:32.951+0000] {dag.py:3947} INFO - Setting next_dagrun for example_kubernetes_executor to None, run_after=None
[2024-08-09T01:45:32.992+0000] {processor.py:183} INFO - Processing /home/airflow/.local/lib/python3.12/site-packages/airflow/example_dags/example_kubernetes_executor.py took 0.243 seconds
[2024-08-09T01:46:03.286+0000] {processor.py:161} INFO - Started process (PID=1391) to work on /home/airflow/.local/lib/python3.12/site-packages/airflow/example_dags/example_kubernetes_executor.py
[2024-08-09T01:46:03.289+0000] {processor.py:830} INFO - Processing file /home/airflow/.local/lib/python3.12/site-packages/airflow/example_dags/example_kubernetes_executor.py for tasks to queue
[2024-08-09T01:46:03.294+0000] {logging_mixin.py:188} INFO - [2024-08-09T01:46:03.293+0000] {dagbag.py:545} INFO - Filling up the DagBag from /home/airflow/.local/lib/python3.12/site-packages/airflow/example_dags/example_kubernetes_executor.py
[2024-08-09T01:46:03.333+0000] {processor.py:840} INFO - DAG(s) 'example_kubernetes_executor' retrieved from /home/airflow/.local/lib/python3.12/site-packages/airflow/example_dags/example_kubernetes_executor.py
[2024-08-09T01:46:03.429+0000] {logging_mixin.py:188} INFO - [2024-08-09T01:46:03.428+0000] {dag.py:3089} INFO - Sync 1 DAGs
[2024-08-09T01:46:03.460+0000] {logging_mixin.py:188} INFO - [2024-08-09T01:46:03.459+0000] {dag.py:3947} INFO - Setting next_dagrun for example_kubernetes_executor to None, run_after=None
[2024-08-09T01:46:03.493+0000] {processor.py:183} INFO - Processing /home/airflow/.local/lib/python3.12/site-packages/airflow/example_dags/example_kubernetes_executor.py took 0.223 seconds
[2024-08-09T01:46:34.297+0000] {processor.py:161} INFO - Started process (PID=1448) to work on /home/airflow/.local/lib/python3.12/site-packages/airflow/example_dags/example_kubernetes_executor.py
[2024-08-09T01:46:34.300+0000] {processor.py:830} INFO - Processing file /home/airflow/.local/lib/python3.12/site-packages/airflow/example_dags/example_kubernetes_executor.py for tasks to queue
[2024-08-09T01:46:34.306+0000] {logging_mixin.py:188} INFO - [2024-08-09T01:46:34.305+0000] {dagbag.py:545} INFO - Filling up the DagBag from /home/airflow/.local/lib/python3.12/site-packages/airflow/example_dags/example_kubernetes_executor.py
[2024-08-09T01:46:34.353+0000] {processor.py:840} INFO - DAG(s) 'example_kubernetes_executor' retrieved from /home/airflow/.local/lib/python3.12/site-packages/airflow/example_dags/example_kubernetes_executor.py
[2024-08-09T01:46:34.472+0000] {logging_mixin.py:188} INFO - [2024-08-09T01:46:34.472+0000] {dag.py:3089} INFO - Sync 1 DAGs
[2024-08-09T01:46:34.508+0000] {logging_mixin.py:188} INFO - [2024-08-09T01:46:34.508+0000] {dag.py:3947} INFO - Setting next_dagrun for example_kubernetes_executor to None, run_after=None
[2024-08-09T01:46:34.543+0000] {processor.py:183} INFO - Processing /home/airflow/.local/lib/python3.12/site-packages/airflow/example_dags/example_kubernetes_executor.py took 0.266 seconds
[2024-08-09T01:47:05.941+0000] {processor.py:161} INFO - Started process (PID=1506) to work on /home/airflow/.local/lib/python3.12/site-packages/airflow/example_dags/example_kubernetes_executor.py
[2024-08-09T01:47:05.944+0000] {processor.py:830} INFO - Processing file /home/airflow/.local/lib/python3.12/site-packages/airflow/example_dags/example_kubernetes_executor.py for tasks to queue
[2024-08-09T01:47:05.951+0000] {logging_mixin.py:188} INFO - [2024-08-09T01:47:05.950+0000] {dagbag.py:545} INFO - Filling up the DagBag from /home/airflow/.local/lib/python3.12/site-packages/airflow/example_dags/example_kubernetes_executor.py
[2024-08-09T01:47:05.992+0000] {processor.py:840} INFO - DAG(s) 'example_kubernetes_executor' retrieved from /home/airflow/.local/lib/python3.12/site-packages/airflow/example_dags/example_kubernetes_executor.py
[2024-08-09T01:47:06.119+0000] {logging_mixin.py:188} INFO - [2024-08-09T01:47:06.117+0000] {dag.py:3089} INFO - Sync 1 DAGs
[2024-08-09T01:47:06.193+0000] {logging_mixin.py:188} INFO - [2024-08-09T01:47:06.193+0000] {dag.py:3947} INFO - Setting next_dagrun for example_kubernetes_executor to None, run_after=None
[2024-08-09T01:47:06.290+0000] {processor.py:183} INFO - Processing /home/airflow/.local/lib/python3.12/site-packages/airflow/example_dags/example_kubernetes_executor.py took 0.366 seconds
[2024-08-09T01:47:37.944+0000] {processor.py:161} INFO - Started process (PID=1564) to work on /home/airflow/.local/lib/python3.12/site-packages/airflow/example_dags/example_kubernetes_executor.py
[2024-08-09T01:47:37.960+0000] {processor.py:830} INFO - Processing file /home/airflow/.local/lib/python3.12/site-packages/airflow/example_dags/example_kubernetes_executor.py for tasks to queue
[2024-08-09T01:47:37.981+0000] {logging_mixin.py:188} INFO - [2024-08-09T01:47:37.979+0000] {dagbag.py:545} INFO - Filling up the DagBag from /home/airflow/.local/lib/python3.12/site-packages/airflow/example_dags/example_kubernetes_executor.py
[2024-08-09T01:47:38.194+0000] {processor.py:840} INFO - DAG(s) 'example_kubernetes_executor' retrieved from /home/airflow/.local/lib/python3.12/site-packages/airflow/example_dags/example_kubernetes_executor.py
[2024-08-09T01:47:38.792+0000] {logging_mixin.py:188} INFO - [2024-08-09T01:47:38.792+0000] {dag.py:3089} INFO - Sync 1 DAGs
[2024-08-09T01:47:38.967+0000] {logging_mixin.py:188} INFO - [2024-08-09T01:47:38.967+0000] {dag.py:3947} INFO - Setting next_dagrun for example_kubernetes_executor to None, run_after=None
[2024-08-09T01:47:39.125+0000] {processor.py:183} INFO - Processing /home/airflow/.local/lib/python3.12/site-packages/airflow/example_dags/example_kubernetes_executor.py took 1.253 seconds
[2024-08-09T01:48:09.512+0000] {processor.py:161} INFO - Started process (PID=1621) to work on /home/airflow/.local/lib/python3.12/site-packages/airflow/example_dags/example_kubernetes_executor.py
[2024-08-09T01:48:09.516+0000] {processor.py:830} INFO - Processing file /home/airflow/.local/lib/python3.12/site-packages/airflow/example_dags/example_kubernetes_executor.py for tasks to queue
[2024-08-09T01:48:09.524+0000] {logging_mixin.py:188} INFO - [2024-08-09T01:48:09.523+0000] {dagbag.py:545} INFO - Filling up the DagBag from /home/airflow/.local/lib/python3.12/site-packages/airflow/example_dags/example_kubernetes_executor.py
[2024-08-09T01:48:09.554+0000] {processor.py:840} INFO - DAG(s) 'example_kubernetes_executor' retrieved from /home/airflow/.local/lib/python3.12/site-packages/airflow/example_dags/example_kubernetes_executor.py
[2024-08-09T01:48:09.633+0000] {logging_mixin.py:188} INFO - [2024-08-09T01:48:09.633+0000] {dag.py:3089} INFO - Sync 1 DAGs
[2024-08-09T01:48:09.659+0000] {logging_mixin.py:188} INFO - [2024-08-09T01:48:09.658+0000] {dag.py:3947} INFO - Setting next_dagrun for example_kubernetes_executor to None, run_after=None
[2024-08-09T01:48:09.690+0000] {processor.py:183} INFO - Processing /home/airflow/.local/lib/python3.12/site-packages/airflow/example_dags/example_kubernetes_executor.py took 0.197 seconds
[2024-08-09T01:48:40.388+0000] {processor.py:161} INFO - Started process (PID=1679) to work on /home/airflow/.local/lib/python3.12/site-packages/airflow/example_dags/example_kubernetes_executor.py
[2024-08-09T01:48:40.393+0000] {processor.py:830} INFO - Processing file /home/airflow/.local/lib/python3.12/site-packages/airflow/example_dags/example_kubernetes_executor.py for tasks to queue
[2024-08-09T01:48:40.419+0000] {logging_mixin.py:188} INFO - [2024-08-09T01:48:40.416+0000] {dagbag.py:545} INFO - Filling up the DagBag from /home/airflow/.local/lib/python3.12/site-packages/airflow/example_dags/example_kubernetes_executor.py
[2024-08-09T01:48:40.513+0000] {processor.py:840} INFO - DAG(s) 'example_kubernetes_executor' retrieved from /home/airflow/.local/lib/python3.12/site-packages/airflow/example_dags/example_kubernetes_executor.py
[2024-08-09T01:48:40.738+0000] {logging_mixin.py:188} INFO - [2024-08-09T01:48:40.734+0000] {dag.py:3089} INFO - Sync 1 DAGs
[2024-08-09T01:48:40.810+0000] {logging_mixin.py:188} INFO - [2024-08-09T01:48:40.809+0000] {dag.py:3947} INFO - Setting next_dagrun for example_kubernetes_executor to None, run_after=None
[2024-08-09T01:48:41.588+0000] {processor.py:183} INFO - Processing /home/airflow/.local/lib/python3.12/site-packages/airflow/example_dags/example_kubernetes_executor.py took 1.277 seconds
[2024-08-09T01:49:12.425+0000] {processor.py:161} INFO - Started process (PID=1739) to work on /home/airflow/.local/lib/python3.12/site-packages/airflow/example_dags/example_kubernetes_executor.py
[2024-08-09T01:49:12.428+0000] {processor.py:830} INFO - Processing file /home/airflow/.local/lib/python3.12/site-packages/airflow/example_dags/example_kubernetes_executor.py for tasks to queue
[2024-08-09T01:49:12.439+0000] {logging_mixin.py:188} INFO - [2024-08-09T01:49:12.435+0000] {dagbag.py:545} INFO - Filling up the DagBag from /home/airflow/.local/lib/python3.12/site-packages/airflow/example_dags/example_kubernetes_executor.py
[2024-08-09T01:49:12.520+0000] {processor.py:840} INFO - DAG(s) 'example_kubernetes_executor' retrieved from /home/airflow/.local/lib/python3.12/site-packages/airflow/example_dags/example_kubernetes_executor.py
[2024-08-09T01:49:12.729+0000] {logging_mixin.py:188} INFO - [2024-08-09T01:49:12.729+0000] {dag.py:3089} INFO - Sync 1 DAGs
[2024-08-09T01:49:12.815+0000] {logging_mixin.py:188} INFO - [2024-08-09T01:49:12.813+0000] {dag.py:3947} INFO - Setting next_dagrun for example_kubernetes_executor to None, run_after=None
[2024-08-09T01:49:12.961+0000] {processor.py:183} INFO - Processing /home/airflow/.local/lib/python3.12/site-packages/airflow/example_dags/example_kubernetes_executor.py took 0.579 seconds
[2024-08-09T01:49:43.959+0000] {processor.py:161} INFO - Started process (PID=1797) to work on /home/airflow/.local/lib/python3.12/site-packages/airflow/example_dags/example_kubernetes_executor.py
[2024-08-09T01:49:43.963+0000] {processor.py:830} INFO - Processing file /home/airflow/.local/lib/python3.12/site-packages/airflow/example_dags/example_kubernetes_executor.py for tasks to queue
[2024-08-09T01:49:43.971+0000] {logging_mixin.py:188} INFO - [2024-08-09T01:49:43.969+0000] {dagbag.py:545} INFO - Filling up the DagBag from /home/airflow/.local/lib/python3.12/site-packages/airflow/example_dags/example_kubernetes_executor.py
[2024-08-09T01:49:44.015+0000] {processor.py:840} INFO - DAG(s) 'example_kubernetes_executor' retrieved from /home/airflow/.local/lib/python3.12/site-packages/airflow/example_dags/example_kubernetes_executor.py
[2024-08-09T01:49:44.169+0000] {logging_mixin.py:188} INFO - [2024-08-09T01:49:44.168+0000] {dag.py:3089} INFO - Sync 1 DAGs
[2024-08-09T01:49:44.217+0000] {logging_mixin.py:188} INFO - [2024-08-09T01:49:44.216+0000] {dag.py:3947} INFO - Setting next_dagrun for example_kubernetes_executor to None, run_after=None
[2024-08-09T01:49:44.270+0000] {processor.py:183} INFO - Processing /home/airflow/.local/lib/python3.12/site-packages/airflow/example_dags/example_kubernetes_executor.py took 0.338 seconds
[2024-08-09T01:50:28.660+0000] {processor.py:161} INFO - Started process (PID=1849) to work on /home/airflow/.local/lib/python3.12/site-packages/airflow/example_dags/example_kubernetes_executor.py
[2024-08-09T01:50:28.665+0000] {processor.py:830} INFO - Processing file /home/airflow/.local/lib/python3.12/site-packages/airflow/example_dags/example_kubernetes_executor.py for tasks to queue
[2024-08-09T01:50:28.677+0000] {logging_mixin.py:188} INFO - [2024-08-09T01:50:28.676+0000] {dagbag.py:545} INFO - Filling up the DagBag from /home/airflow/.local/lib/python3.12/site-packages/airflow/example_dags/example_kubernetes_executor.py
[2024-08-09T01:50:30.060+0000] {processor.py:840} INFO - DAG(s) 'example_kubernetes_executor' retrieved from /home/airflow/.local/lib/python3.12/site-packages/airflow/example_dags/example_kubernetes_executor.py
[2024-08-09T01:50:30.253+0000] {logging_mixin.py:188} INFO - [2024-08-09T01:50:30.252+0000] {dag.py:3089} INFO - Sync 1 DAGs
[2024-08-09T01:50:30.295+0000] {logging_mixin.py:188} INFO - [2024-08-09T01:50:30.294+0000] {dag.py:3947} INFO - Setting next_dagrun for example_kubernetes_executor to None, run_after=None
[2024-08-09T01:50:30.403+0000] {processor.py:183} INFO - Processing /home/airflow/.local/lib/python3.12/site-packages/airflow/example_dags/example_kubernetes_executor.py took 1.781 seconds
[2024-08-09T01:51:01.066+0000] {processor.py:161} INFO - Started process (PID=1907) to work on /home/airflow/.local/lib/python3.12/site-packages/airflow/example_dags/example_kubernetes_executor.py
[2024-08-09T01:51:01.104+0000] {processor.py:830} INFO - Processing file /home/airflow/.local/lib/python3.12/site-packages/airflow/example_dags/example_kubernetes_executor.py for tasks to queue
[2024-08-09T01:51:01.152+0000] {logging_mixin.py:188} INFO - [2024-08-09T01:51:01.143+0000] {dagbag.py:545} INFO - Filling up the DagBag from /home/airflow/.local/lib/python3.12/site-packages/airflow/example_dags/example_kubernetes_executor.py
[2024-08-09T01:51:01.293+0000] {processor.py:840} INFO - DAG(s) 'example_kubernetes_executor' retrieved from /home/airflow/.local/lib/python3.12/site-packages/airflow/example_dags/example_kubernetes_executor.py
[2024-08-09T01:51:01.706+0000] {logging_mixin.py:188} INFO - [2024-08-09T01:51:01.702+0000] {dag.py:3089} INFO - Sync 1 DAGs
[2024-08-09T01:51:01.829+0000] {logging_mixin.py:188} INFO - [2024-08-09T01:51:01.828+0000] {dag.py:3947} INFO - Setting next_dagrun for example_kubernetes_executor to None, run_after=None
[2024-08-09T01:51:02.003+0000] {processor.py:183} INFO - Processing /home/airflow/.local/lib/python3.12/site-packages/airflow/example_dags/example_kubernetes_executor.py took 1.109 seconds
[2024-08-09T01:51:32.350+0000] {processor.py:161} INFO - Started process (PID=1965) to work on /home/airflow/.local/lib/python3.12/site-packages/airflow/example_dags/example_kubernetes_executor.py
[2024-08-09T01:51:32.354+0000] {processor.py:830} INFO - Processing file /home/airflow/.local/lib/python3.12/site-packages/airflow/example_dags/example_kubernetes_executor.py for tasks to queue
[2024-08-09T01:51:32.361+0000] {logging_mixin.py:188} INFO - [2024-08-09T01:51:32.359+0000] {dagbag.py:545} INFO - Filling up the DagBag from /home/airflow/.local/lib/python3.12/site-packages/airflow/example_dags/example_kubernetes_executor.py
[2024-08-09T01:51:32.406+0000] {processor.py:840} INFO - DAG(s) 'example_kubernetes_executor' retrieved from /home/airflow/.local/lib/python3.12/site-packages/airflow/example_dags/example_kubernetes_executor.py
[2024-08-09T01:51:32.519+0000] {logging_mixin.py:188} INFO - [2024-08-09T01:51:32.518+0000] {dag.py:3089} INFO - Sync 1 DAGs
[2024-08-09T01:51:32.548+0000] {logging_mixin.py:188} INFO - [2024-08-09T01:51:32.547+0000] {dag.py:3947} INFO - Setting next_dagrun for example_kubernetes_executor to None, run_after=None
[2024-08-09T01:51:32.595+0000] {processor.py:183} INFO - Processing /home/airflow/.local/lib/python3.12/site-packages/airflow/example_dags/example_kubernetes_executor.py took 0.276 seconds
[2024-08-09T01:52:02.798+0000] {processor.py:161} INFO - Started process (PID=2023) to work on /home/airflow/.local/lib/python3.12/site-packages/airflow/example_dags/example_kubernetes_executor.py
[2024-08-09T01:52:02.801+0000] {processor.py:830} INFO - Processing file /home/airflow/.local/lib/python3.12/site-packages/airflow/example_dags/example_kubernetes_executor.py for tasks to queue
[2024-08-09T01:52:02.809+0000] {logging_mixin.py:188} INFO - [2024-08-09T01:52:02.808+0000] {dagbag.py:545} INFO - Filling up the DagBag from /home/airflow/.local/lib/python3.12/site-packages/airflow/example_dags/example_kubernetes_executor.py
[2024-08-09T01:52:02.856+0000] {processor.py:840} INFO - DAG(s) 'example_kubernetes_executor' retrieved from /home/airflow/.local/lib/python3.12/site-packages/airflow/example_dags/example_kubernetes_executor.py
[2024-08-09T01:52:02.946+0000] {logging_mixin.py:188} INFO - [2024-08-09T01:52:02.946+0000] {dag.py:3089} INFO - Sync 1 DAGs
[2024-08-09T01:52:02.971+0000] {logging_mixin.py:188} INFO - [2024-08-09T01:52:02.970+0000] {dag.py:3947} INFO - Setting next_dagrun for example_kubernetes_executor to None, run_after=None
[2024-08-09T01:52:03.004+0000] {processor.py:183} INFO - Processing /home/airflow/.local/lib/python3.12/site-packages/airflow/example_dags/example_kubernetes_executor.py took 0.229 seconds
[2024-08-09T01:52:33.787+0000] {processor.py:161} INFO - Started process (PID=2081) to work on /home/airflow/.local/lib/python3.12/site-packages/airflow/example_dags/example_kubernetes_executor.py
[2024-08-09T01:52:33.789+0000] {processor.py:830} INFO - Processing file /home/airflow/.local/lib/python3.12/site-packages/airflow/example_dags/example_kubernetes_executor.py for tasks to queue
[2024-08-09T01:52:33.795+0000] {logging_mixin.py:188} INFO - [2024-08-09T01:52:33.794+0000] {dagbag.py:545} INFO - Filling up the DagBag from /home/airflow/.local/lib/python3.12/site-packages/airflow/example_dags/example_kubernetes_executor.py
[2024-08-09T01:52:33.822+0000] {processor.py:840} INFO - DAG(s) 'example_kubernetes_executor' retrieved from /home/airflow/.local/lib/python3.12/site-packages/airflow/example_dags/example_kubernetes_executor.py
[2024-08-09T01:52:33.915+0000] {logging_mixin.py:188} INFO - [2024-08-09T01:52:33.914+0000] {dag.py:3089} INFO - Sync 1 DAGs
[2024-08-09T01:52:33.946+0000] {logging_mixin.py:188} INFO - [2024-08-09T01:52:33.946+0000] {dag.py:3947} INFO - Setting next_dagrun for example_kubernetes_executor to None, run_after=None
[2024-08-09T01:52:34.004+0000] {processor.py:183} INFO - Processing /home/airflow/.local/lib/python3.12/site-packages/airflow/example_dags/example_kubernetes_executor.py took 0.232 seconds
[2024-08-09T01:53:04.403+0000] {processor.py:161} INFO - Started process (PID=2138) to work on /home/airflow/.local/lib/python3.12/site-packages/airflow/example_dags/example_kubernetes_executor.py
[2024-08-09T01:53:04.409+0000] {processor.py:830} INFO - Processing file /home/airflow/.local/lib/python3.12/site-packages/airflow/example_dags/example_kubernetes_executor.py for tasks to queue
[2024-08-09T01:53:04.419+0000] {logging_mixin.py:188} INFO - [2024-08-09T01:53:04.419+0000] {dagbag.py:545} INFO - Filling up the DagBag from /home/airflow/.local/lib/python3.12/site-packages/airflow/example_dags/example_kubernetes_executor.py
[2024-08-09T01:53:04.456+0000] {processor.py:840} INFO - DAG(s) 'example_kubernetes_executor' retrieved from /home/airflow/.local/lib/python3.12/site-packages/airflow/example_dags/example_kubernetes_executor.py
[2024-08-09T01:53:04.588+0000] {logging_mixin.py:188} INFO - [2024-08-09T01:53:04.588+0000] {dag.py:3089} INFO - Sync 1 DAGs
[2024-08-09T01:53:04.619+0000] {logging_mixin.py:188} INFO - [2024-08-09T01:53:04.619+0000] {dag.py:3947} INFO - Setting next_dagrun for example_kubernetes_executor to None, run_after=None
[2024-08-09T01:53:04.657+0000] {processor.py:183} INFO - Processing /home/airflow/.local/lib/python3.12/site-packages/airflow/example_dags/example_kubernetes_executor.py took 0.276 seconds
[2024-08-09T01:53:39.042+0000] {processor.py:161} INFO - Started process (PID=2195) to work on /home/airflow/.local/lib/python3.12/site-packages/airflow/example_dags/example_kubernetes_executor.py
[2024-08-09T01:53:39.051+0000] {processor.py:830} INFO - Processing file /home/airflow/.local/lib/python3.12/site-packages/airflow/example_dags/example_kubernetes_executor.py for tasks to queue
[2024-08-09T01:53:39.062+0000] {logging_mixin.py:188} INFO - [2024-08-09T01:53:39.061+0000] {dagbag.py:545} INFO - Filling up the DagBag from /home/airflow/.local/lib/python3.12/site-packages/airflow/example_dags/example_kubernetes_executor.py
[2024-08-09T01:53:39.166+0000] {processor.py:840} INFO - DAG(s) 'example_kubernetes_executor' retrieved from /home/airflow/.local/lib/python3.12/site-packages/airflow/example_dags/example_kubernetes_executor.py
[2024-08-09T01:53:39.357+0000] {logging_mixin.py:188} INFO - [2024-08-09T01:53:39.356+0000] {dag.py:3089} INFO - Sync 1 DAGs
[2024-08-09T01:53:39.381+0000] {logging_mixin.py:188} INFO - [2024-08-09T01:53:39.380+0000] {dag.py:3947} INFO - Setting next_dagrun for example_kubernetes_executor to None, run_after=None
[2024-08-09T01:53:39.442+0000] {processor.py:183} INFO - Processing /home/airflow/.local/lib/python3.12/site-packages/airflow/example_dags/example_kubernetes_executor.py took 0.462 seconds
[2024-08-09T01:54:11.806+0000] {processor.py:161} INFO - Started process (PID=2253) to work on /home/airflow/.local/lib/python3.12/site-packages/airflow/example_dags/example_kubernetes_executor.py
[2024-08-09T01:54:11.809+0000] {processor.py:830} INFO - Processing file /home/airflow/.local/lib/python3.12/site-packages/airflow/example_dags/example_kubernetes_executor.py for tasks to queue
[2024-08-09T01:54:11.816+0000] {logging_mixin.py:188} INFO - [2024-08-09T01:54:11.815+0000] {dagbag.py:545} INFO - Filling up the DagBag from /home/airflow/.local/lib/python3.12/site-packages/airflow/example_dags/example_kubernetes_executor.py
[2024-08-09T01:54:11.869+0000] {processor.py:840} INFO - DAG(s) 'example_kubernetes_executor' retrieved from /home/airflow/.local/lib/python3.12/site-packages/airflow/example_dags/example_kubernetes_executor.py
[2024-08-09T01:54:12.226+0000] {logging_mixin.py:188} INFO - [2024-08-09T01:54:12.226+0000] {dag.py:3089} INFO - Sync 1 DAGs
[2024-08-09T01:54:12.376+0000] {logging_mixin.py:188} INFO - [2024-08-09T01:54:12.376+0000] {dag.py:3947} INFO - Setting next_dagrun for example_kubernetes_executor to None, run_after=None
[2024-08-09T01:54:12.553+0000] {processor.py:183} INFO - Processing /home/airflow/.local/lib/python3.12/site-packages/airflow/example_dags/example_kubernetes_executor.py took 0.780 seconds
[2024-08-09T01:54:42.754+0000] {processor.py:161} INFO - Started process (PID=2312) to work on /home/airflow/.local/lib/python3.12/site-packages/airflow/example_dags/example_kubernetes_executor.py
[2024-08-09T01:54:42.759+0000] {processor.py:830} INFO - Processing file /home/airflow/.local/lib/python3.12/site-packages/airflow/example_dags/example_kubernetes_executor.py for tasks to queue
[2024-08-09T01:54:42.766+0000] {logging_mixin.py:188} INFO - [2024-08-09T01:54:42.765+0000] {dagbag.py:545} INFO - Filling up the DagBag from /home/airflow/.local/lib/python3.12/site-packages/airflow/example_dags/example_kubernetes_executor.py
[2024-08-09T01:54:42.808+0000] {processor.py:840} INFO - DAG(s) 'example_kubernetes_executor' retrieved from /home/airflow/.local/lib/python3.12/site-packages/airflow/example_dags/example_kubernetes_executor.py
[2024-08-09T01:54:42.935+0000] {logging_mixin.py:188} INFO - [2024-08-09T01:54:42.934+0000] {dag.py:3089} INFO - Sync 1 DAGs
[2024-08-09T01:54:42.965+0000] {logging_mixin.py:188} INFO - [2024-08-09T01:54:42.965+0000] {dag.py:3947} INFO - Setting next_dagrun for example_kubernetes_executor to None, run_after=None
[2024-08-09T01:54:43.003+0000] {processor.py:183} INFO - Processing /home/airflow/.local/lib/python3.12/site-packages/airflow/example_dags/example_kubernetes_executor.py took 0.281 seconds
[2024-08-09T01:55:13.975+0000] {processor.py:161} INFO - Started process (PID=2370) to work on /home/airflow/.local/lib/python3.12/site-packages/airflow/example_dags/example_kubernetes_executor.py
[2024-08-09T01:55:13.978+0000] {processor.py:830} INFO - Processing file /home/airflow/.local/lib/python3.12/site-packages/airflow/example_dags/example_kubernetes_executor.py for tasks to queue
[2024-08-09T01:55:13.985+0000] {logging_mixin.py:188} INFO - [2024-08-09T01:55:13.984+0000] {dagbag.py:545} INFO - Filling up the DagBag from /home/airflow/.local/lib/python3.12/site-packages/airflow/example_dags/example_kubernetes_executor.py
[2024-08-09T01:55:14.027+0000] {processor.py:840} INFO - DAG(s) 'example_kubernetes_executor' retrieved from /home/airflow/.local/lib/python3.12/site-packages/airflow/example_dags/example_kubernetes_executor.py
[2024-08-09T01:55:14.113+0000] {logging_mixin.py:188} INFO - [2024-08-09T01:55:14.112+0000] {dag.py:3089} INFO - Sync 1 DAGs
[2024-08-09T01:55:14.137+0000] {logging_mixin.py:188} INFO - [2024-08-09T01:55:14.137+0000] {dag.py:3947} INFO - Setting next_dagrun for example_kubernetes_executor to None, run_after=None
[2024-08-09T01:55:14.176+0000] {processor.py:183} INFO - Processing /home/airflow/.local/lib/python3.12/site-packages/airflow/example_dags/example_kubernetes_executor.py took 0.222 seconds
[2024-08-09T01:55:44.431+0000] {processor.py:161} INFO - Started process (PID=2429) to work on /home/airflow/.local/lib/python3.12/site-packages/airflow/example_dags/example_kubernetes_executor.py
[2024-08-09T01:55:44.435+0000] {processor.py:830} INFO - Processing file /home/airflow/.local/lib/python3.12/site-packages/airflow/example_dags/example_kubernetes_executor.py for tasks to queue
[2024-08-09T01:55:44.441+0000] {logging_mixin.py:188} INFO - [2024-08-09T01:55:44.440+0000] {dagbag.py:545} INFO - Filling up the DagBag from /home/airflow/.local/lib/python3.12/site-packages/airflow/example_dags/example_kubernetes_executor.py
[2024-08-09T01:55:44.468+0000] {processor.py:840} INFO - DAG(s) 'example_kubernetes_executor' retrieved from /home/airflow/.local/lib/python3.12/site-packages/airflow/example_dags/example_kubernetes_executor.py
[2024-08-09T01:55:44.552+0000] {logging_mixin.py:188} INFO - [2024-08-09T01:55:44.551+0000] {dag.py:3089} INFO - Sync 1 DAGs
[2024-08-09T01:55:44.575+0000] {logging_mixin.py:188} INFO - [2024-08-09T01:55:44.574+0000] {dag.py:3947} INFO - Setting next_dagrun for example_kubernetes_executor to None, run_after=None
[2024-08-09T01:55:44.607+0000] {processor.py:183} INFO - Processing /home/airflow/.local/lib/python3.12/site-packages/airflow/example_dags/example_kubernetes_executor.py took 0.193 seconds
[2024-08-09T01:56:14.764+0000] {processor.py:161} INFO - Started process (PID=2487) to work on /home/airflow/.local/lib/python3.12/site-packages/airflow/example_dags/example_kubernetes_executor.py
[2024-08-09T01:56:14.766+0000] {processor.py:830} INFO - Processing file /home/airflow/.local/lib/python3.12/site-packages/airflow/example_dags/example_kubernetes_executor.py for tasks to queue
[2024-08-09T01:56:14.771+0000] {logging_mixin.py:188} INFO - [2024-08-09T01:56:14.771+0000] {dagbag.py:545} INFO - Filling up the DagBag from /home/airflow/.local/lib/python3.12/site-packages/airflow/example_dags/example_kubernetes_executor.py
[2024-08-09T01:56:14.801+0000] {processor.py:840} INFO - DAG(s) 'example_kubernetes_executor' retrieved from /home/airflow/.local/lib/python3.12/site-packages/airflow/example_dags/example_kubernetes_executor.py
[2024-08-09T01:56:14.892+0000] {logging_mixin.py:188} INFO - [2024-08-09T01:56:14.891+0000] {dag.py:3089} INFO - Sync 1 DAGs
[2024-08-09T01:56:14.921+0000] {logging_mixin.py:188} INFO - [2024-08-09T01:56:14.921+0000] {dag.py:3947} INFO - Setting next_dagrun for example_kubernetes_executor to None, run_after=None
[2024-08-09T01:56:14.963+0000] {processor.py:183} INFO - Processing /home/airflow/.local/lib/python3.12/site-packages/airflow/example_dags/example_kubernetes_executor.py took 0.217 seconds
[2024-08-09T01:56:45.237+0000] {processor.py:161} INFO - Started process (PID=2544) to work on /home/airflow/.local/lib/python3.12/site-packages/airflow/example_dags/example_kubernetes_executor.py
[2024-08-09T01:56:45.248+0000] {processor.py:830} INFO - Processing file /home/airflow/.local/lib/python3.12/site-packages/airflow/example_dags/example_kubernetes_executor.py for tasks to queue
[2024-08-09T01:56:45.263+0000] {logging_mixin.py:188} INFO - [2024-08-09T01:56:45.262+0000] {dagbag.py:545} INFO - Filling up the DagBag from /home/airflow/.local/lib/python3.12/site-packages/airflow/example_dags/example_kubernetes_executor.py
[2024-08-09T01:56:45.354+0000] {processor.py:840} INFO - DAG(s) 'example_kubernetes_executor' retrieved from /home/airflow/.local/lib/python3.12/site-packages/airflow/example_dags/example_kubernetes_executor.py
[2024-08-09T01:56:45.576+0000] {logging_mixin.py:188} INFO - [2024-08-09T01:56:45.575+0000] {dag.py:3089} INFO - Sync 1 DAGs
[2024-08-09T01:56:45.610+0000] {logging_mixin.py:188} INFO - [2024-08-09T01:56:45.609+0000] {dag.py:3947} INFO - Setting next_dagrun for example_kubernetes_executor to None, run_after=None
[2024-08-09T01:56:45.697+0000] {processor.py:183} INFO - Processing /home/airflow/.local/lib/python3.12/site-packages/airflow/example_dags/example_kubernetes_executor.py took 0.508 seconds
[2024-08-09T01:57:17.233+0000] {processor.py:161} INFO - Started process (PID=2602) to work on /home/airflow/.local/lib/python3.12/site-packages/airflow/example_dags/example_kubernetes_executor.py
[2024-08-09T01:57:17.240+0000] {processor.py:830} INFO - Processing file /home/airflow/.local/lib/python3.12/site-packages/airflow/example_dags/example_kubernetes_executor.py for tasks to queue
[2024-08-09T01:57:17.254+0000] {logging_mixin.py:188} INFO - [2024-08-09T01:57:17.250+0000] {dagbag.py:545} INFO - Filling up the DagBag from /home/airflow/.local/lib/python3.12/site-packages/airflow/example_dags/example_kubernetes_executor.py
[2024-08-09T01:57:17.351+0000] {processor.py:840} INFO - DAG(s) 'example_kubernetes_executor' retrieved from /home/airflow/.local/lib/python3.12/site-packages/airflow/example_dags/example_kubernetes_executor.py
[2024-08-09T01:57:17.794+0000] {logging_mixin.py:188} INFO - [2024-08-09T01:57:17.791+0000] {dag.py:3089} INFO - Sync 1 DAGs
[2024-08-09T01:57:17.926+0000] {logging_mixin.py:188} INFO - [2024-08-09T01:57:17.926+0000] {dag.py:3947} INFO - Setting next_dagrun for example_kubernetes_executor to None, run_after=None
[2024-08-09T01:57:18.163+0000] {processor.py:183} INFO - Processing /home/airflow/.local/lib/python3.12/site-packages/airflow/example_dags/example_kubernetes_executor.py took 0.984 seconds
[2024-08-09T01:57:48.411+0000] {processor.py:161} INFO - Started process (PID=2660) to work on /home/airflow/.local/lib/python3.12/site-packages/airflow/example_dags/example_kubernetes_executor.py
[2024-08-09T01:57:48.418+0000] {processor.py:830} INFO - Processing file /home/airflow/.local/lib/python3.12/site-packages/airflow/example_dags/example_kubernetes_executor.py for tasks to queue
[2024-08-09T01:57:48.425+0000] {logging_mixin.py:188} INFO - [2024-08-09T01:57:48.424+0000] {dagbag.py:545} INFO - Filling up the DagBag from /home/airflow/.local/lib/python3.12/site-packages/airflow/example_dags/example_kubernetes_executor.py
[2024-08-09T01:57:48.472+0000] {processor.py:840} INFO - DAG(s) 'example_kubernetes_executor' retrieved from /home/airflow/.local/lib/python3.12/site-packages/airflow/example_dags/example_kubernetes_executor.py
[2024-08-09T01:57:48.585+0000] {logging_mixin.py:188} INFO - [2024-08-09T01:57:48.585+0000] {dag.py:3089} INFO - Sync 1 DAGs
[2024-08-09T01:57:48.617+0000] {logging_mixin.py:188} INFO - [2024-08-09T01:57:48.617+0000] {dag.py:3947} INFO - Setting next_dagrun for example_kubernetes_executor to None, run_after=None
[2024-08-09T01:57:48.676+0000] {processor.py:183} INFO - Processing /home/airflow/.local/lib/python3.12/site-packages/airflow/example_dags/example_kubernetes_executor.py took 0.301 seconds
[2024-08-09T01:58:19.386+0000] {processor.py:161} INFO - Started process (PID=2717) to work on /home/airflow/.local/lib/python3.12/site-packages/airflow/example_dags/example_kubernetes_executor.py
[2024-08-09T01:58:19.389+0000] {processor.py:830} INFO - Processing file /home/airflow/.local/lib/python3.12/site-packages/airflow/example_dags/example_kubernetes_executor.py for tasks to queue
[2024-08-09T01:58:19.397+0000] {logging_mixin.py:188} INFO - [2024-08-09T01:58:19.396+0000] {dagbag.py:545} INFO - Filling up the DagBag from /home/airflow/.local/lib/python3.12/site-packages/airflow/example_dags/example_kubernetes_executor.py
[2024-08-09T01:58:19.447+0000] {processor.py:840} INFO - DAG(s) 'example_kubernetes_executor' retrieved from /home/airflow/.local/lib/python3.12/site-packages/airflow/example_dags/example_kubernetes_executor.py
[2024-08-09T01:58:19.598+0000] {logging_mixin.py:188} INFO - [2024-08-09T01:58:19.598+0000] {dag.py:3089} INFO - Sync 1 DAGs
[2024-08-09T01:58:19.639+0000] {logging_mixin.py:188} INFO - [2024-08-09T01:58:19.638+0000] {dag.py:3947} INFO - Setting next_dagrun for example_kubernetes_executor to None, run_after=None
[2024-08-09T01:58:19.700+0000] {processor.py:183} INFO - Processing /home/airflow/.local/lib/python3.12/site-packages/airflow/example_dags/example_kubernetes_executor.py took 0.341 seconds
[2024-08-09T01:58:49.841+0000] {processor.py:161} INFO - Started process (PID=2775) to work on /home/airflow/.local/lib/python3.12/site-packages/airflow/example_dags/example_kubernetes_executor.py
[2024-08-09T01:58:49.845+0000] {processor.py:830} INFO - Processing file /home/airflow/.local/lib/python3.12/site-packages/airflow/example_dags/example_kubernetes_executor.py for tasks to queue
[2024-08-09T01:58:49.852+0000] {logging_mixin.py:188} INFO - [2024-08-09T01:58:49.851+0000] {dagbag.py:545} INFO - Filling up the DagBag from /home/airflow/.local/lib/python3.12/site-packages/airflow/example_dags/example_kubernetes_executor.py
[2024-08-09T01:58:49.897+0000] {processor.py:840} INFO - DAG(s) 'example_kubernetes_executor' retrieved from /home/airflow/.local/lib/python3.12/site-packages/airflow/example_dags/example_kubernetes_executor.py
[2024-08-09T01:58:50.041+0000] {logging_mixin.py:188} INFO - [2024-08-09T01:58:50.041+0000] {dag.py:3089} INFO - Sync 1 DAGs
[2024-08-09T01:58:50.077+0000] {logging_mixin.py:188} INFO - [2024-08-09T01:58:50.077+0000] {dag.py:3947} INFO - Setting next_dagrun for example_kubernetes_executor to None, run_after=None
[2024-08-09T01:58:50.121+0000] {processor.py:183} INFO - Processing /home/airflow/.local/lib/python3.12/site-packages/airflow/example_dags/example_kubernetes_executor.py took 0.314 seconds
[2024-08-09T01:59:20.942+0000] {processor.py:161} INFO - Started process (PID=2833) to work on /home/airflow/.local/lib/python3.12/site-packages/airflow/example_dags/example_kubernetes_executor.py
[2024-08-09T01:59:20.946+0000] {processor.py:830} INFO - Processing file /home/airflow/.local/lib/python3.12/site-packages/airflow/example_dags/example_kubernetes_executor.py for tasks to queue
[2024-08-09T01:59:20.951+0000] {logging_mixin.py:188} INFO - [2024-08-09T01:59:20.951+0000] {dagbag.py:545} INFO - Filling up the DagBag from /home/airflow/.local/lib/python3.12/site-packages/airflow/example_dags/example_kubernetes_executor.py
[2024-08-09T01:59:20.993+0000] {processor.py:840} INFO - DAG(s) 'example_kubernetes_executor' retrieved from /home/airflow/.local/lib/python3.12/site-packages/airflow/example_dags/example_kubernetes_executor.py
[2024-08-09T01:59:21.110+0000] {logging_mixin.py:188} INFO - [2024-08-09T01:59:21.110+0000] {dag.py:3089} INFO - Sync 1 DAGs
[2024-08-09T01:59:21.139+0000] {logging_mixin.py:188} INFO - [2024-08-09T01:59:21.139+0000] {dag.py:3947} INFO - Setting next_dagrun for example_kubernetes_executor to None, run_after=None
[2024-08-09T01:59:21.272+0000] {processor.py:183} INFO - Processing /home/airflow/.local/lib/python3.12/site-packages/airflow/example_dags/example_kubernetes_executor.py took 0.355 seconds
[2024-08-09T01:59:51.461+0000] {processor.py:161} INFO - Started process (PID=2891) to work on /home/airflow/.local/lib/python3.12/site-packages/airflow/example_dags/example_kubernetes_executor.py
[2024-08-09T01:59:51.466+0000] {processor.py:830} INFO - Processing file /home/airflow/.local/lib/python3.12/site-packages/airflow/example_dags/example_kubernetes_executor.py for tasks to queue
[2024-08-09T01:59:51.474+0000] {logging_mixin.py:188} INFO - [2024-08-09T01:59:51.473+0000] {dagbag.py:545} INFO - Filling up the DagBag from /home/airflow/.local/lib/python3.12/site-packages/airflow/example_dags/example_kubernetes_executor.py
[2024-08-09T01:59:51.525+0000] {processor.py:840} INFO - DAG(s) 'example_kubernetes_executor' retrieved from /home/airflow/.local/lib/python3.12/site-packages/airflow/example_dags/example_kubernetes_executor.py
[2024-08-09T01:59:51.642+0000] {logging_mixin.py:188} INFO - [2024-08-09T01:59:51.642+0000] {dag.py:3089} INFO - Sync 1 DAGs
[2024-08-09T01:59:51.675+0000] {logging_mixin.py:188} INFO - [2024-08-09T01:59:51.675+0000] {dag.py:3947} INFO - Setting next_dagrun for example_kubernetes_executor to None, run_after=None
[2024-08-09T01:59:51.720+0000] {processor.py:183} INFO - Processing /home/airflow/.local/lib/python3.12/site-packages/airflow/example_dags/example_kubernetes_executor.py took 0.291 seconds
[2024-08-09T02:00:21.810+0000] {processor.py:161} INFO - Started process (PID=2948) to work on /home/airflow/.local/lib/python3.12/site-packages/airflow/example_dags/example_kubernetes_executor.py
[2024-08-09T02:00:21.813+0000] {processor.py:830} INFO - Processing file /home/airflow/.local/lib/python3.12/site-packages/airflow/example_dags/example_kubernetes_executor.py for tasks to queue
[2024-08-09T02:00:21.818+0000] {logging_mixin.py:188} INFO - [2024-08-09T02:00:21.817+0000] {dagbag.py:545} INFO - Filling up the DagBag from /home/airflow/.local/lib/python3.12/site-packages/airflow/example_dags/example_kubernetes_executor.py
[2024-08-09T02:00:21.846+0000] {processor.py:840} INFO - DAG(s) 'example_kubernetes_executor' retrieved from /home/airflow/.local/lib/python3.12/site-packages/airflow/example_dags/example_kubernetes_executor.py
[2024-08-09T02:00:21.933+0000] {logging_mixin.py:188} INFO - [2024-08-09T02:00:21.932+0000] {dag.py:3089} INFO - Sync 1 DAGs
[2024-08-09T02:00:21.959+0000] {logging_mixin.py:188} INFO - [2024-08-09T02:00:21.959+0000] {dag.py:3947} INFO - Setting next_dagrun for example_kubernetes_executor to None, run_after=None
[2024-08-09T02:00:22.016+0000] {processor.py:183} INFO - Processing /home/airflow/.local/lib/python3.12/site-packages/airflow/example_dags/example_kubernetes_executor.py took 0.221 seconds
[2024-08-09T02:00:53.031+0000] {processor.py:161} INFO - Started process (PID=3006) to work on /home/airflow/.local/lib/python3.12/site-packages/airflow/example_dags/example_kubernetes_executor.py
[2024-08-09T02:00:53.033+0000] {processor.py:830} INFO - Processing file /home/airflow/.local/lib/python3.12/site-packages/airflow/example_dags/example_kubernetes_executor.py for tasks to queue
[2024-08-09T02:00:53.037+0000] {logging_mixin.py:188} INFO - [2024-08-09T02:00:53.037+0000] {dagbag.py:545} INFO - Filling up the DagBag from /home/airflow/.local/lib/python3.12/site-packages/airflow/example_dags/example_kubernetes_executor.py
[2024-08-09T02:00:53.070+0000] {processor.py:840} INFO - DAG(s) 'example_kubernetes_executor' retrieved from /home/airflow/.local/lib/python3.12/site-packages/airflow/example_dags/example_kubernetes_executor.py
[2024-08-09T02:00:53.159+0000] {logging_mixin.py:188} INFO - [2024-08-09T02:00:53.157+0000] {dag.py:3089} INFO - Sync 1 DAGs
[2024-08-09T02:00:53.187+0000] {logging_mixin.py:188} INFO - [2024-08-09T02:00:53.186+0000] {dag.py:3947} INFO - Setting next_dagrun for example_kubernetes_executor to None, run_after=None
[2024-08-09T02:00:53.234+0000] {processor.py:183} INFO - Processing /home/airflow/.local/lib/python3.12/site-packages/airflow/example_dags/example_kubernetes_executor.py took 0.217 seconds
[2024-08-09T02:01:23.326+0000] {processor.py:161} INFO - Started process (PID=3064) to work on /home/airflow/.local/lib/python3.12/site-packages/airflow/example_dags/example_kubernetes_executor.py
[2024-08-09T02:01:23.330+0000] {processor.py:830} INFO - Processing file /home/airflow/.local/lib/python3.12/site-packages/airflow/example_dags/example_kubernetes_executor.py for tasks to queue
[2024-08-09T02:01:23.336+0000] {logging_mixin.py:188} INFO - [2024-08-09T02:01:23.335+0000] {dagbag.py:545} INFO - Filling up the DagBag from /home/airflow/.local/lib/python3.12/site-packages/airflow/example_dags/example_kubernetes_executor.py
[2024-08-09T02:01:23.367+0000] {processor.py:840} INFO - DAG(s) 'example_kubernetes_executor' retrieved from /home/airflow/.local/lib/python3.12/site-packages/airflow/example_dags/example_kubernetes_executor.py
[2024-08-09T02:01:23.441+0000] {logging_mixin.py:188} INFO - [2024-08-09T02:01:23.441+0000] {dag.py:3089} INFO - Sync 1 DAGs
[2024-08-09T02:01:23.463+0000] {logging_mixin.py:188} INFO - [2024-08-09T02:01:23.462+0000] {dag.py:3947} INFO - Setting next_dagrun for example_kubernetes_executor to None, run_after=None
[2024-08-09T02:01:23.491+0000] {processor.py:183} INFO - Processing /home/airflow/.local/lib/python3.12/site-packages/airflow/example_dags/example_kubernetes_executor.py took 0.182 seconds
[2024-08-09T02:01:53.968+0000] {processor.py:161} INFO - Started process (PID=3122) to work on /home/airflow/.local/lib/python3.12/site-packages/airflow/example_dags/example_kubernetes_executor.py
[2024-08-09T02:01:53.971+0000] {processor.py:830} INFO - Processing file /home/airflow/.local/lib/python3.12/site-packages/airflow/example_dags/example_kubernetes_executor.py for tasks to queue
[2024-08-09T02:01:53.977+0000] {logging_mixin.py:188} INFO - [2024-08-09T02:01:53.975+0000] {dagbag.py:545} INFO - Filling up the DagBag from /home/airflow/.local/lib/python3.12/site-packages/airflow/example_dags/example_kubernetes_executor.py
[2024-08-09T02:01:54.011+0000] {processor.py:840} INFO - DAG(s) 'example_kubernetes_executor' retrieved from /home/airflow/.local/lib/python3.12/site-packages/airflow/example_dags/example_kubernetes_executor.py
[2024-08-09T02:01:54.125+0000] {logging_mixin.py:188} INFO - [2024-08-09T02:01:54.124+0000] {dag.py:3089} INFO - Sync 1 DAGs
[2024-08-09T02:01:54.152+0000] {logging_mixin.py:188} INFO - [2024-08-09T02:01:54.152+0000] {dag.py:3947} INFO - Setting next_dagrun for example_kubernetes_executor to None, run_after=None
[2024-08-09T02:01:54.187+0000] {processor.py:183} INFO - Processing /home/airflow/.local/lib/python3.12/site-packages/airflow/example_dags/example_kubernetes_executor.py took 0.243 seconds
[2024-08-09T02:02:24.381+0000] {processor.py:161} INFO - Started process (PID=3180) to work on /home/airflow/.local/lib/python3.12/site-packages/airflow/example_dags/example_kubernetes_executor.py
[2024-08-09T02:02:24.383+0000] {processor.py:830} INFO - Processing file /home/airflow/.local/lib/python3.12/site-packages/airflow/example_dags/example_kubernetes_executor.py for tasks to queue
[2024-08-09T02:02:24.388+0000] {logging_mixin.py:188} INFO - [2024-08-09T02:02:24.387+0000] {dagbag.py:545} INFO - Filling up the DagBag from /home/airflow/.local/lib/python3.12/site-packages/airflow/example_dags/example_kubernetes_executor.py
[2024-08-09T02:02:24.420+0000] {processor.py:840} INFO - DAG(s) 'example_kubernetes_executor' retrieved from /home/airflow/.local/lib/python3.12/site-packages/airflow/example_dags/example_kubernetes_executor.py
[2024-08-09T02:02:24.519+0000] {logging_mixin.py:188} INFO - [2024-08-09T02:02:24.518+0000] {dag.py:3089} INFO - Sync 1 DAGs
[2024-08-09T02:02:24.548+0000] {logging_mixin.py:188} INFO - [2024-08-09T02:02:24.548+0000] {dag.py:3947} INFO - Setting next_dagrun for example_kubernetes_executor to None, run_after=None
[2024-08-09T02:02:24.588+0000] {processor.py:183} INFO - Processing /home/airflow/.local/lib/python3.12/site-packages/airflow/example_dags/example_kubernetes_executor.py took 0.225 seconds
[2024-08-09T02:02:54.746+0000] {processor.py:161} INFO - Started process (PID=3238) to work on /home/airflow/.local/lib/python3.12/site-packages/airflow/example_dags/example_kubernetes_executor.py
[2024-08-09T02:02:54.750+0000] {processor.py:830} INFO - Processing file /home/airflow/.local/lib/python3.12/site-packages/airflow/example_dags/example_kubernetes_executor.py for tasks to queue
[2024-08-09T02:02:54.757+0000] {logging_mixin.py:188} INFO - [2024-08-09T02:02:54.756+0000] {dagbag.py:545} INFO - Filling up the DagBag from /home/airflow/.local/lib/python3.12/site-packages/airflow/example_dags/example_kubernetes_executor.py
[2024-08-09T02:02:54.805+0000] {processor.py:840} INFO - DAG(s) 'example_kubernetes_executor' retrieved from /home/airflow/.local/lib/python3.12/site-packages/airflow/example_dags/example_kubernetes_executor.py
[2024-08-09T02:02:54.929+0000] {logging_mixin.py:188} INFO - [2024-08-09T02:02:54.929+0000] {dag.py:3089} INFO - Sync 1 DAGs
[2024-08-09T02:02:54.964+0000] {logging_mixin.py:188} INFO - [2024-08-09T02:02:54.964+0000] {dag.py:3947} INFO - Setting next_dagrun for example_kubernetes_executor to None, run_after=None
[2024-08-09T02:02:55.031+0000] {processor.py:183} INFO - Processing /home/airflow/.local/lib/python3.12/site-packages/airflow/example_dags/example_kubernetes_executor.py took 0.309 seconds
[2024-08-09T02:03:25.432+0000] {processor.py:161} INFO - Started process (PID=3294) to work on /home/airflow/.local/lib/python3.12/site-packages/airflow/example_dags/example_kubernetes_executor.py
[2024-08-09T02:03:25.434+0000] {processor.py:830} INFO - Processing file /home/airflow/.local/lib/python3.12/site-packages/airflow/example_dags/example_kubernetes_executor.py for tasks to queue
[2024-08-09T02:03:25.439+0000] {logging_mixin.py:188} INFO - [2024-08-09T02:03:25.439+0000] {dagbag.py:545} INFO - Filling up the DagBag from /home/airflow/.local/lib/python3.12/site-packages/airflow/example_dags/example_kubernetes_executor.py
[2024-08-09T02:03:25.476+0000] {processor.py:840} INFO - DAG(s) 'example_kubernetes_executor' retrieved from /home/airflow/.local/lib/python3.12/site-packages/airflow/example_dags/example_kubernetes_executor.py
[2024-08-09T02:03:25.602+0000] {logging_mixin.py:188} INFO - [2024-08-09T02:03:25.602+0000] {dag.py:3089} INFO - Sync 1 DAGs
[2024-08-09T02:03:25.636+0000] {logging_mixin.py:188} INFO - [2024-08-09T02:03:25.635+0000] {dag.py:3947} INFO - Setting next_dagrun for example_kubernetes_executor to None, run_after=None
[2024-08-09T02:03:25.678+0000] {processor.py:183} INFO - Processing /home/airflow/.local/lib/python3.12/site-packages/airflow/example_dags/example_kubernetes_executor.py took 0.280 seconds
[2024-08-09T02:03:56.224+0000] {processor.py:161} INFO - Started process (PID=3351) to work on /home/airflow/.local/lib/python3.12/site-packages/airflow/example_dags/example_kubernetes_executor.py
[2024-08-09T02:03:56.227+0000] {processor.py:830} INFO - Processing file /home/airflow/.local/lib/python3.12/site-packages/airflow/example_dags/example_kubernetes_executor.py for tasks to queue
[2024-08-09T02:03:56.235+0000] {logging_mixin.py:188} INFO - [2024-08-09T02:03:56.234+0000] {dagbag.py:545} INFO - Filling up the DagBag from /home/airflow/.local/lib/python3.12/site-packages/airflow/example_dags/example_kubernetes_executor.py
[2024-08-09T02:03:56.269+0000] {processor.py:840} INFO - DAG(s) 'example_kubernetes_executor' retrieved from /home/airflow/.local/lib/python3.12/site-packages/airflow/example_dags/example_kubernetes_executor.py
[2024-08-09T02:03:56.379+0000] {logging_mixin.py:188} INFO - [2024-08-09T02:03:56.379+0000] {dag.py:3089} INFO - Sync 1 DAGs
[2024-08-09T02:03:56.407+0000] {logging_mixin.py:188} INFO - [2024-08-09T02:03:56.406+0000] {dag.py:3947} INFO - Setting next_dagrun for example_kubernetes_executor to None, run_after=None
[2024-08-09T02:03:56.443+0000] {processor.py:183} INFO - Processing /home/airflow/.local/lib/python3.12/site-packages/airflow/example_dags/example_kubernetes_executor.py took 0.240 seconds
[2024-08-09T02:04:26.668+0000] {processor.py:161} INFO - Started process (PID=3409) to work on /home/airflow/.local/lib/python3.12/site-packages/airflow/example_dags/example_kubernetes_executor.py
[2024-08-09T02:04:26.671+0000] {processor.py:830} INFO - Processing file /home/airflow/.local/lib/python3.12/site-packages/airflow/example_dags/example_kubernetes_executor.py for tasks to queue
[2024-08-09T02:04:26.675+0000] {logging_mixin.py:188} INFO - [2024-08-09T02:04:26.674+0000] {dagbag.py:545} INFO - Filling up the DagBag from /home/airflow/.local/lib/python3.12/site-packages/airflow/example_dags/example_kubernetes_executor.py
[2024-08-09T02:04:26.705+0000] {processor.py:840} INFO - DAG(s) 'example_kubernetes_executor' retrieved from /home/airflow/.local/lib/python3.12/site-packages/airflow/example_dags/example_kubernetes_executor.py
[2024-08-09T02:04:26.799+0000] {logging_mixin.py:188} INFO - [2024-08-09T02:04:26.798+0000] {dag.py:3089} INFO - Sync 1 DAGs
[2024-08-09T02:04:26.821+0000] {logging_mixin.py:188} INFO - [2024-08-09T02:04:26.821+0000] {dag.py:3947} INFO - Setting next_dagrun for example_kubernetes_executor to None, run_after=None
[2024-08-09T02:04:26.854+0000] {processor.py:183} INFO - Processing /home/airflow/.local/lib/python3.12/site-packages/airflow/example_dags/example_kubernetes_executor.py took 0.200 seconds
[2024-08-09T02:04:57.082+0000] {processor.py:161} INFO - Started process (PID=3467) to work on /home/airflow/.local/lib/python3.12/site-packages/airflow/example_dags/example_kubernetes_executor.py
[2024-08-09T02:04:57.084+0000] {processor.py:830} INFO - Processing file /home/airflow/.local/lib/python3.12/site-packages/airflow/example_dags/example_kubernetes_executor.py for tasks to queue
[2024-08-09T02:04:57.090+0000] {logging_mixin.py:188} INFO - [2024-08-09T02:04:57.089+0000] {dagbag.py:545} INFO - Filling up the DagBag from /home/airflow/.local/lib/python3.12/site-packages/airflow/example_dags/example_kubernetes_executor.py
[2024-08-09T02:04:57.119+0000] {processor.py:840} INFO - DAG(s) 'example_kubernetes_executor' retrieved from /home/airflow/.local/lib/python3.12/site-packages/airflow/example_dags/example_kubernetes_executor.py
[2024-08-09T02:04:57.208+0000] {logging_mixin.py:188} INFO - [2024-08-09T02:04:57.208+0000] {dag.py:3089} INFO - Sync 1 DAGs
[2024-08-09T02:04:57.231+0000] {logging_mixin.py:188} INFO - [2024-08-09T02:04:57.231+0000] {dag.py:3947} INFO - Setting next_dagrun for example_kubernetes_executor to None, run_after=None
[2024-08-09T02:04:57.268+0000] {processor.py:183} INFO - Processing /home/airflow/.local/lib/python3.12/site-packages/airflow/example_dags/example_kubernetes_executor.py took 0.207 seconds
[2024-08-09T02:05:27.581+0000] {processor.py:161} INFO - Started process (PID=3525) to work on /home/airflow/.local/lib/python3.12/site-packages/airflow/example_dags/example_kubernetes_executor.py
[2024-08-09T02:05:27.586+0000] {processor.py:830} INFO - Processing file /home/airflow/.local/lib/python3.12/site-packages/airflow/example_dags/example_kubernetes_executor.py for tasks to queue
[2024-08-09T02:05:27.608+0000] {logging_mixin.py:188} INFO - [2024-08-09T02:05:27.604+0000] {dagbag.py:545} INFO - Filling up the DagBag from /home/airflow/.local/lib/python3.12/site-packages/airflow/example_dags/example_kubernetes_executor.py
[2024-08-09T02:05:27.689+0000] {processor.py:840} INFO - DAG(s) 'example_kubernetes_executor' retrieved from /home/airflow/.local/lib/python3.12/site-packages/airflow/example_dags/example_kubernetes_executor.py
[2024-08-09T02:05:27.905+0000] {logging_mixin.py:188} INFO - [2024-08-09T02:05:27.904+0000] {dag.py:3089} INFO - Sync 1 DAGs
[2024-08-09T02:05:27.944+0000] {logging_mixin.py:188} INFO - [2024-08-09T02:05:27.943+0000] {dag.py:3947} INFO - Setting next_dagrun for example_kubernetes_executor to None, run_after=None
[2024-08-09T02:05:27.991+0000] {processor.py:183} INFO - Processing /home/airflow/.local/lib/python3.12/site-packages/airflow/example_dags/example_kubernetes_executor.py took 0.435 seconds
[2024-08-09T02:05:58.411+0000] {processor.py:161} INFO - Started process (PID=3583) to work on /home/airflow/.local/lib/python3.12/site-packages/airflow/example_dags/example_kubernetes_executor.py
[2024-08-09T02:05:58.414+0000] {processor.py:830} INFO - Processing file /home/airflow/.local/lib/python3.12/site-packages/airflow/example_dags/example_kubernetes_executor.py for tasks to queue
[2024-08-09T02:05:58.422+0000] {logging_mixin.py:188} INFO - [2024-08-09T02:05:58.421+0000] {dagbag.py:545} INFO - Filling up the DagBag from /home/airflow/.local/lib/python3.12/site-packages/airflow/example_dags/example_kubernetes_executor.py
[2024-08-09T02:05:58.471+0000] {processor.py:840} INFO - DAG(s) 'example_kubernetes_executor' retrieved from /home/airflow/.local/lib/python3.12/site-packages/airflow/example_dags/example_kubernetes_executor.py
[2024-08-09T02:05:58.675+0000] {logging_mixin.py:188} INFO - [2024-08-09T02:05:58.675+0000] {dag.py:3089} INFO - Sync 1 DAGs
[2024-08-09T02:05:58.731+0000] {logging_mixin.py:188} INFO - [2024-08-09T02:05:58.730+0000] {dag.py:3947} INFO - Setting next_dagrun for example_kubernetes_executor to None, run_after=None
[2024-08-09T02:05:58.815+0000] {processor.py:183} INFO - Processing /home/airflow/.local/lib/python3.12/site-packages/airflow/example_dags/example_kubernetes_executor.py took 0.431 seconds
[2024-08-09T02:06:28.969+0000] {processor.py:161} INFO - Started process (PID=3641) to work on /home/airflow/.local/lib/python3.12/site-packages/airflow/example_dags/example_kubernetes_executor.py
[2024-08-09T02:06:28.972+0000] {processor.py:830} INFO - Processing file /home/airflow/.local/lib/python3.12/site-packages/airflow/example_dags/example_kubernetes_executor.py for tasks to queue
[2024-08-09T02:06:28.979+0000] {logging_mixin.py:188} INFO - [2024-08-09T02:06:28.978+0000] {dagbag.py:545} INFO - Filling up the DagBag from /home/airflow/.local/lib/python3.12/site-packages/airflow/example_dags/example_kubernetes_executor.py
[2024-08-09T02:06:29.012+0000] {processor.py:840} INFO - DAG(s) 'example_kubernetes_executor' retrieved from /home/airflow/.local/lib/python3.12/site-packages/airflow/example_dags/example_kubernetes_executor.py
[2024-08-09T02:06:29.146+0000] {logging_mixin.py:188} INFO - [2024-08-09T02:06:29.146+0000] {dag.py:3089} INFO - Sync 1 DAGs
[2024-08-09T02:06:29.186+0000] {logging_mixin.py:188} INFO - [2024-08-09T02:06:29.186+0000] {dag.py:3947} INFO - Setting next_dagrun for example_kubernetes_executor to None, run_after=None
[2024-08-09T02:06:29.240+0000] {processor.py:183} INFO - Processing /home/airflow/.local/lib/python3.12/site-packages/airflow/example_dags/example_kubernetes_executor.py took 0.292 seconds
[2024-08-09T02:06:59.684+0000] {processor.py:161} INFO - Started process (PID=3698) to work on /home/airflow/.local/lib/python3.12/site-packages/airflow/example_dags/example_kubernetes_executor.py
[2024-08-09T02:06:59.687+0000] {processor.py:830} INFO - Processing file /home/airflow/.local/lib/python3.12/site-packages/airflow/example_dags/example_kubernetes_executor.py for tasks to queue
[2024-08-09T02:06:59.693+0000] {logging_mixin.py:188} INFO - [2024-08-09T02:06:59.692+0000] {dagbag.py:545} INFO - Filling up the DagBag from /home/airflow/.local/lib/python3.12/site-packages/airflow/example_dags/example_kubernetes_executor.py
[2024-08-09T02:06:59.729+0000] {processor.py:840} INFO - DAG(s) 'example_kubernetes_executor' retrieved from /home/airflow/.local/lib/python3.12/site-packages/airflow/example_dags/example_kubernetes_executor.py
[2024-08-09T02:06:59.850+0000] {logging_mixin.py:188} INFO - [2024-08-09T02:06:59.849+0000] {dag.py:3089} INFO - Sync 1 DAGs
[2024-08-09T02:06:59.892+0000] {logging_mixin.py:188} INFO - [2024-08-09T02:06:59.891+0000] {dag.py:3947} INFO - Setting next_dagrun for example_kubernetes_executor to None, run_after=None
[2024-08-09T02:06:59.942+0000] {processor.py:183} INFO - Processing /home/airflow/.local/lib/python3.12/site-packages/airflow/example_dags/example_kubernetes_executor.py took 0.281 seconds
[2024-08-09T02:07:30.524+0000] {processor.py:161} INFO - Started process (PID=3755) to work on /home/airflow/.local/lib/python3.12/site-packages/airflow/example_dags/example_kubernetes_executor.py
[2024-08-09T02:07:30.527+0000] {processor.py:830} INFO - Processing file /home/airflow/.local/lib/python3.12/site-packages/airflow/example_dags/example_kubernetes_executor.py for tasks to queue
[2024-08-09T02:07:30.533+0000] {logging_mixin.py:188} INFO - [2024-08-09T02:07:30.532+0000] {dagbag.py:545} INFO - Filling up the DagBag from /home/airflow/.local/lib/python3.12/site-packages/airflow/example_dags/example_kubernetes_executor.py
[2024-08-09T02:07:30.567+0000] {processor.py:840} INFO - DAG(s) 'example_kubernetes_executor' retrieved from /home/airflow/.local/lib/python3.12/site-packages/airflow/example_dags/example_kubernetes_executor.py
[2024-08-09T02:07:30.709+0000] {logging_mixin.py:188} INFO - [2024-08-09T02:07:30.709+0000] {dag.py:3089} INFO - Sync 1 DAGs
[2024-08-09T02:07:30.745+0000] {logging_mixin.py:188} INFO - [2024-08-09T02:07:30.744+0000] {dag.py:3947} INFO - Setting next_dagrun for example_kubernetes_executor to None, run_after=None
[2024-08-09T02:07:30.786+0000] {processor.py:183} INFO - Processing /home/airflow/.local/lib/python3.12/site-packages/airflow/example_dags/example_kubernetes_executor.py took 0.285 seconds
[2024-08-09T02:08:01.044+0000] {processor.py:161} INFO - Started process (PID=3812) to work on /home/airflow/.local/lib/python3.12/site-packages/airflow/example_dags/example_kubernetes_executor.py
[2024-08-09T02:08:01.046+0000] {processor.py:830} INFO - Processing file /home/airflow/.local/lib/python3.12/site-packages/airflow/example_dags/example_kubernetes_executor.py for tasks to queue
[2024-08-09T02:08:01.050+0000] {logging_mixin.py:188} INFO - [2024-08-09T02:08:01.049+0000] {dagbag.py:545} INFO - Filling up the DagBag from /home/airflow/.local/lib/python3.12/site-packages/airflow/example_dags/example_kubernetes_executor.py
[2024-08-09T02:08:01.076+0000] {processor.py:840} INFO - DAG(s) 'example_kubernetes_executor' retrieved from /home/airflow/.local/lib/python3.12/site-packages/airflow/example_dags/example_kubernetes_executor.py
[2024-08-09T02:08:01.156+0000] {logging_mixin.py:188} INFO - [2024-08-09T02:08:01.156+0000] {dag.py:3089} INFO - Sync 1 DAGs
[2024-08-09T02:08:01.181+0000] {logging_mixin.py:188} INFO - [2024-08-09T02:08:01.181+0000] {dag.py:3947} INFO - Setting next_dagrun for example_kubernetes_executor to None, run_after=None
[2024-08-09T02:08:01.213+0000] {processor.py:183} INFO - Processing /home/airflow/.local/lib/python3.12/site-packages/airflow/example_dags/example_kubernetes_executor.py took 0.184 seconds
[2024-08-09T02:08:31.911+0000] {processor.py:161} INFO - Started process (PID=3876) to work on /home/airflow/.local/lib/python3.12/site-packages/airflow/example_dags/example_kubernetes_executor.py
[2024-08-09T02:08:31.913+0000] {processor.py:830} INFO - Processing file /home/airflow/.local/lib/python3.12/site-packages/airflow/example_dags/example_kubernetes_executor.py for tasks to queue
[2024-08-09T02:08:31.918+0000] {logging_mixin.py:188} INFO - [2024-08-09T02:08:31.917+0000] {dagbag.py:545} INFO - Filling up the DagBag from /home/airflow/.local/lib/python3.12/site-packages/airflow/example_dags/example_kubernetes_executor.py
[2024-08-09T02:08:31.950+0000] {processor.py:840} INFO - DAG(s) 'example_kubernetes_executor' retrieved from /home/airflow/.local/lib/python3.12/site-packages/airflow/example_dags/example_kubernetes_executor.py
[2024-08-09T02:08:32.061+0000] {logging_mixin.py:188} INFO - [2024-08-09T02:08:32.060+0000] {dag.py:3089} INFO - Sync 1 DAGs
[2024-08-09T02:08:32.087+0000] {logging_mixin.py:188} INFO - [2024-08-09T02:08:32.087+0000] {dag.py:3947} INFO - Setting next_dagrun for example_kubernetes_executor to None, run_after=None
[2024-08-09T02:08:32.128+0000] {processor.py:183} INFO - Processing /home/airflow/.local/lib/python3.12/site-packages/airflow/example_dags/example_kubernetes_executor.py took 0.234 seconds
[2024-08-09T02:09:02.202+0000] {processor.py:161} INFO - Started process (PID=3934) to work on /home/airflow/.local/lib/python3.12/site-packages/airflow/example_dags/example_kubernetes_executor.py
[2024-08-09T02:09:02.204+0000] {processor.py:830} INFO - Processing file /home/airflow/.local/lib/python3.12/site-packages/airflow/example_dags/example_kubernetes_executor.py for tasks to queue
[2024-08-09T02:09:02.210+0000] {logging_mixin.py:188} INFO - [2024-08-09T02:09:02.209+0000] {dagbag.py:545} INFO - Filling up the DagBag from /home/airflow/.local/lib/python3.12/site-packages/airflow/example_dags/example_kubernetes_executor.py
[2024-08-09T02:09:02.244+0000] {processor.py:840} INFO - DAG(s) 'example_kubernetes_executor' retrieved from /home/airflow/.local/lib/python3.12/site-packages/airflow/example_dags/example_kubernetes_executor.py
[2024-08-09T02:09:02.326+0000] {logging_mixin.py:188} INFO - [2024-08-09T02:09:02.326+0000] {dag.py:3089} INFO - Sync 1 DAGs
[2024-08-09T02:09:02.348+0000] {logging_mixin.py:188} INFO - [2024-08-09T02:09:02.347+0000] {dag.py:3947} INFO - Setting next_dagrun for example_kubernetes_executor to None, run_after=None
[2024-08-09T02:09:02.382+0000] {processor.py:183} INFO - Processing /home/airflow/.local/lib/python3.12/site-packages/airflow/example_dags/example_kubernetes_executor.py took 0.198 seconds
[2024-08-09T02:09:34.109+0000] {processor.py:161} INFO - Started process (PID=3992) to work on /home/airflow/.local/lib/python3.12/site-packages/airflow/example_dags/example_kubernetes_executor.py
[2024-08-09T02:09:34.116+0000] {processor.py:830} INFO - Processing file /home/airflow/.local/lib/python3.12/site-packages/airflow/example_dags/example_kubernetes_executor.py for tasks to queue
[2024-08-09T02:09:34.125+0000] {logging_mixin.py:188} INFO - [2024-08-09T02:09:34.122+0000] {dagbag.py:545} INFO - Filling up the DagBag from /home/airflow/.local/lib/python3.12/site-packages/airflow/example_dags/example_kubernetes_executor.py
[2024-08-09T02:09:34.201+0000] {processor.py:840} INFO - DAG(s) 'example_kubernetes_executor' retrieved from /home/airflow/.local/lib/python3.12/site-packages/airflow/example_dags/example_kubernetes_executor.py
[2024-08-09T02:09:34.394+0000] {logging_mixin.py:188} INFO - [2024-08-09T02:09:34.393+0000] {dag.py:3089} INFO - Sync 1 DAGs
[2024-08-09T02:09:34.450+0000] {logging_mixin.py:188} INFO - [2024-08-09T02:09:34.448+0000] {dag.py:3947} INFO - Setting next_dagrun for example_kubernetes_executor to None, run_after=None
[2024-08-09T02:09:34.539+0000] {processor.py:183} INFO - Processing /home/airflow/.local/lib/python3.12/site-packages/airflow/example_dags/example_kubernetes_executor.py took 0.479 seconds
[2024-08-09T02:10:04.785+0000] {processor.py:161} INFO - Started process (PID=4050) to work on /home/airflow/.local/lib/python3.12/site-packages/airflow/example_dags/example_kubernetes_executor.py
[2024-08-09T02:10:04.791+0000] {processor.py:830} INFO - Processing file /home/airflow/.local/lib/python3.12/site-packages/airflow/example_dags/example_kubernetes_executor.py for tasks to queue
[2024-08-09T02:10:04.825+0000] {logging_mixin.py:188} INFO - [2024-08-09T02:10:04.819+0000] {dagbag.py:545} INFO - Filling up the DagBag from /home/airflow/.local/lib/python3.12/site-packages/airflow/example_dags/example_kubernetes_executor.py
[2024-08-09T02:10:04.877+0000] {processor.py:840} INFO - DAG(s) 'example_kubernetes_executor' retrieved from /home/airflow/.local/lib/python3.12/site-packages/airflow/example_dags/example_kubernetes_executor.py
[2024-08-09T02:10:05.011+0000] {logging_mixin.py:188} INFO - [2024-08-09T02:10:05.010+0000] {dag.py:3089} INFO - Sync 1 DAGs
[2024-08-09T02:10:05.051+0000] {logging_mixin.py:188} INFO - [2024-08-09T02:10:05.051+0000] {dag.py:3947} INFO - Setting next_dagrun for example_kubernetes_executor to None, run_after=None
[2024-08-09T02:10:05.089+0000] {processor.py:183} INFO - Processing /home/airflow/.local/lib/python3.12/site-packages/airflow/example_dags/example_kubernetes_executor.py took 0.359 seconds
[2024-08-09T02:10:35.386+0000] {processor.py:161} INFO - Started process (PID=4107) to work on /home/airflow/.local/lib/python3.12/site-packages/airflow/example_dags/example_kubernetes_executor.py
[2024-08-09T02:10:35.389+0000] {processor.py:830} INFO - Processing file /home/airflow/.local/lib/python3.12/site-packages/airflow/example_dags/example_kubernetes_executor.py for tasks to queue
[2024-08-09T02:10:35.397+0000] {logging_mixin.py:188} INFO - [2024-08-09T02:10:35.397+0000] {dagbag.py:545} INFO - Filling up the DagBag from /home/airflow/.local/lib/python3.12/site-packages/airflow/example_dags/example_kubernetes_executor.py
[2024-08-09T02:10:35.439+0000] {processor.py:840} INFO - DAG(s) 'example_kubernetes_executor' retrieved from /home/airflow/.local/lib/python3.12/site-packages/airflow/example_dags/example_kubernetes_executor.py
[2024-08-09T02:10:35.541+0000] {logging_mixin.py:188} INFO - [2024-08-09T02:10:35.541+0000] {dag.py:3089} INFO - Sync 1 DAGs
[2024-08-09T02:10:35.569+0000] {logging_mixin.py:188} INFO - [2024-08-09T02:10:35.569+0000] {dag.py:3947} INFO - Setting next_dagrun for example_kubernetes_executor to None, run_after=None
[2024-08-09T02:10:35.616+0000] {processor.py:183} INFO - Processing /home/airflow/.local/lib/python3.12/site-packages/airflow/example_dags/example_kubernetes_executor.py took 0.256 seconds
[2024-08-09T02:11:05.730+0000] {processor.py:161} INFO - Started process (PID=4165) to work on /home/airflow/.local/lib/python3.12/site-packages/airflow/example_dags/example_kubernetes_executor.py
[2024-08-09T02:11:05.732+0000] {processor.py:830} INFO - Processing file /home/airflow/.local/lib/python3.12/site-packages/airflow/example_dags/example_kubernetes_executor.py for tasks to queue
[2024-08-09T02:11:05.736+0000] {logging_mixin.py:188} INFO - [2024-08-09T02:11:05.736+0000] {dagbag.py:545} INFO - Filling up the DagBag from /home/airflow/.local/lib/python3.12/site-packages/airflow/example_dags/example_kubernetes_executor.py
[2024-08-09T02:11:05.763+0000] {processor.py:840} INFO - DAG(s) 'example_kubernetes_executor' retrieved from /home/airflow/.local/lib/python3.12/site-packages/airflow/example_dags/example_kubernetes_executor.py
[2024-08-09T02:11:05.842+0000] {logging_mixin.py:188} INFO - [2024-08-09T02:11:05.842+0000] {dag.py:3089} INFO - Sync 1 DAGs
[2024-08-09T02:11:05.867+0000] {logging_mixin.py:188} INFO - [2024-08-09T02:11:05.866+0000] {dag.py:3947} INFO - Setting next_dagrun for example_kubernetes_executor to None, run_after=None
[2024-08-09T02:11:05.899+0000] {processor.py:183} INFO - Processing /home/airflow/.local/lib/python3.12/site-packages/airflow/example_dags/example_kubernetes_executor.py took 0.185 seconds
[2024-08-09T02:11:36.679+0000] {processor.py:161} INFO - Started process (PID=4221) to work on /home/airflow/.local/lib/python3.12/site-packages/airflow/example_dags/example_kubernetes_executor.py
[2024-08-09T02:11:36.684+0000] {processor.py:830} INFO - Processing file /home/airflow/.local/lib/python3.12/site-packages/airflow/example_dags/example_kubernetes_executor.py for tasks to queue
[2024-08-09T02:11:36.695+0000] {logging_mixin.py:188} INFO - [2024-08-09T02:11:36.694+0000] {dagbag.py:545} INFO - Filling up the DagBag from /home/airflow/.local/lib/python3.12/site-packages/airflow/example_dags/example_kubernetes_executor.py
[2024-08-09T02:11:36.759+0000] {processor.py:840} INFO - DAG(s) 'example_kubernetes_executor' retrieved from /home/airflow/.local/lib/python3.12/site-packages/airflow/example_dags/example_kubernetes_executor.py
[2024-08-09T02:11:36.928+0000] {logging_mixin.py:188} INFO - [2024-08-09T02:11:36.927+0000] {dag.py:3089} INFO - Sync 1 DAGs
[2024-08-09T02:11:36.969+0000] {logging_mixin.py:188} INFO - [2024-08-09T02:11:36.968+0000] {dag.py:3947} INFO - Setting next_dagrun for example_kubernetes_executor to None, run_after=None
[2024-08-09T02:11:37.029+0000] {processor.py:183} INFO - Processing /home/airflow/.local/lib/python3.12/site-packages/airflow/example_dags/example_kubernetes_executor.py took 0.387 seconds
[2024-08-09T02:12:07.871+0000] {processor.py:161} INFO - Started process (PID=4278) to work on /home/airflow/.local/lib/python3.12/site-packages/airflow/example_dags/example_kubernetes_executor.py
[2024-08-09T02:12:07.873+0000] {processor.py:830} INFO - Processing file /home/airflow/.local/lib/python3.12/site-packages/airflow/example_dags/example_kubernetes_executor.py for tasks to queue
[2024-08-09T02:12:07.880+0000] {logging_mixin.py:188} INFO - [2024-08-09T02:12:07.879+0000] {dagbag.py:545} INFO - Filling up the DagBag from /home/airflow/.local/lib/python3.12/site-packages/airflow/example_dags/example_kubernetes_executor.py
[2024-08-09T02:12:07.918+0000] {processor.py:840} INFO - DAG(s) 'example_kubernetes_executor' retrieved from /home/airflow/.local/lib/python3.12/site-packages/airflow/example_dags/example_kubernetes_executor.py
[2024-08-09T02:12:08.061+0000] {logging_mixin.py:188} INFO - [2024-08-09T02:12:08.061+0000] {dag.py:3089} INFO - Sync 1 DAGs
[2024-08-09T02:12:08.093+0000] {logging_mixin.py:188} INFO - [2024-08-09T02:12:08.093+0000] {dag.py:3947} INFO - Setting next_dagrun for example_kubernetes_executor to None, run_after=None
[2024-08-09T02:12:08.151+0000] {processor.py:183} INFO - Processing /home/airflow/.local/lib/python3.12/site-packages/airflow/example_dags/example_kubernetes_executor.py took 0.303 seconds
[2024-08-09T02:12:38.927+0000] {processor.py:161} INFO - Started process (PID=4336) to work on /home/airflow/.local/lib/python3.12/site-packages/airflow/example_dags/example_kubernetes_executor.py
[2024-08-09T02:12:38.930+0000] {processor.py:830} INFO - Processing file /home/airflow/.local/lib/python3.12/site-packages/airflow/example_dags/example_kubernetes_executor.py for tasks to queue
[2024-08-09T02:12:38.935+0000] {logging_mixin.py:188} INFO - [2024-08-09T02:12:38.934+0000] {dagbag.py:545} INFO - Filling up the DagBag from /home/airflow/.local/lib/python3.12/site-packages/airflow/example_dags/example_kubernetes_executor.py
[2024-08-09T02:12:38.968+0000] {processor.py:840} INFO - DAG(s) 'example_kubernetes_executor' retrieved from /home/airflow/.local/lib/python3.12/site-packages/airflow/example_dags/example_kubernetes_executor.py
[2024-08-09T02:12:39.108+0000] {logging_mixin.py:188} INFO - [2024-08-09T02:12:39.107+0000] {dag.py:3089} INFO - Sync 1 DAGs
[2024-08-09T02:12:39.143+0000] {logging_mixin.py:188} INFO - [2024-08-09T02:12:39.142+0000] {dag.py:3947} INFO - Setting next_dagrun for example_kubernetes_executor to None, run_after=None
[2024-08-09T02:12:39.194+0000] {processor.py:183} INFO - Processing /home/airflow/.local/lib/python3.12/site-packages/airflow/example_dags/example_kubernetes_executor.py took 0.292 seconds
[2024-08-09T02:13:09.526+0000] {processor.py:161} INFO - Started process (PID=4393) to work on /home/airflow/.local/lib/python3.12/site-packages/airflow/example_dags/example_kubernetes_executor.py
[2024-08-09T02:13:09.537+0000] {processor.py:830} INFO - Processing file /home/airflow/.local/lib/python3.12/site-packages/airflow/example_dags/example_kubernetes_executor.py for tasks to queue
[2024-08-09T02:13:09.558+0000] {logging_mixin.py:188} INFO - [2024-08-09T02:13:09.554+0000] {dagbag.py:545} INFO - Filling up the DagBag from /home/airflow/.local/lib/python3.12/site-packages/airflow/example_dags/example_kubernetes_executor.py
[2024-08-09T02:13:09.621+0000] {processor.py:840} INFO - DAG(s) 'example_kubernetes_executor' retrieved from /home/airflow/.local/lib/python3.12/site-packages/airflow/example_dags/example_kubernetes_executor.py
[2024-08-09T02:13:09.823+0000] {logging_mixin.py:188} INFO - [2024-08-09T02:13:09.823+0000] {dag.py:3089} INFO - Sync 1 DAGs
[2024-08-09T02:13:09.897+0000] {logging_mixin.py:188} INFO - [2024-08-09T02:13:09.894+0000] {dag.py:3947} INFO - Setting next_dagrun for example_kubernetes_executor to None, run_after=None
[2024-08-09T02:13:09.962+0000] {processor.py:183} INFO - Processing /home/airflow/.local/lib/python3.12/site-packages/airflow/example_dags/example_kubernetes_executor.py took 0.462 seconds
[2024-08-09T02:13:40.038+0000] {processor.py:161} INFO - Started process (PID=4451) to work on /home/airflow/.local/lib/python3.12/site-packages/airflow/example_dags/example_kubernetes_executor.py
[2024-08-09T02:13:40.041+0000] {processor.py:830} INFO - Processing file /home/airflow/.local/lib/python3.12/site-packages/airflow/example_dags/example_kubernetes_executor.py for tasks to queue
[2024-08-09T02:13:40.046+0000] {logging_mixin.py:188} INFO - [2024-08-09T02:13:40.045+0000] {dagbag.py:545} INFO - Filling up the DagBag from /home/airflow/.local/lib/python3.12/site-packages/airflow/example_dags/example_kubernetes_executor.py
[2024-08-09T02:13:40.082+0000] {processor.py:840} INFO - DAG(s) 'example_kubernetes_executor' retrieved from /home/airflow/.local/lib/python3.12/site-packages/airflow/example_dags/example_kubernetes_executor.py
[2024-08-09T02:13:40.198+0000] {logging_mixin.py:188} INFO - [2024-08-09T02:13:40.197+0000] {dag.py:3089} INFO - Sync 1 DAGs
[2024-08-09T02:13:40.231+0000] {logging_mixin.py:188} INFO - [2024-08-09T02:13:40.231+0000] {dag.py:3947} INFO - Setting next_dagrun for example_kubernetes_executor to None, run_after=None
[2024-08-09T02:13:40.278+0000] {processor.py:183} INFO - Processing /home/airflow/.local/lib/python3.12/site-packages/airflow/example_dags/example_kubernetes_executor.py took 0.260 seconds
[2024-08-09T02:14:10.460+0000] {processor.py:161} INFO - Started process (PID=4509) to work on /home/airflow/.local/lib/python3.12/site-packages/airflow/example_dags/example_kubernetes_executor.py
[2024-08-09T02:14:10.470+0000] {processor.py:830} INFO - Processing file /home/airflow/.local/lib/python3.12/site-packages/airflow/example_dags/example_kubernetes_executor.py for tasks to queue
[2024-08-09T02:14:10.482+0000] {logging_mixin.py:188} INFO - [2024-08-09T02:14:10.480+0000] {dagbag.py:545} INFO - Filling up the DagBag from /home/airflow/.local/lib/python3.12/site-packages/airflow/example_dags/example_kubernetes_executor.py
[2024-08-09T02:14:10.568+0000] {processor.py:840} INFO - DAG(s) 'example_kubernetes_executor' retrieved from /home/airflow/.local/lib/python3.12/site-packages/airflow/example_dags/example_kubernetes_executor.py
[2024-08-09T02:14:10.786+0000] {logging_mixin.py:188} INFO - [2024-08-09T02:14:10.780+0000] {dag.py:3089} INFO - Sync 1 DAGs
[2024-08-09T02:14:10.888+0000] {logging_mixin.py:188} INFO - [2024-08-09T02:14:10.885+0000] {dag.py:3947} INFO - Setting next_dagrun for example_kubernetes_executor to None, run_after=None
[2024-08-09T02:14:11.000+0000] {processor.py:183} INFO - Processing /home/airflow/.local/lib/python3.12/site-packages/airflow/example_dags/example_kubernetes_executor.py took 0.571 seconds
[2024-08-09T02:14:41.793+0000] {processor.py:161} INFO - Started process (PID=4567) to work on /home/airflow/.local/lib/python3.12/site-packages/airflow/example_dags/example_kubernetes_executor.py
[2024-08-09T02:14:41.796+0000] {processor.py:830} INFO - Processing file /home/airflow/.local/lib/python3.12/site-packages/airflow/example_dags/example_kubernetes_executor.py for tasks to queue
[2024-08-09T02:14:41.801+0000] {logging_mixin.py:188} INFO - [2024-08-09T02:14:41.801+0000] {dagbag.py:545} INFO - Filling up the DagBag from /home/airflow/.local/lib/python3.12/site-packages/airflow/example_dags/example_kubernetes_executor.py
[2024-08-09T02:14:41.848+0000] {processor.py:840} INFO - DAG(s) 'example_kubernetes_executor' retrieved from /home/airflow/.local/lib/python3.12/site-packages/airflow/example_dags/example_kubernetes_executor.py
[2024-08-09T02:14:41.954+0000] {logging_mixin.py:188} INFO - [2024-08-09T02:14:41.954+0000] {dag.py:3089} INFO - Sync 1 DAGs
[2024-08-09T02:14:41.990+0000] {logging_mixin.py:188} INFO - [2024-08-09T02:14:41.989+0000] {dag.py:3947} INFO - Setting next_dagrun for example_kubernetes_executor to None, run_after=None
[2024-08-09T02:14:42.033+0000] {processor.py:183} INFO - Processing /home/airflow/.local/lib/python3.12/site-packages/airflow/example_dags/example_kubernetes_executor.py took 0.268 seconds
[2024-08-09T02:15:12.535+0000] {processor.py:161} INFO - Started process (PID=4625) to work on /home/airflow/.local/lib/python3.12/site-packages/airflow/example_dags/example_kubernetes_executor.py
[2024-08-09T02:15:12.538+0000] {processor.py:830} INFO - Processing file /home/airflow/.local/lib/python3.12/site-packages/airflow/example_dags/example_kubernetes_executor.py for tasks to queue
[2024-08-09T02:15:12.544+0000] {logging_mixin.py:188} INFO - [2024-08-09T02:15:12.543+0000] {dagbag.py:545} INFO - Filling up the DagBag from /home/airflow/.local/lib/python3.12/site-packages/airflow/example_dags/example_kubernetes_executor.py
[2024-08-09T02:15:12.581+0000] {processor.py:840} INFO - DAG(s) 'example_kubernetes_executor' retrieved from /home/airflow/.local/lib/python3.12/site-packages/airflow/example_dags/example_kubernetes_executor.py
[2024-08-09T02:15:12.688+0000] {logging_mixin.py:188} INFO - [2024-08-09T02:15:12.687+0000] {dag.py:3089} INFO - Sync 1 DAGs
[2024-08-09T02:15:12.727+0000] {logging_mixin.py:188} INFO - [2024-08-09T02:15:12.726+0000] {dag.py:3947} INFO - Setting next_dagrun for example_kubernetes_executor to None, run_after=None
[2024-08-09T02:15:12.769+0000] {processor.py:183} INFO - Processing /home/airflow/.local/lib/python3.12/site-packages/airflow/example_dags/example_kubernetes_executor.py took 0.251 seconds
[2024-08-09T02:15:42.919+0000] {processor.py:161} INFO - Started process (PID=4683) to work on /home/airflow/.local/lib/python3.12/site-packages/airflow/example_dags/example_kubernetes_executor.py
[2024-08-09T02:15:42.923+0000] {processor.py:830} INFO - Processing file /home/airflow/.local/lib/python3.12/site-packages/airflow/example_dags/example_kubernetes_executor.py for tasks to queue
[2024-08-09T02:15:42.931+0000] {logging_mixin.py:188} INFO - [2024-08-09T02:15:42.929+0000] {dagbag.py:545} INFO - Filling up the DagBag from /home/airflow/.local/lib/python3.12/site-packages/airflow/example_dags/example_kubernetes_executor.py
[2024-08-09T02:15:42.977+0000] {processor.py:840} INFO - DAG(s) 'example_kubernetes_executor' retrieved from /home/airflow/.local/lib/python3.12/site-packages/airflow/example_dags/example_kubernetes_executor.py
[2024-08-09T02:15:43.090+0000] {logging_mixin.py:188} INFO - [2024-08-09T02:15:43.089+0000] {dag.py:3089} INFO - Sync 1 DAGs
[2024-08-09T02:15:43.123+0000] {logging_mixin.py:188} INFO - [2024-08-09T02:15:43.122+0000] {dag.py:3947} INFO - Setting next_dagrun for example_kubernetes_executor to None, run_after=None
[2024-08-09T02:15:43.164+0000] {processor.py:183} INFO - Processing /home/airflow/.local/lib/python3.12/site-packages/airflow/example_dags/example_kubernetes_executor.py took 0.271 seconds
[2024-08-09T02:16:13.581+0000] {processor.py:161} INFO - Started process (PID=4741) to work on /home/airflow/.local/lib/python3.12/site-packages/airflow/example_dags/example_kubernetes_executor.py
[2024-08-09T02:16:13.586+0000] {processor.py:830} INFO - Processing file /home/airflow/.local/lib/python3.12/site-packages/airflow/example_dags/example_kubernetes_executor.py for tasks to queue
[2024-08-09T02:16:13.593+0000] {logging_mixin.py:188} INFO - [2024-08-09T02:16:13.591+0000] {dagbag.py:545} INFO - Filling up the DagBag from /home/airflow/.local/lib/python3.12/site-packages/airflow/example_dags/example_kubernetes_executor.py
