[2024-08-09T01:42:32.378+0000] {processor.py:161} INFO - Started process (PID=1000) to work on /home/airflow/.local/lib/python3.12/site-packages/airflow/example_dags/example_latest_only.py
[2024-08-09T01:42:32.381+0000] {processor.py:830} INFO - Processing file /home/airflow/.local/lib/python3.12/site-packages/airflow/example_dags/example_latest_only.py for tasks to queue
[2024-08-09T01:42:32.388+0000] {logging_mixin.py:188} INFO - [2024-08-09T01:42:32.387+0000] {dagbag.py:545} INFO - Filling up the DagBag from /home/airflow/.local/lib/python3.12/site-packages/airflow/example_dags/example_latest_only.py
[2024-08-09T01:42:32.425+0000] {processor.py:840} INFO - DAG(s) 'latest_only' retrieved from /home/airflow/.local/lib/python3.12/site-packages/airflow/example_dags/example_latest_only.py
[2024-08-09T01:42:32.552+0000] {logging_mixin.py:188} INFO - [2024-08-09T01:42:32.552+0000] {dag.py:3089} INFO - Sync 1 DAGs
[2024-08-09T01:42:32.702+0000] {logging_mixin.py:188} INFO - [2024-08-09T01:42:32.702+0000] {dag.py:3947} INFO - Setting next_dagrun for latest_only to 2024-08-08 20:00:00+00:00, run_after=2024-08-09 00:00:00+00:00
[2024-08-09T01:42:32.793+0000] {processor.py:183} INFO - Processing /home/airflow/.local/lib/python3.12/site-packages/airflow/example_dags/example_latest_only.py took 0.444 seconds
[2024-08-09T01:43:03.206+0000] {processor.py:161} INFO - Started process (PID=1059) to work on /home/airflow/.local/lib/python3.12/site-packages/airflow/example_dags/example_latest_only.py
[2024-08-09T01:43:03.209+0000] {processor.py:830} INFO - Processing file /home/airflow/.local/lib/python3.12/site-packages/airflow/example_dags/example_latest_only.py for tasks to queue
[2024-08-09T01:43:03.214+0000] {logging_mixin.py:188} INFO - [2024-08-09T01:43:03.214+0000] {dagbag.py:545} INFO - Filling up the DagBag from /home/airflow/.local/lib/python3.12/site-packages/airflow/example_dags/example_latest_only.py
[2024-08-09T01:43:03.228+0000] {processor.py:840} INFO - DAG(s) 'latest_only' retrieved from /home/airflow/.local/lib/python3.12/site-packages/airflow/example_dags/example_latest_only.py
[2024-08-09T01:43:03.281+0000] {logging_mixin.py:188} INFO - [2024-08-09T01:43:03.280+0000] {dag.py:3089} INFO - Sync 1 DAGs
[2024-08-09T01:43:03.320+0000] {logging_mixin.py:188} INFO - [2024-08-09T01:43:03.320+0000] {dag.py:3947} INFO - Setting next_dagrun for latest_only to 2024-08-08 20:00:00+00:00, run_after=2024-08-09 00:00:00+00:00
[2024-08-09T01:43:03.362+0000] {processor.py:183} INFO - Processing /home/airflow/.local/lib/python3.12/site-packages/airflow/example_dags/example_latest_only.py took 0.173 seconds
[2024-08-09T01:43:34.704+0000] {processor.py:161} INFO - Started process (PID=1117) to work on /home/airflow/.local/lib/python3.12/site-packages/airflow/example_dags/example_latest_only.py
[2024-08-09T01:43:34.709+0000] {processor.py:830} INFO - Processing file /home/airflow/.local/lib/python3.12/site-packages/airflow/example_dags/example_latest_only.py for tasks to queue
[2024-08-09T01:43:34.717+0000] {logging_mixin.py:188} INFO - [2024-08-09T01:43:34.716+0000] {dagbag.py:545} INFO - Filling up the DagBag from /home/airflow/.local/lib/python3.12/site-packages/airflow/example_dags/example_latest_only.py
[2024-08-09T01:43:34.750+0000] {processor.py:840} INFO - DAG(s) 'latest_only' retrieved from /home/airflow/.local/lib/python3.12/site-packages/airflow/example_dags/example_latest_only.py
[2024-08-09T01:43:34.850+0000] {logging_mixin.py:188} INFO - [2024-08-09T01:43:34.849+0000] {dag.py:3089} INFO - Sync 1 DAGs
[2024-08-09T01:43:34.914+0000] {logging_mixin.py:188} INFO - [2024-08-09T01:43:34.913+0000] {dag.py:3947} INFO - Setting next_dagrun for latest_only to 2024-08-08 20:00:00+00:00, run_after=2024-08-09 00:00:00+00:00
[2024-08-09T01:43:34.956+0000] {processor.py:183} INFO - Processing /home/airflow/.local/lib/python3.12/site-packages/airflow/example_dags/example_latest_only.py took 0.274 seconds
[2024-08-09T01:44:05.453+0000] {processor.py:161} INFO - Started process (PID=1174) to work on /home/airflow/.local/lib/python3.12/site-packages/airflow/example_dags/example_latest_only.py
[2024-08-09T01:44:05.459+0000] {processor.py:830} INFO - Processing file /home/airflow/.local/lib/python3.12/site-packages/airflow/example_dags/example_latest_only.py for tasks to queue
[2024-08-09T01:44:05.472+0000] {logging_mixin.py:188} INFO - [2024-08-09T01:44:05.471+0000] {dagbag.py:545} INFO - Filling up the DagBag from /home/airflow/.local/lib/python3.12/site-packages/airflow/example_dags/example_latest_only.py
[2024-08-09T01:44:05.500+0000] {processor.py:840} INFO - DAG(s) 'latest_only' retrieved from /home/airflow/.local/lib/python3.12/site-packages/airflow/example_dags/example_latest_only.py
[2024-08-09T01:44:05.586+0000] {logging_mixin.py:188} INFO - [2024-08-09T01:44:05.585+0000] {dag.py:3089} INFO - Sync 1 DAGs
[2024-08-09T01:44:05.667+0000] {logging_mixin.py:188} INFO - [2024-08-09T01:44:05.667+0000] {dag.py:3947} INFO - Setting next_dagrun for latest_only to 2024-08-08 20:00:00+00:00, run_after=2024-08-09 00:00:00+00:00
[2024-08-09T01:44:05.719+0000] {processor.py:183} INFO - Processing /home/airflow/.local/lib/python3.12/site-packages/airflow/example_dags/example_latest_only.py took 0.291 seconds
[2024-08-09T01:44:36.118+0000] {processor.py:161} INFO - Started process (PID=1232) to work on /home/airflow/.local/lib/python3.12/site-packages/airflow/example_dags/example_latest_only.py
[2024-08-09T01:44:36.120+0000] {processor.py:830} INFO - Processing file /home/airflow/.local/lib/python3.12/site-packages/airflow/example_dags/example_latest_only.py for tasks to queue
[2024-08-09T01:44:36.124+0000] {logging_mixin.py:188} INFO - [2024-08-09T01:44:36.124+0000] {dagbag.py:545} INFO - Filling up the DagBag from /home/airflow/.local/lib/python3.12/site-packages/airflow/example_dags/example_latest_only.py
[2024-08-09T01:44:36.137+0000] {processor.py:840} INFO - DAG(s) 'latest_only' retrieved from /home/airflow/.local/lib/python3.12/site-packages/airflow/example_dags/example_latest_only.py
[2024-08-09T01:44:36.187+0000] {logging_mixin.py:188} INFO - [2024-08-09T01:44:36.187+0000] {dag.py:3089} INFO - Sync 1 DAGs
[2024-08-09T01:44:36.228+0000] {logging_mixin.py:188} INFO - [2024-08-09T01:44:36.228+0000] {dag.py:3947} INFO - Setting next_dagrun for latest_only to 2024-08-08 20:00:00+00:00, run_after=2024-08-09 00:00:00+00:00
[2024-08-09T01:44:36.270+0000] {processor.py:183} INFO - Processing /home/airflow/.local/lib/python3.12/site-packages/airflow/example_dags/example_latest_only.py took 0.166 seconds
[2024-08-09T01:45:06.466+0000] {processor.py:161} INFO - Started process (PID=1290) to work on /home/airflow/.local/lib/python3.12/site-packages/airflow/example_dags/example_latest_only.py
[2024-08-09T01:45:06.469+0000] {processor.py:830} INFO - Processing file /home/airflow/.local/lib/python3.12/site-packages/airflow/example_dags/example_latest_only.py for tasks to queue
[2024-08-09T01:45:06.474+0000] {logging_mixin.py:188} INFO - [2024-08-09T01:45:06.473+0000] {dagbag.py:545} INFO - Filling up the DagBag from /home/airflow/.local/lib/python3.12/site-packages/airflow/example_dags/example_latest_only.py
[2024-08-09T01:45:06.497+0000] {processor.py:840} INFO - DAG(s) 'latest_only' retrieved from /home/airflow/.local/lib/python3.12/site-packages/airflow/example_dags/example_latest_only.py
[2024-08-09T01:45:06.574+0000] {logging_mixin.py:188} INFO - [2024-08-09T01:45:06.573+0000] {dag.py:3089} INFO - Sync 1 DAGs
[2024-08-09T01:45:06.633+0000] {logging_mixin.py:188} INFO - [2024-08-09T01:45:06.632+0000] {dag.py:3947} INFO - Setting next_dagrun for latest_only to 2024-08-08 20:00:00+00:00, run_after=2024-08-09 00:00:00+00:00
[2024-08-09T01:45:06.680+0000] {processor.py:183} INFO - Processing /home/airflow/.local/lib/python3.12/site-packages/airflow/example_dags/example_latest_only.py took 0.232 seconds
[2024-08-09T01:45:37.241+0000] {processor.py:161} INFO - Started process (PID=1347) to work on /home/airflow/.local/lib/python3.12/site-packages/airflow/example_dags/example_latest_only.py
[2024-08-09T01:45:37.244+0000] {processor.py:830} INFO - Processing file /home/airflow/.local/lib/python3.12/site-packages/airflow/example_dags/example_latest_only.py for tasks to queue
[2024-08-09T01:45:37.249+0000] {logging_mixin.py:188} INFO - [2024-08-09T01:45:37.248+0000] {dagbag.py:545} INFO - Filling up the DagBag from /home/airflow/.local/lib/python3.12/site-packages/airflow/example_dags/example_latest_only.py
[2024-08-09T01:45:37.262+0000] {processor.py:840} INFO - DAG(s) 'latest_only' retrieved from /home/airflow/.local/lib/python3.12/site-packages/airflow/example_dags/example_latest_only.py
[2024-08-09T01:45:37.315+0000] {logging_mixin.py:188} INFO - [2024-08-09T01:45:37.315+0000] {dag.py:3089} INFO - Sync 1 DAGs
[2024-08-09T01:45:37.359+0000] {logging_mixin.py:188} INFO - [2024-08-09T01:45:37.359+0000] {dag.py:3947} INFO - Setting next_dagrun for latest_only to 2024-08-08 20:00:00+00:00, run_after=2024-08-09 00:00:00+00:00
[2024-08-09T01:45:37.390+0000] {processor.py:183} INFO - Processing /home/airflow/.local/lib/python3.12/site-packages/airflow/example_dags/example_latest_only.py took 0.165 seconds
[2024-08-09T01:46:08.106+0000] {processor.py:161} INFO - Started process (PID=1405) to work on /home/airflow/.local/lib/python3.12/site-packages/airflow/example_dags/example_latest_only.py
[2024-08-09T01:46:08.108+0000] {processor.py:830} INFO - Processing file /home/airflow/.local/lib/python3.12/site-packages/airflow/example_dags/example_latest_only.py for tasks to queue
[2024-08-09T01:46:08.113+0000] {logging_mixin.py:188} INFO - [2024-08-09T01:46:08.112+0000] {dagbag.py:545} INFO - Filling up the DagBag from /home/airflow/.local/lib/python3.12/site-packages/airflow/example_dags/example_latest_only.py
[2024-08-09T01:46:08.128+0000] {processor.py:840} INFO - DAG(s) 'latest_only' retrieved from /home/airflow/.local/lib/python3.12/site-packages/airflow/example_dags/example_latest_only.py
[2024-08-09T01:46:08.187+0000] {logging_mixin.py:188} INFO - [2024-08-09T01:46:08.186+0000] {dag.py:3089} INFO - Sync 1 DAGs
[2024-08-09T01:46:08.228+0000] {logging_mixin.py:188} INFO - [2024-08-09T01:46:08.228+0000] {dag.py:3947} INFO - Setting next_dagrun for latest_only to 2024-08-08 20:00:00+00:00, run_after=2024-08-09 00:00:00+00:00
[2024-08-09T01:46:08.259+0000] {processor.py:183} INFO - Processing /home/airflow/.local/lib/python3.12/site-packages/airflow/example_dags/example_latest_only.py took 0.168 seconds
[2024-08-09T01:46:38.998+0000] {processor.py:161} INFO - Started process (PID=1462) to work on /home/airflow/.local/lib/python3.12/site-packages/airflow/example_dags/example_latest_only.py
[2024-08-09T01:46:39.001+0000] {processor.py:830} INFO - Processing file /home/airflow/.local/lib/python3.12/site-packages/airflow/example_dags/example_latest_only.py for tasks to queue
[2024-08-09T01:46:39.007+0000] {logging_mixin.py:188} INFO - [2024-08-09T01:46:39.006+0000] {dagbag.py:545} INFO - Filling up the DagBag from /home/airflow/.local/lib/python3.12/site-packages/airflow/example_dags/example_latest_only.py
[2024-08-09T01:46:39.023+0000] {processor.py:840} INFO - DAG(s) 'latest_only' retrieved from /home/airflow/.local/lib/python3.12/site-packages/airflow/example_dags/example_latest_only.py
[2024-08-09T01:46:39.073+0000] {logging_mixin.py:188} INFO - [2024-08-09T01:46:39.072+0000] {dag.py:3089} INFO - Sync 1 DAGs
[2024-08-09T01:46:39.116+0000] {logging_mixin.py:188} INFO - [2024-08-09T01:46:39.116+0000] {dag.py:3947} INFO - Setting next_dagrun for latest_only to 2024-08-08 20:00:00+00:00, run_after=2024-08-09 00:00:00+00:00
[2024-08-09T01:46:39.150+0000] {processor.py:183} INFO - Processing /home/airflow/.local/lib/python3.12/site-packages/airflow/example_dags/example_latest_only.py took 0.168 seconds
[2024-08-09T01:47:10.077+0000] {processor.py:161} INFO - Started process (PID=1520) to work on /home/airflow/.local/lib/python3.12/site-packages/airflow/example_dags/example_latest_only.py
[2024-08-09T01:47:10.079+0000] {processor.py:830} INFO - Processing file /home/airflow/.local/lib/python3.12/site-packages/airflow/example_dags/example_latest_only.py for tasks to queue
[2024-08-09T01:47:10.084+0000] {logging_mixin.py:188} INFO - [2024-08-09T01:47:10.083+0000] {dagbag.py:545} INFO - Filling up the DagBag from /home/airflow/.local/lib/python3.12/site-packages/airflow/example_dags/example_latest_only.py
[2024-08-09T01:47:10.097+0000] {processor.py:840} INFO - DAG(s) 'latest_only' retrieved from /home/airflow/.local/lib/python3.12/site-packages/airflow/example_dags/example_latest_only.py
[2024-08-09T01:47:10.154+0000] {logging_mixin.py:188} INFO - [2024-08-09T01:47:10.154+0000] {dag.py:3089} INFO - Sync 1 DAGs
[2024-08-09T01:47:10.193+0000] {logging_mixin.py:188} INFO - [2024-08-09T01:47:10.193+0000] {dag.py:3947} INFO - Setting next_dagrun for latest_only to 2024-08-08 20:00:00+00:00, run_after=2024-08-09 00:00:00+00:00
[2024-08-09T01:47:10.227+0000] {processor.py:183} INFO - Processing /home/airflow/.local/lib/python3.12/site-packages/airflow/example_dags/example_latest_only.py took 0.166 seconds
[2024-08-09T01:47:42.686+0000] {processor.py:161} INFO - Started process (PID=1578) to work on /home/airflow/.local/lib/python3.12/site-packages/airflow/example_dags/example_latest_only.py
[2024-08-09T01:47:42.694+0000] {processor.py:830} INFO - Processing file /home/airflow/.local/lib/python3.12/site-packages/airflow/example_dags/example_latest_only.py for tasks to queue
[2024-08-09T01:47:42.706+0000] {logging_mixin.py:188} INFO - [2024-08-09T01:47:42.704+0000] {dagbag.py:545} INFO - Filling up the DagBag from /home/airflow/.local/lib/python3.12/site-packages/airflow/example_dags/example_latest_only.py
[2024-08-09T01:47:42.728+0000] {processor.py:840} INFO - DAG(s) 'latest_only' retrieved from /home/airflow/.local/lib/python3.12/site-packages/airflow/example_dags/example_latest_only.py
[2024-08-09T01:47:42.809+0000] {logging_mixin.py:188} INFO - [2024-08-09T01:47:42.808+0000] {dag.py:3089} INFO - Sync 1 DAGs
[2024-08-09T01:47:42.890+0000] {logging_mixin.py:188} INFO - [2024-08-09T01:47:42.890+0000] {dag.py:3947} INFO - Setting next_dagrun for latest_only to 2024-08-08 20:00:00+00:00, run_after=2024-08-09 00:00:00+00:00
[2024-08-09T01:47:42.961+0000] {processor.py:183} INFO - Processing /home/airflow/.local/lib/python3.12/site-packages/airflow/example_dags/example_latest_only.py took 0.302 seconds
[2024-08-09T01:48:14.434+0000] {processor.py:161} INFO - Started process (PID=1636) to work on /home/airflow/.local/lib/python3.12/site-packages/airflow/example_dags/example_latest_only.py
[2024-08-09T01:48:14.438+0000] {processor.py:830} INFO - Processing file /home/airflow/.local/lib/python3.12/site-packages/airflow/example_dags/example_latest_only.py for tasks to queue
[2024-08-09T01:48:14.450+0000] {logging_mixin.py:188} INFO - [2024-08-09T01:48:14.448+0000] {dagbag.py:545} INFO - Filling up the DagBag from /home/airflow/.local/lib/python3.12/site-packages/airflow/example_dags/example_latest_only.py
[2024-08-09T01:48:14.481+0000] {processor.py:840} INFO - DAG(s) 'latest_only' retrieved from /home/airflow/.local/lib/python3.12/site-packages/airflow/example_dags/example_latest_only.py
[2024-08-09T01:48:14.575+0000] {logging_mixin.py:188} INFO - [2024-08-09T01:48:14.574+0000] {dag.py:3089} INFO - Sync 1 DAGs
[2024-08-09T01:48:14.638+0000] {logging_mixin.py:188} INFO - [2024-08-09T01:48:14.638+0000] {dag.py:3947} INFO - Setting next_dagrun for latest_only to 2024-08-08 20:00:00+00:00, run_after=2024-08-09 00:00:00+00:00
[2024-08-09T01:48:14.686+0000] {processor.py:183} INFO - Processing /home/airflow/.local/lib/python3.12/site-packages/airflow/example_dags/example_latest_only.py took 0.286 seconds
[2024-08-09T01:48:47.062+0000] {processor.py:161} INFO - Started process (PID=1694) to work on /home/airflow/.local/lib/python3.12/site-packages/airflow/example_dags/example_latest_only.py
[2024-08-09T01:48:47.066+0000] {processor.py:830} INFO - Processing file /home/airflow/.local/lib/python3.12/site-packages/airflow/example_dags/example_latest_only.py for tasks to queue
[2024-08-09T01:48:47.074+0000] {logging_mixin.py:188} INFO - [2024-08-09T01:48:47.073+0000] {dagbag.py:545} INFO - Filling up the DagBag from /home/airflow/.local/lib/python3.12/site-packages/airflow/example_dags/example_latest_only.py
[2024-08-09T01:48:47.088+0000] {processor.py:840} INFO - DAG(s) 'latest_only' retrieved from /home/airflow/.local/lib/python3.12/site-packages/airflow/example_dags/example_latest_only.py
[2024-08-09T01:48:47.192+0000] {logging_mixin.py:188} INFO - [2024-08-09T01:48:47.191+0000] {dag.py:3089} INFO - Sync 1 DAGs
[2024-08-09T01:48:47.966+0000] {logging_mixin.py:188} INFO - [2024-08-09T01:48:47.965+0000] {dag.py:3947} INFO - Setting next_dagrun for latest_only to 2024-08-08 20:00:00+00:00, run_after=2024-08-09 00:00:00+00:00
[2024-08-09T01:48:48.046+0000] {processor.py:183} INFO - Processing /home/airflow/.local/lib/python3.12/site-packages/airflow/example_dags/example_latest_only.py took 1.010 seconds
[2024-08-09T01:49:18.756+0000] {processor.py:161} INFO - Started process (PID=1758) to work on /home/airflow/.local/lib/python3.12/site-packages/airflow/example_dags/example_latest_only.py
[2024-08-09T01:49:18.763+0000] {processor.py:830} INFO - Processing file /home/airflow/.local/lib/python3.12/site-packages/airflow/example_dags/example_latest_only.py for tasks to queue
[2024-08-09T01:49:18.782+0000] {logging_mixin.py:188} INFO - [2024-08-09T01:49:18.779+0000] {dagbag.py:545} INFO - Filling up the DagBag from /home/airflow/.local/lib/python3.12/site-packages/airflow/example_dags/example_latest_only.py
[2024-08-09T01:49:18.814+0000] {processor.py:840} INFO - DAG(s) 'latest_only' retrieved from /home/airflow/.local/lib/python3.12/site-packages/airflow/example_dags/example_latest_only.py
[2024-08-09T01:49:18.940+0000] {logging_mixin.py:188} INFO - [2024-08-09T01:49:18.938+0000] {dag.py:3089} INFO - Sync 1 DAGs
[2024-08-09T01:49:19.037+0000] {logging_mixin.py:188} INFO - [2024-08-09T01:49:19.037+0000] {dag.py:3947} INFO - Setting next_dagrun for latest_only to 2024-08-08 20:00:00+00:00, run_after=2024-08-09 00:00:00+00:00
[2024-08-09T01:49:19.124+0000] {processor.py:183} INFO - Processing /home/airflow/.local/lib/python3.12/site-packages/airflow/example_dags/example_latest_only.py took 0.407 seconds
[2024-08-09T01:49:49.282+0000] {processor.py:161} INFO - Started process (PID=1815) to work on /home/airflow/.local/lib/python3.12/site-packages/airflow/example_dags/example_latest_only.py
[2024-08-09T01:49:49.285+0000] {processor.py:830} INFO - Processing file /home/airflow/.local/lib/python3.12/site-packages/airflow/example_dags/example_latest_only.py for tasks to queue
[2024-08-09T01:49:49.295+0000] {logging_mixin.py:188} INFO - [2024-08-09T01:49:49.294+0000] {dagbag.py:545} INFO - Filling up the DagBag from /home/airflow/.local/lib/python3.12/site-packages/airflow/example_dags/example_latest_only.py
[2024-08-09T01:49:49.328+0000] {processor.py:840} INFO - DAG(s) 'latest_only' retrieved from /home/airflow/.local/lib/python3.12/site-packages/airflow/example_dags/example_latest_only.py
[2024-08-09T01:49:49.438+0000] {logging_mixin.py:188} INFO - [2024-08-09T01:49:49.437+0000] {dag.py:3089} INFO - Sync 1 DAGs
[2024-08-09T01:49:49.589+0000] {logging_mixin.py:188} INFO - [2024-08-09T01:49:49.584+0000] {dag.py:3947} INFO - Setting next_dagrun for latest_only to 2024-08-08 20:00:00+00:00, run_after=2024-08-09 00:00:00+00:00
[2024-08-09T01:49:49.720+0000] {processor.py:183} INFO - Processing /home/airflow/.local/lib/python3.12/site-packages/airflow/example_dags/example_latest_only.py took 0.459 seconds
[2024-08-09T01:50:39.318+0000] {processor.py:161} INFO - Started process (PID=1863) to work on /home/airflow/.local/lib/python3.12/site-packages/airflow/example_dags/example_latest_only.py
[2024-08-09T01:50:39.322+0000] {processor.py:830} INFO - Processing file /home/airflow/.local/lib/python3.12/site-packages/airflow/example_dags/example_latest_only.py for tasks to queue
[2024-08-09T01:50:39.336+0000] {logging_mixin.py:188} INFO - [2024-08-09T01:50:39.335+0000] {dagbag.py:545} INFO - Filling up the DagBag from /home/airflow/.local/lib/python3.12/site-packages/airflow/example_dags/example_latest_only.py
[2024-08-09T01:50:39.376+0000] {processor.py:840} INFO - DAG(s) 'latest_only' retrieved from /home/airflow/.local/lib/python3.12/site-packages/airflow/example_dags/example_latest_only.py
[2024-08-09T01:50:39.531+0000] {logging_mixin.py:188} INFO - [2024-08-09T01:50:39.528+0000] {dag.py:3089} INFO - Sync 1 DAGs
[2024-08-09T01:50:39.658+0000] {logging_mixin.py:188} INFO - [2024-08-09T01:50:39.657+0000] {dag.py:3947} INFO - Setting next_dagrun for latest_only to 2024-08-08 20:00:00+00:00, run_after=2024-08-09 00:00:00+00:00
[2024-08-09T01:50:39.759+0000] {processor.py:183} INFO - Processing /home/airflow/.local/lib/python3.12/site-packages/airflow/example_dags/example_latest_only.py took 0.503 seconds
[2024-08-09T01:51:10.174+0000] {processor.py:161} INFO - Started process (PID=1921) to work on /home/airflow/.local/lib/python3.12/site-packages/airflow/example_dags/example_latest_only.py
[2024-08-09T01:51:10.179+0000] {processor.py:830} INFO - Processing file /home/airflow/.local/lib/python3.12/site-packages/airflow/example_dags/example_latest_only.py for tasks to queue
[2024-08-09T01:51:10.187+0000] {logging_mixin.py:188} INFO - [2024-08-09T01:51:10.186+0000] {dagbag.py:545} INFO - Filling up the DagBag from /home/airflow/.local/lib/python3.12/site-packages/airflow/example_dags/example_latest_only.py
[2024-08-09T01:51:10.206+0000] {processor.py:840} INFO - DAG(s) 'latest_only' retrieved from /home/airflow/.local/lib/python3.12/site-packages/airflow/example_dags/example_latest_only.py
[2024-08-09T01:51:10.296+0000] {logging_mixin.py:188} INFO - [2024-08-09T01:51:10.296+0000] {dag.py:3089} INFO - Sync 1 DAGs
[2024-08-09T01:51:10.365+0000] {logging_mixin.py:188} INFO - [2024-08-09T01:51:10.365+0000] {dag.py:3947} INFO - Setting next_dagrun for latest_only to 2024-08-08 20:00:00+00:00, run_after=2024-08-09 00:00:00+00:00
[2024-08-09T01:51:10.433+0000] {processor.py:183} INFO - Processing /home/airflow/.local/lib/python3.12/site-packages/airflow/example_dags/example_latest_only.py took 0.288 seconds
[2024-08-09T01:51:41.264+0000] {processor.py:161} INFO - Started process (PID=1978) to work on /home/airflow/.local/lib/python3.12/site-packages/airflow/example_dags/example_latest_only.py
[2024-08-09T01:51:41.267+0000] {processor.py:830} INFO - Processing file /home/airflow/.local/lib/python3.12/site-packages/airflow/example_dags/example_latest_only.py for tasks to queue
[2024-08-09T01:51:41.273+0000] {logging_mixin.py:188} INFO - [2024-08-09T01:51:41.272+0000] {dagbag.py:545} INFO - Filling up the DagBag from /home/airflow/.local/lib/python3.12/site-packages/airflow/example_dags/example_latest_only.py
[2024-08-09T01:51:41.290+0000] {processor.py:840} INFO - DAG(s) 'latest_only' retrieved from /home/airflow/.local/lib/python3.12/site-packages/airflow/example_dags/example_latest_only.py
[2024-08-09T01:51:41.362+0000] {logging_mixin.py:188} INFO - [2024-08-09T01:51:41.361+0000] {dag.py:3089} INFO - Sync 1 DAGs
[2024-08-09T01:51:41.415+0000] {logging_mixin.py:188} INFO - [2024-08-09T01:51:41.415+0000] {dag.py:3947} INFO - Setting next_dagrun for latest_only to 2024-08-08 20:00:00+00:00, run_after=2024-08-09 00:00:00+00:00
[2024-08-09T01:51:41.469+0000] {processor.py:183} INFO - Processing /home/airflow/.local/lib/python3.12/site-packages/airflow/example_dags/example_latest_only.py took 0.226 seconds
[2024-08-09T01:52:12.391+0000] {processor.py:161} INFO - Started process (PID=2036) to work on /home/airflow/.local/lib/python3.12/site-packages/airflow/example_dags/example_latest_only.py
[2024-08-09T01:52:12.394+0000] {processor.py:830} INFO - Processing file /home/airflow/.local/lib/python3.12/site-packages/airflow/example_dags/example_latest_only.py for tasks to queue
[2024-08-09T01:52:12.403+0000] {logging_mixin.py:188} INFO - [2024-08-09T01:52:12.401+0000] {dagbag.py:545} INFO - Filling up the DagBag from /home/airflow/.local/lib/python3.12/site-packages/airflow/example_dags/example_latest_only.py
[2024-08-09T01:52:12.427+0000] {processor.py:840} INFO - DAG(s) 'latest_only' retrieved from /home/airflow/.local/lib/python3.12/site-packages/airflow/example_dags/example_latest_only.py
[2024-08-09T01:52:12.569+0000] {logging_mixin.py:188} INFO - [2024-08-09T01:52:12.568+0000] {dag.py:3089} INFO - Sync 1 DAGs
[2024-08-09T01:52:12.652+0000] {logging_mixin.py:188} INFO - [2024-08-09T01:52:12.652+0000] {dag.py:3947} INFO - Setting next_dagrun for latest_only to 2024-08-08 20:00:00+00:00, run_after=2024-08-09 00:00:00+00:00
[2024-08-09T01:52:12.691+0000] {processor.py:183} INFO - Processing /home/airflow/.local/lib/python3.12/site-packages/airflow/example_dags/example_latest_only.py took 0.323 seconds
[2024-08-09T01:52:42.893+0000] {processor.py:161} INFO - Started process (PID=2094) to work on /home/airflow/.local/lib/python3.12/site-packages/airflow/example_dags/example_latest_only.py
[2024-08-09T01:52:42.896+0000] {processor.py:830} INFO - Processing file /home/airflow/.local/lib/python3.12/site-packages/airflow/example_dags/example_latest_only.py for tasks to queue
[2024-08-09T01:52:42.902+0000] {logging_mixin.py:188} INFO - [2024-08-09T01:52:42.902+0000] {dagbag.py:545} INFO - Filling up the DagBag from /home/airflow/.local/lib/python3.12/site-packages/airflow/example_dags/example_latest_only.py
[2024-08-09T01:52:42.919+0000] {processor.py:840} INFO - DAG(s) 'latest_only' retrieved from /home/airflow/.local/lib/python3.12/site-packages/airflow/example_dags/example_latest_only.py
[2024-08-09T01:52:42.998+0000] {logging_mixin.py:188} INFO - [2024-08-09T01:52:42.997+0000] {dag.py:3089} INFO - Sync 1 DAGs
[2024-08-09T01:52:43.084+0000] {logging_mixin.py:188} INFO - [2024-08-09T01:52:43.083+0000] {dag.py:3947} INFO - Setting next_dagrun for latest_only to 2024-08-08 20:00:00+00:00, run_after=2024-08-09 00:00:00+00:00
[2024-08-09T01:52:43.148+0000] {processor.py:183} INFO - Processing /home/airflow/.local/lib/python3.12/site-packages/airflow/example_dags/example_latest_only.py took 0.274 seconds
[2024-08-09T01:53:13.749+0000] {processor.py:161} INFO - Started process (PID=2151) to work on /home/airflow/.local/lib/python3.12/site-packages/airflow/example_dags/example_latest_only.py
[2024-08-09T01:53:13.765+0000] {processor.py:830} INFO - Processing file /home/airflow/.local/lib/python3.12/site-packages/airflow/example_dags/example_latest_only.py for tasks to queue
[2024-08-09T01:53:13.773+0000] {logging_mixin.py:188} INFO - [2024-08-09T01:53:13.771+0000] {dagbag.py:545} INFO - Filling up the DagBag from /home/airflow/.local/lib/python3.12/site-packages/airflow/example_dags/example_latest_only.py
[2024-08-09T01:53:13.809+0000] {processor.py:840} INFO - DAG(s) 'latest_only' retrieved from /home/airflow/.local/lib/python3.12/site-packages/airflow/example_dags/example_latest_only.py
[2024-08-09T01:53:13.933+0000] {logging_mixin.py:188} INFO - [2024-08-09T01:53:13.932+0000] {dag.py:3089} INFO - Sync 1 DAGs
[2024-08-09T01:53:14.108+0000] {logging_mixin.py:188} INFO - [2024-08-09T01:53:14.103+0000] {dag.py:3947} INFO - Setting next_dagrun for latest_only to 2024-08-08 20:00:00+00:00, run_after=2024-08-09 00:00:00+00:00
[2024-08-09T01:53:14.243+0000] {processor.py:183} INFO - Processing /home/airflow/.local/lib/python3.12/site-packages/airflow/example_dags/example_latest_only.py took 0.543 seconds
[2024-08-09T01:53:44.881+0000] {processor.py:161} INFO - Started process (PID=2209) to work on /home/airflow/.local/lib/python3.12/site-packages/airflow/example_dags/example_latest_only.py
[2024-08-09T01:53:44.884+0000] {processor.py:830} INFO - Processing file /home/airflow/.local/lib/python3.12/site-packages/airflow/example_dags/example_latest_only.py for tasks to queue
[2024-08-09T01:53:44.889+0000] {logging_mixin.py:188} INFO - [2024-08-09T01:53:44.888+0000] {dagbag.py:545} INFO - Filling up the DagBag from /home/airflow/.local/lib/python3.12/site-packages/airflow/example_dags/example_latest_only.py
[2024-08-09T01:53:44.910+0000] {processor.py:840} INFO - DAG(s) 'latest_only' retrieved from /home/airflow/.local/lib/python3.12/site-packages/airflow/example_dags/example_latest_only.py
[2024-08-09T01:53:45.020+0000] {logging_mixin.py:188} INFO - [2024-08-09T01:53:45.019+0000] {dag.py:3089} INFO - Sync 1 DAGs
[2024-08-09T01:53:45.122+0000] {logging_mixin.py:188} INFO - [2024-08-09T01:53:45.122+0000] {dag.py:3947} INFO - Setting next_dagrun for latest_only to 2024-08-08 20:00:00+00:00, run_after=2024-08-09 00:00:00+00:00
[2024-08-09T01:53:45.203+0000] {processor.py:183} INFO - Processing /home/airflow/.local/lib/python3.12/site-packages/airflow/example_dags/example_latest_only.py took 0.339 seconds
[2024-08-09T01:54:17.244+0000] {processor.py:161} INFO - Started process (PID=2267) to work on /home/airflow/.local/lib/python3.12/site-packages/airflow/example_dags/example_latest_only.py
[2024-08-09T01:54:17.247+0000] {processor.py:830} INFO - Processing file /home/airflow/.local/lib/python3.12/site-packages/airflow/example_dags/example_latest_only.py for tasks to queue
[2024-08-09T01:54:17.254+0000] {logging_mixin.py:188} INFO - [2024-08-09T01:54:17.253+0000] {dagbag.py:545} INFO - Filling up the DagBag from /home/airflow/.local/lib/python3.12/site-packages/airflow/example_dags/example_latest_only.py
[2024-08-09T01:54:17.271+0000] {processor.py:840} INFO - DAG(s) 'latest_only' retrieved from /home/airflow/.local/lib/python3.12/site-packages/airflow/example_dags/example_latest_only.py
[2024-08-09T01:54:17.344+0000] {logging_mixin.py:188} INFO - [2024-08-09T01:54:17.344+0000] {dag.py:3089} INFO - Sync 1 DAGs
[2024-08-09T01:54:17.424+0000] {logging_mixin.py:188} INFO - [2024-08-09T01:54:17.424+0000] {dag.py:3947} INFO - Setting next_dagrun for latest_only to 2024-08-08 20:00:00+00:00, run_after=2024-08-09 00:00:00+00:00
[2024-08-09T01:54:17.469+0000] {processor.py:183} INFO - Processing /home/airflow/.local/lib/python3.12/site-packages/airflow/example_dags/example_latest_only.py took 0.248 seconds
[2024-08-09T01:54:47.810+0000] {processor.py:161} INFO - Started process (PID=2325) to work on /home/airflow/.local/lib/python3.12/site-packages/airflow/example_dags/example_latest_only.py
[2024-08-09T01:54:47.820+0000] {processor.py:830} INFO - Processing file /home/airflow/.local/lib/python3.12/site-packages/airflow/example_dags/example_latest_only.py for tasks to queue
[2024-08-09T01:54:47.827+0000] {logging_mixin.py:188} INFO - [2024-08-09T01:54:47.826+0000] {dagbag.py:545} INFO - Filling up the DagBag from /home/airflow/.local/lib/python3.12/site-packages/airflow/example_dags/example_latest_only.py
[2024-08-09T01:54:47.855+0000] {processor.py:840} INFO - DAG(s) 'latest_only' retrieved from /home/airflow/.local/lib/python3.12/site-packages/airflow/example_dags/example_latest_only.py
[2024-08-09T01:54:47.947+0000] {logging_mixin.py:188} INFO - [2024-08-09T01:54:47.947+0000] {dag.py:3089} INFO - Sync 1 DAGs
[2024-08-09T01:54:48.014+0000] {logging_mixin.py:188} INFO - [2024-08-09T01:54:48.014+0000] {dag.py:3947} INFO - Setting next_dagrun for latest_only to 2024-08-08 20:00:00+00:00, run_after=2024-08-09 00:00:00+00:00
[2024-08-09T01:54:48.087+0000] {processor.py:183} INFO - Processing /home/airflow/.local/lib/python3.12/site-packages/airflow/example_dags/example_latest_only.py took 0.299 seconds
[2024-08-09T01:55:18.864+0000] {processor.py:161} INFO - Started process (PID=2383) to work on /home/airflow/.local/lib/python3.12/site-packages/airflow/example_dags/example_latest_only.py
[2024-08-09T01:55:18.867+0000] {processor.py:830} INFO - Processing file /home/airflow/.local/lib/python3.12/site-packages/airflow/example_dags/example_latest_only.py for tasks to queue
[2024-08-09T01:55:18.872+0000] {logging_mixin.py:188} INFO - [2024-08-09T01:55:18.871+0000] {dagbag.py:545} INFO - Filling up the DagBag from /home/airflow/.local/lib/python3.12/site-packages/airflow/example_dags/example_latest_only.py
[2024-08-09T01:55:18.886+0000] {processor.py:840} INFO - DAG(s) 'latest_only' retrieved from /home/airflow/.local/lib/python3.12/site-packages/airflow/example_dags/example_latest_only.py
[2024-08-09T01:55:18.948+0000] {logging_mixin.py:188} INFO - [2024-08-09T01:55:18.948+0000] {dag.py:3089} INFO - Sync 1 DAGs
[2024-08-09T01:55:19.000+0000] {logging_mixin.py:188} INFO - [2024-08-09T01:55:18.999+0000] {dag.py:3947} INFO - Setting next_dagrun for latest_only to 2024-08-08 20:00:00+00:00, run_after=2024-08-09 00:00:00+00:00
[2024-08-09T01:55:19.048+0000] {processor.py:183} INFO - Processing /home/airflow/.local/lib/python3.12/site-packages/airflow/example_dags/example_latest_only.py took 0.206 seconds
[2024-08-09T01:55:49.173+0000] {processor.py:161} INFO - Started process (PID=2441) to work on /home/airflow/.local/lib/python3.12/site-packages/airflow/example_dags/example_latest_only.py
[2024-08-09T01:55:49.176+0000] {processor.py:830} INFO - Processing file /home/airflow/.local/lib/python3.12/site-packages/airflow/example_dags/example_latest_only.py for tasks to queue
[2024-08-09T01:55:49.182+0000] {logging_mixin.py:188} INFO - [2024-08-09T01:55:49.181+0000] {dagbag.py:545} INFO - Filling up the DagBag from /home/airflow/.local/lib/python3.12/site-packages/airflow/example_dags/example_latest_only.py
[2024-08-09T01:55:49.197+0000] {processor.py:840} INFO - DAG(s) 'latest_only' retrieved from /home/airflow/.local/lib/python3.12/site-packages/airflow/example_dags/example_latest_only.py
[2024-08-09T01:55:49.259+0000] {logging_mixin.py:188} INFO - [2024-08-09T01:55:49.258+0000] {dag.py:3089} INFO - Sync 1 DAGs
[2024-08-09T01:55:49.301+0000] {logging_mixin.py:188} INFO - [2024-08-09T01:55:49.301+0000] {dag.py:3947} INFO - Setting next_dagrun for latest_only to 2024-08-08 20:00:00+00:00, run_after=2024-08-09 00:00:00+00:00
[2024-08-09T01:55:49.334+0000] {processor.py:183} INFO - Processing /home/airflow/.local/lib/python3.12/site-packages/airflow/example_dags/example_latest_only.py took 0.176 seconds
[2024-08-09T01:56:19.706+0000] {processor.py:161} INFO - Started process (PID=2499) to work on /home/airflow/.local/lib/python3.12/site-packages/airflow/example_dags/example_latest_only.py
[2024-08-09T01:56:19.710+0000] {processor.py:830} INFO - Processing file /home/airflow/.local/lib/python3.12/site-packages/airflow/example_dags/example_latest_only.py for tasks to queue
[2024-08-09T01:56:19.716+0000] {logging_mixin.py:188} INFO - [2024-08-09T01:56:19.715+0000] {dagbag.py:545} INFO - Filling up the DagBag from /home/airflow/.local/lib/python3.12/site-packages/airflow/example_dags/example_latest_only.py
[2024-08-09T01:56:19.731+0000] {processor.py:840} INFO - DAG(s) 'latest_only' retrieved from /home/airflow/.local/lib/python3.12/site-packages/airflow/example_dags/example_latest_only.py
[2024-08-09T01:56:19.797+0000] {logging_mixin.py:188} INFO - [2024-08-09T01:56:19.796+0000] {dag.py:3089} INFO - Sync 1 DAGs
[2024-08-09T01:56:19.846+0000] {logging_mixin.py:188} INFO - [2024-08-09T01:56:19.846+0000] {dag.py:3947} INFO - Setting next_dagrun for latest_only to 2024-08-08 20:00:00+00:00, run_after=2024-08-09 00:00:00+00:00
[2024-08-09T01:56:19.885+0000] {processor.py:183} INFO - Processing /home/airflow/.local/lib/python3.12/site-packages/airflow/example_dags/example_latest_only.py took 0.196 seconds
[2024-08-09T01:56:50.877+0000] {processor.py:161} INFO - Started process (PID=2557) to work on /home/airflow/.local/lib/python3.12/site-packages/airflow/example_dags/example_latest_only.py
[2024-08-09T01:56:50.883+0000] {processor.py:830} INFO - Processing file /home/airflow/.local/lib/python3.12/site-packages/airflow/example_dags/example_latest_only.py for tasks to queue
[2024-08-09T01:56:50.897+0000] {logging_mixin.py:188} INFO - [2024-08-09T01:56:50.892+0000] {dagbag.py:545} INFO - Filling up the DagBag from /home/airflow/.local/lib/python3.12/site-packages/airflow/example_dags/example_latest_only.py
[2024-08-09T01:56:50.923+0000] {processor.py:840} INFO - DAG(s) 'latest_only' retrieved from /home/airflow/.local/lib/python3.12/site-packages/airflow/example_dags/example_latest_only.py
[2024-08-09T01:56:51.005+0000] {logging_mixin.py:188} INFO - [2024-08-09T01:56:51.004+0000] {dag.py:3089} INFO - Sync 1 DAGs
[2024-08-09T01:56:51.066+0000] {logging_mixin.py:188} INFO - [2024-08-09T01:56:51.066+0000] {dag.py:3947} INFO - Setting next_dagrun for latest_only to 2024-08-08 20:00:00+00:00, run_after=2024-08-09 00:00:00+00:00
[2024-08-09T01:56:51.111+0000] {processor.py:183} INFO - Processing /home/airflow/.local/lib/python3.12/site-packages/airflow/example_dags/example_latest_only.py took 0.269 seconds
[2024-08-09T01:57:22.890+0000] {processor.py:161} INFO - Started process (PID=2615) to work on /home/airflow/.local/lib/python3.12/site-packages/airflow/example_dags/example_latest_only.py
[2024-08-09T01:57:22.905+0000] {processor.py:830} INFO - Processing file /home/airflow/.local/lib/python3.12/site-packages/airflow/example_dags/example_latest_only.py for tasks to queue
[2024-08-09T01:57:22.912+0000] {logging_mixin.py:188} INFO - [2024-08-09T01:57:22.911+0000] {dagbag.py:545} INFO - Filling up the DagBag from /home/airflow/.local/lib/python3.12/site-packages/airflow/example_dags/example_latest_only.py
[2024-08-09T01:57:22.945+0000] {processor.py:840} INFO - DAG(s) 'latest_only' retrieved from /home/airflow/.local/lib/python3.12/site-packages/airflow/example_dags/example_latest_only.py
[2024-08-09T01:57:23.078+0000] {logging_mixin.py:188} INFO - [2024-08-09T01:57:23.078+0000] {dag.py:3089} INFO - Sync 1 DAGs
[2024-08-09T01:57:23.162+0000] {logging_mixin.py:188} INFO - [2024-08-09T01:57:23.161+0000] {dag.py:3947} INFO - Setting next_dagrun for latest_only to 2024-08-08 20:00:00+00:00, run_after=2024-08-09 00:00:00+00:00
[2024-08-09T01:57:23.262+0000] {processor.py:183} INFO - Processing /home/airflow/.local/lib/python3.12/site-packages/airflow/example_dags/example_latest_only.py took 0.434 seconds
[2024-08-09T01:57:54.017+0000] {processor.py:161} INFO - Started process (PID=2673) to work on /home/airflow/.local/lib/python3.12/site-packages/airflow/example_dags/example_latest_only.py
[2024-08-09T01:57:54.021+0000] {processor.py:830} INFO - Processing file /home/airflow/.local/lib/python3.12/site-packages/airflow/example_dags/example_latest_only.py for tasks to queue
[2024-08-09T01:57:54.032+0000] {logging_mixin.py:188} INFO - [2024-08-09T01:57:54.031+0000] {dagbag.py:545} INFO - Filling up the DagBag from /home/airflow/.local/lib/python3.12/site-packages/airflow/example_dags/example_latest_only.py
[2024-08-09T01:57:54.073+0000] {processor.py:840} INFO - DAG(s) 'latest_only' retrieved from /home/airflow/.local/lib/python3.12/site-packages/airflow/example_dags/example_latest_only.py
[2024-08-09T01:57:54.179+0000] {logging_mixin.py:188} INFO - [2024-08-09T01:57:54.178+0000] {dag.py:3089} INFO - Sync 1 DAGs
[2024-08-09T01:57:54.251+0000] {logging_mixin.py:188} INFO - [2024-08-09T01:57:54.251+0000] {dag.py:3947} INFO - Setting next_dagrun for latest_only to 2024-08-08 20:00:00+00:00, run_after=2024-08-09 00:00:00+00:00
[2024-08-09T01:57:54.336+0000] {processor.py:183} INFO - Processing /home/airflow/.local/lib/python3.12/site-packages/airflow/example_dags/example_latest_only.py took 0.344 seconds
[2024-08-09T01:58:24.643+0000] {processor.py:161} INFO - Started process (PID=2731) to work on /home/airflow/.local/lib/python3.12/site-packages/airflow/example_dags/example_latest_only.py
[2024-08-09T01:58:24.647+0000] {processor.py:830} INFO - Processing file /home/airflow/.local/lib/python3.12/site-packages/airflow/example_dags/example_latest_only.py for tasks to queue
[2024-08-09T01:58:24.652+0000] {logging_mixin.py:188} INFO - [2024-08-09T01:58:24.651+0000] {dagbag.py:545} INFO - Filling up the DagBag from /home/airflow/.local/lib/python3.12/site-packages/airflow/example_dags/example_latest_only.py
[2024-08-09T01:58:24.682+0000] {processor.py:840} INFO - DAG(s) 'latest_only' retrieved from /home/airflow/.local/lib/python3.12/site-packages/airflow/example_dags/example_latest_only.py
[2024-08-09T01:58:24.766+0000] {logging_mixin.py:188} INFO - [2024-08-09T01:58:24.764+0000] {dag.py:3089} INFO - Sync 1 DAGs
[2024-08-09T01:58:24.849+0000] {logging_mixin.py:188} INFO - [2024-08-09T01:58:24.834+0000] {dag.py:3947} INFO - Setting next_dagrun for latest_only to 2024-08-08 20:00:00+00:00, run_after=2024-08-09 00:00:00+00:00
[2024-08-09T01:58:24.923+0000] {processor.py:183} INFO - Processing /home/airflow/.local/lib/python3.12/site-packages/airflow/example_dags/example_latest_only.py took 0.300 seconds
[2024-08-09T01:58:55.923+0000] {processor.py:161} INFO - Started process (PID=2789) to work on /home/airflow/.local/lib/python3.12/site-packages/airflow/example_dags/example_latest_only.py
[2024-08-09T01:58:55.940+0000] {processor.py:830} INFO - Processing file /home/airflow/.local/lib/python3.12/site-packages/airflow/example_dags/example_latest_only.py for tasks to queue
[2024-08-09T01:58:55.963+0000] {logging_mixin.py:188} INFO - [2024-08-09T01:58:55.960+0000] {dagbag.py:545} INFO - Filling up the DagBag from /home/airflow/.local/lib/python3.12/site-packages/airflow/example_dags/example_latest_only.py
[2024-08-09T01:58:56.005+0000] {processor.py:840} INFO - DAG(s) 'latest_only' retrieved from /home/airflow/.local/lib/python3.12/site-packages/airflow/example_dags/example_latest_only.py
[2024-08-09T01:58:56.234+0000] {logging_mixin.py:188} INFO - [2024-08-09T01:58:56.228+0000] {dag.py:3089} INFO - Sync 1 DAGs
[2024-08-09T01:58:56.470+0000] {logging_mixin.py:188} INFO - [2024-08-09T01:58:56.469+0000] {dag.py:3947} INFO - Setting next_dagrun for latest_only to 2024-08-08 20:00:00+00:00, run_after=2024-08-09 00:00:00+00:00
[2024-08-09T01:58:56.568+0000] {processor.py:183} INFO - Processing /home/airflow/.local/lib/python3.12/site-packages/airflow/example_dags/example_latest_only.py took 0.692 seconds
[2024-08-09T01:59:26.721+0000] {processor.py:161} INFO - Started process (PID=2853) to work on /home/airflow/.local/lib/python3.12/site-packages/airflow/example_dags/example_latest_only.py
[2024-08-09T01:59:26.725+0000] {processor.py:830} INFO - Processing file /home/airflow/.local/lib/python3.12/site-packages/airflow/example_dags/example_latest_only.py for tasks to queue
[2024-08-09T01:59:26.737+0000] {logging_mixin.py:188} INFO - [2024-08-09T01:59:26.736+0000] {dagbag.py:545} INFO - Filling up the DagBag from /home/airflow/.local/lib/python3.12/site-packages/airflow/example_dags/example_latest_only.py
[2024-08-09T01:59:26.755+0000] {processor.py:840} INFO - DAG(s) 'latest_only' retrieved from /home/airflow/.local/lib/python3.12/site-packages/airflow/example_dags/example_latest_only.py
[2024-08-09T01:59:26.844+0000] {logging_mixin.py:188} INFO - [2024-08-09T01:59:26.844+0000] {dag.py:3089} INFO - Sync 1 DAGs
[2024-08-09T01:59:26.889+0000] {logging_mixin.py:188} INFO - [2024-08-09T01:59:26.889+0000] {dag.py:3947} INFO - Setting next_dagrun for latest_only to 2024-08-08 20:00:00+00:00, run_after=2024-08-09 00:00:00+00:00
[2024-08-09T01:59:26.936+0000] {processor.py:183} INFO - Processing /home/airflow/.local/lib/python3.12/site-packages/airflow/example_dags/example_latest_only.py took 0.250 seconds
[2024-08-09T01:59:57.299+0000] {processor.py:161} INFO - Started process (PID=2910) to work on /home/airflow/.local/lib/python3.12/site-packages/airflow/example_dags/example_latest_only.py
[2024-08-09T01:59:57.302+0000] {processor.py:830} INFO - Processing file /home/airflow/.local/lib/python3.12/site-packages/airflow/example_dags/example_latest_only.py for tasks to queue
[2024-08-09T01:59:57.308+0000] {logging_mixin.py:188} INFO - [2024-08-09T01:59:57.307+0000] {dagbag.py:545} INFO - Filling up the DagBag from /home/airflow/.local/lib/python3.12/site-packages/airflow/example_dags/example_latest_only.py
[2024-08-09T01:59:57.320+0000] {processor.py:840} INFO - DAG(s) 'latest_only' retrieved from /home/airflow/.local/lib/python3.12/site-packages/airflow/example_dags/example_latest_only.py
[2024-08-09T01:59:57.392+0000] {logging_mixin.py:188} INFO - [2024-08-09T01:59:57.391+0000] {dag.py:3089} INFO - Sync 1 DAGs
[2024-08-09T01:59:57.445+0000] {logging_mixin.py:188} INFO - [2024-08-09T01:59:57.444+0000] {dag.py:3947} INFO - Setting next_dagrun for latest_only to 2024-08-08 20:00:00+00:00, run_after=2024-08-09 00:00:00+00:00
[2024-08-09T01:59:57.487+0000] {processor.py:183} INFO - Processing /home/airflow/.local/lib/python3.12/site-packages/airflow/example_dags/example_latest_only.py took 0.205 seconds
[2024-08-09T02:00:28.108+0000] {processor.py:161} INFO - Started process (PID=2968) to work on /home/airflow/.local/lib/python3.12/site-packages/airflow/example_dags/example_latest_only.py
[2024-08-09T02:00:28.111+0000] {processor.py:830} INFO - Processing file /home/airflow/.local/lib/python3.12/site-packages/airflow/example_dags/example_latest_only.py for tasks to queue
[2024-08-09T02:00:28.121+0000] {logging_mixin.py:188} INFO - [2024-08-09T02:00:28.118+0000] {dagbag.py:545} INFO - Filling up the DagBag from /home/airflow/.local/lib/python3.12/site-packages/airflow/example_dags/example_latest_only.py
[2024-08-09T02:00:28.144+0000] {processor.py:840} INFO - DAG(s) 'latest_only' retrieved from /home/airflow/.local/lib/python3.12/site-packages/airflow/example_dags/example_latest_only.py
[2024-08-09T02:00:28.235+0000] {logging_mixin.py:188} INFO - [2024-08-09T02:00:28.234+0000] {dag.py:3089} INFO - Sync 1 DAGs
[2024-08-09T02:00:28.366+0000] {logging_mixin.py:188} INFO - [2024-08-09T02:00:28.365+0000] {dag.py:3947} INFO - Setting next_dagrun for latest_only to 2024-08-08 20:00:00+00:00, run_after=2024-08-09 00:00:00+00:00
[2024-08-09T02:00:28.430+0000] {processor.py:183} INFO - Processing /home/airflow/.local/lib/python3.12/site-packages/airflow/example_dags/example_latest_only.py took 0.337 seconds
[2024-08-09T02:00:58.914+0000] {processor.py:161} INFO - Started process (PID=3026) to work on /home/airflow/.local/lib/python3.12/site-packages/airflow/example_dags/example_latest_only.py
[2024-08-09T02:00:58.916+0000] {processor.py:830} INFO - Processing file /home/airflow/.local/lib/python3.12/site-packages/airflow/example_dags/example_latest_only.py for tasks to queue
[2024-08-09T02:00:58.921+0000] {logging_mixin.py:188} INFO - [2024-08-09T02:00:58.920+0000] {dagbag.py:545} INFO - Filling up the DagBag from /home/airflow/.local/lib/python3.12/site-packages/airflow/example_dags/example_latest_only.py
[2024-08-09T02:00:58.938+0000] {processor.py:840} INFO - DAG(s) 'latest_only' retrieved from /home/airflow/.local/lib/python3.12/site-packages/airflow/example_dags/example_latest_only.py
[2024-08-09T02:00:59.018+0000] {logging_mixin.py:188} INFO - [2024-08-09T02:00:59.017+0000] {dag.py:3089} INFO - Sync 1 DAGs
[2024-08-09T02:00:59.073+0000] {logging_mixin.py:188} INFO - [2024-08-09T02:00:59.072+0000] {dag.py:3947} INFO - Setting next_dagrun for latest_only to 2024-08-08 20:00:00+00:00, run_after=2024-08-09 00:00:00+00:00
[2024-08-09T02:00:59.130+0000] {processor.py:183} INFO - Processing /home/airflow/.local/lib/python3.12/site-packages/airflow/example_dags/example_latest_only.py took 0.237 seconds
[2024-08-09T02:01:29.699+0000] {processor.py:161} INFO - Started process (PID=3084) to work on /home/airflow/.local/lib/python3.12/site-packages/airflow/example_dags/example_latest_only.py
[2024-08-09T02:01:29.705+0000] {processor.py:830} INFO - Processing file /home/airflow/.local/lib/python3.12/site-packages/airflow/example_dags/example_latest_only.py for tasks to queue
[2024-08-09T02:01:29.722+0000] {logging_mixin.py:188} INFO - [2024-08-09T02:01:29.721+0000] {dagbag.py:545} INFO - Filling up the DagBag from /home/airflow/.local/lib/python3.12/site-packages/airflow/example_dags/example_latest_only.py
[2024-08-09T02:01:29.752+0000] {processor.py:840} INFO - DAG(s) 'latest_only' retrieved from /home/airflow/.local/lib/python3.12/site-packages/airflow/example_dags/example_latest_only.py
[2024-08-09T02:01:29.828+0000] {logging_mixin.py:188} INFO - [2024-08-09T02:01:29.828+0000] {dag.py:3089} INFO - Sync 1 DAGs
[2024-08-09T02:01:29.906+0000] {logging_mixin.py:188} INFO - [2024-08-09T02:01:29.905+0000] {dag.py:3947} INFO - Setting next_dagrun for latest_only to 2024-08-08 20:00:00+00:00, run_after=2024-08-09 00:00:00+00:00
[2024-08-09T02:01:29.954+0000] {processor.py:183} INFO - Processing /home/airflow/.local/lib/python3.12/site-packages/airflow/example_dags/example_latest_only.py took 0.305 seconds
[2024-08-09T02:02:00.047+0000] {processor.py:161} INFO - Started process (PID=3142) to work on /home/airflow/.local/lib/python3.12/site-packages/airflow/example_dags/example_latest_only.py
[2024-08-09T02:02:00.050+0000] {processor.py:830} INFO - Processing file /home/airflow/.local/lib/python3.12/site-packages/airflow/example_dags/example_latest_only.py for tasks to queue
[2024-08-09T02:02:00.057+0000] {logging_mixin.py:188} INFO - [2024-08-09T02:02:00.056+0000] {dagbag.py:545} INFO - Filling up the DagBag from /home/airflow/.local/lib/python3.12/site-packages/airflow/example_dags/example_latest_only.py
[2024-08-09T02:02:00.071+0000] {processor.py:840} INFO - DAG(s) 'latest_only' retrieved from /home/airflow/.local/lib/python3.12/site-packages/airflow/example_dags/example_latest_only.py
[2024-08-09T02:02:00.147+0000] {logging_mixin.py:188} INFO - [2024-08-09T02:02:00.146+0000] {dag.py:3089} INFO - Sync 1 DAGs
[2024-08-09T02:02:00.207+0000] {logging_mixin.py:188} INFO - [2024-08-09T02:02:00.206+0000] {dag.py:3947} INFO - Setting next_dagrun for latest_only to 2024-08-08 20:00:00+00:00, run_after=2024-08-09 00:00:00+00:00
[2024-08-09T02:02:00.263+0000] {processor.py:183} INFO - Processing /home/airflow/.local/lib/python3.12/site-packages/airflow/example_dags/example_latest_only.py took 0.237 seconds
[2024-08-09T02:02:30.466+0000] {processor.py:161} INFO - Started process (PID=3200) to work on /home/airflow/.local/lib/python3.12/site-packages/airflow/example_dags/example_latest_only.py
[2024-08-09T02:02:30.470+0000] {processor.py:830} INFO - Processing file /home/airflow/.local/lib/python3.12/site-packages/airflow/example_dags/example_latest_only.py for tasks to queue
[2024-08-09T02:02:30.476+0000] {logging_mixin.py:188} INFO - [2024-08-09T02:02:30.475+0000] {dagbag.py:545} INFO - Filling up the DagBag from /home/airflow/.local/lib/python3.12/site-packages/airflow/example_dags/example_latest_only.py
[2024-08-09T02:02:30.491+0000] {processor.py:840} INFO - DAG(s) 'latest_only' retrieved from /home/airflow/.local/lib/python3.12/site-packages/airflow/example_dags/example_latest_only.py
[2024-08-09T02:02:30.555+0000] {logging_mixin.py:188} INFO - [2024-08-09T02:02:30.555+0000] {dag.py:3089} INFO - Sync 1 DAGs
[2024-08-09T02:02:30.595+0000] {logging_mixin.py:188} INFO - [2024-08-09T02:02:30.595+0000] {dag.py:3947} INFO - Setting next_dagrun for latest_only to 2024-08-08 20:00:00+00:00, run_after=2024-08-09 00:00:00+00:00
[2024-08-09T02:02:30.627+0000] {processor.py:183} INFO - Processing /home/airflow/.local/lib/python3.12/site-packages/airflow/example_dags/example_latest_only.py took 0.181 seconds
[2024-08-09T02:03:01.081+0000] {processor.py:161} INFO - Started process (PID=3258) to work on /home/airflow/.local/lib/python3.12/site-packages/airflow/example_dags/example_latest_only.py
[2024-08-09T02:03:01.084+0000] {processor.py:830} INFO - Processing file /home/airflow/.local/lib/python3.12/site-packages/airflow/example_dags/example_latest_only.py for tasks to queue
[2024-08-09T02:03:01.088+0000] {logging_mixin.py:188} INFO - [2024-08-09T02:03:01.087+0000] {dagbag.py:545} INFO - Filling up the DagBag from /home/airflow/.local/lib/python3.12/site-packages/airflow/example_dags/example_latest_only.py
[2024-08-09T02:03:01.100+0000] {processor.py:840} INFO - DAG(s) 'latest_only' retrieved from /home/airflow/.local/lib/python3.12/site-packages/airflow/example_dags/example_latest_only.py
[2024-08-09T02:03:01.160+0000] {logging_mixin.py:188} INFO - [2024-08-09T02:03:01.160+0000] {dag.py:3089} INFO - Sync 1 DAGs
[2024-08-09T02:03:01.204+0000] {logging_mixin.py:188} INFO - [2024-08-09T02:03:01.203+0000] {dag.py:3947} INFO - Setting next_dagrun for latest_only to 2024-08-08 20:00:00+00:00, run_after=2024-08-09 00:00:00+00:00
[2024-08-09T02:03:01.239+0000] {processor.py:183} INFO - Processing /home/airflow/.local/lib/python3.12/site-packages/airflow/example_dags/example_latest_only.py took 0.173 seconds
[2024-08-09T02:03:31.961+0000] {processor.py:161} INFO - Started process (PID=3315) to work on /home/airflow/.local/lib/python3.12/site-packages/airflow/example_dags/example_latest_only.py
[2024-08-09T02:03:31.964+0000] {processor.py:830} INFO - Processing file /home/airflow/.local/lib/python3.12/site-packages/airflow/example_dags/example_latest_only.py for tasks to queue
[2024-08-09T02:03:31.969+0000] {logging_mixin.py:188} INFO - [2024-08-09T02:03:31.968+0000] {dagbag.py:545} INFO - Filling up the DagBag from /home/airflow/.local/lib/python3.12/site-packages/airflow/example_dags/example_latest_only.py
[2024-08-09T02:03:31.981+0000] {processor.py:840} INFO - DAG(s) 'latest_only' retrieved from /home/airflow/.local/lib/python3.12/site-packages/airflow/example_dags/example_latest_only.py
[2024-08-09T02:03:32.047+0000] {logging_mixin.py:188} INFO - [2024-08-09T02:03:32.047+0000] {dag.py:3089} INFO - Sync 1 DAGs
[2024-08-09T02:03:32.106+0000] {logging_mixin.py:188} INFO - [2024-08-09T02:03:32.105+0000] {dag.py:3947} INFO - Setting next_dagrun for latest_only to 2024-08-08 20:00:00+00:00, run_after=2024-08-09 00:00:00+00:00
[2024-08-09T02:03:32.157+0000] {processor.py:183} INFO - Processing /home/airflow/.local/lib/python3.12/site-packages/airflow/example_dags/example_latest_only.py took 0.212 seconds
[2024-08-09T02:04:03.702+0000] {processor.py:161} INFO - Started process (PID=3373) to work on /home/airflow/.local/lib/python3.12/site-packages/airflow/example_dags/example_latest_only.py
[2024-08-09T02:04:03.712+0000] {processor.py:830} INFO - Processing file /home/airflow/.local/lib/python3.12/site-packages/airflow/example_dags/example_latest_only.py for tasks to queue
[2024-08-09T02:04:03.723+0000] {logging_mixin.py:188} INFO - [2024-08-09T02:04:03.721+0000] {dagbag.py:545} INFO - Filling up the DagBag from /home/airflow/.local/lib/python3.12/site-packages/airflow/example_dags/example_latest_only.py
[2024-08-09T02:04:03.741+0000] {processor.py:840} INFO - DAG(s) 'latest_only' retrieved from /home/airflow/.local/lib/python3.12/site-packages/airflow/example_dags/example_latest_only.py
[2024-08-09T02:04:03.816+0000] {logging_mixin.py:188} INFO - [2024-08-09T02:04:03.815+0000] {dag.py:3089} INFO - Sync 1 DAGs
[2024-08-09T02:04:03.872+0000] {logging_mixin.py:188} INFO - [2024-08-09T02:04:03.872+0000] {dag.py:3947} INFO - Setting next_dagrun for latest_only to 2024-08-08 20:00:00+00:00, run_after=2024-08-09 00:00:00+00:00
[2024-08-09T02:04:03.949+0000] {processor.py:183} INFO - Processing /home/airflow/.local/lib/python3.12/site-packages/airflow/example_dags/example_latest_only.py took 0.309 seconds
[2024-08-09T02:04:34.424+0000] {processor.py:161} INFO - Started process (PID=3431) to work on /home/airflow/.local/lib/python3.12/site-packages/airflow/example_dags/example_latest_only.py
[2024-08-09T02:04:34.427+0000] {processor.py:830} INFO - Processing file /home/airflow/.local/lib/python3.12/site-packages/airflow/example_dags/example_latest_only.py for tasks to queue
[2024-08-09T02:04:34.432+0000] {logging_mixin.py:188} INFO - [2024-08-09T02:04:34.432+0000] {dagbag.py:545} INFO - Filling up the DagBag from /home/airflow/.local/lib/python3.12/site-packages/airflow/example_dags/example_latest_only.py
[2024-08-09T02:04:34.450+0000] {processor.py:840} INFO - DAG(s) 'latest_only' retrieved from /home/airflow/.local/lib/python3.12/site-packages/airflow/example_dags/example_latest_only.py
[2024-08-09T02:04:34.514+0000] {logging_mixin.py:188} INFO - [2024-08-09T02:04:34.513+0000] {dag.py:3089} INFO - Sync 1 DAGs
[2024-08-09T02:04:34.558+0000] {logging_mixin.py:188} INFO - [2024-08-09T02:04:34.558+0000] {dag.py:3947} INFO - Setting next_dagrun for latest_only to 2024-08-08 20:00:00+00:00, run_after=2024-08-09 00:00:00+00:00
[2024-08-09T02:04:34.605+0000] {processor.py:183} INFO - Processing /home/airflow/.local/lib/python3.12/site-packages/airflow/example_dags/example_latest_only.py took 0.208 seconds
[2024-08-09T02:05:05.115+0000] {processor.py:161} INFO - Started process (PID=3489) to work on /home/airflow/.local/lib/python3.12/site-packages/airflow/example_dags/example_latest_only.py
[2024-08-09T02:05:05.117+0000] {processor.py:830} INFO - Processing file /home/airflow/.local/lib/python3.12/site-packages/airflow/example_dags/example_latest_only.py for tasks to queue
[2024-08-09T02:05:05.123+0000] {logging_mixin.py:188} INFO - [2024-08-09T02:05:05.122+0000] {dagbag.py:545} INFO - Filling up the DagBag from /home/airflow/.local/lib/python3.12/site-packages/airflow/example_dags/example_latest_only.py
[2024-08-09T02:05:05.137+0000] {processor.py:840} INFO - DAG(s) 'latest_only' retrieved from /home/airflow/.local/lib/python3.12/site-packages/airflow/example_dags/example_latest_only.py
[2024-08-09T02:05:05.203+0000] {logging_mixin.py:188} INFO - [2024-08-09T02:05:05.202+0000] {dag.py:3089} INFO - Sync 1 DAGs
[2024-08-09T02:05:05.265+0000] {logging_mixin.py:188} INFO - [2024-08-09T02:05:05.264+0000] {dag.py:3947} INFO - Setting next_dagrun for latest_only to 2024-08-08 20:00:00+00:00, run_after=2024-08-09 00:00:00+00:00
[2024-08-09T02:05:05.314+0000] {processor.py:183} INFO - Processing /home/airflow/.local/lib/python3.12/site-packages/airflow/example_dags/example_latest_only.py took 0.220 seconds
[2024-08-09T02:05:36.250+0000] {processor.py:161} INFO - Started process (PID=3547) to work on /home/airflow/.local/lib/python3.12/site-packages/airflow/example_dags/example_latest_only.py
[2024-08-09T02:05:36.256+0000] {processor.py:830} INFO - Processing file /home/airflow/.local/lib/python3.12/site-packages/airflow/example_dags/example_latest_only.py for tasks to queue
[2024-08-09T02:05:36.268+0000] {logging_mixin.py:188} INFO - [2024-08-09T02:05:36.267+0000] {dagbag.py:545} INFO - Filling up the DagBag from /home/airflow/.local/lib/python3.12/site-packages/airflow/example_dags/example_latest_only.py
[2024-08-09T02:05:36.296+0000] {processor.py:840} INFO - DAG(s) 'latest_only' retrieved from /home/airflow/.local/lib/python3.12/site-packages/airflow/example_dags/example_latest_only.py
[2024-08-09T02:05:36.444+0000] {logging_mixin.py:188} INFO - [2024-08-09T02:05:36.443+0000] {dag.py:3089} INFO - Sync 1 DAGs
[2024-08-09T02:05:36.547+0000] {logging_mixin.py:188} INFO - [2024-08-09T02:05:36.546+0000] {dag.py:3947} INFO - Setting next_dagrun for latest_only to 2024-08-08 20:00:00+00:00, run_after=2024-08-09 00:00:00+00:00
[2024-08-09T02:05:36.629+0000] {processor.py:183} INFO - Processing /home/airflow/.local/lib/python3.12/site-packages/airflow/example_dags/example_latest_only.py took 0.401 seconds
[2024-08-09T02:06:06.714+0000] {processor.py:161} INFO - Started process (PID=3605) to work on /home/airflow/.local/lib/python3.12/site-packages/airflow/example_dags/example_latest_only.py
[2024-08-09T02:06:06.717+0000] {processor.py:830} INFO - Processing file /home/airflow/.local/lib/python3.12/site-packages/airflow/example_dags/example_latest_only.py for tasks to queue
[2024-08-09T02:06:06.723+0000] {logging_mixin.py:188} INFO - [2024-08-09T02:06:06.722+0000] {dagbag.py:545} INFO - Filling up the DagBag from /home/airflow/.local/lib/python3.12/site-packages/airflow/example_dags/example_latest_only.py
[2024-08-09T02:06:06.738+0000] {processor.py:840} INFO - DAG(s) 'latest_only' retrieved from /home/airflow/.local/lib/python3.12/site-packages/airflow/example_dags/example_latest_only.py
[2024-08-09T02:06:06.795+0000] {logging_mixin.py:188} INFO - [2024-08-09T02:06:06.794+0000] {dag.py:3089} INFO - Sync 1 DAGs
[2024-08-09T02:06:06.857+0000] {logging_mixin.py:188} INFO - [2024-08-09T02:06:06.856+0000] {dag.py:3947} INFO - Setting next_dagrun for latest_only to 2024-08-08 20:00:00+00:00, run_after=2024-08-09 00:00:00+00:00
[2024-08-09T02:06:06.908+0000] {processor.py:183} INFO - Processing /home/airflow/.local/lib/python3.12/site-packages/airflow/example_dags/example_latest_only.py took 0.213 seconds
[2024-08-09T02:06:38.035+0000] {processor.py:161} INFO - Started process (PID=3663) to work on /home/airflow/.local/lib/python3.12/site-packages/airflow/example_dags/example_latest_only.py
[2024-08-09T02:06:38.038+0000] {processor.py:830} INFO - Processing file /home/airflow/.local/lib/python3.12/site-packages/airflow/example_dags/example_latest_only.py for tasks to queue
[2024-08-09T02:06:38.044+0000] {logging_mixin.py:188} INFO - [2024-08-09T02:06:38.043+0000] {dagbag.py:545} INFO - Filling up the DagBag from /home/airflow/.local/lib/python3.12/site-packages/airflow/example_dags/example_latest_only.py
[2024-08-09T02:06:38.060+0000] {processor.py:840} INFO - DAG(s) 'latest_only' retrieved from /home/airflow/.local/lib/python3.12/site-packages/airflow/example_dags/example_latest_only.py
[2024-08-09T02:06:38.130+0000] {logging_mixin.py:188} INFO - [2024-08-09T02:06:38.129+0000] {dag.py:3089} INFO - Sync 1 DAGs
[2024-08-09T02:06:38.203+0000] {logging_mixin.py:188} INFO - [2024-08-09T02:06:38.202+0000] {dag.py:3947} INFO - Setting next_dagrun for latest_only to 2024-08-08 20:00:00+00:00, run_after=2024-08-09 00:00:00+00:00
[2024-08-09T02:06:38.257+0000] {processor.py:183} INFO - Processing /home/airflow/.local/lib/python3.12/site-packages/airflow/example_dags/example_latest_only.py took 0.239 seconds
[2024-08-09T02:07:08.502+0000] {processor.py:161} INFO - Started process (PID=3720) to work on /home/airflow/.local/lib/python3.12/site-packages/airflow/example_dags/example_latest_only.py
[2024-08-09T02:07:08.504+0000] {processor.py:830} INFO - Processing file /home/airflow/.local/lib/python3.12/site-packages/airflow/example_dags/example_latest_only.py for tasks to queue
[2024-08-09T02:07:08.508+0000] {logging_mixin.py:188} INFO - [2024-08-09T02:07:08.507+0000] {dagbag.py:545} INFO - Filling up the DagBag from /home/airflow/.local/lib/python3.12/site-packages/airflow/example_dags/example_latest_only.py
[2024-08-09T02:07:08.519+0000] {processor.py:840} INFO - DAG(s) 'latest_only' retrieved from /home/airflow/.local/lib/python3.12/site-packages/airflow/example_dags/example_latest_only.py
[2024-08-09T02:07:08.568+0000] {logging_mixin.py:188} INFO - [2024-08-09T02:07:08.568+0000] {dag.py:3089} INFO - Sync 1 DAGs
[2024-08-09T02:07:08.606+0000] {logging_mixin.py:188} INFO - [2024-08-09T02:07:08.605+0000] {dag.py:3947} INFO - Setting next_dagrun for latest_only to 2024-08-08 20:00:00+00:00, run_after=2024-08-09 00:00:00+00:00
[2024-08-09T02:07:08.638+0000] {processor.py:183} INFO - Processing /home/airflow/.local/lib/python3.12/site-packages/airflow/example_dags/example_latest_only.py took 0.151 seconds
[2024-08-09T02:07:38.832+0000] {processor.py:161} INFO - Started process (PID=3777) to work on /home/airflow/.local/lib/python3.12/site-packages/airflow/example_dags/example_latest_only.py
[2024-08-09T02:07:38.836+0000] {processor.py:830} INFO - Processing file /home/airflow/.local/lib/python3.12/site-packages/airflow/example_dags/example_latest_only.py for tasks to queue
[2024-08-09T02:07:38.842+0000] {logging_mixin.py:188} INFO - [2024-08-09T02:07:38.841+0000] {dagbag.py:545} INFO - Filling up the DagBag from /home/airflow/.local/lib/python3.12/site-packages/airflow/example_dags/example_latest_only.py
[2024-08-09T02:07:38.856+0000] {processor.py:840} INFO - DAG(s) 'latest_only' retrieved from /home/airflow/.local/lib/python3.12/site-packages/airflow/example_dags/example_latest_only.py
[2024-08-09T02:07:38.940+0000] {logging_mixin.py:188} INFO - [2024-08-09T02:07:38.940+0000] {dag.py:3089} INFO - Sync 1 DAGs
[2024-08-09T02:07:38.986+0000] {logging_mixin.py:188} INFO - [2024-08-09T02:07:38.986+0000] {dag.py:3947} INFO - Setting next_dagrun for latest_only to 2024-08-08 20:00:00+00:00, run_after=2024-08-09 00:00:00+00:00
[2024-08-09T02:07:39.036+0000] {processor.py:183} INFO - Processing /home/airflow/.local/lib/python3.12/site-packages/airflow/example_dags/example_latest_only.py took 0.222 seconds
[2024-08-09T02:08:09.490+0000] {processor.py:161} INFO - Started process (PID=3835) to work on /home/airflow/.local/lib/python3.12/site-packages/airflow/example_dags/example_latest_only.py
[2024-08-09T02:08:09.492+0000] {processor.py:830} INFO - Processing file /home/airflow/.local/lib/python3.12/site-packages/airflow/example_dags/example_latest_only.py for tasks to queue
[2024-08-09T02:08:09.498+0000] {logging_mixin.py:188} INFO - [2024-08-09T02:08:09.496+0000] {dagbag.py:545} INFO - Filling up the DagBag from /home/airflow/.local/lib/python3.12/site-packages/airflow/example_dags/example_latest_only.py
[2024-08-09T02:08:09.512+0000] {processor.py:840} INFO - DAG(s) 'latest_only' retrieved from /home/airflow/.local/lib/python3.12/site-packages/airflow/example_dags/example_latest_only.py
[2024-08-09T02:08:09.576+0000] {logging_mixin.py:188} INFO - [2024-08-09T02:08:09.576+0000] {dag.py:3089} INFO - Sync 1 DAGs
[2024-08-09T02:08:09.618+0000] {logging_mixin.py:188} INFO - [2024-08-09T02:08:09.618+0000] {dag.py:3947} INFO - Setting next_dagrun for latest_only to 2024-08-08 20:00:00+00:00, run_after=2024-08-09 00:00:00+00:00
[2024-08-09T02:08:09.652+0000] {processor.py:183} INFO - Processing /home/airflow/.local/lib/python3.12/site-packages/airflow/example_dags/example_latest_only.py took 0.181 seconds
[2024-08-09T02:08:40.206+0000] {processor.py:161} INFO - Started process (PID=3893) to work on /home/airflow/.local/lib/python3.12/site-packages/airflow/example_dags/example_latest_only.py
[2024-08-09T02:08:40.209+0000] {processor.py:830} INFO - Processing file /home/airflow/.local/lib/python3.12/site-packages/airflow/example_dags/example_latest_only.py for tasks to queue
[2024-08-09T02:08:40.214+0000] {logging_mixin.py:188} INFO - [2024-08-09T02:08:40.214+0000] {dagbag.py:545} INFO - Filling up the DagBag from /home/airflow/.local/lib/python3.12/site-packages/airflow/example_dags/example_latest_only.py
[2024-08-09T02:08:40.231+0000] {processor.py:840} INFO - DAG(s) 'latest_only' retrieved from /home/airflow/.local/lib/python3.12/site-packages/airflow/example_dags/example_latest_only.py
[2024-08-09T02:08:40.279+0000] {logging_mixin.py:188} INFO - [2024-08-09T02:08:40.278+0000] {dag.py:3089} INFO - Sync 1 DAGs
[2024-08-09T02:08:40.318+0000] {logging_mixin.py:188} INFO - [2024-08-09T02:08:40.318+0000] {dag.py:3947} INFO - Setting next_dagrun for latest_only to 2024-08-08 20:00:00+00:00, run_after=2024-08-09 00:00:00+00:00
[2024-08-09T02:08:40.379+0000] {processor.py:183} INFO - Processing /home/airflow/.local/lib/python3.12/site-packages/airflow/example_dags/example_latest_only.py took 0.202 seconds
[2024-08-09T02:09:11.224+0000] {processor.py:161} INFO - Started process (PID=3949) to work on /home/airflow/.local/lib/python3.12/site-packages/airflow/example_dags/example_latest_only.py
[2024-08-09T02:09:11.228+0000] {processor.py:830} INFO - Processing file /home/airflow/.local/lib/python3.12/site-packages/airflow/example_dags/example_latest_only.py for tasks to queue
[2024-08-09T02:09:11.237+0000] {logging_mixin.py:188} INFO - [2024-08-09T02:09:11.235+0000] {dagbag.py:545} INFO - Filling up the DagBag from /home/airflow/.local/lib/python3.12/site-packages/airflow/example_dags/example_latest_only.py
[2024-08-09T02:09:11.263+0000] {processor.py:840} INFO - DAG(s) 'latest_only' retrieved from /home/airflow/.local/lib/python3.12/site-packages/airflow/example_dags/example_latest_only.py
[2024-08-09T02:09:11.348+0000] {logging_mixin.py:188} INFO - [2024-08-09T02:09:11.348+0000] {dag.py:3089} INFO - Sync 1 DAGs
[2024-08-09T02:09:11.450+0000] {logging_mixin.py:188} INFO - [2024-08-09T02:09:11.450+0000] {dag.py:3947} INFO - Setting next_dagrun for latest_only to 2024-08-08 20:00:00+00:00, run_after=2024-08-09 00:00:00+00:00
[2024-08-09T02:09:11.526+0000] {processor.py:183} INFO - Processing /home/airflow/.local/lib/python3.12/site-packages/airflow/example_dags/example_latest_only.py took 0.323 seconds
[2024-08-09T02:09:41.645+0000] {processor.py:161} INFO - Started process (PID=4007) to work on /home/airflow/.local/lib/python3.12/site-packages/airflow/example_dags/example_latest_only.py
[2024-08-09T02:09:41.651+0000] {processor.py:830} INFO - Processing file /home/airflow/.local/lib/python3.12/site-packages/airflow/example_dags/example_latest_only.py for tasks to queue
[2024-08-09T02:09:41.660+0000] {logging_mixin.py:188} INFO - [2024-08-09T02:09:41.659+0000] {dagbag.py:545} INFO - Filling up the DagBag from /home/airflow/.local/lib/python3.12/site-packages/airflow/example_dags/example_latest_only.py
[2024-08-09T02:09:41.680+0000] {processor.py:840} INFO - DAG(s) 'latest_only' retrieved from /home/airflow/.local/lib/python3.12/site-packages/airflow/example_dags/example_latest_only.py
[2024-08-09T02:09:41.748+0000] {logging_mixin.py:188} INFO - [2024-08-09T02:09:41.747+0000] {dag.py:3089} INFO - Sync 1 DAGs
[2024-08-09T02:09:41.823+0000] {logging_mixin.py:188} INFO - [2024-08-09T02:09:41.822+0000] {dag.py:3947} INFO - Setting next_dagrun for latest_only to 2024-08-08 20:00:00+00:00, run_after=2024-08-09 00:00:00+00:00
[2024-08-09T02:09:41.886+0000] {processor.py:183} INFO - Processing /home/airflow/.local/lib/python3.12/site-packages/airflow/example_dags/example_latest_only.py took 0.268 seconds
[2024-08-09T02:10:12.559+0000] {processor.py:161} INFO - Started process (PID=4065) to work on /home/airflow/.local/lib/python3.12/site-packages/airflow/example_dags/example_latest_only.py
[2024-08-09T02:10:12.564+0000] {processor.py:830} INFO - Processing file /home/airflow/.local/lib/python3.12/site-packages/airflow/example_dags/example_latest_only.py for tasks to queue
[2024-08-09T02:10:12.580+0000] {logging_mixin.py:188} INFO - [2024-08-09T02:10:12.578+0000] {dagbag.py:545} INFO - Filling up the DagBag from /home/airflow/.local/lib/python3.12/site-packages/airflow/example_dags/example_latest_only.py
[2024-08-09T02:10:12.623+0000] {processor.py:840} INFO - DAG(s) 'latest_only' retrieved from /home/airflow/.local/lib/python3.12/site-packages/airflow/example_dags/example_latest_only.py
[2024-08-09T02:10:12.759+0000] {logging_mixin.py:188} INFO - [2024-08-09T02:10:12.758+0000] {dag.py:3089} INFO - Sync 1 DAGs
[2024-08-09T02:10:12.817+0000] {logging_mixin.py:188} INFO - [2024-08-09T02:10:12.817+0000] {dag.py:3947} INFO - Setting next_dagrun for latest_only to 2024-08-08 20:00:00+00:00, run_after=2024-08-09 00:00:00+00:00
[2024-08-09T02:10:12.892+0000] {processor.py:183} INFO - Processing /home/airflow/.local/lib/python3.12/site-packages/airflow/example_dags/example_latest_only.py took 0.382 seconds
[2024-08-09T02:10:43.613+0000] {processor.py:161} INFO - Started process (PID=4122) to work on /home/airflow/.local/lib/python3.12/site-packages/airflow/example_dags/example_latest_only.py
[2024-08-09T02:10:43.615+0000] {processor.py:830} INFO - Processing file /home/airflow/.local/lib/python3.12/site-packages/airflow/example_dags/example_latest_only.py for tasks to queue
[2024-08-09T02:10:43.620+0000] {logging_mixin.py:188} INFO - [2024-08-09T02:10:43.619+0000] {dagbag.py:545} INFO - Filling up the DagBag from /home/airflow/.local/lib/python3.12/site-packages/airflow/example_dags/example_latest_only.py
[2024-08-09T02:10:43.631+0000] {processor.py:840} INFO - DAG(s) 'latest_only' retrieved from /home/airflow/.local/lib/python3.12/site-packages/airflow/example_dags/example_latest_only.py
[2024-08-09T02:10:43.682+0000] {logging_mixin.py:188} INFO - [2024-08-09T02:10:43.682+0000] {dag.py:3089} INFO - Sync 1 DAGs
[2024-08-09T02:10:43.723+0000] {logging_mixin.py:188} INFO - [2024-08-09T02:10:43.723+0000] {dag.py:3947} INFO - Setting next_dagrun for latest_only to 2024-08-08 20:00:00+00:00, run_after=2024-08-09 00:00:00+00:00
[2024-08-09T02:10:43.764+0000] {processor.py:183} INFO - Processing /home/airflow/.local/lib/python3.12/site-packages/airflow/example_dags/example_latest_only.py took 0.167 seconds
[2024-08-09T02:11:14.209+0000] {processor.py:161} INFO - Started process (PID=4180) to work on /home/airflow/.local/lib/python3.12/site-packages/airflow/example_dags/example_latest_only.py
[2024-08-09T02:11:14.212+0000] {processor.py:830} INFO - Processing file /home/airflow/.local/lib/python3.12/site-packages/airflow/example_dags/example_latest_only.py for tasks to queue
[2024-08-09T02:11:14.217+0000] {logging_mixin.py:188} INFO - [2024-08-09T02:11:14.216+0000] {dagbag.py:545} INFO - Filling up the DagBag from /home/airflow/.local/lib/python3.12/site-packages/airflow/example_dags/example_latest_only.py
[2024-08-09T02:11:14.234+0000] {processor.py:840} INFO - DAG(s) 'latest_only' retrieved from /home/airflow/.local/lib/python3.12/site-packages/airflow/example_dags/example_latest_only.py
[2024-08-09T02:11:14.330+0000] {logging_mixin.py:188} INFO - [2024-08-09T02:11:14.330+0000] {dag.py:3089} INFO - Sync 1 DAGs
[2024-08-09T02:11:14.393+0000] {logging_mixin.py:188} INFO - [2024-08-09T02:11:14.393+0000] {dag.py:3947} INFO - Setting next_dagrun for latest_only to 2024-08-08 20:00:00+00:00, run_after=2024-08-09 00:00:00+00:00
[2024-08-09T02:11:14.466+0000] {processor.py:183} INFO - Processing /home/airflow/.local/lib/python3.12/site-packages/airflow/example_dags/example_latest_only.py took 0.273 seconds
[2024-08-09T02:11:44.896+0000] {processor.py:161} INFO - Started process (PID=4238) to work on /home/airflow/.local/lib/python3.12/site-packages/airflow/example_dags/example_latest_only.py
[2024-08-09T02:11:44.898+0000] {processor.py:830} INFO - Processing file /home/airflow/.local/lib/python3.12/site-packages/airflow/example_dags/example_latest_only.py for tasks to queue
[2024-08-09T02:11:44.903+0000] {logging_mixin.py:188} INFO - [2024-08-09T02:11:44.902+0000] {dagbag.py:545} INFO - Filling up the DagBag from /home/airflow/.local/lib/python3.12/site-packages/airflow/example_dags/example_latest_only.py
[2024-08-09T02:11:44.915+0000] {processor.py:840} INFO - DAG(s) 'latest_only' retrieved from /home/airflow/.local/lib/python3.12/site-packages/airflow/example_dags/example_latest_only.py
[2024-08-09T02:11:44.979+0000] {logging_mixin.py:188} INFO - [2024-08-09T02:11:44.979+0000] {dag.py:3089} INFO - Sync 1 DAGs
[2024-08-09T02:11:45.040+0000] {logging_mixin.py:188} INFO - [2024-08-09T02:11:45.040+0000] {dag.py:3947} INFO - Setting next_dagrun for latest_only to 2024-08-08 20:00:00+00:00, run_after=2024-08-09 00:00:00+00:00
[2024-08-09T02:11:45.094+0000] {processor.py:183} INFO - Processing /home/airflow/.local/lib/python3.12/site-packages/airflow/example_dags/example_latest_only.py took 0.217 seconds
[2024-08-09T02:12:15.442+0000] {processor.py:161} INFO - Started process (PID=4296) to work on /home/airflow/.local/lib/python3.12/site-packages/airflow/example_dags/example_latest_only.py
[2024-08-09T02:12:15.444+0000] {processor.py:830} INFO - Processing file /home/airflow/.local/lib/python3.12/site-packages/airflow/example_dags/example_latest_only.py for tasks to queue
[2024-08-09T02:12:15.448+0000] {logging_mixin.py:188} INFO - [2024-08-09T02:12:15.447+0000] {dagbag.py:545} INFO - Filling up the DagBag from /home/airflow/.local/lib/python3.12/site-packages/airflow/example_dags/example_latest_only.py
[2024-08-09T02:12:15.461+0000] {processor.py:840} INFO - DAG(s) 'latest_only' retrieved from /home/airflow/.local/lib/python3.12/site-packages/airflow/example_dags/example_latest_only.py
[2024-08-09T02:12:15.525+0000] {logging_mixin.py:188} INFO - [2024-08-09T02:12:15.524+0000] {dag.py:3089} INFO - Sync 1 DAGs
[2024-08-09T02:12:15.565+0000] {logging_mixin.py:188} INFO - [2024-08-09T02:12:15.564+0000] {dag.py:3947} INFO - Setting next_dagrun for latest_only to 2024-08-08 20:00:00+00:00, run_after=2024-08-09 00:00:00+00:00
[2024-08-09T02:12:15.601+0000] {processor.py:183} INFO - Processing /home/airflow/.local/lib/python3.12/site-packages/airflow/example_dags/example_latest_only.py took 0.179 seconds
[2024-08-09T02:12:45.700+0000] {processor.py:161} INFO - Started process (PID=4354) to work on /home/airflow/.local/lib/python3.12/site-packages/airflow/example_dags/example_latest_only.py
[2024-08-09T02:12:45.703+0000] {processor.py:830} INFO - Processing file /home/airflow/.local/lib/python3.12/site-packages/airflow/example_dags/example_latest_only.py for tasks to queue
[2024-08-09T02:12:45.709+0000] {logging_mixin.py:188} INFO - [2024-08-09T02:12:45.708+0000] {dagbag.py:545} INFO - Filling up the DagBag from /home/airflow/.local/lib/python3.12/site-packages/airflow/example_dags/example_latest_only.py
[2024-08-09T02:12:45.724+0000] {processor.py:840} INFO - DAG(s) 'latest_only' retrieved from /home/airflow/.local/lib/python3.12/site-packages/airflow/example_dags/example_latest_only.py
[2024-08-09T02:12:45.786+0000] {logging_mixin.py:188} INFO - [2024-08-09T02:12:45.786+0000] {dag.py:3089} INFO - Sync 1 DAGs
[2024-08-09T02:12:45.842+0000] {logging_mixin.py:188} INFO - [2024-08-09T02:12:45.842+0000] {dag.py:3947} INFO - Setting next_dagrun for latest_only to 2024-08-08 20:00:00+00:00, run_after=2024-08-09 00:00:00+00:00
[2024-08-09T02:12:45.879+0000] {processor.py:183} INFO - Processing /home/airflow/.local/lib/python3.12/site-packages/airflow/example_dags/example_latest_only.py took 0.201 seconds
[2024-08-09T02:13:15.967+0000] {processor.py:161} INFO - Started process (PID=4411) to work on /home/airflow/.local/lib/python3.12/site-packages/airflow/example_dags/example_latest_only.py
[2024-08-09T02:13:15.969+0000] {processor.py:830} INFO - Processing file /home/airflow/.local/lib/python3.12/site-packages/airflow/example_dags/example_latest_only.py for tasks to queue
[2024-08-09T02:13:15.973+0000] {logging_mixin.py:188} INFO - [2024-08-09T02:13:15.973+0000] {dagbag.py:545} INFO - Filling up the DagBag from /home/airflow/.local/lib/python3.12/site-packages/airflow/example_dags/example_latest_only.py
[2024-08-09T02:13:15.988+0000] {processor.py:840} INFO - DAG(s) 'latest_only' retrieved from /home/airflow/.local/lib/python3.12/site-packages/airflow/example_dags/example_latest_only.py
[2024-08-09T02:13:16.069+0000] {logging_mixin.py:188} INFO - [2024-08-09T02:13:16.068+0000] {dag.py:3089} INFO - Sync 1 DAGs
[2024-08-09T02:13:16.122+0000] {logging_mixin.py:188} INFO - [2024-08-09T02:13:16.121+0000] {dag.py:3947} INFO - Setting next_dagrun for latest_only to 2024-08-08 20:00:00+00:00, run_after=2024-08-09 00:00:00+00:00
[2024-08-09T02:13:16.201+0000] {processor.py:183} INFO - Processing /home/airflow/.local/lib/python3.12/site-packages/airflow/example_dags/example_latest_only.py took 0.250 seconds
[2024-08-09T02:13:47.633+0000] {processor.py:161} INFO - Started process (PID=4469) to work on /home/airflow/.local/lib/python3.12/site-packages/airflow/example_dags/example_latest_only.py
[2024-08-09T02:13:47.636+0000] {processor.py:830} INFO - Processing file /home/airflow/.local/lib/python3.12/site-packages/airflow/example_dags/example_latest_only.py for tasks to queue
[2024-08-09T02:13:47.643+0000] {logging_mixin.py:188} INFO - [2024-08-09T02:13:47.642+0000] {dagbag.py:545} INFO - Filling up the DagBag from /home/airflow/.local/lib/python3.12/site-packages/airflow/example_dags/example_latest_only.py
[2024-08-09T02:13:47.667+0000] {processor.py:840} INFO - DAG(s) 'latest_only' retrieved from /home/airflow/.local/lib/python3.12/site-packages/airflow/example_dags/example_latest_only.py
[2024-08-09T02:13:47.791+0000] {logging_mixin.py:188} INFO - [2024-08-09T02:13:47.790+0000] {dag.py:3089} INFO - Sync 1 DAGs
[2024-08-09T02:13:47.869+0000] {logging_mixin.py:188} INFO - [2024-08-09T02:13:47.868+0000] {dag.py:3947} INFO - Setting next_dagrun for latest_only to 2024-08-08 20:00:00+00:00, run_after=2024-08-09 00:00:00+00:00
[2024-08-09T02:13:47.924+0000] {processor.py:183} INFO - Processing /home/airflow/.local/lib/python3.12/site-packages/airflow/example_dags/example_latest_only.py took 0.319 seconds
[2024-08-09T02:14:18.309+0000] {processor.py:161} INFO - Started process (PID=4527) to work on /home/airflow/.local/lib/python3.12/site-packages/airflow/example_dags/example_latest_only.py
[2024-08-09T02:14:18.312+0000] {processor.py:830} INFO - Processing file /home/airflow/.local/lib/python3.12/site-packages/airflow/example_dags/example_latest_only.py for tasks to queue
[2024-08-09T02:14:18.319+0000] {logging_mixin.py:188} INFO - [2024-08-09T02:14:18.318+0000] {dagbag.py:545} INFO - Filling up the DagBag from /home/airflow/.local/lib/python3.12/site-packages/airflow/example_dags/example_latest_only.py
[2024-08-09T02:14:18.337+0000] {processor.py:840} INFO - DAG(s) 'latest_only' retrieved from /home/airflow/.local/lib/python3.12/site-packages/airflow/example_dags/example_latest_only.py
[2024-08-09T02:14:18.409+0000] {logging_mixin.py:188} INFO - [2024-08-09T02:14:18.409+0000] {dag.py:3089} INFO - Sync 1 DAGs
[2024-08-09T02:14:18.466+0000] {logging_mixin.py:188} INFO - [2024-08-09T02:14:18.465+0000] {dag.py:3947} INFO - Setting next_dagrun for latest_only to 2024-08-08 20:00:00+00:00, run_after=2024-08-09 00:00:00+00:00
[2024-08-09T02:14:18.513+0000] {processor.py:183} INFO - Processing /home/airflow/.local/lib/python3.12/site-packages/airflow/example_dags/example_latest_only.py took 0.226 seconds
[2024-08-09T02:14:49.316+0000] {processor.py:161} INFO - Started process (PID=4585) to work on /home/airflow/.local/lib/python3.12/site-packages/airflow/example_dags/example_latest_only.py
[2024-08-09T02:14:49.319+0000] {processor.py:830} INFO - Processing file /home/airflow/.local/lib/python3.12/site-packages/airflow/example_dags/example_latest_only.py for tasks to queue
[2024-08-09T02:14:49.325+0000] {logging_mixin.py:188} INFO - [2024-08-09T02:14:49.324+0000] {dagbag.py:545} INFO - Filling up the DagBag from /home/airflow/.local/lib/python3.12/site-packages/airflow/example_dags/example_latest_only.py
[2024-08-09T02:14:49.347+0000] {processor.py:840} INFO - DAG(s) 'latest_only' retrieved from /home/airflow/.local/lib/python3.12/site-packages/airflow/example_dags/example_latest_only.py
[2024-08-09T02:14:49.466+0000] {logging_mixin.py:188} INFO - [2024-08-09T02:14:49.466+0000] {dag.py:3089} INFO - Sync 1 DAGs
[2024-08-09T02:14:49.630+0000] {logging_mixin.py:188} INFO - [2024-08-09T02:14:49.630+0000] {dag.py:3947} INFO - Setting next_dagrun for latest_only to 2024-08-08 20:00:00+00:00, run_after=2024-08-09 00:00:00+00:00
[2024-08-09T02:14:49.769+0000] {processor.py:183} INFO - Processing /home/airflow/.local/lib/python3.12/site-packages/airflow/example_dags/example_latest_only.py took 0.475 seconds
[2024-08-09T02:15:20.256+0000] {processor.py:161} INFO - Started process (PID=4643) to work on /home/airflow/.local/lib/python3.12/site-packages/airflow/example_dags/example_latest_only.py
[2024-08-09T02:15:20.259+0000] {processor.py:830} INFO - Processing file /home/airflow/.local/lib/python3.12/site-packages/airflow/example_dags/example_latest_only.py for tasks to queue
[2024-08-09T02:15:20.264+0000] {logging_mixin.py:188} INFO - [2024-08-09T02:15:20.263+0000] {dagbag.py:545} INFO - Filling up the DagBag from /home/airflow/.local/lib/python3.12/site-packages/airflow/example_dags/example_latest_only.py
[2024-08-09T02:15:20.277+0000] {processor.py:840} INFO - DAG(s) 'latest_only' retrieved from /home/airflow/.local/lib/python3.12/site-packages/airflow/example_dags/example_latest_only.py
[2024-08-09T02:15:20.331+0000] {logging_mixin.py:188} INFO - [2024-08-09T02:15:20.331+0000] {dag.py:3089} INFO - Sync 1 DAGs
[2024-08-09T02:15:20.370+0000] {logging_mixin.py:188} INFO - [2024-08-09T02:15:20.370+0000] {dag.py:3947} INFO - Setting next_dagrun for latest_only to 2024-08-08 20:00:00+00:00, run_after=2024-08-09 00:00:00+00:00
[2024-08-09T02:15:20.407+0000] {processor.py:183} INFO - Processing /home/airflow/.local/lib/python3.12/site-packages/airflow/example_dags/example_latest_only.py took 0.169 seconds
[2024-08-09T02:15:51.049+0000] {processor.py:161} INFO - Started process (PID=4701) to work on /home/airflow/.local/lib/python3.12/site-packages/airflow/example_dags/example_latest_only.py
[2024-08-09T02:15:51.051+0000] {processor.py:830} INFO - Processing file /home/airflow/.local/lib/python3.12/site-packages/airflow/example_dags/example_latest_only.py for tasks to queue
[2024-08-09T02:15:51.056+0000] {logging_mixin.py:188} INFO - [2024-08-09T02:15:51.055+0000] {dagbag.py:545} INFO - Filling up the DagBag from /home/airflow/.local/lib/python3.12/site-packages/airflow/example_dags/example_latest_only.py
[2024-08-09T02:15:51.067+0000] {processor.py:840} INFO - DAG(s) 'latest_only' retrieved from /home/airflow/.local/lib/python3.12/site-packages/airflow/example_dags/example_latest_only.py
[2024-08-09T02:15:51.114+0000] {logging_mixin.py:188} INFO - [2024-08-09T02:15:51.114+0000] {dag.py:3089} INFO - Sync 1 DAGs
[2024-08-09T02:15:51.151+0000] {logging_mixin.py:188} INFO - [2024-08-09T02:15:51.150+0000] {dag.py:3947} INFO - Setting next_dagrun for latest_only to 2024-08-08 20:00:00+00:00, run_after=2024-08-09 00:00:00+00:00
[2024-08-09T02:15:51.182+0000] {processor.py:183} INFO - Processing /home/airflow/.local/lib/python3.12/site-packages/airflow/example_dags/example_latest_only.py took 0.147 seconds
