[2024-08-09T01:42:30.467+0000] {processor.py:161} INFO - Started process (PID=993) to work on /home/airflow/.local/lib/python3.12/site-packages/airflow/example_dags/example_latest_only_with_trigger.py
[2024-08-09T01:42:30.469+0000] {processor.py:830} INFO - Processing file /home/airflow/.local/lib/python3.12/site-packages/airflow/example_dags/example_latest_only_with_trigger.py for tasks to queue
[2024-08-09T01:42:30.480+0000] {logging_mixin.py:188} INFO - [2024-08-09T01:42:30.478+0000] {dagbag.py:545} INFO - Filling up the DagBag from /home/airflow/.local/lib/python3.12/site-packages/airflow/example_dags/example_latest_only_with_trigger.py
[2024-08-09T01:42:30.499+0000] {processor.py:840} INFO - DAG(s) 'latest_only_with_trigger' retrieved from /home/airflow/.local/lib/python3.12/site-packages/airflow/example_dags/example_latest_only_with_trigger.py
[2024-08-09T01:42:30.557+0000] {logging_mixin.py:188} INFO - [2024-08-09T01:42:30.556+0000] {dag.py:3089} INFO - Sync 1 DAGs
[2024-08-09T01:42:30.612+0000] {logging_mixin.py:188} INFO - [2024-08-09T01:42:30.612+0000] {dag.py:3947} INFO - Setting next_dagrun for latest_only_with_trigger to 2024-08-08 20:00:00+00:00, run_after=2024-08-09 00:00:00+00:00
[2024-08-09T01:42:30.656+0000] {processor.py:183} INFO - Processing /home/airflow/.local/lib/python3.12/site-packages/airflow/example_dags/example_latest_only_with_trigger.py took 0.207 seconds
[2024-08-09T01:43:01.264+0000] {processor.py:161} INFO - Started process (PID=1052) to work on /home/airflow/.local/lib/python3.12/site-packages/airflow/example_dags/example_latest_only_with_trigger.py
[2024-08-09T01:43:01.268+0000] {processor.py:830} INFO - Processing file /home/airflow/.local/lib/python3.12/site-packages/airflow/example_dags/example_latest_only_with_trigger.py for tasks to queue
[2024-08-09T01:43:01.274+0000] {logging_mixin.py:188} INFO - [2024-08-09T01:43:01.273+0000] {dagbag.py:545} INFO - Filling up the DagBag from /home/airflow/.local/lib/python3.12/site-packages/airflow/example_dags/example_latest_only_with_trigger.py
[2024-08-09T01:43:01.294+0000] {processor.py:840} INFO - DAG(s) 'latest_only_with_trigger' retrieved from /home/airflow/.local/lib/python3.12/site-packages/airflow/example_dags/example_latest_only_with_trigger.py
[2024-08-09T01:43:01.366+0000] {logging_mixin.py:188} INFO - [2024-08-09T01:43:01.365+0000] {dag.py:3089} INFO - Sync 1 DAGs
[2024-08-09T01:43:01.413+0000] {logging_mixin.py:188} INFO - [2024-08-09T01:43:01.412+0000] {dag.py:3947} INFO - Setting next_dagrun for latest_only_with_trigger to 2024-08-08 20:00:00+00:00, run_after=2024-08-09 00:00:00+00:00
[2024-08-09T01:43:01.451+0000] {processor.py:183} INFO - Processing /home/airflow/.local/lib/python3.12/site-packages/airflow/example_dags/example_latest_only_with_trigger.py took 0.206 seconds
[2024-08-09T01:43:32.964+0000] {processor.py:161} INFO - Started process (PID=1110) to work on /home/airflow/.local/lib/python3.12/site-packages/airflow/example_dags/example_latest_only_with_trigger.py
[2024-08-09T01:43:32.968+0000] {processor.py:830} INFO - Processing file /home/airflow/.local/lib/python3.12/site-packages/airflow/example_dags/example_latest_only_with_trigger.py for tasks to queue
[2024-08-09T01:43:32.981+0000] {logging_mixin.py:188} INFO - [2024-08-09T01:43:32.980+0000] {dagbag.py:545} INFO - Filling up the DagBag from /home/airflow/.local/lib/python3.12/site-packages/airflow/example_dags/example_latest_only_with_trigger.py
[2024-08-09T01:43:33.006+0000] {processor.py:840} INFO - DAG(s) 'latest_only_with_trigger' retrieved from /home/airflow/.local/lib/python3.12/site-packages/airflow/example_dags/example_latest_only_with_trigger.py
[2024-08-09T01:43:33.212+0000] {logging_mixin.py:188} INFO - [2024-08-09T01:43:33.204+0000] {dag.py:3089} INFO - Sync 1 DAGs
[2024-08-09T01:43:33.310+0000] {logging_mixin.py:188} INFO - [2024-08-09T01:43:33.309+0000] {dag.py:3947} INFO - Setting next_dagrun for latest_only_with_trigger to 2024-08-08 20:00:00+00:00, run_after=2024-08-09 00:00:00+00:00
[2024-08-09T01:43:33.385+0000] {processor.py:183} INFO - Processing /home/airflow/.local/lib/python3.12/site-packages/airflow/example_dags/example_latest_only_with_trigger.py took 0.443 seconds
[2024-08-09T01:44:04.250+0000] {processor.py:161} INFO - Started process (PID=1168) to work on /home/airflow/.local/lib/python3.12/site-packages/airflow/example_dags/example_latest_only_with_trigger.py
[2024-08-09T01:44:04.259+0000] {processor.py:830} INFO - Processing file /home/airflow/.local/lib/python3.12/site-packages/airflow/example_dags/example_latest_only_with_trigger.py for tasks to queue
[2024-08-09T01:44:04.264+0000] {logging_mixin.py:188} INFO - [2024-08-09T01:44:04.264+0000] {dagbag.py:545} INFO - Filling up the DagBag from /home/airflow/.local/lib/python3.12/site-packages/airflow/example_dags/example_latest_only_with_trigger.py
[2024-08-09T01:44:04.298+0000] {processor.py:840} INFO - DAG(s) 'latest_only_with_trigger' retrieved from /home/airflow/.local/lib/python3.12/site-packages/airflow/example_dags/example_latest_only_with_trigger.py
[2024-08-09T01:44:04.399+0000] {logging_mixin.py:188} INFO - [2024-08-09T01:44:04.397+0000] {dag.py:3089} INFO - Sync 1 DAGs
[2024-08-09T01:44:04.505+0000] {logging_mixin.py:188} INFO - [2024-08-09T01:44:04.502+0000] {dag.py:3947} INFO - Setting next_dagrun for latest_only_with_trigger to 2024-08-08 20:00:00+00:00, run_after=2024-08-09 00:00:00+00:00
[2024-08-09T01:44:04.564+0000] {processor.py:183} INFO - Processing /home/airflow/.local/lib/python3.12/site-packages/airflow/example_dags/example_latest_only_with_trigger.py took 0.350 seconds
[2024-08-09T01:44:35.152+0000] {processor.py:161} INFO - Started process (PID=1226) to work on /home/airflow/.local/lib/python3.12/site-packages/airflow/example_dags/example_latest_only_with_trigger.py
[2024-08-09T01:44:35.155+0000] {processor.py:830} INFO - Processing file /home/airflow/.local/lib/python3.12/site-packages/airflow/example_dags/example_latest_only_with_trigger.py for tasks to queue
[2024-08-09T01:44:35.162+0000] {logging_mixin.py:188} INFO - [2024-08-09T01:44:35.160+0000] {dagbag.py:545} INFO - Filling up the DagBag from /home/airflow/.local/lib/python3.12/site-packages/airflow/example_dags/example_latest_only_with_trigger.py
[2024-08-09T01:44:35.182+0000] {processor.py:840} INFO - DAG(s) 'latest_only_with_trigger' retrieved from /home/airflow/.local/lib/python3.12/site-packages/airflow/example_dags/example_latest_only_with_trigger.py
[2024-08-09T01:44:35.258+0000] {logging_mixin.py:188} INFO - [2024-08-09T01:44:35.257+0000] {dag.py:3089} INFO - Sync 1 DAGs
[2024-08-09T01:44:35.315+0000] {logging_mixin.py:188} INFO - [2024-08-09T01:44:35.314+0000] {dag.py:3947} INFO - Setting next_dagrun for latest_only_with_trigger to 2024-08-08 20:00:00+00:00, run_after=2024-08-09 00:00:00+00:00
[2024-08-09T01:44:35.354+0000] {processor.py:183} INFO - Processing /home/airflow/.local/lib/python3.12/site-packages/airflow/example_dags/example_latest_only_with_trigger.py took 0.219 seconds
[2024-08-09T01:45:05.692+0000] {processor.py:161} INFO - Started process (PID=1284) to work on /home/airflow/.local/lib/python3.12/site-packages/airflow/example_dags/example_latest_only_with_trigger.py
[2024-08-09T01:45:05.695+0000] {processor.py:830} INFO - Processing file /home/airflow/.local/lib/python3.12/site-packages/airflow/example_dags/example_latest_only_with_trigger.py for tasks to queue
[2024-08-09T01:45:05.700+0000] {logging_mixin.py:188} INFO - [2024-08-09T01:45:05.699+0000] {dagbag.py:545} INFO - Filling up the DagBag from /home/airflow/.local/lib/python3.12/site-packages/airflow/example_dags/example_latest_only_with_trigger.py
[2024-08-09T01:45:05.720+0000] {processor.py:840} INFO - DAG(s) 'latest_only_with_trigger' retrieved from /home/airflow/.local/lib/python3.12/site-packages/airflow/example_dags/example_latest_only_with_trigger.py
[2024-08-09T01:45:05.794+0000] {logging_mixin.py:188} INFO - [2024-08-09T01:45:05.793+0000] {dag.py:3089} INFO - Sync 1 DAGs
[2024-08-09T01:45:05.847+0000] {logging_mixin.py:188} INFO - [2024-08-09T01:45:05.847+0000] {dag.py:3947} INFO - Setting next_dagrun for latest_only_with_trigger to 2024-08-08 20:00:00+00:00, run_after=2024-08-09 00:00:00+00:00
[2024-08-09T01:45:05.892+0000] {processor.py:183} INFO - Processing /home/airflow/.local/lib/python3.12/site-packages/airflow/example_dags/example_latest_only_with_trigger.py took 0.222 seconds
[2024-08-09T01:45:36.568+0000] {processor.py:161} INFO - Started process (PID=1341) to work on /home/airflow/.local/lib/python3.12/site-packages/airflow/example_dags/example_latest_only_with_trigger.py
[2024-08-09T01:45:36.570+0000] {processor.py:830} INFO - Processing file /home/airflow/.local/lib/python3.12/site-packages/airflow/example_dags/example_latest_only_with_trigger.py for tasks to queue
[2024-08-09T01:45:36.575+0000] {logging_mixin.py:188} INFO - [2024-08-09T01:45:36.574+0000] {dagbag.py:545} INFO - Filling up the DagBag from /home/airflow/.local/lib/python3.12/site-packages/airflow/example_dags/example_latest_only_with_trigger.py
[2024-08-09T01:45:36.590+0000] {processor.py:840} INFO - DAG(s) 'latest_only_with_trigger' retrieved from /home/airflow/.local/lib/python3.12/site-packages/airflow/example_dags/example_latest_only_with_trigger.py
[2024-08-09T01:45:36.648+0000] {logging_mixin.py:188} INFO - [2024-08-09T01:45:36.647+0000] {dag.py:3089} INFO - Sync 1 DAGs
[2024-08-09T01:45:36.695+0000] {logging_mixin.py:188} INFO - [2024-08-09T01:45:36.695+0000] {dag.py:3947} INFO - Setting next_dagrun for latest_only_with_trigger to 2024-08-08 20:00:00+00:00, run_after=2024-08-09 00:00:00+00:00
[2024-08-09T01:45:36.738+0000] {processor.py:183} INFO - Processing /home/airflow/.local/lib/python3.12/site-packages/airflow/example_dags/example_latest_only_with_trigger.py took 0.184 seconds
[2024-08-09T01:46:07.475+0000] {processor.py:161} INFO - Started process (PID=1399) to work on /home/airflow/.local/lib/python3.12/site-packages/airflow/example_dags/example_latest_only_with_trigger.py
[2024-08-09T01:46:07.477+0000] {processor.py:830} INFO - Processing file /home/airflow/.local/lib/python3.12/site-packages/airflow/example_dags/example_latest_only_with_trigger.py for tasks to queue
[2024-08-09T01:46:07.482+0000] {logging_mixin.py:188} INFO - [2024-08-09T01:46:07.482+0000] {dagbag.py:545} INFO - Filling up the DagBag from /home/airflow/.local/lib/python3.12/site-packages/airflow/example_dags/example_latest_only_with_trigger.py
[2024-08-09T01:46:07.499+0000] {processor.py:840} INFO - DAG(s) 'latest_only_with_trigger' retrieved from /home/airflow/.local/lib/python3.12/site-packages/airflow/example_dags/example_latest_only_with_trigger.py
[2024-08-09T01:46:07.555+0000] {logging_mixin.py:188} INFO - [2024-08-09T01:46:07.555+0000] {dag.py:3089} INFO - Sync 1 DAGs
[2024-08-09T01:46:07.597+0000] {logging_mixin.py:188} INFO - [2024-08-09T01:46:07.597+0000] {dag.py:3947} INFO - Setting next_dagrun for latest_only_with_trigger to 2024-08-08 20:00:00+00:00, run_after=2024-08-09 00:00:00+00:00
[2024-08-09T01:46:07.632+0000] {processor.py:183} INFO - Processing /home/airflow/.local/lib/python3.12/site-packages/airflow/example_dags/example_latest_only_with_trigger.py took 0.172 seconds
[2024-08-09T01:46:38.347+0000] {processor.py:161} INFO - Started process (PID=1456) to work on /home/airflow/.local/lib/python3.12/site-packages/airflow/example_dags/example_latest_only_with_trigger.py
[2024-08-09T01:46:38.349+0000] {processor.py:830} INFO - Processing file /home/airflow/.local/lib/python3.12/site-packages/airflow/example_dags/example_latest_only_with_trigger.py for tasks to queue
[2024-08-09T01:46:38.354+0000] {logging_mixin.py:188} INFO - [2024-08-09T01:46:38.353+0000] {dagbag.py:545} INFO - Filling up the DagBag from /home/airflow/.local/lib/python3.12/site-packages/airflow/example_dags/example_latest_only_with_trigger.py
[2024-08-09T01:46:38.370+0000] {processor.py:840} INFO - DAG(s) 'latest_only_with_trigger' retrieved from /home/airflow/.local/lib/python3.12/site-packages/airflow/example_dags/example_latest_only_with_trigger.py
[2024-08-09T01:46:38.426+0000] {logging_mixin.py:188} INFO - [2024-08-09T01:46:38.425+0000] {dag.py:3089} INFO - Sync 1 DAGs
[2024-08-09T01:46:38.467+0000] {logging_mixin.py:188} INFO - [2024-08-09T01:46:38.467+0000] {dag.py:3947} INFO - Setting next_dagrun for latest_only_with_trigger to 2024-08-08 20:00:00+00:00, run_after=2024-08-09 00:00:00+00:00
[2024-08-09T01:46:38.499+0000] {processor.py:183} INFO - Processing /home/airflow/.local/lib/python3.12/site-packages/airflow/example_dags/example_latest_only_with_trigger.py took 0.171 seconds
[2024-08-09T01:47:09.221+0000] {processor.py:161} INFO - Started process (PID=1514) to work on /home/airflow/.local/lib/python3.12/site-packages/airflow/example_dags/example_latest_only_with_trigger.py
[2024-08-09T01:47:09.224+0000] {processor.py:830} INFO - Processing file /home/airflow/.local/lib/python3.12/site-packages/airflow/example_dags/example_latest_only_with_trigger.py for tasks to queue
[2024-08-09T01:47:09.229+0000] {logging_mixin.py:188} INFO - [2024-08-09T01:47:09.228+0000] {dagbag.py:545} INFO - Filling up the DagBag from /home/airflow/.local/lib/python3.12/site-packages/airflow/example_dags/example_latest_only_with_trigger.py
[2024-08-09T01:47:09.256+0000] {processor.py:840} INFO - DAG(s) 'latest_only_with_trigger' retrieved from /home/airflow/.local/lib/python3.12/site-packages/airflow/example_dags/example_latest_only_with_trigger.py
[2024-08-09T01:47:09.356+0000] {logging_mixin.py:188} INFO - [2024-08-09T01:47:09.355+0000] {dag.py:3089} INFO - Sync 1 DAGs
[2024-08-09T01:47:09.430+0000] {logging_mixin.py:188} INFO - [2024-08-09T01:47:09.429+0000] {dag.py:3947} INFO - Setting next_dagrun for latest_only_with_trigger to 2024-08-08 20:00:00+00:00, run_after=2024-08-09 00:00:00+00:00
[2024-08-09T01:47:09.500+0000] {processor.py:183} INFO - Processing /home/airflow/.local/lib/python3.12/site-packages/airflow/example_dags/example_latest_only_with_trigger.py took 0.295 seconds
[2024-08-09T01:47:41.403+0000] {processor.py:161} INFO - Started process (PID=1572) to work on /home/airflow/.local/lib/python3.12/site-packages/airflow/example_dags/example_latest_only_with_trigger.py
[2024-08-09T01:47:41.407+0000] {processor.py:830} INFO - Processing file /home/airflow/.local/lib/python3.12/site-packages/airflow/example_dags/example_latest_only_with_trigger.py for tasks to queue
[2024-08-09T01:47:41.415+0000] {logging_mixin.py:188} INFO - [2024-08-09T01:47:41.414+0000] {dagbag.py:545} INFO - Filling up the DagBag from /home/airflow/.local/lib/python3.12/site-packages/airflow/example_dags/example_latest_only_with_trigger.py
[2024-08-09T01:47:41.442+0000] {processor.py:840} INFO - DAG(s) 'latest_only_with_trigger' retrieved from /home/airflow/.local/lib/python3.12/site-packages/airflow/example_dags/example_latest_only_with_trigger.py
[2024-08-09T01:47:41.546+0000] {logging_mixin.py:188} INFO - [2024-08-09T01:47:41.545+0000] {dag.py:3089} INFO - Sync 1 DAGs
[2024-08-09T01:47:41.643+0000] {logging_mixin.py:188} INFO - [2024-08-09T01:47:41.643+0000] {dag.py:3947} INFO - Setting next_dagrun for latest_only_with_trigger to 2024-08-08 20:00:00+00:00, run_after=2024-08-09 00:00:00+00:00
[2024-08-09T01:47:41.687+0000] {processor.py:183} INFO - Processing /home/airflow/.local/lib/python3.12/site-packages/airflow/example_dags/example_latest_only_with_trigger.py took 0.307 seconds
[2024-08-09T01:48:12.441+0000] {processor.py:161} INFO - Started process (PID=1630) to work on /home/airflow/.local/lib/python3.12/site-packages/airflow/example_dags/example_latest_only_with_trigger.py
[2024-08-09T01:48:12.444+0000] {processor.py:830} INFO - Processing file /home/airflow/.local/lib/python3.12/site-packages/airflow/example_dags/example_latest_only_with_trigger.py for tasks to queue
[2024-08-09T01:48:12.452+0000] {logging_mixin.py:188} INFO - [2024-08-09T01:48:12.451+0000] {dagbag.py:545} INFO - Filling up the DagBag from /home/airflow/.local/lib/python3.12/site-packages/airflow/example_dags/example_latest_only_with_trigger.py
[2024-08-09T01:48:12.477+0000] {processor.py:840} INFO - DAG(s) 'latest_only_with_trigger' retrieved from /home/airflow/.local/lib/python3.12/site-packages/airflow/example_dags/example_latest_only_with_trigger.py
[2024-08-09T01:48:12.556+0000] {logging_mixin.py:188} INFO - [2024-08-09T01:48:12.555+0000] {dag.py:3089} INFO - Sync 1 DAGs
[2024-08-09T01:48:12.623+0000] {logging_mixin.py:188} INFO - [2024-08-09T01:48:12.622+0000] {dag.py:3947} INFO - Setting next_dagrun for latest_only_with_trigger to 2024-08-08 20:00:00+00:00, run_after=2024-08-09 00:00:00+00:00
[2024-08-09T01:48:13.334+0000] {processor.py:183} INFO - Processing /home/airflow/.local/lib/python3.12/site-packages/airflow/example_dags/example_latest_only_with_trigger.py took 0.917 seconds
[2024-08-09T01:48:43.773+0000] {processor.py:161} INFO - Started process (PID=1688) to work on /home/airflow/.local/lib/python3.12/site-packages/airflow/example_dags/example_latest_only_with_trigger.py
[2024-08-09T01:48:43.776+0000] {processor.py:830} INFO - Processing file /home/airflow/.local/lib/python3.12/site-packages/airflow/example_dags/example_latest_only_with_trigger.py for tasks to queue
[2024-08-09T01:48:43.783+0000] {logging_mixin.py:188} INFO - [2024-08-09T01:48:43.782+0000] {dagbag.py:545} INFO - Filling up the DagBag from /home/airflow/.local/lib/python3.12/site-packages/airflow/example_dags/example_latest_only_with_trigger.py
[2024-08-09T01:48:43.803+0000] {processor.py:840} INFO - DAG(s) 'latest_only_with_trigger' retrieved from /home/airflow/.local/lib/python3.12/site-packages/airflow/example_dags/example_latest_only_with_trigger.py
[2024-08-09T01:48:43.862+0000] {logging_mixin.py:188} INFO - [2024-08-09T01:48:43.862+0000] {dag.py:3089} INFO - Sync 1 DAGs
[2024-08-09T01:48:43.911+0000] {logging_mixin.py:188} INFO - [2024-08-09T01:48:43.911+0000] {dag.py:3947} INFO - Setting next_dagrun for latest_only_with_trigger to 2024-08-08 20:00:00+00:00, run_after=2024-08-09 00:00:00+00:00
[2024-08-09T01:48:44.487+0000] {processor.py:183} INFO - Processing /home/airflow/.local/lib/python3.12/site-packages/airflow/example_dags/example_latest_only_with_trigger.py took 0.732 seconds
[2024-08-09T01:49:15.114+0000] {processor.py:161} INFO - Started process (PID=1746) to work on /home/airflow/.local/lib/python3.12/site-packages/airflow/example_dags/example_latest_only_with_trigger.py
[2024-08-09T01:49:15.117+0000] {processor.py:830} INFO - Processing file /home/airflow/.local/lib/python3.12/site-packages/airflow/example_dags/example_latest_only_with_trigger.py for tasks to queue
[2024-08-09T01:49:15.126+0000] {logging_mixin.py:188} INFO - [2024-08-09T01:49:15.125+0000] {dagbag.py:545} INFO - Filling up the DagBag from /home/airflow/.local/lib/python3.12/site-packages/airflow/example_dags/example_latest_only_with_trigger.py
[2024-08-09T01:49:15.158+0000] {processor.py:840} INFO - DAG(s) 'latest_only_with_trigger' retrieved from /home/airflow/.local/lib/python3.12/site-packages/airflow/example_dags/example_latest_only_with_trigger.py
[2024-08-09T01:49:15.249+0000] {logging_mixin.py:188} INFO - [2024-08-09T01:49:15.248+0000] {dag.py:3089} INFO - Sync 1 DAGs
[2024-08-09T01:49:15.341+0000] {logging_mixin.py:188} INFO - [2024-08-09T01:49:15.340+0000] {dag.py:3947} INFO - Setting next_dagrun for latest_only_with_trigger to 2024-08-08 20:00:00+00:00, run_after=2024-08-09 00:00:00+00:00
[2024-08-09T01:49:15.480+0000] {processor.py:183} INFO - Processing /home/airflow/.local/lib/python3.12/site-packages/airflow/example_dags/example_latest_only_with_trigger.py took 0.407 seconds
[2024-08-09T01:49:45.963+0000] {processor.py:161} INFO - Started process (PID=1804) to work on /home/airflow/.local/lib/python3.12/site-packages/airflow/example_dags/example_latest_only_with_trigger.py
[2024-08-09T01:49:45.969+0000] {processor.py:830} INFO - Processing file /home/airflow/.local/lib/python3.12/site-packages/airflow/example_dags/example_latest_only_with_trigger.py for tasks to queue
[2024-08-09T01:49:45.981+0000] {logging_mixin.py:188} INFO - [2024-08-09T01:49:45.980+0000] {dagbag.py:545} INFO - Filling up the DagBag from /home/airflow/.local/lib/python3.12/site-packages/airflow/example_dags/example_latest_only_with_trigger.py
[2024-08-09T01:49:46.002+0000] {processor.py:840} INFO - DAG(s) 'latest_only_with_trigger' retrieved from /home/airflow/.local/lib/python3.12/site-packages/airflow/example_dags/example_latest_only_with_trigger.py
[2024-08-09T01:49:46.113+0000] {logging_mixin.py:188} INFO - [2024-08-09T01:49:46.112+0000] {dag.py:3089} INFO - Sync 1 DAGs
[2024-08-09T01:49:46.200+0000] {logging_mixin.py:188} INFO - [2024-08-09T01:49:46.200+0000] {dag.py:3947} INFO - Setting next_dagrun for latest_only_with_trigger to 2024-08-08 20:00:00+00:00, run_after=2024-08-09 00:00:00+00:00
[2024-08-09T01:49:46.284+0000] {processor.py:183} INFO - Processing /home/airflow/.local/lib/python3.12/site-packages/airflow/example_dags/example_latest_only_with_trigger.py took 0.346 seconds
[2024-08-09T01:50:36.523+0000] {processor.py:161} INFO - Started process (PID=1857) to work on /home/airflow/.local/lib/python3.12/site-packages/airflow/example_dags/example_latest_only_with_trigger.py
[2024-08-09T01:50:36.532+0000] {processor.py:830} INFO - Processing file /home/airflow/.local/lib/python3.12/site-packages/airflow/example_dags/example_latest_only_with_trigger.py for tasks to queue
[2024-08-09T01:50:36.551+0000] {logging_mixin.py:188} INFO - [2024-08-09T01:50:36.550+0000] {dagbag.py:545} INFO - Filling up the DagBag from /home/airflow/.local/lib/python3.12/site-packages/airflow/example_dags/example_latest_only_with_trigger.py
[2024-08-09T01:50:36.576+0000] {processor.py:840} INFO - DAG(s) 'latest_only_with_trigger' retrieved from /home/airflow/.local/lib/python3.12/site-packages/airflow/example_dags/example_latest_only_with_trigger.py
[2024-08-09T01:50:36.837+0000] {logging_mixin.py:188} INFO - [2024-08-09T01:50:36.837+0000] {dag.py:3089} INFO - Sync 1 DAGs
[2024-08-09T01:50:36.979+0000] {logging_mixin.py:188} INFO - [2024-08-09T01:50:36.977+0000] {dag.py:3947} INFO - Setting next_dagrun for latest_only_with_trigger to 2024-08-08 20:00:00+00:00, run_after=2024-08-09 00:00:00+00:00
[2024-08-09T01:50:37.115+0000] {processor.py:183} INFO - Processing /home/airflow/.local/lib/python3.12/site-packages/airflow/example_dags/example_latest_only_with_trigger.py took 0.654 seconds
[2024-08-09T01:51:07.645+0000] {processor.py:161} INFO - Started process (PID=1915) to work on /home/airflow/.local/lib/python3.12/site-packages/airflow/example_dags/example_latest_only_with_trigger.py
[2024-08-09T01:51:07.648+0000] {processor.py:830} INFO - Processing file /home/airflow/.local/lib/python3.12/site-packages/airflow/example_dags/example_latest_only_with_trigger.py for tasks to queue
[2024-08-09T01:51:07.656+0000] {logging_mixin.py:188} INFO - [2024-08-09T01:51:07.655+0000] {dagbag.py:545} INFO - Filling up the DagBag from /home/airflow/.local/lib/python3.12/site-packages/airflow/example_dags/example_latest_only_with_trigger.py
[2024-08-09T01:51:07.677+0000] {processor.py:840} INFO - DAG(s) 'latest_only_with_trigger' retrieved from /home/airflow/.local/lib/python3.12/site-packages/airflow/example_dags/example_latest_only_with_trigger.py
[2024-08-09T01:51:07.774+0000] {logging_mixin.py:188} INFO - [2024-08-09T01:51:07.773+0000] {dag.py:3089} INFO - Sync 1 DAGs
[2024-08-09T01:51:07.860+0000] {logging_mixin.py:188} INFO - [2024-08-09T01:51:07.859+0000] {dag.py:3947} INFO - Setting next_dagrun for latest_only_with_trigger to 2024-08-08 20:00:00+00:00, run_after=2024-08-09 00:00:00+00:00
[2024-08-09T01:51:07.926+0000] {processor.py:183} INFO - Processing /home/airflow/.local/lib/python3.12/site-packages/airflow/example_dags/example_latest_only_with_trigger.py took 0.306 seconds
[2024-08-09T01:51:38.175+0000] {processor.py:161} INFO - Started process (PID=1972) to work on /home/airflow/.local/lib/python3.12/site-packages/airflow/example_dags/example_latest_only_with_trigger.py
[2024-08-09T01:51:38.178+0000] {processor.py:830} INFO - Processing file /home/airflow/.local/lib/python3.12/site-packages/airflow/example_dags/example_latest_only_with_trigger.py for tasks to queue
[2024-08-09T01:51:38.185+0000] {logging_mixin.py:188} INFO - [2024-08-09T01:51:38.185+0000] {dagbag.py:545} INFO - Filling up the DagBag from /home/airflow/.local/lib/python3.12/site-packages/airflow/example_dags/example_latest_only_with_trigger.py
[2024-08-09T01:51:38.200+0000] {processor.py:840} INFO - DAG(s) 'latest_only_with_trigger' retrieved from /home/airflow/.local/lib/python3.12/site-packages/airflow/example_dags/example_latest_only_with_trigger.py
[2024-08-09T01:51:38.278+0000] {logging_mixin.py:188} INFO - [2024-08-09T01:51:38.278+0000] {dag.py:3089} INFO - Sync 1 DAGs
[2024-08-09T01:51:38.382+0000] {logging_mixin.py:188} INFO - [2024-08-09T01:51:38.370+0000] {dag.py:3947} INFO - Setting next_dagrun for latest_only_with_trigger to 2024-08-08 20:00:00+00:00, run_after=2024-08-09 00:00:00+00:00
[2024-08-09T01:51:38.448+0000] {processor.py:183} INFO - Processing /home/airflow/.local/lib/python3.12/site-packages/airflow/example_dags/example_latest_only_with_trigger.py took 0.297 seconds
[2024-08-09T01:52:09.175+0000] {processor.py:161} INFO - Started process (PID=2030) to work on /home/airflow/.local/lib/python3.12/site-packages/airflow/example_dags/example_latest_only_with_trigger.py
[2024-08-09T01:52:09.180+0000] {processor.py:830} INFO - Processing file /home/airflow/.local/lib/python3.12/site-packages/airflow/example_dags/example_latest_only_with_trigger.py for tasks to queue
[2024-08-09T01:52:09.193+0000] {logging_mixin.py:188} INFO - [2024-08-09T01:52:09.192+0000] {dagbag.py:545} INFO - Filling up the DagBag from /home/airflow/.local/lib/python3.12/site-packages/airflow/example_dags/example_latest_only_with_trigger.py
[2024-08-09T01:52:09.248+0000] {processor.py:840} INFO - DAG(s) 'latest_only_with_trigger' retrieved from /home/airflow/.local/lib/python3.12/site-packages/airflow/example_dags/example_latest_only_with_trigger.py
[2024-08-09T01:52:09.403+0000] {logging_mixin.py:188} INFO - [2024-08-09T01:52:09.403+0000] {dag.py:3089} INFO - Sync 1 DAGs
[2024-08-09T01:52:09.486+0000] {logging_mixin.py:188} INFO - [2024-08-09T01:52:09.482+0000] {dag.py:3947} INFO - Setting next_dagrun for latest_only_with_trigger to 2024-08-08 20:00:00+00:00, run_after=2024-08-09 00:00:00+00:00
[2024-08-09T01:52:09.541+0000] {processor.py:183} INFO - Processing /home/airflow/.local/lib/python3.12/site-packages/airflow/example_dags/example_latest_only_with_trigger.py took 0.402 seconds
[2024-08-09T01:52:39.704+0000] {processor.py:161} INFO - Started process (PID=2088) to work on /home/airflow/.local/lib/python3.12/site-packages/airflow/example_dags/example_latest_only_with_trigger.py
[2024-08-09T01:52:39.708+0000] {processor.py:830} INFO - Processing file /home/airflow/.local/lib/python3.12/site-packages/airflow/example_dags/example_latest_only_with_trigger.py for tasks to queue
[2024-08-09T01:52:39.712+0000] {logging_mixin.py:188} INFO - [2024-08-09T01:52:39.712+0000] {dagbag.py:545} INFO - Filling up the DagBag from /home/airflow/.local/lib/python3.12/site-packages/airflow/example_dags/example_latest_only_with_trigger.py
[2024-08-09T01:52:39.726+0000] {processor.py:840} INFO - DAG(s) 'latest_only_with_trigger' retrieved from /home/airflow/.local/lib/python3.12/site-packages/airflow/example_dags/example_latest_only_with_trigger.py
[2024-08-09T01:52:39.778+0000] {logging_mixin.py:188} INFO - [2024-08-09T01:52:39.777+0000] {dag.py:3089} INFO - Sync 1 DAGs
[2024-08-09T01:52:39.815+0000] {logging_mixin.py:188} INFO - [2024-08-09T01:52:39.815+0000] {dag.py:3947} INFO - Setting next_dagrun for latest_only_with_trigger to 2024-08-08 20:00:00+00:00, run_after=2024-08-09 00:00:00+00:00
[2024-08-09T01:52:39.846+0000] {processor.py:183} INFO - Processing /home/airflow/.local/lib/python3.12/site-packages/airflow/example_dags/example_latest_only_with_trigger.py took 0.157 seconds
[2024-08-09T01:53:10.389+0000] {processor.py:161} INFO - Started process (PID=2145) to work on /home/airflow/.local/lib/python3.12/site-packages/airflow/example_dags/example_latest_only_with_trigger.py
[2024-08-09T01:53:10.394+0000] {processor.py:830} INFO - Processing file /home/airflow/.local/lib/python3.12/site-packages/airflow/example_dags/example_latest_only_with_trigger.py for tasks to queue
[2024-08-09T01:53:10.401+0000] {logging_mixin.py:188} INFO - [2024-08-09T01:53:10.400+0000] {dagbag.py:545} INFO - Filling up the DagBag from /home/airflow/.local/lib/python3.12/site-packages/airflow/example_dags/example_latest_only_with_trigger.py
[2024-08-09T01:53:10.420+0000] {processor.py:840} INFO - DAG(s) 'latest_only_with_trigger' retrieved from /home/airflow/.local/lib/python3.12/site-packages/airflow/example_dags/example_latest_only_with_trigger.py
[2024-08-09T01:53:10.546+0000] {logging_mixin.py:188} INFO - [2024-08-09T01:53:10.545+0000] {dag.py:3089} INFO - Sync 1 DAGs
[2024-08-09T01:53:10.616+0000] {logging_mixin.py:188} INFO - [2024-08-09T01:53:10.616+0000] {dag.py:3947} INFO - Setting next_dagrun for latest_only_with_trigger to 2024-08-08 20:00:00+00:00, run_after=2024-08-09 00:00:00+00:00
[2024-08-09T01:53:10.677+0000] {processor.py:183} INFO - Processing /home/airflow/.local/lib/python3.12/site-packages/airflow/example_dags/example_latest_only_with_trigger.py took 0.310 seconds
[2024-08-09T01:53:41.058+0000] {processor.py:161} INFO - Started process (PID=2203) to work on /home/airflow/.local/lib/python3.12/site-packages/airflow/example_dags/example_latest_only_with_trigger.py
[2024-08-09T01:53:41.064+0000] {processor.py:830} INFO - Processing file /home/airflow/.local/lib/python3.12/site-packages/airflow/example_dags/example_latest_only_with_trigger.py for tasks to queue
[2024-08-09T01:53:41.071+0000] {logging_mixin.py:188} INFO - [2024-08-09T01:53:41.070+0000] {dagbag.py:545} INFO - Filling up the DagBag from /home/airflow/.local/lib/python3.12/site-packages/airflow/example_dags/example_latest_only_with_trigger.py
[2024-08-09T01:53:41.094+0000] {processor.py:840} INFO - DAG(s) 'latest_only_with_trigger' retrieved from /home/airflow/.local/lib/python3.12/site-packages/airflow/example_dags/example_latest_only_with_trigger.py
[2024-08-09T01:53:41.212+0000] {logging_mixin.py:188} INFO - [2024-08-09T01:53:41.212+0000] {dag.py:3089} INFO - Sync 1 DAGs
[2024-08-09T01:53:41.313+0000] {logging_mixin.py:188} INFO - [2024-08-09T01:53:41.312+0000] {dag.py:3947} INFO - Setting next_dagrun for latest_only_with_trigger to 2024-08-08 20:00:00+00:00, run_after=2024-08-09 00:00:00+00:00
[2024-08-09T01:53:41.408+0000] {processor.py:183} INFO - Processing /home/airflow/.local/lib/python3.12/site-packages/airflow/example_dags/example_latest_only_with_trigger.py took 0.380 seconds
[2024-08-09T01:54:15.241+0000] {processor.py:161} INFO - Started process (PID=2261) to work on /home/airflow/.local/lib/python3.12/site-packages/airflow/example_dags/example_latest_only_with_trigger.py
[2024-08-09T01:54:15.245+0000] {processor.py:830} INFO - Processing file /home/airflow/.local/lib/python3.12/site-packages/airflow/example_dags/example_latest_only_with_trigger.py for tasks to queue
[2024-08-09T01:54:15.251+0000] {logging_mixin.py:188} INFO - [2024-08-09T01:54:15.250+0000] {dagbag.py:545} INFO - Filling up the DagBag from /home/airflow/.local/lib/python3.12/site-packages/airflow/example_dags/example_latest_only_with_trigger.py
[2024-08-09T01:54:15.270+0000] {processor.py:840} INFO - DAG(s) 'latest_only_with_trigger' retrieved from /home/airflow/.local/lib/python3.12/site-packages/airflow/example_dags/example_latest_only_with_trigger.py
[2024-08-09T01:54:15.370+0000] {logging_mixin.py:188} INFO - [2024-08-09T01:54:15.369+0000] {dag.py:3089} INFO - Sync 1 DAGs
[2024-08-09T01:54:15.525+0000] {logging_mixin.py:188} INFO - [2024-08-09T01:54:15.521+0000] {dag.py:3947} INFO - Setting next_dagrun for latest_only_with_trigger to 2024-08-08 20:00:00+00:00, run_after=2024-08-09 00:00:00+00:00
[2024-08-09T01:54:15.686+0000] {processor.py:183} INFO - Processing /home/airflow/.local/lib/python3.12/site-packages/airflow/example_dags/example_latest_only_with_trigger.py took 0.464 seconds
[2024-08-09T01:54:46.156+0000] {processor.py:161} INFO - Started process (PID=2319) to work on /home/airflow/.local/lib/python3.12/site-packages/airflow/example_dags/example_latest_only_with_trigger.py
[2024-08-09T01:54:46.161+0000] {processor.py:830} INFO - Processing file /home/airflow/.local/lib/python3.12/site-packages/airflow/example_dags/example_latest_only_with_trigger.py for tasks to queue
[2024-08-09T01:54:46.166+0000] {logging_mixin.py:188} INFO - [2024-08-09T01:54:46.166+0000] {dagbag.py:545} INFO - Filling up the DagBag from /home/airflow/.local/lib/python3.12/site-packages/airflow/example_dags/example_latest_only_with_trigger.py
[2024-08-09T01:54:46.190+0000] {processor.py:840} INFO - DAG(s) 'latest_only_with_trigger' retrieved from /home/airflow/.local/lib/python3.12/site-packages/airflow/example_dags/example_latest_only_with_trigger.py
[2024-08-09T01:54:46.322+0000] {logging_mixin.py:188} INFO - [2024-08-09T01:54:46.322+0000] {dag.py:3089} INFO - Sync 1 DAGs
[2024-08-09T01:54:46.452+0000] {logging_mixin.py:188} INFO - [2024-08-09T01:54:46.449+0000] {dag.py:3947} INFO - Setting next_dagrun for latest_only_with_trigger to 2024-08-08 20:00:00+00:00, run_after=2024-08-09 00:00:00+00:00
[2024-08-09T01:54:46.571+0000] {processor.py:183} INFO - Processing /home/airflow/.local/lib/python3.12/site-packages/airflow/example_dags/example_latest_only_with_trigger.py took 0.453 seconds
[2024-08-09T01:55:16.756+0000] {processor.py:161} INFO - Started process (PID=2377) to work on /home/airflow/.local/lib/python3.12/site-packages/airflow/example_dags/example_latest_only_with_trigger.py
[2024-08-09T01:55:16.759+0000] {processor.py:830} INFO - Processing file /home/airflow/.local/lib/python3.12/site-packages/airflow/example_dags/example_latest_only_with_trigger.py for tasks to queue
[2024-08-09T01:55:16.764+0000] {logging_mixin.py:188} INFO - [2024-08-09T01:55:16.763+0000] {dagbag.py:545} INFO - Filling up the DagBag from /home/airflow/.local/lib/python3.12/site-packages/airflow/example_dags/example_latest_only_with_trigger.py
[2024-08-09T01:55:16.777+0000] {processor.py:840} INFO - DAG(s) 'latest_only_with_trigger' retrieved from /home/airflow/.local/lib/python3.12/site-packages/airflow/example_dags/example_latest_only_with_trigger.py
[2024-08-09T01:55:16.841+0000] {logging_mixin.py:188} INFO - [2024-08-09T01:55:16.841+0000] {dag.py:3089} INFO - Sync 1 DAGs
[2024-08-09T01:55:16.898+0000] {logging_mixin.py:188} INFO - [2024-08-09T01:55:16.898+0000] {dag.py:3947} INFO - Setting next_dagrun for latest_only_with_trigger to 2024-08-08 20:00:00+00:00, run_after=2024-08-09 00:00:00+00:00
[2024-08-09T01:55:16.942+0000] {processor.py:183} INFO - Processing /home/airflow/.local/lib/python3.12/site-packages/airflow/example_dags/example_latest_only_with_trigger.py took 0.203 seconds
[2024-08-09T01:55:47.240+0000] {processor.py:161} INFO - Started process (PID=2435) to work on /home/airflow/.local/lib/python3.12/site-packages/airflow/example_dags/example_latest_only_with_trigger.py
[2024-08-09T01:55:47.243+0000] {processor.py:830} INFO - Processing file /home/airflow/.local/lib/python3.12/site-packages/airflow/example_dags/example_latest_only_with_trigger.py for tasks to queue
[2024-08-09T01:55:47.247+0000] {logging_mixin.py:188} INFO - [2024-08-09T01:55:47.246+0000] {dagbag.py:545} INFO - Filling up the DagBag from /home/airflow/.local/lib/python3.12/site-packages/airflow/example_dags/example_latest_only_with_trigger.py
[2024-08-09T01:55:47.260+0000] {processor.py:840} INFO - DAG(s) 'latest_only_with_trigger' retrieved from /home/airflow/.local/lib/python3.12/site-packages/airflow/example_dags/example_latest_only_with_trigger.py
[2024-08-09T01:55:47.311+0000] {logging_mixin.py:188} INFO - [2024-08-09T01:55:47.310+0000] {dag.py:3089} INFO - Sync 1 DAGs
[2024-08-09T01:55:47.353+0000] {logging_mixin.py:188} INFO - [2024-08-09T01:55:47.353+0000] {dag.py:3947} INFO - Setting next_dagrun for latest_only_with_trigger to 2024-08-08 20:00:00+00:00, run_after=2024-08-09 00:00:00+00:00
[2024-08-09T01:55:47.390+0000] {processor.py:183} INFO - Processing /home/airflow/.local/lib/python3.12/site-packages/airflow/example_dags/example_latest_only_with_trigger.py took 0.166 seconds
[2024-08-09T01:56:17.664+0000] {processor.py:161} INFO - Started process (PID=2493) to work on /home/airflow/.local/lib/python3.12/site-packages/airflow/example_dags/example_latest_only_with_trigger.py
[2024-08-09T01:56:17.668+0000] {processor.py:830} INFO - Processing file /home/airflow/.local/lib/python3.12/site-packages/airflow/example_dags/example_latest_only_with_trigger.py for tasks to queue
[2024-08-09T01:56:17.673+0000] {logging_mixin.py:188} INFO - [2024-08-09T01:56:17.672+0000] {dagbag.py:545} INFO - Filling up the DagBag from /home/airflow/.local/lib/python3.12/site-packages/airflow/example_dags/example_latest_only_with_trigger.py
[2024-08-09T01:56:17.691+0000] {processor.py:840} INFO - DAG(s) 'latest_only_with_trigger' retrieved from /home/airflow/.local/lib/python3.12/site-packages/airflow/example_dags/example_latest_only_with_trigger.py
[2024-08-09T01:56:17.751+0000] {logging_mixin.py:188} INFO - [2024-08-09T01:56:17.750+0000] {dag.py:3089} INFO - Sync 1 DAGs
[2024-08-09T01:56:17.790+0000] {logging_mixin.py:188} INFO - [2024-08-09T01:56:17.790+0000] {dag.py:3947} INFO - Setting next_dagrun for latest_only_with_trigger to 2024-08-08 20:00:00+00:00, run_after=2024-08-09 00:00:00+00:00
[2024-08-09T01:56:17.822+0000] {processor.py:183} INFO - Processing /home/airflow/.local/lib/python3.12/site-packages/airflow/example_dags/example_latest_only_with_trigger.py took 0.175 seconds
[2024-08-09T01:56:49.216+0000] {processor.py:161} INFO - Started process (PID=2551) to work on /home/airflow/.local/lib/python3.12/site-packages/airflow/example_dags/example_latest_only_with_trigger.py
[2024-08-09T01:56:49.220+0000] {processor.py:830} INFO - Processing file /home/airflow/.local/lib/python3.12/site-packages/airflow/example_dags/example_latest_only_with_trigger.py for tasks to queue
[2024-08-09T01:56:49.236+0000] {logging_mixin.py:188} INFO - [2024-08-09T01:56:49.235+0000] {dagbag.py:545} INFO - Filling up the DagBag from /home/airflow/.local/lib/python3.12/site-packages/airflow/example_dags/example_latest_only_with_trigger.py
[2024-08-09T01:56:49.265+0000] {processor.py:840} INFO - DAG(s) 'latest_only_with_trigger' retrieved from /home/airflow/.local/lib/python3.12/site-packages/airflow/example_dags/example_latest_only_with_trigger.py
[2024-08-09T01:56:49.425+0000] {logging_mixin.py:188} INFO - [2024-08-09T01:56:49.425+0000] {dag.py:3089} INFO - Sync 1 DAGs
[2024-08-09T01:56:49.551+0000] {logging_mixin.py:188} INFO - [2024-08-09T01:56:49.551+0000] {dag.py:3947} INFO - Setting next_dagrun for latest_only_with_trigger to 2024-08-08 20:00:00+00:00, run_after=2024-08-09 00:00:00+00:00
[2024-08-09T01:56:49.609+0000] {processor.py:183} INFO - Processing /home/airflow/.local/lib/python3.12/site-packages/airflow/example_dags/example_latest_only_with_trigger.py took 0.418 seconds
[2024-08-09T01:57:20.560+0000] {processor.py:161} INFO - Started process (PID=2609) to work on /home/airflow/.local/lib/python3.12/site-packages/airflow/example_dags/example_latest_only_with_trigger.py
[2024-08-09T01:57:20.565+0000] {processor.py:830} INFO - Processing file /home/airflow/.local/lib/python3.12/site-packages/airflow/example_dags/example_latest_only_with_trigger.py for tasks to queue
[2024-08-09T01:57:20.577+0000] {logging_mixin.py:188} INFO - [2024-08-09T01:57:20.574+0000] {dagbag.py:545} INFO - Filling up the DagBag from /home/airflow/.local/lib/python3.12/site-packages/airflow/example_dags/example_latest_only_with_trigger.py
[2024-08-09T01:57:20.608+0000] {processor.py:840} INFO - DAG(s) 'latest_only_with_trigger' retrieved from /home/airflow/.local/lib/python3.12/site-packages/airflow/example_dags/example_latest_only_with_trigger.py
[2024-08-09T01:57:20.810+0000] {logging_mixin.py:188} INFO - [2024-08-09T01:57:20.809+0000] {dag.py:3089} INFO - Sync 1 DAGs
[2024-08-09T01:57:20.979+0000] {logging_mixin.py:188} INFO - [2024-08-09T01:57:20.979+0000] {dag.py:3947} INFO - Setting next_dagrun for latest_only_with_trigger to 2024-08-08 20:00:00+00:00, run_after=2024-08-09 00:00:00+00:00
[2024-08-09T01:57:21.064+0000] {processor.py:183} INFO - Processing /home/airflow/.local/lib/python3.12/site-packages/airflow/example_dags/example_latest_only_with_trigger.py took 0.539 seconds
[2024-08-09T01:57:51.934+0000] {processor.py:161} INFO - Started process (PID=2667) to work on /home/airflow/.local/lib/python3.12/site-packages/airflow/example_dags/example_latest_only_with_trigger.py
[2024-08-09T01:57:51.938+0000] {processor.py:830} INFO - Processing file /home/airflow/.local/lib/python3.12/site-packages/airflow/example_dags/example_latest_only_with_trigger.py for tasks to queue
[2024-08-09T01:57:51.945+0000] {logging_mixin.py:188} INFO - [2024-08-09T01:57:51.944+0000] {dagbag.py:545} INFO - Filling up the DagBag from /home/airflow/.local/lib/python3.12/site-packages/airflow/example_dags/example_latest_only_with_trigger.py
[2024-08-09T01:57:51.965+0000] {processor.py:840} INFO - DAG(s) 'latest_only_with_trigger' retrieved from /home/airflow/.local/lib/python3.12/site-packages/airflow/example_dags/example_latest_only_with_trigger.py
[2024-08-09T01:57:52.089+0000] {logging_mixin.py:188} INFO - [2024-08-09T01:57:52.087+0000] {dag.py:3089} INFO - Sync 1 DAGs
[2024-08-09T01:57:52.193+0000] {logging_mixin.py:188} INFO - [2024-08-09T01:57:52.193+0000] {dag.py:3947} INFO - Setting next_dagrun for latest_only_with_trigger to 2024-08-08 20:00:00+00:00, run_after=2024-08-09 00:00:00+00:00
[2024-08-09T01:57:52.276+0000] {processor.py:183} INFO - Processing /home/airflow/.local/lib/python3.12/site-packages/airflow/example_dags/example_latest_only_with_trigger.py took 0.362 seconds
[2024-08-09T01:58:23.043+0000] {processor.py:161} INFO - Started process (PID=2725) to work on /home/airflow/.local/lib/python3.12/site-packages/airflow/example_dags/example_latest_only_with_trigger.py
[2024-08-09T01:58:23.049+0000] {processor.py:830} INFO - Processing file /home/airflow/.local/lib/python3.12/site-packages/airflow/example_dags/example_latest_only_with_trigger.py for tasks to queue
[2024-08-09T01:58:23.063+0000] {logging_mixin.py:188} INFO - [2024-08-09T01:58:23.062+0000] {dagbag.py:545} INFO - Filling up the DagBag from /home/airflow/.local/lib/python3.12/site-packages/airflow/example_dags/example_latest_only_with_trigger.py
[2024-08-09T01:58:23.105+0000] {processor.py:840} INFO - DAG(s) 'latest_only_with_trigger' retrieved from /home/airflow/.local/lib/python3.12/site-packages/airflow/example_dags/example_latest_only_with_trigger.py
[2024-08-09T01:58:23.237+0000] {logging_mixin.py:188} INFO - [2024-08-09T01:58:23.236+0000] {dag.py:3089} INFO - Sync 1 DAGs
[2024-08-09T01:58:23.354+0000] {logging_mixin.py:188} INFO - [2024-08-09T01:58:23.353+0000] {dag.py:3947} INFO - Setting next_dagrun for latest_only_with_trigger to 2024-08-08 20:00:00+00:00, run_after=2024-08-09 00:00:00+00:00
[2024-08-09T01:58:23.454+0000] {processor.py:183} INFO - Processing /home/airflow/.local/lib/python3.12/site-packages/airflow/example_dags/example_latest_only_with_trigger.py took 0.465 seconds
[2024-08-09T01:58:53.833+0000] {processor.py:161} INFO - Started process (PID=2783) to work on /home/airflow/.local/lib/python3.12/site-packages/airflow/example_dags/example_latest_only_with_trigger.py
[2024-08-09T01:58:53.845+0000] {processor.py:830} INFO - Processing file /home/airflow/.local/lib/python3.12/site-packages/airflow/example_dags/example_latest_only_with_trigger.py for tasks to queue
[2024-08-09T01:58:53.863+0000] {logging_mixin.py:188} INFO - [2024-08-09T01:58:53.860+0000] {dagbag.py:545} INFO - Filling up the DagBag from /home/airflow/.local/lib/python3.12/site-packages/airflow/example_dags/example_latest_only_with_trigger.py
[2024-08-09T01:58:53.913+0000] {processor.py:840} INFO - DAG(s) 'latest_only_with_trigger' retrieved from /home/airflow/.local/lib/python3.12/site-packages/airflow/example_dags/example_latest_only_with_trigger.py
[2024-08-09T01:58:54.038+0000] {logging_mixin.py:188} INFO - [2024-08-09T01:58:54.038+0000] {dag.py:3089} INFO - Sync 1 DAGs
[2024-08-09T01:58:54.088+0000] {logging_mixin.py:188} INFO - [2024-08-09T01:58:54.088+0000] {dag.py:3947} INFO - Setting next_dagrun for latest_only_with_trigger to 2024-08-08 20:00:00+00:00, run_after=2024-08-09 00:00:00+00:00
[2024-08-09T01:58:54.143+0000] {processor.py:183} INFO - Processing /home/airflow/.local/lib/python3.12/site-packages/airflow/example_dags/example_latest_only_with_trigger.py took 0.336 seconds
[2024-08-09T01:59:24.799+0000] {processor.py:161} INFO - Started process (PID=2841) to work on /home/airflow/.local/lib/python3.12/site-packages/airflow/example_dags/example_latest_only_with_trigger.py
[2024-08-09T01:59:24.806+0000] {processor.py:830} INFO - Processing file /home/airflow/.local/lib/python3.12/site-packages/airflow/example_dags/example_latest_only_with_trigger.py for tasks to queue
[2024-08-09T01:59:24.830+0000] {logging_mixin.py:188} INFO - [2024-08-09T01:59:24.826+0000] {dagbag.py:545} INFO - Filling up the DagBag from /home/airflow/.local/lib/python3.12/site-packages/airflow/example_dags/example_latest_only_with_trigger.py
[2024-08-09T01:59:24.866+0000] {processor.py:840} INFO - DAG(s) 'latest_only_with_trigger' retrieved from /home/airflow/.local/lib/python3.12/site-packages/airflow/example_dags/example_latest_only_with_trigger.py
[2024-08-09T01:59:25.010+0000] {logging_mixin.py:188} INFO - [2024-08-09T01:59:25.008+0000] {dag.py:3089} INFO - Sync 1 DAGs
[2024-08-09T01:59:25.147+0000] {logging_mixin.py:188} INFO - [2024-08-09T01:59:25.145+0000] {dag.py:3947} INFO - Setting next_dagrun for latest_only_with_trigger to 2024-08-08 20:00:00+00:00, run_after=2024-08-09 00:00:00+00:00
[2024-08-09T01:59:25.261+0000] {processor.py:183} INFO - Processing /home/airflow/.local/lib/python3.12/site-packages/airflow/example_dags/example_latest_only_with_trigger.py took 0.502 seconds
[2024-08-09T01:59:56.049+0000] {processor.py:161} INFO - Started process (PID=2899) to work on /home/airflow/.local/lib/python3.12/site-packages/airflow/example_dags/example_latest_only_with_trigger.py
[2024-08-09T01:59:56.051+0000] {processor.py:830} INFO - Processing file /home/airflow/.local/lib/python3.12/site-packages/airflow/example_dags/example_latest_only_with_trigger.py for tasks to queue
[2024-08-09T01:59:56.056+0000] {logging_mixin.py:188} INFO - [2024-08-09T01:59:56.055+0000] {dagbag.py:545} INFO - Filling up the DagBag from /home/airflow/.local/lib/python3.12/site-packages/airflow/example_dags/example_latest_only_with_trigger.py
[2024-08-09T01:59:56.072+0000] {processor.py:840} INFO - DAG(s) 'latest_only_with_trigger' retrieved from /home/airflow/.local/lib/python3.12/site-packages/airflow/example_dags/example_latest_only_with_trigger.py
[2024-08-09T01:59:56.144+0000] {logging_mixin.py:188} INFO - [2024-08-09T01:59:56.144+0000] {dag.py:3089} INFO - Sync 1 DAGs
[2024-08-09T01:59:56.214+0000] {logging_mixin.py:188} INFO - [2024-08-09T01:59:56.212+0000] {dag.py:3947} INFO - Setting next_dagrun for latest_only_with_trigger to 2024-08-08 20:00:00+00:00, run_after=2024-08-09 00:00:00+00:00
[2024-08-09T01:59:56.279+0000] {processor.py:183} INFO - Processing /home/airflow/.local/lib/python3.12/site-packages/airflow/example_dags/example_latest_only_with_trigger.py took 0.248 seconds
[2024-08-09T02:00:26.935+0000] {processor.py:161} INFO - Started process (PID=2956) to work on /home/airflow/.local/lib/python3.12/site-packages/airflow/example_dags/example_latest_only_with_trigger.py
[2024-08-09T02:00:26.939+0000] {processor.py:830} INFO - Processing file /home/airflow/.local/lib/python3.12/site-packages/airflow/example_dags/example_latest_only_with_trigger.py for tasks to queue
[2024-08-09T02:00:26.945+0000] {logging_mixin.py:188} INFO - [2024-08-09T02:00:26.944+0000] {dagbag.py:545} INFO - Filling up the DagBag from /home/airflow/.local/lib/python3.12/site-packages/airflow/example_dags/example_latest_only_with_trigger.py
[2024-08-09T02:00:26.968+0000] {processor.py:840} INFO - DAG(s) 'latest_only_with_trigger' retrieved from /home/airflow/.local/lib/python3.12/site-packages/airflow/example_dags/example_latest_only_with_trigger.py
[2024-08-09T02:00:27.166+0000] {logging_mixin.py:188} INFO - [2024-08-09T02:00:27.161+0000] {dag.py:3089} INFO - Sync 1 DAGs
[2024-08-09T02:00:27.389+0000] {logging_mixin.py:188} INFO - [2024-08-09T02:00:27.383+0000] {dag.py:3947} INFO - Setting next_dagrun for latest_only_with_trigger to 2024-08-08 20:00:00+00:00, run_after=2024-08-09 00:00:00+00:00
[2024-08-09T02:00:27.484+0000] {processor.py:183} INFO - Processing /home/airflow/.local/lib/python3.12/site-packages/airflow/example_dags/example_latest_only_with_trigger.py took 0.574 seconds
[2024-08-09T02:00:57.891+0000] {processor.py:161} INFO - Started process (PID=3020) to work on /home/airflow/.local/lib/python3.12/site-packages/airflow/example_dags/example_latest_only_with_trigger.py
[2024-08-09T02:00:57.894+0000] {processor.py:830} INFO - Processing file /home/airflow/.local/lib/python3.12/site-packages/airflow/example_dags/example_latest_only_with_trigger.py for tasks to queue
[2024-08-09T02:00:57.900+0000] {logging_mixin.py:188} INFO - [2024-08-09T02:00:57.900+0000] {dagbag.py:545} INFO - Filling up the DagBag from /home/airflow/.local/lib/python3.12/site-packages/airflow/example_dags/example_latest_only_with_trigger.py
[2024-08-09T02:00:57.924+0000] {processor.py:840} INFO - DAG(s) 'latest_only_with_trigger' retrieved from /home/airflow/.local/lib/python3.12/site-packages/airflow/example_dags/example_latest_only_with_trigger.py
[2024-08-09T02:00:57.993+0000] {logging_mixin.py:188} INFO - [2024-08-09T02:00:57.992+0000] {dag.py:3089} INFO - Sync 1 DAGs
[2024-08-09T02:00:58.038+0000] {logging_mixin.py:188} INFO - [2024-08-09T02:00:58.038+0000] {dag.py:3947} INFO - Setting next_dagrun for latest_only_with_trigger to 2024-08-08 20:00:00+00:00, run_after=2024-08-09 00:00:00+00:00
[2024-08-09T02:00:58.082+0000] {processor.py:183} INFO - Processing /home/airflow/.local/lib/python3.12/site-packages/airflow/example_dags/example_latest_only_with_trigger.py took 0.209 seconds
[2024-08-09T02:01:28.516+0000] {processor.py:161} INFO - Started process (PID=3078) to work on /home/airflow/.local/lib/python3.12/site-packages/airflow/example_dags/example_latest_only_with_trigger.py
[2024-08-09T02:01:28.518+0000] {processor.py:830} INFO - Processing file /home/airflow/.local/lib/python3.12/site-packages/airflow/example_dags/example_latest_only_with_trigger.py for tasks to queue
[2024-08-09T02:01:28.527+0000] {logging_mixin.py:188} INFO - [2024-08-09T02:01:28.526+0000] {dagbag.py:545} INFO - Filling up the DagBag from /home/airflow/.local/lib/python3.12/site-packages/airflow/example_dags/example_latest_only_with_trigger.py
[2024-08-09T02:01:28.553+0000] {processor.py:840} INFO - DAG(s) 'latest_only_with_trigger' retrieved from /home/airflow/.local/lib/python3.12/site-packages/airflow/example_dags/example_latest_only_with_trigger.py
[2024-08-09T02:01:28.650+0000] {logging_mixin.py:188} INFO - [2024-08-09T02:01:28.650+0000] {dag.py:3089} INFO - Sync 1 DAGs
[2024-08-09T02:01:28.751+0000] {logging_mixin.py:188} INFO - [2024-08-09T02:01:28.751+0000] {dag.py:3947} INFO - Setting next_dagrun for latest_only_with_trigger to 2024-08-08 20:00:00+00:00, run_after=2024-08-09 00:00:00+00:00
[2024-08-09T02:01:28.856+0000] {processor.py:183} INFO - Processing /home/airflow/.local/lib/python3.12/site-packages/airflow/example_dags/example_latest_only_with_trigger.py took 0.358 seconds
[2024-08-09T02:01:59.141+0000] {processor.py:161} INFO - Started process (PID=3136) to work on /home/airflow/.local/lib/python3.12/site-packages/airflow/example_dags/example_latest_only_with_trigger.py
[2024-08-09T02:01:59.144+0000] {processor.py:830} INFO - Processing file /home/airflow/.local/lib/python3.12/site-packages/airflow/example_dags/example_latest_only_with_trigger.py for tasks to queue
[2024-08-09T02:01:59.150+0000] {logging_mixin.py:188} INFO - [2024-08-09T02:01:59.149+0000] {dagbag.py:545} INFO - Filling up the DagBag from /home/airflow/.local/lib/python3.12/site-packages/airflow/example_dags/example_latest_only_with_trigger.py
[2024-08-09T02:01:59.165+0000] {processor.py:840} INFO - DAG(s) 'latest_only_with_trigger' retrieved from /home/airflow/.local/lib/python3.12/site-packages/airflow/example_dags/example_latest_only_with_trigger.py
[2024-08-09T02:01:59.243+0000] {logging_mixin.py:188} INFO - [2024-08-09T02:01:59.240+0000] {dag.py:3089} INFO - Sync 1 DAGs
[2024-08-09T02:01:59.298+0000] {logging_mixin.py:188} INFO - [2024-08-09T02:01:59.298+0000] {dag.py:3947} INFO - Setting next_dagrun for latest_only_with_trigger to 2024-08-08 20:00:00+00:00, run_after=2024-08-09 00:00:00+00:00
[2024-08-09T02:01:59.331+0000] {processor.py:183} INFO - Processing /home/airflow/.local/lib/python3.12/site-packages/airflow/example_dags/example_latest_only_with_trigger.py took 0.253 seconds
[2024-08-09T02:02:29.517+0000] {processor.py:161} INFO - Started process (PID=3194) to work on /home/airflow/.local/lib/python3.12/site-packages/airflow/example_dags/example_latest_only_with_trigger.py
[2024-08-09T02:02:29.519+0000] {processor.py:830} INFO - Processing file /home/airflow/.local/lib/python3.12/site-packages/airflow/example_dags/example_latest_only_with_trigger.py for tasks to queue
[2024-08-09T02:02:29.524+0000] {logging_mixin.py:188} INFO - [2024-08-09T02:02:29.523+0000] {dagbag.py:545} INFO - Filling up the DagBag from /home/airflow/.local/lib/python3.12/site-packages/airflow/example_dags/example_latest_only_with_trigger.py
[2024-08-09T02:02:29.537+0000] {processor.py:840} INFO - DAG(s) 'latest_only_with_trigger' retrieved from /home/airflow/.local/lib/python3.12/site-packages/airflow/example_dags/example_latest_only_with_trigger.py
[2024-08-09T02:02:29.599+0000] {logging_mixin.py:188} INFO - [2024-08-09T02:02:29.599+0000] {dag.py:3089} INFO - Sync 1 DAGs
[2024-08-09T02:02:29.637+0000] {logging_mixin.py:188} INFO - [2024-08-09T02:02:29.637+0000] {dag.py:3947} INFO - Setting next_dagrun for latest_only_with_trigger to 2024-08-08 20:00:00+00:00, run_after=2024-08-09 00:00:00+00:00
[2024-08-09T02:02:29.668+0000] {processor.py:183} INFO - Processing /home/airflow/.local/lib/python3.12/site-packages/airflow/example_dags/example_latest_only_with_trigger.py took 0.167 seconds
[2024-08-09T02:03:00.346+0000] {processor.py:161} INFO - Started process (PID=3252) to work on /home/airflow/.local/lib/python3.12/site-packages/airflow/example_dags/example_latest_only_with_trigger.py
[2024-08-09T02:03:00.349+0000] {processor.py:830} INFO - Processing file /home/airflow/.local/lib/python3.12/site-packages/airflow/example_dags/example_latest_only_with_trigger.py for tasks to queue
[2024-08-09T02:03:00.354+0000] {logging_mixin.py:188} INFO - [2024-08-09T02:03:00.353+0000] {dagbag.py:545} INFO - Filling up the DagBag from /home/airflow/.local/lib/python3.12/site-packages/airflow/example_dags/example_latest_only_with_trigger.py
[2024-08-09T02:03:00.369+0000] {processor.py:840} INFO - DAG(s) 'latest_only_with_trigger' retrieved from /home/airflow/.local/lib/python3.12/site-packages/airflow/example_dags/example_latest_only_with_trigger.py
[2024-08-09T02:03:00.432+0000] {logging_mixin.py:188} INFO - [2024-08-09T02:03:00.431+0000] {dag.py:3089} INFO - Sync 1 DAGs
[2024-08-09T02:03:00.475+0000] {logging_mixin.py:188} INFO - [2024-08-09T02:03:00.475+0000] {dag.py:3947} INFO - Setting next_dagrun for latest_only_with_trigger to 2024-08-08 20:00:00+00:00, run_after=2024-08-09 00:00:00+00:00
[2024-08-09T02:03:00.516+0000] {processor.py:183} INFO - Processing /home/airflow/.local/lib/python3.12/site-packages/airflow/example_dags/example_latest_only_with_trigger.py took 0.188 seconds
[2024-08-09T02:03:31.266+0000] {processor.py:161} INFO - Started process (PID=3309) to work on /home/airflow/.local/lib/python3.12/site-packages/airflow/example_dags/example_latest_only_with_trigger.py
[2024-08-09T02:03:31.269+0000] {processor.py:830} INFO - Processing file /home/airflow/.local/lib/python3.12/site-packages/airflow/example_dags/example_latest_only_with_trigger.py for tasks to queue
[2024-08-09T02:03:31.274+0000] {logging_mixin.py:188} INFO - [2024-08-09T02:03:31.274+0000] {dagbag.py:545} INFO - Filling up the DagBag from /home/airflow/.local/lib/python3.12/site-packages/airflow/example_dags/example_latest_only_with_trigger.py
[2024-08-09T02:03:31.289+0000] {processor.py:840} INFO - DAG(s) 'latest_only_with_trigger' retrieved from /home/airflow/.local/lib/python3.12/site-packages/airflow/example_dags/example_latest_only_with_trigger.py
[2024-08-09T02:03:31.349+0000] {logging_mixin.py:188} INFO - [2024-08-09T02:03:31.349+0000] {dag.py:3089} INFO - Sync 1 DAGs
[2024-08-09T02:03:31.391+0000] {logging_mixin.py:188} INFO - [2024-08-09T02:03:31.391+0000] {dag.py:3947} INFO - Setting next_dagrun for latest_only_with_trigger to 2024-08-08 20:00:00+00:00, run_after=2024-08-09 00:00:00+00:00
[2024-08-09T02:03:31.426+0000] {processor.py:183} INFO - Processing /home/airflow/.local/lib/python3.12/site-packages/airflow/example_dags/example_latest_only_with_trigger.py took 0.176 seconds
[2024-08-09T02:04:02.050+0000] {processor.py:161} INFO - Started process (PID=3367) to work on /home/airflow/.local/lib/python3.12/site-packages/airflow/example_dags/example_latest_only_with_trigger.py
[2024-08-09T02:04:02.052+0000] {processor.py:830} INFO - Processing file /home/airflow/.local/lib/python3.12/site-packages/airflow/example_dags/example_latest_only_with_trigger.py for tasks to queue
[2024-08-09T02:04:02.059+0000] {logging_mixin.py:188} INFO - [2024-08-09T02:04:02.058+0000] {dagbag.py:545} INFO - Filling up the DagBag from /home/airflow/.local/lib/python3.12/site-packages/airflow/example_dags/example_latest_only_with_trigger.py
[2024-08-09T02:04:02.079+0000] {processor.py:840} INFO - DAG(s) 'latest_only_with_trigger' retrieved from /home/airflow/.local/lib/python3.12/site-packages/airflow/example_dags/example_latest_only_with_trigger.py
[2024-08-09T02:04:02.145+0000] {logging_mixin.py:188} INFO - [2024-08-09T02:04:02.145+0000] {dag.py:3089} INFO - Sync 1 DAGs
[2024-08-09T02:04:02.312+0000] {logging_mixin.py:188} INFO - [2024-08-09T02:04:02.311+0000] {dag.py:3947} INFO - Setting next_dagrun for latest_only_with_trigger to 2024-08-08 20:00:00+00:00, run_after=2024-08-09 00:00:00+00:00
[2024-08-09T02:04:02.421+0000] {processor.py:183} INFO - Processing /home/airflow/.local/lib/python3.12/site-packages/airflow/example_dags/example_latest_only_with_trigger.py took 0.391 seconds
[2024-08-09T02:04:32.672+0000] {processor.py:161} INFO - Started process (PID=3425) to work on /home/airflow/.local/lib/python3.12/site-packages/airflow/example_dags/example_latest_only_with_trigger.py
[2024-08-09T02:04:32.678+0000] {processor.py:830} INFO - Processing file /home/airflow/.local/lib/python3.12/site-packages/airflow/example_dags/example_latest_only_with_trigger.py for tasks to queue
[2024-08-09T02:04:32.684+0000] {logging_mixin.py:188} INFO - [2024-08-09T02:04:32.683+0000] {dagbag.py:545} INFO - Filling up the DagBag from /home/airflow/.local/lib/python3.12/site-packages/airflow/example_dags/example_latest_only_with_trigger.py
[2024-08-09T02:04:32.701+0000] {processor.py:840} INFO - DAG(s) 'latest_only_with_trigger' retrieved from /home/airflow/.local/lib/python3.12/site-packages/airflow/example_dags/example_latest_only_with_trigger.py
[2024-08-09T02:04:32.787+0000] {logging_mixin.py:188} INFO - [2024-08-09T02:04:32.787+0000] {dag.py:3089} INFO - Sync 1 DAGs
[2024-08-09T02:04:32.880+0000] {logging_mixin.py:188} INFO - [2024-08-09T02:04:32.880+0000] {dag.py:3947} INFO - Setting next_dagrun for latest_only_with_trigger to 2024-08-08 20:00:00+00:00, run_after=2024-08-09 00:00:00+00:00
[2024-08-09T02:04:32.926+0000] {processor.py:183} INFO - Processing /home/airflow/.local/lib/python3.12/site-packages/airflow/example_dags/example_latest_only_with_trigger.py took 0.290 seconds
[2024-08-09T02:05:03.503+0000] {processor.py:161} INFO - Started process (PID=3483) to work on /home/airflow/.local/lib/python3.12/site-packages/airflow/example_dags/example_latest_only_with_trigger.py
[2024-08-09T02:05:03.505+0000] {processor.py:830} INFO - Processing file /home/airflow/.local/lib/python3.12/site-packages/airflow/example_dags/example_latest_only_with_trigger.py for tasks to queue
[2024-08-09T02:05:03.510+0000] {logging_mixin.py:188} INFO - [2024-08-09T02:05:03.509+0000] {dagbag.py:545} INFO - Filling up the DagBag from /home/airflow/.local/lib/python3.12/site-packages/airflow/example_dags/example_latest_only_with_trigger.py
[2024-08-09T02:05:03.523+0000] {processor.py:840} INFO - DAG(s) 'latest_only_with_trigger' retrieved from /home/airflow/.local/lib/python3.12/site-packages/airflow/example_dags/example_latest_only_with_trigger.py
[2024-08-09T02:05:03.572+0000] {logging_mixin.py:188} INFO - [2024-08-09T02:05:03.572+0000] {dag.py:3089} INFO - Sync 1 DAGs
[2024-08-09T02:05:03.611+0000] {logging_mixin.py:188} INFO - [2024-08-09T02:05:03.610+0000] {dag.py:3947} INFO - Setting next_dagrun for latest_only_with_trigger to 2024-08-08 20:00:00+00:00, run_after=2024-08-09 00:00:00+00:00
[2024-08-09T02:05:03.648+0000] {processor.py:183} INFO - Processing /home/airflow/.local/lib/python3.12/site-packages/airflow/example_dags/example_latest_only_with_trigger.py took 0.160 seconds
[2024-08-09T02:05:34.103+0000] {processor.py:161} INFO - Started process (PID=3541) to work on /home/airflow/.local/lib/python3.12/site-packages/airflow/example_dags/example_latest_only_with_trigger.py
[2024-08-09T02:05:34.106+0000] {processor.py:830} INFO - Processing file /home/airflow/.local/lib/python3.12/site-packages/airflow/example_dags/example_latest_only_with_trigger.py for tasks to queue
[2024-08-09T02:05:34.116+0000] {logging_mixin.py:188} INFO - [2024-08-09T02:05:34.113+0000] {dagbag.py:545} INFO - Filling up the DagBag from /home/airflow/.local/lib/python3.12/site-packages/airflow/example_dags/example_latest_only_with_trigger.py
[2024-08-09T02:05:34.150+0000] {processor.py:840} INFO - DAG(s) 'latest_only_with_trigger' retrieved from /home/airflow/.local/lib/python3.12/site-packages/airflow/example_dags/example_latest_only_with_trigger.py
[2024-08-09T02:05:34.265+0000] {logging_mixin.py:188} INFO - [2024-08-09T02:05:34.263+0000] {dag.py:3089} INFO - Sync 1 DAGs
[2024-08-09T02:05:34.381+0000] {logging_mixin.py:188} INFO - [2024-08-09T02:05:34.378+0000] {dag.py:3947} INFO - Setting next_dagrun for latest_only_with_trigger to 2024-08-08 20:00:00+00:00, run_after=2024-08-09 00:00:00+00:00
[2024-08-09T02:05:34.446+0000] {processor.py:183} INFO - Processing /home/airflow/.local/lib/python3.12/site-packages/airflow/example_dags/example_latest_only_with_trigger.py took 0.366 seconds
[2024-08-09T02:06:04.598+0000] {processor.py:161} INFO - Started process (PID=3599) to work on /home/airflow/.local/lib/python3.12/site-packages/airflow/example_dags/example_latest_only_with_trigger.py
[2024-08-09T02:06:04.601+0000] {processor.py:830} INFO - Processing file /home/airflow/.local/lib/python3.12/site-packages/airflow/example_dags/example_latest_only_with_trigger.py for tasks to queue
[2024-08-09T02:06:04.609+0000] {logging_mixin.py:188} INFO - [2024-08-09T02:06:04.608+0000] {dagbag.py:545} INFO - Filling up the DagBag from /home/airflow/.local/lib/python3.12/site-packages/airflow/example_dags/example_latest_only_with_trigger.py
[2024-08-09T02:06:04.632+0000] {processor.py:840} INFO - DAG(s) 'latest_only_with_trigger' retrieved from /home/airflow/.local/lib/python3.12/site-packages/airflow/example_dags/example_latest_only_with_trigger.py
[2024-08-09T02:06:04.698+0000] {logging_mixin.py:188} INFO - [2024-08-09T02:06:04.698+0000] {dag.py:3089} INFO - Sync 1 DAGs
[2024-08-09T02:06:04.761+0000] {logging_mixin.py:188} INFO - [2024-08-09T02:06:04.760+0000] {dag.py:3947} INFO - Setting next_dagrun for latest_only_with_trigger to 2024-08-08 20:00:00+00:00, run_after=2024-08-09 00:00:00+00:00
[2024-08-09T02:06:04.812+0000] {processor.py:183} INFO - Processing /home/airflow/.local/lib/python3.12/site-packages/airflow/example_dags/example_latest_only_with_trigger.py took 0.234 seconds
[2024-08-09T02:06:35.443+0000] {processor.py:161} INFO - Started process (PID=3657) to work on /home/airflow/.local/lib/python3.12/site-packages/airflow/example_dags/example_latest_only_with_trigger.py
[2024-08-09T02:06:35.446+0000] {processor.py:830} INFO - Processing file /home/airflow/.local/lib/python3.12/site-packages/airflow/example_dags/example_latest_only_with_trigger.py for tasks to queue
[2024-08-09T02:06:35.452+0000] {logging_mixin.py:188} INFO - [2024-08-09T02:06:35.451+0000] {dagbag.py:545} INFO - Filling up the DagBag from /home/airflow/.local/lib/python3.12/site-packages/airflow/example_dags/example_latest_only_with_trigger.py
[2024-08-09T02:06:35.469+0000] {processor.py:840} INFO - DAG(s) 'latest_only_with_trigger' retrieved from /home/airflow/.local/lib/python3.12/site-packages/airflow/example_dags/example_latest_only_with_trigger.py
[2024-08-09T02:06:35.532+0000] {logging_mixin.py:188} INFO - [2024-08-09T02:06:35.532+0000] {dag.py:3089} INFO - Sync 1 DAGs
[2024-08-09T02:06:35.585+0000] {logging_mixin.py:188} INFO - [2024-08-09T02:06:35.584+0000] {dag.py:3947} INFO - Setting next_dagrun for latest_only_with_trigger to 2024-08-08 20:00:00+00:00, run_after=2024-08-09 00:00:00+00:00
[2024-08-09T02:06:35.615+0000] {processor.py:183} INFO - Processing /home/airflow/.local/lib/python3.12/site-packages/airflow/example_dags/example_latest_only_with_trigger.py took 0.196 seconds
[2024-08-09T02:07:06.289+0000] {processor.py:161} INFO - Started process (PID=3712) to work on /home/airflow/.local/lib/python3.12/site-packages/airflow/example_dags/example_latest_only_with_trigger.py
[2024-08-09T02:07:06.291+0000] {processor.py:830} INFO - Processing file /home/airflow/.local/lib/python3.12/site-packages/airflow/example_dags/example_latest_only_with_trigger.py for tasks to queue
[2024-08-09T02:07:06.297+0000] {logging_mixin.py:188} INFO - [2024-08-09T02:07:06.296+0000] {dagbag.py:545} INFO - Filling up the DagBag from /home/airflow/.local/lib/python3.12/site-packages/airflow/example_dags/example_latest_only_with_trigger.py
[2024-08-09T02:07:06.310+0000] {processor.py:840} INFO - DAG(s) 'latest_only_with_trigger' retrieved from /home/airflow/.local/lib/python3.12/site-packages/airflow/example_dags/example_latest_only_with_trigger.py
[2024-08-09T02:07:06.358+0000] {logging_mixin.py:188} INFO - [2024-08-09T02:07:06.357+0000] {dag.py:3089} INFO - Sync 1 DAGs
[2024-08-09T02:07:06.392+0000] {logging_mixin.py:188} INFO - [2024-08-09T02:07:06.392+0000] {dag.py:3947} INFO - Setting next_dagrun for latest_only_with_trigger to 2024-08-08 20:00:00+00:00, run_after=2024-08-09 00:00:00+00:00
[2024-08-09T02:07:06.426+0000] {processor.py:183} INFO - Processing /home/airflow/.local/lib/python3.12/site-packages/airflow/example_dags/example_latest_only_with_trigger.py took 0.152 seconds
[2024-08-09T02:07:36.947+0000] {processor.py:161} INFO - Started process (PID=3769) to work on /home/airflow/.local/lib/python3.12/site-packages/airflow/example_dags/example_latest_only_with_trigger.py
[2024-08-09T02:07:36.950+0000] {processor.py:830} INFO - Processing file /home/airflow/.local/lib/python3.12/site-packages/airflow/example_dags/example_latest_only_with_trigger.py for tasks to queue
[2024-08-09T02:07:36.959+0000] {logging_mixin.py:188} INFO - [2024-08-09T02:07:36.958+0000] {dagbag.py:545} INFO - Filling up the DagBag from /home/airflow/.local/lib/python3.12/site-packages/airflow/example_dags/example_latest_only_with_trigger.py
[2024-08-09T02:07:36.994+0000] {processor.py:840} INFO - DAG(s) 'latest_only_with_trigger' retrieved from /home/airflow/.local/lib/python3.12/site-packages/airflow/example_dags/example_latest_only_with_trigger.py
[2024-08-09T02:07:37.123+0000] {logging_mixin.py:188} INFO - [2024-08-09T02:07:37.122+0000] {dag.py:3089} INFO - Sync 1 DAGs
[2024-08-09T02:07:37.195+0000] {logging_mixin.py:188} INFO - [2024-08-09T02:07:37.195+0000] {dag.py:3947} INFO - Setting next_dagrun for latest_only_with_trigger to 2024-08-08 20:00:00+00:00, run_after=2024-08-09 00:00:00+00:00
[2024-08-09T02:07:37.232+0000] {processor.py:183} INFO - Processing /home/airflow/.local/lib/python3.12/site-packages/airflow/example_dags/example_latest_only_with_trigger.py took 0.319 seconds
[2024-08-09T02:08:07.342+0000] {processor.py:161} INFO - Started process (PID=3827) to work on /home/airflow/.local/lib/python3.12/site-packages/airflow/example_dags/example_latest_only_with_trigger.py
[2024-08-09T02:08:07.344+0000] {processor.py:830} INFO - Processing file /home/airflow/.local/lib/python3.12/site-packages/airflow/example_dags/example_latest_only_with_trigger.py for tasks to queue
[2024-08-09T02:08:07.348+0000] {logging_mixin.py:188} INFO - [2024-08-09T02:08:07.348+0000] {dagbag.py:545} INFO - Filling up the DagBag from /home/airflow/.local/lib/python3.12/site-packages/airflow/example_dags/example_latest_only_with_trigger.py
[2024-08-09T02:08:07.364+0000] {processor.py:840} INFO - DAG(s) 'latest_only_with_trigger' retrieved from /home/airflow/.local/lib/python3.12/site-packages/airflow/example_dags/example_latest_only_with_trigger.py
[2024-08-09T02:08:07.425+0000] {logging_mixin.py:188} INFO - [2024-08-09T02:08:07.425+0000] {dag.py:3089} INFO - Sync 1 DAGs
[2024-08-09T02:08:07.473+0000] {logging_mixin.py:188} INFO - [2024-08-09T02:08:07.473+0000] {dag.py:3947} INFO - Setting next_dagrun for latest_only_with_trigger to 2024-08-08 20:00:00+00:00, run_after=2024-08-09 00:00:00+00:00
[2024-08-09T02:08:07.518+0000] {processor.py:183} INFO - Processing /home/airflow/.local/lib/python3.12/site-packages/airflow/example_dags/example_latest_only_with_trigger.py took 0.192 seconds
[2024-08-09T02:08:38.150+0000] {processor.py:161} INFO - Started process (PID=3885) to work on /home/airflow/.local/lib/python3.12/site-packages/airflow/example_dags/example_latest_only_with_trigger.py
[2024-08-09T02:08:38.153+0000] {processor.py:830} INFO - Processing file /home/airflow/.local/lib/python3.12/site-packages/airflow/example_dags/example_latest_only_with_trigger.py for tasks to queue
[2024-08-09T02:08:38.159+0000] {logging_mixin.py:188} INFO - [2024-08-09T02:08:38.158+0000] {dagbag.py:545} INFO - Filling up the DagBag from /home/airflow/.local/lib/python3.12/site-packages/airflow/example_dags/example_latest_only_with_trigger.py
[2024-08-09T02:08:38.179+0000] {processor.py:840} INFO - DAG(s) 'latest_only_with_trigger' retrieved from /home/airflow/.local/lib/python3.12/site-packages/airflow/example_dags/example_latest_only_with_trigger.py
[2024-08-09T02:08:38.239+0000] {logging_mixin.py:188} INFO - [2024-08-09T02:08:38.238+0000] {dag.py:3089} INFO - Sync 1 DAGs
[2024-08-09T02:08:38.288+0000] {logging_mixin.py:188} INFO - [2024-08-09T02:08:38.288+0000] {dag.py:3947} INFO - Setting next_dagrun for latest_only_with_trigger to 2024-08-08 20:00:00+00:00, run_after=2024-08-09 00:00:00+00:00
[2024-08-09T02:08:38.346+0000] {processor.py:183} INFO - Processing /home/airflow/.local/lib/python3.12/site-packages/airflow/example_dags/example_latest_only_with_trigger.py took 0.213 seconds
[2024-08-09T02:09:08.533+0000] {processor.py:161} INFO - Started process (PID=3943) to work on /home/airflow/.local/lib/python3.12/site-packages/airflow/example_dags/example_latest_only_with_trigger.py
[2024-08-09T02:09:08.535+0000] {processor.py:830} INFO - Processing file /home/airflow/.local/lib/python3.12/site-packages/airflow/example_dags/example_latest_only_with_trigger.py for tasks to queue
[2024-08-09T02:09:08.539+0000] {logging_mixin.py:188} INFO - [2024-08-09T02:09:08.539+0000] {dagbag.py:545} INFO - Filling up the DagBag from /home/airflow/.local/lib/python3.12/site-packages/airflow/example_dags/example_latest_only_with_trigger.py
[2024-08-09T02:09:08.551+0000] {processor.py:840} INFO - DAG(s) 'latest_only_with_trigger' retrieved from /home/airflow/.local/lib/python3.12/site-packages/airflow/example_dags/example_latest_only_with_trigger.py
[2024-08-09T02:09:08.601+0000] {logging_mixin.py:188} INFO - [2024-08-09T02:09:08.601+0000] {dag.py:3089} INFO - Sync 1 DAGs
[2024-08-09T02:09:08.643+0000] {logging_mixin.py:188} INFO - [2024-08-09T02:09:08.643+0000] {dag.py:3947} INFO - Setting next_dagrun for latest_only_with_trigger to 2024-08-08 20:00:00+00:00, run_after=2024-08-09 00:00:00+00:00
[2024-08-09T02:09:08.678+0000] {processor.py:183} INFO - Processing /home/airflow/.local/lib/python3.12/site-packages/airflow/example_dags/example_latest_only_with_trigger.py took 0.160 seconds
[2024-08-09T02:09:39.491+0000] {processor.py:161} INFO - Started process (PID=4001) to work on /home/airflow/.local/lib/python3.12/site-packages/airflow/example_dags/example_latest_only_with_trigger.py
[2024-08-09T02:09:39.497+0000] {processor.py:830} INFO - Processing file /home/airflow/.local/lib/python3.12/site-packages/airflow/example_dags/example_latest_only_with_trigger.py for tasks to queue
[2024-08-09T02:09:39.510+0000] {logging_mixin.py:188} INFO - [2024-08-09T02:09:39.508+0000] {dagbag.py:545} INFO - Filling up the DagBag from /home/airflow/.local/lib/python3.12/site-packages/airflow/example_dags/example_latest_only_with_trigger.py
[2024-08-09T02:09:39.553+0000] {processor.py:840} INFO - DAG(s) 'latest_only_with_trigger' retrieved from /home/airflow/.local/lib/python3.12/site-packages/airflow/example_dags/example_latest_only_with_trigger.py
[2024-08-09T02:09:39.683+0000] {logging_mixin.py:188} INFO - [2024-08-09T02:09:39.682+0000] {dag.py:3089} INFO - Sync 1 DAGs
[2024-08-09T02:09:39.750+0000] {logging_mixin.py:188} INFO - [2024-08-09T02:09:39.749+0000] {dag.py:3947} INFO - Setting next_dagrun for latest_only_with_trigger to 2024-08-08 20:00:00+00:00, run_after=2024-08-09 00:00:00+00:00
[2024-08-09T02:09:39.800+0000] {processor.py:183} INFO - Processing /home/airflow/.local/lib/python3.12/site-packages/airflow/example_dags/example_latest_only_with_trigger.py took 0.342 seconds
[2024-08-09T02:10:09.918+0000] {processor.py:161} INFO - Started process (PID=4059) to work on /home/airflow/.local/lib/python3.12/site-packages/airflow/example_dags/example_latest_only_with_trigger.py
[2024-08-09T02:10:09.920+0000] {processor.py:830} INFO - Processing file /home/airflow/.local/lib/python3.12/site-packages/airflow/example_dags/example_latest_only_with_trigger.py for tasks to queue
[2024-08-09T02:10:09.924+0000] {logging_mixin.py:188} INFO - [2024-08-09T02:10:09.924+0000] {dagbag.py:545} INFO - Filling up the DagBag from /home/airflow/.local/lib/python3.12/site-packages/airflow/example_dags/example_latest_only_with_trigger.py
[2024-08-09T02:10:09.939+0000] {processor.py:840} INFO - DAG(s) 'latest_only_with_trigger' retrieved from /home/airflow/.local/lib/python3.12/site-packages/airflow/example_dags/example_latest_only_with_trigger.py
[2024-08-09T02:10:10.056+0000] {logging_mixin.py:188} INFO - [2024-08-09T02:10:10.055+0000] {dag.py:3089} INFO - Sync 1 DAGs
[2024-08-09T02:10:10.197+0000] {logging_mixin.py:188} INFO - [2024-08-09T02:10:10.196+0000] {dag.py:3947} INFO - Setting next_dagrun for latest_only_with_trigger to 2024-08-08 20:00:00+00:00, run_after=2024-08-09 00:00:00+00:00
[2024-08-09T02:10:10.313+0000] {processor.py:183} INFO - Processing /home/airflow/.local/lib/python3.12/site-packages/airflow/example_dags/example_latest_only_with_trigger.py took 0.411 seconds
[2024-08-09T02:10:41.148+0000] {processor.py:161} INFO - Started process (PID=4116) to work on /home/airflow/.local/lib/python3.12/site-packages/airflow/example_dags/example_latest_only_with_trigger.py
[2024-08-09T02:10:41.154+0000] {processor.py:830} INFO - Processing file /home/airflow/.local/lib/python3.12/site-packages/airflow/example_dags/example_latest_only_with_trigger.py for tasks to queue
[2024-08-09T02:10:41.181+0000] {logging_mixin.py:188} INFO - [2024-08-09T02:10:41.180+0000] {dagbag.py:545} INFO - Filling up the DagBag from /home/airflow/.local/lib/python3.12/site-packages/airflow/example_dags/example_latest_only_with_trigger.py
[2024-08-09T02:10:41.217+0000] {processor.py:840} INFO - DAG(s) 'latest_only_with_trigger' retrieved from /home/airflow/.local/lib/python3.12/site-packages/airflow/example_dags/example_latest_only_with_trigger.py
[2024-08-09T02:10:41.338+0000] {logging_mixin.py:188} INFO - [2024-08-09T02:10:41.337+0000] {dag.py:3089} INFO - Sync 1 DAGs
[2024-08-09T02:10:41.473+0000] {logging_mixin.py:188} INFO - [2024-08-09T02:10:41.473+0000] {dag.py:3947} INFO - Setting next_dagrun for latest_only_with_trigger to 2024-08-08 20:00:00+00:00, run_after=2024-08-09 00:00:00+00:00
[2024-08-09T02:10:41.578+0000] {processor.py:183} INFO - Processing /home/airflow/.local/lib/python3.12/site-packages/airflow/example_dags/example_latest_only_with_trigger.py took 0.456 seconds
[2024-08-09T02:11:11.851+0000] {processor.py:161} INFO - Started process (PID=4174) to work on /home/airflow/.local/lib/python3.12/site-packages/airflow/example_dags/example_latest_only_with_trigger.py
[2024-08-09T02:11:11.853+0000] {processor.py:830} INFO - Processing file /home/airflow/.local/lib/python3.12/site-packages/airflow/example_dags/example_latest_only_with_trigger.py for tasks to queue
[2024-08-09T02:11:11.859+0000] {logging_mixin.py:188} INFO - [2024-08-09T02:11:11.857+0000] {dagbag.py:545} INFO - Filling up the DagBag from /home/airflow/.local/lib/python3.12/site-packages/airflow/example_dags/example_latest_only_with_trigger.py
[2024-08-09T02:11:11.875+0000] {processor.py:840} INFO - DAG(s) 'latest_only_with_trigger' retrieved from /home/airflow/.local/lib/python3.12/site-packages/airflow/example_dags/example_latest_only_with_trigger.py
[2024-08-09T02:11:11.951+0000] {logging_mixin.py:188} INFO - [2024-08-09T02:11:11.950+0000] {dag.py:3089} INFO - Sync 1 DAGs
[2024-08-09T02:11:12.040+0000] {logging_mixin.py:188} INFO - [2024-08-09T02:11:12.039+0000] {dag.py:3947} INFO - Setting next_dagrun for latest_only_with_trigger to 2024-08-08 20:00:00+00:00, run_after=2024-08-09 00:00:00+00:00
[2024-08-09T02:11:12.113+0000] {processor.py:183} INFO - Processing /home/airflow/.local/lib/python3.12/site-packages/airflow/example_dags/example_latest_only_with_trigger.py took 0.281 seconds
[2024-08-09T02:11:42.811+0000] {processor.py:161} INFO - Started process (PID=4232) to work on /home/airflow/.local/lib/python3.12/site-packages/airflow/example_dags/example_latest_only_with_trigger.py
[2024-08-09T02:11:42.814+0000] {processor.py:830} INFO - Processing file /home/airflow/.local/lib/python3.12/site-packages/airflow/example_dags/example_latest_only_with_trigger.py for tasks to queue
[2024-08-09T02:11:42.823+0000] {logging_mixin.py:188} INFO - [2024-08-09T02:11:42.821+0000] {dagbag.py:545} INFO - Filling up the DagBag from /home/airflow/.local/lib/python3.12/site-packages/airflow/example_dags/example_latest_only_with_trigger.py
[2024-08-09T02:11:42.841+0000] {processor.py:840} INFO - DAG(s) 'latest_only_with_trigger' retrieved from /home/airflow/.local/lib/python3.12/site-packages/airflow/example_dags/example_latest_only_with_trigger.py
[2024-08-09T02:11:42.988+0000] {logging_mixin.py:188} INFO - [2024-08-09T02:11:42.986+0000] {dag.py:3089} INFO - Sync 1 DAGs
[2024-08-09T02:11:43.053+0000] {logging_mixin.py:188} INFO - [2024-08-09T02:11:43.052+0000] {dag.py:3947} INFO - Setting next_dagrun for latest_only_with_trigger to 2024-08-08 20:00:00+00:00, run_after=2024-08-09 00:00:00+00:00
[2024-08-09T02:11:43.142+0000] {processor.py:183} INFO - Processing /home/airflow/.local/lib/python3.12/site-packages/airflow/example_dags/example_latest_only_with_trigger.py took 0.368 seconds
[2024-08-09T02:12:13.326+0000] {processor.py:161} INFO - Started process (PID=4290) to work on /home/airflow/.local/lib/python3.12/site-packages/airflow/example_dags/example_latest_only_with_trigger.py
[2024-08-09T02:12:13.329+0000] {processor.py:830} INFO - Processing file /home/airflow/.local/lib/python3.12/site-packages/airflow/example_dags/example_latest_only_with_trigger.py for tasks to queue
[2024-08-09T02:12:13.333+0000] {logging_mixin.py:188} INFO - [2024-08-09T02:12:13.332+0000] {dagbag.py:545} INFO - Filling up the DagBag from /home/airflow/.local/lib/python3.12/site-packages/airflow/example_dags/example_latest_only_with_trigger.py
[2024-08-09T02:12:13.348+0000] {processor.py:840} INFO - DAG(s) 'latest_only_with_trigger' retrieved from /home/airflow/.local/lib/python3.12/site-packages/airflow/example_dags/example_latest_only_with_trigger.py
[2024-08-09T02:12:13.413+0000] {logging_mixin.py:188} INFO - [2024-08-09T02:12:13.413+0000] {dag.py:3089} INFO - Sync 1 DAGs
[2024-08-09T02:12:13.465+0000] {logging_mixin.py:188} INFO - [2024-08-09T02:12:13.464+0000] {dag.py:3947} INFO - Setting next_dagrun for latest_only_with_trigger to 2024-08-08 20:00:00+00:00, run_after=2024-08-09 00:00:00+00:00
[2024-08-09T02:12:13.508+0000] {processor.py:183} INFO - Processing /home/airflow/.local/lib/python3.12/site-packages/airflow/example_dags/example_latest_only_with_trigger.py took 0.199 seconds
[2024-08-09T02:12:43.978+0000] {processor.py:161} INFO - Started process (PID=4348) to work on /home/airflow/.local/lib/python3.12/site-packages/airflow/example_dags/example_latest_only_with_trigger.py
[2024-08-09T02:12:43.980+0000] {processor.py:830} INFO - Processing file /home/airflow/.local/lib/python3.12/site-packages/airflow/example_dags/example_latest_only_with_trigger.py for tasks to queue
[2024-08-09T02:12:43.985+0000] {logging_mixin.py:188} INFO - [2024-08-09T02:12:43.984+0000] {dagbag.py:545} INFO - Filling up the DagBag from /home/airflow/.local/lib/python3.12/site-packages/airflow/example_dags/example_latest_only_with_trigger.py
[2024-08-09T02:12:44.006+0000] {processor.py:840} INFO - DAG(s) 'latest_only_with_trigger' retrieved from /home/airflow/.local/lib/python3.12/site-packages/airflow/example_dags/example_latest_only_with_trigger.py
[2024-08-09T02:12:44.084+0000] {logging_mixin.py:188} INFO - [2024-08-09T02:12:44.083+0000] {dag.py:3089} INFO - Sync 1 DAGs
[2024-08-09T02:12:44.158+0000] {logging_mixin.py:188} INFO - [2024-08-09T02:12:44.157+0000] {dag.py:3947} INFO - Setting next_dagrun for latest_only_with_trigger to 2024-08-08 20:00:00+00:00, run_after=2024-08-09 00:00:00+00:00
[2024-08-09T02:12:44.225+0000] {processor.py:183} INFO - Processing /home/airflow/.local/lib/python3.12/site-packages/airflow/example_dags/example_latest_only_with_trigger.py took 0.267 seconds
[2024-08-09T02:13:15.048+0000] {processor.py:161} INFO - Started process (PID=4405) to work on /home/airflow/.local/lib/python3.12/site-packages/airflow/example_dags/example_latest_only_with_trigger.py
[2024-08-09T02:13:15.050+0000] {processor.py:830} INFO - Processing file /home/airflow/.local/lib/python3.12/site-packages/airflow/example_dags/example_latest_only_with_trigger.py for tasks to queue
[2024-08-09T02:13:15.054+0000] {logging_mixin.py:188} INFO - [2024-08-09T02:13:15.054+0000] {dagbag.py:545} INFO - Filling up the DagBag from /home/airflow/.local/lib/python3.12/site-packages/airflow/example_dags/example_latest_only_with_trigger.py
[2024-08-09T02:13:15.075+0000] {processor.py:840} INFO - DAG(s) 'latest_only_with_trigger' retrieved from /home/airflow/.local/lib/python3.12/site-packages/airflow/example_dags/example_latest_only_with_trigger.py
[2024-08-09T02:13:15.134+0000] {logging_mixin.py:188} INFO - [2024-08-09T02:13:15.133+0000] {dag.py:3089} INFO - Sync 1 DAGs
[2024-08-09T02:13:15.179+0000] {logging_mixin.py:188} INFO - [2024-08-09T02:13:15.179+0000] {dag.py:3947} INFO - Setting next_dagrun for latest_only_with_trigger to 2024-08-08 20:00:00+00:00, run_after=2024-08-09 00:00:00+00:00
[2024-08-09T02:13:15.226+0000] {processor.py:183} INFO - Processing /home/airflow/.local/lib/python3.12/site-packages/airflow/example_dags/example_latest_only_with_trigger.py took 0.204 seconds
[2024-08-09T02:13:46.227+0000] {processor.py:161} INFO - Started process (PID=4463) to work on /home/airflow/.local/lib/python3.12/site-packages/airflow/example_dags/example_latest_only_with_trigger.py
[2024-08-09T02:13:46.234+0000] {processor.py:830} INFO - Processing file /home/airflow/.local/lib/python3.12/site-packages/airflow/example_dags/example_latest_only_with_trigger.py for tasks to queue
[2024-08-09T02:13:46.251+0000] {logging_mixin.py:188} INFO - [2024-08-09T02:13:46.245+0000] {dagbag.py:545} INFO - Filling up the DagBag from /home/airflow/.local/lib/python3.12/site-packages/airflow/example_dags/example_latest_only_with_trigger.py
[2024-08-09T02:13:46.282+0000] {processor.py:840} INFO - DAG(s) 'latest_only_with_trigger' retrieved from /home/airflow/.local/lib/python3.12/site-packages/airflow/example_dags/example_latest_only_with_trigger.py
[2024-08-09T02:13:46.383+0000] {logging_mixin.py:188} INFO - [2024-08-09T02:13:46.381+0000] {dag.py:3089} INFO - Sync 1 DAGs
[2024-08-09T02:13:46.446+0000] {logging_mixin.py:188} INFO - [2024-08-09T02:13:46.446+0000] {dag.py:3947} INFO - Setting next_dagrun for latest_only_with_trigger to 2024-08-08 20:00:00+00:00, run_after=2024-08-09 00:00:00+00:00
[2024-08-09T02:13:46.512+0000] {processor.py:183} INFO - Processing /home/airflow/.local/lib/python3.12/site-packages/airflow/example_dags/example_latest_only_with_trigger.py took 0.319 seconds
[2024-08-09T02:14:16.922+0000] {processor.py:161} INFO - Started process (PID=4521) to work on /home/airflow/.local/lib/python3.12/site-packages/airflow/example_dags/example_latest_only_with_trigger.py
[2024-08-09T02:14:16.925+0000] {processor.py:830} INFO - Processing file /home/airflow/.local/lib/python3.12/site-packages/airflow/example_dags/example_latest_only_with_trigger.py for tasks to queue
[2024-08-09T02:14:16.930+0000] {logging_mixin.py:188} INFO - [2024-08-09T02:14:16.929+0000] {dagbag.py:545} INFO - Filling up the DagBag from /home/airflow/.local/lib/python3.12/site-packages/airflow/example_dags/example_latest_only_with_trigger.py
[2024-08-09T02:14:16.952+0000] {processor.py:840} INFO - DAG(s) 'latest_only_with_trigger' retrieved from /home/airflow/.local/lib/python3.12/site-packages/airflow/example_dags/example_latest_only_with_trigger.py
[2024-08-09T02:14:17.024+0000] {logging_mixin.py:188} INFO - [2024-08-09T02:14:17.024+0000] {dag.py:3089} INFO - Sync 1 DAGs
[2024-08-09T02:14:17.087+0000] {logging_mixin.py:188} INFO - [2024-08-09T02:14:17.087+0000] {dag.py:3947} INFO - Setting next_dagrun for latest_only_with_trigger to 2024-08-08 20:00:00+00:00, run_after=2024-08-09 00:00:00+00:00
[2024-08-09T02:14:17.131+0000] {processor.py:183} INFO - Processing /home/airflow/.local/lib/python3.12/site-packages/airflow/example_dags/example_latest_only_with_trigger.py took 0.231 seconds
[2024-08-09T02:14:47.581+0000] {processor.py:161} INFO - Started process (PID=4579) to work on /home/airflow/.local/lib/python3.12/site-packages/airflow/example_dags/example_latest_only_with_trigger.py
[2024-08-09T02:14:47.585+0000] {processor.py:830} INFO - Processing file /home/airflow/.local/lib/python3.12/site-packages/airflow/example_dags/example_latest_only_with_trigger.py for tasks to queue
[2024-08-09T02:14:47.596+0000] {logging_mixin.py:188} INFO - [2024-08-09T02:14:47.595+0000] {dagbag.py:545} INFO - Filling up the DagBag from /home/airflow/.local/lib/python3.12/site-packages/airflow/example_dags/example_latest_only_with_trigger.py
[2024-08-09T02:14:47.631+0000] {processor.py:840} INFO - DAG(s) 'latest_only_with_trigger' retrieved from /home/airflow/.local/lib/python3.12/site-packages/airflow/example_dags/example_latest_only_with_trigger.py
[2024-08-09T02:14:47.792+0000] {logging_mixin.py:188} INFO - [2024-08-09T02:14:47.790+0000] {dag.py:3089} INFO - Sync 1 DAGs
[2024-08-09T02:14:47.860+0000] {logging_mixin.py:188} INFO - [2024-08-09T02:14:47.860+0000] {dag.py:3947} INFO - Setting next_dagrun for latest_only_with_trigger to 2024-08-08 20:00:00+00:00, run_after=2024-08-09 00:00:00+00:00
[2024-08-09T02:14:47.942+0000] {processor.py:183} INFO - Processing /home/airflow/.local/lib/python3.12/site-packages/airflow/example_dags/example_latest_only_with_trigger.py took 0.399 seconds
[2024-08-09T02:15:18.342+0000] {processor.py:161} INFO - Started process (PID=4637) to work on /home/airflow/.local/lib/python3.12/site-packages/airflow/example_dags/example_latest_only_with_trigger.py
[2024-08-09T02:15:18.344+0000] {processor.py:830} INFO - Processing file /home/airflow/.local/lib/python3.12/site-packages/airflow/example_dags/example_latest_only_with_trigger.py for tasks to queue
[2024-08-09T02:15:18.350+0000] {logging_mixin.py:188} INFO - [2024-08-09T02:15:18.348+0000] {dagbag.py:545} INFO - Filling up the DagBag from /home/airflow/.local/lib/python3.12/site-packages/airflow/example_dags/example_latest_only_with_trigger.py
[2024-08-09T02:15:18.366+0000] {processor.py:840} INFO - DAG(s) 'latest_only_with_trigger' retrieved from /home/airflow/.local/lib/python3.12/site-packages/airflow/example_dags/example_latest_only_with_trigger.py
[2024-08-09T02:15:18.420+0000] {logging_mixin.py:188} INFO - [2024-08-09T02:15:18.420+0000] {dag.py:3089} INFO - Sync 1 DAGs
[2024-08-09T02:15:18.467+0000] {logging_mixin.py:188} INFO - [2024-08-09T02:15:18.467+0000] {dag.py:3947} INFO - Setting next_dagrun for latest_only_with_trigger to 2024-08-08 20:00:00+00:00, run_after=2024-08-09 00:00:00+00:00
[2024-08-09T02:15:18.510+0000] {processor.py:183} INFO - Processing /home/airflow/.local/lib/python3.12/site-packages/airflow/example_dags/example_latest_only_with_trigger.py took 0.186 seconds
[2024-08-09T02:15:49.158+0000] {processor.py:161} INFO - Started process (PID=4695) to work on /home/airflow/.local/lib/python3.12/site-packages/airflow/example_dags/example_latest_only_with_trigger.py
[2024-08-09T02:15:49.161+0000] {processor.py:830} INFO - Processing file /home/airflow/.local/lib/python3.12/site-packages/airflow/example_dags/example_latest_only_with_trigger.py for tasks to queue
[2024-08-09T02:15:49.168+0000] {logging_mixin.py:188} INFO - [2024-08-09T02:15:49.167+0000] {dagbag.py:545} INFO - Filling up the DagBag from /home/airflow/.local/lib/python3.12/site-packages/airflow/example_dags/example_latest_only_with_trigger.py
[2024-08-09T02:15:49.188+0000] {processor.py:840} INFO - DAG(s) 'latest_only_with_trigger' retrieved from /home/airflow/.local/lib/python3.12/site-packages/airflow/example_dags/example_latest_only_with_trigger.py
[2024-08-09T02:15:49.258+0000] {logging_mixin.py:188} INFO - [2024-08-09T02:15:49.258+0000] {dag.py:3089} INFO - Sync 1 DAGs
[2024-08-09T02:15:49.305+0000] {logging_mixin.py:188} INFO - [2024-08-09T02:15:49.305+0000] {dag.py:3947} INFO - Setting next_dagrun for latest_only_with_trigger to 2024-08-08 20:00:00+00:00, run_after=2024-08-09 00:00:00+00:00
[2024-08-09T02:15:49.346+0000] {processor.py:183} INFO - Processing /home/airflow/.local/lib/python3.12/site-packages/airflow/example_dags/example_latest_only_with_trigger.py took 0.205 seconds
