[2024-08-09T01:42:34.747+0000] {processor.py:161} INFO - Started process (PID=1010) to work on /home/airflow/.local/lib/python3.12/site-packages/airflow/example_dags/example_python_decorator.py
[2024-08-09T01:42:34.751+0000] {processor.py:830} INFO - Processing file /home/airflow/.local/lib/python3.12/site-packages/airflow/example_dags/example_python_decorator.py for tasks to queue
[2024-08-09T01:42:34.757+0000] {logging_mixin.py:188} INFO - [2024-08-09T01:42:34.756+0000] {dagbag.py:545} INFO - Filling up the DagBag from /home/airflow/.local/lib/python3.12/site-packages/airflow/example_dags/example_python_decorator.py
[2024-08-09T01:42:34.803+0000] {processor.py:840} INFO - DAG(s) 'example_python_decorator' retrieved from /home/airflow/.local/lib/python3.12/site-packages/airflow/example_dags/example_python_decorator.py
[2024-08-09T01:42:34.878+0000] {logging_mixin.py:188} INFO - [2024-08-09T01:42:34.877+0000] {dag.py:3089} INFO - Sync 1 DAGs
[2024-08-09T01:42:34.907+0000] {logging_mixin.py:188} INFO - [2024-08-09T01:42:34.907+0000] {dag.py:3947} INFO - Setting next_dagrun for example_python_decorator to None, run_after=None
[2024-08-09T01:42:34.950+0000] {processor.py:183} INFO - Processing /home/airflow/.local/lib/python3.12/site-packages/airflow/example_dags/example_python_decorator.py took 0.225 seconds
[2024-08-09T01:43:05.227+0000] {processor.py:161} INFO - Started process (PID=1069) to work on /home/airflow/.local/lib/python3.12/site-packages/airflow/example_dags/example_python_decorator.py
[2024-08-09T01:43:05.230+0000] {processor.py:830} INFO - Processing file /home/airflow/.local/lib/python3.12/site-packages/airflow/example_dags/example_python_decorator.py for tasks to queue
[2024-08-09T01:43:05.235+0000] {logging_mixin.py:188} INFO - [2024-08-09T01:43:05.235+0000] {dagbag.py:545} INFO - Filling up the DagBag from /home/airflow/.local/lib/python3.12/site-packages/airflow/example_dags/example_python_decorator.py
[2024-08-09T01:43:05.268+0000] {processor.py:840} INFO - DAG(s) 'example_python_decorator' retrieved from /home/airflow/.local/lib/python3.12/site-packages/airflow/example_dags/example_python_decorator.py
[2024-08-09T01:43:05.336+0000] {logging_mixin.py:188} INFO - [2024-08-09T01:43:05.335+0000] {dag.py:3089} INFO - Sync 1 DAGs
[2024-08-09T01:43:05.367+0000] {logging_mixin.py:188} INFO - [2024-08-09T01:43:05.367+0000] {dag.py:3947} INFO - Setting next_dagrun for example_python_decorator to None, run_after=None
[2024-08-09T01:43:05.407+0000] {processor.py:183} INFO - Processing /home/airflow/.local/lib/python3.12/site-packages/airflow/example_dags/example_python_decorator.py took 0.199 seconds
[2024-08-09T01:43:37.528+0000] {processor.py:161} INFO - Started process (PID=1127) to work on /home/airflow/.local/lib/python3.12/site-packages/airflow/example_dags/example_python_decorator.py
[2024-08-09T01:43:37.531+0000] {processor.py:830} INFO - Processing file /home/airflow/.local/lib/python3.12/site-packages/airflow/example_dags/example_python_decorator.py for tasks to queue
[2024-08-09T01:43:37.538+0000] {logging_mixin.py:188} INFO - [2024-08-09T01:43:37.536+0000] {dagbag.py:545} INFO - Filling up the DagBag from /home/airflow/.local/lib/python3.12/site-packages/airflow/example_dags/example_python_decorator.py
[2024-08-09T01:43:37.589+0000] {processor.py:840} INFO - DAG(s) 'example_python_decorator' retrieved from /home/airflow/.local/lib/python3.12/site-packages/airflow/example_dags/example_python_decorator.py
[2024-08-09T01:43:37.707+0000] {logging_mixin.py:188} INFO - [2024-08-09T01:43:37.707+0000] {dag.py:3089} INFO - Sync 1 DAGs
[2024-08-09T01:43:37.750+0000] {logging_mixin.py:188} INFO - [2024-08-09T01:43:37.750+0000] {dag.py:3947} INFO - Setting next_dagrun for example_python_decorator to None, run_after=None
[2024-08-09T01:43:37.797+0000] {processor.py:183} INFO - Processing /home/airflow/.local/lib/python3.12/site-packages/airflow/example_dags/example_python_decorator.py took 0.298 seconds
[2024-08-09T01:44:10.508+0000] {processor.py:161} INFO - Started process (PID=1185) to work on /home/airflow/.local/lib/python3.12/site-packages/airflow/example_dags/example_python_decorator.py
[2024-08-09T01:44:10.511+0000] {processor.py:830} INFO - Processing file /home/airflow/.local/lib/python3.12/site-packages/airflow/example_dags/example_python_decorator.py for tasks to queue
[2024-08-09T01:44:10.547+0000] {logging_mixin.py:188} INFO - [2024-08-09T01:44:10.531+0000] {dagbag.py:545} INFO - Filling up the DagBag from /home/airflow/.local/lib/python3.12/site-packages/airflow/example_dags/example_python_decorator.py
[2024-08-09T01:44:10.639+0000] {processor.py:840} INFO - DAG(s) 'example_python_decorator' retrieved from /home/airflow/.local/lib/python3.12/site-packages/airflow/example_dags/example_python_decorator.py
[2024-08-09T01:44:10.835+0000] {logging_mixin.py:188} INFO - [2024-08-09T01:44:10.834+0000] {dag.py:3089} INFO - Sync 1 DAGs
[2024-08-09T01:44:10.876+0000] {logging_mixin.py:188} INFO - [2024-08-09T01:44:10.876+0000] {dag.py:3947} INFO - Setting next_dagrun for example_python_decorator to None, run_after=None
[2024-08-09T01:44:10.937+0000] {processor.py:183} INFO - Processing /home/airflow/.local/lib/python3.12/site-packages/airflow/example_dags/example_python_decorator.py took 0.457 seconds
[2024-08-09T01:44:41.190+0000] {processor.py:161} INFO - Started process (PID=1243) to work on /home/airflow/.local/lib/python3.12/site-packages/airflow/example_dags/example_python_decorator.py
[2024-08-09T01:44:41.194+0000] {processor.py:830} INFO - Processing file /home/airflow/.local/lib/python3.12/site-packages/airflow/example_dags/example_python_decorator.py for tasks to queue
[2024-08-09T01:44:41.200+0000] {logging_mixin.py:188} INFO - [2024-08-09T01:44:41.199+0000] {dagbag.py:545} INFO - Filling up the DagBag from /home/airflow/.local/lib/python3.12/site-packages/airflow/example_dags/example_python_decorator.py
[2024-08-09T01:44:41.240+0000] {processor.py:840} INFO - DAG(s) 'example_python_decorator' retrieved from /home/airflow/.local/lib/python3.12/site-packages/airflow/example_dags/example_python_decorator.py
[2024-08-09T01:44:41.315+0000] {logging_mixin.py:188} INFO - [2024-08-09T01:44:41.314+0000] {dag.py:3089} INFO - Sync 1 DAGs
[2024-08-09T01:44:41.344+0000] {logging_mixin.py:188} INFO - [2024-08-09T01:44:41.343+0000] {dag.py:3947} INFO - Setting next_dagrun for example_python_decorator to None, run_after=None
[2024-08-09T01:44:41.375+0000] {processor.py:183} INFO - Processing /home/airflow/.local/lib/python3.12/site-packages/airflow/example_dags/example_python_decorator.py took 0.202 seconds
[2024-08-09T01:45:11.938+0000] {processor.py:161} INFO - Started process (PID=1301) to work on /home/airflow/.local/lib/python3.12/site-packages/airflow/example_dags/example_python_decorator.py
[2024-08-09T01:45:11.940+0000] {processor.py:830} INFO - Processing file /home/airflow/.local/lib/python3.12/site-packages/airflow/example_dags/example_python_decorator.py for tasks to queue
[2024-08-09T01:45:11.945+0000] {logging_mixin.py:188} INFO - [2024-08-09T01:45:11.944+0000] {dagbag.py:545} INFO - Filling up the DagBag from /home/airflow/.local/lib/python3.12/site-packages/airflow/example_dags/example_python_decorator.py
[2024-08-09T01:45:11.973+0000] {processor.py:840} INFO - DAG(s) 'example_python_decorator' retrieved from /home/airflow/.local/lib/python3.12/site-packages/airflow/example_dags/example_python_decorator.py
[2024-08-09T01:45:12.035+0000] {logging_mixin.py:188} INFO - [2024-08-09T01:45:12.034+0000] {dag.py:3089} INFO - Sync 1 DAGs
[2024-08-09T01:45:12.063+0000] {logging_mixin.py:188} INFO - [2024-08-09T01:45:12.063+0000] {dag.py:3947} INFO - Setting next_dagrun for example_python_decorator to None, run_after=None
[2024-08-09T01:45:12.099+0000] {processor.py:183} INFO - Processing /home/airflow/.local/lib/python3.12/site-packages/airflow/example_dags/example_python_decorator.py took 0.176 seconds
[2024-08-09T01:45:42.606+0000] {processor.py:161} INFO - Started process (PID=1358) to work on /home/airflow/.local/lib/python3.12/site-packages/airflow/example_dags/example_python_decorator.py
[2024-08-09T01:45:42.609+0000] {processor.py:830} INFO - Processing file /home/airflow/.local/lib/python3.12/site-packages/airflow/example_dags/example_python_decorator.py for tasks to queue
[2024-08-09T01:45:42.614+0000] {logging_mixin.py:188} INFO - [2024-08-09T01:45:42.613+0000] {dagbag.py:545} INFO - Filling up the DagBag from /home/airflow/.local/lib/python3.12/site-packages/airflow/example_dags/example_python_decorator.py
[2024-08-09T01:45:42.648+0000] {processor.py:840} INFO - DAG(s) 'example_python_decorator' retrieved from /home/airflow/.local/lib/python3.12/site-packages/airflow/example_dags/example_python_decorator.py
[2024-08-09T01:45:42.702+0000] {logging_mixin.py:188} INFO - [2024-08-09T01:45:42.702+0000] {dag.py:3089} INFO - Sync 1 DAGs
[2024-08-09T01:45:42.729+0000] {logging_mixin.py:188} INFO - [2024-08-09T01:45:42.729+0000] {dag.py:3947} INFO - Setting next_dagrun for example_python_decorator to None, run_after=None
[2024-08-09T01:45:42.763+0000] {processor.py:183} INFO - Processing /home/airflow/.local/lib/python3.12/site-packages/airflow/example_dags/example_python_decorator.py took 0.172 seconds
[2024-08-09T01:46:14.330+0000] {processor.py:161} INFO - Started process (PID=1416) to work on /home/airflow/.local/lib/python3.12/site-packages/airflow/example_dags/example_python_decorator.py
[2024-08-09T01:46:14.334+0000] {processor.py:830} INFO - Processing file /home/airflow/.local/lib/python3.12/site-packages/airflow/example_dags/example_python_decorator.py for tasks to queue
[2024-08-09T01:46:14.341+0000] {logging_mixin.py:188} INFO - [2024-08-09T01:46:14.339+0000] {dagbag.py:545} INFO - Filling up the DagBag from /home/airflow/.local/lib/python3.12/site-packages/airflow/example_dags/example_python_decorator.py
[2024-08-09T01:46:14.378+0000] {processor.py:840} INFO - DAG(s) 'example_python_decorator' retrieved from /home/airflow/.local/lib/python3.12/site-packages/airflow/example_dags/example_python_decorator.py
[2024-08-09T01:46:14.456+0000] {logging_mixin.py:188} INFO - [2024-08-09T01:46:14.455+0000] {dag.py:3089} INFO - Sync 1 DAGs
[2024-08-09T01:46:14.488+0000] {logging_mixin.py:188} INFO - [2024-08-09T01:46:14.487+0000] {dag.py:3947} INFO - Setting next_dagrun for example_python_decorator to None, run_after=None
[2024-08-09T01:46:14.531+0000] {processor.py:183} INFO - Processing /home/airflow/.local/lib/python3.12/site-packages/airflow/example_dags/example_python_decorator.py took 0.220 seconds
[2024-08-09T01:46:44.759+0000] {processor.py:161} INFO - Started process (PID=1473) to work on /home/airflow/.local/lib/python3.12/site-packages/airflow/example_dags/example_python_decorator.py
[2024-08-09T01:46:44.761+0000] {processor.py:830} INFO - Processing file /home/airflow/.local/lib/python3.12/site-packages/airflow/example_dags/example_python_decorator.py for tasks to queue
[2024-08-09T01:46:44.769+0000] {logging_mixin.py:188} INFO - [2024-08-09T01:46:44.768+0000] {dagbag.py:545} INFO - Filling up the DagBag from /home/airflow/.local/lib/python3.12/site-packages/airflow/example_dags/example_python_decorator.py
[2024-08-09T01:46:44.809+0000] {processor.py:840} INFO - DAG(s) 'example_python_decorator' retrieved from /home/airflow/.local/lib/python3.12/site-packages/airflow/example_dags/example_python_decorator.py
[2024-08-09T01:46:44.872+0000] {logging_mixin.py:188} INFO - [2024-08-09T01:46:44.872+0000] {dag.py:3089} INFO - Sync 1 DAGs
[2024-08-09T01:46:44.900+0000] {logging_mixin.py:188} INFO - [2024-08-09T01:46:44.900+0000] {dag.py:3947} INFO - Setting next_dagrun for example_python_decorator to None, run_after=None
[2024-08-09T01:46:44.961+0000] {processor.py:183} INFO - Processing /home/airflow/.local/lib/python3.12/site-packages/airflow/example_dags/example_python_decorator.py took 0.216 seconds
[2024-08-09T01:47:15.577+0000] {processor.py:161} INFO - Started process (PID=1530) to work on /home/airflow/.local/lib/python3.12/site-packages/airflow/example_dags/example_python_decorator.py
[2024-08-09T01:47:15.581+0000] {processor.py:830} INFO - Processing file /home/airflow/.local/lib/python3.12/site-packages/airflow/example_dags/example_python_decorator.py for tasks to queue
[2024-08-09T01:47:15.588+0000] {logging_mixin.py:188} INFO - [2024-08-09T01:47:15.586+0000] {dagbag.py:545} INFO - Filling up the DagBag from /home/airflow/.local/lib/python3.12/site-packages/airflow/example_dags/example_python_decorator.py
[2024-08-09T01:47:15.650+0000] {processor.py:840} INFO - DAG(s) 'example_python_decorator' retrieved from /home/airflow/.local/lib/python3.12/site-packages/airflow/example_dags/example_python_decorator.py
[2024-08-09T01:47:15.721+0000] {logging_mixin.py:188} INFO - [2024-08-09T01:47:15.721+0000] {dag.py:3089} INFO - Sync 1 DAGs
[2024-08-09T01:47:15.764+0000] {logging_mixin.py:188} INFO - [2024-08-09T01:47:15.763+0000] {dag.py:3947} INFO - Setting next_dagrun for example_python_decorator to None, run_after=None
[2024-08-09T01:47:15.817+0000] {processor.py:183} INFO - Processing /home/airflow/.local/lib/python3.12/site-packages/airflow/example_dags/example_python_decorator.py took 0.280 seconds
[2024-08-09T01:47:46.552+0000] {processor.py:161} INFO - Started process (PID=1588) to work on /home/airflow/.local/lib/python3.12/site-packages/airflow/example_dags/example_python_decorator.py
[2024-08-09T01:47:46.557+0000] {processor.py:830} INFO - Processing file /home/airflow/.local/lib/python3.12/site-packages/airflow/example_dags/example_python_decorator.py for tasks to queue
[2024-08-09T01:47:46.567+0000] {logging_mixin.py:188} INFO - [2024-08-09T01:47:46.566+0000] {dagbag.py:545} INFO - Filling up the DagBag from /home/airflow/.local/lib/python3.12/site-packages/airflow/example_dags/example_python_decorator.py
[2024-08-09T01:47:46.617+0000] {processor.py:840} INFO - DAG(s) 'example_python_decorator' retrieved from /home/airflow/.local/lib/python3.12/site-packages/airflow/example_dags/example_python_decorator.py
[2024-08-09T01:47:46.697+0000] {logging_mixin.py:188} INFO - [2024-08-09T01:47:46.696+0000] {dag.py:3089} INFO - Sync 1 DAGs
[2024-08-09T01:47:46.739+0000] {logging_mixin.py:188} INFO - [2024-08-09T01:47:46.739+0000] {dag.py:3947} INFO - Setting next_dagrun for example_python_decorator to None, run_after=None
[2024-08-09T01:47:46.787+0000] {processor.py:183} INFO - Processing /home/airflow/.local/lib/python3.12/site-packages/airflow/example_dags/example_python_decorator.py took 0.314 seconds
[2024-08-09T01:48:18.019+0000] {processor.py:161} INFO - Started process (PID=1652) to work on /home/airflow/.local/lib/python3.12/site-packages/airflow/example_dags/example_python_decorator.py
[2024-08-09T01:48:18.025+0000] {processor.py:830} INFO - Processing file /home/airflow/.local/lib/python3.12/site-packages/airflow/example_dags/example_python_decorator.py for tasks to queue
[2024-08-09T01:48:18.047+0000] {logging_mixin.py:188} INFO - [2024-08-09T01:48:18.046+0000] {dagbag.py:545} INFO - Filling up the DagBag from /home/airflow/.local/lib/python3.12/site-packages/airflow/example_dags/example_python_decorator.py
[2024-08-09T01:48:18.095+0000] {processor.py:840} INFO - DAG(s) 'example_python_decorator' retrieved from /home/airflow/.local/lib/python3.12/site-packages/airflow/example_dags/example_python_decorator.py
[2024-08-09T01:48:18.262+0000] {logging_mixin.py:188} INFO - [2024-08-09T01:48:18.262+0000] {dag.py:3089} INFO - Sync 1 DAGs
[2024-08-09T01:48:18.360+0000] {logging_mixin.py:188} INFO - [2024-08-09T01:48:18.360+0000] {dag.py:3947} INFO - Setting next_dagrun for example_python_decorator to None, run_after=None
[2024-08-09T01:48:18.464+0000] {processor.py:183} INFO - Processing /home/airflow/.local/lib/python3.12/site-packages/airflow/example_dags/example_python_decorator.py took 0.484 seconds
[2024-08-09T01:48:57.520+0000] {processor.py:161} INFO - Started process (PID=1711) to work on /home/airflow/.local/lib/python3.12/site-packages/airflow/example_dags/example_python_decorator.py
[2024-08-09T01:48:57.542+0000] {processor.py:830} INFO - Processing file /home/airflow/.local/lib/python3.12/site-packages/airflow/example_dags/example_python_decorator.py for tasks to queue
[2024-08-09T01:48:57.610+0000] {logging_mixin.py:188} INFO - [2024-08-09T01:48:57.596+0000] {dagbag.py:545} INFO - Filling up the DagBag from /home/airflow/.local/lib/python3.12/site-packages/airflow/example_dags/example_python_decorator.py
[2024-08-09T01:48:57.928+0000] {processor.py:840} INFO - DAG(s) 'example_python_decorator' retrieved from /home/airflow/.local/lib/python3.12/site-packages/airflow/example_dags/example_python_decorator.py
[2024-08-09T01:48:58.286+0000] {logging_mixin.py:188} INFO - [2024-08-09T01:48:58.285+0000] {dag.py:3089} INFO - Sync 1 DAGs
[2024-08-09T01:48:58.513+0000] {logging_mixin.py:188} INFO - [2024-08-09T01:48:58.509+0000] {dag.py:3947} INFO - Setting next_dagrun for example_python_decorator to None, run_after=None
[2024-08-09T01:48:58.849+0000] {processor.py:183} INFO - Processing /home/airflow/.local/lib/python3.12/site-packages/airflow/example_dags/example_python_decorator.py took 1.458 seconds
[2024-08-09T01:49:29.684+0000] {processor.py:161} INFO - Started process (PID=1769) to work on /home/airflow/.local/lib/python3.12/site-packages/airflow/example_dags/example_python_decorator.py
[2024-08-09T01:49:29.690+0000] {processor.py:830} INFO - Processing file /home/airflow/.local/lib/python3.12/site-packages/airflow/example_dags/example_python_decorator.py for tasks to queue
[2024-08-09T01:49:29.706+0000] {logging_mixin.py:188} INFO - [2024-08-09T01:49:29.705+0000] {dagbag.py:545} INFO - Filling up the DagBag from /home/airflow/.local/lib/python3.12/site-packages/airflow/example_dags/example_python_decorator.py
[2024-08-09T01:49:29.804+0000] {processor.py:840} INFO - DAG(s) 'example_python_decorator' retrieved from /home/airflow/.local/lib/python3.12/site-packages/airflow/example_dags/example_python_decorator.py
[2024-08-09T01:49:30.002+0000] {logging_mixin.py:188} INFO - [2024-08-09T01:49:30.000+0000] {dag.py:3089} INFO - Sync 1 DAGs
[2024-08-09T01:49:32.070+0000] {logging_mixin.py:188} INFO - [2024-08-09T01:49:32.064+0000] {dag.py:3947} INFO - Setting next_dagrun for example_python_decorator to None, run_after=None
[2024-08-09T01:49:32.195+0000] {processor.py:183} INFO - Processing /home/airflow/.local/lib/python3.12/site-packages/airflow/example_dags/example_python_decorator.py took 2.559 seconds
[2024-08-09T01:50:07.452+0000] {processor.py:161} INFO - Started process (PID=1826) to work on /home/airflow/.local/lib/python3.12/site-packages/airflow/example_dags/example_python_decorator.py
[2024-08-09T01:50:07.469+0000] {processor.py:830} INFO - Processing file /home/airflow/.local/lib/python3.12/site-packages/airflow/example_dags/example_python_decorator.py for tasks to queue
[2024-08-09T01:50:07.494+0000] {logging_mixin.py:188} INFO - [2024-08-09T01:50:07.488+0000] {dagbag.py:545} INFO - Filling up the DagBag from /home/airflow/.local/lib/python3.12/site-packages/airflow/example_dags/example_python_decorator.py
[2024-08-09T01:50:07.687+0000] {processor.py:840} INFO - DAG(s) 'example_python_decorator' retrieved from /home/airflow/.local/lib/python3.12/site-packages/airflow/example_dags/example_python_decorator.py
[2024-08-09T01:50:08.069+0000] {logging_mixin.py:188} INFO - [2024-08-09T01:50:08.068+0000] {dag.py:3089} INFO - Sync 1 DAGs
[2024-08-09T01:50:09.642+0000] {logging_mixin.py:188} INFO - [2024-08-09T01:50:09.641+0000] {dag.py:3947} INFO - Setting next_dagrun for example_python_decorator to None, run_after=None
[2024-08-09T01:50:09.710+0000] {processor.py:183} INFO - Processing /home/airflow/.local/lib/python3.12/site-packages/airflow/example_dags/example_python_decorator.py took 2.333 seconds
[2024-08-09T01:50:48.461+0000] {processor.py:161} INFO - Started process (PID=1884) to work on /home/airflow/.local/lib/python3.12/site-packages/airflow/example_dags/example_python_decorator.py
[2024-08-09T01:50:48.466+0000] {processor.py:830} INFO - Processing file /home/airflow/.local/lib/python3.12/site-packages/airflow/example_dags/example_python_decorator.py for tasks to queue
[2024-08-09T01:50:48.486+0000] {logging_mixin.py:188} INFO - [2024-08-09T01:50:48.484+0000] {dagbag.py:545} INFO - Filling up the DagBag from /home/airflow/.local/lib/python3.12/site-packages/airflow/example_dags/example_python_decorator.py
[2024-08-09T01:50:48.568+0000] {processor.py:840} INFO - DAG(s) 'example_python_decorator' retrieved from /home/airflow/.local/lib/python3.12/site-packages/airflow/example_dags/example_python_decorator.py
[2024-08-09T01:50:48.852+0000] {logging_mixin.py:188} INFO - [2024-08-09T01:50:48.851+0000] {dag.py:3089} INFO - Sync 1 DAGs
[2024-08-09T01:50:49.251+0000] {logging_mixin.py:188} INFO - [2024-08-09T01:50:49.251+0000] {dag.py:3947} INFO - Setting next_dagrun for example_python_decorator to None, run_after=None
[2024-08-09T01:50:49.434+0000] {processor.py:183} INFO - Processing /home/airflow/.local/lib/python3.12/site-packages/airflow/example_dags/example_python_decorator.py took 1.015 seconds
[2024-08-09T01:51:20.907+0000] {processor.py:161} INFO - Started process (PID=1947) to work on /home/airflow/.local/lib/python3.12/site-packages/airflow/example_dags/example_python_decorator.py
[2024-08-09T01:51:20.912+0000] {processor.py:830} INFO - Processing file /home/airflow/.local/lib/python3.12/site-packages/airflow/example_dags/example_python_decorator.py for tasks to queue
[2024-08-09T01:51:20.929+0000] {logging_mixin.py:188} INFO - [2024-08-09T01:51:20.920+0000] {dagbag.py:545} INFO - Filling up the DagBag from /home/airflow/.local/lib/python3.12/site-packages/airflow/example_dags/example_python_decorator.py
[2024-08-09T01:51:21.001+0000] {processor.py:840} INFO - DAG(s) 'example_python_decorator' retrieved from /home/airflow/.local/lib/python3.12/site-packages/airflow/example_dags/example_python_decorator.py
[2024-08-09T01:51:21.188+0000] {logging_mixin.py:188} INFO - [2024-08-09T01:51:21.183+0000] {dag.py:3089} INFO - Sync 1 DAGs
[2024-08-09T01:51:21.344+0000] {logging_mixin.py:188} INFO - [2024-08-09T01:51:21.335+0000] {dag.py:3947} INFO - Setting next_dagrun for example_python_decorator to None, run_after=None
[2024-08-09T01:51:21.511+0000] {processor.py:183} INFO - Processing /home/airflow/.local/lib/python3.12/site-packages/airflow/example_dags/example_python_decorator.py took 0.636 seconds
[2024-08-09T01:51:51.941+0000] {processor.py:161} INFO - Started process (PID=2005) to work on /home/airflow/.local/lib/python3.12/site-packages/airflow/example_dags/example_python_decorator.py
[2024-08-09T01:51:51.943+0000] {processor.py:830} INFO - Processing file /home/airflow/.local/lib/python3.12/site-packages/airflow/example_dags/example_python_decorator.py for tasks to queue
[2024-08-09T01:51:51.949+0000] {logging_mixin.py:188} INFO - [2024-08-09T01:51:51.948+0000] {dagbag.py:545} INFO - Filling up the DagBag from /home/airflow/.local/lib/python3.12/site-packages/airflow/example_dags/example_python_decorator.py
[2024-08-09T01:51:51.986+0000] {processor.py:840} INFO - DAG(s) 'example_python_decorator' retrieved from /home/airflow/.local/lib/python3.12/site-packages/airflow/example_dags/example_python_decorator.py
[2024-08-09T01:51:52.078+0000] {logging_mixin.py:188} INFO - [2024-08-09T01:51:52.077+0000] {dag.py:3089} INFO - Sync 1 DAGs
[2024-08-09T01:51:52.119+0000] {logging_mixin.py:188} INFO - [2024-08-09T01:51:52.118+0000] {dag.py:3947} INFO - Setting next_dagrun for example_python_decorator to None, run_after=None
[2024-08-09T01:51:52.244+0000] {processor.py:183} INFO - Processing /home/airflow/.local/lib/python3.12/site-packages/airflow/example_dags/example_python_decorator.py took 0.320 seconds
[2024-08-09T01:52:22.386+0000] {processor.py:161} INFO - Started process (PID=2063) to work on /home/airflow/.local/lib/python3.12/site-packages/airflow/example_dags/example_python_decorator.py
[2024-08-09T01:52:22.390+0000] {processor.py:830} INFO - Processing file /home/airflow/.local/lib/python3.12/site-packages/airflow/example_dags/example_python_decorator.py for tasks to queue
[2024-08-09T01:52:22.395+0000] {logging_mixin.py:188} INFO - [2024-08-09T01:52:22.394+0000] {dagbag.py:545} INFO - Filling up the DagBag from /home/airflow/.local/lib/python3.12/site-packages/airflow/example_dags/example_python_decorator.py
[2024-08-09T01:52:22.424+0000] {processor.py:840} INFO - DAG(s) 'example_python_decorator' retrieved from /home/airflow/.local/lib/python3.12/site-packages/airflow/example_dags/example_python_decorator.py
[2024-08-09T01:52:22.494+0000] {logging_mixin.py:188} INFO - [2024-08-09T01:52:22.494+0000] {dag.py:3089} INFO - Sync 1 DAGs
[2024-08-09T01:52:22.517+0000] {logging_mixin.py:188} INFO - [2024-08-09T01:52:22.516+0000] {dag.py:3947} INFO - Setting next_dagrun for example_python_decorator to None, run_after=None
[2024-08-09T01:52:22.555+0000] {processor.py:183} INFO - Processing /home/airflow/.local/lib/python3.12/site-packages/airflow/example_dags/example_python_decorator.py took 0.186 seconds
[2024-08-09T01:52:53.143+0000] {processor.py:161} INFO - Started process (PID=2120) to work on /home/airflow/.local/lib/python3.12/site-packages/airflow/example_dags/example_python_decorator.py
[2024-08-09T01:52:53.146+0000] {processor.py:830} INFO - Processing file /home/airflow/.local/lib/python3.12/site-packages/airflow/example_dags/example_python_decorator.py for tasks to queue
[2024-08-09T01:52:53.161+0000] {logging_mixin.py:188} INFO - [2024-08-09T01:52:53.160+0000] {dagbag.py:545} INFO - Filling up the DagBag from /home/airflow/.local/lib/python3.12/site-packages/airflow/example_dags/example_python_decorator.py
[2024-08-09T01:52:53.211+0000] {processor.py:840} INFO - DAG(s) 'example_python_decorator' retrieved from /home/airflow/.local/lib/python3.12/site-packages/airflow/example_dags/example_python_decorator.py
[2024-08-09T01:52:53.328+0000] {logging_mixin.py:188} INFO - [2024-08-09T01:52:53.328+0000] {dag.py:3089} INFO - Sync 1 DAGs
[2024-08-09T01:52:53.387+0000] {logging_mixin.py:188} INFO - [2024-08-09T01:52:53.386+0000] {dag.py:3947} INFO - Setting next_dagrun for example_python_decorator to None, run_after=None
[2024-08-09T01:52:53.446+0000] {processor.py:183} INFO - Processing /home/airflow/.local/lib/python3.12/site-packages/airflow/example_dags/example_python_decorator.py took 0.326 seconds
[2024-08-09T01:53:27.147+0000] {processor.py:161} INFO - Started process (PID=2178) to work on /home/airflow/.local/lib/python3.12/site-packages/airflow/example_dags/example_python_decorator.py
[2024-08-09T01:53:27.162+0000] {processor.py:830} INFO - Processing file /home/airflow/.local/lib/python3.12/site-packages/airflow/example_dags/example_python_decorator.py for tasks to queue
[2024-08-09T01:53:27.182+0000] {logging_mixin.py:188} INFO - [2024-08-09T01:53:27.179+0000] {dagbag.py:545} INFO - Filling up the DagBag from /home/airflow/.local/lib/python3.12/site-packages/airflow/example_dags/example_python_decorator.py
[2024-08-09T01:53:27.367+0000] {processor.py:840} INFO - DAG(s) 'example_python_decorator' retrieved from /home/airflow/.local/lib/python3.12/site-packages/airflow/example_dags/example_python_decorator.py
[2024-08-09T01:53:27.707+0000] {logging_mixin.py:188} INFO - [2024-08-09T01:53:27.703+0000] {dag.py:3089} INFO - Sync 1 DAGs
[2024-08-09T01:53:27.934+0000] {logging_mixin.py:188} INFO - [2024-08-09T01:53:27.926+0000] {dag.py:3947} INFO - Setting next_dagrun for example_python_decorator to None, run_after=None
[2024-08-09T01:53:28.353+0000] {processor.py:183} INFO - Processing /home/airflow/.local/lib/python3.12/site-packages/airflow/example_dags/example_python_decorator.py took 1.335 seconds
[2024-08-09T01:53:58.580+0000] {processor.py:161} INFO - Started process (PID=2236) to work on /home/airflow/.local/lib/python3.12/site-packages/airflow/example_dags/example_python_decorator.py
[2024-08-09T01:53:58.583+0000] {processor.py:830} INFO - Processing file /home/airflow/.local/lib/python3.12/site-packages/airflow/example_dags/example_python_decorator.py for tasks to queue
[2024-08-09T01:53:58.588+0000] {logging_mixin.py:188} INFO - [2024-08-09T01:53:58.587+0000] {dagbag.py:545} INFO - Filling up the DagBag from /home/airflow/.local/lib/python3.12/site-packages/airflow/example_dags/example_python_decorator.py
[2024-08-09T01:53:58.617+0000] {processor.py:840} INFO - DAG(s) 'example_python_decorator' retrieved from /home/airflow/.local/lib/python3.12/site-packages/airflow/example_dags/example_python_decorator.py
[2024-08-09T01:53:58.675+0000] {logging_mixin.py:188} INFO - [2024-08-09T01:53:58.675+0000] {dag.py:3089} INFO - Sync 1 DAGs
[2024-08-09T01:53:58.698+0000] {logging_mixin.py:188} INFO - [2024-08-09T01:53:58.698+0000] {dag.py:3947} INFO - Setting next_dagrun for example_python_decorator to None, run_after=None
[2024-08-09T01:53:58.734+0000] {processor.py:183} INFO - Processing /home/airflow/.local/lib/python3.12/site-packages/airflow/example_dags/example_python_decorator.py took 0.169 seconds
[2024-08-09T01:54:28.875+0000] {processor.py:161} INFO - Started process (PID=2294) to work on /home/airflow/.local/lib/python3.12/site-packages/airflow/example_dags/example_python_decorator.py
[2024-08-09T01:54:28.881+0000] {processor.py:830} INFO - Processing file /home/airflow/.local/lib/python3.12/site-packages/airflow/example_dags/example_python_decorator.py for tasks to queue
[2024-08-09T01:54:28.886+0000] {logging_mixin.py:188} INFO - [2024-08-09T01:54:28.885+0000] {dagbag.py:545} INFO - Filling up the DagBag from /home/airflow/.local/lib/python3.12/site-packages/airflow/example_dags/example_python_decorator.py
[2024-08-09T01:54:28.942+0000] {processor.py:840} INFO - DAG(s) 'example_python_decorator' retrieved from /home/airflow/.local/lib/python3.12/site-packages/airflow/example_dags/example_python_decorator.py
[2024-08-09T01:54:29.105+0000] {logging_mixin.py:188} INFO - [2024-08-09T01:54:29.105+0000] {dag.py:3089} INFO - Sync 1 DAGs
[2024-08-09T01:54:29.156+0000] {logging_mixin.py:188} INFO - [2024-08-09T01:54:29.156+0000] {dag.py:3947} INFO - Setting next_dagrun for example_python_decorator to None, run_after=None
[2024-08-09T01:54:29.207+0000] {processor.py:183} INFO - Processing /home/airflow/.local/lib/python3.12/site-packages/airflow/example_dags/example_python_decorator.py took 0.383 seconds
[2024-08-09T01:54:59.376+0000] {processor.py:161} INFO - Started process (PID=2352) to work on /home/airflow/.local/lib/python3.12/site-packages/airflow/example_dags/example_python_decorator.py
[2024-08-09T01:54:59.379+0000] {processor.py:830} INFO - Processing file /home/airflow/.local/lib/python3.12/site-packages/airflow/example_dags/example_python_decorator.py for tasks to queue
[2024-08-09T01:54:59.385+0000] {logging_mixin.py:188} INFO - [2024-08-09T01:54:59.383+0000] {dagbag.py:545} INFO - Filling up the DagBag from /home/airflow/.local/lib/python3.12/site-packages/airflow/example_dags/example_python_decorator.py
[2024-08-09T01:54:59.416+0000] {processor.py:840} INFO - DAG(s) 'example_python_decorator' retrieved from /home/airflow/.local/lib/python3.12/site-packages/airflow/example_dags/example_python_decorator.py
[2024-08-09T01:54:59.484+0000] {logging_mixin.py:188} INFO - [2024-08-09T01:54:59.484+0000] {dag.py:3089} INFO - Sync 1 DAGs
[2024-08-09T01:54:59.507+0000] {logging_mixin.py:188} INFO - [2024-08-09T01:54:59.506+0000] {dag.py:3947} INFO - Setting next_dagrun for example_python_decorator to None, run_after=None
[2024-08-09T01:54:59.548+0000] {processor.py:183} INFO - Processing /home/airflow/.local/lib/python3.12/site-packages/airflow/example_dags/example_python_decorator.py took 0.188 seconds
[2024-08-09T01:55:30.072+0000] {processor.py:161} INFO - Started process (PID=2410) to work on /home/airflow/.local/lib/python3.12/site-packages/airflow/example_dags/example_python_decorator.py
[2024-08-09T01:55:30.077+0000] {processor.py:830} INFO - Processing file /home/airflow/.local/lib/python3.12/site-packages/airflow/example_dags/example_python_decorator.py for tasks to queue
[2024-08-09T01:55:30.082+0000] {logging_mixin.py:188} INFO - [2024-08-09T01:55:30.081+0000] {dagbag.py:545} INFO - Filling up the DagBag from /home/airflow/.local/lib/python3.12/site-packages/airflow/example_dags/example_python_decorator.py
[2024-08-09T01:55:30.117+0000] {processor.py:840} INFO - DAG(s) 'example_python_decorator' retrieved from /home/airflow/.local/lib/python3.12/site-packages/airflow/example_dags/example_python_decorator.py
[2024-08-09T01:55:30.183+0000] {logging_mixin.py:188} INFO - [2024-08-09T01:55:30.182+0000] {dag.py:3089} INFO - Sync 1 DAGs
[2024-08-09T01:55:30.211+0000] {logging_mixin.py:188} INFO - [2024-08-09T01:55:30.211+0000] {dag.py:3947} INFO - Setting next_dagrun for example_python_decorator to None, run_after=None
[2024-08-09T01:55:30.259+0000] {processor.py:183} INFO - Processing /home/airflow/.local/lib/python3.12/site-packages/airflow/example_dags/example_python_decorator.py took 0.207 seconds
[2024-08-09T01:56:01.170+0000] {processor.py:161} INFO - Started process (PID=2468) to work on /home/airflow/.local/lib/python3.12/site-packages/airflow/example_dags/example_python_decorator.py
[2024-08-09T01:56:01.174+0000] {processor.py:830} INFO - Processing file /home/airflow/.local/lib/python3.12/site-packages/airflow/example_dags/example_python_decorator.py for tasks to queue
[2024-08-09T01:56:01.183+0000] {logging_mixin.py:188} INFO - [2024-08-09T01:56:01.182+0000] {dagbag.py:545} INFO - Filling up the DagBag from /home/airflow/.local/lib/python3.12/site-packages/airflow/example_dags/example_python_decorator.py
[2024-08-09T01:56:01.227+0000] {processor.py:840} INFO - DAG(s) 'example_python_decorator' retrieved from /home/airflow/.local/lib/python3.12/site-packages/airflow/example_dags/example_python_decorator.py
[2024-08-09T01:56:01.297+0000] {logging_mixin.py:188} INFO - [2024-08-09T01:56:01.296+0000] {dag.py:3089} INFO - Sync 1 DAGs
[2024-08-09T01:56:01.327+0000] {logging_mixin.py:188} INFO - [2024-08-09T01:56:01.326+0000] {dag.py:3947} INFO - Setting next_dagrun for example_python_decorator to None, run_after=None
[2024-08-09T01:56:01.365+0000] {processor.py:183} INFO - Processing /home/airflow/.local/lib/python3.12/site-packages/airflow/example_dags/example_python_decorator.py took 0.232 seconds
[2024-08-09T01:56:31.847+0000] {processor.py:161} INFO - Started process (PID=2526) to work on /home/airflow/.local/lib/python3.12/site-packages/airflow/example_dags/example_python_decorator.py
[2024-08-09T01:56:31.850+0000] {processor.py:830} INFO - Processing file /home/airflow/.local/lib/python3.12/site-packages/airflow/example_dags/example_python_decorator.py for tasks to queue
[2024-08-09T01:56:31.857+0000] {logging_mixin.py:188} INFO - [2024-08-09T01:56:31.856+0000] {dagbag.py:545} INFO - Filling up the DagBag from /home/airflow/.local/lib/python3.12/site-packages/airflow/example_dags/example_python_decorator.py
[2024-08-09T01:56:31.894+0000] {processor.py:840} INFO - DAG(s) 'example_python_decorator' retrieved from /home/airflow/.local/lib/python3.12/site-packages/airflow/example_dags/example_python_decorator.py
[2024-08-09T01:56:31.961+0000] {logging_mixin.py:188} INFO - [2024-08-09T01:56:31.960+0000] {dag.py:3089} INFO - Sync 1 DAGs
[2024-08-09T01:56:31.988+0000] {logging_mixin.py:188} INFO - [2024-08-09T01:56:31.988+0000] {dag.py:3947} INFO - Setting next_dagrun for example_python_decorator to None, run_after=None
[2024-08-09T01:56:32.035+0000] {processor.py:183} INFO - Processing /home/airflow/.local/lib/python3.12/site-packages/airflow/example_dags/example_python_decorator.py took 0.208 seconds
[2024-08-09T01:57:03.162+0000] {processor.py:161} INFO - Started process (PID=2584) to work on /home/airflow/.local/lib/python3.12/site-packages/airflow/example_dags/example_python_decorator.py
[2024-08-09T01:57:03.166+0000] {processor.py:830} INFO - Processing file /home/airflow/.local/lib/python3.12/site-packages/airflow/example_dags/example_python_decorator.py for tasks to queue
[2024-08-09T01:57:03.172+0000] {logging_mixin.py:188} INFO - [2024-08-09T01:57:03.171+0000] {dagbag.py:545} INFO - Filling up the DagBag from /home/airflow/.local/lib/python3.12/site-packages/airflow/example_dags/example_python_decorator.py
[2024-08-09T01:57:03.218+0000] {processor.py:840} INFO - DAG(s) 'example_python_decorator' retrieved from /home/airflow/.local/lib/python3.12/site-packages/airflow/example_dags/example_python_decorator.py
[2024-08-09T01:57:03.312+0000] {logging_mixin.py:188} INFO - [2024-08-09T01:57:03.312+0000] {dag.py:3089} INFO - Sync 1 DAGs
[2024-08-09T01:57:03.408+0000] {logging_mixin.py:188} INFO - [2024-08-09T01:57:03.407+0000] {dag.py:3947} INFO - Setting next_dagrun for example_python_decorator to None, run_after=None
[2024-08-09T01:57:03.579+0000] {processor.py:183} INFO - Processing /home/airflow/.local/lib/python3.12/site-packages/airflow/example_dags/example_python_decorator.py took 0.441 seconds
[2024-08-09T01:57:33.946+0000] {processor.py:161} INFO - Started process (PID=2640) to work on /home/airflow/.local/lib/python3.12/site-packages/airflow/example_dags/example_python_decorator.py
[2024-08-09T01:57:33.953+0000] {processor.py:830} INFO - Processing file /home/airflow/.local/lib/python3.12/site-packages/airflow/example_dags/example_python_decorator.py for tasks to queue
[2024-08-09T01:57:33.969+0000] {logging_mixin.py:188} INFO - [2024-08-09T01:57:33.965+0000] {dagbag.py:545} INFO - Filling up the DagBag from /home/airflow/.local/lib/python3.12/site-packages/airflow/example_dags/example_python_decorator.py
[2024-08-09T01:57:34.017+0000] {processor.py:840} INFO - DAG(s) 'example_python_decorator' retrieved from /home/airflow/.local/lib/python3.12/site-packages/airflow/example_dags/example_python_decorator.py
[2024-08-09T01:57:34.123+0000] {logging_mixin.py:188} INFO - [2024-08-09T01:57:34.122+0000] {dag.py:3089} INFO - Sync 1 DAGs
[2024-08-09T01:57:34.175+0000] {logging_mixin.py:188} INFO - [2024-08-09T01:57:34.175+0000] {dag.py:3947} INFO - Setting next_dagrun for example_python_decorator to None, run_after=None
[2024-08-09T01:57:34.255+0000] {processor.py:183} INFO - Processing /home/airflow/.local/lib/python3.12/site-packages/airflow/example_dags/example_python_decorator.py took 0.345 seconds
[2024-08-09T01:58:04.346+0000] {processor.py:161} INFO - Started process (PID=2698) to work on /home/airflow/.local/lib/python3.12/site-packages/airflow/example_dags/example_python_decorator.py
[2024-08-09T01:58:04.348+0000] {processor.py:830} INFO - Processing file /home/airflow/.local/lib/python3.12/site-packages/airflow/example_dags/example_python_decorator.py for tasks to queue
[2024-08-09T01:58:04.353+0000] {logging_mixin.py:188} INFO - [2024-08-09T01:58:04.352+0000] {dagbag.py:545} INFO - Filling up the DagBag from /home/airflow/.local/lib/python3.12/site-packages/airflow/example_dags/example_python_decorator.py
[2024-08-09T01:58:04.381+0000] {processor.py:840} INFO - DAG(s) 'example_python_decorator' retrieved from /home/airflow/.local/lib/python3.12/site-packages/airflow/example_dags/example_python_decorator.py
[2024-08-09T01:58:04.454+0000] {logging_mixin.py:188} INFO - [2024-08-09T01:58:04.453+0000] {dag.py:3089} INFO - Sync 1 DAGs
[2024-08-09T01:58:04.480+0000] {logging_mixin.py:188} INFO - [2024-08-09T01:58:04.480+0000] {dag.py:3947} INFO - Setting next_dagrun for example_python_decorator to None, run_after=None
[2024-08-09T01:58:04.525+0000] {processor.py:183} INFO - Processing /home/airflow/.local/lib/python3.12/site-packages/airflow/example_dags/example_python_decorator.py took 0.195 seconds
[2024-08-09T01:58:36.036+0000] {processor.py:161} INFO - Started process (PID=2756) to work on /home/airflow/.local/lib/python3.12/site-packages/airflow/example_dags/example_python_decorator.py
[2024-08-09T01:58:36.040+0000] {processor.py:830} INFO - Processing file /home/airflow/.local/lib/python3.12/site-packages/airflow/example_dags/example_python_decorator.py for tasks to queue
[2024-08-09T01:58:36.047+0000] {logging_mixin.py:188} INFO - [2024-08-09T01:58:36.045+0000] {dagbag.py:545} INFO - Filling up the DagBag from /home/airflow/.local/lib/python3.12/site-packages/airflow/example_dags/example_python_decorator.py
[2024-08-09T01:58:36.093+0000] {processor.py:840} INFO - DAG(s) 'example_python_decorator' retrieved from /home/airflow/.local/lib/python3.12/site-packages/airflow/example_dags/example_python_decorator.py
[2024-08-09T01:58:36.214+0000] {logging_mixin.py:188} INFO - [2024-08-09T01:58:36.214+0000] {dag.py:3089} INFO - Sync 1 DAGs
[2024-08-09T01:58:36.249+0000] {logging_mixin.py:188} INFO - [2024-08-09T01:58:36.248+0000] {dag.py:3947} INFO - Setting next_dagrun for example_python_decorator to None, run_after=None
[2024-08-09T01:58:36.295+0000] {processor.py:183} INFO - Processing /home/airflow/.local/lib/python3.12/site-packages/airflow/example_dags/example_python_decorator.py took 0.281 seconds
[2024-08-09T01:59:08.159+0000] {processor.py:161} INFO - Started process (PID=2814) to work on /home/airflow/.local/lib/python3.12/site-packages/airflow/example_dags/example_python_decorator.py
[2024-08-09T01:59:08.165+0000] {processor.py:830} INFO - Processing file /home/airflow/.local/lib/python3.12/site-packages/airflow/example_dags/example_python_decorator.py for tasks to queue
[2024-08-09T01:59:08.174+0000] {logging_mixin.py:188} INFO - [2024-08-09T01:59:08.173+0000] {dagbag.py:545} INFO - Filling up the DagBag from /home/airflow/.local/lib/python3.12/site-packages/airflow/example_dags/example_python_decorator.py
[2024-08-09T01:59:08.222+0000] {processor.py:840} INFO - DAG(s) 'example_python_decorator' retrieved from /home/airflow/.local/lib/python3.12/site-packages/airflow/example_dags/example_python_decorator.py
[2024-08-09T01:59:08.315+0000] {logging_mixin.py:188} INFO - [2024-08-09T01:59:08.315+0000] {dag.py:3089} INFO - Sync 1 DAGs
[2024-08-09T01:59:08.353+0000] {logging_mixin.py:188} INFO - [2024-08-09T01:59:08.352+0000] {dag.py:3947} INFO - Setting next_dagrun for example_python_decorator to None, run_after=None
[2024-08-09T01:59:08.407+0000] {processor.py:183} INFO - Processing /home/airflow/.local/lib/python3.12/site-packages/airflow/example_dags/example_python_decorator.py took 0.306 seconds
[2024-08-09T01:59:39.187+0000] {processor.py:161} INFO - Started process (PID=2872) to work on /home/airflow/.local/lib/python3.12/site-packages/airflow/example_dags/example_python_decorator.py
[2024-08-09T01:59:39.189+0000] {processor.py:830} INFO - Processing file /home/airflow/.local/lib/python3.12/site-packages/airflow/example_dags/example_python_decorator.py for tasks to queue
[2024-08-09T01:59:39.193+0000] {logging_mixin.py:188} INFO - [2024-08-09T01:59:39.193+0000] {dagbag.py:545} INFO - Filling up the DagBag from /home/airflow/.local/lib/python3.12/site-packages/airflow/example_dags/example_python_decorator.py
[2024-08-09T01:59:39.225+0000] {processor.py:840} INFO - DAG(s) 'example_python_decorator' retrieved from /home/airflow/.local/lib/python3.12/site-packages/airflow/example_dags/example_python_decorator.py
[2024-08-09T01:59:39.279+0000] {logging_mixin.py:188} INFO - [2024-08-09T01:59:39.279+0000] {dag.py:3089} INFO - Sync 1 DAGs
[2024-08-09T01:59:39.302+0000] {logging_mixin.py:188} INFO - [2024-08-09T01:59:39.301+0000] {dag.py:3947} INFO - Setting next_dagrun for example_python_decorator to None, run_after=None
[2024-08-09T01:59:39.338+0000] {processor.py:183} INFO - Processing /home/airflow/.local/lib/python3.12/site-packages/airflow/example_dags/example_python_decorator.py took 0.168 seconds
[2024-08-09T02:00:10.122+0000] {processor.py:161} INFO - Started process (PID=2929) to work on /home/airflow/.local/lib/python3.12/site-packages/airflow/example_dags/example_python_decorator.py
[2024-08-09T02:00:10.125+0000] {processor.py:830} INFO - Processing file /home/airflow/.local/lib/python3.12/site-packages/airflow/example_dags/example_python_decorator.py for tasks to queue
[2024-08-09T02:00:10.132+0000] {logging_mixin.py:188} INFO - [2024-08-09T02:00:10.131+0000] {dagbag.py:545} INFO - Filling up the DagBag from /home/airflow/.local/lib/python3.12/site-packages/airflow/example_dags/example_python_decorator.py
[2024-08-09T02:00:10.166+0000] {processor.py:840} INFO - DAG(s) 'example_python_decorator' retrieved from /home/airflow/.local/lib/python3.12/site-packages/airflow/example_dags/example_python_decorator.py
[2024-08-09T02:00:10.242+0000] {logging_mixin.py:188} INFO - [2024-08-09T02:00:10.242+0000] {dag.py:3089} INFO - Sync 1 DAGs
[2024-08-09T02:00:10.269+0000] {logging_mixin.py:188} INFO - [2024-08-09T02:00:10.269+0000] {dag.py:3947} INFO - Setting next_dagrun for example_python_decorator to None, run_after=None
[2024-08-09T02:00:10.329+0000] {processor.py:183} INFO - Processing /home/airflow/.local/lib/python3.12/site-packages/airflow/example_dags/example_python_decorator.py took 0.232 seconds
[2024-08-09T02:00:40.861+0000] {processor.py:161} INFO - Started process (PID=2987) to work on /home/airflow/.local/lib/python3.12/site-packages/airflow/example_dags/example_python_decorator.py
[2024-08-09T02:00:40.864+0000] {processor.py:830} INFO - Processing file /home/airflow/.local/lib/python3.12/site-packages/airflow/example_dags/example_python_decorator.py for tasks to queue
[2024-08-09T02:00:40.869+0000] {logging_mixin.py:188} INFO - [2024-08-09T02:00:40.869+0000] {dagbag.py:545} INFO - Filling up the DagBag from /home/airflow/.local/lib/python3.12/site-packages/airflow/example_dags/example_python_decorator.py
[2024-08-09T02:00:40.900+0000] {processor.py:840} INFO - DAG(s) 'example_python_decorator' retrieved from /home/airflow/.local/lib/python3.12/site-packages/airflow/example_dags/example_python_decorator.py
[2024-08-09T02:00:40.958+0000] {logging_mixin.py:188} INFO - [2024-08-09T02:00:40.957+0000] {dag.py:3089} INFO - Sync 1 DAGs
[2024-08-09T02:00:40.988+0000] {logging_mixin.py:188} INFO - [2024-08-09T02:00:40.987+0000] {dag.py:3947} INFO - Setting next_dagrun for example_python_decorator to None, run_after=None
[2024-08-09T02:00:41.038+0000] {processor.py:183} INFO - Processing /home/airflow/.local/lib/python3.12/site-packages/airflow/example_dags/example_python_decorator.py took 0.196 seconds
[2024-08-09T02:01:11.914+0000] {processor.py:161} INFO - Started process (PID=3045) to work on /home/airflow/.local/lib/python3.12/site-packages/airflow/example_dags/example_python_decorator.py
[2024-08-09T02:01:11.918+0000] {processor.py:830} INFO - Processing file /home/airflow/.local/lib/python3.12/site-packages/airflow/example_dags/example_python_decorator.py for tasks to queue
[2024-08-09T02:01:11.925+0000] {logging_mixin.py:188} INFO - [2024-08-09T02:01:11.924+0000] {dagbag.py:545} INFO - Filling up the DagBag from /home/airflow/.local/lib/python3.12/site-packages/airflow/example_dags/example_python_decorator.py
[2024-08-09T02:01:11.982+0000] {processor.py:840} INFO - DAG(s) 'example_python_decorator' retrieved from /home/airflow/.local/lib/python3.12/site-packages/airflow/example_dags/example_python_decorator.py
[2024-08-09T02:01:12.070+0000] {logging_mixin.py:188} INFO - [2024-08-09T02:01:12.069+0000] {dag.py:3089} INFO - Sync 1 DAGs
[2024-08-09T02:01:12.126+0000] {logging_mixin.py:188} INFO - [2024-08-09T02:01:12.126+0000] {dag.py:3947} INFO - Setting next_dagrun for example_python_decorator to None, run_after=None
[2024-08-09T02:01:12.179+0000] {processor.py:183} INFO - Processing /home/airflow/.local/lib/python3.12/site-packages/airflow/example_dags/example_python_decorator.py took 0.293 seconds
[2024-08-09T02:01:43.161+0000] {processor.py:161} INFO - Started process (PID=3103) to work on /home/airflow/.local/lib/python3.12/site-packages/airflow/example_dags/example_python_decorator.py
[2024-08-09T02:01:43.168+0000] {processor.py:830} INFO - Processing file /home/airflow/.local/lib/python3.12/site-packages/airflow/example_dags/example_python_decorator.py for tasks to queue
[2024-08-09T02:01:43.177+0000] {logging_mixin.py:188} INFO - [2024-08-09T02:01:43.176+0000] {dagbag.py:545} INFO - Filling up the DagBag from /home/airflow/.local/lib/python3.12/site-packages/airflow/example_dags/example_python_decorator.py
[2024-08-09T02:01:43.231+0000] {processor.py:840} INFO - DAG(s) 'example_python_decorator' retrieved from /home/airflow/.local/lib/python3.12/site-packages/airflow/example_dags/example_python_decorator.py
[2024-08-09T02:01:43.388+0000] {logging_mixin.py:188} INFO - [2024-08-09T02:01:43.387+0000] {dag.py:3089} INFO - Sync 1 DAGs
[2024-08-09T02:01:43.510+0000] {logging_mixin.py:188} INFO - [2024-08-09T02:01:43.503+0000] {dag.py:3947} INFO - Setting next_dagrun for example_python_decorator to None, run_after=None
[2024-08-09T02:01:43.589+0000] {processor.py:183} INFO - Processing /home/airflow/.local/lib/python3.12/site-packages/airflow/example_dags/example_python_decorator.py took 0.479 seconds
[2024-08-09T02:02:13.730+0000] {processor.py:161} INFO - Started process (PID=3160) to work on /home/airflow/.local/lib/python3.12/site-packages/airflow/example_dags/example_python_decorator.py
[2024-08-09T02:02:13.736+0000] {processor.py:830} INFO - Processing file /home/airflow/.local/lib/python3.12/site-packages/airflow/example_dags/example_python_decorator.py for tasks to queue
[2024-08-09T02:02:13.744+0000] {logging_mixin.py:188} INFO - [2024-08-09T02:02:13.741+0000] {dagbag.py:545} INFO - Filling up the DagBag from /home/airflow/.local/lib/python3.12/site-packages/airflow/example_dags/example_python_decorator.py
[2024-08-09T02:02:13.787+0000] {processor.py:840} INFO - DAG(s) 'example_python_decorator' retrieved from /home/airflow/.local/lib/python3.12/site-packages/airflow/example_dags/example_python_decorator.py
[2024-08-09T02:02:13.885+0000] {logging_mixin.py:188} INFO - [2024-08-09T02:02:13.885+0000] {dag.py:3089} INFO - Sync 1 DAGs
[2024-08-09T02:02:13.920+0000] {logging_mixin.py:188} INFO - [2024-08-09T02:02:13.920+0000] {dag.py:3947} INFO - Setting next_dagrun for example_python_decorator to None, run_after=None
[2024-08-09T02:02:14.017+0000] {processor.py:183} INFO - Processing /home/airflow/.local/lib/python3.12/site-packages/airflow/example_dags/example_python_decorator.py took 0.311 seconds
[2024-08-09T02:02:44.384+0000] {processor.py:161} INFO - Started process (PID=3218) to work on /home/airflow/.local/lib/python3.12/site-packages/airflow/example_dags/example_python_decorator.py
[2024-08-09T02:02:44.387+0000] {processor.py:830} INFO - Processing file /home/airflow/.local/lib/python3.12/site-packages/airflow/example_dags/example_python_decorator.py for tasks to queue
[2024-08-09T02:02:44.392+0000] {logging_mixin.py:188} INFO - [2024-08-09T02:02:44.391+0000] {dagbag.py:545} INFO - Filling up the DagBag from /home/airflow/.local/lib/python3.12/site-packages/airflow/example_dags/example_python_decorator.py
[2024-08-09T02:02:44.425+0000] {processor.py:840} INFO - DAG(s) 'example_python_decorator' retrieved from /home/airflow/.local/lib/python3.12/site-packages/airflow/example_dags/example_python_decorator.py
[2024-08-09T02:02:44.491+0000] {logging_mixin.py:188} INFO - [2024-08-09T02:02:44.490+0000] {dag.py:3089} INFO - Sync 1 DAGs
[2024-08-09T02:02:44.521+0000] {logging_mixin.py:188} INFO - [2024-08-09T02:02:44.520+0000] {dag.py:3947} INFO - Setting next_dagrun for example_python_decorator to None, run_after=None
[2024-08-09T02:02:44.566+0000] {processor.py:183} INFO - Processing /home/airflow/.local/lib/python3.12/site-packages/airflow/example_dags/example_python_decorator.py took 0.199 seconds
[2024-08-09T02:03:15.160+0000] {processor.py:161} INFO - Started process (PID=3276) to work on /home/airflow/.local/lib/python3.12/site-packages/airflow/example_dags/example_python_decorator.py
[2024-08-09T02:03:15.163+0000] {processor.py:830} INFO - Processing file /home/airflow/.local/lib/python3.12/site-packages/airflow/example_dags/example_python_decorator.py for tasks to queue
[2024-08-09T02:03:15.168+0000] {logging_mixin.py:188} INFO - [2024-08-09T02:03:15.167+0000] {dagbag.py:545} INFO - Filling up the DagBag from /home/airflow/.local/lib/python3.12/site-packages/airflow/example_dags/example_python_decorator.py
[2024-08-09T02:03:15.193+0000] {processor.py:840} INFO - DAG(s) 'example_python_decorator' retrieved from /home/airflow/.local/lib/python3.12/site-packages/airflow/example_dags/example_python_decorator.py
[2024-08-09T02:03:15.248+0000] {logging_mixin.py:188} INFO - [2024-08-09T02:03:15.247+0000] {dag.py:3089} INFO - Sync 1 DAGs
[2024-08-09T02:03:15.274+0000] {logging_mixin.py:188} INFO - [2024-08-09T02:03:15.274+0000] {dag.py:3947} INFO - Setting next_dagrun for example_python_decorator to None, run_after=None
[2024-08-09T02:03:15.315+0000] {processor.py:183} INFO - Processing /home/airflow/.local/lib/python3.12/site-packages/airflow/example_dags/example_python_decorator.py took 0.172 seconds
[2024-08-09T02:03:46.143+0000] {processor.py:161} INFO - Started process (PID=3333) to work on /home/airflow/.local/lib/python3.12/site-packages/airflow/example_dags/example_python_decorator.py
[2024-08-09T02:03:46.146+0000] {processor.py:830} INFO - Processing file /home/airflow/.local/lib/python3.12/site-packages/airflow/example_dags/example_python_decorator.py for tasks to queue
[2024-08-09T02:03:46.151+0000] {logging_mixin.py:188} INFO - [2024-08-09T02:03:46.150+0000] {dagbag.py:545} INFO - Filling up the DagBag from /home/airflow/.local/lib/python3.12/site-packages/airflow/example_dags/example_python_decorator.py
[2024-08-09T02:03:46.181+0000] {processor.py:840} INFO - DAG(s) 'example_python_decorator' retrieved from /home/airflow/.local/lib/python3.12/site-packages/airflow/example_dags/example_python_decorator.py
[2024-08-09T02:03:46.232+0000] {logging_mixin.py:188} INFO - [2024-08-09T02:03:46.232+0000] {dag.py:3089} INFO - Sync 1 DAGs
[2024-08-09T02:03:46.255+0000] {logging_mixin.py:188} INFO - [2024-08-09T02:03:46.255+0000] {dag.py:3947} INFO - Setting next_dagrun for example_python_decorator to None, run_after=None
[2024-08-09T02:03:46.292+0000] {processor.py:183} INFO - Processing /home/airflow/.local/lib/python3.12/site-packages/airflow/example_dags/example_python_decorator.py took 0.165 seconds
[2024-08-09T02:04:17.220+0000] {processor.py:161} INFO - Started process (PID=3391) to work on /home/airflow/.local/lib/python3.12/site-packages/airflow/example_dags/example_python_decorator.py
[2024-08-09T02:04:17.224+0000] {processor.py:830} INFO - Processing file /home/airflow/.local/lib/python3.12/site-packages/airflow/example_dags/example_python_decorator.py for tasks to queue
[2024-08-09T02:04:17.231+0000] {logging_mixin.py:188} INFO - [2024-08-09T02:04:17.230+0000] {dagbag.py:545} INFO - Filling up the DagBag from /home/airflow/.local/lib/python3.12/site-packages/airflow/example_dags/example_python_decorator.py
[2024-08-09T02:04:17.264+0000] {processor.py:840} INFO - DAG(s) 'example_python_decorator' retrieved from /home/airflow/.local/lib/python3.12/site-packages/airflow/example_dags/example_python_decorator.py
[2024-08-09T02:04:17.425+0000] {logging_mixin.py:188} INFO - [2024-08-09T02:04:17.424+0000] {dag.py:3089} INFO - Sync 1 DAGs
[2024-08-09T02:04:17.470+0000] {logging_mixin.py:188} INFO - [2024-08-09T02:04:17.469+0000] {dag.py:3947} INFO - Setting next_dagrun for example_python_decorator to None, run_after=None
[2024-08-09T02:04:17.551+0000] {processor.py:183} INFO - Processing /home/airflow/.local/lib/python3.12/site-packages/airflow/example_dags/example_python_decorator.py took 0.351 seconds
[2024-08-09T02:04:47.675+0000] {processor.py:161} INFO - Started process (PID=3449) to work on /home/airflow/.local/lib/python3.12/site-packages/airflow/example_dags/example_python_decorator.py
[2024-08-09T02:04:47.678+0000] {processor.py:830} INFO - Processing file /home/airflow/.local/lib/python3.12/site-packages/airflow/example_dags/example_python_decorator.py for tasks to queue
[2024-08-09T02:04:47.683+0000] {logging_mixin.py:188} INFO - [2024-08-09T02:04:47.682+0000] {dagbag.py:545} INFO - Filling up the DagBag from /home/airflow/.local/lib/python3.12/site-packages/airflow/example_dags/example_python_decorator.py
[2024-08-09T02:04:47.708+0000] {processor.py:840} INFO - DAG(s) 'example_python_decorator' retrieved from /home/airflow/.local/lib/python3.12/site-packages/airflow/example_dags/example_python_decorator.py
[2024-08-09T02:04:47.758+0000] {logging_mixin.py:188} INFO - [2024-08-09T02:04:47.757+0000] {dag.py:3089} INFO - Sync 1 DAGs
[2024-08-09T02:04:47.782+0000] {logging_mixin.py:188} INFO - [2024-08-09T02:04:47.782+0000] {dag.py:3947} INFO - Setting next_dagrun for example_python_decorator to None, run_after=None
[2024-08-09T02:04:47.827+0000] {processor.py:183} INFO - Processing /home/airflow/.local/lib/python3.12/site-packages/airflow/example_dags/example_python_decorator.py took 0.167 seconds
[2024-08-09T02:05:18.435+0000] {processor.py:161} INFO - Started process (PID=3507) to work on /home/airflow/.local/lib/python3.12/site-packages/airflow/example_dags/example_python_decorator.py
[2024-08-09T02:05:18.442+0000] {processor.py:830} INFO - Processing file /home/airflow/.local/lib/python3.12/site-packages/airflow/example_dags/example_python_decorator.py for tasks to queue
[2024-08-09T02:05:18.454+0000] {logging_mixin.py:188} INFO - [2024-08-09T02:05:18.448+0000] {dagbag.py:545} INFO - Filling up the DagBag from /home/airflow/.local/lib/python3.12/site-packages/airflow/example_dags/example_python_decorator.py
[2024-08-09T02:05:18.557+0000] {processor.py:840} INFO - DAG(s) 'example_python_decorator' retrieved from /home/airflow/.local/lib/python3.12/site-packages/airflow/example_dags/example_python_decorator.py
[2024-08-09T02:05:18.639+0000] {logging_mixin.py:188} INFO - [2024-08-09T02:05:18.638+0000] {dag.py:3089} INFO - Sync 1 DAGs
[2024-08-09T02:05:18.690+0000] {logging_mixin.py:188} INFO - [2024-08-09T02:05:18.690+0000] {dag.py:3947} INFO - Setting next_dagrun for example_python_decorator to None, run_after=None
[2024-08-09T02:05:18.768+0000] {processor.py:183} INFO - Processing /home/airflow/.local/lib/python3.12/site-packages/airflow/example_dags/example_python_decorator.py took 0.354 seconds
[2024-08-09T02:05:49.770+0000] {processor.py:161} INFO - Started process (PID=3565) to work on /home/airflow/.local/lib/python3.12/site-packages/airflow/example_dags/example_python_decorator.py
[2024-08-09T02:05:49.799+0000] {processor.py:830} INFO - Processing file /home/airflow/.local/lib/python3.12/site-packages/airflow/example_dags/example_python_decorator.py for tasks to queue
[2024-08-09T02:05:49.812+0000] {logging_mixin.py:188} INFO - [2024-08-09T02:05:49.811+0000] {dagbag.py:545} INFO - Filling up the DagBag from /home/airflow/.local/lib/python3.12/site-packages/airflow/example_dags/example_python_decorator.py
[2024-08-09T02:05:49.865+0000] {processor.py:840} INFO - DAG(s) 'example_python_decorator' retrieved from /home/airflow/.local/lib/python3.12/site-packages/airflow/example_dags/example_python_decorator.py
[2024-08-09T02:05:50.005+0000] {logging_mixin.py:188} INFO - [2024-08-09T02:05:50.004+0000] {dag.py:3089} INFO - Sync 1 DAGs
[2024-08-09T02:05:50.092+0000] {logging_mixin.py:188} INFO - [2024-08-09T02:05:50.090+0000] {dag.py:3947} INFO - Setting next_dagrun for example_python_decorator to None, run_after=None
[2024-08-09T02:05:50.209+0000] {processor.py:183} INFO - Processing /home/airflow/.local/lib/python3.12/site-packages/airflow/example_dags/example_python_decorator.py took 0.501 seconds
[2024-08-09T02:06:20.888+0000] {processor.py:161} INFO - Started process (PID=3623) to work on /home/airflow/.local/lib/python3.12/site-packages/airflow/example_dags/example_python_decorator.py
[2024-08-09T02:06:20.892+0000] {processor.py:830} INFO - Processing file /home/airflow/.local/lib/python3.12/site-packages/airflow/example_dags/example_python_decorator.py for tasks to queue
[2024-08-09T02:06:20.901+0000] {logging_mixin.py:188} INFO - [2024-08-09T02:06:20.899+0000] {dagbag.py:545} INFO - Filling up the DagBag from /home/airflow/.local/lib/python3.12/site-packages/airflow/example_dags/example_python_decorator.py
[2024-08-09T02:06:20.941+0000] {processor.py:840} INFO - DAG(s) 'example_python_decorator' retrieved from /home/airflow/.local/lib/python3.12/site-packages/airflow/example_dags/example_python_decorator.py
[2024-08-09T02:06:21.071+0000] {logging_mixin.py:188} INFO - [2024-08-09T02:06:21.070+0000] {dag.py:3089} INFO - Sync 1 DAGs
[2024-08-09T02:06:21.103+0000] {logging_mixin.py:188} INFO - [2024-08-09T02:06:21.103+0000] {dag.py:3947} INFO - Setting next_dagrun for example_python_decorator to None, run_after=None
[2024-08-09T02:06:21.147+0000] {processor.py:183} INFO - Processing /home/airflow/.local/lib/python3.12/site-packages/airflow/example_dags/example_python_decorator.py took 0.282 seconds
[2024-08-09T02:06:51.233+0000] {processor.py:161} INFO - Started process (PID=3681) to work on /home/airflow/.local/lib/python3.12/site-packages/airflow/example_dags/example_python_decorator.py
[2024-08-09T02:06:51.237+0000] {processor.py:830} INFO - Processing file /home/airflow/.local/lib/python3.12/site-packages/airflow/example_dags/example_python_decorator.py for tasks to queue
[2024-08-09T02:06:51.243+0000] {logging_mixin.py:188} INFO - [2024-08-09T02:06:51.242+0000] {dagbag.py:545} INFO - Filling up the DagBag from /home/airflow/.local/lib/python3.12/site-packages/airflow/example_dags/example_python_decorator.py
[2024-08-09T02:06:51.275+0000] {processor.py:840} INFO - DAG(s) 'example_python_decorator' retrieved from /home/airflow/.local/lib/python3.12/site-packages/airflow/example_dags/example_python_decorator.py
[2024-08-09T02:06:51.350+0000] {logging_mixin.py:188} INFO - [2024-08-09T02:06:51.350+0000] {dag.py:3089} INFO - Sync 1 DAGs
[2024-08-09T02:06:51.374+0000] {logging_mixin.py:188} INFO - [2024-08-09T02:06:51.374+0000] {dag.py:3947} INFO - Setting next_dagrun for example_python_decorator to None, run_after=None
[2024-08-09T02:06:51.407+0000] {processor.py:183} INFO - Processing /home/airflow/.local/lib/python3.12/site-packages/airflow/example_dags/example_python_decorator.py took 0.192 seconds
[2024-08-09T02:07:21.479+0000] {processor.py:161} INFO - Started process (PID=3738) to work on /home/airflow/.local/lib/python3.12/site-packages/airflow/example_dags/example_python_decorator.py
[2024-08-09T02:07:21.481+0000] {processor.py:830} INFO - Processing file /home/airflow/.local/lib/python3.12/site-packages/airflow/example_dags/example_python_decorator.py for tasks to queue
[2024-08-09T02:07:21.488+0000] {logging_mixin.py:188} INFO - [2024-08-09T02:07:21.486+0000] {dagbag.py:545} INFO - Filling up the DagBag from /home/airflow/.local/lib/python3.12/site-packages/airflow/example_dags/example_python_decorator.py
[2024-08-09T02:07:21.516+0000] {processor.py:840} INFO - DAG(s) 'example_python_decorator' retrieved from /home/airflow/.local/lib/python3.12/site-packages/airflow/example_dags/example_python_decorator.py
[2024-08-09T02:07:21.567+0000] {logging_mixin.py:188} INFO - [2024-08-09T02:07:21.567+0000] {dag.py:3089} INFO - Sync 1 DAGs
[2024-08-09T02:07:21.593+0000] {logging_mixin.py:188} INFO - [2024-08-09T02:07:21.593+0000] {dag.py:3947} INFO - Setting next_dagrun for example_python_decorator to None, run_after=None
[2024-08-09T02:07:21.626+0000] {processor.py:183} INFO - Processing /home/airflow/.local/lib/python3.12/site-packages/airflow/example_dags/example_python_decorator.py took 0.166 seconds
[2024-08-09T02:07:52.102+0000] {processor.py:161} INFO - Started process (PID=3795) to work on /home/airflow/.local/lib/python3.12/site-packages/airflow/example_dags/example_python_decorator.py
[2024-08-09T02:07:52.105+0000] {processor.py:830} INFO - Processing file /home/airflow/.local/lib/python3.12/site-packages/airflow/example_dags/example_python_decorator.py for tasks to queue
[2024-08-09T02:07:52.111+0000] {logging_mixin.py:188} INFO - [2024-08-09T02:07:52.110+0000] {dagbag.py:545} INFO - Filling up the DagBag from /home/airflow/.local/lib/python3.12/site-packages/airflow/example_dags/example_python_decorator.py
[2024-08-09T02:07:52.142+0000] {processor.py:840} INFO - DAG(s) 'example_python_decorator' retrieved from /home/airflow/.local/lib/python3.12/site-packages/airflow/example_dags/example_python_decorator.py
[2024-08-09T02:07:52.201+0000] {logging_mixin.py:188} INFO - [2024-08-09T02:07:52.200+0000] {dag.py:3089} INFO - Sync 1 DAGs
[2024-08-09T02:07:52.225+0000] {logging_mixin.py:188} INFO - [2024-08-09T02:07:52.224+0000] {dag.py:3947} INFO - Setting next_dagrun for example_python_decorator to None, run_after=None
[2024-08-09T02:07:52.268+0000] {processor.py:183} INFO - Processing /home/airflow/.local/lib/python3.12/site-packages/airflow/example_dags/example_python_decorator.py took 0.184 seconds
[2024-08-09T02:08:22.581+0000] {processor.py:161} INFO - Started process (PID=3853) to work on /home/airflow/.local/lib/python3.12/site-packages/airflow/example_dags/example_python_decorator.py
[2024-08-09T02:08:22.584+0000] {processor.py:830} INFO - Processing file /home/airflow/.local/lib/python3.12/site-packages/airflow/example_dags/example_python_decorator.py for tasks to queue
[2024-08-09T02:08:22.590+0000] {logging_mixin.py:188} INFO - [2024-08-09T02:08:22.589+0000] {dagbag.py:545} INFO - Filling up the DagBag from /home/airflow/.local/lib/python3.12/site-packages/airflow/example_dags/example_python_decorator.py
[2024-08-09T02:08:22.625+0000] {processor.py:840} INFO - DAG(s) 'example_python_decorator' retrieved from /home/airflow/.local/lib/python3.12/site-packages/airflow/example_dags/example_python_decorator.py
[2024-08-09T02:08:22.689+0000] {logging_mixin.py:188} INFO - [2024-08-09T02:08:22.688+0000] {dag.py:3089} INFO - Sync 1 DAGs
[2024-08-09T02:08:22.720+0000] {logging_mixin.py:188} INFO - [2024-08-09T02:08:22.719+0000] {dag.py:3947} INFO - Setting next_dagrun for example_python_decorator to None, run_after=None
[2024-08-09T02:08:22.761+0000] {processor.py:183} INFO - Processing /home/airflow/.local/lib/python3.12/site-packages/airflow/example_dags/example_python_decorator.py took 0.199 seconds
[2024-08-09T02:08:52.825+0000] {processor.py:161} INFO - Started process (PID=3911) to work on /home/airflow/.local/lib/python3.12/site-packages/airflow/example_dags/example_python_decorator.py
[2024-08-09T02:08:52.827+0000] {processor.py:830} INFO - Processing file /home/airflow/.local/lib/python3.12/site-packages/airflow/example_dags/example_python_decorator.py for tasks to queue
[2024-08-09T02:08:52.831+0000] {logging_mixin.py:188} INFO - [2024-08-09T02:08:52.831+0000] {dagbag.py:545} INFO - Filling up the DagBag from /home/airflow/.local/lib/python3.12/site-packages/airflow/example_dags/example_python_decorator.py
[2024-08-09T02:08:52.860+0000] {processor.py:840} INFO - DAG(s) 'example_python_decorator' retrieved from /home/airflow/.local/lib/python3.12/site-packages/airflow/example_dags/example_python_decorator.py
[2024-08-09T02:08:52.918+0000] {logging_mixin.py:188} INFO - [2024-08-09T02:08:52.918+0000] {dag.py:3089} INFO - Sync 1 DAGs
[2024-08-09T02:08:52.939+0000] {logging_mixin.py:188} INFO - [2024-08-09T02:08:52.939+0000] {dag.py:3947} INFO - Setting next_dagrun for example_python_decorator to None, run_after=None
[2024-08-09T02:08:52.978+0000] {processor.py:183} INFO - Processing /home/airflow/.local/lib/python3.12/site-packages/airflow/example_dags/example_python_decorator.py took 0.168 seconds
[2024-08-09T02:09:23.557+0000] {processor.py:161} INFO - Started process (PID=3969) to work on /home/airflow/.local/lib/python3.12/site-packages/airflow/example_dags/example_python_decorator.py
[2024-08-09T02:09:23.561+0000] {processor.py:830} INFO - Processing file /home/airflow/.local/lib/python3.12/site-packages/airflow/example_dags/example_python_decorator.py for tasks to queue
[2024-08-09T02:09:23.571+0000] {logging_mixin.py:188} INFO - [2024-08-09T02:09:23.570+0000] {dagbag.py:545} INFO - Filling up the DagBag from /home/airflow/.local/lib/python3.12/site-packages/airflow/example_dags/example_python_decorator.py
[2024-08-09T02:09:23.641+0000] {processor.py:840} INFO - DAG(s) 'example_python_decorator' retrieved from /home/airflow/.local/lib/python3.12/site-packages/airflow/example_dags/example_python_decorator.py
[2024-08-09T02:09:23.755+0000] {logging_mixin.py:188} INFO - [2024-08-09T02:09:23.754+0000] {dag.py:3089} INFO - Sync 1 DAGs
[2024-08-09T02:09:23.811+0000] {logging_mixin.py:188} INFO - [2024-08-09T02:09:23.811+0000] {dag.py:3947} INFO - Setting next_dagrun for example_python_decorator to None, run_after=None
[2024-08-09T02:09:23.854+0000] {processor.py:183} INFO - Processing /home/airflow/.local/lib/python3.12/site-packages/airflow/example_dags/example_python_decorator.py took 0.325 seconds
[2024-08-09T02:09:54.201+0000] {processor.py:161} INFO - Started process (PID=4027) to work on /home/airflow/.local/lib/python3.12/site-packages/airflow/example_dags/example_python_decorator.py
[2024-08-09T02:09:54.204+0000] {processor.py:830} INFO - Processing file /home/airflow/.local/lib/python3.12/site-packages/airflow/example_dags/example_python_decorator.py for tasks to queue
[2024-08-09T02:09:54.212+0000] {logging_mixin.py:188} INFO - [2024-08-09T02:09:54.210+0000] {dagbag.py:545} INFO - Filling up the DagBag from /home/airflow/.local/lib/python3.12/site-packages/airflow/example_dags/example_python_decorator.py
[2024-08-09T02:09:54.258+0000] {processor.py:840} INFO - DAG(s) 'example_python_decorator' retrieved from /home/airflow/.local/lib/python3.12/site-packages/airflow/example_dags/example_python_decorator.py
[2024-08-09T02:09:54.336+0000] {logging_mixin.py:188} INFO - [2024-08-09T02:09:54.336+0000] {dag.py:3089} INFO - Sync 1 DAGs
[2024-08-09T02:09:54.388+0000] {logging_mixin.py:188} INFO - [2024-08-09T02:09:54.388+0000] {dag.py:3947} INFO - Setting next_dagrun for example_python_decorator to None, run_after=None
[2024-08-09T02:09:54.568+0000] {processor.py:183} INFO - Processing /home/airflow/.local/lib/python3.12/site-packages/airflow/example_dags/example_python_decorator.py took 0.385 seconds
[2024-08-09T02:10:24.864+0000] {processor.py:161} INFO - Started process (PID=4085) to work on /home/airflow/.local/lib/python3.12/site-packages/airflow/example_dags/example_python_decorator.py
[2024-08-09T02:10:24.872+0000] {processor.py:830} INFO - Processing file /home/airflow/.local/lib/python3.12/site-packages/airflow/example_dags/example_python_decorator.py for tasks to queue
[2024-08-09T02:10:24.877+0000] {logging_mixin.py:188} INFO - [2024-08-09T02:10:24.876+0000] {dagbag.py:545} INFO - Filling up the DagBag from /home/airflow/.local/lib/python3.12/site-packages/airflow/example_dags/example_python_decorator.py
[2024-08-09T02:10:24.912+0000] {processor.py:840} INFO - DAG(s) 'example_python_decorator' retrieved from /home/airflow/.local/lib/python3.12/site-packages/airflow/example_dags/example_python_decorator.py
[2024-08-09T02:10:24.995+0000] {logging_mixin.py:188} INFO - [2024-08-09T02:10:24.995+0000] {dag.py:3089} INFO - Sync 1 DAGs
[2024-08-09T02:10:25.024+0000] {logging_mixin.py:188} INFO - [2024-08-09T02:10:25.024+0000] {dag.py:3947} INFO - Setting next_dagrun for example_python_decorator to None, run_after=None
[2024-08-09T02:10:25.054+0000] {processor.py:183} INFO - Processing /home/airflow/.local/lib/python3.12/site-packages/airflow/example_dags/example_python_decorator.py took 0.207 seconds
[2024-08-09T02:10:55.311+0000] {processor.py:161} INFO - Started process (PID=4142) to work on /home/airflow/.local/lib/python3.12/site-packages/airflow/example_dags/example_python_decorator.py
[2024-08-09T02:10:55.315+0000] {processor.py:830} INFO - Processing file /home/airflow/.local/lib/python3.12/site-packages/airflow/example_dags/example_python_decorator.py for tasks to queue
[2024-08-09T02:10:55.320+0000] {logging_mixin.py:188} INFO - [2024-08-09T02:10:55.319+0000] {dagbag.py:545} INFO - Filling up the DagBag from /home/airflow/.local/lib/python3.12/site-packages/airflow/example_dags/example_python_decorator.py
[2024-08-09T02:10:55.351+0000] {processor.py:840} INFO - DAG(s) 'example_python_decorator' retrieved from /home/airflow/.local/lib/python3.12/site-packages/airflow/example_dags/example_python_decorator.py
[2024-08-09T02:10:55.444+0000] {logging_mixin.py:188} INFO - [2024-08-09T02:10:55.444+0000] {dag.py:3089} INFO - Sync 1 DAGs
[2024-08-09T02:10:55.483+0000] {logging_mixin.py:188} INFO - [2024-08-09T02:10:55.483+0000] {dag.py:3947} INFO - Setting next_dagrun for example_python_decorator to None, run_after=None
[2024-08-09T02:10:55.553+0000] {processor.py:183} INFO - Processing /home/airflow/.local/lib/python3.12/site-packages/airflow/example_dags/example_python_decorator.py took 0.271 seconds
[2024-08-09T02:11:26.077+0000] {processor.py:161} INFO - Started process (PID=4200) to work on /home/airflow/.local/lib/python3.12/site-packages/airflow/example_dags/example_python_decorator.py
[2024-08-09T02:11:26.080+0000] {processor.py:830} INFO - Processing file /home/airflow/.local/lib/python3.12/site-packages/airflow/example_dags/example_python_decorator.py for tasks to queue
[2024-08-09T02:11:26.087+0000] {logging_mixin.py:188} INFO - [2024-08-09T02:11:26.086+0000] {dagbag.py:545} INFO - Filling up the DagBag from /home/airflow/.local/lib/python3.12/site-packages/airflow/example_dags/example_python_decorator.py
[2024-08-09T02:11:26.124+0000] {processor.py:840} INFO - DAG(s) 'example_python_decorator' retrieved from /home/airflow/.local/lib/python3.12/site-packages/airflow/example_dags/example_python_decorator.py
[2024-08-09T02:11:26.211+0000] {logging_mixin.py:188} INFO - [2024-08-09T02:11:26.211+0000] {dag.py:3089} INFO - Sync 1 DAGs
[2024-08-09T02:11:26.251+0000] {logging_mixin.py:188} INFO - [2024-08-09T02:11:26.250+0000] {dag.py:3947} INFO - Setting next_dagrun for example_python_decorator to None, run_after=None
[2024-08-09T02:11:26.293+0000] {processor.py:183} INFO - Processing /home/airflow/.local/lib/python3.12/site-packages/airflow/example_dags/example_python_decorator.py took 0.240 seconds
[2024-08-09T02:11:56.682+0000] {processor.py:161} INFO - Started process (PID=4258) to work on /home/airflow/.local/lib/python3.12/site-packages/airflow/example_dags/example_python_decorator.py
[2024-08-09T02:11:56.684+0000] {processor.py:830} INFO - Processing file /home/airflow/.local/lib/python3.12/site-packages/airflow/example_dags/example_python_decorator.py for tasks to queue
[2024-08-09T02:11:56.690+0000] {logging_mixin.py:188} INFO - [2024-08-09T02:11:56.689+0000] {dagbag.py:545} INFO - Filling up the DagBag from /home/airflow/.local/lib/python3.12/site-packages/airflow/example_dags/example_python_decorator.py
[2024-08-09T02:11:56.736+0000] {processor.py:840} INFO - DAG(s) 'example_python_decorator' retrieved from /home/airflow/.local/lib/python3.12/site-packages/airflow/example_dags/example_python_decorator.py
[2024-08-09T02:11:56.821+0000] {logging_mixin.py:188} INFO - [2024-08-09T02:11:56.820+0000] {dag.py:3089} INFO - Sync 1 DAGs
[2024-08-09T02:11:56.849+0000] {logging_mixin.py:188} INFO - [2024-08-09T02:11:56.849+0000] {dag.py:3947} INFO - Setting next_dagrun for example_python_decorator to None, run_after=None
[2024-08-09T02:11:56.919+0000] {processor.py:183} INFO - Processing /home/airflow/.local/lib/python3.12/site-packages/airflow/example_dags/example_python_decorator.py took 0.253 seconds
[2024-08-09T02:12:27.311+0000] {processor.py:161} INFO - Started process (PID=4316) to work on /home/airflow/.local/lib/python3.12/site-packages/airflow/example_dags/example_python_decorator.py
[2024-08-09T02:12:27.313+0000] {processor.py:830} INFO - Processing file /home/airflow/.local/lib/python3.12/site-packages/airflow/example_dags/example_python_decorator.py for tasks to queue
[2024-08-09T02:12:27.318+0000] {logging_mixin.py:188} INFO - [2024-08-09T02:12:27.317+0000] {dagbag.py:545} INFO - Filling up the DagBag from /home/airflow/.local/lib/python3.12/site-packages/airflow/example_dags/example_python_decorator.py
[2024-08-09T02:12:27.367+0000] {processor.py:840} INFO - DAG(s) 'example_python_decorator' retrieved from /home/airflow/.local/lib/python3.12/site-packages/airflow/example_dags/example_python_decorator.py
[2024-08-09T02:12:27.436+0000] {logging_mixin.py:188} INFO - [2024-08-09T02:12:27.435+0000] {dag.py:3089} INFO - Sync 1 DAGs
[2024-08-09T02:12:27.469+0000] {logging_mixin.py:188} INFO - [2024-08-09T02:12:27.468+0000] {dag.py:3947} INFO - Setting next_dagrun for example_python_decorator to None, run_after=None
[2024-08-09T02:12:27.509+0000] {processor.py:183} INFO - Processing /home/airflow/.local/lib/python3.12/site-packages/airflow/example_dags/example_python_decorator.py took 0.217 seconds
[2024-08-09T02:12:57.767+0000] {processor.py:161} INFO - Started process (PID=4374) to work on /home/airflow/.local/lib/python3.12/site-packages/airflow/example_dags/example_python_decorator.py
[2024-08-09T02:12:57.771+0000] {processor.py:830} INFO - Processing file /home/airflow/.local/lib/python3.12/site-packages/airflow/example_dags/example_python_decorator.py for tasks to queue
[2024-08-09T02:12:57.778+0000] {logging_mixin.py:188} INFO - [2024-08-09T02:12:57.777+0000] {dagbag.py:545} INFO - Filling up the DagBag from /home/airflow/.local/lib/python3.12/site-packages/airflow/example_dags/example_python_decorator.py
[2024-08-09T02:12:57.825+0000] {processor.py:840} INFO - DAG(s) 'example_python_decorator' retrieved from /home/airflow/.local/lib/python3.12/site-packages/airflow/example_dags/example_python_decorator.py
[2024-08-09T02:12:57.905+0000] {logging_mixin.py:188} INFO - [2024-08-09T02:12:57.905+0000] {dag.py:3089} INFO - Sync 1 DAGs
[2024-08-09T02:12:57.946+0000] {logging_mixin.py:188} INFO - [2024-08-09T02:12:57.945+0000] {dag.py:3947} INFO - Setting next_dagrun for example_python_decorator to None, run_after=None
[2024-08-09T02:12:57.985+0000] {processor.py:183} INFO - Processing /home/airflow/.local/lib/python3.12/site-packages/airflow/example_dags/example_python_decorator.py took 0.242 seconds
[2024-08-09T02:13:28.302+0000] {processor.py:161} INFO - Started process (PID=4431) to work on /home/airflow/.local/lib/python3.12/site-packages/airflow/example_dags/example_python_decorator.py
[2024-08-09T02:13:28.304+0000] {processor.py:830} INFO - Processing file /home/airflow/.local/lib/python3.12/site-packages/airflow/example_dags/example_python_decorator.py for tasks to queue
[2024-08-09T02:13:28.308+0000] {logging_mixin.py:188} INFO - [2024-08-09T02:13:28.308+0000] {dagbag.py:545} INFO - Filling up the DagBag from /home/airflow/.local/lib/python3.12/site-packages/airflow/example_dags/example_python_decorator.py
[2024-08-09T02:13:28.343+0000] {processor.py:840} INFO - DAG(s) 'example_python_decorator' retrieved from /home/airflow/.local/lib/python3.12/site-packages/airflow/example_dags/example_python_decorator.py
[2024-08-09T02:13:28.419+0000] {logging_mixin.py:188} INFO - [2024-08-09T02:13:28.418+0000] {dag.py:3089} INFO - Sync 1 DAGs
[2024-08-09T02:13:28.463+0000] {logging_mixin.py:188} INFO - [2024-08-09T02:13:28.462+0000] {dag.py:3947} INFO - Setting next_dagrun for example_python_decorator to None, run_after=None
[2024-08-09T02:13:28.538+0000] {processor.py:183} INFO - Processing /home/airflow/.local/lib/python3.12/site-packages/airflow/example_dags/example_python_decorator.py took 0.253 seconds
[2024-08-09T02:13:58.689+0000] {processor.py:161} INFO - Started process (PID=4489) to work on /home/airflow/.local/lib/python3.12/site-packages/airflow/example_dags/example_python_decorator.py
[2024-08-09T02:13:58.693+0000] {processor.py:830} INFO - Processing file /home/airflow/.local/lib/python3.12/site-packages/airflow/example_dags/example_python_decorator.py for tasks to queue
[2024-08-09T02:13:58.702+0000] {logging_mixin.py:188} INFO - [2024-08-09T02:13:58.700+0000] {dagbag.py:545} INFO - Filling up the DagBag from /home/airflow/.local/lib/python3.12/site-packages/airflow/example_dags/example_python_decorator.py
[2024-08-09T02:13:58.740+0000] {processor.py:840} INFO - DAG(s) 'example_python_decorator' retrieved from /home/airflow/.local/lib/python3.12/site-packages/airflow/example_dags/example_python_decorator.py
[2024-08-09T02:13:58.817+0000] {logging_mixin.py:188} INFO - [2024-08-09T02:13:58.816+0000] {dag.py:3089} INFO - Sync 1 DAGs
[2024-08-09T02:13:58.851+0000] {logging_mixin.py:188} INFO - [2024-08-09T02:13:58.850+0000] {dag.py:3947} INFO - Setting next_dagrun for example_python_decorator to None, run_after=None
[2024-08-09T02:13:58.889+0000] {processor.py:183} INFO - Processing /home/airflow/.local/lib/python3.12/site-packages/airflow/example_dags/example_python_decorator.py took 0.233 seconds
[2024-08-09T02:14:29.031+0000] {processor.py:161} INFO - Started process (PID=4547) to work on /home/airflow/.local/lib/python3.12/site-packages/airflow/example_dags/example_python_decorator.py
[2024-08-09T02:14:29.034+0000] {processor.py:830} INFO - Processing file /home/airflow/.local/lib/python3.12/site-packages/airflow/example_dags/example_python_decorator.py for tasks to queue
[2024-08-09T02:14:29.042+0000] {logging_mixin.py:188} INFO - [2024-08-09T02:14:29.041+0000] {dagbag.py:545} INFO - Filling up the DagBag from /home/airflow/.local/lib/python3.12/site-packages/airflow/example_dags/example_python_decorator.py
[2024-08-09T02:14:29.091+0000] {processor.py:840} INFO - DAG(s) 'example_python_decorator' retrieved from /home/airflow/.local/lib/python3.12/site-packages/airflow/example_dags/example_python_decorator.py
[2024-08-09T02:14:29.164+0000] {logging_mixin.py:188} INFO - [2024-08-09T02:14:29.163+0000] {dag.py:3089} INFO - Sync 1 DAGs
[2024-08-09T02:14:29.212+0000] {logging_mixin.py:188} INFO - [2024-08-09T02:14:29.212+0000] {dag.py:3947} INFO - Setting next_dagrun for example_python_decorator to None, run_after=None
[2024-08-09T02:14:29.284+0000] {processor.py:183} INFO - Processing /home/airflow/.local/lib/python3.12/site-packages/airflow/example_dags/example_python_decorator.py took 0.280 seconds
[2024-08-09T02:14:59.542+0000] {processor.py:161} INFO - Started process (PID=4604) to work on /home/airflow/.local/lib/python3.12/site-packages/airflow/example_dags/example_python_decorator.py
[2024-08-09T02:14:59.546+0000] {processor.py:830} INFO - Processing file /home/airflow/.local/lib/python3.12/site-packages/airflow/example_dags/example_python_decorator.py for tasks to queue
[2024-08-09T02:14:59.550+0000] {logging_mixin.py:188} INFO - [2024-08-09T02:14:59.550+0000] {dagbag.py:545} INFO - Filling up the DagBag from /home/airflow/.local/lib/python3.12/site-packages/airflow/example_dags/example_python_decorator.py
[2024-08-09T02:14:59.583+0000] {processor.py:840} INFO - DAG(s) 'example_python_decorator' retrieved from /home/airflow/.local/lib/python3.12/site-packages/airflow/example_dags/example_python_decorator.py
[2024-08-09T02:14:59.656+0000] {logging_mixin.py:188} INFO - [2024-08-09T02:14:59.655+0000] {dag.py:3089} INFO - Sync 1 DAGs
[2024-08-09T02:14:59.688+0000] {logging_mixin.py:188} INFO - [2024-08-09T02:14:59.687+0000] {dag.py:3947} INFO - Setting next_dagrun for example_python_decorator to None, run_after=None
[2024-08-09T02:14:59.746+0000] {processor.py:183} INFO - Processing /home/airflow/.local/lib/python3.12/site-packages/airflow/example_dags/example_python_decorator.py took 0.221 seconds
[2024-08-09T02:15:31.409+0000] {processor.py:161} INFO - Started process (PID=4663) to work on /home/airflow/.local/lib/python3.12/site-packages/airflow/example_dags/example_python_decorator.py
[2024-08-09T02:15:31.412+0000] {processor.py:830} INFO - Processing file /home/airflow/.local/lib/python3.12/site-packages/airflow/example_dags/example_python_decorator.py for tasks to queue
[2024-08-09T02:15:31.418+0000] {logging_mixin.py:188} INFO - [2024-08-09T02:15:31.417+0000] {dagbag.py:545} INFO - Filling up the DagBag from /home/airflow/.local/lib/python3.12/site-packages/airflow/example_dags/example_python_decorator.py
[2024-08-09T02:15:31.459+0000] {processor.py:840} INFO - DAG(s) 'example_python_decorator' retrieved from /home/airflow/.local/lib/python3.12/site-packages/airflow/example_dags/example_python_decorator.py
[2024-08-09T02:15:31.556+0000] {logging_mixin.py:188} INFO - [2024-08-09T02:15:31.556+0000] {dag.py:3089} INFO - Sync 1 DAGs
[2024-08-09T02:15:31.596+0000] {logging_mixin.py:188} INFO - [2024-08-09T02:15:31.595+0000] {dag.py:3947} INFO - Setting next_dagrun for example_python_decorator to None, run_after=None
[2024-08-09T02:15:31.649+0000] {processor.py:183} INFO - Processing /home/airflow/.local/lib/python3.12/site-packages/airflow/example_dags/example_python_decorator.py took 0.259 seconds
[2024-08-09T02:16:02.390+0000] {processor.py:161} INFO - Started process (PID=4721) to work on /home/airflow/.local/lib/python3.12/site-packages/airflow/example_dags/example_python_decorator.py
[2024-08-09T02:16:02.398+0000] {processor.py:830} INFO - Processing file /home/airflow/.local/lib/python3.12/site-packages/airflow/example_dags/example_python_decorator.py for tasks to queue
[2024-08-09T02:16:02.414+0000] {logging_mixin.py:188} INFO - [2024-08-09T02:16:02.403+0000] {dagbag.py:545} INFO - Filling up the DagBag from /home/airflow/.local/lib/python3.12/site-packages/airflow/example_dags/example_python_decorator.py
[2024-08-09T02:16:02.551+0000] {processor.py:840} INFO - DAG(s) 'example_python_decorator' retrieved from /home/airflow/.local/lib/python3.12/site-packages/airflow/example_dags/example_python_decorator.py
[2024-08-09T02:16:02.659+0000] {logging_mixin.py:188} INFO - [2024-08-09T02:16:02.658+0000] {dag.py:3089} INFO - Sync 1 DAGs
[2024-08-09T02:16:02.738+0000] {logging_mixin.py:188} INFO - [2024-08-09T02:16:02.737+0000] {dag.py:3947} INFO - Setting next_dagrun for example_python_decorator to None, run_after=None
[2024-08-09T02:16:02.868+0000] {processor.py:183} INFO - Processing /home/airflow/.local/lib/python3.12/site-packages/airflow/example_dags/example_python_decorator.py took 0.498 seconds
