[2024-08-09T01:42:30.850+0000] {processor.py:161} INFO - Started process (PID=996) to work on /home/airflow/.local/lib/python3.12/site-packages/airflow/example_dags/example_complex.py
[2024-08-09T01:42:30.852+0000] {processor.py:830} INFO - Processing file /home/airflow/.local/lib/python3.12/site-packages/airflow/example_dags/example_complex.py for tasks to queue
[2024-08-09T01:42:30.859+0000] {logging_mixin.py:188} INFO - [2024-08-09T01:42:30.857+0000] {dagbag.py:545} INFO - Filling up the DagBag from /home/airflow/.local/lib/python3.12/site-packages/airflow/example_dags/example_complex.py
[2024-08-09T01:42:30.888+0000] {processor.py:840} INFO - DAG(s) 'example_complex' retrieved from /home/airflow/.local/lib/python3.12/site-packages/airflow/example_dags/example_complex.py
[2024-08-09T01:42:30.964+0000] {logging_mixin.py:188} INFO - [2024-08-09T01:42:30.964+0000] {dag.py:3089} INFO - Sync 1 DAGs
[2024-08-09T01:42:30.996+0000] {logging_mixin.py:188} INFO - [2024-08-09T01:42:30.995+0000] {dag.py:3947} INFO - Setting next_dagrun for example_complex to None, run_after=None
[2024-08-09T01:42:31.037+0000] {processor.py:183} INFO - Processing /home/airflow/.local/lib/python3.12/site-packages/airflow/example_dags/example_complex.py took 0.209 seconds
[2024-08-09T01:43:01.739+0000] {processor.py:161} INFO - Started process (PID=1054) to work on /home/airflow/.local/lib/python3.12/site-packages/airflow/example_dags/example_complex.py
[2024-08-09T01:43:01.741+0000] {processor.py:830} INFO - Processing file /home/airflow/.local/lib/python3.12/site-packages/airflow/example_dags/example_complex.py for tasks to queue
[2024-08-09T01:43:01.746+0000] {logging_mixin.py:188} INFO - [2024-08-09T01:43:01.745+0000] {dagbag.py:545} INFO - Filling up the DagBag from /home/airflow/.local/lib/python3.12/site-packages/airflow/example_dags/example_complex.py
[2024-08-09T01:43:01.770+0000] {processor.py:840} INFO - DAG(s) 'example_complex' retrieved from /home/airflow/.local/lib/python3.12/site-packages/airflow/example_dags/example_complex.py
[2024-08-09T01:43:01.840+0000] {logging_mixin.py:188} INFO - [2024-08-09T01:43:01.840+0000] {dag.py:3089} INFO - Sync 1 DAGs
[2024-08-09T01:43:01.871+0000] {logging_mixin.py:188} INFO - [2024-08-09T01:43:01.870+0000] {dag.py:3947} INFO - Setting next_dagrun for example_complex to None, run_after=None
[2024-08-09T01:43:01.905+0000] {processor.py:183} INFO - Processing /home/airflow/.local/lib/python3.12/site-packages/airflow/example_dags/example_complex.py took 0.183 seconds
[2024-08-09T01:43:33.517+0000] {processor.py:161} INFO - Started process (PID=1112) to work on /home/airflow/.local/lib/python3.12/site-packages/airflow/example_dags/example_complex.py
[2024-08-09T01:43:33.521+0000] {processor.py:830} INFO - Processing file /home/airflow/.local/lib/python3.12/site-packages/airflow/example_dags/example_complex.py for tasks to queue
[2024-08-09T01:43:33.530+0000] {logging_mixin.py:188} INFO - [2024-08-09T01:43:33.529+0000] {dagbag.py:545} INFO - Filling up the DagBag from /home/airflow/.local/lib/python3.12/site-packages/airflow/example_dags/example_complex.py
[2024-08-09T01:43:33.565+0000] {processor.py:840} INFO - DAG(s) 'example_complex' retrieved from /home/airflow/.local/lib/python3.12/site-packages/airflow/example_dags/example_complex.py
[2024-08-09T01:43:33.678+0000] {logging_mixin.py:188} INFO - [2024-08-09T01:43:33.677+0000] {dag.py:3089} INFO - Sync 1 DAGs
[2024-08-09T01:43:33.717+0000] {logging_mixin.py:188} INFO - [2024-08-09T01:43:33.717+0000] {dag.py:3947} INFO - Setting next_dagrun for example_complex to None, run_after=None
[2024-08-09T01:43:33.777+0000] {processor.py:183} INFO - Processing /home/airflow/.local/lib/python3.12/site-packages/airflow/example_dags/example_complex.py took 0.284 seconds
[2024-08-09T01:44:04.607+0000] {processor.py:161} INFO - Started process (PID=1170) to work on /home/airflow/.local/lib/python3.12/site-packages/airflow/example_dags/example_complex.py
[2024-08-09T01:44:04.609+0000] {processor.py:830} INFO - Processing file /home/airflow/.local/lib/python3.12/site-packages/airflow/example_dags/example_complex.py for tasks to queue
[2024-08-09T01:44:04.615+0000] {logging_mixin.py:188} INFO - [2024-08-09T01:44:04.614+0000] {dagbag.py:545} INFO - Filling up the DagBag from /home/airflow/.local/lib/python3.12/site-packages/airflow/example_dags/example_complex.py
[2024-08-09T01:44:04.641+0000] {processor.py:840} INFO - DAG(s) 'example_complex' retrieved from /home/airflow/.local/lib/python3.12/site-packages/airflow/example_dags/example_complex.py
[2024-08-09T01:44:04.730+0000] {logging_mixin.py:188} INFO - [2024-08-09T01:44:04.729+0000] {dag.py:3089} INFO - Sync 1 DAGs
[2024-08-09T01:44:04.762+0000] {logging_mixin.py:188} INFO - [2024-08-09T01:44:04.762+0000] {dag.py:3947} INFO - Setting next_dagrun for example_complex to None, run_after=None
[2024-08-09T01:44:04.805+0000] {processor.py:183} INFO - Processing /home/airflow/.local/lib/python3.12/site-packages/airflow/example_dags/example_complex.py took 0.215 seconds
[2024-08-09T01:44:35.463+0000] {processor.py:161} INFO - Started process (PID=1228) to work on /home/airflow/.local/lib/python3.12/site-packages/airflow/example_dags/example_complex.py
[2024-08-09T01:44:35.467+0000] {processor.py:830} INFO - Processing file /home/airflow/.local/lib/python3.12/site-packages/airflow/example_dags/example_complex.py for tasks to queue
[2024-08-09T01:44:35.481+0000] {logging_mixin.py:188} INFO - [2024-08-09T01:44:35.480+0000] {dagbag.py:545} INFO - Filling up the DagBag from /home/airflow/.local/lib/python3.12/site-packages/airflow/example_dags/example_complex.py
[2024-08-09T01:44:35.511+0000] {processor.py:840} INFO - DAG(s) 'example_complex' retrieved from /home/airflow/.local/lib/python3.12/site-packages/airflow/example_dags/example_complex.py
[2024-08-09T01:44:35.605+0000] {logging_mixin.py:188} INFO - [2024-08-09T01:44:35.605+0000] {dag.py:3089} INFO - Sync 1 DAGs
[2024-08-09T01:44:35.645+0000] {logging_mixin.py:188} INFO - [2024-08-09T01:44:35.644+0000] {dag.py:3947} INFO - Setting next_dagrun for example_complex to None, run_after=None
[2024-08-09T01:44:35.690+0000] {processor.py:183} INFO - Processing /home/airflow/.local/lib/python3.12/site-packages/airflow/example_dags/example_complex.py took 0.260 seconds
[2024-08-09T01:45:05.948+0000] {processor.py:161} INFO - Started process (PID=1286) to work on /home/airflow/.local/lib/python3.12/site-packages/airflow/example_dags/example_complex.py
[2024-08-09T01:45:05.950+0000] {processor.py:830} INFO - Processing file /home/airflow/.local/lib/python3.12/site-packages/airflow/example_dags/example_complex.py for tasks to queue
[2024-08-09T01:45:05.955+0000] {logging_mixin.py:188} INFO - [2024-08-09T01:45:05.954+0000] {dagbag.py:545} INFO - Filling up the DagBag from /home/airflow/.local/lib/python3.12/site-packages/airflow/example_dags/example_complex.py
[2024-08-09T01:45:05.978+0000] {processor.py:840} INFO - DAG(s) 'example_complex' retrieved from /home/airflow/.local/lib/python3.12/site-packages/airflow/example_dags/example_complex.py
[2024-08-09T01:45:06.047+0000] {logging_mixin.py:188} INFO - [2024-08-09T01:45:06.047+0000] {dag.py:3089} INFO - Sync 1 DAGs
[2024-08-09T01:45:06.074+0000] {logging_mixin.py:188} INFO - [2024-08-09T01:45:06.074+0000] {dag.py:3947} INFO - Setting next_dagrun for example_complex to None, run_after=None
[2024-08-09T01:45:06.108+0000] {processor.py:183} INFO - Processing /home/airflow/.local/lib/python3.12/site-packages/airflow/example_dags/example_complex.py took 0.177 seconds
[2024-08-09T01:45:36.792+0000] {processor.py:161} INFO - Started process (PID=1343) to work on /home/airflow/.local/lib/python3.12/site-packages/airflow/example_dags/example_complex.py
[2024-08-09T01:45:36.794+0000] {processor.py:830} INFO - Processing file /home/airflow/.local/lib/python3.12/site-packages/airflow/example_dags/example_complex.py for tasks to queue
[2024-08-09T01:45:36.800+0000] {logging_mixin.py:188} INFO - [2024-08-09T01:45:36.799+0000] {dagbag.py:545} INFO - Filling up the DagBag from /home/airflow/.local/lib/python3.12/site-packages/airflow/example_dags/example_complex.py
[2024-08-09T01:45:36.823+0000] {processor.py:840} INFO - DAG(s) 'example_complex' retrieved from /home/airflow/.local/lib/python3.12/site-packages/airflow/example_dags/example_complex.py
[2024-08-09T01:45:36.888+0000] {logging_mixin.py:188} INFO - [2024-08-09T01:45:36.887+0000] {dag.py:3089} INFO - Sync 1 DAGs
[2024-08-09T01:45:36.919+0000] {logging_mixin.py:188} INFO - [2024-08-09T01:45:36.919+0000] {dag.py:3947} INFO - Setting next_dagrun for example_complex to None, run_after=None
[2024-08-09T01:45:36.957+0000] {processor.py:183} INFO - Processing /home/airflow/.local/lib/python3.12/site-packages/airflow/example_dags/example_complex.py took 0.181 seconds
[2024-08-09T01:46:07.685+0000] {processor.py:161} INFO - Started process (PID=1401) to work on /home/airflow/.local/lib/python3.12/site-packages/airflow/example_dags/example_complex.py
[2024-08-09T01:46:07.688+0000] {processor.py:830} INFO - Processing file /home/airflow/.local/lib/python3.12/site-packages/airflow/example_dags/example_complex.py for tasks to queue
[2024-08-09T01:46:07.693+0000] {logging_mixin.py:188} INFO - [2024-08-09T01:46:07.693+0000] {dagbag.py:545} INFO - Filling up the DagBag from /home/airflow/.local/lib/python3.12/site-packages/airflow/example_dags/example_complex.py
[2024-08-09T01:46:07.713+0000] {processor.py:840} INFO - DAG(s) 'example_complex' retrieved from /home/airflow/.local/lib/python3.12/site-packages/airflow/example_dags/example_complex.py
[2024-08-09T01:46:07.773+0000] {logging_mixin.py:188} INFO - [2024-08-09T01:46:07.773+0000] {dag.py:3089} INFO - Sync 1 DAGs
[2024-08-09T01:46:07.797+0000] {logging_mixin.py:188} INFO - [2024-08-09T01:46:07.797+0000] {dag.py:3947} INFO - Setting next_dagrun for example_complex to None, run_after=None
[2024-08-09T01:46:07.833+0000] {processor.py:183} INFO - Processing /home/airflow/.local/lib/python3.12/site-packages/airflow/example_dags/example_complex.py took 0.165 seconds
[2024-08-09T01:46:38.556+0000] {processor.py:161} INFO - Started process (PID=1458) to work on /home/airflow/.local/lib/python3.12/site-packages/airflow/example_dags/example_complex.py
[2024-08-09T01:46:38.559+0000] {processor.py:830} INFO - Processing file /home/airflow/.local/lib/python3.12/site-packages/airflow/example_dags/example_complex.py for tasks to queue
[2024-08-09T01:46:38.565+0000] {logging_mixin.py:188} INFO - [2024-08-09T01:46:38.564+0000] {dagbag.py:545} INFO - Filling up the DagBag from /home/airflow/.local/lib/python3.12/site-packages/airflow/example_dags/example_complex.py
[2024-08-09T01:46:38.586+0000] {processor.py:840} INFO - DAG(s) 'example_complex' retrieved from /home/airflow/.local/lib/python3.12/site-packages/airflow/example_dags/example_complex.py
[2024-08-09T01:46:38.656+0000] {logging_mixin.py:188} INFO - [2024-08-09T01:46:38.655+0000] {dag.py:3089} INFO - Sync 1 DAGs
[2024-08-09T01:46:38.681+0000] {logging_mixin.py:188} INFO - [2024-08-09T01:46:38.681+0000] {dag.py:3947} INFO - Setting next_dagrun for example_complex to None, run_after=None
[2024-08-09T01:46:38.713+0000] {processor.py:183} INFO - Processing /home/airflow/.local/lib/python3.12/site-packages/airflow/example_dags/example_complex.py took 0.174 seconds
[2024-08-09T01:47:09.561+0000] {processor.py:161} INFO - Started process (PID=1516) to work on /home/airflow/.local/lib/python3.12/site-packages/airflow/example_dags/example_complex.py
[2024-08-09T01:47:09.564+0000] {processor.py:830} INFO - Processing file /home/airflow/.local/lib/python3.12/site-packages/airflow/example_dags/example_complex.py for tasks to queue
[2024-08-09T01:47:09.572+0000] {logging_mixin.py:188} INFO - [2024-08-09T01:47:09.570+0000] {dagbag.py:545} INFO - Filling up the DagBag from /home/airflow/.local/lib/python3.12/site-packages/airflow/example_dags/example_complex.py
[2024-08-09T01:47:09.598+0000] {processor.py:840} INFO - DAG(s) 'example_complex' retrieved from /home/airflow/.local/lib/python3.12/site-packages/airflow/example_dags/example_complex.py
[2024-08-09T01:47:09.682+0000] {logging_mixin.py:188} INFO - [2024-08-09T01:47:09.681+0000] {dag.py:3089} INFO - Sync 1 DAGs
[2024-08-09T01:47:09.709+0000] {logging_mixin.py:188} INFO - [2024-08-09T01:47:09.708+0000] {dag.py:3947} INFO - Setting next_dagrun for example_complex to None, run_after=None
[2024-08-09T01:47:09.743+0000] {processor.py:183} INFO - Processing /home/airflow/.local/lib/python3.12/site-packages/airflow/example_dags/example_complex.py took 0.204 seconds
[2024-08-09T01:47:41.829+0000] {processor.py:161} INFO - Started process (PID=1574) to work on /home/airflow/.local/lib/python3.12/site-packages/airflow/example_dags/example_complex.py
[2024-08-09T01:47:41.833+0000] {processor.py:830} INFO - Processing file /home/airflow/.local/lib/python3.12/site-packages/airflow/example_dags/example_complex.py for tasks to queue
[2024-08-09T01:47:41.843+0000] {logging_mixin.py:188} INFO - [2024-08-09T01:47:41.842+0000] {dagbag.py:545} INFO - Filling up the DagBag from /home/airflow/.local/lib/python3.12/site-packages/airflow/example_dags/example_complex.py
[2024-08-09T01:47:41.882+0000] {processor.py:840} INFO - DAG(s) 'example_complex' retrieved from /home/airflow/.local/lib/python3.12/site-packages/airflow/example_dags/example_complex.py
[2024-08-09T01:47:41.975+0000] {logging_mixin.py:188} INFO - [2024-08-09T01:47:41.975+0000] {dag.py:3089} INFO - Sync 1 DAGs
[2024-08-09T01:47:42.017+0000] {logging_mixin.py:188} INFO - [2024-08-09T01:47:42.017+0000] {dag.py:3947} INFO - Setting next_dagrun for example_complex to None, run_after=None
[2024-08-09T01:47:42.065+0000] {processor.py:183} INFO - Processing /home/airflow/.local/lib/python3.12/site-packages/airflow/example_dags/example_complex.py took 0.271 seconds
[2024-08-09T01:48:13.425+0000] {processor.py:161} INFO - Started process (PID=1632) to work on /home/airflow/.local/lib/python3.12/site-packages/airflow/example_dags/example_complex.py
[2024-08-09T01:48:13.427+0000] {processor.py:830} INFO - Processing file /home/airflow/.local/lib/python3.12/site-packages/airflow/example_dags/example_complex.py for tasks to queue
[2024-08-09T01:48:13.437+0000] {logging_mixin.py:188} INFO - [2024-08-09T01:48:13.436+0000] {dagbag.py:545} INFO - Filling up the DagBag from /home/airflow/.local/lib/python3.12/site-packages/airflow/example_dags/example_complex.py
[2024-08-09T01:48:13.464+0000] {processor.py:840} INFO - DAG(s) 'example_complex' retrieved from /home/airflow/.local/lib/python3.12/site-packages/airflow/example_dags/example_complex.py
[2024-08-09T01:48:13.549+0000] {logging_mixin.py:188} INFO - [2024-08-09T01:48:13.549+0000] {dag.py:3089} INFO - Sync 1 DAGs
[2024-08-09T01:48:13.582+0000] {logging_mixin.py:188} INFO - [2024-08-09T01:48:13.582+0000] {dag.py:3947} INFO - Setting next_dagrun for example_complex to None, run_after=None
[2024-08-09T01:48:13.633+0000] {processor.py:183} INFO - Processing /home/airflow/.local/lib/python3.12/site-packages/airflow/example_dags/example_complex.py took 0.229 seconds
[2024-08-09T01:48:44.562+0000] {processor.py:161} INFO - Started process (PID=1689) to work on /home/airflow/.local/lib/python3.12/site-packages/airflow/example_dags/example_complex.py
[2024-08-09T01:48:44.565+0000] {processor.py:830} INFO - Processing file /home/airflow/.local/lib/python3.12/site-packages/airflow/example_dags/example_complex.py for tasks to queue
[2024-08-09T01:48:44.572+0000] {logging_mixin.py:188} INFO - [2024-08-09T01:48:44.571+0000] {dagbag.py:545} INFO - Filling up the DagBag from /home/airflow/.local/lib/python3.12/site-packages/airflow/example_dags/example_complex.py
[2024-08-09T01:48:44.608+0000] {processor.py:840} INFO - DAG(s) 'example_complex' retrieved from /home/airflow/.local/lib/python3.12/site-packages/airflow/example_dags/example_complex.py
[2024-08-09T01:48:44.709+0000] {logging_mixin.py:188} INFO - [2024-08-09T01:48:44.709+0000] {dag.py:3089} INFO - Sync 1 DAGs
[2024-08-09T01:48:44.753+0000] {logging_mixin.py:188} INFO - [2024-08-09T01:48:44.752+0000] {dag.py:3947} INFO - Setting next_dagrun for example_complex to None, run_after=None
[2024-08-09T01:48:45.600+0000] {processor.py:183} INFO - Processing /home/airflow/.local/lib/python3.12/site-packages/airflow/example_dags/example_complex.py took 1.062 seconds
[2024-08-09T01:49:15.723+0000] {processor.py:161} INFO - Started process (PID=1747) to work on /home/airflow/.local/lib/python3.12/site-packages/airflow/example_dags/example_complex.py
[2024-08-09T01:49:15.726+0000] {processor.py:830} INFO - Processing file /home/airflow/.local/lib/python3.12/site-packages/airflow/example_dags/example_complex.py for tasks to queue
[2024-08-09T01:49:15.733+0000] {logging_mixin.py:188} INFO - [2024-08-09T01:49:15.732+0000] {dagbag.py:545} INFO - Filling up the DagBag from /home/airflow/.local/lib/python3.12/site-packages/airflow/example_dags/example_complex.py
[2024-08-09T01:49:15.770+0000] {processor.py:840} INFO - DAG(s) 'example_complex' retrieved from /home/airflow/.local/lib/python3.12/site-packages/airflow/example_dags/example_complex.py
[2024-08-09T01:49:15.878+0000] {logging_mixin.py:188} INFO - [2024-08-09T01:49:15.875+0000] {dag.py:3089} INFO - Sync 1 DAGs
[2024-08-09T01:49:15.926+0000] {logging_mixin.py:188} INFO - [2024-08-09T01:49:15.926+0000] {dag.py:3947} INFO - Setting next_dagrun for example_complex to None, run_after=None
[2024-08-09T01:49:15.990+0000] {processor.py:183} INFO - Processing /home/airflow/.local/lib/python3.12/site-packages/airflow/example_dags/example_complex.py took 0.292 seconds
[2024-08-09T01:49:46.169+0000] {processor.py:161} INFO - Started process (PID=1805) to work on /home/airflow/.local/lib/python3.12/site-packages/airflow/example_dags/example_complex.py
[2024-08-09T01:49:46.173+0000] {processor.py:830} INFO - Processing file /home/airflow/.local/lib/python3.12/site-packages/airflow/example_dags/example_complex.py for tasks to queue
[2024-08-09T01:49:46.182+0000] {logging_mixin.py:188} INFO - [2024-08-09T01:49:46.180+0000] {dagbag.py:545} INFO - Filling up the DagBag from /home/airflow/.local/lib/python3.12/site-packages/airflow/example_dags/example_complex.py
[2024-08-09T01:49:46.225+0000] {processor.py:840} INFO - DAG(s) 'example_complex' retrieved from /home/airflow/.local/lib/python3.12/site-packages/airflow/example_dags/example_complex.py
[2024-08-09T01:49:46.341+0000] {logging_mixin.py:188} INFO - [2024-08-09T01:49:46.341+0000] {dag.py:3089} INFO - Sync 1 DAGs
[2024-08-09T01:49:46.377+0000] {logging_mixin.py:188} INFO - [2024-08-09T01:49:46.376+0000] {dag.py:3947} INFO - Setting next_dagrun for example_complex to None, run_after=None
[2024-08-09T01:49:46.436+0000] {processor.py:183} INFO - Processing /home/airflow/.local/lib/python3.12/site-packages/airflow/example_dags/example_complex.py took 0.305 seconds
[2024-08-09T01:50:37.491+0000] {processor.py:161} INFO - Started process (PID=1859) to work on /home/airflow/.local/lib/python3.12/site-packages/airflow/example_dags/example_complex.py
[2024-08-09T01:50:37.497+0000] {processor.py:830} INFO - Processing file /home/airflow/.local/lib/python3.12/site-packages/airflow/example_dags/example_complex.py for tasks to queue
[2024-08-09T01:50:37.506+0000] {logging_mixin.py:188} INFO - [2024-08-09T01:50:37.505+0000] {dagbag.py:545} INFO - Filling up the DagBag from /home/airflow/.local/lib/python3.12/site-packages/airflow/example_dags/example_complex.py
[2024-08-09T01:50:37.553+0000] {processor.py:840} INFO - DAG(s) 'example_complex' retrieved from /home/airflow/.local/lib/python3.12/site-packages/airflow/example_dags/example_complex.py
[2024-08-09T01:50:37.785+0000] {logging_mixin.py:188} INFO - [2024-08-09T01:50:37.784+0000] {dag.py:3089} INFO - Sync 1 DAGs
[2024-08-09T01:50:37.881+0000] {logging_mixin.py:188} INFO - [2024-08-09T01:50:37.876+0000] {dag.py:3947} INFO - Setting next_dagrun for example_complex to None, run_after=None
[2024-08-09T01:50:38.122+0000] {processor.py:183} INFO - Processing /home/airflow/.local/lib/python3.12/site-packages/airflow/example_dags/example_complex.py took 0.747 seconds
[2024-08-09T01:51:08.520+0000] {processor.py:161} INFO - Started process (PID=1917) to work on /home/airflow/.local/lib/python3.12/site-packages/airflow/example_dags/example_complex.py
[2024-08-09T01:51:08.523+0000] {processor.py:830} INFO - Processing file /home/airflow/.local/lib/python3.12/site-packages/airflow/example_dags/example_complex.py for tasks to queue
[2024-08-09T01:51:08.529+0000] {logging_mixin.py:188} INFO - [2024-08-09T01:51:08.528+0000] {dagbag.py:545} INFO - Filling up the DagBag from /home/airflow/.local/lib/python3.12/site-packages/airflow/example_dags/example_complex.py
[2024-08-09T01:51:08.571+0000] {processor.py:840} INFO - DAG(s) 'example_complex' retrieved from /home/airflow/.local/lib/python3.12/site-packages/airflow/example_dags/example_complex.py
[2024-08-09T01:51:08.784+0000] {logging_mixin.py:188} INFO - [2024-08-09T01:51:08.784+0000] {dag.py:3089} INFO - Sync 1 DAGs
[2024-08-09T01:51:08.877+0000] {logging_mixin.py:188} INFO - [2024-08-09T01:51:08.876+0000] {dag.py:3947} INFO - Setting next_dagrun for example_complex to None, run_after=None
[2024-08-09T01:51:08.930+0000] {processor.py:183} INFO - Processing /home/airflow/.local/lib/python3.12/site-packages/airflow/example_dags/example_complex.py took 0.463 seconds
[2024-08-09T01:51:39.590+0000] {processor.py:161} INFO - Started process (PID=1974) to work on /home/airflow/.local/lib/python3.12/site-packages/airflow/example_dags/example_complex.py
[2024-08-09T01:51:39.593+0000] {processor.py:830} INFO - Processing file /home/airflow/.local/lib/python3.12/site-packages/airflow/example_dags/example_complex.py for tasks to queue
[2024-08-09T01:51:39.599+0000] {logging_mixin.py:188} INFO - [2024-08-09T01:51:39.598+0000] {dagbag.py:545} INFO - Filling up the DagBag from /home/airflow/.local/lib/python3.12/site-packages/airflow/example_dags/example_complex.py
[2024-08-09T01:51:39.627+0000] {processor.py:840} INFO - DAG(s) 'example_complex' retrieved from /home/airflow/.local/lib/python3.12/site-packages/airflow/example_dags/example_complex.py
[2024-08-09T01:51:39.768+0000] {logging_mixin.py:188} INFO - [2024-08-09T01:51:39.767+0000] {dag.py:3089} INFO - Sync 1 DAGs
[2024-08-09T01:51:39.823+0000] {logging_mixin.py:188} INFO - [2024-08-09T01:51:39.823+0000] {dag.py:3947} INFO - Setting next_dagrun for example_complex to None, run_after=None
[2024-08-09T01:51:39.887+0000] {processor.py:183} INFO - Processing /home/airflow/.local/lib/python3.12/site-packages/airflow/example_dags/example_complex.py took 0.317 seconds
[2024-08-09T01:52:10.656+0000] {processor.py:161} INFO - Started process (PID=2032) to work on /home/airflow/.local/lib/python3.12/site-packages/airflow/example_dags/example_complex.py
[2024-08-09T01:52:10.659+0000] {processor.py:830} INFO - Processing file /home/airflow/.local/lib/python3.12/site-packages/airflow/example_dags/example_complex.py for tasks to queue
[2024-08-09T01:52:10.664+0000] {logging_mixin.py:188} INFO - [2024-08-09T01:52:10.663+0000] {dagbag.py:545} INFO - Filling up the DagBag from /home/airflow/.local/lib/python3.12/site-packages/airflow/example_dags/example_complex.py
[2024-08-09T01:52:10.690+0000] {processor.py:840} INFO - DAG(s) 'example_complex' retrieved from /home/airflow/.local/lib/python3.12/site-packages/airflow/example_dags/example_complex.py
[2024-08-09T01:52:10.786+0000] {logging_mixin.py:188} INFO - [2024-08-09T01:52:10.786+0000] {dag.py:3089} INFO - Sync 1 DAGs
[2024-08-09T01:52:10.863+0000] {logging_mixin.py:188} INFO - [2024-08-09T01:52:10.863+0000] {dag.py:3947} INFO - Setting next_dagrun for example_complex to None, run_after=None
[2024-08-09T01:52:10.919+0000] {processor.py:183} INFO - Processing /home/airflow/.local/lib/python3.12/site-packages/airflow/example_dags/example_complex.py took 0.300 seconds
[2024-08-09T01:52:41.256+0000] {processor.py:161} INFO - Started process (PID=2090) to work on /home/airflow/.local/lib/python3.12/site-packages/airflow/example_dags/example_complex.py
[2024-08-09T01:52:41.258+0000] {processor.py:830} INFO - Processing file /home/airflow/.local/lib/python3.12/site-packages/airflow/example_dags/example_complex.py for tasks to queue
[2024-08-09T01:52:41.263+0000] {logging_mixin.py:188} INFO - [2024-08-09T01:52:41.262+0000] {dagbag.py:545} INFO - Filling up the DagBag from /home/airflow/.local/lib/python3.12/site-packages/airflow/example_dags/example_complex.py
[2024-08-09T01:52:41.284+0000] {processor.py:840} INFO - DAG(s) 'example_complex' retrieved from /home/airflow/.local/lib/python3.12/site-packages/airflow/example_dags/example_complex.py
[2024-08-09T01:52:41.353+0000] {logging_mixin.py:188} INFO - [2024-08-09T01:52:41.352+0000] {dag.py:3089} INFO - Sync 1 DAGs
[2024-08-09T01:52:41.384+0000] {logging_mixin.py:188} INFO - [2024-08-09T01:52:41.384+0000] {dag.py:3947} INFO - Setting next_dagrun for example_complex to None, run_after=None
[2024-08-09T01:52:41.429+0000] {processor.py:183} INFO - Processing /home/airflow/.local/lib/python3.12/site-packages/airflow/example_dags/example_complex.py took 0.193 seconds
[2024-08-09T01:53:11.830+0000] {processor.py:161} INFO - Started process (PID=2147) to work on /home/airflow/.local/lib/python3.12/site-packages/airflow/example_dags/example_complex.py
[2024-08-09T01:53:11.833+0000] {processor.py:830} INFO - Processing file /home/airflow/.local/lib/python3.12/site-packages/airflow/example_dags/example_complex.py for tasks to queue
[2024-08-09T01:53:11.840+0000] {logging_mixin.py:188} INFO - [2024-08-09T01:53:11.839+0000] {dagbag.py:545} INFO - Filling up the DagBag from /home/airflow/.local/lib/python3.12/site-packages/airflow/example_dags/example_complex.py
[2024-08-09T01:53:11.868+0000] {processor.py:840} INFO - DAG(s) 'example_complex' retrieved from /home/airflow/.local/lib/python3.12/site-packages/airflow/example_dags/example_complex.py
[2024-08-09T01:53:11.987+0000] {logging_mixin.py:188} INFO - [2024-08-09T01:53:11.987+0000] {dag.py:3089} INFO - Sync 1 DAGs
[2024-08-09T01:53:12.023+0000] {logging_mixin.py:188} INFO - [2024-08-09T01:53:12.023+0000] {dag.py:3947} INFO - Setting next_dagrun for example_complex to None, run_after=None
[2024-08-09T01:53:12.098+0000] {processor.py:183} INFO - Processing /home/airflow/.local/lib/python3.12/site-packages/airflow/example_dags/example_complex.py took 0.300 seconds
[2024-08-09T01:53:42.553+0000] {processor.py:161} INFO - Started process (PID=2205) to work on /home/airflow/.local/lib/python3.12/site-packages/airflow/example_dags/example_complex.py
[2024-08-09T01:53:42.555+0000] {processor.py:830} INFO - Processing file /home/airflow/.local/lib/python3.12/site-packages/airflow/example_dags/example_complex.py for tasks to queue
[2024-08-09T01:53:42.561+0000] {logging_mixin.py:188} INFO - [2024-08-09T01:53:42.561+0000] {dagbag.py:545} INFO - Filling up the DagBag from /home/airflow/.local/lib/python3.12/site-packages/airflow/example_dags/example_complex.py
[2024-08-09T01:53:42.590+0000] {processor.py:840} INFO - DAG(s) 'example_complex' retrieved from /home/airflow/.local/lib/python3.12/site-packages/airflow/example_dags/example_complex.py
[2024-08-09T01:53:42.673+0000] {logging_mixin.py:188} INFO - [2024-08-09T01:53:42.673+0000] {dag.py:3089} INFO - Sync 1 DAGs
[2024-08-09T01:53:42.703+0000] {logging_mixin.py:188} INFO - [2024-08-09T01:53:42.703+0000] {dag.py:3947} INFO - Setting next_dagrun for example_complex to None, run_after=None
[2024-08-09T01:53:42.746+0000] {processor.py:183} INFO - Processing /home/airflow/.local/lib/python3.12/site-packages/airflow/example_dags/example_complex.py took 0.231 seconds
[2024-08-09T01:54:16.237+0000] {processor.py:161} INFO - Started process (PID=2263) to work on /home/airflow/.local/lib/python3.12/site-packages/airflow/example_dags/example_complex.py
[2024-08-09T01:54:16.242+0000] {processor.py:830} INFO - Processing file /home/airflow/.local/lib/python3.12/site-packages/airflow/example_dags/example_complex.py for tasks to queue
[2024-08-09T01:54:16.248+0000] {logging_mixin.py:188} INFO - [2024-08-09T01:54:16.247+0000] {dagbag.py:545} INFO - Filling up the DagBag from /home/airflow/.local/lib/python3.12/site-packages/airflow/example_dags/example_complex.py
[2024-08-09T01:54:16.275+0000] {processor.py:840} INFO - DAG(s) 'example_complex' retrieved from /home/airflow/.local/lib/python3.12/site-packages/airflow/example_dags/example_complex.py
[2024-08-09T01:54:16.425+0000] {logging_mixin.py:188} INFO - [2024-08-09T01:54:16.424+0000] {dag.py:3089} INFO - Sync 1 DAGs
[2024-08-09T01:54:16.470+0000] {logging_mixin.py:188} INFO - [2024-08-09T01:54:16.470+0000] {dag.py:3947} INFO - Setting next_dagrun for example_complex to None, run_after=None
[2024-08-09T01:54:16.551+0000] {processor.py:183} INFO - Processing /home/airflow/.local/lib/python3.12/site-packages/airflow/example_dags/example_complex.py took 0.343 seconds
[2024-08-09T01:54:46.722+0000] {processor.py:161} INFO - Started process (PID=2321) to work on /home/airflow/.local/lib/python3.12/site-packages/airflow/example_dags/example_complex.py
[2024-08-09T01:54:46.726+0000] {processor.py:830} INFO - Processing file /home/airflow/.local/lib/python3.12/site-packages/airflow/example_dags/example_complex.py for tasks to queue
[2024-08-09T01:54:46.736+0000] {logging_mixin.py:188} INFO - [2024-08-09T01:54:46.735+0000] {dagbag.py:545} INFO - Filling up the DagBag from /home/airflow/.local/lib/python3.12/site-packages/airflow/example_dags/example_complex.py
[2024-08-09T01:54:46.786+0000] {processor.py:840} INFO - DAG(s) 'example_complex' retrieved from /home/airflow/.local/lib/python3.12/site-packages/airflow/example_dags/example_complex.py
[2024-08-09T01:54:46.935+0000] {logging_mixin.py:188} INFO - [2024-08-09T01:54:46.934+0000] {dag.py:3089} INFO - Sync 1 DAGs
[2024-08-09T01:54:46.986+0000] {logging_mixin.py:188} INFO - [2024-08-09T01:54:46.986+0000] {dag.py:3947} INFO - Setting next_dagrun for example_complex to None, run_after=None
[2024-08-09T01:54:47.047+0000] {processor.py:183} INFO - Processing /home/airflow/.local/lib/python3.12/site-packages/airflow/example_dags/example_complex.py took 0.362 seconds
[2024-08-09T01:55:17.193+0000] {processor.py:161} INFO - Started process (PID=2379) to work on /home/airflow/.local/lib/python3.12/site-packages/airflow/example_dags/example_complex.py
[2024-08-09T01:55:17.195+0000] {processor.py:830} INFO - Processing file /home/airflow/.local/lib/python3.12/site-packages/airflow/example_dags/example_complex.py for tasks to queue
[2024-08-09T01:55:17.200+0000] {logging_mixin.py:188} INFO - [2024-08-09T01:55:17.199+0000] {dagbag.py:545} INFO - Filling up the DagBag from /home/airflow/.local/lib/python3.12/site-packages/airflow/example_dags/example_complex.py
[2024-08-09T01:55:17.220+0000] {processor.py:840} INFO - DAG(s) 'example_complex' retrieved from /home/airflow/.local/lib/python3.12/site-packages/airflow/example_dags/example_complex.py
[2024-08-09T01:55:17.285+0000] {logging_mixin.py:188} INFO - [2024-08-09T01:55:17.285+0000] {dag.py:3089} INFO - Sync 1 DAGs
[2024-08-09T01:55:17.308+0000] {logging_mixin.py:188} INFO - [2024-08-09T01:55:17.308+0000] {dag.py:3947} INFO - Setting next_dagrun for example_complex to None, run_after=None
[2024-08-09T01:55:17.344+0000] {processor.py:183} INFO - Processing /home/airflow/.local/lib/python3.12/site-packages/airflow/example_dags/example_complex.py took 0.169 seconds
[2024-08-09T01:55:47.684+0000] {processor.py:161} INFO - Started process (PID=2437) to work on /home/airflow/.local/lib/python3.12/site-packages/airflow/example_dags/example_complex.py
[2024-08-09T01:55:47.687+0000] {processor.py:830} INFO - Processing file /home/airflow/.local/lib/python3.12/site-packages/airflow/example_dags/example_complex.py for tasks to queue
[2024-08-09T01:55:47.692+0000] {logging_mixin.py:188} INFO - [2024-08-09T01:55:47.691+0000] {dagbag.py:545} INFO - Filling up the DagBag from /home/airflow/.local/lib/python3.12/site-packages/airflow/example_dags/example_complex.py
[2024-08-09T01:55:47.711+0000] {processor.py:840} INFO - DAG(s) 'example_complex' retrieved from /home/airflow/.local/lib/python3.12/site-packages/airflow/example_dags/example_complex.py
[2024-08-09T01:55:47.786+0000] {logging_mixin.py:188} INFO - [2024-08-09T01:55:47.785+0000] {dag.py:3089} INFO - Sync 1 DAGs
[2024-08-09T01:55:47.815+0000] {logging_mixin.py:188} INFO - [2024-08-09T01:55:47.814+0000] {dag.py:3947} INFO - Setting next_dagrun for example_complex to None, run_after=None
[2024-08-09T01:55:47.847+0000] {processor.py:183} INFO - Processing /home/airflow/.local/lib/python3.12/site-packages/airflow/example_dags/example_complex.py took 0.180 seconds
[2024-08-09T01:56:18.143+0000] {processor.py:161} INFO - Started process (PID=2495) to work on /home/airflow/.local/lib/python3.12/site-packages/airflow/example_dags/example_complex.py
[2024-08-09T01:56:18.147+0000] {processor.py:830} INFO - Processing file /home/airflow/.local/lib/python3.12/site-packages/airflow/example_dags/example_complex.py for tasks to queue
[2024-08-09T01:56:18.153+0000] {logging_mixin.py:188} INFO - [2024-08-09T01:56:18.152+0000] {dagbag.py:545} INFO - Filling up the DagBag from /home/airflow/.local/lib/python3.12/site-packages/airflow/example_dags/example_complex.py
[2024-08-09T01:56:18.173+0000] {processor.py:840} INFO - DAG(s) 'example_complex' retrieved from /home/airflow/.local/lib/python3.12/site-packages/airflow/example_dags/example_complex.py
[2024-08-09T01:56:18.261+0000] {logging_mixin.py:188} INFO - [2024-08-09T01:56:18.260+0000] {dag.py:3089} INFO - Sync 1 DAGs
[2024-08-09T01:56:18.298+0000] {logging_mixin.py:188} INFO - [2024-08-09T01:56:18.297+0000] {dag.py:3947} INFO - Setting next_dagrun for example_complex to None, run_after=None
[2024-08-09T01:56:18.350+0000] {processor.py:183} INFO - Processing /home/airflow/.local/lib/python3.12/site-packages/airflow/example_dags/example_complex.py took 0.229 seconds
[2024-08-09T01:56:49.752+0000] {processor.py:161} INFO - Started process (PID=2553) to work on /home/airflow/.local/lib/python3.12/site-packages/airflow/example_dags/example_complex.py
[2024-08-09T01:56:49.758+0000] {processor.py:830} INFO - Processing file /home/airflow/.local/lib/python3.12/site-packages/airflow/example_dags/example_complex.py for tasks to queue
[2024-08-09T01:56:49.766+0000] {logging_mixin.py:188} INFO - [2024-08-09T01:56:49.764+0000] {dagbag.py:545} INFO - Filling up the DagBag from /home/airflow/.local/lib/python3.12/site-packages/airflow/example_dags/example_complex.py
[2024-08-09T01:56:49.806+0000] {processor.py:840} INFO - DAG(s) 'example_complex' retrieved from /home/airflow/.local/lib/python3.12/site-packages/airflow/example_dags/example_complex.py
[2024-08-09T01:56:49.922+0000] {logging_mixin.py:188} INFO - [2024-08-09T01:56:49.921+0000] {dag.py:3089} INFO - Sync 1 DAGs
[2024-08-09T01:56:49.957+0000] {logging_mixin.py:188} INFO - [2024-08-09T01:56:49.956+0000] {dag.py:3947} INFO - Setting next_dagrun for example_complex to None, run_after=None
[2024-08-09T01:56:50.015+0000] {processor.py:183} INFO - Processing /home/airflow/.local/lib/python3.12/site-packages/airflow/example_dags/example_complex.py took 0.290 seconds
[2024-08-09T01:57:21.270+0000] {processor.py:161} INFO - Started process (PID=2611) to work on /home/airflow/.local/lib/python3.12/site-packages/airflow/example_dags/example_complex.py
[2024-08-09T01:57:21.276+0000] {processor.py:830} INFO - Processing file /home/airflow/.local/lib/python3.12/site-packages/airflow/example_dags/example_complex.py for tasks to queue
[2024-08-09T01:57:21.289+0000] {logging_mixin.py:188} INFO - [2024-08-09T01:57:21.288+0000] {dagbag.py:545} INFO - Filling up the DagBag from /home/airflow/.local/lib/python3.12/site-packages/airflow/example_dags/example_complex.py
[2024-08-09T01:57:21.379+0000] {processor.py:840} INFO - DAG(s) 'example_complex' retrieved from /home/airflow/.local/lib/python3.12/site-packages/airflow/example_dags/example_complex.py
[2024-08-09T01:57:21.637+0000] {logging_mixin.py:188} INFO - [2024-08-09T01:57:21.637+0000] {dag.py:3089} INFO - Sync 1 DAGs
[2024-08-09T01:57:21.760+0000] {logging_mixin.py:188} INFO - [2024-08-09T01:57:21.755+0000] {dag.py:3947} INFO - Setting next_dagrun for example_complex to None, run_after=None
[2024-08-09T01:57:21.866+0000] {processor.py:183} INFO - Processing /home/airflow/.local/lib/python3.12/site-packages/airflow/example_dags/example_complex.py took 0.620 seconds
[2024-08-09T01:57:52.474+0000] {processor.py:161} INFO - Started process (PID=2669) to work on /home/airflow/.local/lib/python3.12/site-packages/airflow/example_dags/example_complex.py
[2024-08-09T01:57:52.480+0000] {processor.py:830} INFO - Processing file /home/airflow/.local/lib/python3.12/site-packages/airflow/example_dags/example_complex.py for tasks to queue
[2024-08-09T01:57:52.490+0000] {logging_mixin.py:188} INFO - [2024-08-09T01:57:52.489+0000] {dagbag.py:545} INFO - Filling up the DagBag from /home/airflow/.local/lib/python3.12/site-packages/airflow/example_dags/example_complex.py
[2024-08-09T01:57:52.662+0000] {processor.py:840} INFO - DAG(s) 'example_complex' retrieved from /home/airflow/.local/lib/python3.12/site-packages/airflow/example_dags/example_complex.py
[2024-08-09T01:57:52.810+0000] {logging_mixin.py:188} INFO - [2024-08-09T01:57:52.810+0000] {dag.py:3089} INFO - Sync 1 DAGs
[2024-08-09T01:57:52.885+0000] {logging_mixin.py:188} INFO - [2024-08-09T01:57:52.884+0000] {dag.py:3947} INFO - Setting next_dagrun for example_complex to None, run_after=None
[2024-08-09T01:57:53.060+0000] {processor.py:183} INFO - Processing /home/airflow/.local/lib/python3.12/site-packages/airflow/example_dags/example_complex.py took 0.644 seconds
[2024-08-09T01:58:23.690+0000] {processor.py:161} INFO - Started process (PID=2727) to work on /home/airflow/.local/lib/python3.12/site-packages/airflow/example_dags/example_complex.py
[2024-08-09T01:58:23.700+0000] {processor.py:830} INFO - Processing file /home/airflow/.local/lib/python3.12/site-packages/airflow/example_dags/example_complex.py for tasks to queue
[2024-08-09T01:58:23.718+0000] {logging_mixin.py:188} INFO - [2024-08-09T01:58:23.714+0000] {dagbag.py:545} INFO - Filling up the DagBag from /home/airflow/.local/lib/python3.12/site-packages/airflow/example_dags/example_complex.py
[2024-08-09T01:58:23.782+0000] {processor.py:840} INFO - DAG(s) 'example_complex' retrieved from /home/airflow/.local/lib/python3.12/site-packages/airflow/example_dags/example_complex.py
[2024-08-09T01:58:23.976+0000] {logging_mixin.py:188} INFO - [2024-08-09T01:58:23.976+0000] {dag.py:3089} INFO - Sync 1 DAGs
[2024-08-09T01:58:24.015+0000] {logging_mixin.py:188} INFO - [2024-08-09T01:58:24.015+0000] {dag.py:3947} INFO - Setting next_dagrun for example_complex to None, run_after=None
[2024-08-09T01:58:24.073+0000] {processor.py:183} INFO - Processing /home/airflow/.local/lib/python3.12/site-packages/airflow/example_dags/example_complex.py took 0.433 seconds
[2024-08-09T01:58:54.385+0000] {processor.py:161} INFO - Started process (PID=2785) to work on /home/airflow/.local/lib/python3.12/site-packages/airflow/example_dags/example_complex.py
[2024-08-09T01:58:54.392+0000] {processor.py:830} INFO - Processing file /home/airflow/.local/lib/python3.12/site-packages/airflow/example_dags/example_complex.py for tasks to queue
[2024-08-09T01:58:54.411+0000] {logging_mixin.py:188} INFO - [2024-08-09T01:58:54.410+0000] {dagbag.py:545} INFO - Filling up the DagBag from /home/airflow/.local/lib/python3.12/site-packages/airflow/example_dags/example_complex.py
[2024-08-09T01:58:54.467+0000] {processor.py:840} INFO - DAG(s) 'example_complex' retrieved from /home/airflow/.local/lib/python3.12/site-packages/airflow/example_dags/example_complex.py
[2024-08-09T01:58:54.704+0000] {logging_mixin.py:188} INFO - [2024-08-09T01:58:54.703+0000] {dag.py:3089} INFO - Sync 1 DAGs
[2024-08-09T01:58:54.799+0000] {logging_mixin.py:188} INFO - [2024-08-09T01:58:54.795+0000] {dag.py:3947} INFO - Setting next_dagrun for example_complex to None, run_after=None
[2024-08-09T01:58:54.953+0000] {processor.py:183} INFO - Processing /home/airflow/.local/lib/python3.12/site-packages/airflow/example_dags/example_complex.py took 0.611 seconds
[2024-08-09T01:59:25.390+0000] {processor.py:161} INFO - Started process (PID=2843) to work on /home/airflow/.local/lib/python3.12/site-packages/airflow/example_dags/example_complex.py
[2024-08-09T01:59:25.395+0000] {processor.py:830} INFO - Processing file /home/airflow/.local/lib/python3.12/site-packages/airflow/example_dags/example_complex.py for tasks to queue
[2024-08-09T01:59:25.404+0000] {logging_mixin.py:188} INFO - [2024-08-09T01:59:25.403+0000] {dagbag.py:545} INFO - Filling up the DagBag from /home/airflow/.local/lib/python3.12/site-packages/airflow/example_dags/example_complex.py
[2024-08-09T01:59:25.428+0000] {processor.py:840} INFO - DAG(s) 'example_complex' retrieved from /home/airflow/.local/lib/python3.12/site-packages/airflow/example_dags/example_complex.py
[2024-08-09T01:59:25.523+0000] {logging_mixin.py:188} INFO - [2024-08-09T01:59:25.523+0000] {dag.py:3089} INFO - Sync 1 DAGs
[2024-08-09T01:59:25.605+0000] {logging_mixin.py:188} INFO - [2024-08-09T01:59:25.604+0000] {dag.py:3947} INFO - Setting next_dagrun for example_complex to None, run_after=None
[2024-08-09T01:59:25.710+0000] {processor.py:183} INFO - Processing /home/airflow/.local/lib/python3.12/site-packages/airflow/example_dags/example_complex.py took 0.345 seconds
[2024-08-09T01:59:56.369+0000] {processor.py:161} INFO - Started process (PID=2901) to work on /home/airflow/.local/lib/python3.12/site-packages/airflow/example_dags/example_complex.py
[2024-08-09T01:59:56.374+0000] {processor.py:830} INFO - Processing file /home/airflow/.local/lib/python3.12/site-packages/airflow/example_dags/example_complex.py for tasks to queue
[2024-08-09T01:59:56.381+0000] {logging_mixin.py:188} INFO - [2024-08-09T01:59:56.380+0000] {dagbag.py:545} INFO - Filling up the DagBag from /home/airflow/.local/lib/python3.12/site-packages/airflow/example_dags/example_complex.py
[2024-08-09T01:59:56.403+0000] {processor.py:840} INFO - DAG(s) 'example_complex' retrieved from /home/airflow/.local/lib/python3.12/site-packages/airflow/example_dags/example_complex.py
[2024-08-09T01:59:56.478+0000] {logging_mixin.py:188} INFO - [2024-08-09T01:59:56.477+0000] {dag.py:3089} INFO - Sync 1 DAGs
[2024-08-09T01:59:56.503+0000] {logging_mixin.py:188} INFO - [2024-08-09T01:59:56.503+0000] {dag.py:3947} INFO - Setting next_dagrun for example_complex to None, run_after=None
[2024-08-09T01:59:56.550+0000] {processor.py:183} INFO - Processing /home/airflow/.local/lib/python3.12/site-packages/airflow/example_dags/example_complex.py took 0.203 seconds
[2024-08-09T02:00:27.518+0000] {processor.py:161} INFO - Started process (PID=2964) to work on /home/airflow/.local/lib/python3.12/site-packages/airflow/example_dags/example_complex.py
[2024-08-09T02:00:27.522+0000] {processor.py:830} INFO - Processing file /home/airflow/.local/lib/python3.12/site-packages/airflow/example_dags/example_complex.py for tasks to queue
[2024-08-09T02:00:27.528+0000] {logging_mixin.py:188} INFO - [2024-08-09T02:00:27.526+0000] {dagbag.py:545} INFO - Filling up the DagBag from /home/airflow/.local/lib/python3.12/site-packages/airflow/example_dags/example_complex.py
[2024-08-09T02:00:27.555+0000] {processor.py:840} INFO - DAG(s) 'example_complex' retrieved from /home/airflow/.local/lib/python3.12/site-packages/airflow/example_dags/example_complex.py
[2024-08-09T02:00:27.632+0000] {logging_mixin.py:188} INFO - [2024-08-09T02:00:27.631+0000] {dag.py:3089} INFO - Sync 1 DAGs
[2024-08-09T02:00:27.658+0000] {logging_mixin.py:188} INFO - [2024-08-09T02:00:27.658+0000] {dag.py:3947} INFO - Setting next_dagrun for example_complex to None, run_after=None
[2024-08-09T02:00:27.695+0000] {processor.py:183} INFO - Processing /home/airflow/.local/lib/python3.12/site-packages/airflow/example_dags/example_complex.py took 0.221 seconds
[2024-08-09T02:00:58.204+0000] {processor.py:161} INFO - Started process (PID=3022) to work on /home/airflow/.local/lib/python3.12/site-packages/airflow/example_dags/example_complex.py
[2024-08-09T02:00:58.207+0000] {processor.py:830} INFO - Processing file /home/airflow/.local/lib/python3.12/site-packages/airflow/example_dags/example_complex.py for tasks to queue
[2024-08-09T02:00:58.212+0000] {logging_mixin.py:188} INFO - [2024-08-09T02:00:58.211+0000] {dagbag.py:545} INFO - Filling up the DagBag from /home/airflow/.local/lib/python3.12/site-packages/airflow/example_dags/example_complex.py
[2024-08-09T02:00:58.232+0000] {processor.py:840} INFO - DAG(s) 'example_complex' retrieved from /home/airflow/.local/lib/python3.12/site-packages/airflow/example_dags/example_complex.py
[2024-08-09T02:00:58.309+0000] {logging_mixin.py:188} INFO - [2024-08-09T02:00:58.308+0000] {dag.py:3089} INFO - Sync 1 DAGs
[2024-08-09T02:00:58.341+0000] {logging_mixin.py:188} INFO - [2024-08-09T02:00:58.341+0000] {dag.py:3947} INFO - Setting next_dagrun for example_complex to None, run_after=None
[2024-08-09T02:00:58.388+0000] {processor.py:183} INFO - Processing /home/airflow/.local/lib/python3.12/site-packages/airflow/example_dags/example_complex.py took 0.199 seconds
[2024-08-09T02:01:28.989+0000] {processor.py:161} INFO - Started process (PID=3080) to work on /home/airflow/.local/lib/python3.12/site-packages/airflow/example_dags/example_complex.py
[2024-08-09T02:01:28.993+0000] {processor.py:830} INFO - Processing file /home/airflow/.local/lib/python3.12/site-packages/airflow/example_dags/example_complex.py for tasks to queue
[2024-08-09T02:01:28.998+0000] {logging_mixin.py:188} INFO - [2024-08-09T02:01:28.997+0000] {dagbag.py:545} INFO - Filling up the DagBag from /home/airflow/.local/lib/python3.12/site-packages/airflow/example_dags/example_complex.py
[2024-08-09T02:01:29.030+0000] {processor.py:840} INFO - DAG(s) 'example_complex' retrieved from /home/airflow/.local/lib/python3.12/site-packages/airflow/example_dags/example_complex.py
[2024-08-09T02:01:29.103+0000] {logging_mixin.py:188} INFO - [2024-08-09T02:01:29.103+0000] {dag.py:3089} INFO - Sync 1 DAGs
[2024-08-09T02:01:29.132+0000] {logging_mixin.py:188} INFO - [2024-08-09T02:01:29.132+0000] {dag.py:3947} INFO - Setting next_dagrun for example_complex to None, run_after=None
[2024-08-09T02:01:29.182+0000] {processor.py:183} INFO - Processing /home/airflow/.local/lib/python3.12/site-packages/airflow/example_dags/example_complex.py took 0.218 seconds
[2024-08-09T02:01:59.394+0000] {processor.py:161} INFO - Started process (PID=3138) to work on /home/airflow/.local/lib/python3.12/site-packages/airflow/example_dags/example_complex.py
[2024-08-09T02:01:59.396+0000] {processor.py:830} INFO - Processing file /home/airflow/.local/lib/python3.12/site-packages/airflow/example_dags/example_complex.py for tasks to queue
[2024-08-09T02:01:59.401+0000] {logging_mixin.py:188} INFO - [2024-08-09T02:01:59.400+0000] {dagbag.py:545} INFO - Filling up the DagBag from /home/airflow/.local/lib/python3.12/site-packages/airflow/example_dags/example_complex.py
[2024-08-09T02:01:59.419+0000] {processor.py:840} INFO - DAG(s) 'example_complex' retrieved from /home/airflow/.local/lib/python3.12/site-packages/airflow/example_dags/example_complex.py
[2024-08-09T02:01:59.489+0000] {logging_mixin.py:188} INFO - [2024-08-09T02:01:59.488+0000] {dag.py:3089} INFO - Sync 1 DAGs
[2024-08-09T02:01:59.517+0000] {logging_mixin.py:188} INFO - [2024-08-09T02:01:59.516+0000] {dag.py:3947} INFO - Setting next_dagrun for example_complex to None, run_after=None
[2024-08-09T02:01:59.548+0000] {processor.py:183} INFO - Processing /home/airflow/.local/lib/python3.12/site-packages/airflow/example_dags/example_complex.py took 0.173 seconds
[2024-08-09T02:02:29.763+0000] {processor.py:161} INFO - Started process (PID=3196) to work on /home/airflow/.local/lib/python3.12/site-packages/airflow/example_dags/example_complex.py
[2024-08-09T02:02:29.765+0000] {processor.py:830} INFO - Processing file /home/airflow/.local/lib/python3.12/site-packages/airflow/example_dags/example_complex.py for tasks to queue
[2024-08-09T02:02:29.770+0000] {logging_mixin.py:188} INFO - [2024-08-09T02:02:29.769+0000] {dagbag.py:545} INFO - Filling up the DagBag from /home/airflow/.local/lib/python3.12/site-packages/airflow/example_dags/example_complex.py
[2024-08-09T02:02:29.789+0000] {processor.py:840} INFO - DAG(s) 'example_complex' retrieved from /home/airflow/.local/lib/python3.12/site-packages/airflow/example_dags/example_complex.py
[2024-08-09T02:02:29.862+0000] {logging_mixin.py:188} INFO - [2024-08-09T02:02:29.861+0000] {dag.py:3089} INFO - Sync 1 DAGs
[2024-08-09T02:02:29.889+0000] {logging_mixin.py:188} INFO - [2024-08-09T02:02:29.888+0000] {dag.py:3947} INFO - Setting next_dagrun for example_complex to None, run_after=None
[2024-08-09T02:02:29.934+0000] {processor.py:183} INFO - Processing /home/airflow/.local/lib/python3.12/site-packages/airflow/example_dags/example_complex.py took 0.188 seconds
[2024-08-09T02:03:00.604+0000] {processor.py:161} INFO - Started process (PID=3254) to work on /home/airflow/.local/lib/python3.12/site-packages/airflow/example_dags/example_complex.py
[2024-08-09T02:03:00.607+0000] {processor.py:830} INFO - Processing file /home/airflow/.local/lib/python3.12/site-packages/airflow/example_dags/example_complex.py for tasks to queue
[2024-08-09T02:03:00.612+0000] {logging_mixin.py:188} INFO - [2024-08-09T02:03:00.611+0000] {dagbag.py:545} INFO - Filling up the DagBag from /home/airflow/.local/lib/python3.12/site-packages/airflow/example_dags/example_complex.py
[2024-08-09T02:03:00.630+0000] {processor.py:840} INFO - DAG(s) 'example_complex' retrieved from /home/airflow/.local/lib/python3.12/site-packages/airflow/example_dags/example_complex.py
[2024-08-09T02:03:00.706+0000] {logging_mixin.py:188} INFO - [2024-08-09T02:03:00.705+0000] {dag.py:3089} INFO - Sync 1 DAGs
[2024-08-09T02:03:00.732+0000] {logging_mixin.py:188} INFO - [2024-08-09T02:03:00.732+0000] {dag.py:3947} INFO - Setting next_dagrun for example_complex to None, run_after=None
[2024-08-09T02:03:00.774+0000] {processor.py:183} INFO - Processing /home/airflow/.local/lib/python3.12/site-packages/airflow/example_dags/example_complex.py took 0.187 seconds
[2024-08-09T02:03:31.493+0000] {processor.py:161} INFO - Started process (PID=3311) to work on /home/airflow/.local/lib/python3.12/site-packages/airflow/example_dags/example_complex.py
[2024-08-09T02:03:31.496+0000] {processor.py:830} INFO - Processing file /home/airflow/.local/lib/python3.12/site-packages/airflow/example_dags/example_complex.py for tasks to queue
[2024-08-09T02:03:31.501+0000] {logging_mixin.py:188} INFO - [2024-08-09T02:03:31.500+0000] {dagbag.py:545} INFO - Filling up the DagBag from /home/airflow/.local/lib/python3.12/site-packages/airflow/example_dags/example_complex.py
[2024-08-09T02:03:31.522+0000] {processor.py:840} INFO - DAG(s) 'example_complex' retrieved from /home/airflow/.local/lib/python3.12/site-packages/airflow/example_dags/example_complex.py
[2024-08-09T02:03:31.588+0000] {logging_mixin.py:188} INFO - [2024-08-09T02:03:31.587+0000] {dag.py:3089} INFO - Sync 1 DAGs
[2024-08-09T02:03:31.611+0000] {logging_mixin.py:188} INFO - [2024-08-09T02:03:31.611+0000] {dag.py:3947} INFO - Setting next_dagrun for example_complex to None, run_after=None
[2024-08-09T02:03:31.644+0000] {processor.py:183} INFO - Processing /home/airflow/.local/lib/python3.12/site-packages/airflow/example_dags/example_complex.py took 0.170 seconds
[2024-08-09T02:04:02.577+0000] {processor.py:161} INFO - Started process (PID=3369) to work on /home/airflow/.local/lib/python3.12/site-packages/airflow/example_dags/example_complex.py
[2024-08-09T02:04:02.582+0000] {processor.py:830} INFO - Processing file /home/airflow/.local/lib/python3.12/site-packages/airflow/example_dags/example_complex.py for tasks to queue
[2024-08-09T02:04:02.590+0000] {logging_mixin.py:188} INFO - [2024-08-09T02:04:02.589+0000] {dagbag.py:545} INFO - Filling up the DagBag from /home/airflow/.local/lib/python3.12/site-packages/airflow/example_dags/example_complex.py
[2024-08-09T02:04:02.625+0000] {processor.py:840} INFO - DAG(s) 'example_complex' retrieved from /home/airflow/.local/lib/python3.12/site-packages/airflow/example_dags/example_complex.py
[2024-08-09T02:04:02.741+0000] {logging_mixin.py:188} INFO - [2024-08-09T02:04:02.740+0000] {dag.py:3089} INFO - Sync 1 DAGs
[2024-08-09T02:04:02.838+0000] {logging_mixin.py:188} INFO - [2024-08-09T02:04:02.836+0000] {dag.py:3947} INFO - Setting next_dagrun for example_complex to None, run_after=None
[2024-08-09T02:04:02.916+0000] {processor.py:183} INFO - Processing /home/airflow/.local/lib/python3.12/site-packages/airflow/example_dags/example_complex.py took 0.365 seconds
[2024-08-09T02:04:33.007+0000] {processor.py:161} INFO - Started process (PID=3427) to work on /home/airflow/.local/lib/python3.12/site-packages/airflow/example_dags/example_complex.py
[2024-08-09T02:04:33.010+0000] {processor.py:830} INFO - Processing file /home/airflow/.local/lib/python3.12/site-packages/airflow/example_dags/example_complex.py for tasks to queue
[2024-08-09T02:04:33.023+0000] {logging_mixin.py:188} INFO - [2024-08-09T02:04:33.022+0000] {dagbag.py:545} INFO - Filling up the DagBag from /home/airflow/.local/lib/python3.12/site-packages/airflow/example_dags/example_complex.py
[2024-08-09T02:04:33.051+0000] {processor.py:840} INFO - DAG(s) 'example_complex' retrieved from /home/airflow/.local/lib/python3.12/site-packages/airflow/example_dags/example_complex.py
[2024-08-09T02:04:33.119+0000] {logging_mixin.py:188} INFO - [2024-08-09T02:04:33.119+0000] {dag.py:3089} INFO - Sync 1 DAGs
[2024-08-09T02:04:33.148+0000] {logging_mixin.py:188} INFO - [2024-08-09T02:04:33.148+0000] {dag.py:3947} INFO - Setting next_dagrun for example_complex to None, run_after=None
[2024-08-09T02:04:33.186+0000] {processor.py:183} INFO - Processing /home/airflow/.local/lib/python3.12/site-packages/airflow/example_dags/example_complex.py took 0.197 seconds
[2024-08-09T02:05:03.711+0000] {processor.py:161} INFO - Started process (PID=3485) to work on /home/airflow/.local/lib/python3.12/site-packages/airflow/example_dags/example_complex.py
[2024-08-09T02:05:03.714+0000] {processor.py:830} INFO - Processing file /home/airflow/.local/lib/python3.12/site-packages/airflow/example_dags/example_complex.py for tasks to queue
[2024-08-09T02:05:03.719+0000] {logging_mixin.py:188} INFO - [2024-08-09T02:05:03.718+0000] {dagbag.py:545} INFO - Filling up the DagBag from /home/airflow/.local/lib/python3.12/site-packages/airflow/example_dags/example_complex.py
[2024-08-09T02:05:03.737+0000] {processor.py:840} INFO - DAG(s) 'example_complex' retrieved from /home/airflow/.local/lib/python3.12/site-packages/airflow/example_dags/example_complex.py
[2024-08-09T02:05:03.807+0000] {logging_mixin.py:188} INFO - [2024-08-09T02:05:03.806+0000] {dag.py:3089} INFO - Sync 1 DAGs
[2024-08-09T02:05:03.836+0000] {logging_mixin.py:188} INFO - [2024-08-09T02:05:03.836+0000] {dag.py:3947} INFO - Setting next_dagrun for example_complex to None, run_after=None
[2024-08-09T02:05:03.886+0000] {processor.py:183} INFO - Processing /home/airflow/.local/lib/python3.12/site-packages/airflow/example_dags/example_complex.py took 0.193 seconds
[2024-08-09T02:05:34.563+0000] {processor.py:161} INFO - Started process (PID=3543) to work on /home/airflow/.local/lib/python3.12/site-packages/airflow/example_dags/example_complex.py
[2024-08-09T02:05:34.566+0000] {processor.py:830} INFO - Processing file /home/airflow/.local/lib/python3.12/site-packages/airflow/example_dags/example_complex.py for tasks to queue
[2024-08-09T02:05:34.574+0000] {logging_mixin.py:188} INFO - [2024-08-09T02:05:34.573+0000] {dagbag.py:545} INFO - Filling up the DagBag from /home/airflow/.local/lib/python3.12/site-packages/airflow/example_dags/example_complex.py
[2024-08-09T02:05:34.602+0000] {processor.py:840} INFO - DAG(s) 'example_complex' retrieved from /home/airflow/.local/lib/python3.12/site-packages/airflow/example_dags/example_complex.py
[2024-08-09T02:05:34.710+0000] {logging_mixin.py:188} INFO - [2024-08-09T02:05:34.709+0000] {dag.py:3089} INFO - Sync 1 DAGs
[2024-08-09T02:05:34.751+0000] {logging_mixin.py:188} INFO - [2024-08-09T02:05:34.750+0000] {dag.py:3947} INFO - Setting next_dagrun for example_complex to None, run_after=None
[2024-08-09T02:05:34.802+0000] {processor.py:183} INFO - Processing /home/airflow/.local/lib/python3.12/site-packages/airflow/example_dags/example_complex.py took 0.282 seconds
[2024-08-09T02:06:04.980+0000] {processor.py:161} INFO - Started process (PID=3601) to work on /home/airflow/.local/lib/python3.12/site-packages/airflow/example_dags/example_complex.py
[2024-08-09T02:06:04.983+0000] {processor.py:830} INFO - Processing file /home/airflow/.local/lib/python3.12/site-packages/airflow/example_dags/example_complex.py for tasks to queue
[2024-08-09T02:06:04.988+0000] {logging_mixin.py:188} INFO - [2024-08-09T02:06:04.987+0000] {dagbag.py:545} INFO - Filling up the DagBag from /home/airflow/.local/lib/python3.12/site-packages/airflow/example_dags/example_complex.py
[2024-08-09T02:06:05.029+0000] {processor.py:840} INFO - DAG(s) 'example_complex' retrieved from /home/airflow/.local/lib/python3.12/site-packages/airflow/example_dags/example_complex.py
[2024-08-09T02:06:05.140+0000] {logging_mixin.py:188} INFO - [2024-08-09T02:06:05.139+0000] {dag.py:3089} INFO - Sync 1 DAGs
[2024-08-09T02:06:05.181+0000] {logging_mixin.py:188} INFO - [2024-08-09T02:06:05.181+0000] {dag.py:3947} INFO - Setting next_dagrun for example_complex to None, run_after=None
[2024-08-09T02:06:05.244+0000] {processor.py:183} INFO - Processing /home/airflow/.local/lib/python3.12/site-packages/airflow/example_dags/example_complex.py took 0.287 seconds
[2024-08-09T02:06:36.336+0000] {processor.py:161} INFO - Started process (PID=3659) to work on /home/airflow/.local/lib/python3.12/site-packages/airflow/example_dags/example_complex.py
[2024-08-09T02:06:36.344+0000] {processor.py:830} INFO - Processing file /home/airflow/.local/lib/python3.12/site-packages/airflow/example_dags/example_complex.py for tasks to queue
[2024-08-09T02:06:36.353+0000] {logging_mixin.py:188} INFO - [2024-08-09T02:06:36.351+0000] {dagbag.py:545} INFO - Filling up the DagBag from /home/airflow/.local/lib/python3.12/site-packages/airflow/example_dags/example_complex.py
[2024-08-09T02:06:36.391+0000] {processor.py:840} INFO - DAG(s) 'example_complex' retrieved from /home/airflow/.local/lib/python3.12/site-packages/airflow/example_dags/example_complex.py
[2024-08-09T02:06:36.478+0000] {logging_mixin.py:188} INFO - [2024-08-09T02:06:36.478+0000] {dag.py:3089} INFO - Sync 1 DAGs
[2024-08-09T02:06:36.513+0000] {logging_mixin.py:188} INFO - [2024-08-09T02:06:36.513+0000] {dag.py:3947} INFO - Setting next_dagrun for example_complex to None, run_after=None
[2024-08-09T02:06:36.551+0000] {processor.py:183} INFO - Processing /home/airflow/.local/lib/python3.12/site-packages/airflow/example_dags/example_complex.py took 0.237 seconds
[2024-08-09T02:07:06.713+0000] {processor.py:161} INFO - Started process (PID=3716) to work on /home/airflow/.local/lib/python3.12/site-packages/airflow/example_dags/example_complex.py
[2024-08-09T02:07:06.716+0000] {processor.py:830} INFO - Processing file /home/airflow/.local/lib/python3.12/site-packages/airflow/example_dags/example_complex.py for tasks to queue
[2024-08-09T02:07:06.721+0000] {logging_mixin.py:188} INFO - [2024-08-09T02:07:06.720+0000] {dagbag.py:545} INFO - Filling up the DagBag from /home/airflow/.local/lib/python3.12/site-packages/airflow/example_dags/example_complex.py
[2024-08-09T02:07:06.742+0000] {processor.py:840} INFO - DAG(s) 'example_complex' retrieved from /home/airflow/.local/lib/python3.12/site-packages/airflow/example_dags/example_complex.py
[2024-08-09T02:07:06.804+0000] {logging_mixin.py:188} INFO - [2024-08-09T02:07:06.803+0000] {dag.py:3089} INFO - Sync 1 DAGs
[2024-08-09T02:07:06.828+0000] {logging_mixin.py:188} INFO - [2024-08-09T02:07:06.827+0000] {dag.py:3947} INFO - Setting next_dagrun for example_complex to None, run_after=None
[2024-08-09T02:07:06.862+0000] {processor.py:183} INFO - Processing /home/airflow/.local/lib/python3.12/site-packages/airflow/example_dags/example_complex.py took 0.165 seconds
[2024-08-09T02:07:37.310+0000] {processor.py:161} INFO - Started process (PID=3771) to work on /home/airflow/.local/lib/python3.12/site-packages/airflow/example_dags/example_complex.py
[2024-08-09T02:07:37.313+0000] {processor.py:830} INFO - Processing file /home/airflow/.local/lib/python3.12/site-packages/airflow/example_dags/example_complex.py for tasks to queue
[2024-08-09T02:07:37.318+0000] {logging_mixin.py:188} INFO - [2024-08-09T02:07:37.317+0000] {dagbag.py:545} INFO - Filling up the DagBag from /home/airflow/.local/lib/python3.12/site-packages/airflow/example_dags/example_complex.py
[2024-08-09T02:07:37.338+0000] {processor.py:840} INFO - DAG(s) 'example_complex' retrieved from /home/airflow/.local/lib/python3.12/site-packages/airflow/example_dags/example_complex.py
[2024-08-09T02:07:37.404+0000] {logging_mixin.py:188} INFO - [2024-08-09T02:07:37.403+0000] {dag.py:3089} INFO - Sync 1 DAGs
[2024-08-09T02:07:37.427+0000] {logging_mixin.py:188} INFO - [2024-08-09T02:07:37.426+0000] {dag.py:3947} INFO - Setting next_dagrun for example_complex to None, run_after=None
[2024-08-09T02:07:37.464+0000] {processor.py:183} INFO - Processing /home/airflow/.local/lib/python3.12/site-packages/airflow/example_dags/example_complex.py took 0.171 seconds
[2024-08-09T02:08:07.584+0000] {processor.py:161} INFO - Started process (PID=3829) to work on /home/airflow/.local/lib/python3.12/site-packages/airflow/example_dags/example_complex.py
[2024-08-09T02:08:07.586+0000] {processor.py:830} INFO - Processing file /home/airflow/.local/lib/python3.12/site-packages/airflow/example_dags/example_complex.py for tasks to queue
[2024-08-09T02:08:07.590+0000] {logging_mixin.py:188} INFO - [2024-08-09T02:08:07.590+0000] {dagbag.py:545} INFO - Filling up the DagBag from /home/airflow/.local/lib/python3.12/site-packages/airflow/example_dags/example_complex.py
[2024-08-09T02:08:07.610+0000] {processor.py:840} INFO - DAG(s) 'example_complex' retrieved from /home/airflow/.local/lib/python3.12/site-packages/airflow/example_dags/example_complex.py
[2024-08-09T02:08:07.666+0000] {logging_mixin.py:188} INFO - [2024-08-09T02:08:07.665+0000] {dag.py:3089} INFO - Sync 1 DAGs
[2024-08-09T02:08:07.690+0000] {logging_mixin.py:188} INFO - [2024-08-09T02:08:07.689+0000] {dag.py:3947} INFO - Setting next_dagrun for example_complex to None, run_after=None
[2024-08-09T02:08:07.725+0000] {processor.py:183} INFO - Processing /home/airflow/.local/lib/python3.12/site-packages/airflow/example_dags/example_complex.py took 0.156 seconds
[2024-08-09T02:08:38.441+0000] {processor.py:161} INFO - Started process (PID=3887) to work on /home/airflow/.local/lib/python3.12/site-packages/airflow/example_dags/example_complex.py
[2024-08-09T02:08:38.444+0000] {processor.py:830} INFO - Processing file /home/airflow/.local/lib/python3.12/site-packages/airflow/example_dags/example_complex.py for tasks to queue
[2024-08-09T02:08:38.449+0000] {logging_mixin.py:188} INFO - [2024-08-09T02:08:38.448+0000] {dagbag.py:545} INFO - Filling up the DagBag from /home/airflow/.local/lib/python3.12/site-packages/airflow/example_dags/example_complex.py
[2024-08-09T02:08:38.472+0000] {processor.py:840} INFO - DAG(s) 'example_complex' retrieved from /home/airflow/.local/lib/python3.12/site-packages/airflow/example_dags/example_complex.py
[2024-08-09T02:08:38.533+0000] {logging_mixin.py:188} INFO - [2024-08-09T02:08:38.532+0000] {dag.py:3089} INFO - Sync 1 DAGs
[2024-08-09T02:08:38.554+0000] {logging_mixin.py:188} INFO - [2024-08-09T02:08:38.554+0000] {dag.py:3947} INFO - Setting next_dagrun for example_complex to None, run_after=None
[2024-08-09T02:08:38.584+0000] {processor.py:183} INFO - Processing /home/airflow/.local/lib/python3.12/site-packages/airflow/example_dags/example_complex.py took 0.159 seconds
[2024-08-09T02:09:08.751+0000] {processor.py:161} INFO - Started process (PID=3945) to work on /home/airflow/.local/lib/python3.12/site-packages/airflow/example_dags/example_complex.py
[2024-08-09T02:09:08.753+0000] {processor.py:830} INFO - Processing file /home/airflow/.local/lib/python3.12/site-packages/airflow/example_dags/example_complex.py for tasks to queue
[2024-08-09T02:09:08.757+0000] {logging_mixin.py:188} INFO - [2024-08-09T02:09:08.756+0000] {dagbag.py:545} INFO - Filling up the DagBag from /home/airflow/.local/lib/python3.12/site-packages/airflow/example_dags/example_complex.py
[2024-08-09T02:09:08.776+0000] {processor.py:840} INFO - DAG(s) 'example_complex' retrieved from /home/airflow/.local/lib/python3.12/site-packages/airflow/example_dags/example_complex.py
[2024-08-09T02:09:08.839+0000] {logging_mixin.py:188} INFO - [2024-08-09T02:09:08.838+0000] {dag.py:3089} INFO - Sync 1 DAGs
[2024-08-09T02:09:08.861+0000] {logging_mixin.py:188} INFO - [2024-08-09T02:09:08.861+0000] {dag.py:3947} INFO - Setting next_dagrun for example_complex to None, run_after=None
[2024-08-09T02:09:08.894+0000] {processor.py:183} INFO - Processing /home/airflow/.local/lib/python3.12/site-packages/airflow/example_dags/example_complex.py took 0.163 seconds
[2024-08-09T02:09:39.876+0000] {processor.py:161} INFO - Started process (PID=4003) to work on /home/airflow/.local/lib/python3.12/site-packages/airflow/example_dags/example_complex.py
[2024-08-09T02:09:39.879+0000] {processor.py:830} INFO - Processing file /home/airflow/.local/lib/python3.12/site-packages/airflow/example_dags/example_complex.py for tasks to queue
[2024-08-09T02:09:39.886+0000] {logging_mixin.py:188} INFO - [2024-08-09T02:09:39.884+0000] {dagbag.py:545} INFO - Filling up the DagBag from /home/airflow/.local/lib/python3.12/site-packages/airflow/example_dags/example_complex.py
[2024-08-09T02:09:39.909+0000] {processor.py:840} INFO - DAG(s) 'example_complex' retrieved from /home/airflow/.local/lib/python3.12/site-packages/airflow/example_dags/example_complex.py
[2024-08-09T02:09:39.987+0000] {logging_mixin.py:188} INFO - [2024-08-09T02:09:39.986+0000] {dag.py:3089} INFO - Sync 1 DAGs
[2024-08-09T02:09:40.020+0000] {logging_mixin.py:188} INFO - [2024-08-09T02:09:40.019+0000] {dag.py:3947} INFO - Setting next_dagrun for example_complex to None, run_after=None
[2024-08-09T02:09:40.068+0000] {processor.py:183} INFO - Processing /home/airflow/.local/lib/python3.12/site-packages/airflow/example_dags/example_complex.py took 0.210 seconds
[2024-08-09T02:10:10.465+0000] {processor.py:161} INFO - Started process (PID=4061) to work on /home/airflow/.local/lib/python3.12/site-packages/airflow/example_dags/example_complex.py
[2024-08-09T02:10:10.469+0000] {processor.py:830} INFO - Processing file /home/airflow/.local/lib/python3.12/site-packages/airflow/example_dags/example_complex.py for tasks to queue
[2024-08-09T02:10:10.477+0000] {logging_mixin.py:188} INFO - [2024-08-09T02:10:10.476+0000] {dagbag.py:545} INFO - Filling up the DagBag from /home/airflow/.local/lib/python3.12/site-packages/airflow/example_dags/example_complex.py
[2024-08-09T02:10:10.512+0000] {processor.py:840} INFO - DAG(s) 'example_complex' retrieved from /home/airflow/.local/lib/python3.12/site-packages/airflow/example_dags/example_complex.py
[2024-08-09T02:10:10.638+0000] {logging_mixin.py:188} INFO - [2024-08-09T02:10:10.638+0000] {dag.py:3089} INFO - Sync 1 DAGs
[2024-08-09T02:10:10.712+0000] {logging_mixin.py:188} INFO - [2024-08-09T02:10:10.707+0000] {dag.py:3947} INFO - Setting next_dagrun for example_complex to None, run_after=None
[2024-08-09T02:10:10.781+0000] {processor.py:183} INFO - Processing /home/airflow/.local/lib/python3.12/site-packages/airflow/example_dags/example_complex.py took 0.349 seconds
[2024-08-09T02:10:42.081+0000] {processor.py:161} INFO - Started process (PID=4118) to work on /home/airflow/.local/lib/python3.12/site-packages/airflow/example_dags/example_complex.py
[2024-08-09T02:10:42.085+0000] {processor.py:830} INFO - Processing file /home/airflow/.local/lib/python3.12/site-packages/airflow/example_dags/example_complex.py for tasks to queue
[2024-08-09T02:10:42.090+0000] {logging_mixin.py:188} INFO - [2024-08-09T02:10:42.089+0000] {dagbag.py:545} INFO - Filling up the DagBag from /home/airflow/.local/lib/python3.12/site-packages/airflow/example_dags/example_complex.py
[2024-08-09T02:10:42.112+0000] {processor.py:840} INFO - DAG(s) 'example_complex' retrieved from /home/airflow/.local/lib/python3.12/site-packages/airflow/example_dags/example_complex.py
[2024-08-09T02:10:42.177+0000] {logging_mixin.py:188} INFO - [2024-08-09T02:10:42.176+0000] {dag.py:3089} INFO - Sync 1 DAGs
[2024-08-09T02:10:42.202+0000] {logging_mixin.py:188} INFO - [2024-08-09T02:10:42.202+0000] {dag.py:3947} INFO - Setting next_dagrun for example_complex to None, run_after=None
[2024-08-09T02:10:42.241+0000] {processor.py:183} INFO - Processing /home/airflow/.local/lib/python3.12/site-packages/airflow/example_dags/example_complex.py took 0.178 seconds
[2024-08-09T02:11:12.476+0000] {processor.py:161} INFO - Started process (PID=4176) to work on /home/airflow/.local/lib/python3.12/site-packages/airflow/example_dags/example_complex.py
[2024-08-09T02:11:12.479+0000] {processor.py:830} INFO - Processing file /home/airflow/.local/lib/python3.12/site-packages/airflow/example_dags/example_complex.py for tasks to queue
[2024-08-09T02:11:12.488+0000] {logging_mixin.py:188} INFO - [2024-08-09T02:11:12.484+0000] {dagbag.py:545} INFO - Filling up the DagBag from /home/airflow/.local/lib/python3.12/site-packages/airflow/example_dags/example_complex.py
[2024-08-09T02:11:12.514+0000] {processor.py:840} INFO - DAG(s) 'example_complex' retrieved from /home/airflow/.local/lib/python3.12/site-packages/airflow/example_dags/example_complex.py
[2024-08-09T02:11:12.598+0000] {logging_mixin.py:188} INFO - [2024-08-09T02:11:12.598+0000] {dag.py:3089} INFO - Sync 1 DAGs
[2024-08-09T02:11:12.635+0000] {logging_mixin.py:188} INFO - [2024-08-09T02:11:12.634+0000] {dag.py:3947} INFO - Setting next_dagrun for example_complex to None, run_after=None
[2024-08-09T02:11:12.706+0000] {processor.py:183} INFO - Processing /home/airflow/.local/lib/python3.12/site-packages/airflow/example_dags/example_complex.py took 0.254 seconds
[2024-08-09T02:11:43.246+0000] {processor.py:161} INFO - Started process (PID=4234) to work on /home/airflow/.local/lib/python3.12/site-packages/airflow/example_dags/example_complex.py
[2024-08-09T02:11:43.250+0000] {processor.py:830} INFO - Processing file /home/airflow/.local/lib/python3.12/site-packages/airflow/example_dags/example_complex.py for tasks to queue
[2024-08-09T02:11:43.256+0000] {logging_mixin.py:188} INFO - [2024-08-09T02:11:43.255+0000] {dagbag.py:545} INFO - Filling up the DagBag from /home/airflow/.local/lib/python3.12/site-packages/airflow/example_dags/example_complex.py
[2024-08-09T02:11:43.290+0000] {processor.py:840} INFO - DAG(s) 'example_complex' retrieved from /home/airflow/.local/lib/python3.12/site-packages/airflow/example_dags/example_complex.py
[2024-08-09T02:11:43.379+0000] {logging_mixin.py:188} INFO - [2024-08-09T02:11:43.379+0000] {dag.py:3089} INFO - Sync 1 DAGs
[2024-08-09T02:11:43.429+0000] {logging_mixin.py:188} INFO - [2024-08-09T02:11:43.429+0000] {dag.py:3947} INFO - Setting next_dagrun for example_complex to None, run_after=None
[2024-08-09T02:11:43.481+0000] {processor.py:183} INFO - Processing /home/airflow/.local/lib/python3.12/site-packages/airflow/example_dags/example_complex.py took 0.260 seconds
[2024-08-09T02:12:13.845+0000] {processor.py:161} INFO - Started process (PID=4292) to work on /home/airflow/.local/lib/python3.12/site-packages/airflow/example_dags/example_complex.py
[2024-08-09T02:12:13.847+0000] {processor.py:830} INFO - Processing file /home/airflow/.local/lib/python3.12/site-packages/airflow/example_dags/example_complex.py for tasks to queue
[2024-08-09T02:12:13.858+0000] {logging_mixin.py:188} INFO - [2024-08-09T02:12:13.857+0000] {dagbag.py:545} INFO - Filling up the DagBag from /home/airflow/.local/lib/python3.12/site-packages/airflow/example_dags/example_complex.py
[2024-08-09T02:12:13.880+0000] {processor.py:840} INFO - DAG(s) 'example_complex' retrieved from /home/airflow/.local/lib/python3.12/site-packages/airflow/example_dags/example_complex.py
[2024-08-09T02:12:13.957+0000] {logging_mixin.py:188} INFO - [2024-08-09T02:12:13.956+0000] {dag.py:3089} INFO - Sync 1 DAGs
[2024-08-09T02:12:13.983+0000] {logging_mixin.py:188} INFO - [2024-08-09T02:12:13.983+0000] {dag.py:3947} INFO - Setting next_dagrun for example_complex to None, run_after=None
[2024-08-09T02:12:14.020+0000] {processor.py:183} INFO - Processing /home/airflow/.local/lib/python3.12/site-packages/airflow/example_dags/example_complex.py took 0.204 seconds
[2024-08-09T02:12:44.576+0000] {processor.py:161} INFO - Started process (PID=4350) to work on /home/airflow/.local/lib/python3.12/site-packages/airflow/example_dags/example_complex.py
[2024-08-09T02:12:44.579+0000] {processor.py:830} INFO - Processing file /home/airflow/.local/lib/python3.12/site-packages/airflow/example_dags/example_complex.py for tasks to queue
[2024-08-09T02:12:44.584+0000] {logging_mixin.py:188} INFO - [2024-08-09T02:12:44.584+0000] {dagbag.py:545} INFO - Filling up the DagBag from /home/airflow/.local/lib/python3.12/site-packages/airflow/example_dags/example_complex.py
[2024-08-09T02:12:44.609+0000] {processor.py:840} INFO - DAG(s) 'example_complex' retrieved from /home/airflow/.local/lib/python3.12/site-packages/airflow/example_dags/example_complex.py
[2024-08-09T02:12:44.699+0000] {logging_mixin.py:188} INFO - [2024-08-09T02:12:44.698+0000] {dag.py:3089} INFO - Sync 1 DAGs
[2024-08-09T02:12:44.740+0000] {logging_mixin.py:188} INFO - [2024-08-09T02:12:44.740+0000] {dag.py:3947} INFO - Setting next_dagrun for example_complex to None, run_after=None
[2024-08-09T02:12:44.827+0000] {processor.py:183} INFO - Processing /home/airflow/.local/lib/python3.12/site-packages/airflow/example_dags/example_complex.py took 0.268 seconds
[2024-08-09T02:13:15.298+0000] {processor.py:161} INFO - Started process (PID=4407) to work on /home/airflow/.local/lib/python3.12/site-packages/airflow/example_dags/example_complex.py
[2024-08-09T02:13:15.301+0000] {processor.py:830} INFO - Processing file /home/airflow/.local/lib/python3.12/site-packages/airflow/example_dags/example_complex.py for tasks to queue
[2024-08-09T02:13:15.308+0000] {logging_mixin.py:188} INFO - [2024-08-09T02:13:15.305+0000] {dagbag.py:545} INFO - Filling up the DagBag from /home/airflow/.local/lib/python3.12/site-packages/airflow/example_dags/example_complex.py
[2024-08-09T02:13:15.334+0000] {processor.py:840} INFO - DAG(s) 'example_complex' retrieved from /home/airflow/.local/lib/python3.12/site-packages/airflow/example_dags/example_complex.py
[2024-08-09T02:13:15.422+0000] {logging_mixin.py:188} INFO - [2024-08-09T02:13:15.421+0000] {dag.py:3089} INFO - Sync 1 DAGs
[2024-08-09T02:13:15.449+0000] {logging_mixin.py:188} INFO - [2024-08-09T02:13:15.449+0000] {dag.py:3947} INFO - Setting next_dagrun for example_complex to None, run_after=None
[2024-08-09T02:13:15.491+0000] {processor.py:183} INFO - Processing /home/airflow/.local/lib/python3.12/site-packages/airflow/example_dags/example_complex.py took 0.208 seconds
[2024-08-09T02:13:46.897+0000] {processor.py:161} INFO - Started process (PID=4465) to work on /home/airflow/.local/lib/python3.12/site-packages/airflow/example_dags/example_complex.py
[2024-08-09T02:13:46.900+0000] {processor.py:830} INFO - Processing file /home/airflow/.local/lib/python3.12/site-packages/airflow/example_dags/example_complex.py for tasks to queue
[2024-08-09T02:13:46.905+0000] {logging_mixin.py:188} INFO - [2024-08-09T02:13:46.904+0000] {dagbag.py:545} INFO - Filling up the DagBag from /home/airflow/.local/lib/python3.12/site-packages/airflow/example_dags/example_complex.py
[2024-08-09T02:13:46.927+0000] {processor.py:840} INFO - DAG(s) 'example_complex' retrieved from /home/airflow/.local/lib/python3.12/site-packages/airflow/example_dags/example_complex.py
[2024-08-09T02:13:47.003+0000] {logging_mixin.py:188} INFO - [2024-08-09T02:13:47.003+0000] {dag.py:3089} INFO - Sync 1 DAGs
[2024-08-09T02:13:47.034+0000] {logging_mixin.py:188} INFO - [2024-08-09T02:13:47.033+0000] {dag.py:3947} INFO - Setting next_dagrun for example_complex to None, run_after=None
[2024-08-09T02:13:47.074+0000] {processor.py:183} INFO - Processing /home/airflow/.local/lib/python3.12/site-packages/airflow/example_dags/example_complex.py took 0.194 seconds
[2024-08-09T02:14:17.370+0000] {processor.py:161} INFO - Started process (PID=4523) to work on /home/airflow/.local/lib/python3.12/site-packages/airflow/example_dags/example_complex.py
[2024-08-09T02:14:17.373+0000] {processor.py:830} INFO - Processing file /home/airflow/.local/lib/python3.12/site-packages/airflow/example_dags/example_complex.py for tasks to queue
[2024-08-09T02:14:17.379+0000] {logging_mixin.py:188} INFO - [2024-08-09T02:14:17.378+0000] {dagbag.py:545} INFO - Filling up the DagBag from /home/airflow/.local/lib/python3.12/site-packages/airflow/example_dags/example_complex.py
[2024-08-09T02:14:17.409+0000] {processor.py:840} INFO - DAG(s) 'example_complex' retrieved from /home/airflow/.local/lib/python3.12/site-packages/airflow/example_dags/example_complex.py
[2024-08-09T02:14:17.547+0000] {logging_mixin.py:188} INFO - [2024-08-09T02:14:17.543+0000] {dag.py:3089} INFO - Sync 1 DAGs
[2024-08-09T02:14:17.584+0000] {logging_mixin.py:188} INFO - [2024-08-09T02:14:17.584+0000] {dag.py:3947} INFO - Setting next_dagrun for example_complex to None, run_after=None
[2024-08-09T02:14:17.637+0000] {processor.py:183} INFO - Processing /home/airflow/.local/lib/python3.12/site-packages/airflow/example_dags/example_complex.py took 0.296 seconds
[2024-08-09T02:14:48.198+0000] {processor.py:161} INFO - Started process (PID=4581) to work on /home/airflow/.local/lib/python3.12/site-packages/airflow/example_dags/example_complex.py
[2024-08-09T02:14:48.203+0000] {processor.py:830} INFO - Processing file /home/airflow/.local/lib/python3.12/site-packages/airflow/example_dags/example_complex.py for tasks to queue
[2024-08-09T02:14:48.223+0000] {logging_mixin.py:188} INFO - [2024-08-09T02:14:48.222+0000] {dagbag.py:545} INFO - Filling up the DagBag from /home/airflow/.local/lib/python3.12/site-packages/airflow/example_dags/example_complex.py
[2024-08-09T02:14:48.275+0000] {processor.py:840} INFO - DAG(s) 'example_complex' retrieved from /home/airflow/.local/lib/python3.12/site-packages/airflow/example_dags/example_complex.py
[2024-08-09T02:14:48.457+0000] {logging_mixin.py:188} INFO - [2024-08-09T02:14:48.456+0000] {dag.py:3089} INFO - Sync 1 DAGs
[2024-08-09T02:14:48.527+0000] {logging_mixin.py:188} INFO - [2024-08-09T02:14:48.527+0000] {dag.py:3947} INFO - Setting next_dagrun for example_complex to None, run_after=None
[2024-08-09T02:14:48.647+0000] {processor.py:183} INFO - Processing /home/airflow/.local/lib/python3.12/site-packages/airflow/example_dags/example_complex.py took 0.527 seconds
[2024-08-09T02:15:18.775+0000] {processor.py:161} INFO - Started process (PID=4639) to work on /home/airflow/.local/lib/python3.12/site-packages/airflow/example_dags/example_complex.py
[2024-08-09T02:15:18.779+0000] {processor.py:830} INFO - Processing file /home/airflow/.local/lib/python3.12/site-packages/airflow/example_dags/example_complex.py for tasks to queue
[2024-08-09T02:15:18.784+0000] {logging_mixin.py:188} INFO - [2024-08-09T02:15:18.783+0000] {dagbag.py:545} INFO - Filling up the DagBag from /home/airflow/.local/lib/python3.12/site-packages/airflow/example_dags/example_complex.py
[2024-08-09T02:15:18.804+0000] {processor.py:840} INFO - DAG(s) 'example_complex' retrieved from /home/airflow/.local/lib/python3.12/site-packages/airflow/example_dags/example_complex.py
[2024-08-09T02:15:18.872+0000] {logging_mixin.py:188} INFO - [2024-08-09T02:15:18.871+0000] {dag.py:3089} INFO - Sync 1 DAGs
[2024-08-09T02:15:18.897+0000] {logging_mixin.py:188} INFO - [2024-08-09T02:15:18.896+0000] {dag.py:3947} INFO - Setting next_dagrun for example_complex to None, run_after=None
[2024-08-09T02:15:18.929+0000] {processor.py:183} INFO - Processing /home/airflow/.local/lib/python3.12/site-packages/airflow/example_dags/example_complex.py took 0.172 seconds
[2024-08-09T02:15:49.619+0000] {processor.py:161} INFO - Started process (PID=4697) to work on /home/airflow/.local/lib/python3.12/site-packages/airflow/example_dags/example_complex.py
[2024-08-09T02:15:49.622+0000] {processor.py:830} INFO - Processing file /home/airflow/.local/lib/python3.12/site-packages/airflow/example_dags/example_complex.py for tasks to queue
[2024-08-09T02:15:49.626+0000] {logging_mixin.py:188} INFO - [2024-08-09T02:15:49.626+0000] {dagbag.py:545} INFO - Filling up the DagBag from /home/airflow/.local/lib/python3.12/site-packages/airflow/example_dags/example_complex.py
[2024-08-09T02:15:49.644+0000] {processor.py:840} INFO - DAG(s) 'example_complex' retrieved from /home/airflow/.local/lib/python3.12/site-packages/airflow/example_dags/example_complex.py
[2024-08-09T02:15:49.702+0000] {logging_mixin.py:188} INFO - [2024-08-09T02:15:49.701+0000] {dag.py:3089} INFO - Sync 1 DAGs
[2024-08-09T02:15:49.725+0000] {logging_mixin.py:188} INFO - [2024-08-09T02:15:49.724+0000] {dag.py:3947} INFO - Setting next_dagrun for example_complex to None, run_after=None
[2024-08-09T02:15:49.760+0000] {processor.py:183} INFO - Processing /home/airflow/.local/lib/python3.12/site-packages/airflow/example_dags/example_complex.py took 0.156 seconds
