[2024-08-09T01:42:28.430+0000] {processor.py:161} INFO - Started process (PID=981) to work on /home/airflow/.local/lib/python3.12/site-packages/airflow/example_dags/example_task_group.py
[2024-08-09T01:42:28.434+0000] {processor.py:830} INFO - Processing file /home/airflow/.local/lib/python3.12/site-packages/airflow/example_dags/example_task_group.py for tasks to queue
[2024-08-09T01:42:28.445+0000] {logging_mixin.py:188} INFO - [2024-08-09T01:42:28.444+0000] {dagbag.py:545} INFO - Filling up the DagBag from /home/airflow/.local/lib/python3.12/site-packages/airflow/example_dags/example_task_group.py
[2024-08-09T01:42:28.477+0000] {processor.py:840} INFO - DAG(s) 'example_task_group' retrieved from /home/airflow/.local/lib/python3.12/site-packages/airflow/example_dags/example_task_group.py
[2024-08-09T01:42:28.540+0000] {logging_mixin.py:188} INFO - [2024-08-09T01:42:28.539+0000] {dag.py:3089} INFO - Sync 1 DAGs
[2024-08-09T01:42:28.588+0000] {logging_mixin.py:188} INFO - [2024-08-09T01:42:28.588+0000] {dag.py:3947} INFO - Setting next_dagrun for example_task_group to 2024-08-08 00:00:00+00:00, run_after=2024-08-09 00:00:00+00:00
[2024-08-09T01:42:28.626+0000] {processor.py:183} INFO - Processing /home/airflow/.local/lib/python3.12/site-packages/airflow/example_dags/example_task_group.py took 0.226 seconds
[2024-08-09T01:42:58.997+0000] {processor.py:161} INFO - Started process (PID=1040) to work on /home/airflow/.local/lib/python3.12/site-packages/airflow/example_dags/example_task_group.py
[2024-08-09T01:42:59.002+0000] {processor.py:830} INFO - Processing file /home/airflow/.local/lib/python3.12/site-packages/airflow/example_dags/example_task_group.py for tasks to queue
[2024-08-09T01:42:59.010+0000] {logging_mixin.py:188} INFO - [2024-08-09T01:42:59.009+0000] {dagbag.py:545} INFO - Filling up the DagBag from /home/airflow/.local/lib/python3.12/site-packages/airflow/example_dags/example_task_group.py
[2024-08-09T01:42:59.042+0000] {processor.py:840} INFO - DAG(s) 'example_task_group' retrieved from /home/airflow/.local/lib/python3.12/site-packages/airflow/example_dags/example_task_group.py
[2024-08-09T01:42:59.141+0000] {logging_mixin.py:188} INFO - [2024-08-09T01:42:59.141+0000] {dag.py:3089} INFO - Sync 1 DAGs
[2024-08-09T01:42:59.232+0000] {logging_mixin.py:188} INFO - [2024-08-09T01:42:59.232+0000] {dag.py:3947} INFO - Setting next_dagrun for example_task_group to 2024-08-08 00:00:00+00:00, run_after=2024-08-09 00:00:00+00:00
[2024-08-09T01:42:59.279+0000] {processor.py:183} INFO - Processing /home/airflow/.local/lib/python3.12/site-packages/airflow/example_dags/example_task_group.py took 0.307 seconds
[2024-08-09T01:43:29.569+0000] {processor.py:161} INFO - Started process (PID=1098) to work on /home/airflow/.local/lib/python3.12/site-packages/airflow/example_dags/example_task_group.py
[2024-08-09T01:43:29.571+0000] {processor.py:830} INFO - Processing file /home/airflow/.local/lib/python3.12/site-packages/airflow/example_dags/example_task_group.py for tasks to queue
[2024-08-09T01:43:29.577+0000] {logging_mixin.py:188} INFO - [2024-08-09T01:43:29.576+0000] {dagbag.py:545} INFO - Filling up the DagBag from /home/airflow/.local/lib/python3.12/site-packages/airflow/example_dags/example_task_group.py
[2024-08-09T01:43:29.614+0000] {processor.py:840} INFO - DAG(s) 'example_task_group' retrieved from /home/airflow/.local/lib/python3.12/site-packages/airflow/example_dags/example_task_group.py
[2024-08-09T01:43:29.696+0000] {logging_mixin.py:188} INFO - [2024-08-09T01:43:29.695+0000] {dag.py:3089} INFO - Sync 1 DAGs
[2024-08-09T01:43:29.741+0000] {logging_mixin.py:188} INFO - [2024-08-09T01:43:29.741+0000] {dag.py:3947} INFO - Setting next_dagrun for example_task_group to 2024-08-08 00:00:00+00:00, run_after=2024-08-09 00:00:00+00:00
[2024-08-09T01:43:29.792+0000] {processor.py:183} INFO - Processing /home/airflow/.local/lib/python3.12/site-packages/airflow/example_dags/example_task_group.py took 0.246 seconds
[2024-08-09T01:44:00.029+0000] {processor.py:161} INFO - Started process (PID=1156) to work on /home/airflow/.local/lib/python3.12/site-packages/airflow/example_dags/example_task_group.py
[2024-08-09T01:44:00.032+0000] {processor.py:830} INFO - Processing file /home/airflow/.local/lib/python3.12/site-packages/airflow/example_dags/example_task_group.py for tasks to queue
[2024-08-09T01:44:00.041+0000] {logging_mixin.py:188} INFO - [2024-08-09T01:44:00.039+0000] {dagbag.py:545} INFO - Filling up the DagBag from /home/airflow/.local/lib/python3.12/site-packages/airflow/example_dags/example_task_group.py
[2024-08-09T01:44:00.080+0000] {processor.py:840} INFO - DAG(s) 'example_task_group' retrieved from /home/airflow/.local/lib/python3.12/site-packages/airflow/example_dags/example_task_group.py
[2024-08-09T01:44:00.204+0000] {logging_mixin.py:188} INFO - [2024-08-09T01:44:00.203+0000] {dag.py:3089} INFO - Sync 1 DAGs
[2024-08-09T01:44:00.272+0000] {logging_mixin.py:188} INFO - [2024-08-09T01:44:00.271+0000] {dag.py:3947} INFO - Setting next_dagrun for example_task_group to 2024-08-08 00:00:00+00:00, run_after=2024-08-09 00:00:00+00:00
[2024-08-09T01:44:00.307+0000] {processor.py:183} INFO - Processing /home/airflow/.local/lib/python3.12/site-packages/airflow/example_dags/example_task_group.py took 0.306 seconds
[2024-08-09T01:44:31.034+0000] {processor.py:161} INFO - Started process (PID=1214) to work on /home/airflow/.local/lib/python3.12/site-packages/airflow/example_dags/example_task_group.py
[2024-08-09T01:44:31.036+0000] {processor.py:830} INFO - Processing file /home/airflow/.local/lib/python3.12/site-packages/airflow/example_dags/example_task_group.py for tasks to queue
[2024-08-09T01:44:31.047+0000] {logging_mixin.py:188} INFO - [2024-08-09T01:44:31.046+0000] {dagbag.py:545} INFO - Filling up the DagBag from /home/airflow/.local/lib/python3.12/site-packages/airflow/example_dags/example_task_group.py
[2024-08-09T01:44:31.068+0000] {processor.py:840} INFO - DAG(s) 'example_task_group' retrieved from /home/airflow/.local/lib/python3.12/site-packages/airflow/example_dags/example_task_group.py
[2024-08-09T01:44:31.157+0000] {logging_mixin.py:188} INFO - [2024-08-09T01:44:31.157+0000] {dag.py:3089} INFO - Sync 1 DAGs
[2024-08-09T01:44:31.252+0000] {logging_mixin.py:188} INFO - [2024-08-09T01:44:31.251+0000] {dag.py:3947} INFO - Setting next_dagrun for example_task_group to 2024-08-08 00:00:00+00:00, run_after=2024-08-09 00:00:00+00:00
[2024-08-09T01:44:31.354+0000] {processor.py:183} INFO - Processing /home/airflow/.local/lib/python3.12/site-packages/airflow/example_dags/example_task_group.py took 0.336 seconds
[2024-08-09T01:45:01.484+0000] {processor.py:161} INFO - Started process (PID=1272) to work on /home/airflow/.local/lib/python3.12/site-packages/airflow/example_dags/example_task_group.py
[2024-08-09T01:45:01.490+0000] {processor.py:830} INFO - Processing file /home/airflow/.local/lib/python3.12/site-packages/airflow/example_dags/example_task_group.py for tasks to queue
[2024-08-09T01:45:01.497+0000] {logging_mixin.py:188} INFO - [2024-08-09T01:45:01.496+0000] {dagbag.py:545} INFO - Filling up the DagBag from /home/airflow/.local/lib/python3.12/site-packages/airflow/example_dags/example_task_group.py
[2024-08-09T01:45:01.525+0000] {processor.py:840} INFO - DAG(s) 'example_task_group' retrieved from /home/airflow/.local/lib/python3.12/site-packages/airflow/example_dags/example_task_group.py
[2024-08-09T01:45:01.604+0000] {logging_mixin.py:188} INFO - [2024-08-09T01:45:01.604+0000] {dag.py:3089} INFO - Sync 1 DAGs
[2024-08-09T01:45:01.663+0000] {logging_mixin.py:188} INFO - [2024-08-09T01:45:01.663+0000] {dag.py:3947} INFO - Setting next_dagrun for example_task_group to 2024-08-08 00:00:00+00:00, run_after=2024-08-09 00:00:00+00:00
[2024-08-09T01:45:01.698+0000] {processor.py:183} INFO - Processing /home/airflow/.local/lib/python3.12/site-packages/airflow/example_dags/example_task_group.py took 0.237 seconds
[2024-08-09T01:45:31.916+0000] {processor.py:161} INFO - Started process (PID=1329) to work on /home/airflow/.local/lib/python3.12/site-packages/airflow/example_dags/example_task_group.py
[2024-08-09T01:45:31.919+0000] {processor.py:830} INFO - Processing file /home/airflow/.local/lib/python3.12/site-packages/airflow/example_dags/example_task_group.py for tasks to queue
[2024-08-09T01:45:31.923+0000] {logging_mixin.py:188} INFO - [2024-08-09T01:45:31.923+0000] {dagbag.py:545} INFO - Filling up the DagBag from /home/airflow/.local/lib/python3.12/site-packages/airflow/example_dags/example_task_group.py
[2024-08-09T01:45:31.944+0000] {processor.py:840} INFO - DAG(s) 'example_task_group' retrieved from /home/airflow/.local/lib/python3.12/site-packages/airflow/example_dags/example_task_group.py
[2024-08-09T01:45:32.006+0000] {logging_mixin.py:188} INFO - [2024-08-09T01:45:32.005+0000] {dag.py:3089} INFO - Sync 1 DAGs
[2024-08-09T01:45:32.061+0000] {logging_mixin.py:188} INFO - [2024-08-09T01:45:32.061+0000] {dag.py:3947} INFO - Setting next_dagrun for example_task_group to 2024-08-08 00:00:00+00:00, run_after=2024-08-09 00:00:00+00:00
[2024-08-09T01:45:32.108+0000] {processor.py:183} INFO - Processing /home/airflow/.local/lib/python3.12/site-packages/airflow/example_dags/example_task_group.py took 0.207 seconds
[2024-08-09T01:46:02.439+0000] {processor.py:161} INFO - Started process (PID=1387) to work on /home/airflow/.local/lib/python3.12/site-packages/airflow/example_dags/example_task_group.py
[2024-08-09T01:46:02.441+0000] {processor.py:830} INFO - Processing file /home/airflow/.local/lib/python3.12/site-packages/airflow/example_dags/example_task_group.py for tasks to queue
[2024-08-09T01:46:02.446+0000] {logging_mixin.py:188} INFO - [2024-08-09T01:46:02.445+0000] {dagbag.py:545} INFO - Filling up the DagBag from /home/airflow/.local/lib/python3.12/site-packages/airflow/example_dags/example_task_group.py
[2024-08-09T01:46:02.475+0000] {processor.py:840} INFO - DAG(s) 'example_task_group' retrieved from /home/airflow/.local/lib/python3.12/site-packages/airflow/example_dags/example_task_group.py
[2024-08-09T01:46:02.545+0000] {logging_mixin.py:188} INFO - [2024-08-09T01:46:02.544+0000] {dag.py:3089} INFO - Sync 1 DAGs
[2024-08-09T01:46:02.603+0000] {logging_mixin.py:188} INFO - [2024-08-09T01:46:02.602+0000] {dag.py:3947} INFO - Setting next_dagrun for example_task_group to 2024-08-08 00:00:00+00:00, run_after=2024-08-09 00:00:00+00:00
[2024-08-09T01:46:02.658+0000] {processor.py:183} INFO - Processing /home/airflow/.local/lib/python3.12/site-packages/airflow/example_dags/example_task_group.py took 0.236 seconds
[2024-08-09T01:46:33.649+0000] {processor.py:161} INFO - Started process (PID=1444) to work on /home/airflow/.local/lib/python3.12/site-packages/airflow/example_dags/example_task_group.py
[2024-08-09T01:46:33.652+0000] {processor.py:830} INFO - Processing file /home/airflow/.local/lib/python3.12/site-packages/airflow/example_dags/example_task_group.py for tasks to queue
[2024-08-09T01:46:33.657+0000] {logging_mixin.py:188} INFO - [2024-08-09T01:46:33.656+0000] {dagbag.py:545} INFO - Filling up the DagBag from /home/airflow/.local/lib/python3.12/site-packages/airflow/example_dags/example_task_group.py
[2024-08-09T01:46:33.677+0000] {processor.py:840} INFO - DAG(s) 'example_task_group' retrieved from /home/airflow/.local/lib/python3.12/site-packages/airflow/example_dags/example_task_group.py
[2024-08-09T01:46:33.735+0000] {logging_mixin.py:188} INFO - [2024-08-09T01:46:33.734+0000] {dag.py:3089} INFO - Sync 1 DAGs
[2024-08-09T01:46:33.785+0000] {logging_mixin.py:188} INFO - [2024-08-09T01:46:33.784+0000] {dag.py:3947} INFO - Setting next_dagrun for example_task_group to 2024-08-08 00:00:00+00:00, run_after=2024-08-09 00:00:00+00:00
[2024-08-09T01:46:33.818+0000] {processor.py:183} INFO - Processing /home/airflow/.local/lib/python3.12/site-packages/airflow/example_dags/example_task_group.py took 0.182 seconds
[2024-08-09T01:47:04.725+0000] {processor.py:161} INFO - Started process (PID=1502) to work on /home/airflow/.local/lib/python3.12/site-packages/airflow/example_dags/example_task_group.py
[2024-08-09T01:47:04.729+0000] {processor.py:830} INFO - Processing file /home/airflow/.local/lib/python3.12/site-packages/airflow/example_dags/example_task_group.py for tasks to queue
[2024-08-09T01:47:04.809+0000] {logging_mixin.py:188} INFO - [2024-08-09T01:47:04.808+0000] {dagbag.py:545} INFO - Filling up the DagBag from /home/airflow/.local/lib/python3.12/site-packages/airflow/example_dags/example_task_group.py
[2024-08-09T01:47:04.880+0000] {processor.py:840} INFO - DAG(s) 'example_task_group' retrieved from /home/airflow/.local/lib/python3.12/site-packages/airflow/example_dags/example_task_group.py
[2024-08-09T01:47:05.079+0000] {logging_mixin.py:188} INFO - [2024-08-09T01:47:05.078+0000] {dag.py:3089} INFO - Sync 1 DAGs
[2024-08-09T01:47:05.281+0000] {logging_mixin.py:188} INFO - [2024-08-09T01:47:05.281+0000] {dag.py:3947} INFO - Setting next_dagrun for example_task_group to 2024-08-08 00:00:00+00:00, run_after=2024-08-09 00:00:00+00:00
[2024-08-09T01:47:05.438+0000] {processor.py:183} INFO - Processing /home/airflow/.local/lib/python3.12/site-packages/airflow/example_dags/example_task_group.py took 0.813 seconds
[2024-08-09T01:47:35.823+0000] {processor.py:161} INFO - Started process (PID=1560) to work on /home/airflow/.local/lib/python3.12/site-packages/airflow/example_dags/example_task_group.py
[2024-08-09T01:47:35.825+0000] {processor.py:830} INFO - Processing file /home/airflow/.local/lib/python3.12/site-packages/airflow/example_dags/example_task_group.py for tasks to queue
[2024-08-09T01:47:35.836+0000] {logging_mixin.py:188} INFO - [2024-08-09T01:47:35.834+0000] {dagbag.py:545} INFO - Filling up the DagBag from /home/airflow/.local/lib/python3.12/site-packages/airflow/example_dags/example_task_group.py
[2024-08-09T01:47:35.859+0000] {processor.py:840} INFO - DAG(s) 'example_task_group' retrieved from /home/airflow/.local/lib/python3.12/site-packages/airflow/example_dags/example_task_group.py
[2024-08-09T01:47:35.948+0000] {logging_mixin.py:188} INFO - [2024-08-09T01:47:35.946+0000] {dag.py:3089} INFO - Sync 1 DAGs
[2024-08-09T01:47:36.023+0000] {logging_mixin.py:188} INFO - [2024-08-09T01:47:36.022+0000] {dag.py:3947} INFO - Setting next_dagrun for example_task_group to 2024-08-08 00:00:00+00:00, run_after=2024-08-09 00:00:00+00:00
[2024-08-09T01:47:36.889+0000] {processor.py:183} INFO - Processing /home/airflow/.local/lib/python3.12/site-packages/airflow/example_dags/example_task_group.py took 1.089 seconds
[2024-08-09T01:48:07.176+0000] {processor.py:161} INFO - Started process (PID=1618) to work on /home/airflow/.local/lib/python3.12/site-packages/airflow/example_dags/example_task_group.py
[2024-08-09T01:48:07.182+0000] {processor.py:830} INFO - Processing file /home/airflow/.local/lib/python3.12/site-packages/airflow/example_dags/example_task_group.py for tasks to queue
[2024-08-09T01:48:07.192+0000] {logging_mixin.py:188} INFO - [2024-08-09T01:48:07.191+0000] {dagbag.py:545} INFO - Filling up the DagBag from /home/airflow/.local/lib/python3.12/site-packages/airflow/example_dags/example_task_group.py
[2024-08-09T01:48:07.221+0000] {processor.py:840} INFO - DAG(s) 'example_task_group' retrieved from /home/airflow/.local/lib/python3.12/site-packages/airflow/example_dags/example_task_group.py
[2024-08-09T01:48:07.311+0000] {logging_mixin.py:188} INFO - [2024-08-09T01:48:07.310+0000] {dag.py:3089} INFO - Sync 1 DAGs
[2024-08-09T01:48:07.379+0000] {logging_mixin.py:188} INFO - [2024-08-09T01:48:07.378+0000] {dag.py:3947} INFO - Setting next_dagrun for example_task_group to 2024-08-08 00:00:00+00:00, run_after=2024-08-09 00:00:00+00:00
[2024-08-09T01:48:07.426+0000] {processor.py:183} INFO - Processing /home/airflow/.local/lib/python3.12/site-packages/airflow/example_dags/example_task_group.py took 0.284 seconds
[2024-08-09T01:48:37.893+0000] {processor.py:161} INFO - Started process (PID=1676) to work on /home/airflow/.local/lib/python3.12/site-packages/airflow/example_dags/example_task_group.py
[2024-08-09T01:48:37.896+0000] {processor.py:830} INFO - Processing file /home/airflow/.local/lib/python3.12/site-packages/airflow/example_dags/example_task_group.py for tasks to queue
[2024-08-09T01:48:37.924+0000] {logging_mixin.py:188} INFO - [2024-08-09T01:48:37.918+0000] {dagbag.py:545} INFO - Filling up the DagBag from /home/airflow/.local/lib/python3.12/site-packages/airflow/example_dags/example_task_group.py
[2024-08-09T01:48:37.995+0000] {processor.py:840} INFO - DAG(s) 'example_task_group' retrieved from /home/airflow/.local/lib/python3.12/site-packages/airflow/example_dags/example_task_group.py
[2024-08-09T01:48:38.098+0000] {logging_mixin.py:188} INFO - [2024-08-09T01:48:38.097+0000] {dag.py:3089} INFO - Sync 1 DAGs
[2024-08-09T01:48:38.163+0000] {logging_mixin.py:188} INFO - [2024-08-09T01:48:38.162+0000] {dag.py:3947} INFO - Setting next_dagrun for example_task_group to 2024-08-08 00:00:00+00:00, run_after=2024-08-09 00:00:00+00:00
[2024-08-09T01:48:38.206+0000] {processor.py:183} INFO - Processing /home/airflow/.local/lib/python3.12/site-packages/airflow/example_dags/example_task_group.py took 0.335 seconds
[2024-08-09T01:49:08.707+0000] {processor.py:161} INFO - Started process (PID=1734) to work on /home/airflow/.local/lib/python3.12/site-packages/airflow/example_dags/example_task_group.py
[2024-08-09T01:49:08.729+0000] {processor.py:830} INFO - Processing file /home/airflow/.local/lib/python3.12/site-packages/airflow/example_dags/example_task_group.py for tasks to queue
[2024-08-09T01:49:08.754+0000] {logging_mixin.py:188} INFO - [2024-08-09T01:49:08.753+0000] {dagbag.py:545} INFO - Filling up the DagBag from /home/airflow/.local/lib/python3.12/site-packages/airflow/example_dags/example_task_group.py
[2024-08-09T01:49:08.798+0000] {processor.py:840} INFO - DAG(s) 'example_task_group' retrieved from /home/airflow/.local/lib/python3.12/site-packages/airflow/example_dags/example_task_group.py
[2024-08-09T01:49:08.965+0000] {logging_mixin.py:188} INFO - [2024-08-09T01:49:08.965+0000] {dag.py:3089} INFO - Sync 1 DAGs
[2024-08-09T01:49:09.086+0000] {logging_mixin.py:188} INFO - [2024-08-09T01:49:09.086+0000] {dag.py:3947} INFO - Setting next_dagrun for example_task_group to 2024-08-08 00:00:00+00:00, run_after=2024-08-09 00:00:00+00:00
[2024-08-09T01:49:09.161+0000] {processor.py:183} INFO - Processing /home/airflow/.local/lib/python3.12/site-packages/airflow/example_dags/example_task_group.py took 0.505 seconds
[2024-08-09T01:49:41.111+0000] {processor.py:161} INFO - Started process (PID=1790) to work on /home/airflow/.local/lib/python3.12/site-packages/airflow/example_dags/example_task_group.py
[2024-08-09T01:49:41.115+0000] {processor.py:830} INFO - Processing file /home/airflow/.local/lib/python3.12/site-packages/airflow/example_dags/example_task_group.py for tasks to queue
[2024-08-09T01:49:41.129+0000] {logging_mixin.py:188} INFO - [2024-08-09T01:49:41.128+0000] {dagbag.py:545} INFO - Filling up the DagBag from /home/airflow/.local/lib/python3.12/site-packages/airflow/example_dags/example_task_group.py
[2024-08-09T01:49:41.171+0000] {processor.py:840} INFO - DAG(s) 'example_task_group' retrieved from /home/airflow/.local/lib/python3.12/site-packages/airflow/example_dags/example_task_group.py
[2024-08-09T01:49:41.270+0000] {logging_mixin.py:188} INFO - [2024-08-09T01:49:41.268+0000] {dag.py:3089} INFO - Sync 1 DAGs
[2024-08-09T01:49:41.420+0000] {logging_mixin.py:188} INFO - [2024-08-09T01:49:41.419+0000] {dag.py:3947} INFO - Setting next_dagrun for example_task_group to 2024-08-08 00:00:00+00:00, run_after=2024-08-09 00:00:00+00:00
[2024-08-09T01:49:41.491+0000] {processor.py:183} INFO - Processing /home/airflow/.local/lib/python3.12/site-packages/airflow/example_dags/example_task_group.py took 0.431 seconds
[2024-08-09T01:50:25.136+0000] {processor.py:161} INFO - Started process (PID=1845) to work on /home/airflow/.local/lib/python3.12/site-packages/airflow/example_dags/example_task_group.py
[2024-08-09T01:50:25.142+0000] {processor.py:830} INFO - Processing file /home/airflow/.local/lib/python3.12/site-packages/airflow/example_dags/example_task_group.py for tasks to queue
[2024-08-09T01:50:25.153+0000] {logging_mixin.py:188} INFO - [2024-08-09T01:50:25.152+0000] {dagbag.py:545} INFO - Filling up the DagBag from /home/airflow/.local/lib/python3.12/site-packages/airflow/example_dags/example_task_group.py
[2024-08-09T01:50:25.208+0000] {processor.py:840} INFO - DAG(s) 'example_task_group' retrieved from /home/airflow/.local/lib/python3.12/site-packages/airflow/example_dags/example_task_group.py
[2024-08-09T01:50:26.891+0000] {logging_mixin.py:188} INFO - [2024-08-09T01:50:26.891+0000] {dag.py:3089} INFO - Sync 1 DAGs
[2024-08-09T01:50:26.934+0000] {logging_mixin.py:188} INFO - [2024-08-09T01:50:26.934+0000] {dag.py:3947} INFO - Setting next_dagrun for example_task_group to 2024-08-08 00:00:00+00:00, run_after=2024-08-09 00:00:00+00:00
[2024-08-09T01:50:27.002+0000] {processor.py:183} INFO - Processing /home/airflow/.local/lib/python3.12/site-packages/airflow/example_dags/example_task_group.py took 1.911 seconds
[2024-08-09T01:50:57.370+0000] {processor.py:161} INFO - Started process (PID=1903) to work on /home/airflow/.local/lib/python3.12/site-packages/airflow/example_dags/example_task_group.py
[2024-08-09T01:50:57.374+0000] {processor.py:830} INFO - Processing file /home/airflow/.local/lib/python3.12/site-packages/airflow/example_dags/example_task_group.py for tasks to queue
[2024-08-09T01:50:57.384+0000] {logging_mixin.py:188} INFO - [2024-08-09T01:50:57.383+0000] {dagbag.py:545} INFO - Filling up the DagBag from /home/airflow/.local/lib/python3.12/site-packages/airflow/example_dags/example_task_group.py
[2024-08-09T01:50:57.462+0000] {processor.py:840} INFO - DAG(s) 'example_task_group' retrieved from /home/airflow/.local/lib/python3.12/site-packages/airflow/example_dags/example_task_group.py
[2024-08-09T01:50:57.668+0000] {logging_mixin.py:188} INFO - [2024-08-09T01:50:57.667+0000] {dag.py:3089} INFO - Sync 1 DAGs
[2024-08-09T01:50:57.876+0000] {logging_mixin.py:188} INFO - [2024-08-09T01:50:57.875+0000] {dag.py:3947} INFO - Setting next_dagrun for example_task_group to 2024-08-08 00:00:00+00:00, run_after=2024-08-09 00:00:00+00:00
[2024-08-09T01:50:57.984+0000] {processor.py:183} INFO - Processing /home/airflow/.local/lib/python3.12/site-packages/airflow/example_dags/example_task_group.py took 0.703 seconds
[2024-08-09T01:51:28.333+0000] {processor.py:161} INFO - Started process (PID=1960) to work on /home/airflow/.local/lib/python3.12/site-packages/airflow/example_dags/example_task_group.py
[2024-08-09T01:51:28.336+0000] {processor.py:830} INFO - Processing file /home/airflow/.local/lib/python3.12/site-packages/airflow/example_dags/example_task_group.py for tasks to queue
[2024-08-09T01:51:28.342+0000] {logging_mixin.py:188} INFO - [2024-08-09T01:51:28.341+0000] {dagbag.py:545} INFO - Filling up the DagBag from /home/airflow/.local/lib/python3.12/site-packages/airflow/example_dags/example_task_group.py
[2024-08-09T01:51:28.366+0000] {processor.py:840} INFO - DAG(s) 'example_task_group' retrieved from /home/airflow/.local/lib/python3.12/site-packages/airflow/example_dags/example_task_group.py
[2024-08-09T01:51:28.431+0000] {logging_mixin.py:188} INFO - [2024-08-09T01:51:28.431+0000] {dag.py:3089} INFO - Sync 1 DAGs
[2024-08-09T01:51:28.484+0000] {logging_mixin.py:188} INFO - [2024-08-09T01:51:28.484+0000] {dag.py:3947} INFO - Setting next_dagrun for example_task_group to 2024-08-08 00:00:00+00:00, run_after=2024-08-09 00:00:00+00:00
[2024-08-09T01:51:28.524+0000] {processor.py:183} INFO - Processing /home/airflow/.local/lib/python3.12/site-packages/airflow/example_dags/example_task_group.py took 0.208 seconds
[2024-08-09T01:51:58.742+0000] {processor.py:161} INFO - Started process (PID=2018) to work on /home/airflow/.local/lib/python3.12/site-packages/airflow/example_dags/example_task_group.py
[2024-08-09T01:51:58.744+0000] {processor.py:830} INFO - Processing file /home/airflow/.local/lib/python3.12/site-packages/airflow/example_dags/example_task_group.py for tasks to queue
[2024-08-09T01:51:58.753+0000] {logging_mixin.py:188} INFO - [2024-08-09T01:51:58.752+0000] {dagbag.py:545} INFO - Filling up the DagBag from /home/airflow/.local/lib/python3.12/site-packages/airflow/example_dags/example_task_group.py
[2024-08-09T01:51:58.782+0000] {processor.py:840} INFO - DAG(s) 'example_task_group' retrieved from /home/airflow/.local/lib/python3.12/site-packages/airflow/example_dags/example_task_group.py
[2024-08-09T01:51:58.936+0000] {logging_mixin.py:188} INFO - [2024-08-09T01:51:58.936+0000] {dag.py:3089} INFO - Sync 1 DAGs
[2024-08-09T01:51:59.101+0000] {logging_mixin.py:188} INFO - [2024-08-09T01:51:59.094+0000] {dag.py:3947} INFO - Setting next_dagrun for example_task_group to 2024-08-08 00:00:00+00:00, run_after=2024-08-09 00:00:00+00:00
[2024-08-09T01:51:59.175+0000] {processor.py:183} INFO - Processing /home/airflow/.local/lib/python3.12/site-packages/airflow/example_dags/example_task_group.py took 0.474 seconds
[2024-08-09T01:52:29.875+0000] {processor.py:161} INFO - Started process (PID=2076) to work on /home/airflow/.local/lib/python3.12/site-packages/airflow/example_dags/example_task_group.py
[2024-08-09T01:52:29.880+0000] {processor.py:830} INFO - Processing file /home/airflow/.local/lib/python3.12/site-packages/airflow/example_dags/example_task_group.py for tasks to queue
[2024-08-09T01:52:29.886+0000] {logging_mixin.py:188} INFO - [2024-08-09T01:52:29.885+0000] {dagbag.py:545} INFO - Filling up the DagBag from /home/airflow/.local/lib/python3.12/site-packages/airflow/example_dags/example_task_group.py
[2024-08-09T01:52:29.926+0000] {processor.py:840} INFO - DAG(s) 'example_task_group' retrieved from /home/airflow/.local/lib/python3.12/site-packages/airflow/example_dags/example_task_group.py
[2024-08-09T01:52:30.050+0000] {logging_mixin.py:188} INFO - [2024-08-09T01:52:30.050+0000] {dag.py:3089} INFO - Sync 1 DAGs
[2024-08-09T01:52:30.157+0000] {logging_mixin.py:188} INFO - [2024-08-09T01:52:30.157+0000] {dag.py:3947} INFO - Setting next_dagrun for example_task_group to 2024-08-08 00:00:00+00:00, run_after=2024-08-09 00:00:00+00:00
[2024-08-09T01:52:30.224+0000] {processor.py:183} INFO - Processing /home/airflow/.local/lib/python3.12/site-packages/airflow/example_dags/example_task_group.py took 0.389 seconds
[2024-08-09T01:53:00.730+0000] {processor.py:161} INFO - Started process (PID=2133) to work on /home/airflow/.local/lib/python3.12/site-packages/airflow/example_dags/example_task_group.py
[2024-08-09T01:53:00.734+0000] {processor.py:830} INFO - Processing file /home/airflow/.local/lib/python3.12/site-packages/airflow/example_dags/example_task_group.py for tasks to queue
[2024-08-09T01:53:00.749+0000] {logging_mixin.py:188} INFO - [2024-08-09T01:53:00.749+0000] {dagbag.py:545} INFO - Filling up the DagBag from /home/airflow/.local/lib/python3.12/site-packages/airflow/example_dags/example_task_group.py
[2024-08-09T01:53:00.773+0000] {processor.py:840} INFO - DAG(s) 'example_task_group' retrieved from /home/airflow/.local/lib/python3.12/site-packages/airflow/example_dags/example_task_group.py
[2024-08-09T01:53:00.867+0000] {logging_mixin.py:188} INFO - [2024-08-09T01:53:00.867+0000] {dag.py:3089} INFO - Sync 1 DAGs
[2024-08-09T01:53:00.914+0000] {logging_mixin.py:188} INFO - [2024-08-09T01:53:00.914+0000] {dag.py:3947} INFO - Setting next_dagrun for example_task_group to 2024-08-08 00:00:00+00:00, run_after=2024-08-09 00:00:00+00:00
[2024-08-09T01:53:00.959+0000] {processor.py:183} INFO - Processing /home/airflow/.local/lib/python3.12/site-packages/airflow/example_dags/example_task_group.py took 0.285 seconds
[2024-08-09T01:53:37.429+0000] {processor.py:161} INFO - Started process (PID=2191) to work on /home/airflow/.local/lib/python3.12/site-packages/airflow/example_dags/example_task_group.py
[2024-08-09T01:53:37.442+0000] {processor.py:830} INFO - Processing file /home/airflow/.local/lib/python3.12/site-packages/airflow/example_dags/example_task_group.py for tasks to queue
[2024-08-09T01:53:37.473+0000] {logging_mixin.py:188} INFO - [2024-08-09T01:53:37.467+0000] {dagbag.py:545} INFO - Filling up the DagBag from /home/airflow/.local/lib/python3.12/site-packages/airflow/example_dags/example_task_group.py
[2024-08-09T01:53:37.572+0000] {processor.py:840} INFO - DAG(s) 'example_task_group' retrieved from /home/airflow/.local/lib/python3.12/site-packages/airflow/example_dags/example_task_group.py
[2024-08-09T01:53:37.830+0000] {logging_mixin.py:188} INFO - [2024-08-09T01:53:37.829+0000] {dag.py:3089} INFO - Sync 1 DAGs
[2024-08-09T01:53:38.012+0000] {logging_mixin.py:188} INFO - [2024-08-09T01:53:38.012+0000] {dag.py:3947} INFO - Setting next_dagrun for example_task_group to 2024-08-08 00:00:00+00:00, run_after=2024-08-09 00:00:00+00:00
[2024-08-09T01:53:38.136+0000] {processor.py:183} INFO - Processing /home/airflow/.local/lib/python3.12/site-packages/airflow/example_dags/example_task_group.py took 0.778 seconds
[2024-08-09T01:54:09.512+0000] {processor.py:161} INFO - Started process (PID=2249) to work on /home/airflow/.local/lib/python3.12/site-packages/airflow/example_dags/example_task_group.py
[2024-08-09T01:54:09.518+0000] {processor.py:830} INFO - Processing file /home/airflow/.local/lib/python3.12/site-packages/airflow/example_dags/example_task_group.py for tasks to queue
[2024-08-09T01:54:09.561+0000] {logging_mixin.py:188} INFO - [2024-08-09T01:54:09.553+0000] {dagbag.py:545} INFO - Filling up the DagBag from /home/airflow/.local/lib/python3.12/site-packages/airflow/example_dags/example_task_group.py
[2024-08-09T01:54:09.641+0000] {processor.py:840} INFO - DAG(s) 'example_task_group' retrieved from /home/airflow/.local/lib/python3.12/site-packages/airflow/example_dags/example_task_group.py
[2024-08-09T01:54:10.021+0000] {logging_mixin.py:188} INFO - [2024-08-09T01:54:10.009+0000] {dag.py:3089} INFO - Sync 1 DAGs
[2024-08-09T01:54:10.233+0000] {logging_mixin.py:188} INFO - [2024-08-09T01:54:10.232+0000] {dag.py:3947} INFO - Setting next_dagrun for example_task_group to 2024-08-08 00:00:00+00:00, run_after=2024-08-09 00:00:00+00:00
[2024-08-09T01:54:10.331+0000] {processor.py:183} INFO - Processing /home/airflow/.local/lib/python3.12/site-packages/airflow/example_dags/example_task_group.py took 0.879 seconds
[2024-08-09T01:54:40.950+0000] {processor.py:161} INFO - Started process (PID=2307) to work on /home/airflow/.local/lib/python3.12/site-packages/airflow/example_dags/example_task_group.py
[2024-08-09T01:54:40.953+0000] {processor.py:830} INFO - Processing file /home/airflow/.local/lib/python3.12/site-packages/airflow/example_dags/example_task_group.py for tasks to queue
[2024-08-09T01:54:40.959+0000] {logging_mixin.py:188} INFO - [2024-08-09T01:54:40.958+0000] {dagbag.py:545} INFO - Filling up the DagBag from /home/airflow/.local/lib/python3.12/site-packages/airflow/example_dags/example_task_group.py
[2024-08-09T01:54:40.982+0000] {processor.py:840} INFO - DAG(s) 'example_task_group' retrieved from /home/airflow/.local/lib/python3.12/site-packages/airflow/example_dags/example_task_group.py
[2024-08-09T01:54:41.056+0000] {logging_mixin.py:188} INFO - [2024-08-09T01:54:41.055+0000] {dag.py:3089} INFO - Sync 1 DAGs
[2024-08-09T01:54:41.114+0000] {logging_mixin.py:188} INFO - [2024-08-09T01:54:41.114+0000] {dag.py:3947} INFO - Setting next_dagrun for example_task_group to 2024-08-08 00:00:00+00:00, run_after=2024-08-09 00:00:00+00:00
[2024-08-09T01:54:41.158+0000] {processor.py:183} INFO - Processing /home/airflow/.local/lib/python3.12/site-packages/airflow/example_dags/example_task_group.py took 0.224 seconds
[2024-08-09T01:55:11.239+0000] {processor.py:161} INFO - Started process (PID=2365) to work on /home/airflow/.local/lib/python3.12/site-packages/airflow/example_dags/example_task_group.py
[2024-08-09T01:55:11.241+0000] {processor.py:830} INFO - Processing file /home/airflow/.local/lib/python3.12/site-packages/airflow/example_dags/example_task_group.py for tasks to queue
[2024-08-09T01:55:11.247+0000] {logging_mixin.py:188} INFO - [2024-08-09T01:55:11.246+0000] {dagbag.py:545} INFO - Filling up the DagBag from /home/airflow/.local/lib/python3.12/site-packages/airflow/example_dags/example_task_group.py
[2024-08-09T01:55:11.265+0000] {processor.py:840} INFO - DAG(s) 'example_task_group' retrieved from /home/airflow/.local/lib/python3.12/site-packages/airflow/example_dags/example_task_group.py
[2024-08-09T01:55:11.334+0000] {logging_mixin.py:188} INFO - [2024-08-09T01:55:11.333+0000] {dag.py:3089} INFO - Sync 1 DAGs
[2024-08-09T01:55:11.380+0000] {logging_mixin.py:188} INFO - [2024-08-09T01:55:11.379+0000] {dag.py:3947} INFO - Setting next_dagrun for example_task_group to 2024-08-08 00:00:00+00:00, run_after=2024-08-09 00:00:00+00:00
[2024-08-09T01:55:11.412+0000] {processor.py:183} INFO - Processing /home/airflow/.local/lib/python3.12/site-packages/airflow/example_dags/example_task_group.py took 0.190 seconds
[2024-08-09T01:55:41.528+0000] {processor.py:161} INFO - Started process (PID=2423) to work on /home/airflow/.local/lib/python3.12/site-packages/airflow/example_dags/example_task_group.py
[2024-08-09T01:55:41.531+0000] {processor.py:830} INFO - Processing file /home/airflow/.local/lib/python3.12/site-packages/airflow/example_dags/example_task_group.py for tasks to queue
[2024-08-09T01:55:41.535+0000] {logging_mixin.py:188} INFO - [2024-08-09T01:55:41.535+0000] {dagbag.py:545} INFO - Filling up the DagBag from /home/airflow/.local/lib/python3.12/site-packages/airflow/example_dags/example_task_group.py
[2024-08-09T01:55:41.554+0000] {processor.py:840} INFO - DAG(s) 'example_task_group' retrieved from /home/airflow/.local/lib/python3.12/site-packages/airflow/example_dags/example_task_group.py
[2024-08-09T01:55:41.612+0000] {logging_mixin.py:188} INFO - [2024-08-09T01:55:41.611+0000] {dag.py:3089} INFO - Sync 1 DAGs
[2024-08-09T01:55:41.653+0000] {logging_mixin.py:188} INFO - [2024-08-09T01:55:41.653+0000] {dag.py:3947} INFO - Setting next_dagrun for example_task_group to 2024-08-08 00:00:00+00:00, run_after=2024-08-09 00:00:00+00:00
[2024-08-09T01:55:41.692+0000] {processor.py:183} INFO - Processing /home/airflow/.local/lib/python3.12/site-packages/airflow/example_dags/example_task_group.py took 0.180 seconds
[2024-08-09T01:56:11.974+0000] {processor.py:161} INFO - Started process (PID=2481) to work on /home/airflow/.local/lib/python3.12/site-packages/airflow/example_dags/example_task_group.py
[2024-08-09T01:56:11.979+0000] {processor.py:830} INFO - Processing file /home/airflow/.local/lib/python3.12/site-packages/airflow/example_dags/example_task_group.py for tasks to queue
[2024-08-09T01:56:11.990+0000] {logging_mixin.py:188} INFO - [2024-08-09T01:56:11.989+0000] {dagbag.py:545} INFO - Filling up the DagBag from /home/airflow/.local/lib/python3.12/site-packages/airflow/example_dags/example_task_group.py
[2024-08-09T01:56:12.018+0000] {processor.py:840} INFO - DAG(s) 'example_task_group' retrieved from /home/airflow/.local/lib/python3.12/site-packages/airflow/example_dags/example_task_group.py
[2024-08-09T01:56:12.117+0000] {logging_mixin.py:188} INFO - [2024-08-09T01:56:12.117+0000] {dag.py:3089} INFO - Sync 1 DAGs
[2024-08-09T01:56:12.174+0000] {logging_mixin.py:188} INFO - [2024-08-09T01:56:12.173+0000] {dag.py:3947} INFO - Setting next_dagrun for example_task_group to 2024-08-08 00:00:00+00:00, run_after=2024-08-09 00:00:00+00:00
[2024-08-09T01:56:12.231+0000] {processor.py:183} INFO - Processing /home/airflow/.local/lib/python3.12/site-packages/airflow/example_dags/example_task_group.py took 0.292 seconds
[2024-08-09T01:56:42.714+0000] {processor.py:161} INFO - Started process (PID=2540) to work on /home/airflow/.local/lib/python3.12/site-packages/airflow/example_dags/example_task_group.py
[2024-08-09T01:56:42.722+0000] {processor.py:830} INFO - Processing file /home/airflow/.local/lib/python3.12/site-packages/airflow/example_dags/example_task_group.py for tasks to queue
[2024-08-09T01:56:42.730+0000] {logging_mixin.py:188} INFO - [2024-08-09T01:56:42.729+0000] {dagbag.py:545} INFO - Filling up the DagBag from /home/airflow/.local/lib/python3.12/site-packages/airflow/example_dags/example_task_group.py
[2024-08-09T01:56:42.757+0000] {processor.py:840} INFO - DAG(s) 'example_task_group' retrieved from /home/airflow/.local/lib/python3.12/site-packages/airflow/example_dags/example_task_group.py
[2024-08-09T01:56:42.846+0000] {logging_mixin.py:188} INFO - [2024-08-09T01:56:42.846+0000] {dag.py:3089} INFO - Sync 1 DAGs
[2024-08-09T01:56:42.902+0000] {logging_mixin.py:188} INFO - [2024-08-09T01:56:42.900+0000] {dag.py:3947} INFO - Setting next_dagrun for example_task_group to 2024-08-08 00:00:00+00:00, run_after=2024-08-09 00:00:00+00:00
[2024-08-09T01:56:42.971+0000] {processor.py:183} INFO - Processing /home/airflow/.local/lib/python3.12/site-packages/airflow/example_dags/example_task_group.py took 0.318 seconds
[2024-08-09T01:57:13.648+0000] {processor.py:161} INFO - Started process (PID=2596) to work on /home/airflow/.local/lib/python3.12/site-packages/airflow/example_dags/example_task_group.py
[2024-08-09T01:57:13.657+0000] {processor.py:830} INFO - Processing file /home/airflow/.local/lib/python3.12/site-packages/airflow/example_dags/example_task_group.py for tasks to queue
[2024-08-09T01:57:13.670+0000] {logging_mixin.py:188} INFO - [2024-08-09T01:57:13.669+0000] {dagbag.py:545} INFO - Filling up the DagBag from /home/airflow/.local/lib/python3.12/site-packages/airflow/example_dags/example_task_group.py
[2024-08-09T01:57:13.730+0000] {processor.py:840} INFO - DAG(s) 'example_task_group' retrieved from /home/airflow/.local/lib/python3.12/site-packages/airflow/example_dags/example_task_group.py
[2024-08-09T01:57:14.053+0000] {logging_mixin.py:188} INFO - [2024-08-09T01:57:14.050+0000] {dag.py:3089} INFO - Sync 1 DAGs
[2024-08-09T01:57:14.431+0000] {logging_mixin.py:188} INFO - [2024-08-09T01:57:14.430+0000] {dag.py:3947} INFO - Setting next_dagrun for example_task_group to 2024-08-08 00:00:00+00:00, run_after=2024-08-09 00:00:00+00:00
[2024-08-09T01:57:14.761+0000] {processor.py:183} INFO - Processing /home/airflow/.local/lib/python3.12/site-packages/airflow/example_dags/example_task_group.py took 1.170 seconds
[2024-08-09T01:57:44.968+0000] {processor.py:161} INFO - Started process (PID=2653) to work on /home/airflow/.local/lib/python3.12/site-packages/airflow/example_dags/example_task_group.py
[2024-08-09T01:57:44.972+0000] {processor.py:830} INFO - Processing file /home/airflow/.local/lib/python3.12/site-packages/airflow/example_dags/example_task_group.py for tasks to queue
[2024-08-09T01:57:44.978+0000] {logging_mixin.py:188} INFO - [2024-08-09T01:57:44.977+0000] {dagbag.py:545} INFO - Filling up the DagBag from /home/airflow/.local/lib/python3.12/site-packages/airflow/example_dags/example_task_group.py
[2024-08-09T01:57:45.008+0000] {processor.py:840} INFO - DAG(s) 'example_task_group' retrieved from /home/airflow/.local/lib/python3.12/site-packages/airflow/example_dags/example_task_group.py
[2024-08-09T01:57:45.101+0000] {logging_mixin.py:188} INFO - [2024-08-09T01:57:45.100+0000] {dag.py:3089} INFO - Sync 1 DAGs
[2024-08-09T01:57:45.221+0000] {logging_mixin.py:188} INFO - [2024-08-09T01:57:45.221+0000] {dag.py:3947} INFO - Setting next_dagrun for example_task_group to 2024-08-08 00:00:00+00:00, run_after=2024-08-09 00:00:00+00:00
[2024-08-09T01:57:45.291+0000] {processor.py:183} INFO - Processing /home/airflow/.local/lib/python3.12/site-packages/airflow/example_dags/example_task_group.py took 0.361 seconds
[2024-08-09T01:58:15.593+0000] {processor.py:161} INFO - Started process (PID=2711) to work on /home/airflow/.local/lib/python3.12/site-packages/airflow/example_dags/example_task_group.py
[2024-08-09T01:58:15.598+0000] {processor.py:830} INFO - Processing file /home/airflow/.local/lib/python3.12/site-packages/airflow/example_dags/example_task_group.py for tasks to queue
[2024-08-09T01:58:15.614+0000] {logging_mixin.py:188} INFO - [2024-08-09T01:58:15.608+0000] {dagbag.py:545} INFO - Filling up the DagBag from /home/airflow/.local/lib/python3.12/site-packages/airflow/example_dags/example_task_group.py
[2024-08-09T01:58:15.730+0000] {processor.py:840} INFO - DAG(s) 'example_task_group' retrieved from /home/airflow/.local/lib/python3.12/site-packages/airflow/example_dags/example_task_group.py
[2024-08-09T01:58:15.916+0000] {logging_mixin.py:188} INFO - [2024-08-09T01:58:15.916+0000] {dag.py:3089} INFO - Sync 1 DAGs
[2024-08-09T01:58:16.080+0000] {logging_mixin.py:188} INFO - [2024-08-09T01:58:16.080+0000] {dag.py:3947} INFO - Setting next_dagrun for example_task_group to 2024-08-08 00:00:00+00:00, run_after=2024-08-09 00:00:00+00:00
[2024-08-09T01:58:16.212+0000] {processor.py:183} INFO - Processing /home/airflow/.local/lib/python3.12/site-packages/airflow/example_dags/example_task_group.py took 0.676 seconds
[2024-08-09T01:58:46.363+0000] {processor.py:161} INFO - Started process (PID=2769) to work on /home/airflow/.local/lib/python3.12/site-packages/airflow/example_dags/example_task_group.py
[2024-08-09T01:58:46.366+0000] {processor.py:830} INFO - Processing file /home/airflow/.local/lib/python3.12/site-packages/airflow/example_dags/example_task_group.py for tasks to queue
[2024-08-09T01:58:46.374+0000] {logging_mixin.py:188} INFO - [2024-08-09T01:58:46.373+0000] {dagbag.py:545} INFO - Filling up the DagBag from /home/airflow/.local/lib/python3.12/site-packages/airflow/example_dags/example_task_group.py
[2024-08-09T01:58:46.395+0000] {processor.py:840} INFO - DAG(s) 'example_task_group' retrieved from /home/airflow/.local/lib/python3.12/site-packages/airflow/example_dags/example_task_group.py
[2024-08-09T01:58:46.464+0000] {logging_mixin.py:188} INFO - [2024-08-09T01:58:46.463+0000] {dag.py:3089} INFO - Sync 1 DAGs
[2024-08-09T01:58:46.525+0000] {logging_mixin.py:188} INFO - [2024-08-09T01:58:46.525+0000] {dag.py:3947} INFO - Setting next_dagrun for example_task_group to 2024-08-08 00:00:00+00:00, run_after=2024-08-09 00:00:00+00:00
[2024-08-09T01:58:46.592+0000] {processor.py:183} INFO - Processing /home/airflow/.local/lib/python3.12/site-packages/airflow/example_dags/example_task_group.py took 0.246 seconds
[2024-08-09T01:59:17.937+0000] {processor.py:161} INFO - Started process (PID=2827) to work on /home/airflow/.local/lib/python3.12/site-packages/airflow/example_dags/example_task_group.py
[2024-08-09T01:59:17.944+0000] {processor.py:830} INFO - Processing file /home/airflow/.local/lib/python3.12/site-packages/airflow/example_dags/example_task_group.py for tasks to queue
[2024-08-09T01:59:17.955+0000] {logging_mixin.py:188} INFO - [2024-08-09T01:59:17.953+0000] {dagbag.py:545} INFO - Filling up the DagBag from /home/airflow/.local/lib/python3.12/site-packages/airflow/example_dags/example_task_group.py
[2024-08-09T01:59:17.986+0000] {processor.py:840} INFO - DAG(s) 'example_task_group' retrieved from /home/airflow/.local/lib/python3.12/site-packages/airflow/example_dags/example_task_group.py
[2024-08-09T01:59:18.096+0000] {logging_mixin.py:188} INFO - [2024-08-09T01:59:18.096+0000] {dag.py:3089} INFO - Sync 1 DAGs
[2024-08-09T01:59:18.159+0000] {logging_mixin.py:188} INFO - [2024-08-09T01:59:18.158+0000] {dag.py:3947} INFO - Setting next_dagrun for example_task_group to 2024-08-08 00:00:00+00:00, run_after=2024-08-09 00:00:00+00:00
[2024-08-09T01:59:18.225+0000] {processor.py:183} INFO - Processing /home/airflow/.local/lib/python3.12/site-packages/airflow/example_dags/example_task_group.py took 0.322 seconds
[2024-08-09T01:59:49.335+0000] {processor.py:161} INFO - Started process (PID=2885) to work on /home/airflow/.local/lib/python3.12/site-packages/airflow/example_dags/example_task_group.py
[2024-08-09T01:59:49.338+0000] {processor.py:830} INFO - Processing file /home/airflow/.local/lib/python3.12/site-packages/airflow/example_dags/example_task_group.py for tasks to queue
[2024-08-09T01:59:49.344+0000] {logging_mixin.py:188} INFO - [2024-08-09T01:59:49.343+0000] {dagbag.py:545} INFO - Filling up the DagBag from /home/airflow/.local/lib/python3.12/site-packages/airflow/example_dags/example_task_group.py
[2024-08-09T01:59:49.395+0000] {processor.py:840} INFO - DAG(s) 'example_task_group' retrieved from /home/airflow/.local/lib/python3.12/site-packages/airflow/example_dags/example_task_group.py
[2024-08-09T01:59:49.472+0000] {logging_mixin.py:188} INFO - [2024-08-09T01:59:49.471+0000] {dag.py:3089} INFO - Sync 1 DAGs
[2024-08-09T01:59:49.530+0000] {logging_mixin.py:188} INFO - [2024-08-09T01:59:49.529+0000] {dag.py:3947} INFO - Setting next_dagrun for example_task_group to 2024-08-08 00:00:00+00:00, run_after=2024-08-09 00:00:00+00:00
[2024-08-09T01:59:49.580+0000] {processor.py:183} INFO - Processing /home/airflow/.local/lib/python3.12/site-packages/airflow/example_dags/example_task_group.py took 0.322 seconds
[2024-08-09T02:00:19.663+0000] {processor.py:161} INFO - Started process (PID=2942) to work on /home/airflow/.local/lib/python3.12/site-packages/airflow/example_dags/example_task_group.py
[2024-08-09T02:00:19.666+0000] {processor.py:830} INFO - Processing file /home/airflow/.local/lib/python3.12/site-packages/airflow/example_dags/example_task_group.py for tasks to queue
[2024-08-09T02:00:19.670+0000] {logging_mixin.py:188} INFO - [2024-08-09T02:00:19.669+0000] {dagbag.py:545} INFO - Filling up the DagBag from /home/airflow/.local/lib/python3.12/site-packages/airflow/example_dags/example_task_group.py
[2024-08-09T02:00:19.689+0000] {processor.py:840} INFO - DAG(s) 'example_task_group' retrieved from /home/airflow/.local/lib/python3.12/site-packages/airflow/example_dags/example_task_group.py
[2024-08-09T02:00:19.752+0000] {logging_mixin.py:188} INFO - [2024-08-09T02:00:19.751+0000] {dag.py:3089} INFO - Sync 1 DAGs
[2024-08-09T02:00:19.787+0000] {logging_mixin.py:188} INFO - [2024-08-09T02:00:19.787+0000] {dag.py:3947} INFO - Setting next_dagrun for example_task_group to 2024-08-08 00:00:00+00:00, run_after=2024-08-09 00:00:00+00:00
[2024-08-09T02:00:19.820+0000] {processor.py:183} INFO - Processing /home/airflow/.local/lib/python3.12/site-packages/airflow/example_dags/example_task_group.py took 0.172 seconds
[2024-08-09T02:00:50.152+0000] {processor.py:161} INFO - Started process (PID=3000) to work on /home/airflow/.local/lib/python3.12/site-packages/airflow/example_dags/example_task_group.py
[2024-08-09T02:00:50.154+0000] {processor.py:830} INFO - Processing file /home/airflow/.local/lib/python3.12/site-packages/airflow/example_dags/example_task_group.py for tasks to queue
[2024-08-09T02:00:50.159+0000] {logging_mixin.py:188} INFO - [2024-08-09T02:00:50.158+0000] {dagbag.py:545} INFO - Filling up the DagBag from /home/airflow/.local/lib/python3.12/site-packages/airflow/example_dags/example_task_group.py
[2024-08-09T02:00:50.176+0000] {processor.py:840} INFO - DAG(s) 'example_task_group' retrieved from /home/airflow/.local/lib/python3.12/site-packages/airflow/example_dags/example_task_group.py
[2024-08-09T02:00:50.224+0000] {logging_mixin.py:188} INFO - [2024-08-09T02:00:50.224+0000] {dag.py:3089} INFO - Sync 1 DAGs
[2024-08-09T02:00:50.258+0000] {logging_mixin.py:188} INFO - [2024-08-09T02:00:50.258+0000] {dag.py:3947} INFO - Setting next_dagrun for example_task_group to 2024-08-08 00:00:00+00:00, run_after=2024-08-09 00:00:00+00:00
[2024-08-09T02:00:50.288+0000] {processor.py:183} INFO - Processing /home/airflow/.local/lib/python3.12/site-packages/airflow/example_dags/example_task_group.py took 0.151 seconds
[2024-08-09T02:01:20.665+0000] {processor.py:161} INFO - Started process (PID=3058) to work on /home/airflow/.local/lib/python3.12/site-packages/airflow/example_dags/example_task_group.py
[2024-08-09T02:01:20.668+0000] {processor.py:830} INFO - Processing file /home/airflow/.local/lib/python3.12/site-packages/airflow/example_dags/example_task_group.py for tasks to queue
[2024-08-09T02:01:20.673+0000] {logging_mixin.py:188} INFO - [2024-08-09T02:01:20.672+0000] {dagbag.py:545} INFO - Filling up the DagBag from /home/airflow/.local/lib/python3.12/site-packages/airflow/example_dags/example_task_group.py
[2024-08-09T02:01:20.688+0000] {processor.py:840} INFO - DAG(s) 'example_task_group' retrieved from /home/airflow/.local/lib/python3.12/site-packages/airflow/example_dags/example_task_group.py
[2024-08-09T02:01:20.737+0000] {logging_mixin.py:188} INFO - [2024-08-09T02:01:20.737+0000] {dag.py:3089} INFO - Sync 1 DAGs
[2024-08-09T02:01:20.773+0000] {logging_mixin.py:188} INFO - [2024-08-09T02:01:20.773+0000] {dag.py:3947} INFO - Setting next_dagrun for example_task_group to 2024-08-08 00:00:00+00:00, run_after=2024-08-09 00:00:00+00:00
[2024-08-09T02:01:20.802+0000] {processor.py:183} INFO - Processing /home/airflow/.local/lib/python3.12/site-packages/airflow/example_dags/example_task_group.py took 0.152 seconds
[2024-08-09T02:01:51.073+0000] {processor.py:161} INFO - Started process (PID=3115) to work on /home/airflow/.local/lib/python3.12/site-packages/airflow/example_dags/example_task_group.py
[2024-08-09T02:01:51.076+0000] {processor.py:830} INFO - Processing file /home/airflow/.local/lib/python3.12/site-packages/airflow/example_dags/example_task_group.py for tasks to queue
[2024-08-09T02:01:51.083+0000] {logging_mixin.py:188} INFO - [2024-08-09T02:01:51.082+0000] {dagbag.py:545} INFO - Filling up the DagBag from /home/airflow/.local/lib/python3.12/site-packages/airflow/example_dags/example_task_group.py
[2024-08-09T02:01:51.104+0000] {processor.py:840} INFO - DAG(s) 'example_task_group' retrieved from /home/airflow/.local/lib/python3.12/site-packages/airflow/example_dags/example_task_group.py
[2024-08-09T02:01:51.173+0000] {logging_mixin.py:188} INFO - [2024-08-09T02:01:51.172+0000] {dag.py:3089} INFO - Sync 1 DAGs
[2024-08-09T02:01:51.220+0000] {logging_mixin.py:188} INFO - [2024-08-09T02:01:51.219+0000] {dag.py:3947} INFO - Setting next_dagrun for example_task_group to 2024-08-08 00:00:00+00:00, run_after=2024-08-09 00:00:00+00:00
[2024-08-09T02:01:51.256+0000] {processor.py:183} INFO - Processing /home/airflow/.local/lib/python3.12/site-packages/airflow/example_dags/example_task_group.py took 0.202 seconds
[2024-08-09T02:02:21.429+0000] {processor.py:161} INFO - Started process (PID=3171) to work on /home/airflow/.local/lib/python3.12/site-packages/airflow/example_dags/example_task_group.py
[2024-08-09T02:02:21.432+0000] {processor.py:830} INFO - Processing file /home/airflow/.local/lib/python3.12/site-packages/airflow/example_dags/example_task_group.py for tasks to queue
[2024-08-09T02:02:21.438+0000] {logging_mixin.py:188} INFO - [2024-08-09T02:02:21.437+0000] {dagbag.py:545} INFO - Filling up the DagBag from /home/airflow/.local/lib/python3.12/site-packages/airflow/example_dags/example_task_group.py
[2024-08-09T02:02:21.465+0000] {processor.py:840} INFO - DAG(s) 'example_task_group' retrieved from /home/airflow/.local/lib/python3.12/site-packages/airflow/example_dags/example_task_group.py
[2024-08-09T02:02:21.543+0000] {logging_mixin.py:188} INFO - [2024-08-09T02:02:21.542+0000] {dag.py:3089} INFO - Sync 1 DAGs
[2024-08-09T02:02:21.607+0000] {logging_mixin.py:188} INFO - [2024-08-09T02:02:21.607+0000] {dag.py:3947} INFO - Setting next_dagrun for example_task_group to 2024-08-08 00:00:00+00:00, run_after=2024-08-09 00:00:00+00:00
[2024-08-09T02:02:21.675+0000] {processor.py:183} INFO - Processing /home/airflow/.local/lib/python3.12/site-packages/airflow/example_dags/example_task_group.py took 0.266 seconds
[2024-08-09T02:02:51.836+0000] {processor.py:161} INFO - Started process (PID=3229) to work on /home/airflow/.local/lib/python3.12/site-packages/airflow/example_dags/example_task_group.py
[2024-08-09T02:02:51.839+0000] {processor.py:830} INFO - Processing file /home/airflow/.local/lib/python3.12/site-packages/airflow/example_dags/example_task_group.py for tasks to queue
[2024-08-09T02:02:51.844+0000] {logging_mixin.py:188} INFO - [2024-08-09T02:02:51.843+0000] {dagbag.py:545} INFO - Filling up the DagBag from /home/airflow/.local/lib/python3.12/site-packages/airflow/example_dags/example_task_group.py
[2024-08-09T02:02:51.867+0000] {processor.py:840} INFO - DAG(s) 'example_task_group' retrieved from /home/airflow/.local/lib/python3.12/site-packages/airflow/example_dags/example_task_group.py
[2024-08-09T02:02:51.936+0000] {logging_mixin.py:188} INFO - [2024-08-09T02:02:51.936+0000] {dag.py:3089} INFO - Sync 1 DAGs
[2024-08-09T02:02:51.985+0000] {logging_mixin.py:188} INFO - [2024-08-09T02:02:51.984+0000] {dag.py:3947} INFO - Setting next_dagrun for example_task_group to 2024-08-08 00:00:00+00:00, run_after=2024-08-09 00:00:00+00:00
[2024-08-09T02:02:52.050+0000] {processor.py:183} INFO - Processing /home/airflow/.local/lib/python3.12/site-packages/airflow/example_dags/example_task_group.py took 0.230 seconds
[2024-08-09T02:03:22.528+0000] {processor.py:161} INFO - Started process (PID=3287) to work on /home/airflow/.local/lib/python3.12/site-packages/airflow/example_dags/example_task_group.py
[2024-08-09T02:03:22.531+0000] {processor.py:830} INFO - Processing file /home/airflow/.local/lib/python3.12/site-packages/airflow/example_dags/example_task_group.py for tasks to queue
[2024-08-09T02:03:22.538+0000] {logging_mixin.py:188} INFO - [2024-08-09T02:03:22.536+0000] {dagbag.py:545} INFO - Filling up the DagBag from /home/airflow/.local/lib/python3.12/site-packages/airflow/example_dags/example_task_group.py
[2024-08-09T02:03:22.558+0000] {processor.py:840} INFO - DAG(s) 'example_task_group' retrieved from /home/airflow/.local/lib/python3.12/site-packages/airflow/example_dags/example_task_group.py
[2024-08-09T02:03:22.620+0000] {logging_mixin.py:188} INFO - [2024-08-09T02:03:22.619+0000] {dag.py:3089} INFO - Sync 1 DAGs
[2024-08-09T02:03:22.683+0000] {logging_mixin.py:188} INFO - [2024-08-09T02:03:22.683+0000] {dag.py:3947} INFO - Setting next_dagrun for example_task_group to 2024-08-08 00:00:00+00:00, run_after=2024-08-09 00:00:00+00:00
[2024-08-09T02:03:22.755+0000] {processor.py:183} INFO - Processing /home/airflow/.local/lib/python3.12/site-packages/airflow/example_dags/example_task_group.py took 0.246 seconds
[2024-08-09T02:03:53.272+0000] {processor.py:161} INFO - Started process (PID=3344) to work on /home/airflow/.local/lib/python3.12/site-packages/airflow/example_dags/example_task_group.py
[2024-08-09T02:03:53.275+0000] {processor.py:830} INFO - Processing file /home/airflow/.local/lib/python3.12/site-packages/airflow/example_dags/example_task_group.py for tasks to queue
[2024-08-09T02:03:53.280+0000] {logging_mixin.py:188} INFO - [2024-08-09T02:03:53.279+0000] {dagbag.py:545} INFO - Filling up the DagBag from /home/airflow/.local/lib/python3.12/site-packages/airflow/example_dags/example_task_group.py
[2024-08-09T02:03:53.296+0000] {processor.py:840} INFO - DAG(s) 'example_task_group' retrieved from /home/airflow/.local/lib/python3.12/site-packages/airflow/example_dags/example_task_group.py
[2024-08-09T02:03:53.356+0000] {logging_mixin.py:188} INFO - [2024-08-09T02:03:53.355+0000] {dag.py:3089} INFO - Sync 1 DAGs
[2024-08-09T02:03:53.413+0000] {logging_mixin.py:188} INFO - [2024-08-09T02:03:53.413+0000] {dag.py:3947} INFO - Setting next_dagrun for example_task_group to 2024-08-08 00:00:00+00:00, run_after=2024-08-09 00:00:00+00:00
[2024-08-09T02:03:53.456+0000] {processor.py:183} INFO - Processing /home/airflow/.local/lib/python3.12/site-packages/airflow/example_dags/example_task_group.py took 0.200 seconds
[2024-08-09T02:04:23.524+0000] {processor.py:161} INFO - Started process (PID=3402) to work on /home/airflow/.local/lib/python3.12/site-packages/airflow/example_dags/example_task_group.py
[2024-08-09T02:04:23.526+0000] {processor.py:830} INFO - Processing file /home/airflow/.local/lib/python3.12/site-packages/airflow/example_dags/example_task_group.py for tasks to queue
[2024-08-09T02:04:23.531+0000] {logging_mixin.py:188} INFO - [2024-08-09T02:04:23.530+0000] {dagbag.py:545} INFO - Filling up the DagBag from /home/airflow/.local/lib/python3.12/site-packages/airflow/example_dags/example_task_group.py
[2024-08-09T02:04:23.547+0000] {processor.py:840} INFO - DAG(s) 'example_task_group' retrieved from /home/airflow/.local/lib/python3.12/site-packages/airflow/example_dags/example_task_group.py
[2024-08-09T02:04:23.609+0000] {logging_mixin.py:188} INFO - [2024-08-09T02:04:23.608+0000] {dag.py:3089} INFO - Sync 1 DAGs
[2024-08-09T02:04:23.644+0000] {logging_mixin.py:188} INFO - [2024-08-09T02:04:23.644+0000] {dag.py:3947} INFO - Setting next_dagrun for example_task_group to 2024-08-08 00:00:00+00:00, run_after=2024-08-09 00:00:00+00:00
[2024-08-09T02:04:23.678+0000] {processor.py:183} INFO - Processing /home/airflow/.local/lib/python3.12/site-packages/airflow/example_dags/example_task_group.py took 0.171 seconds
[2024-08-09T02:04:54.158+0000] {processor.py:161} INFO - Started process (PID=3460) to work on /home/airflow/.local/lib/python3.12/site-packages/airflow/example_dags/example_task_group.py
[2024-08-09T02:04:54.160+0000] {processor.py:830} INFO - Processing file /home/airflow/.local/lib/python3.12/site-packages/airflow/example_dags/example_task_group.py for tasks to queue
[2024-08-09T02:04:54.164+0000] {logging_mixin.py:188} INFO - [2024-08-09T02:04:54.164+0000] {dagbag.py:545} INFO - Filling up the DagBag from /home/airflow/.local/lib/python3.12/site-packages/airflow/example_dags/example_task_group.py
[2024-08-09T02:04:54.180+0000] {processor.py:840} INFO - DAG(s) 'example_task_group' retrieved from /home/airflow/.local/lib/python3.12/site-packages/airflow/example_dags/example_task_group.py
[2024-08-09T02:04:54.239+0000] {logging_mixin.py:188} INFO - [2024-08-09T02:04:54.238+0000] {dag.py:3089} INFO - Sync 1 DAGs
[2024-08-09T02:04:54.278+0000] {logging_mixin.py:188} INFO - [2024-08-09T02:04:54.278+0000] {dag.py:3947} INFO - Setting next_dagrun for example_task_group to 2024-08-08 00:00:00+00:00, run_after=2024-08-09 00:00:00+00:00
[2024-08-09T02:04:54.312+0000] {processor.py:183} INFO - Processing /home/airflow/.local/lib/python3.12/site-packages/airflow/example_dags/example_task_group.py took 0.169 seconds
[2024-08-09T02:05:24.854+0000] {processor.py:161} INFO - Started process (PID=3518) to work on /home/airflow/.local/lib/python3.12/site-packages/airflow/example_dags/example_task_group.py
[2024-08-09T02:05:24.859+0000] {processor.py:830} INFO - Processing file /home/airflow/.local/lib/python3.12/site-packages/airflow/example_dags/example_task_group.py for tasks to queue
[2024-08-09T02:05:24.865+0000] {logging_mixin.py:188} INFO - [2024-08-09T02:05:24.864+0000] {dagbag.py:545} INFO - Filling up the DagBag from /home/airflow/.local/lib/python3.12/site-packages/airflow/example_dags/example_task_group.py
[2024-08-09T02:05:24.889+0000] {processor.py:840} INFO - DAG(s) 'example_task_group' retrieved from /home/airflow/.local/lib/python3.12/site-packages/airflow/example_dags/example_task_group.py
[2024-08-09T02:05:24.982+0000] {logging_mixin.py:188} INFO - [2024-08-09T02:05:24.982+0000] {dag.py:3089} INFO - Sync 1 DAGs
[2024-08-09T02:05:25.038+0000] {logging_mixin.py:188} INFO - [2024-08-09T02:05:25.038+0000] {dag.py:3947} INFO - Setting next_dagrun for example_task_group to 2024-08-08 00:00:00+00:00, run_after=2024-08-09 00:00:00+00:00
[2024-08-09T02:05:25.079+0000] {processor.py:183} INFO - Processing /home/airflow/.local/lib/python3.12/site-packages/airflow/example_dags/example_task_group.py took 0.262 seconds
[2024-08-09T02:05:55.681+0000] {processor.py:161} INFO - Started process (PID=3576) to work on /home/airflow/.local/lib/python3.12/site-packages/airflow/example_dags/example_task_group.py
[2024-08-09T02:05:55.691+0000] {processor.py:830} INFO - Processing file /home/airflow/.local/lib/python3.12/site-packages/airflow/example_dags/example_task_group.py for tasks to queue
[2024-08-09T02:05:55.728+0000] {logging_mixin.py:188} INFO - [2024-08-09T02:05:55.718+0000] {dagbag.py:545} INFO - Filling up the DagBag from /home/airflow/.local/lib/python3.12/site-packages/airflow/example_dags/example_task_group.py
[2024-08-09T02:05:55.835+0000] {processor.py:840} INFO - DAG(s) 'example_task_group' retrieved from /home/airflow/.local/lib/python3.12/site-packages/airflow/example_dags/example_task_group.py
[2024-08-09T02:05:56.003+0000] {logging_mixin.py:188} INFO - [2024-08-09T02:05:56.002+0000] {dag.py:3089} INFO - Sync 1 DAGs
[2024-08-09T02:05:56.152+0000] {logging_mixin.py:188} INFO - [2024-08-09T02:05:56.151+0000] {dag.py:3947} INFO - Setting next_dagrun for example_task_group to 2024-08-08 00:00:00+00:00, run_after=2024-08-09 00:00:00+00:00
[2024-08-09T02:05:56.283+0000] {processor.py:183} INFO - Processing /home/airflow/.local/lib/python3.12/site-packages/airflow/example_dags/example_task_group.py took 0.684 seconds
[2024-08-09T02:06:26.818+0000] {processor.py:161} INFO - Started process (PID=3634) to work on /home/airflow/.local/lib/python3.12/site-packages/airflow/example_dags/example_task_group.py
[2024-08-09T02:06:26.821+0000] {processor.py:830} INFO - Processing file /home/airflow/.local/lib/python3.12/site-packages/airflow/example_dags/example_task_group.py for tasks to queue
[2024-08-09T02:06:26.827+0000] {logging_mixin.py:188} INFO - [2024-08-09T02:06:26.826+0000] {dagbag.py:545} INFO - Filling up the DagBag from /home/airflow/.local/lib/python3.12/site-packages/airflow/example_dags/example_task_group.py
[2024-08-09T02:06:26.849+0000] {processor.py:840} INFO - DAG(s) 'example_task_group' retrieved from /home/airflow/.local/lib/python3.12/site-packages/airflow/example_dags/example_task_group.py
[2024-08-09T02:06:26.938+0000] {logging_mixin.py:188} INFO - [2024-08-09T02:06:26.937+0000] {dag.py:3089} INFO - Sync 1 DAGs
[2024-08-09T02:06:26.993+0000] {logging_mixin.py:188} INFO - [2024-08-09T02:06:26.993+0000] {dag.py:3947} INFO - Setting next_dagrun for example_task_group to 2024-08-08 00:00:00+00:00, run_after=2024-08-09 00:00:00+00:00
[2024-08-09T02:06:27.030+0000] {processor.py:183} INFO - Processing /home/airflow/.local/lib/python3.12/site-packages/airflow/example_dags/example_task_group.py took 0.234 seconds
[2024-08-09T02:06:57.843+0000] {processor.py:161} INFO - Started process (PID=3692) to work on /home/airflow/.local/lib/python3.12/site-packages/airflow/example_dags/example_task_group.py
[2024-08-09T02:06:57.846+0000] {processor.py:830} INFO - Processing file /home/airflow/.local/lib/python3.12/site-packages/airflow/example_dags/example_task_group.py for tasks to queue
[2024-08-09T02:06:57.852+0000] {logging_mixin.py:188} INFO - [2024-08-09T02:06:57.851+0000] {dagbag.py:545} INFO - Filling up the DagBag from /home/airflow/.local/lib/python3.12/site-packages/airflow/example_dags/example_task_group.py
[2024-08-09T02:06:57.871+0000] {processor.py:840} INFO - DAG(s) 'example_task_group' retrieved from /home/airflow/.local/lib/python3.12/site-packages/airflow/example_dags/example_task_group.py
[2024-08-09T02:06:57.942+0000] {logging_mixin.py:188} INFO - [2024-08-09T02:06:57.942+0000] {dag.py:3089} INFO - Sync 1 DAGs
[2024-08-09T02:06:58.020+0000] {logging_mixin.py:188} INFO - [2024-08-09T02:06:58.020+0000] {dag.py:3947} INFO - Setting next_dagrun for example_task_group to 2024-08-08 00:00:00+00:00, run_after=2024-08-09 00:00:00+00:00
[2024-08-09T02:06:58.060+0000] {processor.py:183} INFO - Processing /home/airflow/.local/lib/python3.12/site-packages/airflow/example_dags/example_task_group.py took 0.234 seconds
[2024-08-09T02:07:28.721+0000] {processor.py:161} INFO - Started process (PID=3749) to work on /home/airflow/.local/lib/python3.12/site-packages/airflow/example_dags/example_task_group.py
[2024-08-09T02:07:28.725+0000] {processor.py:830} INFO - Processing file /home/airflow/.local/lib/python3.12/site-packages/airflow/example_dags/example_task_group.py for tasks to queue
[2024-08-09T02:07:28.730+0000] {logging_mixin.py:188} INFO - [2024-08-09T02:07:28.729+0000] {dagbag.py:545} INFO - Filling up the DagBag from /home/airflow/.local/lib/python3.12/site-packages/airflow/example_dags/example_task_group.py
[2024-08-09T02:07:28.747+0000] {processor.py:840} INFO - DAG(s) 'example_task_group' retrieved from /home/airflow/.local/lib/python3.12/site-packages/airflow/example_dags/example_task_group.py
[2024-08-09T02:07:28.814+0000] {logging_mixin.py:188} INFO - [2024-08-09T02:07:28.813+0000] {dag.py:3089} INFO - Sync 1 DAGs
[2024-08-09T02:07:28.856+0000] {logging_mixin.py:188} INFO - [2024-08-09T02:07:28.855+0000] {dag.py:3947} INFO - Setting next_dagrun for example_task_group to 2024-08-08 00:00:00+00:00, run_after=2024-08-09 00:00:00+00:00
[2024-08-09T02:07:28.911+0000] {processor.py:183} INFO - Processing /home/airflow/.local/lib/python3.12/site-packages/airflow/example_dags/example_task_group.py took 0.207 seconds
[2024-08-09T02:07:59.526+0000] {processor.py:161} INFO - Started process (PID=3806) to work on /home/airflow/.local/lib/python3.12/site-packages/airflow/example_dags/example_task_group.py
[2024-08-09T02:07:59.528+0000] {processor.py:830} INFO - Processing file /home/airflow/.local/lib/python3.12/site-packages/airflow/example_dags/example_task_group.py for tasks to queue
[2024-08-09T02:07:59.532+0000] {logging_mixin.py:188} INFO - [2024-08-09T02:07:59.532+0000] {dagbag.py:545} INFO - Filling up the DagBag from /home/airflow/.local/lib/python3.12/site-packages/airflow/example_dags/example_task_group.py
[2024-08-09T02:07:59.547+0000] {processor.py:840} INFO - DAG(s) 'example_task_group' retrieved from /home/airflow/.local/lib/python3.12/site-packages/airflow/example_dags/example_task_group.py
[2024-08-09T02:07:59.599+0000] {logging_mixin.py:188} INFO - [2024-08-09T02:07:59.599+0000] {dag.py:3089} INFO - Sync 1 DAGs
[2024-08-09T02:07:59.645+0000] {logging_mixin.py:188} INFO - [2024-08-09T02:07:59.645+0000] {dag.py:3947} INFO - Setting next_dagrun for example_task_group to 2024-08-08 00:00:00+00:00, run_after=2024-08-09 00:00:00+00:00
[2024-08-09T02:07:59.678+0000] {processor.py:183} INFO - Processing /home/airflow/.local/lib/python3.12/site-packages/airflow/example_dags/example_task_group.py took 0.167 seconds
[2024-08-09T02:08:29.991+0000] {processor.py:161} INFO - Started process (PID=3864) to work on /home/airflow/.local/lib/python3.12/site-packages/airflow/example_dags/example_task_group.py
[2024-08-09T02:08:29.993+0000] {processor.py:830} INFO - Processing file /home/airflow/.local/lib/python3.12/site-packages/airflow/example_dags/example_task_group.py for tasks to queue
[2024-08-09T02:08:29.998+0000] {logging_mixin.py:188} INFO - [2024-08-09T02:08:29.997+0000] {dagbag.py:545} INFO - Filling up the DagBag from /home/airflow/.local/lib/python3.12/site-packages/airflow/example_dags/example_task_group.py
[2024-08-09T02:08:30.015+0000] {processor.py:840} INFO - DAG(s) 'example_task_group' retrieved from /home/airflow/.local/lib/python3.12/site-packages/airflow/example_dags/example_task_group.py
[2024-08-09T02:08:30.066+0000] {logging_mixin.py:188} INFO - [2024-08-09T02:08:30.066+0000] {dag.py:3089} INFO - Sync 1 DAGs
[2024-08-09T02:08:30.112+0000] {logging_mixin.py:188} INFO - [2024-08-09T02:08:30.112+0000] {dag.py:3947} INFO - Setting next_dagrun for example_task_group to 2024-08-08 00:00:00+00:00, run_after=2024-08-09 00:00:00+00:00
[2024-08-09T02:08:30.150+0000] {processor.py:183} INFO - Processing /home/airflow/.local/lib/python3.12/site-packages/airflow/example_dags/example_task_group.py took 0.175 seconds
[2024-08-09T02:09:00.522+0000] {processor.py:161} INFO - Started process (PID=3922) to work on /home/airflow/.local/lib/python3.12/site-packages/airflow/example_dags/example_task_group.py
[2024-08-09T02:09:00.524+0000] {processor.py:830} INFO - Processing file /home/airflow/.local/lib/python3.12/site-packages/airflow/example_dags/example_task_group.py for tasks to queue
[2024-08-09T02:09:00.529+0000] {logging_mixin.py:188} INFO - [2024-08-09T02:09:00.528+0000] {dagbag.py:545} INFO - Filling up the DagBag from /home/airflow/.local/lib/python3.12/site-packages/airflow/example_dags/example_task_group.py
[2024-08-09T02:09:00.547+0000] {processor.py:840} INFO - DAG(s) 'example_task_group' retrieved from /home/airflow/.local/lib/python3.12/site-packages/airflow/example_dags/example_task_group.py
[2024-08-09T02:09:00.602+0000] {logging_mixin.py:188} INFO - [2024-08-09T02:09:00.602+0000] {dag.py:3089} INFO - Sync 1 DAGs
[2024-08-09T02:09:00.636+0000] {logging_mixin.py:188} INFO - [2024-08-09T02:09:00.636+0000] {dag.py:3947} INFO - Setting next_dagrun for example_task_group to 2024-08-08 00:00:00+00:00, run_after=2024-08-09 00:00:00+00:00
[2024-08-09T02:09:00.671+0000] {processor.py:183} INFO - Processing /home/airflow/.local/lib/python3.12/site-packages/airflow/example_dags/example_task_group.py took 0.163 seconds
[2024-08-09T02:09:31.362+0000] {processor.py:161} INFO - Started process (PID=3980) to work on /home/airflow/.local/lib/python3.12/site-packages/airflow/example_dags/example_task_group.py
[2024-08-09T02:09:31.374+0000] {processor.py:830} INFO - Processing file /home/airflow/.local/lib/python3.12/site-packages/airflow/example_dags/example_task_group.py for tasks to queue
[2024-08-09T02:09:31.402+0000] {logging_mixin.py:188} INFO - [2024-08-09T02:09:31.400+0000] {dagbag.py:545} INFO - Filling up the DagBag from /home/airflow/.local/lib/python3.12/site-packages/airflow/example_dags/example_task_group.py
[2024-08-09T02:09:31.486+0000] {processor.py:840} INFO - DAG(s) 'example_task_group' retrieved from /home/airflow/.local/lib/python3.12/site-packages/airflow/example_dags/example_task_group.py
[2024-08-09T02:09:31.578+0000] {logging_mixin.py:188} INFO - [2024-08-09T02:09:31.578+0000] {dag.py:3089} INFO - Sync 1 DAGs
[2024-08-09T02:09:31.693+0000] {logging_mixin.py:188} INFO - [2024-08-09T02:09:31.692+0000] {dag.py:3947} INFO - Setting next_dagrun for example_task_group to 2024-08-08 00:00:00+00:00, run_after=2024-08-09 00:00:00+00:00
[2024-08-09T02:09:31.797+0000] {processor.py:183} INFO - Processing /home/airflow/.local/lib/python3.12/site-packages/airflow/example_dags/example_task_group.py took 0.506 seconds
[2024-08-09T02:10:02.200+0000] {processor.py:161} INFO - Started process (PID=4038) to work on /home/airflow/.local/lib/python3.12/site-packages/airflow/example_dags/example_task_group.py
[2024-08-09T02:10:02.205+0000] {processor.py:830} INFO - Processing file /home/airflow/.local/lib/python3.12/site-packages/airflow/example_dags/example_task_group.py for tasks to queue
[2024-08-09T02:10:02.210+0000] {logging_mixin.py:188} INFO - [2024-08-09T02:10:02.209+0000] {dagbag.py:545} INFO - Filling up the DagBag from /home/airflow/.local/lib/python3.12/site-packages/airflow/example_dags/example_task_group.py
[2024-08-09T02:10:02.234+0000] {processor.py:840} INFO - DAG(s) 'example_task_group' retrieved from /home/airflow/.local/lib/python3.12/site-packages/airflow/example_dags/example_task_group.py
[2024-08-09T02:10:02.315+0000] {logging_mixin.py:188} INFO - [2024-08-09T02:10:02.315+0000] {dag.py:3089} INFO - Sync 1 DAGs
[2024-08-09T02:10:02.396+0000] {logging_mixin.py:188} INFO - [2024-08-09T02:10:02.396+0000] {dag.py:3947} INFO - Setting next_dagrun for example_task_group to 2024-08-08 00:00:00+00:00, run_after=2024-08-09 00:00:00+00:00
[2024-08-09T02:10:02.546+0000] {processor.py:183} INFO - Processing /home/airflow/.local/lib/python3.12/site-packages/airflow/example_dags/example_task_group.py took 0.368 seconds
[2024-08-09T02:10:33.013+0000] {processor.py:161} INFO - Started process (PID=4100) to work on /home/airflow/.local/lib/python3.12/site-packages/airflow/example_dags/example_task_group.py
[2024-08-09T02:10:33.016+0000] {processor.py:830} INFO - Processing file /home/airflow/.local/lib/python3.12/site-packages/airflow/example_dags/example_task_group.py for tasks to queue
[2024-08-09T02:10:33.023+0000] {logging_mixin.py:188} INFO - [2024-08-09T02:10:33.022+0000] {dagbag.py:545} INFO - Filling up the DagBag from /home/airflow/.local/lib/python3.12/site-packages/airflow/example_dags/example_task_group.py
[2024-08-09T02:10:33.059+0000] {processor.py:840} INFO - DAG(s) 'example_task_group' retrieved from /home/airflow/.local/lib/python3.12/site-packages/airflow/example_dags/example_task_group.py
[2024-08-09T02:10:33.159+0000] {logging_mixin.py:188} INFO - [2024-08-09T02:10:33.159+0000] {dag.py:3089} INFO - Sync 1 DAGs
[2024-08-09T02:10:33.240+0000] {logging_mixin.py:188} INFO - [2024-08-09T02:10:33.238+0000] {dag.py:3947} INFO - Setting next_dagrun for example_task_group to 2024-08-08 00:00:00+00:00, run_after=2024-08-09 00:00:00+00:00
[2024-08-09T02:10:33.307+0000] {processor.py:183} INFO - Processing /home/airflow/.local/lib/python3.12/site-packages/airflow/example_dags/example_task_group.py took 0.334 seconds
[2024-08-09T02:11:03.803+0000] {processor.py:161} INFO - Started process (PID=4157) to work on /home/airflow/.local/lib/python3.12/site-packages/airflow/example_dags/example_task_group.py
[2024-08-09T02:11:03.805+0000] {processor.py:830} INFO - Processing file /home/airflow/.local/lib/python3.12/site-packages/airflow/example_dags/example_task_group.py for tasks to queue
[2024-08-09T02:11:03.810+0000] {logging_mixin.py:188} INFO - [2024-08-09T02:11:03.810+0000] {dagbag.py:545} INFO - Filling up the DagBag from /home/airflow/.local/lib/python3.12/site-packages/airflow/example_dags/example_task_group.py
[2024-08-09T02:11:03.832+0000] {processor.py:840} INFO - DAG(s) 'example_task_group' retrieved from /home/airflow/.local/lib/python3.12/site-packages/airflow/example_dags/example_task_group.py
[2024-08-09T02:11:03.961+0000] {logging_mixin.py:188} INFO - [2024-08-09T02:11:03.959+0000] {dag.py:3089} INFO - Sync 1 DAGs
[2024-08-09T02:11:04.073+0000] {logging_mixin.py:188} INFO - [2024-08-09T02:11:04.072+0000] {dag.py:3947} INFO - Setting next_dagrun for example_task_group to 2024-08-08 00:00:00+00:00, run_after=2024-08-09 00:00:00+00:00
[2024-08-09T02:11:04.134+0000] {processor.py:183} INFO - Processing /home/airflow/.local/lib/python3.12/site-packages/airflow/example_dags/example_task_group.py took 0.358 seconds
[2024-08-09T02:11:34.769+0000] {processor.py:161} INFO - Started process (PID=4215) to work on /home/airflow/.local/lib/python3.12/site-packages/airflow/example_dags/example_task_group.py
[2024-08-09T02:11:34.774+0000] {processor.py:830} INFO - Processing file /home/airflow/.local/lib/python3.12/site-packages/airflow/example_dags/example_task_group.py for tasks to queue
[2024-08-09T02:11:34.786+0000] {logging_mixin.py:188} INFO - [2024-08-09T02:11:34.783+0000] {dagbag.py:545} INFO - Filling up the DagBag from /home/airflow/.local/lib/python3.12/site-packages/airflow/example_dags/example_task_group.py
[2024-08-09T02:11:34.820+0000] {processor.py:840} INFO - DAG(s) 'example_task_group' retrieved from /home/airflow/.local/lib/python3.12/site-packages/airflow/example_dags/example_task_group.py
[2024-08-09T02:11:34.943+0000] {logging_mixin.py:188} INFO - [2024-08-09T02:11:34.942+0000] {dag.py:3089} INFO - Sync 1 DAGs
[2024-08-09T02:11:35.027+0000] {logging_mixin.py:188} INFO - [2024-08-09T02:11:35.027+0000] {dag.py:3947} INFO - Setting next_dagrun for example_task_group to 2024-08-08 00:00:00+00:00, run_after=2024-08-09 00:00:00+00:00
[2024-08-09T02:11:35.128+0000] {processor.py:183} INFO - Processing /home/airflow/.local/lib/python3.12/site-packages/airflow/example_dags/example_task_group.py took 0.384 seconds
[2024-08-09T02:12:05.297+0000] {processor.py:161} INFO - Started process (PID=4273) to work on /home/airflow/.local/lib/python3.12/site-packages/airflow/example_dags/example_task_group.py
[2024-08-09T02:12:05.300+0000] {processor.py:830} INFO - Processing file /home/airflow/.local/lib/python3.12/site-packages/airflow/example_dags/example_task_group.py for tasks to queue
[2024-08-09T02:12:05.306+0000] {logging_mixin.py:188} INFO - [2024-08-09T02:12:05.305+0000] {dagbag.py:545} INFO - Filling up the DagBag from /home/airflow/.local/lib/python3.12/site-packages/airflow/example_dags/example_task_group.py
[2024-08-09T02:12:05.322+0000] {processor.py:840} INFO - DAG(s) 'example_task_group' retrieved from /home/airflow/.local/lib/python3.12/site-packages/airflow/example_dags/example_task_group.py
[2024-08-09T02:12:05.383+0000] {logging_mixin.py:188} INFO - [2024-08-09T02:12:05.383+0000] {dag.py:3089} INFO - Sync 1 DAGs
[2024-08-09T02:12:05.428+0000] {logging_mixin.py:188} INFO - [2024-08-09T02:12:05.427+0000] {dag.py:3947} INFO - Setting next_dagrun for example_task_group to 2024-08-08 00:00:00+00:00, run_after=2024-08-09 00:00:00+00:00
[2024-08-09T02:12:05.467+0000] {processor.py:183} INFO - Processing /home/airflow/.local/lib/python3.12/site-packages/airflow/example_dags/example_task_group.py took 0.185 seconds
[2024-08-09T02:12:36.168+0000] {processor.py:161} INFO - Started process (PID=4331) to work on /home/airflow/.local/lib/python3.12/site-packages/airflow/example_dags/example_task_group.py
[2024-08-09T02:12:36.175+0000] {processor.py:830} INFO - Processing file /home/airflow/.local/lib/python3.12/site-packages/airflow/example_dags/example_task_group.py for tasks to queue
[2024-08-09T02:12:36.187+0000] {logging_mixin.py:188} INFO - [2024-08-09T02:12:36.184+0000] {dagbag.py:545} INFO - Filling up the DagBag from /home/airflow/.local/lib/python3.12/site-packages/airflow/example_dags/example_task_group.py
[2024-08-09T02:12:36.218+0000] {processor.py:840} INFO - DAG(s) 'example_task_group' retrieved from /home/airflow/.local/lib/python3.12/site-packages/airflow/example_dags/example_task_group.py
[2024-08-09T02:12:36.292+0000] {logging_mixin.py:188} INFO - [2024-08-09T02:12:36.291+0000] {dag.py:3089} INFO - Sync 1 DAGs
[2024-08-09T02:12:36.376+0000] {logging_mixin.py:188} INFO - [2024-08-09T02:12:36.376+0000] {dag.py:3947} INFO - Setting next_dagrun for example_task_group to 2024-08-08 00:00:00+00:00, run_after=2024-08-09 00:00:00+00:00
[2024-08-09T02:12:36.429+0000] {processor.py:183} INFO - Processing /home/airflow/.local/lib/python3.12/site-packages/airflow/example_dags/example_task_group.py took 0.284 seconds
[2024-08-09T02:13:06.689+0000] {processor.py:161} INFO - Started process (PID=4388) to work on /home/airflow/.local/lib/python3.12/site-packages/airflow/example_dags/example_task_group.py
[2024-08-09T02:13:06.693+0000] {processor.py:830} INFO - Processing file /home/airflow/.local/lib/python3.12/site-packages/airflow/example_dags/example_task_group.py for tasks to queue
[2024-08-09T02:13:06.702+0000] {logging_mixin.py:188} INFO - [2024-08-09T02:13:06.701+0000] {dagbag.py:545} INFO - Filling up the DagBag from /home/airflow/.local/lib/python3.12/site-packages/airflow/example_dags/example_task_group.py
[2024-08-09T02:13:06.745+0000] {processor.py:840} INFO - DAG(s) 'example_task_group' retrieved from /home/airflow/.local/lib/python3.12/site-packages/airflow/example_dags/example_task_group.py
[2024-08-09T02:13:06.895+0000] {logging_mixin.py:188} INFO - [2024-08-09T02:13:06.894+0000] {dag.py:3089} INFO - Sync 1 DAGs
[2024-08-09T02:13:06.961+0000] {logging_mixin.py:188} INFO - [2024-08-09T02:13:06.960+0000] {dag.py:3947} INFO - Setting next_dagrun for example_task_group to 2024-08-08 00:00:00+00:00, run_after=2024-08-09 00:00:00+00:00
[2024-08-09T02:13:07.002+0000] {processor.py:183} INFO - Processing /home/airflow/.local/lib/python3.12/site-packages/airflow/example_dags/example_task_group.py took 0.379 seconds
[2024-08-09T02:13:37.123+0000] {processor.py:161} INFO - Started process (PID=4446) to work on /home/airflow/.local/lib/python3.12/site-packages/airflow/example_dags/example_task_group.py
[2024-08-09T02:13:37.126+0000] {processor.py:830} INFO - Processing file /home/airflow/.local/lib/python3.12/site-packages/airflow/example_dags/example_task_group.py for tasks to queue
[2024-08-09T02:13:37.131+0000] {logging_mixin.py:188} INFO - [2024-08-09T02:13:37.131+0000] {dagbag.py:545} INFO - Filling up the DagBag from /home/airflow/.local/lib/python3.12/site-packages/airflow/example_dags/example_task_group.py
[2024-08-09T02:13:37.179+0000] {processor.py:840} INFO - DAG(s) 'example_task_group' retrieved from /home/airflow/.local/lib/python3.12/site-packages/airflow/example_dags/example_task_group.py
[2024-08-09T02:13:37.373+0000] {logging_mixin.py:188} INFO - [2024-08-09T02:13:37.369+0000] {dag.py:3089} INFO - Sync 1 DAGs
[2024-08-09T02:13:37.464+0000] {logging_mixin.py:188} INFO - [2024-08-09T02:13:37.463+0000] {dag.py:3947} INFO - Setting next_dagrun for example_task_group to 2024-08-08 00:00:00+00:00, run_after=2024-08-09 00:00:00+00:00
[2024-08-09T02:13:37.530+0000] {processor.py:183} INFO - Processing /home/airflow/.local/lib/python3.12/site-packages/airflow/example_dags/example_task_group.py took 0.449 seconds
[2024-08-09T02:14:07.741+0000] {processor.py:161} INFO - Started process (PID=4504) to work on /home/airflow/.local/lib/python3.12/site-packages/airflow/example_dags/example_task_group.py
[2024-08-09T02:14:07.745+0000] {processor.py:830} INFO - Processing file /home/airflow/.local/lib/python3.12/site-packages/airflow/example_dags/example_task_group.py for tasks to queue
[2024-08-09T02:14:07.752+0000] {logging_mixin.py:188} INFO - [2024-08-09T02:14:07.751+0000] {dagbag.py:545} INFO - Filling up the DagBag from /home/airflow/.local/lib/python3.12/site-packages/airflow/example_dags/example_task_group.py
[2024-08-09T02:14:07.780+0000] {processor.py:840} INFO - DAG(s) 'example_task_group' retrieved from /home/airflow/.local/lib/python3.12/site-packages/airflow/example_dags/example_task_group.py
[2024-08-09T02:14:07.868+0000] {logging_mixin.py:188} INFO - [2024-08-09T02:14:07.867+0000] {dag.py:3089} INFO - Sync 1 DAGs
[2024-08-09T02:14:07.923+0000] {logging_mixin.py:188} INFO - [2024-08-09T02:14:07.923+0000] {dag.py:3947} INFO - Setting next_dagrun for example_task_group to 2024-08-08 00:00:00+00:00, run_after=2024-08-09 00:00:00+00:00
[2024-08-09T02:14:07.978+0000] {processor.py:183} INFO - Processing /home/airflow/.local/lib/python3.12/site-packages/airflow/example_dags/example_task_group.py took 0.261 seconds
[2024-08-09T02:14:38.175+0000] {processor.py:161} INFO - Started process (PID=4562) to work on /home/airflow/.local/lib/python3.12/site-packages/airflow/example_dags/example_task_group.py
[2024-08-09T02:14:38.177+0000] {processor.py:830} INFO - Processing file /home/airflow/.local/lib/python3.12/site-packages/airflow/example_dags/example_task_group.py for tasks to queue
[2024-08-09T02:14:38.183+0000] {logging_mixin.py:188} INFO - [2024-08-09T02:14:38.182+0000] {dagbag.py:545} INFO - Filling up the DagBag from /home/airflow/.local/lib/python3.12/site-packages/airflow/example_dags/example_task_group.py
[2024-08-09T02:14:38.202+0000] {processor.py:840} INFO - DAG(s) 'example_task_group' retrieved from /home/airflow/.local/lib/python3.12/site-packages/airflow/example_dags/example_task_group.py
[2024-08-09T02:14:38.265+0000] {logging_mixin.py:188} INFO - [2024-08-09T02:14:38.265+0000] {dag.py:3089} INFO - Sync 1 DAGs
[2024-08-09T02:14:38.323+0000] {logging_mixin.py:188} INFO - [2024-08-09T02:14:38.323+0000] {dag.py:3947} INFO - Setting next_dagrun for example_task_group to 2024-08-08 00:00:00+00:00, run_after=2024-08-09 00:00:00+00:00
[2024-08-09T02:14:38.366+0000] {processor.py:183} INFO - Processing /home/airflow/.local/lib/python3.12/site-packages/airflow/example_dags/example_task_group.py took 0.207 seconds
[2024-08-09T02:15:08.821+0000] {processor.py:161} INFO - Started process (PID=4620) to work on /home/airflow/.local/lib/python3.12/site-packages/airflow/example_dags/example_task_group.py
[2024-08-09T02:15:08.825+0000] {processor.py:830} INFO - Processing file /home/airflow/.local/lib/python3.12/site-packages/airflow/example_dags/example_task_group.py for tasks to queue
[2024-08-09T02:15:08.832+0000] {logging_mixin.py:188} INFO - [2024-08-09T02:15:08.831+0000] {dagbag.py:545} INFO - Filling up the DagBag from /home/airflow/.local/lib/python3.12/site-packages/airflow/example_dags/example_task_group.py
[2024-08-09T02:15:08.879+0000] {processor.py:840} INFO - DAG(s) 'example_task_group' retrieved from /home/airflow/.local/lib/python3.12/site-packages/airflow/example_dags/example_task_group.py
[2024-08-09T02:15:08.990+0000] {logging_mixin.py:188} INFO - [2024-08-09T02:15:08.989+0000] {dag.py:3089} INFO - Sync 1 DAGs
[2024-08-09T02:15:09.066+0000] {logging_mixin.py:188} INFO - [2024-08-09T02:15:09.066+0000] {dag.py:3947} INFO - Setting next_dagrun for example_task_group to 2024-08-08 00:00:00+00:00, run_after=2024-08-09 00:00:00+00:00
[2024-08-09T02:15:09.120+0000] {processor.py:183} INFO - Processing /home/airflow/.local/lib/python3.12/site-packages/airflow/example_dags/example_task_group.py took 0.331 seconds
[2024-08-09T02:15:39.312+0000] {processor.py:161} INFO - Started process (PID=4678) to work on /home/airflow/.local/lib/python3.12/site-packages/airflow/example_dags/example_task_group.py
[2024-08-09T02:15:39.315+0000] {processor.py:830} INFO - Processing file /home/airflow/.local/lib/python3.12/site-packages/airflow/example_dags/example_task_group.py for tasks to queue
[2024-08-09T02:15:39.322+0000] {logging_mixin.py:188} INFO - [2024-08-09T02:15:39.321+0000] {dagbag.py:545} INFO - Filling up the DagBag from /home/airflow/.local/lib/python3.12/site-packages/airflow/example_dags/example_task_group.py
[2024-08-09T02:15:39.344+0000] {processor.py:840} INFO - DAG(s) 'example_task_group' retrieved from /home/airflow/.local/lib/python3.12/site-packages/airflow/example_dags/example_task_group.py
[2024-08-09T02:15:39.425+0000] {logging_mixin.py:188} INFO - [2024-08-09T02:15:39.424+0000] {dag.py:3089} INFO - Sync 1 DAGs
[2024-08-09T02:15:39.491+0000] {logging_mixin.py:188} INFO - [2024-08-09T02:15:39.490+0000] {dag.py:3947} INFO - Setting next_dagrun for example_task_group to 2024-08-08 00:00:00+00:00, run_after=2024-08-09 00:00:00+00:00
[2024-08-09T02:15:39.532+0000] {processor.py:183} INFO - Processing /home/airflow/.local/lib/python3.12/site-packages/airflow/example_dags/example_task_group.py took 0.237 seconds
[2024-08-09T02:16:10.280+0000] {processor.py:161} INFO - Started process (PID=4736) to work on /home/airflow/.local/lib/python3.12/site-packages/airflow/example_dags/example_task_group.py
[2024-08-09T02:16:10.286+0000] {processor.py:830} INFO - Processing file /home/airflow/.local/lib/python3.12/site-packages/airflow/example_dags/example_task_group.py for tasks to queue
[2024-08-09T02:16:10.307+0000] {logging_mixin.py:188} INFO - [2024-08-09T02:16:10.305+0000] {dagbag.py:545} INFO - Filling up the DagBag from /home/airflow/.local/lib/python3.12/site-packages/airflow/example_dags/example_task_group.py
[2024-08-09T02:16:10.340+0000] {processor.py:840} INFO - DAG(s) 'example_task_group' retrieved from /home/airflow/.local/lib/python3.12/site-packages/airflow/example_dags/example_task_group.py
[2024-08-09T02:16:10.436+0000] {logging_mixin.py:188} INFO - [2024-08-09T02:16:10.435+0000] {dag.py:3089} INFO - Sync 1 DAGs
[2024-08-09T02:16:10.530+0000] {logging_mixin.py:188} INFO - [2024-08-09T02:16:10.529+0000] {dag.py:3947} INFO - Setting next_dagrun for example_task_group to 2024-08-08 00:00:00+00:00, run_after=2024-08-09 00:00:00+00:00
[2024-08-09T02:16:10.591+0000] {processor.py:183} INFO - Processing /home/airflow/.local/lib/python3.12/site-packages/airflow/example_dags/example_task_group.py took 0.357 seconds
