[2024-08-09T01:42:30.565+0000] {processor.py:161} INFO - Started process (PID=994) to work on /home/airflow/.local/lib/python3.12/site-packages/airflow/example_dags/example_task_group_decorator.py
[2024-08-09T01:42:30.568+0000] {processor.py:830} INFO - Processing file /home/airflow/.local/lib/python3.12/site-packages/airflow/example_dags/example_task_group_decorator.py for tasks to queue
[2024-08-09T01:42:30.573+0000] {logging_mixin.py:188} INFO - [2024-08-09T01:42:30.572+0000] {dagbag.py:545} INFO - Filling up the DagBag from /home/airflow/.local/lib/python3.12/site-packages/airflow/example_dags/example_task_group_decorator.py
[2024-08-09T01:42:30.614+0000] {processor.py:840} INFO - DAG(s) 'example_task_group_decorator' retrieved from /home/airflow/.local/lib/python3.12/site-packages/airflow/example_dags/example_task_group_decorator.py
[2024-08-09T01:42:30.681+0000] {logging_mixin.py:188} INFO - [2024-08-09T01:42:30.680+0000] {dag.py:3089} INFO - Sync 1 DAGs
[2024-08-09T01:42:30.730+0000] {logging_mixin.py:188} INFO - [2024-08-09T01:42:30.730+0000] {dag.py:3947} INFO - Setting next_dagrun for example_task_group_decorator to 2024-08-08 00:00:00+00:00, run_after=2024-08-09 00:00:00+00:00
[2024-08-09T01:42:30.772+0000] {processor.py:183} INFO - Processing /home/airflow/.local/lib/python3.12/site-packages/airflow/example_dags/example_task_group_decorator.py took 0.224 seconds
[2024-08-09T01:43:01.506+0000] {processor.py:161} INFO - Started process (PID=1053) to work on /home/airflow/.local/lib/python3.12/site-packages/airflow/example_dags/example_task_group_decorator.py
[2024-08-09T01:43:01.508+0000] {processor.py:830} INFO - Processing file /home/airflow/.local/lib/python3.12/site-packages/airflow/example_dags/example_task_group_decorator.py for tasks to queue
[2024-08-09T01:43:01.513+0000] {logging_mixin.py:188} INFO - [2024-08-09T01:43:01.512+0000] {dagbag.py:545} INFO - Filling up the DagBag from /home/airflow/.local/lib/python3.12/site-packages/airflow/example_dags/example_task_group_decorator.py
[2024-08-09T01:43:01.542+0000] {processor.py:840} INFO - DAG(s) 'example_task_group_decorator' retrieved from /home/airflow/.local/lib/python3.12/site-packages/airflow/example_dags/example_task_group_decorator.py
[2024-08-09T01:43:01.594+0000] {logging_mixin.py:188} INFO - [2024-08-09T01:43:01.594+0000] {dag.py:3089} INFO - Sync 1 DAGs
[2024-08-09T01:43:01.638+0000] {logging_mixin.py:188} INFO - [2024-08-09T01:43:01.637+0000] {dag.py:3947} INFO - Setting next_dagrun for example_task_group_decorator to 2024-08-08 00:00:00+00:00, run_after=2024-08-09 00:00:00+00:00
[2024-08-09T01:43:01.674+0000] {processor.py:183} INFO - Processing /home/airflow/.local/lib/python3.12/site-packages/airflow/example_dags/example_task_group_decorator.py took 0.183 seconds
[2024-08-09T01:43:33.470+0000] {processor.py:161} INFO - Started process (PID=1111) to work on /home/airflow/.local/lib/python3.12/site-packages/airflow/example_dags/example_task_group_decorator.py
[2024-08-09T01:43:33.475+0000] {processor.py:830} INFO - Processing file /home/airflow/.local/lib/python3.12/site-packages/airflow/example_dags/example_task_group_decorator.py for tasks to queue
[2024-08-09T01:43:33.485+0000] {logging_mixin.py:188} INFO - [2024-08-09T01:43:33.481+0000] {dagbag.py:545} INFO - Filling up the DagBag from /home/airflow/.local/lib/python3.12/site-packages/airflow/example_dags/example_task_group_decorator.py
[2024-08-09T01:43:33.529+0000] {processor.py:840} INFO - DAG(s) 'example_task_group_decorator' retrieved from /home/airflow/.local/lib/python3.12/site-packages/airflow/example_dags/example_task_group_decorator.py
[2024-08-09T01:43:33.641+0000] {logging_mixin.py:188} INFO - [2024-08-09T01:43:33.640+0000] {dag.py:3089} INFO - Sync 1 DAGs
[2024-08-09T01:43:33.696+0000] {logging_mixin.py:188} INFO - [2024-08-09T01:43:33.696+0000] {dag.py:3947} INFO - Setting next_dagrun for example_task_group_decorator to 2024-08-08 00:00:00+00:00, run_after=2024-08-09 00:00:00+00:00
[2024-08-09T01:43:33.767+0000] {processor.py:183} INFO - Processing /home/airflow/.local/lib/python3.12/site-packages/airflow/example_dags/example_task_group_decorator.py took 0.319 seconds
[2024-08-09T01:44:04.275+0000] {processor.py:161} INFO - Started process (PID=1169) to work on /home/airflow/.local/lib/python3.12/site-packages/airflow/example_dags/example_task_group_decorator.py
[2024-08-09T01:44:04.278+0000] {processor.py:830} INFO - Processing file /home/airflow/.local/lib/python3.12/site-packages/airflow/example_dags/example_task_group_decorator.py for tasks to queue
[2024-08-09T01:44:04.295+0000] {logging_mixin.py:188} INFO - [2024-08-09T01:44:04.292+0000] {dagbag.py:545} INFO - Filling up the DagBag from /home/airflow/.local/lib/python3.12/site-packages/airflow/example_dags/example_task_group_decorator.py
[2024-08-09T01:44:04.347+0000] {processor.py:840} INFO - DAG(s) 'example_task_group_decorator' retrieved from /home/airflow/.local/lib/python3.12/site-packages/airflow/example_dags/example_task_group_decorator.py
[2024-08-09T01:44:04.426+0000] {logging_mixin.py:188} INFO - [2024-08-09T01:44:04.426+0000] {dag.py:3089} INFO - Sync 1 DAGs
[2024-08-09T01:44:04.488+0000] {logging_mixin.py:188} INFO - [2024-08-09T01:44:04.488+0000] {dag.py:3947} INFO - Setting next_dagrun for example_task_group_decorator to 2024-08-08 00:00:00+00:00, run_after=2024-08-09 00:00:00+00:00
[2024-08-09T01:44:04.536+0000] {processor.py:183} INFO - Processing /home/airflow/.local/lib/python3.12/site-packages/airflow/example_dags/example_task_group_decorator.py took 0.286 seconds
[2024-08-09T01:44:35.175+0000] {processor.py:161} INFO - Started process (PID=1227) to work on /home/airflow/.local/lib/python3.12/site-packages/airflow/example_dags/example_task_group_decorator.py
[2024-08-09T01:44:35.181+0000] {processor.py:830} INFO - Processing file /home/airflow/.local/lib/python3.12/site-packages/airflow/example_dags/example_task_group_decorator.py for tasks to queue
[2024-08-09T01:44:35.187+0000] {logging_mixin.py:188} INFO - [2024-08-09T01:44:35.186+0000] {dagbag.py:545} INFO - Filling up the DagBag from /home/airflow/.local/lib/python3.12/site-packages/airflow/example_dags/example_task_group_decorator.py
[2024-08-09T01:44:35.235+0000] {processor.py:840} INFO - DAG(s) 'example_task_group_decorator' retrieved from /home/airflow/.local/lib/python3.12/site-packages/airflow/example_dags/example_task_group_decorator.py
[2024-08-09T01:44:35.336+0000] {logging_mixin.py:188} INFO - [2024-08-09T01:44:35.336+0000] {dag.py:3089} INFO - Sync 1 DAGs
[2024-08-09T01:44:35.407+0000] {logging_mixin.py:188} INFO - [2024-08-09T01:44:35.406+0000] {dag.py:3947} INFO - Setting next_dagrun for example_task_group_decorator to 2024-08-08 00:00:00+00:00, run_after=2024-08-09 00:00:00+00:00
[2024-08-09T01:44:35.467+0000] {processor.py:183} INFO - Processing /home/airflow/.local/lib/python3.12/site-packages/airflow/example_dags/example_task_group_decorator.py took 0.312 seconds
[2024-08-09T01:45:05.713+0000] {processor.py:161} INFO - Started process (PID=1285) to work on /home/airflow/.local/lib/python3.12/site-packages/airflow/example_dags/example_task_group_decorator.py
[2024-08-09T01:45:05.717+0000] {processor.py:830} INFO - Processing file /home/airflow/.local/lib/python3.12/site-packages/airflow/example_dags/example_task_group_decorator.py for tasks to queue
[2024-08-09T01:45:05.723+0000] {logging_mixin.py:188} INFO - [2024-08-09T01:45:05.722+0000] {dagbag.py:545} INFO - Filling up the DagBag from /home/airflow/.local/lib/python3.12/site-packages/airflow/example_dags/example_task_group_decorator.py
[2024-08-09T01:45:05.761+0000] {processor.py:840} INFO - DAG(s) 'example_task_group_decorator' retrieved from /home/airflow/.local/lib/python3.12/site-packages/airflow/example_dags/example_task_group_decorator.py
[2024-08-09T01:45:05.832+0000] {logging_mixin.py:188} INFO - [2024-08-09T01:45:05.831+0000] {dag.py:3089} INFO - Sync 1 DAGs
[2024-08-09T01:45:05.884+0000] {logging_mixin.py:188} INFO - [2024-08-09T01:45:05.884+0000] {dag.py:3947} INFO - Setting next_dagrun for example_task_group_decorator to 2024-08-08 00:00:00+00:00, run_after=2024-08-09 00:00:00+00:00
[2024-08-09T01:45:05.927+0000] {processor.py:183} INFO - Processing /home/airflow/.local/lib/python3.12/site-packages/airflow/example_dags/example_task_group_decorator.py took 0.237 seconds
[2024-08-09T01:45:36.584+0000] {processor.py:161} INFO - Started process (PID=1342) to work on /home/airflow/.local/lib/python3.12/site-packages/airflow/example_dags/example_task_group_decorator.py
[2024-08-09T01:45:36.587+0000] {processor.py:830} INFO - Processing file /home/airflow/.local/lib/python3.12/site-packages/airflow/example_dags/example_task_group_decorator.py for tasks to queue
[2024-08-09T01:45:36.592+0000] {logging_mixin.py:188} INFO - [2024-08-09T01:45:36.591+0000] {dagbag.py:545} INFO - Filling up the DagBag from /home/airflow/.local/lib/python3.12/site-packages/airflow/example_dags/example_task_group_decorator.py
[2024-08-09T01:45:36.623+0000] {processor.py:840} INFO - DAG(s) 'example_task_group_decorator' retrieved from /home/airflow/.local/lib/python3.12/site-packages/airflow/example_dags/example_task_group_decorator.py
[2024-08-09T01:45:36.686+0000] {logging_mixin.py:188} INFO - [2024-08-09T01:45:36.686+0000] {dag.py:3089} INFO - Sync 1 DAGs
[2024-08-09T01:45:36.738+0000] {logging_mixin.py:188} INFO - [2024-08-09T01:45:36.738+0000] {dag.py:3947} INFO - Setting next_dagrun for example_task_group_decorator to 2024-08-08 00:00:00+00:00, run_after=2024-08-09 00:00:00+00:00
[2024-08-09T01:45:36.770+0000] {processor.py:183} INFO - Processing /home/airflow/.local/lib/python3.12/site-packages/airflow/example_dags/example_task_group_decorator.py took 0.204 seconds
[2024-08-09T01:46:07.488+0000] {processor.py:161} INFO - Started process (PID=1400) to work on /home/airflow/.local/lib/python3.12/site-packages/airflow/example_dags/example_task_group_decorator.py
[2024-08-09T01:46:07.491+0000] {processor.py:830} INFO - Processing file /home/airflow/.local/lib/python3.12/site-packages/airflow/example_dags/example_task_group_decorator.py for tasks to queue
[2024-08-09T01:46:07.496+0000] {logging_mixin.py:188} INFO - [2024-08-09T01:46:07.496+0000] {dagbag.py:545} INFO - Filling up the DagBag from /home/airflow/.local/lib/python3.12/site-packages/airflow/example_dags/example_task_group_decorator.py
[2024-08-09T01:46:07.528+0000] {processor.py:840} INFO - DAG(s) 'example_task_group_decorator' retrieved from /home/airflow/.local/lib/python3.12/site-packages/airflow/example_dags/example_task_group_decorator.py
[2024-08-09T01:46:07.584+0000] {logging_mixin.py:188} INFO - [2024-08-09T01:46:07.583+0000] {dag.py:3089} INFO - Sync 1 DAGs
[2024-08-09T01:46:07.628+0000] {logging_mixin.py:188} INFO - [2024-08-09T01:46:07.628+0000] {dag.py:3947} INFO - Setting next_dagrun for example_task_group_decorator to 2024-08-08 00:00:00+00:00, run_after=2024-08-09 00:00:00+00:00
[2024-08-09T01:46:07.663+0000] {processor.py:183} INFO - Processing /home/airflow/.local/lib/python3.12/site-packages/airflow/example_dags/example_task_group_decorator.py took 0.191 seconds
[2024-08-09T01:46:38.363+0000] {processor.py:161} INFO - Started process (PID=1457) to work on /home/airflow/.local/lib/python3.12/site-packages/airflow/example_dags/example_task_group_decorator.py
[2024-08-09T01:46:38.365+0000] {processor.py:830} INFO - Processing file /home/airflow/.local/lib/python3.12/site-packages/airflow/example_dags/example_task_group_decorator.py for tasks to queue
[2024-08-09T01:46:38.370+0000] {logging_mixin.py:188} INFO - [2024-08-09T01:46:38.369+0000] {dagbag.py:545} INFO - Filling up the DagBag from /home/airflow/.local/lib/python3.12/site-packages/airflow/example_dags/example_task_group_decorator.py
[2024-08-09T01:46:38.402+0000] {processor.py:840} INFO - DAG(s) 'example_task_group_decorator' retrieved from /home/airflow/.local/lib/python3.12/site-packages/airflow/example_dags/example_task_group_decorator.py
[2024-08-09T01:46:38.454+0000] {logging_mixin.py:188} INFO - [2024-08-09T01:46:38.454+0000] {dag.py:3089} INFO - Sync 1 DAGs
[2024-08-09T01:46:38.494+0000] {logging_mixin.py:188} INFO - [2024-08-09T01:46:38.494+0000] {dag.py:3947} INFO - Setting next_dagrun for example_task_group_decorator to 2024-08-08 00:00:00+00:00, run_after=2024-08-09 00:00:00+00:00
[2024-08-09T01:46:38.527+0000] {processor.py:183} INFO - Processing /home/airflow/.local/lib/python3.12/site-packages/airflow/example_dags/example_task_group_decorator.py took 0.180 seconds
[2024-08-09T01:47:09.238+0000] {processor.py:161} INFO - Started process (PID=1515) to work on /home/airflow/.local/lib/python3.12/site-packages/airflow/example_dags/example_task_group_decorator.py
[2024-08-09T01:47:09.241+0000] {processor.py:830} INFO - Processing file /home/airflow/.local/lib/python3.12/site-packages/airflow/example_dags/example_task_group_decorator.py for tasks to queue
[2024-08-09T01:47:09.248+0000] {logging_mixin.py:188} INFO - [2024-08-09T01:47:09.247+0000] {dagbag.py:545} INFO - Filling up the DagBag from /home/airflow/.local/lib/python3.12/site-packages/airflow/example_dags/example_task_group_decorator.py
[2024-08-09T01:47:09.296+0000] {processor.py:840} INFO - DAG(s) 'example_task_group_decorator' retrieved from /home/airflow/.local/lib/python3.12/site-packages/airflow/example_dags/example_task_group_decorator.py
[2024-08-09T01:47:09.380+0000] {logging_mixin.py:188} INFO - [2024-08-09T01:47:09.380+0000] {dag.py:3089} INFO - Sync 1 DAGs
[2024-08-09T01:47:09.434+0000] {logging_mixin.py:188} INFO - [2024-08-09T01:47:09.433+0000] {dag.py:3947} INFO - Setting next_dagrun for example_task_group_decorator to 2024-08-08 00:00:00+00:00, run_after=2024-08-09 00:00:00+00:00
[2024-08-09T01:47:09.476+0000] {processor.py:183} INFO - Processing /home/airflow/.local/lib/python3.12/site-packages/airflow/example_dags/example_task_group_decorator.py took 0.258 seconds
[2024-08-09T01:47:41.497+0000] {processor.py:161} INFO - Started process (PID=1573) to work on /home/airflow/.local/lib/python3.12/site-packages/airflow/example_dags/example_task_group_decorator.py
[2024-08-09T01:47:41.501+0000] {processor.py:830} INFO - Processing file /home/airflow/.local/lib/python3.12/site-packages/airflow/example_dags/example_task_group_decorator.py for tasks to queue
[2024-08-09T01:47:41.511+0000] {logging_mixin.py:188} INFO - [2024-08-09T01:47:41.509+0000] {dagbag.py:545} INFO - Filling up the DagBag from /home/airflow/.local/lib/python3.12/site-packages/airflow/example_dags/example_task_group_decorator.py
[2024-08-09T01:47:41.570+0000] {processor.py:840} INFO - DAG(s) 'example_task_group_decorator' retrieved from /home/airflow/.local/lib/python3.12/site-packages/airflow/example_dags/example_task_group_decorator.py
[2024-08-09T01:47:41.677+0000] {logging_mixin.py:188} INFO - [2024-08-09T01:47:41.676+0000] {dag.py:3089} INFO - Sync 1 DAGs
[2024-08-09T01:47:41.765+0000] {logging_mixin.py:188} INFO - [2024-08-09T01:47:41.765+0000] {dag.py:3947} INFO - Setting next_dagrun for example_task_group_decorator to 2024-08-08 00:00:00+00:00, run_after=2024-08-09 00:00:00+00:00
[2024-08-09T01:47:41.839+0000] {processor.py:183} INFO - Processing /home/airflow/.local/lib/python3.12/site-packages/airflow/example_dags/example_task_group_decorator.py took 0.364 seconds
[2024-08-09T01:48:13.285+0000] {processor.py:161} INFO - Started process (PID=1631) to work on /home/airflow/.local/lib/python3.12/site-packages/airflow/example_dags/example_task_group_decorator.py
[2024-08-09T01:48:13.288+0000] {processor.py:830} INFO - Processing file /home/airflow/.local/lib/python3.12/site-packages/airflow/example_dags/example_task_group_decorator.py for tasks to queue
[2024-08-09T01:48:13.296+0000] {logging_mixin.py:188} INFO - [2024-08-09T01:48:13.294+0000] {dagbag.py:545} INFO - Filling up the DagBag from /home/airflow/.local/lib/python3.12/site-packages/airflow/example_dags/example_task_group_decorator.py
[2024-08-09T01:48:13.335+0000] {processor.py:840} INFO - DAG(s) 'example_task_group_decorator' retrieved from /home/airflow/.local/lib/python3.12/site-packages/airflow/example_dags/example_task_group_decorator.py
[2024-08-09T01:48:13.425+0000] {logging_mixin.py:188} INFO - [2024-08-09T01:48:13.424+0000] {dag.py:3089} INFO - Sync 1 DAGs
[2024-08-09T01:48:14.040+0000] {logging_mixin.py:188} INFO - [2024-08-09T01:48:14.040+0000] {dag.py:3947} INFO - Setting next_dagrun for example_task_group_decorator to 2024-08-08 00:00:00+00:00, run_after=2024-08-09 00:00:00+00:00
[2024-08-09T01:48:14.086+0000] {processor.py:183} INFO - Processing /home/airflow/.local/lib/python3.12/site-packages/airflow/example_dags/example_task_group_decorator.py took 0.820 seconds
[2024-08-09T01:48:44.656+0000] {processor.py:161} INFO - Started process (PID=1690) to work on /home/airflow/.local/lib/python3.12/site-packages/airflow/example_dags/example_task_group_decorator.py
[2024-08-09T01:48:44.662+0000] {processor.py:830} INFO - Processing file /home/airflow/.local/lib/python3.12/site-packages/airflow/example_dags/example_task_group_decorator.py for tasks to queue
[2024-08-09T01:48:44.672+0000] {logging_mixin.py:188} INFO - [2024-08-09T01:48:44.671+0000] {dagbag.py:545} INFO - Filling up the DagBag from /home/airflow/.local/lib/python3.12/site-packages/airflow/example_dags/example_task_group_decorator.py
[2024-08-09T01:48:44.705+0000] {processor.py:840} INFO - DAG(s) 'example_task_group_decorator' retrieved from /home/airflow/.local/lib/python3.12/site-packages/airflow/example_dags/example_task_group_decorator.py
[2024-08-09T01:48:44.813+0000] {logging_mixin.py:188} INFO - [2024-08-09T01:48:44.812+0000] {dag.py:3089} INFO - Sync 1 DAGs
[2024-08-09T01:48:45.832+0000] {logging_mixin.py:188} INFO - [2024-08-09T01:48:45.831+0000] {dag.py:3947} INFO - Setting next_dagrun for example_task_group_decorator to 2024-08-08 00:00:00+00:00, run_after=2024-08-09 00:00:00+00:00
[2024-08-09T01:48:45.899+0000] {processor.py:183} INFO - Processing /home/airflow/.local/lib/python3.12/site-packages/airflow/example_dags/example_task_group_decorator.py took 1.274 seconds
[2024-08-09T01:49:16.138+0000] {processor.py:161} INFO - Started process (PID=1748) to work on /home/airflow/.local/lib/python3.12/site-packages/airflow/example_dags/example_task_group_decorator.py
[2024-08-09T01:49:16.144+0000] {processor.py:830} INFO - Processing file /home/airflow/.local/lib/python3.12/site-packages/airflow/example_dags/example_task_group_decorator.py for tasks to queue
[2024-08-09T01:49:16.163+0000] {logging_mixin.py:188} INFO - [2024-08-09T01:49:16.161+0000] {dagbag.py:545} INFO - Filling up the DagBag from /home/airflow/.local/lib/python3.12/site-packages/airflow/example_dags/example_task_group_decorator.py
[2024-08-09T01:49:16.225+0000] {processor.py:840} INFO - DAG(s) 'example_task_group_decorator' retrieved from /home/airflow/.local/lib/python3.12/site-packages/airflow/example_dags/example_task_group_decorator.py
[2024-08-09T01:49:16.337+0000] {logging_mixin.py:188} INFO - [2024-08-09T01:49:16.337+0000] {dag.py:3089} INFO - Sync 1 DAGs
[2024-08-09T01:49:16.414+0000] {logging_mixin.py:188} INFO - [2024-08-09T01:49:16.414+0000] {dag.py:3947} INFO - Setting next_dagrun for example_task_group_decorator to 2024-08-08 00:00:00+00:00, run_after=2024-08-09 00:00:00+00:00
[2024-08-09T01:49:16.478+0000] {processor.py:183} INFO - Processing /home/airflow/.local/lib/python3.12/site-packages/airflow/example_dags/example_task_group_decorator.py took 0.384 seconds
[2024-08-09T01:49:47.410+0000] {processor.py:161} INFO - Started process (PID=1806) to work on /home/airflow/.local/lib/python3.12/site-packages/airflow/example_dags/example_task_group_decorator.py
[2024-08-09T01:49:47.414+0000] {processor.py:830} INFO - Processing file /home/airflow/.local/lib/python3.12/site-packages/airflow/example_dags/example_task_group_decorator.py for tasks to queue
[2024-08-09T01:49:47.423+0000] {logging_mixin.py:188} INFO - [2024-08-09T01:49:47.422+0000] {dagbag.py:545} INFO - Filling up the DagBag from /home/airflow/.local/lib/python3.12/site-packages/airflow/example_dags/example_task_group_decorator.py
[2024-08-09T01:49:47.473+0000] {processor.py:840} INFO - DAG(s) 'example_task_group_decorator' retrieved from /home/airflow/.local/lib/python3.12/site-packages/airflow/example_dags/example_task_group_decorator.py
[2024-08-09T01:49:47.567+0000] {logging_mixin.py:188} INFO - [2024-08-09T01:49:47.567+0000] {dag.py:3089} INFO - Sync 1 DAGs
[2024-08-09T01:49:47.638+0000] {logging_mixin.py:188} INFO - [2024-08-09T01:49:47.638+0000] {dag.py:3947} INFO - Setting next_dagrun for example_task_group_decorator to 2024-08-08 00:00:00+00:00, run_after=2024-08-09 00:00:00+00:00
[2024-08-09T01:49:47.698+0000] {processor.py:183} INFO - Processing /home/airflow/.local/lib/python3.12/site-packages/airflow/example_dags/example_task_group_decorator.py took 0.318 seconds
[2024-08-09T01:50:36.676+0000] {processor.py:161} INFO - Started process (PID=1858) to work on /home/airflow/.local/lib/python3.12/site-packages/airflow/example_dags/example_task_group_decorator.py
[2024-08-09T01:50:36.688+0000] {processor.py:830} INFO - Processing file /home/airflow/.local/lib/python3.12/site-packages/airflow/example_dags/example_task_group_decorator.py for tasks to queue
[2024-08-09T01:50:36.722+0000] {logging_mixin.py:188} INFO - [2024-08-09T01:50:36.718+0000] {dagbag.py:545} INFO - Filling up the DagBag from /home/airflow/.local/lib/python3.12/site-packages/airflow/example_dags/example_task_group_decorator.py
[2024-08-09T01:50:36.807+0000] {processor.py:840} INFO - DAG(s) 'example_task_group_decorator' retrieved from /home/airflow/.local/lib/python3.12/site-packages/airflow/example_dags/example_task_group_decorator.py
[2024-08-09T01:50:37.159+0000] {logging_mixin.py:188} INFO - [2024-08-09T01:50:37.159+0000] {dag.py:3089} INFO - Sync 1 DAGs
[2024-08-09T01:50:37.353+0000] {logging_mixin.py:188} INFO - [2024-08-09T01:50:37.352+0000] {dag.py:3947} INFO - Setting next_dagrun for example_task_group_decorator to 2024-08-08 00:00:00+00:00, run_after=2024-08-09 00:00:00+00:00
[2024-08-09T01:50:37.452+0000] {processor.py:183} INFO - Processing /home/airflow/.local/lib/python3.12/site-packages/airflow/example_dags/example_task_group_decorator.py took 0.872 seconds
[2024-08-09T01:51:08.052+0000] {processor.py:161} INFO - Started process (PID=1916) to work on /home/airflow/.local/lib/python3.12/site-packages/airflow/example_dags/example_task_group_decorator.py
[2024-08-09T01:51:08.055+0000] {processor.py:830} INFO - Processing file /home/airflow/.local/lib/python3.12/site-packages/airflow/example_dags/example_task_group_decorator.py for tasks to queue
[2024-08-09T01:51:08.063+0000] {logging_mixin.py:188} INFO - [2024-08-09T01:51:08.062+0000] {dagbag.py:545} INFO - Filling up the DagBag from /home/airflow/.local/lib/python3.12/site-packages/airflow/example_dags/example_task_group_decorator.py
[2024-08-09T01:51:08.109+0000] {processor.py:840} INFO - DAG(s) 'example_task_group_decorator' retrieved from /home/airflow/.local/lib/python3.12/site-packages/airflow/example_dags/example_task_group_decorator.py
[2024-08-09T01:51:08.215+0000] {logging_mixin.py:188} INFO - [2024-08-09T01:51:08.215+0000] {dag.py:3089} INFO - Sync 1 DAGs
[2024-08-09T01:51:08.285+0000] {logging_mixin.py:188} INFO - [2024-08-09T01:51:08.284+0000] {dag.py:3947} INFO - Setting next_dagrun for example_task_group_decorator to 2024-08-08 00:00:00+00:00, run_after=2024-08-09 00:00:00+00:00
[2024-08-09T01:51:08.364+0000] {processor.py:183} INFO - Processing /home/airflow/.local/lib/python3.12/site-packages/airflow/example_dags/example_task_group_decorator.py took 0.342 seconds
[2024-08-09T01:51:38.588+0000] {processor.py:161} INFO - Started process (PID=1973) to work on /home/airflow/.local/lib/python3.12/site-packages/airflow/example_dags/example_task_group_decorator.py
[2024-08-09T01:51:38.594+0000] {processor.py:830} INFO - Processing file /home/airflow/.local/lib/python3.12/site-packages/airflow/example_dags/example_task_group_decorator.py for tasks to queue
[2024-08-09T01:51:38.600+0000] {logging_mixin.py:188} INFO - [2024-08-09T01:51:38.599+0000] {dagbag.py:545} INFO - Filling up the DagBag from /home/airflow/.local/lib/python3.12/site-packages/airflow/example_dags/example_task_group_decorator.py
[2024-08-09T01:51:38.646+0000] {processor.py:840} INFO - DAG(s) 'example_task_group_decorator' retrieved from /home/airflow/.local/lib/python3.12/site-packages/airflow/example_dags/example_task_group_decorator.py
[2024-08-09T01:51:38.726+0000] {logging_mixin.py:188} INFO - [2024-08-09T01:51:38.725+0000] {dag.py:3089} INFO - Sync 1 DAGs
[2024-08-09T01:51:38.774+0000] {logging_mixin.py:188} INFO - [2024-08-09T01:51:38.774+0000] {dag.py:3947} INFO - Setting next_dagrun for example_task_group_decorator to 2024-08-08 00:00:00+00:00, run_after=2024-08-09 00:00:00+00:00
[2024-08-09T01:51:38.814+0000] {processor.py:183} INFO - Processing /home/airflow/.local/lib/python3.12/site-packages/airflow/example_dags/example_task_group_decorator.py took 0.274 seconds
[2024-08-09T01:52:09.471+0000] {processor.py:161} INFO - Started process (PID=2031) to work on /home/airflow/.local/lib/python3.12/site-packages/airflow/example_dags/example_task_group_decorator.py
[2024-08-09T01:52:09.473+0000] {processor.py:830} INFO - Processing file /home/airflow/.local/lib/python3.12/site-packages/airflow/example_dags/example_task_group_decorator.py for tasks to queue
[2024-08-09T01:52:09.483+0000] {logging_mixin.py:188} INFO - [2024-08-09T01:52:09.481+0000] {dagbag.py:545} INFO - Filling up the DagBag from /home/airflow/.local/lib/python3.12/site-packages/airflow/example_dags/example_task_group_decorator.py
[2024-08-09T01:52:09.545+0000] {processor.py:840} INFO - DAG(s) 'example_task_group_decorator' retrieved from /home/airflow/.local/lib/python3.12/site-packages/airflow/example_dags/example_task_group_decorator.py
[2024-08-09T01:52:09.628+0000] {logging_mixin.py:188} INFO - [2024-08-09T01:52:09.627+0000] {dag.py:3089} INFO - Sync 1 DAGs
[2024-08-09T01:52:09.676+0000] {logging_mixin.py:188} INFO - [2024-08-09T01:52:09.675+0000] {dag.py:3947} INFO - Setting next_dagrun for example_task_group_decorator to 2024-08-08 00:00:00+00:00, run_after=2024-08-09 00:00:00+00:00
[2024-08-09T01:52:09.716+0000] {processor.py:183} INFO - Processing /home/airflow/.local/lib/python3.12/site-packages/airflow/example_dags/example_task_group_decorator.py took 0.300 seconds
[2024-08-09T01:52:39.908+0000] {processor.py:161} INFO - Started process (PID=2089) to work on /home/airflow/.local/lib/python3.12/site-packages/airflow/example_dags/example_task_group_decorator.py
[2024-08-09T01:52:39.910+0000] {processor.py:830} INFO - Processing file /home/airflow/.local/lib/python3.12/site-packages/airflow/example_dags/example_task_group_decorator.py for tasks to queue
[2024-08-09T01:52:39.915+0000] {logging_mixin.py:188} INFO - [2024-08-09T01:52:39.915+0000] {dagbag.py:545} INFO - Filling up the DagBag from /home/airflow/.local/lib/python3.12/site-packages/airflow/example_dags/example_task_group_decorator.py
[2024-08-09T01:52:39.951+0000] {processor.py:840} INFO - DAG(s) 'example_task_group_decorator' retrieved from /home/airflow/.local/lib/python3.12/site-packages/airflow/example_dags/example_task_group_decorator.py
[2024-08-09T01:52:40.051+0000] {logging_mixin.py:188} INFO - [2024-08-09T01:52:40.051+0000] {dag.py:3089} INFO - Sync 1 DAGs
[2024-08-09T01:52:40.123+0000] {logging_mixin.py:188} INFO - [2024-08-09T01:52:40.122+0000] {dag.py:3947} INFO - Setting next_dagrun for example_task_group_decorator to 2024-08-08 00:00:00+00:00, run_after=2024-08-09 00:00:00+00:00
[2024-08-09T01:52:40.179+0000] {processor.py:183} INFO - Processing /home/airflow/.local/lib/python3.12/site-packages/airflow/example_dags/example_task_group_decorator.py took 0.287 seconds
[2024-08-09T01:53:10.544+0000] {processor.py:161} INFO - Started process (PID=2146) to work on /home/airflow/.local/lib/python3.12/site-packages/airflow/example_dags/example_task_group_decorator.py
[2024-08-09T01:53:10.548+0000] {processor.py:830} INFO - Processing file /home/airflow/.local/lib/python3.12/site-packages/airflow/example_dags/example_task_group_decorator.py for tasks to queue
[2024-08-09T01:53:10.558+0000] {logging_mixin.py:188} INFO - [2024-08-09T01:53:10.558+0000] {dagbag.py:545} INFO - Filling up the DagBag from /home/airflow/.local/lib/python3.12/site-packages/airflow/example_dags/example_task_group_decorator.py
[2024-08-09T01:53:10.654+0000] {processor.py:840} INFO - DAG(s) 'example_task_group_decorator' retrieved from /home/airflow/.local/lib/python3.12/site-packages/airflow/example_dags/example_task_group_decorator.py
[2024-08-09T01:53:10.826+0000] {logging_mixin.py:188} INFO - [2024-08-09T01:53:10.825+0000] {dag.py:3089} INFO - Sync 1 DAGs
[2024-08-09T01:53:10.916+0000] {logging_mixin.py:188} INFO - [2024-08-09T01:53:10.915+0000] {dag.py:3947} INFO - Setting next_dagrun for example_task_group_decorator to 2024-08-08 00:00:00+00:00, run_after=2024-08-09 00:00:00+00:00
[2024-08-09T01:53:11.019+0000] {processor.py:183} INFO - Processing /home/airflow/.local/lib/python3.12/site-packages/airflow/example_dags/example_task_group_decorator.py took 0.509 seconds
[2024-08-09T01:53:41.267+0000] {processor.py:161} INFO - Started process (PID=2204) to work on /home/airflow/.local/lib/python3.12/site-packages/airflow/example_dags/example_task_group_decorator.py
[2024-08-09T01:53:41.271+0000] {processor.py:830} INFO - Processing file /home/airflow/.local/lib/python3.12/site-packages/airflow/example_dags/example_task_group_decorator.py for tasks to queue
[2024-08-09T01:53:41.278+0000] {logging_mixin.py:188} INFO - [2024-08-09T01:53:41.277+0000] {dagbag.py:545} INFO - Filling up the DagBag from /home/airflow/.local/lib/python3.12/site-packages/airflow/example_dags/example_task_group_decorator.py
[2024-08-09T01:53:41.323+0000] {processor.py:840} INFO - DAG(s) 'example_task_group_decorator' retrieved from /home/airflow/.local/lib/python3.12/site-packages/airflow/example_dags/example_task_group_decorator.py
[2024-08-09T01:53:41.456+0000] {logging_mixin.py:188} INFO - [2024-08-09T01:53:41.454+0000] {dag.py:3089} INFO - Sync 1 DAGs
[2024-08-09T01:53:41.511+0000] {logging_mixin.py:188} INFO - [2024-08-09T01:53:41.511+0000] {dag.py:3947} INFO - Setting next_dagrun for example_task_group_decorator to 2024-08-08 00:00:00+00:00, run_after=2024-08-09 00:00:00+00:00
[2024-08-09T01:53:41.549+0000] {processor.py:183} INFO - Processing /home/airflow/.local/lib/python3.12/site-packages/airflow/example_dags/example_task_group_decorator.py took 0.312 seconds
[2024-08-09T01:54:15.803+0000] {processor.py:161} INFO - Started process (PID=2262) to work on /home/airflow/.local/lib/python3.12/site-packages/airflow/example_dags/example_task_group_decorator.py
[2024-08-09T01:54:15.806+0000] {processor.py:830} INFO - Processing file /home/airflow/.local/lib/python3.12/site-packages/airflow/example_dags/example_task_group_decorator.py for tasks to queue
[2024-08-09T01:54:15.812+0000] {logging_mixin.py:188} INFO - [2024-08-09T01:54:15.811+0000] {dagbag.py:545} INFO - Filling up the DagBag from /home/airflow/.local/lib/python3.12/site-packages/airflow/example_dags/example_task_group_decorator.py
[2024-08-09T01:54:15.846+0000] {processor.py:840} INFO - DAG(s) 'example_task_group_decorator' retrieved from /home/airflow/.local/lib/python3.12/site-packages/airflow/example_dags/example_task_group_decorator.py
[2024-08-09T01:54:15.975+0000] {logging_mixin.py:188} INFO - [2024-08-09T01:54:15.974+0000] {dag.py:3089} INFO - Sync 1 DAGs
[2024-08-09T01:54:16.068+0000] {logging_mixin.py:188} INFO - [2024-08-09T01:54:16.067+0000] {dag.py:3947} INFO - Setting next_dagrun for example_task_group_decorator to 2024-08-08 00:00:00+00:00, run_after=2024-08-09 00:00:00+00:00
[2024-08-09T01:54:16.119+0000] {processor.py:183} INFO - Processing /home/airflow/.local/lib/python3.12/site-packages/airflow/example_dags/example_task_group_decorator.py took 0.333 seconds
[2024-08-09T01:54:46.509+0000] {processor.py:161} INFO - Started process (PID=2320) to work on /home/airflow/.local/lib/python3.12/site-packages/airflow/example_dags/example_task_group_decorator.py
[2024-08-09T01:54:46.517+0000] {processor.py:830} INFO - Processing file /home/airflow/.local/lib/python3.12/site-packages/airflow/example_dags/example_task_group_decorator.py for tasks to queue
[2024-08-09T01:54:46.524+0000] {logging_mixin.py:188} INFO - [2024-08-09T01:54:46.523+0000] {dagbag.py:545} INFO - Filling up the DagBag from /home/airflow/.local/lib/python3.12/site-packages/airflow/example_dags/example_task_group_decorator.py
[2024-08-09T01:54:46.562+0000] {processor.py:840} INFO - DAG(s) 'example_task_group_decorator' retrieved from /home/airflow/.local/lib/python3.12/site-packages/airflow/example_dags/example_task_group_decorator.py
[2024-08-09T01:54:46.664+0000] {logging_mixin.py:188} INFO - [2024-08-09T01:54:46.664+0000] {dag.py:3089} INFO - Sync 1 DAGs
[2024-08-09T01:54:46.745+0000] {logging_mixin.py:188} INFO - [2024-08-09T01:54:46.745+0000] {dag.py:3947} INFO - Setting next_dagrun for example_task_group_decorator to 2024-08-08 00:00:00+00:00, run_after=2024-08-09 00:00:00+00:00
[2024-08-09T01:54:46.792+0000] {processor.py:183} INFO - Processing /home/airflow/.local/lib/python3.12/site-packages/airflow/example_dags/example_task_group_decorator.py took 0.312 seconds
[2024-08-09T01:55:16.963+0000] {processor.py:161} INFO - Started process (PID=2378) to work on /home/airflow/.local/lib/python3.12/site-packages/airflow/example_dags/example_task_group_decorator.py
[2024-08-09T01:55:16.965+0000] {processor.py:830} INFO - Processing file /home/airflow/.local/lib/python3.12/site-packages/airflow/example_dags/example_task_group_decorator.py for tasks to queue
[2024-08-09T01:55:16.970+0000] {logging_mixin.py:188} INFO - [2024-08-09T01:55:16.969+0000] {dagbag.py:545} INFO - Filling up the DagBag from /home/airflow/.local/lib/python3.12/site-packages/airflow/example_dags/example_task_group_decorator.py
[2024-08-09T01:55:16.995+0000] {processor.py:840} INFO - DAG(s) 'example_task_group_decorator' retrieved from /home/airflow/.local/lib/python3.12/site-packages/airflow/example_dags/example_task_group_decorator.py
[2024-08-09T01:55:17.048+0000] {logging_mixin.py:188} INFO - [2024-08-09T01:55:17.048+0000] {dag.py:3089} INFO - Sync 1 DAGs
[2024-08-09T01:55:17.094+0000] {logging_mixin.py:188} INFO - [2024-08-09T01:55:17.093+0000] {dag.py:3947} INFO - Setting next_dagrun for example_task_group_decorator to 2024-08-08 00:00:00+00:00, run_after=2024-08-09 00:00:00+00:00
[2024-08-09T01:55:17.131+0000] {processor.py:183} INFO - Processing /home/airflow/.local/lib/python3.12/site-packages/airflow/example_dags/example_task_group_decorator.py took 0.193 seconds
[2024-08-09T01:55:47.452+0000] {processor.py:161} INFO - Started process (PID=2436) to work on /home/airflow/.local/lib/python3.12/site-packages/airflow/example_dags/example_task_group_decorator.py
[2024-08-09T01:55:47.455+0000] {processor.py:830} INFO - Processing file /home/airflow/.local/lib/python3.12/site-packages/airflow/example_dags/example_task_group_decorator.py for tasks to queue
[2024-08-09T01:55:47.460+0000] {logging_mixin.py:188} INFO - [2024-08-09T01:55:47.460+0000] {dagbag.py:545} INFO - Filling up the DagBag from /home/airflow/.local/lib/python3.12/site-packages/airflow/example_dags/example_task_group_decorator.py
[2024-08-09T01:55:47.485+0000] {processor.py:840} INFO - DAG(s) 'example_task_group_decorator' retrieved from /home/airflow/.local/lib/python3.12/site-packages/airflow/example_dags/example_task_group_decorator.py
[2024-08-09T01:55:47.542+0000] {logging_mixin.py:188} INFO - [2024-08-09T01:55:47.542+0000] {dag.py:3089} INFO - Sync 1 DAGs
[2024-08-09T01:55:47.585+0000] {logging_mixin.py:188} INFO - [2024-08-09T01:55:47.585+0000] {dag.py:3947} INFO - Setting next_dagrun for example_task_group_decorator to 2024-08-08 00:00:00+00:00, run_after=2024-08-09 00:00:00+00:00
[2024-08-09T01:55:47.618+0000] {processor.py:183} INFO - Processing /home/airflow/.local/lib/python3.12/site-packages/airflow/example_dags/example_task_group_decorator.py took 0.184 seconds
[2024-08-09T01:56:17.881+0000] {processor.py:161} INFO - Started process (PID=2494) to work on /home/airflow/.local/lib/python3.12/site-packages/airflow/example_dags/example_task_group_decorator.py
[2024-08-09T01:56:17.884+0000] {processor.py:830} INFO - Processing file /home/airflow/.local/lib/python3.12/site-packages/airflow/example_dags/example_task_group_decorator.py for tasks to queue
[2024-08-09T01:56:17.888+0000] {logging_mixin.py:188} INFO - [2024-08-09T01:56:17.888+0000] {dagbag.py:545} INFO - Filling up the DagBag from /home/airflow/.local/lib/python3.12/site-packages/airflow/example_dags/example_task_group_decorator.py
[2024-08-09T01:56:17.914+0000] {processor.py:840} INFO - DAG(s) 'example_task_group_decorator' retrieved from /home/airflow/.local/lib/python3.12/site-packages/airflow/example_dags/example_task_group_decorator.py
[2024-08-09T01:56:17.975+0000] {logging_mixin.py:188} INFO - [2024-08-09T01:56:17.975+0000] {dag.py:3089} INFO - Sync 1 DAGs
[2024-08-09T01:56:18.020+0000] {logging_mixin.py:188} INFO - [2024-08-09T01:56:18.020+0000] {dag.py:3947} INFO - Setting next_dagrun for example_task_group_decorator to 2024-08-08 00:00:00+00:00, run_after=2024-08-09 00:00:00+00:00
[2024-08-09T01:56:18.063+0000] {processor.py:183} INFO - Processing /home/airflow/.local/lib/python3.12/site-packages/airflow/example_dags/example_task_group_decorator.py took 0.197 seconds
[2024-08-09T01:56:49.316+0000] {processor.py:161} INFO - Started process (PID=2552) to work on /home/airflow/.local/lib/python3.12/site-packages/airflow/example_dags/example_task_group_decorator.py
[2024-08-09T01:56:49.327+0000] {processor.py:830} INFO - Processing file /home/airflow/.local/lib/python3.12/site-packages/airflow/example_dags/example_task_group_decorator.py for tasks to queue
[2024-08-09T01:56:49.345+0000] {logging_mixin.py:188} INFO - [2024-08-09T01:56:49.343+0000] {dagbag.py:545} INFO - Filling up the DagBag from /home/airflow/.local/lib/python3.12/site-packages/airflow/example_dags/example_task_group_decorator.py
[2024-08-09T01:56:49.446+0000] {processor.py:840} INFO - DAG(s) 'example_task_group_decorator' retrieved from /home/airflow/.local/lib/python3.12/site-packages/airflow/example_dags/example_task_group_decorator.py
[2024-08-09T01:56:49.611+0000] {logging_mixin.py:188} INFO - [2024-08-09T01:56:49.609+0000] {dag.py:3089} INFO - Sync 1 DAGs
[2024-08-09T01:56:49.690+0000] {logging_mixin.py:188} INFO - [2024-08-09T01:56:49.689+0000] {dag.py:3947} INFO - Setting next_dagrun for example_task_group_decorator to 2024-08-08 00:00:00+00:00, run_after=2024-08-09 00:00:00+00:00
[2024-08-09T01:56:49.769+0000] {processor.py:183} INFO - Processing /home/airflow/.local/lib/python3.12/site-packages/airflow/example_dags/example_task_group_decorator.py took 0.528 seconds
[2024-08-09T01:57:20.896+0000] {processor.py:161} INFO - Started process (PID=2610) to work on /home/airflow/.local/lib/python3.12/site-packages/airflow/example_dags/example_task_group_decorator.py
[2024-08-09T01:57:20.906+0000] {processor.py:830} INFO - Processing file /home/airflow/.local/lib/python3.12/site-packages/airflow/example_dags/example_task_group_decorator.py for tasks to queue
[2024-08-09T01:57:20.933+0000] {logging_mixin.py:188} INFO - [2024-08-09T01:57:20.926+0000] {dagbag.py:545} INFO - Filling up the DagBag from /home/airflow/.local/lib/python3.12/site-packages/airflow/example_dags/example_task_group_decorator.py
[2024-08-09T01:57:21.100+0000] {processor.py:840} INFO - DAG(s) 'example_task_group_decorator' retrieved from /home/airflow/.local/lib/python3.12/site-packages/airflow/example_dags/example_task_group_decorator.py
[2024-08-09T01:57:21.298+0000] {logging_mixin.py:188} INFO - [2024-08-09T01:57:21.298+0000] {dag.py:3089} INFO - Sync 1 DAGs
[2024-08-09T01:57:21.550+0000] {logging_mixin.py:188} INFO - [2024-08-09T01:57:21.549+0000] {dag.py:3947} INFO - Setting next_dagrun for example_task_group_decorator to 2024-08-08 00:00:00+00:00, run_after=2024-08-09 00:00:00+00:00
[2024-08-09T01:57:21.732+0000] {processor.py:183} INFO - Processing /home/airflow/.local/lib/python3.12/site-packages/airflow/example_dags/example_task_group_decorator.py took 0.903 seconds
[2024-08-09T01:57:52.117+0000] {processor.py:161} INFO - Started process (PID=2668) to work on /home/airflow/.local/lib/python3.12/site-packages/airflow/example_dags/example_task_group_decorator.py
[2024-08-09T01:57:52.129+0000] {processor.py:830} INFO - Processing file /home/airflow/.local/lib/python3.12/site-packages/airflow/example_dags/example_task_group_decorator.py for tasks to queue
[2024-08-09T01:57:52.139+0000] {logging_mixin.py:188} INFO - [2024-08-09T01:57:52.138+0000] {dagbag.py:545} INFO - Filling up the DagBag from /home/airflow/.local/lib/python3.12/site-packages/airflow/example_dags/example_task_group_decorator.py
[2024-08-09T01:57:52.199+0000] {processor.py:840} INFO - DAG(s) 'example_task_group_decorator' retrieved from /home/airflow/.local/lib/python3.12/site-packages/airflow/example_dags/example_task_group_decorator.py
[2024-08-09T01:57:52.336+0000] {logging_mixin.py:188} INFO - [2024-08-09T01:57:52.334+0000] {dag.py:3089} INFO - Sync 1 DAGs
[2024-08-09T01:57:52.465+0000] {logging_mixin.py:188} INFO - [2024-08-09T01:57:52.465+0000] {dag.py:3947} INFO - Setting next_dagrun for example_task_group_decorator to 2024-08-08 00:00:00+00:00, run_after=2024-08-09 00:00:00+00:00
[2024-08-09T01:57:52.679+0000] {processor.py:183} INFO - Processing /home/airflow/.local/lib/python3.12/site-packages/airflow/example_dags/example_task_group_decorator.py took 0.591 seconds
[2024-08-09T01:58:23.607+0000] {processor.py:161} INFO - Started process (PID=2726) to work on /home/airflow/.local/lib/python3.12/site-packages/airflow/example_dags/example_task_group_decorator.py
[2024-08-09T01:58:23.610+0000] {processor.py:830} INFO - Processing file /home/airflow/.local/lib/python3.12/site-packages/airflow/example_dags/example_task_group_decorator.py for tasks to queue
[2024-08-09T01:58:23.621+0000] {logging_mixin.py:188} INFO - [2024-08-09T01:58:23.617+0000] {dagbag.py:545} INFO - Filling up the DagBag from /home/airflow/.local/lib/python3.12/site-packages/airflow/example_dags/example_task_group_decorator.py
[2024-08-09T01:58:23.673+0000] {processor.py:840} INFO - DAG(s) 'example_task_group_decorator' retrieved from /home/airflow/.local/lib/python3.12/site-packages/airflow/example_dags/example_task_group_decorator.py
[2024-08-09T01:58:23.765+0000] {logging_mixin.py:188} INFO - [2024-08-09T01:58:23.764+0000] {dag.py:3089} INFO - Sync 1 DAGs
[2024-08-09T01:58:23.858+0000] {logging_mixin.py:188} INFO - [2024-08-09T01:58:23.858+0000] {dag.py:3947} INFO - Setting next_dagrun for example_task_group_decorator to 2024-08-08 00:00:00+00:00, run_after=2024-08-09 00:00:00+00:00
[2024-08-09T01:58:23.916+0000] {processor.py:183} INFO - Processing /home/airflow/.local/lib/python3.12/site-packages/airflow/example_dags/example_task_group_decorator.py took 0.350 seconds
[2024-08-09T01:58:54.067+0000] {processor.py:161} INFO - Started process (PID=2784) to work on /home/airflow/.local/lib/python3.12/site-packages/airflow/example_dags/example_task_group_decorator.py
[2024-08-09T01:58:54.071+0000] {processor.py:830} INFO - Processing file /home/airflow/.local/lib/python3.12/site-packages/airflow/example_dags/example_task_group_decorator.py for tasks to queue
[2024-08-09T01:58:54.087+0000] {logging_mixin.py:188} INFO - [2024-08-09T01:58:54.083+0000] {dagbag.py:545} INFO - Filling up the DagBag from /home/airflow/.local/lib/python3.12/site-packages/airflow/example_dags/example_task_group_decorator.py
[2024-08-09T01:58:54.140+0000] {processor.py:840} INFO - DAG(s) 'example_task_group_decorator' retrieved from /home/airflow/.local/lib/python3.12/site-packages/airflow/example_dags/example_task_group_decorator.py
[2024-08-09T01:58:54.277+0000] {logging_mixin.py:188} INFO - [2024-08-09T01:58:54.277+0000] {dag.py:3089} INFO - Sync 1 DAGs
[2024-08-09T01:58:54.421+0000] {logging_mixin.py:188} INFO - [2024-08-09T01:58:54.421+0000] {dag.py:3947} INFO - Setting next_dagrun for example_task_group_decorator to 2024-08-08 00:00:00+00:00, run_after=2024-08-09 00:00:00+00:00
[2024-08-09T01:58:54.502+0000] {processor.py:183} INFO - Processing /home/airflow/.local/lib/python3.12/site-packages/airflow/example_dags/example_task_group_decorator.py took 0.458 seconds
[2024-08-09T01:59:24.943+0000] {processor.py:161} INFO - Started process (PID=2842) to work on /home/airflow/.local/lib/python3.12/site-packages/airflow/example_dags/example_task_group_decorator.py
[2024-08-09T01:59:24.947+0000] {processor.py:830} INFO - Processing file /home/airflow/.local/lib/python3.12/site-packages/airflow/example_dags/example_task_group_decorator.py for tasks to queue
[2024-08-09T01:59:24.954+0000] {logging_mixin.py:188} INFO - [2024-08-09T01:59:24.953+0000] {dagbag.py:545} INFO - Filling up the DagBag from /home/airflow/.local/lib/python3.12/site-packages/airflow/example_dags/example_task_group_decorator.py
[2024-08-09T01:59:25.002+0000] {processor.py:840} INFO - DAG(s) 'example_task_group_decorator' retrieved from /home/airflow/.local/lib/python3.12/site-packages/airflow/example_dags/example_task_group_decorator.py
[2024-08-09T01:59:25.177+0000] {logging_mixin.py:188} INFO - [2024-08-09T01:59:25.176+0000] {dag.py:3089} INFO - Sync 1 DAGs
[2024-08-09T01:59:25.284+0000] {logging_mixin.py:188} INFO - [2024-08-09T01:59:25.282+0000] {dag.py:3947} INFO - Setting next_dagrun for example_task_group_decorator to 2024-08-08 00:00:00+00:00, run_after=2024-08-09 00:00:00+00:00
[2024-08-09T01:59:25.353+0000] {processor.py:183} INFO - Processing /home/airflow/.local/lib/python3.12/site-packages/airflow/example_dags/example_task_group_decorator.py took 0.442 seconds
[2024-08-09T01:59:56.062+0000] {processor.py:161} INFO - Started process (PID=2900) to work on /home/airflow/.local/lib/python3.12/site-packages/airflow/example_dags/example_task_group_decorator.py
[2024-08-09T01:59:56.065+0000] {processor.py:830} INFO - Processing file /home/airflow/.local/lib/python3.12/site-packages/airflow/example_dags/example_task_group_decorator.py for tasks to queue
[2024-08-09T01:59:56.070+0000] {logging_mixin.py:188} INFO - [2024-08-09T01:59:56.069+0000] {dagbag.py:545} INFO - Filling up the DagBag from /home/airflow/.local/lib/python3.12/site-packages/airflow/example_dags/example_task_group_decorator.py
[2024-08-09T01:59:56.102+0000] {processor.py:840} INFO - DAG(s) 'example_task_group_decorator' retrieved from /home/airflow/.local/lib/python3.12/site-packages/airflow/example_dags/example_task_group_decorator.py
[2024-08-09T01:59:56.177+0000] {logging_mixin.py:188} INFO - [2024-08-09T01:59:56.176+0000] {dag.py:3089} INFO - Sync 1 DAGs
[2024-08-09T01:59:56.240+0000] {logging_mixin.py:188} INFO - [2024-08-09T01:59:56.239+0000] {dag.py:3947} INFO - Setting next_dagrun for example_task_group_decorator to 2024-08-08 00:00:00+00:00, run_after=2024-08-09 00:00:00+00:00
[2024-08-09T01:59:56.309+0000] {processor.py:183} INFO - Processing /home/airflow/.local/lib/python3.12/site-packages/airflow/example_dags/example_task_group_decorator.py took 0.261 seconds
[2024-08-09T02:00:26.956+0000] {processor.py:161} INFO - Started process (PID=2957) to work on /home/airflow/.local/lib/python3.12/site-packages/airflow/example_dags/example_task_group_decorator.py
[2024-08-09T02:00:26.959+0000] {processor.py:830} INFO - Processing file /home/airflow/.local/lib/python3.12/site-packages/airflow/example_dags/example_task_group_decorator.py for tasks to queue
[2024-08-09T02:00:26.968+0000] {logging_mixin.py:188} INFO - [2024-08-09T02:00:26.967+0000] {dagbag.py:545} INFO - Filling up the DagBag from /home/airflow/.local/lib/python3.12/site-packages/airflow/example_dags/example_task_group_decorator.py
[2024-08-09T02:00:27.031+0000] {processor.py:840} INFO - DAG(s) 'example_task_group_decorator' retrieved from /home/airflow/.local/lib/python3.12/site-packages/airflow/example_dags/example_task_group_decorator.py
[2024-08-09T02:00:27.166+0000] {logging_mixin.py:188} INFO - [2024-08-09T02:00:27.166+0000] {dag.py:3089} INFO - Sync 1 DAGs
[2024-08-09T02:00:27.283+0000] {logging_mixin.py:188} INFO - [2024-08-09T02:00:27.282+0000] {dag.py:3947} INFO - Setting next_dagrun for example_task_group_decorator to 2024-08-08 00:00:00+00:00, run_after=2024-08-09 00:00:00+00:00
[2024-08-09T02:00:27.361+0000] {processor.py:183} INFO - Processing /home/airflow/.local/lib/python3.12/site-packages/airflow/example_dags/example_task_group_decorator.py took 0.428 seconds
[2024-08-09T02:00:57.922+0000] {processor.py:161} INFO - Started process (PID=3021) to work on /home/airflow/.local/lib/python3.12/site-packages/airflow/example_dags/example_task_group_decorator.py
[2024-08-09T02:00:57.928+0000] {processor.py:830} INFO - Processing file /home/airflow/.local/lib/python3.12/site-packages/airflow/example_dags/example_task_group_decorator.py for tasks to queue
[2024-08-09T02:00:57.936+0000] {logging_mixin.py:188} INFO - [2024-08-09T02:00:57.935+0000] {dagbag.py:545} INFO - Filling up the DagBag from /home/airflow/.local/lib/python3.12/site-packages/airflow/example_dags/example_task_group_decorator.py
[2024-08-09T02:00:57.969+0000] {processor.py:840} INFO - DAG(s) 'example_task_group_decorator' retrieved from /home/airflow/.local/lib/python3.12/site-packages/airflow/example_dags/example_task_group_decorator.py
[2024-08-09T02:00:58.052+0000] {logging_mixin.py:188} INFO - [2024-08-09T02:00:58.052+0000] {dag.py:3089} INFO - Sync 1 DAGs
[2024-08-09T02:00:58.108+0000] {logging_mixin.py:188} INFO - [2024-08-09T02:00:58.107+0000] {dag.py:3947} INFO - Setting next_dagrun for example_task_group_decorator to 2024-08-08 00:00:00+00:00, run_after=2024-08-09 00:00:00+00:00
[2024-08-09T02:00:58.150+0000] {processor.py:183} INFO - Processing /home/airflow/.local/lib/python3.12/site-packages/airflow/example_dags/example_task_group_decorator.py took 0.260 seconds
[2024-08-09T02:01:28.547+0000] {processor.py:161} INFO - Started process (PID=3079) to work on /home/airflow/.local/lib/python3.12/site-packages/airflow/example_dags/example_task_group_decorator.py
[2024-08-09T02:01:28.552+0000] {processor.py:830} INFO - Processing file /home/airflow/.local/lib/python3.12/site-packages/airflow/example_dags/example_task_group_decorator.py for tasks to queue
[2024-08-09T02:01:28.565+0000] {logging_mixin.py:188} INFO - [2024-08-09T02:01:28.562+0000] {dagbag.py:545} INFO - Filling up the DagBag from /home/airflow/.local/lib/python3.12/site-packages/airflow/example_dags/example_task_group_decorator.py
[2024-08-09T02:01:28.621+0000] {processor.py:840} INFO - DAG(s) 'example_task_group_decorator' retrieved from /home/airflow/.local/lib/python3.12/site-packages/airflow/example_dags/example_task_group_decorator.py
[2024-08-09T02:01:28.720+0000] {logging_mixin.py:188} INFO - [2024-08-09T02:01:28.718+0000] {dag.py:3089} INFO - Sync 1 DAGs
[2024-08-09T02:01:28.781+0000] {logging_mixin.py:188} INFO - [2024-08-09T02:01:28.781+0000] {dag.py:3947} INFO - Setting next_dagrun for example_task_group_decorator to 2024-08-08 00:00:00+00:00, run_after=2024-08-09 00:00:00+00:00
[2024-08-09T02:01:28.850+0000] {processor.py:183} INFO - Processing /home/airflow/.local/lib/python3.12/site-packages/airflow/example_dags/example_task_group_decorator.py took 0.326 seconds
[2024-08-09T02:01:59.159+0000] {processor.py:161} INFO - Started process (PID=3137) to work on /home/airflow/.local/lib/python3.12/site-packages/airflow/example_dags/example_task_group_decorator.py
[2024-08-09T02:01:59.161+0000] {processor.py:830} INFO - Processing file /home/airflow/.local/lib/python3.12/site-packages/airflow/example_dags/example_task_group_decorator.py for tasks to queue
[2024-08-09T02:01:59.167+0000] {logging_mixin.py:188} INFO - [2024-08-09T02:01:59.166+0000] {dagbag.py:545} INFO - Filling up the DagBag from /home/airflow/.local/lib/python3.12/site-packages/airflow/example_dags/example_task_group_decorator.py
[2024-08-09T02:01:59.217+0000] {processor.py:840} INFO - DAG(s) 'example_task_group_decorator' retrieved from /home/airflow/.local/lib/python3.12/site-packages/airflow/example_dags/example_task_group_decorator.py
[2024-08-09T02:01:59.296+0000] {logging_mixin.py:188} INFO - [2024-08-09T02:01:59.295+0000] {dag.py:3089} INFO - Sync 1 DAGs
[2024-08-09T02:01:59.333+0000] {logging_mixin.py:188} INFO - [2024-08-09T02:01:59.333+0000] {dag.py:3947} INFO - Setting next_dagrun for example_task_group_decorator to 2024-08-08 00:00:00+00:00, run_after=2024-08-09 00:00:00+00:00
[2024-08-09T02:01:59.369+0000] {processor.py:183} INFO - Processing /home/airflow/.local/lib/python3.12/site-packages/airflow/example_dags/example_task_group_decorator.py took 0.240 seconds
[2024-08-09T02:02:29.534+0000] {processor.py:161} INFO - Started process (PID=3195) to work on /home/airflow/.local/lib/python3.12/site-packages/airflow/example_dags/example_task_group_decorator.py
[2024-08-09T02:02:29.537+0000] {processor.py:830} INFO - Processing file /home/airflow/.local/lib/python3.12/site-packages/airflow/example_dags/example_task_group_decorator.py for tasks to queue
[2024-08-09T02:02:29.541+0000] {logging_mixin.py:188} INFO - [2024-08-09T02:02:29.540+0000] {dagbag.py:545} INFO - Filling up the DagBag from /home/airflow/.local/lib/python3.12/site-packages/airflow/example_dags/example_task_group_decorator.py
[2024-08-09T02:02:29.575+0000] {processor.py:840} INFO - DAG(s) 'example_task_group_decorator' retrieved from /home/airflow/.local/lib/python3.12/site-packages/airflow/example_dags/example_task_group_decorator.py
[2024-08-09T02:02:29.631+0000] {logging_mixin.py:188} INFO - [2024-08-09T02:02:29.631+0000] {dag.py:3089} INFO - Sync 1 DAGs
[2024-08-09T02:02:29.668+0000] {logging_mixin.py:188} INFO - [2024-08-09T02:02:29.668+0000] {dag.py:3947} INFO - Setting next_dagrun for example_task_group_decorator to 2024-08-08 00:00:00+00:00, run_after=2024-08-09 00:00:00+00:00
[2024-08-09T02:02:29.709+0000] {processor.py:183} INFO - Processing /home/airflow/.local/lib/python3.12/site-packages/airflow/example_dags/example_task_group_decorator.py took 0.191 seconds
[2024-08-09T02:03:00.365+0000] {processor.py:161} INFO - Started process (PID=3253) to work on /home/airflow/.local/lib/python3.12/site-packages/airflow/example_dags/example_task_group_decorator.py
[2024-08-09T02:03:00.368+0000] {processor.py:830} INFO - Processing file /home/airflow/.local/lib/python3.12/site-packages/airflow/example_dags/example_task_group_decorator.py for tasks to queue
[2024-08-09T02:03:00.373+0000] {logging_mixin.py:188} INFO - [2024-08-09T02:03:00.372+0000] {dagbag.py:545} INFO - Filling up the DagBag from /home/airflow/.local/lib/python3.12/site-packages/airflow/example_dags/example_task_group_decorator.py
[2024-08-09T02:03:00.402+0000] {processor.py:840} INFO - DAG(s) 'example_task_group_decorator' retrieved from /home/airflow/.local/lib/python3.12/site-packages/airflow/example_dags/example_task_group_decorator.py
[2024-08-09T02:03:00.468+0000] {logging_mixin.py:188} INFO - [2024-08-09T02:03:00.467+0000] {dag.py:3089} INFO - Sync 1 DAGs
[2024-08-09T02:03:00.511+0000] {logging_mixin.py:188} INFO - [2024-08-09T02:03:00.511+0000] {dag.py:3947} INFO - Setting next_dagrun for example_task_group_decorator to 2024-08-08 00:00:00+00:00, run_after=2024-08-09 00:00:00+00:00
[2024-08-09T02:03:00.551+0000] {processor.py:183} INFO - Processing /home/airflow/.local/lib/python3.12/site-packages/airflow/example_dags/example_task_group_decorator.py took 0.204 seconds
[2024-08-09T02:03:31.288+0000] {processor.py:161} INFO - Started process (PID=3310) to work on /home/airflow/.local/lib/python3.12/site-packages/airflow/example_dags/example_task_group_decorator.py
[2024-08-09T02:03:31.291+0000] {processor.py:830} INFO - Processing file /home/airflow/.local/lib/python3.12/site-packages/airflow/example_dags/example_task_group_decorator.py for tasks to queue
[2024-08-09T02:03:31.296+0000] {logging_mixin.py:188} INFO - [2024-08-09T02:03:31.295+0000] {dagbag.py:545} INFO - Filling up the DagBag from /home/airflow/.local/lib/python3.12/site-packages/airflow/example_dags/example_task_group_decorator.py
[2024-08-09T02:03:31.323+0000] {processor.py:840} INFO - DAG(s) 'example_task_group_decorator' retrieved from /home/airflow/.local/lib/python3.12/site-packages/airflow/example_dags/example_task_group_decorator.py
[2024-08-09T02:03:31.387+0000] {logging_mixin.py:188} INFO - [2024-08-09T02:03:31.387+0000] {dag.py:3089} INFO - Sync 1 DAGs
[2024-08-09T02:03:31.427+0000] {logging_mixin.py:188} INFO - [2024-08-09T02:03:31.426+0000] {dag.py:3947} INFO - Setting next_dagrun for example_task_group_decorator to 2024-08-08 00:00:00+00:00, run_after=2024-08-09 00:00:00+00:00
[2024-08-09T02:03:31.461+0000] {processor.py:183} INFO - Processing /home/airflow/.local/lib/python3.12/site-packages/airflow/example_dags/example_task_group_decorator.py took 0.192 seconds
[2024-08-09T02:04:02.081+0000] {processor.py:161} INFO - Started process (PID=3368) to work on /home/airflow/.local/lib/python3.12/site-packages/airflow/example_dags/example_task_group_decorator.py
[2024-08-09T02:04:02.084+0000] {processor.py:830} INFO - Processing file /home/airflow/.local/lib/python3.12/site-packages/airflow/example_dags/example_task_group_decorator.py for tasks to queue
[2024-08-09T02:04:02.092+0000] {logging_mixin.py:188} INFO - [2024-08-09T02:04:02.089+0000] {dagbag.py:545} INFO - Filling up the DagBag from /home/airflow/.local/lib/python3.12/site-packages/airflow/example_dags/example_task_group_decorator.py
[2024-08-09T02:04:02.135+0000] {processor.py:840} INFO - DAG(s) 'example_task_group_decorator' retrieved from /home/airflow/.local/lib/python3.12/site-packages/airflow/example_dags/example_task_group_decorator.py
[2024-08-09T02:04:02.250+0000] {logging_mixin.py:188} INFO - [2024-08-09T02:04:02.249+0000] {dag.py:3089} INFO - Sync 1 DAGs
[2024-08-09T02:04:02.345+0000] {logging_mixin.py:188} INFO - [2024-08-09T02:04:02.344+0000] {dag.py:3947} INFO - Setting next_dagrun for example_task_group_decorator to 2024-08-08 00:00:00+00:00, run_after=2024-08-09 00:00:00+00:00
[2024-08-09T02:04:02.386+0000] {processor.py:183} INFO - Processing /home/airflow/.local/lib/python3.12/site-packages/airflow/example_dags/example_task_group_decorator.py took 0.324 seconds
[2024-08-09T02:04:32.698+0000] {processor.py:161} INFO - Started process (PID=3426) to work on /home/airflow/.local/lib/python3.12/site-packages/airflow/example_dags/example_task_group_decorator.py
[2024-08-09T02:04:32.702+0000] {processor.py:830} INFO - Processing file /home/airflow/.local/lib/python3.12/site-packages/airflow/example_dags/example_task_group_decorator.py for tasks to queue
[2024-08-09T02:04:32.708+0000] {logging_mixin.py:188} INFO - [2024-08-09T02:04:32.707+0000] {dagbag.py:545} INFO - Filling up the DagBag from /home/airflow/.local/lib/python3.12/site-packages/airflow/example_dags/example_task_group_decorator.py
[2024-08-09T02:04:32.745+0000] {processor.py:840} INFO - DAG(s) 'example_task_group_decorator' retrieved from /home/airflow/.local/lib/python3.12/site-packages/airflow/example_dags/example_task_group_decorator.py
[2024-08-09T02:04:32.854+0000] {logging_mixin.py:188} INFO - [2024-08-09T02:04:32.852+0000] {dag.py:3089} INFO - Sync 1 DAGs
[2024-08-09T02:04:32.953+0000] {logging_mixin.py:188} INFO - [2024-08-09T02:04:32.952+0000] {dag.py:3947} INFO - Setting next_dagrun for example_task_group_decorator to 2024-08-08 00:00:00+00:00, run_after=2024-08-09 00:00:00+00:00
[2024-08-09T02:04:33.001+0000] {processor.py:183} INFO - Processing /home/airflow/.local/lib/python3.12/site-packages/airflow/example_dags/example_task_group_decorator.py took 0.327 seconds
[2024-08-09T02:05:03.516+0000] {processor.py:161} INFO - Started process (PID=3484) to work on /home/airflow/.local/lib/python3.12/site-packages/airflow/example_dags/example_task_group_decorator.py
[2024-08-09T02:05:03.519+0000] {processor.py:830} INFO - Processing file /home/airflow/.local/lib/python3.12/site-packages/airflow/example_dags/example_task_group_decorator.py for tasks to queue
[2024-08-09T02:05:03.524+0000] {logging_mixin.py:188} INFO - [2024-08-09T02:05:03.523+0000] {dagbag.py:545} INFO - Filling up the DagBag from /home/airflow/.local/lib/python3.12/site-packages/airflow/example_dags/example_task_group_decorator.py
[2024-08-09T02:05:03.550+0000] {processor.py:840} INFO - DAG(s) 'example_task_group_decorator' retrieved from /home/airflow/.local/lib/python3.12/site-packages/airflow/example_dags/example_task_group_decorator.py
[2024-08-09T02:05:03.606+0000] {logging_mixin.py:188} INFO - [2024-08-09T02:05:03.606+0000] {dag.py:3089} INFO - Sync 1 DAGs
[2024-08-09T02:05:03.647+0000] {logging_mixin.py:188} INFO - [2024-08-09T02:05:03.647+0000] {dag.py:3947} INFO - Setting next_dagrun for example_task_group_decorator to 2024-08-08 00:00:00+00:00, run_after=2024-08-09 00:00:00+00:00
[2024-08-09T02:05:03.683+0000] {processor.py:183} INFO - Processing /home/airflow/.local/lib/python3.12/site-packages/airflow/example_dags/example_task_group_decorator.py took 0.180 seconds
[2024-08-09T02:05:34.159+0000] {processor.py:161} INFO - Started process (PID=3542) to work on /home/airflow/.local/lib/python3.12/site-packages/airflow/example_dags/example_task_group_decorator.py
[2024-08-09T02:05:34.165+0000] {processor.py:830} INFO - Processing file /home/airflow/.local/lib/python3.12/site-packages/airflow/example_dags/example_task_group_decorator.py for tasks to queue
[2024-08-09T02:05:34.180+0000] {logging_mixin.py:188} INFO - [2024-08-09T02:05:34.179+0000] {dagbag.py:545} INFO - Filling up the DagBag from /home/airflow/.local/lib/python3.12/site-packages/airflow/example_dags/example_task_group_decorator.py
[2024-08-09T02:05:34.236+0000] {processor.py:840} INFO - DAG(s) 'example_task_group_decorator' retrieved from /home/airflow/.local/lib/python3.12/site-packages/airflow/example_dags/example_task_group_decorator.py
[2024-08-09T02:05:34.340+0000] {logging_mixin.py:188} INFO - [2024-08-09T02:05:34.339+0000] {dag.py:3089} INFO - Sync 1 DAGs
[2024-08-09T02:05:34.442+0000] {logging_mixin.py:188} INFO - [2024-08-09T02:05:34.440+0000] {dag.py:3947} INFO - Setting next_dagrun for example_task_group_decorator to 2024-08-08 00:00:00+00:00, run_after=2024-08-09 00:00:00+00:00
[2024-08-09T02:05:34.527+0000] {processor.py:183} INFO - Processing /home/airflow/.local/lib/python3.12/site-packages/airflow/example_dags/example_task_group_decorator.py took 0.416 seconds
[2024-08-09T02:06:04.956+0000] {processor.py:161} INFO - Started process (PID=3600) to work on /home/airflow/.local/lib/python3.12/site-packages/airflow/example_dags/example_task_group_decorator.py
[2024-08-09T02:06:04.959+0000] {processor.py:830} INFO - Processing file /home/airflow/.local/lib/python3.12/site-packages/airflow/example_dags/example_task_group_decorator.py for tasks to queue
[2024-08-09T02:06:04.964+0000] {logging_mixin.py:188} INFO - [2024-08-09T02:06:04.963+0000] {dagbag.py:545} INFO - Filling up the DagBag from /home/airflow/.local/lib/python3.12/site-packages/airflow/example_dags/example_task_group_decorator.py
[2024-08-09T02:06:05.018+0000] {processor.py:840} INFO - DAG(s) 'example_task_group_decorator' retrieved from /home/airflow/.local/lib/python3.12/site-packages/airflow/example_dags/example_task_group_decorator.py
[2024-08-09T02:06:05.133+0000] {logging_mixin.py:188} INFO - [2024-08-09T02:06:05.133+0000] {dag.py:3089} INFO - Sync 1 DAGs
[2024-08-09T02:06:05.205+0000] {logging_mixin.py:188} INFO - [2024-08-09T02:06:05.205+0000] {dag.py:3947} INFO - Setting next_dagrun for example_task_group_decorator to 2024-08-08 00:00:00+00:00, run_after=2024-08-09 00:00:00+00:00
[2024-08-09T02:06:05.285+0000] {processor.py:183} INFO - Processing /home/airflow/.local/lib/python3.12/site-packages/airflow/example_dags/example_task_group_decorator.py took 0.370 seconds
[2024-08-09T02:06:35.744+0000] {processor.py:161} INFO - Started process (PID=3658) to work on /home/airflow/.local/lib/python3.12/site-packages/airflow/example_dags/example_task_group_decorator.py
[2024-08-09T02:06:35.751+0000] {processor.py:830} INFO - Processing file /home/airflow/.local/lib/python3.12/site-packages/airflow/example_dags/example_task_group_decorator.py for tasks to queue
[2024-08-09T02:06:35.766+0000] {logging_mixin.py:188} INFO - [2024-08-09T02:06:35.762+0000] {dagbag.py:545} INFO - Filling up the DagBag from /home/airflow/.local/lib/python3.12/site-packages/airflow/example_dags/example_task_group_decorator.py
[2024-08-09T02:06:35.831+0000] {processor.py:840} INFO - DAG(s) 'example_task_group_decorator' retrieved from /home/airflow/.local/lib/python3.12/site-packages/airflow/example_dags/example_task_group_decorator.py
[2024-08-09T02:06:35.950+0000] {logging_mixin.py:188} INFO - [2024-08-09T02:06:35.949+0000] {dag.py:3089} INFO - Sync 1 DAGs
[2024-08-09T02:06:36.028+0000] {logging_mixin.py:188} INFO - [2024-08-09T02:06:36.028+0000] {dag.py:3947} INFO - Setting next_dagrun for example_task_group_decorator to 2024-08-08 00:00:00+00:00, run_after=2024-08-09 00:00:00+00:00
[2024-08-09T02:06:36.161+0000] {processor.py:183} INFO - Processing /home/airflow/.local/lib/python3.12/site-packages/airflow/example_dags/example_task_group_decorator.py took 0.452 seconds
[2024-08-09T02:07:06.480+0000] {processor.py:161} INFO - Started process (PID=3713) to work on /home/airflow/.local/lib/python3.12/site-packages/airflow/example_dags/example_task_group_decorator.py
[2024-08-09T02:07:06.483+0000] {processor.py:830} INFO - Processing file /home/airflow/.local/lib/python3.12/site-packages/airflow/example_dags/example_task_group_decorator.py for tasks to queue
[2024-08-09T02:07:06.489+0000] {logging_mixin.py:188} INFO - [2024-08-09T02:07:06.488+0000] {dagbag.py:545} INFO - Filling up the DagBag from /home/airflow/.local/lib/python3.12/site-packages/airflow/example_dags/example_task_group_decorator.py
[2024-08-09T02:07:06.518+0000] {processor.py:840} INFO - DAG(s) 'example_task_group_decorator' retrieved from /home/airflow/.local/lib/python3.12/site-packages/airflow/example_dags/example_task_group_decorator.py
[2024-08-09T02:07:06.582+0000] {logging_mixin.py:188} INFO - [2024-08-09T02:07:06.582+0000] {dag.py:3089} INFO - Sync 1 DAGs
[2024-08-09T02:07:06.619+0000] {logging_mixin.py:188} INFO - [2024-08-09T02:07:06.619+0000] {dag.py:3947} INFO - Setting next_dagrun for example_task_group_decorator to 2024-08-08 00:00:00+00:00, run_after=2024-08-09 00:00:00+00:00
[2024-08-09T02:07:06.652+0000] {processor.py:183} INFO - Processing /home/airflow/.local/lib/python3.12/site-packages/airflow/example_dags/example_task_group_decorator.py took 0.187 seconds
[2024-08-09T02:07:37.003+0000] {processor.py:161} INFO - Started process (PID=3770) to work on /home/airflow/.local/lib/python3.12/site-packages/airflow/example_dags/example_task_group_decorator.py
[2024-08-09T02:07:37.006+0000] {processor.py:830} INFO - Processing file /home/airflow/.local/lib/python3.12/site-packages/airflow/example_dags/example_task_group_decorator.py for tasks to queue
[2024-08-09T02:07:37.020+0000] {logging_mixin.py:188} INFO - [2024-08-09T02:07:37.019+0000] {dagbag.py:545} INFO - Filling up the DagBag from /home/airflow/.local/lib/python3.12/site-packages/airflow/example_dags/example_task_group_decorator.py
[2024-08-09T02:07:37.063+0000] {processor.py:840} INFO - DAG(s) 'example_task_group_decorator' retrieved from /home/airflow/.local/lib/python3.12/site-packages/airflow/example_dags/example_task_group_decorator.py
[2024-08-09T02:07:37.173+0000] {logging_mixin.py:188} INFO - [2024-08-09T02:07:37.173+0000] {dag.py:3089} INFO - Sync 1 DAGs
[2024-08-09T02:07:37.226+0000] {logging_mixin.py:188} INFO - [2024-08-09T02:07:37.226+0000] {dag.py:3947} INFO - Setting next_dagrun for example_task_group_decorator to 2024-08-08 00:00:00+00:00, run_after=2024-08-09 00:00:00+00:00
[2024-08-09T02:07:37.263+0000] {processor.py:183} INFO - Processing /home/airflow/.local/lib/python3.12/site-packages/airflow/example_dags/example_task_group_decorator.py took 0.299 seconds
[2024-08-09T02:08:07.360+0000] {processor.py:161} INFO - Started process (PID=3828) to work on /home/airflow/.local/lib/python3.12/site-packages/airflow/example_dags/example_task_group_decorator.py
[2024-08-09T02:08:07.361+0000] {processor.py:830} INFO - Processing file /home/airflow/.local/lib/python3.12/site-packages/airflow/example_dags/example_task_group_decorator.py for tasks to queue
[2024-08-09T02:08:07.366+0000] {logging_mixin.py:188} INFO - [2024-08-09T02:08:07.365+0000] {dagbag.py:545} INFO - Filling up the DagBag from /home/airflow/.local/lib/python3.12/site-packages/airflow/example_dags/example_task_group_decorator.py
[2024-08-09T02:08:07.392+0000] {processor.py:840} INFO - DAG(s) 'example_task_group_decorator' retrieved from /home/airflow/.local/lib/python3.12/site-packages/airflow/example_dags/example_task_group_decorator.py
[2024-08-09T02:08:07.451+0000] {logging_mixin.py:188} INFO - [2024-08-09T02:08:07.451+0000] {dag.py:3089} INFO - Sync 1 DAGs
[2024-08-09T02:08:07.492+0000] {logging_mixin.py:188} INFO - [2024-08-09T02:08:07.492+0000] {dag.py:3947} INFO - Setting next_dagrun for example_task_group_decorator to 2024-08-08 00:00:00+00:00, run_after=2024-08-09 00:00:00+00:00
[2024-08-09T02:08:07.532+0000] {processor.py:183} INFO - Processing /home/airflow/.local/lib/python3.12/site-packages/airflow/example_dags/example_task_group_decorator.py took 0.189 seconds
[2024-08-09T02:08:38.163+0000] {processor.py:161} INFO - Started process (PID=3886) to work on /home/airflow/.local/lib/python3.12/site-packages/airflow/example_dags/example_task_group_decorator.py
[2024-08-09T02:08:38.166+0000] {processor.py:830} INFO - Processing file /home/airflow/.local/lib/python3.12/site-packages/airflow/example_dags/example_task_group_decorator.py for tasks to queue
[2024-08-09T02:08:38.172+0000] {logging_mixin.py:188} INFO - [2024-08-09T02:08:38.171+0000] {dagbag.py:545} INFO - Filling up the DagBag from /home/airflow/.local/lib/python3.12/site-packages/airflow/example_dags/example_task_group_decorator.py
[2024-08-09T02:08:38.209+0000] {processor.py:840} INFO - DAG(s) 'example_task_group_decorator' retrieved from /home/airflow/.local/lib/python3.12/site-packages/airflow/example_dags/example_task_group_decorator.py
[2024-08-09T02:08:38.271+0000] {logging_mixin.py:188} INFO - [2024-08-09T02:08:38.271+0000] {dag.py:3089} INFO - Sync 1 DAGs
[2024-08-09T02:08:38.321+0000] {logging_mixin.py:188} INFO - [2024-08-09T02:08:38.320+0000] {dag.py:3947} INFO - Setting next_dagrun for example_task_group_decorator to 2024-08-08 00:00:00+00:00, run_after=2024-08-09 00:00:00+00:00
[2024-08-09T02:08:38.377+0000] {processor.py:183} INFO - Processing /home/airflow/.local/lib/python3.12/site-packages/airflow/example_dags/example_task_group_decorator.py took 0.233 seconds
[2024-08-09T02:09:08.548+0000] {processor.py:161} INFO - Started process (PID=3944) to work on /home/airflow/.local/lib/python3.12/site-packages/airflow/example_dags/example_task_group_decorator.py
[2024-08-09T02:09:08.550+0000] {processor.py:830} INFO - Processing file /home/airflow/.local/lib/python3.12/site-packages/airflow/example_dags/example_task_group_decorator.py for tasks to queue
[2024-08-09T02:09:08.554+0000] {logging_mixin.py:188} INFO - [2024-08-09T02:09:08.553+0000] {dagbag.py:545} INFO - Filling up the DagBag from /home/airflow/.local/lib/python3.12/site-packages/airflow/example_dags/example_task_group_decorator.py
[2024-08-09T02:09:08.577+0000] {processor.py:840} INFO - DAG(s) 'example_task_group_decorator' retrieved from /home/airflow/.local/lib/python3.12/site-packages/airflow/example_dags/example_task_group_decorator.py
[2024-08-09T02:09:08.638+0000] {logging_mixin.py:188} INFO - [2024-08-09T02:09:08.637+0000] {dag.py:3089} INFO - Sync 1 DAGs
[2024-08-09T02:09:08.675+0000] {logging_mixin.py:188} INFO - [2024-08-09T02:09:08.674+0000] {dag.py:3947} INFO - Setting next_dagrun for example_task_group_decorator to 2024-08-08 00:00:00+00:00, run_after=2024-08-09 00:00:00+00:00
[2024-08-09T02:09:08.710+0000] {processor.py:183} INFO - Processing /home/airflow/.local/lib/python3.12/site-packages/airflow/example_dags/example_task_group_decorator.py took 0.176 seconds
[2024-08-09T02:09:39.811+0000] {processor.py:161} INFO - Started process (PID=4002) to work on /home/airflow/.local/lib/python3.12/site-packages/airflow/example_dags/example_task_group_decorator.py
[2024-08-09T02:09:39.815+0000] {processor.py:830} INFO - Processing file /home/airflow/.local/lib/python3.12/site-packages/airflow/example_dags/example_task_group_decorator.py for tasks to queue
[2024-08-09T02:09:39.821+0000] {logging_mixin.py:188} INFO - [2024-08-09T02:09:39.820+0000] {dagbag.py:545} INFO - Filling up the DagBag from /home/airflow/.local/lib/python3.12/site-packages/airflow/example_dags/example_task_group_decorator.py
[2024-08-09T02:09:39.853+0000] {processor.py:840} INFO - DAG(s) 'example_task_group_decorator' retrieved from /home/airflow/.local/lib/python3.12/site-packages/airflow/example_dags/example_task_group_decorator.py
[2024-08-09T02:09:39.916+0000] {logging_mixin.py:188} INFO - [2024-08-09T02:09:39.915+0000] {dag.py:3089} INFO - Sync 1 DAGs
[2024-08-09T02:09:39.963+0000] {logging_mixin.py:188} INFO - [2024-08-09T02:09:39.963+0000] {dag.py:3947} INFO - Setting next_dagrun for example_task_group_decorator to 2024-08-08 00:00:00+00:00, run_after=2024-08-09 00:00:00+00:00
[2024-08-09T02:09:40.002+0000] {processor.py:183} INFO - Processing /home/airflow/.local/lib/python3.12/site-packages/airflow/example_dags/example_task_group_decorator.py took 0.209 seconds
[2024-08-09T02:10:10.387+0000] {processor.py:161} INFO - Started process (PID=4060) to work on /home/airflow/.local/lib/python3.12/site-packages/airflow/example_dags/example_task_group_decorator.py
[2024-08-09T02:10:10.389+0000] {processor.py:830} INFO - Processing file /home/airflow/.local/lib/python3.12/site-packages/airflow/example_dags/example_task_group_decorator.py for tasks to queue
[2024-08-09T02:10:10.396+0000] {logging_mixin.py:188} INFO - [2024-08-09T02:10:10.395+0000] {dagbag.py:545} INFO - Filling up the DagBag from /home/airflow/.local/lib/python3.12/site-packages/airflow/example_dags/example_task_group_decorator.py
[2024-08-09T02:10:10.474+0000] {processor.py:840} INFO - DAG(s) 'example_task_group_decorator' retrieved from /home/airflow/.local/lib/python3.12/site-packages/airflow/example_dags/example_task_group_decorator.py
[2024-08-09T02:10:10.640+0000] {logging_mixin.py:188} INFO - [2024-08-09T02:10:10.639+0000] {dag.py:3089} INFO - Sync 1 DAGs
[2024-08-09T02:10:10.801+0000] {logging_mixin.py:188} INFO - [2024-08-09T02:10:10.801+0000] {dag.py:3947} INFO - Setting next_dagrun for example_task_group_decorator to 2024-08-08 00:00:00+00:00, run_after=2024-08-09 00:00:00+00:00
[2024-08-09T02:10:10.964+0000] {processor.py:183} INFO - Processing /home/airflow/.local/lib/python3.12/site-packages/airflow/example_dags/example_task_group_decorator.py took 0.612 seconds
[2024-08-09T02:10:41.692+0000] {processor.py:161} INFO - Started process (PID=4117) to work on /home/airflow/.local/lib/python3.12/site-packages/airflow/example_dags/example_task_group_decorator.py
[2024-08-09T02:10:41.696+0000] {processor.py:830} INFO - Processing file /home/airflow/.local/lib/python3.12/site-packages/airflow/example_dags/example_task_group_decorator.py for tasks to queue
[2024-08-09T02:10:41.701+0000] {logging_mixin.py:188} INFO - [2024-08-09T02:10:41.701+0000] {dagbag.py:545} INFO - Filling up the DagBag from /home/airflow/.local/lib/python3.12/site-packages/airflow/example_dags/example_task_group_decorator.py
[2024-08-09T02:10:41.738+0000] {processor.py:840} INFO - DAG(s) 'example_task_group_decorator' retrieved from /home/airflow/.local/lib/python3.12/site-packages/airflow/example_dags/example_task_group_decorator.py
[2024-08-09T02:10:41.875+0000] {logging_mixin.py:188} INFO - [2024-08-09T02:10:41.873+0000] {dag.py:3089} INFO - Sync 1 DAGs
[2024-08-09T02:10:41.942+0000] {logging_mixin.py:188} INFO - [2024-08-09T02:10:41.939+0000] {dag.py:3947} INFO - Setting next_dagrun for example_task_group_decorator to 2024-08-08 00:00:00+00:00, run_after=2024-08-09 00:00:00+00:00
[2024-08-09T02:10:41.998+0000] {processor.py:183} INFO - Processing /home/airflow/.local/lib/python3.12/site-packages/airflow/example_dags/example_task_group_decorator.py took 0.331 seconds
[2024-08-09T02:11:12.178+0000] {processor.py:161} INFO - Started process (PID=4175) to work on /home/airflow/.local/lib/python3.12/site-packages/airflow/example_dags/example_task_group_decorator.py
[2024-08-09T02:11:12.181+0000] {processor.py:830} INFO - Processing file /home/airflow/.local/lib/python3.12/site-packages/airflow/example_dags/example_task_group_decorator.py for tasks to queue
[2024-08-09T02:11:12.188+0000] {logging_mixin.py:188} INFO - [2024-08-09T02:11:12.187+0000] {dagbag.py:545} INFO - Filling up the DagBag from /home/airflow/.local/lib/python3.12/site-packages/airflow/example_dags/example_task_group_decorator.py
[2024-08-09T02:11:12.230+0000] {processor.py:840} INFO - DAG(s) 'example_task_group_decorator' retrieved from /home/airflow/.local/lib/python3.12/site-packages/airflow/example_dags/example_task_group_decorator.py
[2024-08-09T02:11:12.287+0000] {logging_mixin.py:188} INFO - [2024-08-09T02:11:12.286+0000] {dag.py:3089} INFO - Sync 1 DAGs
[2024-08-09T02:11:12.327+0000] {logging_mixin.py:188} INFO - [2024-08-09T02:11:12.326+0000] {dag.py:3947} INFO - Setting next_dagrun for example_task_group_decorator to 2024-08-08 00:00:00+00:00, run_after=2024-08-09 00:00:00+00:00
[2024-08-09T02:11:12.370+0000] {processor.py:183} INFO - Processing /home/airflow/.local/lib/python3.12/site-packages/airflow/example_dags/example_task_group_decorator.py took 0.221 seconds
[2024-08-09T02:11:43.160+0000] {processor.py:161} INFO - Started process (PID=4233) to work on /home/airflow/.local/lib/python3.12/site-packages/airflow/example_dags/example_task_group_decorator.py
[2024-08-09T02:11:43.163+0000] {processor.py:830} INFO - Processing file /home/airflow/.local/lib/python3.12/site-packages/airflow/example_dags/example_task_group_decorator.py for tasks to queue
[2024-08-09T02:11:43.171+0000] {logging_mixin.py:188} INFO - [2024-08-09T02:11:43.169+0000] {dagbag.py:545} INFO - Filling up the DagBag from /home/airflow/.local/lib/python3.12/site-packages/airflow/example_dags/example_task_group_decorator.py
[2024-08-09T02:11:43.220+0000] {processor.py:840} INFO - DAG(s) 'example_task_group_decorator' retrieved from /home/airflow/.local/lib/python3.12/site-packages/airflow/example_dags/example_task_group_decorator.py
[2024-08-09T02:11:43.315+0000] {logging_mixin.py:188} INFO - [2024-08-09T02:11:43.314+0000] {dag.py:3089} INFO - Sync 1 DAGs
[2024-08-09T02:11:43.381+0000] {logging_mixin.py:188} INFO - [2024-08-09T02:11:43.381+0000] {dag.py:3947} INFO - Setting next_dagrun for example_task_group_decorator to 2024-08-08 00:00:00+00:00, run_after=2024-08-09 00:00:00+00:00
[2024-08-09T02:11:43.445+0000] {processor.py:183} INFO - Processing /home/airflow/.local/lib/python3.12/site-packages/airflow/example_dags/example_task_group_decorator.py took 0.309 seconds
[2024-08-09T02:12:13.559+0000] {processor.py:161} INFO - Started process (PID=4291) to work on /home/airflow/.local/lib/python3.12/site-packages/airflow/example_dags/example_task_group_decorator.py
[2024-08-09T02:12:13.560+0000] {processor.py:830} INFO - Processing file /home/airflow/.local/lib/python3.12/site-packages/airflow/example_dags/example_task_group_decorator.py for tasks to queue
[2024-08-09T02:12:13.565+0000] {logging_mixin.py:188} INFO - [2024-08-09T02:12:13.564+0000] {dagbag.py:545} INFO - Filling up the DagBag from /home/airflow/.local/lib/python3.12/site-packages/airflow/example_dags/example_task_group_decorator.py
[2024-08-09T02:12:13.588+0000] {processor.py:840} INFO - DAG(s) 'example_task_group_decorator' retrieved from /home/airflow/.local/lib/python3.12/site-packages/airflow/example_dags/example_task_group_decorator.py
[2024-08-09T02:12:13.642+0000] {logging_mixin.py:188} INFO - [2024-08-09T02:12:13.642+0000] {dag.py:3089} INFO - Sync 1 DAGs
[2024-08-09T02:12:13.689+0000] {logging_mixin.py:188} INFO - [2024-08-09T02:12:13.688+0000] {dag.py:3947} INFO - Setting next_dagrun for example_task_group_decorator to 2024-08-08 00:00:00+00:00, run_after=2024-08-09 00:00:00+00:00
[2024-08-09T02:12:13.719+0000] {processor.py:183} INFO - Processing /home/airflow/.local/lib/python3.12/site-packages/airflow/example_dags/example_task_group_decorator.py took 0.175 seconds
[2024-08-09T02:12:44.282+0000] {processor.py:161} INFO - Started process (PID=4349) to work on /home/airflow/.local/lib/python3.12/site-packages/airflow/example_dags/example_task_group_decorator.py
[2024-08-09T02:12:44.286+0000] {processor.py:830} INFO - Processing file /home/airflow/.local/lib/python3.12/site-packages/airflow/example_dags/example_task_group_decorator.py for tasks to queue
[2024-08-09T02:12:44.295+0000] {logging_mixin.py:188} INFO - [2024-08-09T02:12:44.293+0000] {dagbag.py:545} INFO - Filling up the DagBag from /home/airflow/.local/lib/python3.12/site-packages/airflow/example_dags/example_task_group_decorator.py
[2024-08-09T02:12:44.330+0000] {processor.py:840} INFO - DAG(s) 'example_task_group_decorator' retrieved from /home/airflow/.local/lib/python3.12/site-packages/airflow/example_dags/example_task_group_decorator.py
[2024-08-09T02:12:44.418+0000] {logging_mixin.py:188} INFO - [2024-08-09T02:12:44.417+0000] {dag.py:3089} INFO - Sync 1 DAGs
[2024-08-09T02:12:44.471+0000] {logging_mixin.py:188} INFO - [2024-08-09T02:12:44.471+0000] {dag.py:3947} INFO - Setting next_dagrun for example_task_group_decorator to 2024-08-08 00:00:00+00:00, run_after=2024-08-09 00:00:00+00:00
[2024-08-09T02:12:44.512+0000] {processor.py:183} INFO - Processing /home/airflow/.local/lib/python3.12/site-packages/airflow/example_dags/example_task_group_decorator.py took 0.256 seconds
[2024-08-09T02:13:15.250+0000] {processor.py:161} INFO - Started process (PID=4406) to work on /home/airflow/.local/lib/python3.12/site-packages/airflow/example_dags/example_task_group_decorator.py
[2024-08-09T02:13:15.253+0000] {processor.py:830} INFO - Processing file /home/airflow/.local/lib/python3.12/site-packages/airflow/example_dags/example_task_group_decorator.py for tasks to queue
[2024-08-09T02:13:15.257+0000] {logging_mixin.py:188} INFO - [2024-08-09T02:13:15.256+0000] {dagbag.py:545} INFO - Filling up the DagBag from /home/airflow/.local/lib/python3.12/site-packages/airflow/example_dags/example_task_group_decorator.py
[2024-08-09T02:13:15.292+0000] {processor.py:840} INFO - DAG(s) 'example_task_group_decorator' retrieved from /home/airflow/.local/lib/python3.12/site-packages/airflow/example_dags/example_task_group_decorator.py
[2024-08-09T02:13:15.355+0000] {logging_mixin.py:188} INFO - [2024-08-09T02:13:15.354+0000] {dag.py:3089} INFO - Sync 1 DAGs
[2024-08-09T02:13:15.406+0000] {logging_mixin.py:188} INFO - [2024-08-09T02:13:15.405+0000] {dag.py:3947} INFO - Setting next_dagrun for example_task_group_decorator to 2024-08-08 00:00:00+00:00, run_after=2024-08-09 00:00:00+00:00
[2024-08-09T02:13:15.447+0000] {processor.py:183} INFO - Processing /home/airflow/.local/lib/python3.12/site-packages/airflow/example_dags/example_task_group_decorator.py took 0.216 seconds
[2024-08-09T02:13:46.608+0000] {processor.py:161} INFO - Started process (PID=4464) to work on /home/airflow/.local/lib/python3.12/site-packages/airflow/example_dags/example_task_group_decorator.py
[2024-08-09T02:13:46.612+0000] {processor.py:830} INFO - Processing file /home/airflow/.local/lib/python3.12/site-packages/airflow/example_dags/example_task_group_decorator.py for tasks to queue
[2024-08-09T02:13:46.618+0000] {logging_mixin.py:188} INFO - [2024-08-09T02:13:46.618+0000] {dagbag.py:545} INFO - Filling up the DagBag from /home/airflow/.local/lib/python3.12/site-packages/airflow/example_dags/example_task_group_decorator.py
[2024-08-09T02:13:46.653+0000] {processor.py:840} INFO - DAG(s) 'example_task_group_decorator' retrieved from /home/airflow/.local/lib/python3.12/site-packages/airflow/example_dags/example_task_group_decorator.py
[2024-08-09T02:13:46.746+0000] {logging_mixin.py:188} INFO - [2024-08-09T02:13:46.746+0000] {dag.py:3089} INFO - Sync 1 DAGs
[2024-08-09T02:13:46.791+0000] {logging_mixin.py:188} INFO - [2024-08-09T02:13:46.790+0000] {dag.py:3947} INFO - Setting next_dagrun for example_task_group_decorator to 2024-08-08 00:00:00+00:00, run_after=2024-08-09 00:00:00+00:00
[2024-08-09T02:13:46.829+0000] {processor.py:183} INFO - Processing /home/airflow/.local/lib/python3.12/site-packages/airflow/example_dags/example_task_group_decorator.py took 0.243 seconds
[2024-08-09T02:14:17.303+0000] {processor.py:161} INFO - Started process (PID=4522) to work on /home/airflow/.local/lib/python3.12/site-packages/airflow/example_dags/example_task_group_decorator.py
[2024-08-09T02:14:17.309+0000] {processor.py:830} INFO - Processing file /home/airflow/.local/lib/python3.12/site-packages/airflow/example_dags/example_task_group_decorator.py for tasks to queue
[2024-08-09T02:14:17.319+0000] {logging_mixin.py:188} INFO - [2024-08-09T02:14:17.317+0000] {dagbag.py:545} INFO - Filling up the DagBag from /home/airflow/.local/lib/python3.12/site-packages/airflow/example_dags/example_task_group_decorator.py
[2024-08-09T02:14:17.372+0000] {processor.py:840} INFO - DAG(s) 'example_task_group_decorator' retrieved from /home/airflow/.local/lib/python3.12/site-packages/airflow/example_dags/example_task_group_decorator.py
[2024-08-09T02:14:17.497+0000] {logging_mixin.py:188} INFO - [2024-08-09T02:14:17.496+0000] {dag.py:3089} INFO - Sync 1 DAGs
[2024-08-09T02:14:17.564+0000] {logging_mixin.py:188} INFO - [2024-08-09T02:14:17.563+0000] {dag.py:3947} INFO - Setting next_dagrun for example_task_group_decorator to 2024-08-08 00:00:00+00:00, run_after=2024-08-09 00:00:00+00:00
[2024-08-09T02:14:17.617+0000] {processor.py:183} INFO - Processing /home/airflow/.local/lib/python3.12/site-packages/airflow/example_dags/example_task_group_decorator.py took 0.343 seconds
[2024-08-09T02:14:47.920+0000] {processor.py:161} INFO - Started process (PID=4580) to work on /home/airflow/.local/lib/python3.12/site-packages/airflow/example_dags/example_task_group_decorator.py
[2024-08-09T02:14:47.926+0000] {processor.py:830} INFO - Processing file /home/airflow/.local/lib/python3.12/site-packages/airflow/example_dags/example_task_group_decorator.py for tasks to queue
[2024-08-09T02:14:47.939+0000] {logging_mixin.py:188} INFO - [2024-08-09T02:14:47.938+0000] {dagbag.py:545} INFO - Filling up the DagBag from /home/airflow/.local/lib/python3.12/site-packages/airflow/example_dags/example_task_group_decorator.py
[2024-08-09T02:14:48.034+0000] {processor.py:840} INFO - DAG(s) 'example_task_group_decorator' retrieved from /home/airflow/.local/lib/python3.12/site-packages/airflow/example_dags/example_task_group_decorator.py
[2024-08-09T02:14:48.135+0000] {logging_mixin.py:188} INFO - [2024-08-09T02:14:48.135+0000] {dag.py:3089} INFO - Sync 1 DAGs
[2024-08-09T02:14:48.210+0000] {logging_mixin.py:188} INFO - [2024-08-09T02:14:48.209+0000] {dag.py:3947} INFO - Setting next_dagrun for example_task_group_decorator to 2024-08-08 00:00:00+00:00, run_after=2024-08-09 00:00:00+00:00
[2024-08-09T02:14:48.295+0000] {processor.py:183} INFO - Processing /home/airflow/.local/lib/python3.12/site-packages/airflow/example_dags/example_task_group_decorator.py took 0.406 seconds
[2024-08-09T02:15:18.547+0000] {processor.py:161} INFO - Started process (PID=4638) to work on /home/airflow/.local/lib/python3.12/site-packages/airflow/example_dags/example_task_group_decorator.py
[2024-08-09T02:15:18.551+0000] {processor.py:830} INFO - Processing file /home/airflow/.local/lib/python3.12/site-packages/airflow/example_dags/example_task_group_decorator.py for tasks to queue
[2024-08-09T02:15:18.557+0000] {logging_mixin.py:188} INFO - [2024-08-09T02:15:18.556+0000] {dagbag.py:545} INFO - Filling up the DagBag from /home/airflow/.local/lib/python3.12/site-packages/airflow/example_dags/example_task_group_decorator.py
[2024-08-09T02:15:18.582+0000] {processor.py:840} INFO - DAG(s) 'example_task_group_decorator' retrieved from /home/airflow/.local/lib/python3.12/site-packages/airflow/example_dags/example_task_group_decorator.py
[2024-08-09T02:15:18.638+0000] {logging_mixin.py:188} INFO - [2024-08-09T02:15:18.637+0000] {dag.py:3089} INFO - Sync 1 DAGs
[2024-08-09T02:15:18.677+0000] {logging_mixin.py:188} INFO - [2024-08-09T02:15:18.677+0000] {dag.py:3947} INFO - Setting next_dagrun for example_task_group_decorator to 2024-08-08 00:00:00+00:00, run_after=2024-08-09 00:00:00+00:00
[2024-08-09T02:15:18.714+0000] {processor.py:183} INFO - Processing /home/airflow/.local/lib/python3.12/site-packages/airflow/example_dags/example_task_group_decorator.py took 0.183 seconds
[2024-08-09T02:15:49.393+0000] {processor.py:161} INFO - Started process (PID=4696) to work on /home/airflow/.local/lib/python3.12/site-packages/airflow/example_dags/example_task_group_decorator.py
[2024-08-09T02:15:49.395+0000] {processor.py:830} INFO - Processing file /home/airflow/.local/lib/python3.12/site-packages/airflow/example_dags/example_task_group_decorator.py for tasks to queue
[2024-08-09T02:15:49.401+0000] {logging_mixin.py:188} INFO - [2024-08-09T02:15:49.400+0000] {dagbag.py:545} INFO - Filling up the DagBag from /home/airflow/.local/lib/python3.12/site-packages/airflow/example_dags/example_task_group_decorator.py
[2024-08-09T02:15:49.427+0000] {processor.py:840} INFO - DAG(s) 'example_task_group_decorator' retrieved from /home/airflow/.local/lib/python3.12/site-packages/airflow/example_dags/example_task_group_decorator.py
[2024-08-09T02:15:49.487+0000] {logging_mixin.py:188} INFO - [2024-08-09T02:15:49.487+0000] {dag.py:3089} INFO - Sync 1 DAGs
[2024-08-09T02:15:49.530+0000] {logging_mixin.py:188} INFO - [2024-08-09T02:15:49.529+0000] {dag.py:3947} INFO - Setting next_dagrun for example_task_group_decorator to 2024-08-08 00:00:00+00:00, run_after=2024-08-09 00:00:00+00:00
[2024-08-09T02:15:49.561+0000] {processor.py:183} INFO - Processing /home/airflow/.local/lib/python3.12/site-packages/airflow/example_dags/example_task_group_decorator.py took 0.188 seconds
