[2024-08-09T01:42:30.099+0000] {processor.py:161} INFO - Started process (PID=991) to work on /home/airflow/.local/lib/python3.12/site-packages/airflow/example_dags/example_sensors.py
[2024-08-09T01:42:30.103+0000] {processor.py:830} INFO - Processing file /home/airflow/.local/lib/python3.12/site-packages/airflow/example_dags/example_sensors.py for tasks to queue
[2024-08-09T01:42:30.114+0000] {logging_mixin.py:188} INFO - [2024-08-09T01:42:30.111+0000] {dagbag.py:545} INFO - Filling up the DagBag from /home/airflow/.local/lib/python3.12/site-packages/airflow/example_dags/example_sensors.py
[2024-08-09T01:42:30.159+0000] {processor.py:840} INFO - DAG(s) 'example_sensors' retrieved from /home/airflow/.local/lib/python3.12/site-packages/airflow/example_dags/example_sensors.py
[2024-08-09T01:42:30.322+0000] {logging_mixin.py:188} INFO - [2024-08-09T01:42:30.321+0000] {dag.py:3089} INFO - Sync 1 DAGs
[2024-08-09T01:42:30.363+0000] {logging_mixin.py:188} INFO - [2024-08-09T01:42:30.363+0000] {dag.py:3947} INFO - Setting next_dagrun for example_sensors to None, run_after=None
[2024-08-09T01:42:30.407+0000] {processor.py:183} INFO - Processing /home/airflow/.local/lib/python3.12/site-packages/airflow/example_dags/example_sensors.py took 0.340 seconds
[2024-08-09T01:43:00.825+0000] {processor.py:161} INFO - Started process (PID=1050) to work on /home/airflow/.local/lib/python3.12/site-packages/airflow/example_dags/example_sensors.py
[2024-08-09T01:43:00.828+0000] {processor.py:830} INFO - Processing file /home/airflow/.local/lib/python3.12/site-packages/airflow/example_dags/example_sensors.py for tasks to queue
[2024-08-09T01:43:00.834+0000] {logging_mixin.py:188} INFO - [2024-08-09T01:43:00.833+0000] {dagbag.py:545} INFO - Filling up the DagBag from /home/airflow/.local/lib/python3.12/site-packages/airflow/example_dags/example_sensors.py
[2024-08-09T01:43:00.860+0000] {processor.py:840} INFO - DAG(s) 'example_sensors' retrieved from /home/airflow/.local/lib/python3.12/site-packages/airflow/example_dags/example_sensors.py
[2024-08-09T01:43:01.047+0000] {logging_mixin.py:188} INFO - [2024-08-09T01:43:01.046+0000] {dag.py:3089} INFO - Sync 1 DAGs
[2024-08-09T01:43:01.104+0000] {logging_mixin.py:188} INFO - [2024-08-09T01:43:01.103+0000] {dag.py:3947} INFO - Setting next_dagrun for example_sensors to None, run_after=None
[2024-08-09T01:43:01.175+0000] {processor.py:183} INFO - Processing /home/airflow/.local/lib/python3.12/site-packages/airflow/example_dags/example_sensors.py took 0.368 seconds
[2024-08-09T01:43:32.444+0000] {processor.py:161} INFO - Started process (PID=1108) to work on /home/airflow/.local/lib/python3.12/site-packages/airflow/example_dags/example_sensors.py
[2024-08-09T01:43:32.456+0000] {processor.py:830} INFO - Processing file /home/airflow/.local/lib/python3.12/site-packages/airflow/example_dags/example_sensors.py for tasks to queue
[2024-08-09T01:43:32.499+0000] {logging_mixin.py:188} INFO - [2024-08-09T01:43:32.498+0000] {dagbag.py:545} INFO - Filling up the DagBag from /home/airflow/.local/lib/python3.12/site-packages/airflow/example_dags/example_sensors.py
[2024-08-09T01:43:32.582+0000] {processor.py:840} INFO - DAG(s) 'example_sensors' retrieved from /home/airflow/.local/lib/python3.12/site-packages/airflow/example_dags/example_sensors.py
[2024-08-09T01:43:32.699+0000] {logging_mixin.py:188} INFO - [2024-08-09T01:43:32.695+0000] {dag.py:3089} INFO - Sync 1 DAGs
[2024-08-09T01:43:32.749+0000] {logging_mixin.py:188} INFO - [2024-08-09T01:43:32.749+0000] {dag.py:3947} INFO - Setting next_dagrun for example_sensors to None, run_after=None
[2024-08-09T01:43:32.854+0000] {processor.py:183} INFO - Processing /home/airflow/.local/lib/python3.12/site-packages/airflow/example_dags/example_sensors.py took 0.434 seconds
[2024-08-09T01:44:02.919+0000] {processor.py:161} INFO - Started process (PID=1166) to work on /home/airflow/.local/lib/python3.12/site-packages/airflow/example_dags/example_sensors.py
[2024-08-09T01:44:02.922+0000] {processor.py:830} INFO - Processing file /home/airflow/.local/lib/python3.12/site-packages/airflow/example_dags/example_sensors.py for tasks to queue
[2024-08-09T01:44:02.929+0000] {logging_mixin.py:188} INFO - [2024-08-09T01:44:02.928+0000] {dagbag.py:545} INFO - Filling up the DagBag from /home/airflow/.local/lib/python3.12/site-packages/airflow/example_dags/example_sensors.py
[2024-08-09T01:44:02.959+0000] {processor.py:840} INFO - DAG(s) 'example_sensors' retrieved from /home/airflow/.local/lib/python3.12/site-packages/airflow/example_dags/example_sensors.py
[2024-08-09T01:44:03.054+0000] {logging_mixin.py:188} INFO - [2024-08-09T01:44:03.054+0000] {dag.py:3089} INFO - Sync 1 DAGs
[2024-08-09T01:44:03.102+0000] {logging_mixin.py:188} INFO - [2024-08-09T01:44:03.102+0000] {dag.py:3947} INFO - Setting next_dagrun for example_sensors to None, run_after=None
[2024-08-09T01:44:03.147+0000] {processor.py:183} INFO - Processing /home/airflow/.local/lib/python3.12/site-packages/airflow/example_dags/example_sensors.py took 0.248 seconds
[2024-08-09T01:44:33.823+0000] {processor.py:161} INFO - Started process (PID=1224) to work on /home/airflow/.local/lib/python3.12/site-packages/airflow/example_dags/example_sensors.py
[2024-08-09T01:44:33.828+0000] {processor.py:830} INFO - Processing file /home/airflow/.local/lib/python3.12/site-packages/airflow/example_dags/example_sensors.py for tasks to queue
[2024-08-09T01:44:33.842+0000] {logging_mixin.py:188} INFO - [2024-08-09T01:44:33.837+0000] {dagbag.py:545} INFO - Filling up the DagBag from /home/airflow/.local/lib/python3.12/site-packages/airflow/example_dags/example_sensors.py
[2024-08-09T01:44:33.892+0000] {processor.py:840} INFO - DAG(s) 'example_sensors' retrieved from /home/airflow/.local/lib/python3.12/site-packages/airflow/example_dags/example_sensors.py
[2024-08-09T01:44:33.976+0000] {logging_mixin.py:188} INFO - [2024-08-09T01:44:33.976+0000] {dag.py:3089} INFO - Sync 1 DAGs
[2024-08-09T01:44:34.013+0000] {logging_mixin.py:188} INFO - [2024-08-09T01:44:34.012+0000] {dag.py:3947} INFO - Setting next_dagrun for example_sensors to None, run_after=None
[2024-08-09T01:44:34.059+0000] {processor.py:183} INFO - Processing /home/airflow/.local/lib/python3.12/site-packages/airflow/example_dags/example_sensors.py took 0.287 seconds
[2024-08-09T01:45:04.396+0000] {processor.py:161} INFO - Started process (PID=1282) to work on /home/airflow/.local/lib/python3.12/site-packages/airflow/example_dags/example_sensors.py
[2024-08-09T01:45:04.402+0000] {processor.py:830} INFO - Processing file /home/airflow/.local/lib/python3.12/site-packages/airflow/example_dags/example_sensors.py for tasks to queue
[2024-08-09T01:45:04.408+0000] {logging_mixin.py:188} INFO - [2024-08-09T01:45:04.407+0000] {dagbag.py:545} INFO - Filling up the DagBag from /home/airflow/.local/lib/python3.12/site-packages/airflow/example_dags/example_sensors.py
[2024-08-09T01:45:04.443+0000] {processor.py:840} INFO - DAG(s) 'example_sensors' retrieved from /home/airflow/.local/lib/python3.12/site-packages/airflow/example_dags/example_sensors.py
[2024-08-09T01:45:04.517+0000] {logging_mixin.py:188} INFO - [2024-08-09T01:45:04.516+0000] {dag.py:3089} INFO - Sync 1 DAGs
[2024-08-09T01:45:04.558+0000] {logging_mixin.py:188} INFO - [2024-08-09T01:45:04.557+0000] {dag.py:3947} INFO - Setting next_dagrun for example_sensors to None, run_after=None
[2024-08-09T01:45:04.594+0000] {processor.py:183} INFO - Processing /home/airflow/.local/lib/python3.12/site-packages/airflow/example_dags/example_sensors.py took 0.233 seconds
[2024-08-09T01:45:35.543+0000] {processor.py:161} INFO - Started process (PID=1339) to work on /home/airflow/.local/lib/python3.12/site-packages/airflow/example_dags/example_sensors.py
[2024-08-09T01:45:35.546+0000] {processor.py:830} INFO - Processing file /home/airflow/.local/lib/python3.12/site-packages/airflow/example_dags/example_sensors.py for tasks to queue
[2024-08-09T01:45:35.551+0000] {logging_mixin.py:188} INFO - [2024-08-09T01:45:35.550+0000] {dagbag.py:545} INFO - Filling up the DagBag from /home/airflow/.local/lib/python3.12/site-packages/airflow/example_dags/example_sensors.py
[2024-08-09T01:45:35.571+0000] {processor.py:840} INFO - DAG(s) 'example_sensors' retrieved from /home/airflow/.local/lib/python3.12/site-packages/airflow/example_dags/example_sensors.py
[2024-08-09T01:45:35.632+0000] {logging_mixin.py:188} INFO - [2024-08-09T01:45:35.632+0000] {dag.py:3089} INFO - Sync 1 DAGs
[2024-08-09T01:45:35.658+0000] {logging_mixin.py:188} INFO - [2024-08-09T01:45:35.658+0000] {dag.py:3947} INFO - Setting next_dagrun for example_sensors to None, run_after=None
[2024-08-09T01:45:35.695+0000] {processor.py:183} INFO - Processing /home/airflow/.local/lib/python3.12/site-packages/airflow/example_dags/example_sensors.py took 0.169 seconds
[2024-08-09T01:46:06.166+0000] {processor.py:161} INFO - Started process (PID=1397) to work on /home/airflow/.local/lib/python3.12/site-packages/airflow/example_dags/example_sensors.py
[2024-08-09T01:46:06.169+0000] {processor.py:830} INFO - Processing file /home/airflow/.local/lib/python3.12/site-packages/airflow/example_dags/example_sensors.py for tasks to queue
[2024-08-09T01:46:06.175+0000] {logging_mixin.py:188} INFO - [2024-08-09T01:46:06.174+0000] {dagbag.py:545} INFO - Filling up the DagBag from /home/airflow/.local/lib/python3.12/site-packages/airflow/example_dags/example_sensors.py
[2024-08-09T01:46:06.226+0000] {processor.py:840} INFO - DAG(s) 'example_sensors' retrieved from /home/airflow/.local/lib/python3.12/site-packages/airflow/example_dags/example_sensors.py
[2024-08-09T01:46:06.320+0000] {logging_mixin.py:188} INFO - [2024-08-09T01:46:06.319+0000] {dag.py:3089} INFO - Sync 1 DAGs
[2024-08-09T01:46:06.355+0000] {logging_mixin.py:188} INFO - [2024-08-09T01:46:06.354+0000] {dag.py:3947} INFO - Setting next_dagrun for example_sensors to None, run_after=None
[2024-08-09T01:46:06.398+0000] {processor.py:183} INFO - Processing /home/airflow/.local/lib/python3.12/site-packages/airflow/example_dags/example_sensors.py took 0.290 seconds
[2024-08-09T01:46:37.105+0000] {processor.py:161} INFO - Started process (PID=1454) to work on /home/airflow/.local/lib/python3.12/site-packages/airflow/example_dags/example_sensors.py
[2024-08-09T01:46:37.108+0000] {processor.py:830} INFO - Processing file /home/airflow/.local/lib/python3.12/site-packages/airflow/example_dags/example_sensors.py for tasks to queue
[2024-08-09T01:46:37.114+0000] {logging_mixin.py:188} INFO - [2024-08-09T01:46:37.113+0000] {dagbag.py:545} INFO - Filling up the DagBag from /home/airflow/.local/lib/python3.12/site-packages/airflow/example_dags/example_sensors.py
[2024-08-09T01:46:37.143+0000] {processor.py:840} INFO - DAG(s) 'example_sensors' retrieved from /home/airflow/.local/lib/python3.12/site-packages/airflow/example_dags/example_sensors.py
[2024-08-09T01:46:37.218+0000] {logging_mixin.py:188} INFO - [2024-08-09T01:46:37.218+0000] {dag.py:3089} INFO - Sync 1 DAGs
[2024-08-09T01:46:37.254+0000] {logging_mixin.py:188} INFO - [2024-08-09T01:46:37.254+0000] {dag.py:3947} INFO - Setting next_dagrun for example_sensors to None, run_after=None
[2024-08-09T01:46:37.287+0000] {processor.py:183} INFO - Processing /home/airflow/.local/lib/python3.12/site-packages/airflow/example_dags/example_sensors.py took 0.212 seconds
[2024-08-09T01:47:07.796+0000] {processor.py:161} INFO - Started process (PID=1512) to work on /home/airflow/.local/lib/python3.12/site-packages/airflow/example_dags/example_sensors.py
[2024-08-09T01:47:07.799+0000] {processor.py:830} INFO - Processing file /home/airflow/.local/lib/python3.12/site-packages/airflow/example_dags/example_sensors.py for tasks to queue
[2024-08-09T01:47:07.811+0000] {logging_mixin.py:188} INFO - [2024-08-09T01:47:07.810+0000] {dagbag.py:545} INFO - Filling up the DagBag from /home/airflow/.local/lib/python3.12/site-packages/airflow/example_dags/example_sensors.py
[2024-08-09T01:47:07.868+0000] {processor.py:840} INFO - DAG(s) 'example_sensors' retrieved from /home/airflow/.local/lib/python3.12/site-packages/airflow/example_dags/example_sensors.py
[2024-08-09T01:47:08.016+0000] {logging_mixin.py:188} INFO - [2024-08-09T01:47:08.016+0000] {dag.py:3089} INFO - Sync 1 DAGs
[2024-08-09T01:47:08.072+0000] {logging_mixin.py:188} INFO - [2024-08-09T01:47:08.071+0000] {dag.py:3947} INFO - Setting next_dagrun for example_sensors to None, run_after=None
[2024-08-09T01:47:08.134+0000] {processor.py:183} INFO - Processing /home/airflow/.local/lib/python3.12/site-packages/airflow/example_dags/example_sensors.py took 0.374 seconds
[2024-08-09T01:47:41.057+0000] {processor.py:161} INFO - Started process (PID=1570) to work on /home/airflow/.local/lib/python3.12/site-packages/airflow/example_dags/example_sensors.py
[2024-08-09T01:47:41.061+0000] {processor.py:830} INFO - Processing file /home/airflow/.local/lib/python3.12/site-packages/airflow/example_dags/example_sensors.py for tasks to queue
[2024-08-09T01:47:41.069+0000] {logging_mixin.py:188} INFO - [2024-08-09T01:47:41.068+0000] {dagbag.py:545} INFO - Filling up the DagBag from /home/airflow/.local/lib/python3.12/site-packages/airflow/example_dags/example_sensors.py
[2024-08-09T01:47:41.100+0000] {processor.py:840} INFO - DAG(s) 'example_sensors' retrieved from /home/airflow/.local/lib/python3.12/site-packages/airflow/example_dags/example_sensors.py
[2024-08-09T01:47:41.209+0000] {logging_mixin.py:188} INFO - [2024-08-09T01:47:41.208+0000] {dag.py:3089} INFO - Sync 1 DAGs
[2024-08-09T01:47:41.253+0000] {logging_mixin.py:188} INFO - [2024-08-09T01:47:41.252+0000] {dag.py:3947} INFO - Setting next_dagrun for example_sensors to None, run_after=None
[2024-08-09T01:47:41.310+0000] {processor.py:183} INFO - Processing /home/airflow/.local/lib/python3.12/site-packages/airflow/example_dags/example_sensors.py took 0.277 seconds
[2024-08-09T01:48:11.643+0000] {processor.py:161} INFO - Started process (PID=1628) to work on /home/airflow/.local/lib/python3.12/site-packages/airflow/example_dags/example_sensors.py
[2024-08-09T01:48:11.645+0000] {processor.py:830} INFO - Processing file /home/airflow/.local/lib/python3.12/site-packages/airflow/example_dags/example_sensors.py for tasks to queue
[2024-08-09T01:48:11.651+0000] {logging_mixin.py:188} INFO - [2024-08-09T01:48:11.650+0000] {dagbag.py:545} INFO - Filling up the DagBag from /home/airflow/.local/lib/python3.12/site-packages/airflow/example_dags/example_sensors.py
[2024-08-09T01:48:11.674+0000] {processor.py:840} INFO - DAG(s) 'example_sensors' retrieved from /home/airflow/.local/lib/python3.12/site-packages/airflow/example_dags/example_sensors.py
[2024-08-09T01:48:11.732+0000] {logging_mixin.py:188} INFO - [2024-08-09T01:48:11.732+0000] {dag.py:3089} INFO - Sync 1 DAGs
[2024-08-09T01:48:11.762+0000] {logging_mixin.py:188} INFO - [2024-08-09T01:48:11.762+0000] {dag.py:3947} INFO - Setting next_dagrun for example_sensors to None, run_after=None
[2024-08-09T01:48:12.319+0000] {processor.py:183} INFO - Processing /home/airflow/.local/lib/python3.12/site-packages/airflow/example_dags/example_sensors.py took 0.695 seconds
[2024-08-09T01:48:42.520+0000] {processor.py:161} INFO - Started process (PID=1686) to work on /home/airflow/.local/lib/python3.12/site-packages/airflow/example_dags/example_sensors.py
[2024-08-09T01:48:42.525+0000] {processor.py:830} INFO - Processing file /home/airflow/.local/lib/python3.12/site-packages/airflow/example_dags/example_sensors.py for tasks to queue
[2024-08-09T01:48:42.532+0000] {logging_mixin.py:188} INFO - [2024-08-09T01:48:42.531+0000] {dagbag.py:545} INFO - Filling up the DagBag from /home/airflow/.local/lib/python3.12/site-packages/airflow/example_dags/example_sensors.py
[2024-08-09T01:48:42.563+0000] {processor.py:840} INFO - DAG(s) 'example_sensors' retrieved from /home/airflow/.local/lib/python3.12/site-packages/airflow/example_dags/example_sensors.py
[2024-08-09T01:48:42.646+0000] {logging_mixin.py:188} INFO - [2024-08-09T01:48:42.646+0000] {dag.py:3089} INFO - Sync 1 DAGs
[2024-08-09T01:48:42.686+0000] {logging_mixin.py:188} INFO - [2024-08-09T01:48:42.686+0000] {dag.py:3947} INFO - Setting next_dagrun for example_sensors to None, run_after=None
[2024-08-09T01:48:42.730+0000] {processor.py:183} INFO - Processing /home/airflow/.local/lib/python3.12/site-packages/airflow/example_dags/example_sensors.py took 0.238 seconds
[2024-08-09T01:49:13.957+0000] {processor.py:161} INFO - Started process (PID=1744) to work on /home/airflow/.local/lib/python3.12/site-packages/airflow/example_dags/example_sensors.py
[2024-08-09T01:49:13.962+0000] {processor.py:830} INFO - Processing file /home/airflow/.local/lib/python3.12/site-packages/airflow/example_dags/example_sensors.py for tasks to queue
[2024-08-09T01:49:13.980+0000] {logging_mixin.py:188} INFO - [2024-08-09T01:49:13.979+0000] {dagbag.py:545} INFO - Filling up the DagBag from /home/airflow/.local/lib/python3.12/site-packages/airflow/example_dags/example_sensors.py
[2024-08-09T01:49:14.015+0000] {processor.py:840} INFO - DAG(s) 'example_sensors' retrieved from /home/airflow/.local/lib/python3.12/site-packages/airflow/example_dags/example_sensors.py
[2024-08-09T01:49:14.135+0000] {logging_mixin.py:188} INFO - [2024-08-09T01:49:14.134+0000] {dag.py:3089} INFO - Sync 1 DAGs
[2024-08-09T01:49:14.177+0000] {logging_mixin.py:188} INFO - [2024-08-09T01:49:14.177+0000] {dag.py:3947} INFO - Setting next_dagrun for example_sensors to None, run_after=None
[2024-08-09T01:49:14.236+0000] {processor.py:183} INFO - Processing /home/airflow/.local/lib/python3.12/site-packages/airflow/example_dags/example_sensors.py took 0.318 seconds
[2024-08-09T01:49:45.657+0000] {processor.py:161} INFO - Started process (PID=1802) to work on /home/airflow/.local/lib/python3.12/site-packages/airflow/example_dags/example_sensors.py
[2024-08-09T01:49:45.660+0000] {processor.py:830} INFO - Processing file /home/airflow/.local/lib/python3.12/site-packages/airflow/example_dags/example_sensors.py for tasks to queue
[2024-08-09T01:49:45.667+0000] {logging_mixin.py:188} INFO - [2024-08-09T01:49:45.666+0000] {dagbag.py:545} INFO - Filling up the DagBag from /home/airflow/.local/lib/python3.12/site-packages/airflow/example_dags/example_sensors.py
[2024-08-09T01:49:45.699+0000] {processor.py:840} INFO - DAG(s) 'example_sensors' retrieved from /home/airflow/.local/lib/python3.12/site-packages/airflow/example_dags/example_sensors.py
[2024-08-09T01:49:45.773+0000] {logging_mixin.py:188} INFO - [2024-08-09T01:49:45.773+0000] {dag.py:3089} INFO - Sync 1 DAGs
[2024-08-09T01:49:45.808+0000] {logging_mixin.py:188} INFO - [2024-08-09T01:49:45.808+0000] {dag.py:3947} INFO - Setting next_dagrun for example_sensors to None, run_after=None
[2024-08-09T01:49:45.844+0000] {processor.py:183} INFO - Processing /home/airflow/.local/lib/python3.12/site-packages/airflow/example_dags/example_sensors.py took 0.209 seconds
[2024-08-09T01:50:35.389+0000] {processor.py:161} INFO - Started process (PID=1855) to work on /home/airflow/.local/lib/python3.12/site-packages/airflow/example_dags/example_sensors.py
[2024-08-09T01:50:35.399+0000] {processor.py:830} INFO - Processing file /home/airflow/.local/lib/python3.12/site-packages/airflow/example_dags/example_sensors.py for tasks to queue
[2024-08-09T01:50:35.417+0000] {logging_mixin.py:188} INFO - [2024-08-09T01:50:35.414+0000] {dagbag.py:545} INFO - Filling up the DagBag from /home/airflow/.local/lib/python3.12/site-packages/airflow/example_dags/example_sensors.py
[2024-08-09T01:50:35.518+0000] {processor.py:840} INFO - DAG(s) 'example_sensors' retrieved from /home/airflow/.local/lib/python3.12/site-packages/airflow/example_dags/example_sensors.py
[2024-08-09T01:50:35.950+0000] {logging_mixin.py:188} INFO - [2024-08-09T01:50:35.945+0000] {dag.py:3089} INFO - Sync 1 DAGs
[2024-08-09T01:50:36.085+0000] {logging_mixin.py:188} INFO - [2024-08-09T01:50:36.084+0000] {dag.py:3947} INFO - Setting next_dagrun for example_sensors to None, run_after=None
[2024-08-09T01:50:36.339+0000] {processor.py:183} INFO - Processing /home/airflow/.local/lib/python3.12/site-packages/airflow/example_dags/example_sensors.py took 1.013 seconds
[2024-08-09T01:51:07.081+0000] {processor.py:161} INFO - Started process (PID=1913) to work on /home/airflow/.local/lib/python3.12/site-packages/airflow/example_dags/example_sensors.py
[2024-08-09T01:51:07.088+0000] {processor.py:830} INFO - Processing file /home/airflow/.local/lib/python3.12/site-packages/airflow/example_dags/example_sensors.py for tasks to queue
[2024-08-09T01:51:07.112+0000] {logging_mixin.py:188} INFO - [2024-08-09T01:51:07.111+0000] {dagbag.py:545} INFO - Filling up the DagBag from /home/airflow/.local/lib/python3.12/site-packages/airflow/example_dags/example_sensors.py
[2024-08-09T01:51:07.170+0000] {processor.py:840} INFO - DAG(s) 'example_sensors' retrieved from /home/airflow/.local/lib/python3.12/site-packages/airflow/example_dags/example_sensors.py
[2024-08-09T01:51:07.371+0000] {logging_mixin.py:188} INFO - [2024-08-09T01:51:07.369+0000] {dag.py:3089} INFO - Sync 1 DAGs
[2024-08-09T01:51:07.432+0000] {logging_mixin.py:188} INFO - [2024-08-09T01:51:07.431+0000] {dag.py:3947} INFO - Setting next_dagrun for example_sensors to None, run_after=None
[2024-08-09T01:51:07.512+0000] {processor.py:183} INFO - Processing /home/airflow/.local/lib/python3.12/site-packages/airflow/example_dags/example_sensors.py took 0.479 seconds
[2024-08-09T01:51:37.605+0000] {processor.py:161} INFO - Started process (PID=1970) to work on /home/airflow/.local/lib/python3.12/site-packages/airflow/example_dags/example_sensors.py
[2024-08-09T01:51:37.613+0000] {processor.py:830} INFO - Processing file /home/airflow/.local/lib/python3.12/site-packages/airflow/example_dags/example_sensors.py for tasks to queue
[2024-08-09T01:51:37.620+0000] {logging_mixin.py:188} INFO - [2024-08-09T01:51:37.618+0000] {dagbag.py:545} INFO - Filling up the DagBag from /home/airflow/.local/lib/python3.12/site-packages/airflow/example_dags/example_sensors.py
[2024-08-09T01:51:37.644+0000] {processor.py:840} INFO - DAG(s) 'example_sensors' retrieved from /home/airflow/.local/lib/python3.12/site-packages/airflow/example_dags/example_sensors.py
[2024-08-09T01:51:37.727+0000] {logging_mixin.py:188} INFO - [2024-08-09T01:51:37.726+0000] {dag.py:3089} INFO - Sync 1 DAGs
[2024-08-09T01:51:37.763+0000] {logging_mixin.py:188} INFO - [2024-08-09T01:51:37.762+0000] {dag.py:3947} INFO - Setting next_dagrun for example_sensors to None, run_after=None
[2024-08-09T01:51:37.804+0000] {processor.py:183} INFO - Processing /home/airflow/.local/lib/python3.12/site-packages/airflow/example_dags/example_sensors.py took 0.220 seconds
[2024-08-09T01:52:08.737+0000] {processor.py:161} INFO - Started process (PID=2028) to work on /home/airflow/.local/lib/python3.12/site-packages/airflow/example_dags/example_sensors.py
[2024-08-09T01:52:08.744+0000] {processor.py:830} INFO - Processing file /home/airflow/.local/lib/python3.12/site-packages/airflow/example_dags/example_sensors.py for tasks to queue
[2024-08-09T01:52:08.777+0000] {logging_mixin.py:188} INFO - [2024-08-09T01:52:08.775+0000] {dagbag.py:545} INFO - Filling up the DagBag from /home/airflow/.local/lib/python3.12/site-packages/airflow/example_dags/example_sensors.py
[2024-08-09T01:52:08.820+0000] {processor.py:840} INFO - DAG(s) 'example_sensors' retrieved from /home/airflow/.local/lib/python3.12/site-packages/airflow/example_dags/example_sensors.py
[2024-08-09T01:52:08.918+0000] {logging_mixin.py:188} INFO - [2024-08-09T01:52:08.917+0000] {dag.py:3089} INFO - Sync 1 DAGs
[2024-08-09T01:52:08.948+0000] {logging_mixin.py:188} INFO - [2024-08-09T01:52:08.947+0000] {dag.py:3947} INFO - Setting next_dagrun for example_sensors to None, run_after=None
[2024-08-09T01:52:08.993+0000] {processor.py:183} INFO - Processing /home/airflow/.local/lib/python3.12/site-packages/airflow/example_dags/example_sensors.py took 0.345 seconds
[2024-08-09T01:52:39.384+0000] {processor.py:161} INFO - Started process (PID=2086) to work on /home/airflow/.local/lib/python3.12/site-packages/airflow/example_dags/example_sensors.py
[2024-08-09T01:52:39.387+0000] {processor.py:830} INFO - Processing file /home/airflow/.local/lib/python3.12/site-packages/airflow/example_dags/example_sensors.py for tasks to queue
[2024-08-09T01:52:39.393+0000] {logging_mixin.py:188} INFO - [2024-08-09T01:52:39.392+0000] {dagbag.py:545} INFO - Filling up the DagBag from /home/airflow/.local/lib/python3.12/site-packages/airflow/example_dags/example_sensors.py
[2024-08-09T01:52:39.438+0000] {processor.py:840} INFO - DAG(s) 'example_sensors' retrieved from /home/airflow/.local/lib/python3.12/site-packages/airflow/example_dags/example_sensors.py
[2024-08-09T01:52:39.555+0000] {logging_mixin.py:188} INFO - [2024-08-09T01:52:39.555+0000] {dag.py:3089} INFO - Sync 1 DAGs
[2024-08-09T01:52:39.593+0000] {logging_mixin.py:188} INFO - [2024-08-09T01:52:39.592+0000] {dag.py:3947} INFO - Setting next_dagrun for example_sensors to None, run_after=None
[2024-08-09T01:52:39.632+0000] {processor.py:183} INFO - Processing /home/airflow/.local/lib/python3.12/site-packages/airflow/example_dags/example_sensors.py took 0.272 seconds
[2024-08-09T01:53:10.075+0000] {processor.py:161} INFO - Started process (PID=2143) to work on /home/airflow/.local/lib/python3.12/site-packages/airflow/example_dags/example_sensors.py
[2024-08-09T01:53:10.078+0000] {processor.py:830} INFO - Processing file /home/airflow/.local/lib/python3.12/site-packages/airflow/example_dags/example_sensors.py for tasks to queue
[2024-08-09T01:53:10.084+0000] {logging_mixin.py:188} INFO - [2024-08-09T01:53:10.083+0000] {dagbag.py:545} INFO - Filling up the DagBag from /home/airflow/.local/lib/python3.12/site-packages/airflow/example_dags/example_sensors.py
[2024-08-09T01:53:10.107+0000] {processor.py:840} INFO - DAG(s) 'example_sensors' retrieved from /home/airflow/.local/lib/python3.12/site-packages/airflow/example_dags/example_sensors.py
[2024-08-09T01:53:10.205+0000] {logging_mixin.py:188} INFO - [2024-08-09T01:53:10.205+0000] {dag.py:3089} INFO - Sync 1 DAGs
[2024-08-09T01:53:10.238+0000] {logging_mixin.py:188} INFO - [2024-08-09T01:53:10.238+0000] {dag.py:3947} INFO - Setting next_dagrun for example_sensors to None, run_after=None
[2024-08-09T01:53:10.308+0000] {processor.py:183} INFO - Processing /home/airflow/.local/lib/python3.12/site-packages/airflow/example_dags/example_sensors.py took 0.253 seconds
[2024-08-09T01:53:40.690+0000] {processor.py:161} INFO - Started process (PID=2201) to work on /home/airflow/.local/lib/python3.12/site-packages/airflow/example_dags/example_sensors.py
[2024-08-09T01:53:40.692+0000] {processor.py:830} INFO - Processing file /home/airflow/.local/lib/python3.12/site-packages/airflow/example_dags/example_sensors.py for tasks to queue
[2024-08-09T01:53:40.698+0000] {logging_mixin.py:188} INFO - [2024-08-09T01:53:40.697+0000] {dagbag.py:545} INFO - Filling up the DagBag from /home/airflow/.local/lib/python3.12/site-packages/airflow/example_dags/example_sensors.py
[2024-08-09T01:53:40.733+0000] {processor.py:840} INFO - DAG(s) 'example_sensors' retrieved from /home/airflow/.local/lib/python3.12/site-packages/airflow/example_dags/example_sensors.py
[2024-08-09T01:53:40.822+0000] {logging_mixin.py:188} INFO - [2024-08-09T01:53:40.821+0000] {dag.py:3089} INFO - Sync 1 DAGs
[2024-08-09T01:53:40.854+0000] {logging_mixin.py:188} INFO - [2024-08-09T01:53:40.854+0000] {dag.py:3947} INFO - Setting next_dagrun for example_sensors to None, run_after=None
[2024-08-09T01:53:40.928+0000] {processor.py:183} INFO - Processing /home/airflow/.local/lib/python3.12/site-packages/airflow/example_dags/example_sensors.py took 0.261 seconds
[2024-08-09T01:54:14.163+0000] {processor.py:161} INFO - Started process (PID=2259) to work on /home/airflow/.local/lib/python3.12/site-packages/airflow/example_dags/example_sensors.py
[2024-08-09T01:54:14.166+0000] {processor.py:830} INFO - Processing file /home/airflow/.local/lib/python3.12/site-packages/airflow/example_dags/example_sensors.py for tasks to queue
[2024-08-09T01:54:14.174+0000] {logging_mixin.py:188} INFO - [2024-08-09T01:54:14.172+0000] {dagbag.py:545} INFO - Filling up the DagBag from /home/airflow/.local/lib/python3.12/site-packages/airflow/example_dags/example_sensors.py
[2024-08-09T01:54:14.203+0000] {processor.py:840} INFO - DAG(s) 'example_sensors' retrieved from /home/airflow/.local/lib/python3.12/site-packages/airflow/example_dags/example_sensors.py
[2024-08-09T01:54:14.583+0000] {logging_mixin.py:188} INFO - [2024-08-09T01:54:14.583+0000] {dag.py:3089} INFO - Sync 1 DAGs
[2024-08-09T01:54:14.718+0000] {logging_mixin.py:188} INFO - [2024-08-09T01:54:14.717+0000] {dag.py:3947} INFO - Setting next_dagrun for example_sensors to None, run_after=None
[2024-08-09T01:54:15.071+0000] {processor.py:183} INFO - Processing /home/airflow/.local/lib/python3.12/site-packages/airflow/example_dags/example_sensors.py took 0.934 seconds
[2024-08-09T01:54:45.536+0000] {processor.py:161} INFO - Started process (PID=2317) to work on /home/airflow/.local/lib/python3.12/site-packages/airflow/example_dags/example_sensors.py
[2024-08-09T01:54:45.543+0000] {processor.py:830} INFO - Processing file /home/airflow/.local/lib/python3.12/site-packages/airflow/example_dags/example_sensors.py for tasks to queue
[2024-08-09T01:54:45.565+0000] {logging_mixin.py:188} INFO - [2024-08-09T01:54:45.553+0000] {dagbag.py:545} INFO - Filling up the DagBag from /home/airflow/.local/lib/python3.12/site-packages/airflow/example_dags/example_sensors.py
[2024-08-09T01:54:45.595+0000] {processor.py:840} INFO - DAG(s) 'example_sensors' retrieved from /home/airflow/.local/lib/python3.12/site-packages/airflow/example_dags/example_sensors.py
[2024-08-09T01:54:45.798+0000] {logging_mixin.py:188} INFO - [2024-08-09T01:54:45.797+0000] {dag.py:3089} INFO - Sync 1 DAGs
[2024-08-09T01:54:45.883+0000] {logging_mixin.py:188} INFO - [2024-08-09T01:54:45.882+0000] {dag.py:3947} INFO - Setting next_dagrun for example_sensors to None, run_after=None
[2024-08-09T01:54:46.020+0000] {processor.py:183} INFO - Processing /home/airflow/.local/lib/python3.12/site-packages/airflow/example_dags/example_sensors.py took 0.523 seconds
[2024-08-09T01:55:16.508+0000] {processor.py:161} INFO - Started process (PID=2375) to work on /home/airflow/.local/lib/python3.12/site-packages/airflow/example_dags/example_sensors.py
[2024-08-09T01:55:16.511+0000] {processor.py:830} INFO - Processing file /home/airflow/.local/lib/python3.12/site-packages/airflow/example_dags/example_sensors.py for tasks to queue
[2024-08-09T01:55:16.517+0000] {logging_mixin.py:188} INFO - [2024-08-09T01:55:16.516+0000] {dagbag.py:545} INFO - Filling up the DagBag from /home/airflow/.local/lib/python3.12/site-packages/airflow/example_dags/example_sensors.py
[2024-08-09T01:55:16.546+0000] {processor.py:840} INFO - DAG(s) 'example_sensors' retrieved from /home/airflow/.local/lib/python3.12/site-packages/airflow/example_dags/example_sensors.py
[2024-08-09T01:55:16.623+0000] {logging_mixin.py:188} INFO - [2024-08-09T01:55:16.623+0000] {dag.py:3089} INFO - Sync 1 DAGs
[2024-08-09T01:55:16.645+0000] {logging_mixin.py:188} INFO - [2024-08-09T01:55:16.645+0000] {dag.py:3947} INFO - Setting next_dagrun for example_sensors to None, run_after=None
[2024-08-09T01:55:16.683+0000] {processor.py:183} INFO - Processing /home/airflow/.local/lib/python3.12/site-packages/airflow/example_dags/example_sensors.py took 0.191 seconds
[2024-08-09T01:55:47.013+0000] {processor.py:161} INFO - Started process (PID=2433) to work on /home/airflow/.local/lib/python3.12/site-packages/airflow/example_dags/example_sensors.py
[2024-08-09T01:55:47.016+0000] {processor.py:830} INFO - Processing file /home/airflow/.local/lib/python3.12/site-packages/airflow/example_dags/example_sensors.py for tasks to queue
[2024-08-09T01:55:47.021+0000] {logging_mixin.py:188} INFO - [2024-08-09T01:55:47.021+0000] {dagbag.py:545} INFO - Filling up the DagBag from /home/airflow/.local/lib/python3.12/site-packages/airflow/example_dags/example_sensors.py
[2024-08-09T01:55:47.041+0000] {processor.py:840} INFO - DAG(s) 'example_sensors' retrieved from /home/airflow/.local/lib/python3.12/site-packages/airflow/example_dags/example_sensors.py
[2024-08-09T01:55:47.103+0000] {logging_mixin.py:188} INFO - [2024-08-09T01:55:47.103+0000] {dag.py:3089} INFO - Sync 1 DAGs
[2024-08-09T01:55:47.136+0000] {logging_mixin.py:188} INFO - [2024-08-09T01:55:47.136+0000] {dag.py:3947} INFO - Setting next_dagrun for example_sensors to None, run_after=None
[2024-08-09T01:55:47.173+0000] {processor.py:183} INFO - Processing /home/airflow/.local/lib/python3.12/site-packages/airflow/example_dags/example_sensors.py took 0.183 seconds
[2024-08-09T01:56:17.318+0000] {processor.py:161} INFO - Started process (PID=2491) to work on /home/airflow/.local/lib/python3.12/site-packages/airflow/example_dags/example_sensors.py
[2024-08-09T01:56:17.324+0000] {processor.py:830} INFO - Processing file /home/airflow/.local/lib/python3.12/site-packages/airflow/example_dags/example_sensors.py for tasks to queue
[2024-08-09T01:56:17.331+0000] {logging_mixin.py:188} INFO - [2024-08-09T01:56:17.328+0000] {dagbag.py:545} INFO - Filling up the DagBag from /home/airflow/.local/lib/python3.12/site-packages/airflow/example_dags/example_sensors.py
[2024-08-09T01:56:17.356+0000] {processor.py:840} INFO - DAG(s) 'example_sensors' retrieved from /home/airflow/.local/lib/python3.12/site-packages/airflow/example_dags/example_sensors.py
[2024-08-09T01:56:17.434+0000] {logging_mixin.py:188} INFO - [2024-08-09T01:56:17.428+0000] {dag.py:3089} INFO - Sync 1 DAGs
[2024-08-09T01:56:17.479+0000] {logging_mixin.py:188} INFO - [2024-08-09T01:56:17.478+0000] {dag.py:3947} INFO - Setting next_dagrun for example_sensors to None, run_after=None
[2024-08-09T01:56:17.586+0000] {processor.py:183} INFO - Processing /home/airflow/.local/lib/python3.12/site-packages/airflow/example_dags/example_sensors.py took 0.293 seconds
[2024-08-09T01:56:48.335+0000] {processor.py:161} INFO - Started process (PID=2549) to work on /home/airflow/.local/lib/python3.12/site-packages/airflow/example_dags/example_sensors.py
[2024-08-09T01:56:48.344+0000] {processor.py:830} INFO - Processing file /home/airflow/.local/lib/python3.12/site-packages/airflow/example_dags/example_sensors.py for tasks to queue
[2024-08-09T01:56:48.365+0000] {logging_mixin.py:188} INFO - [2024-08-09T01:56:48.360+0000] {dagbag.py:545} INFO - Filling up the DagBag from /home/airflow/.local/lib/python3.12/site-packages/airflow/example_dags/example_sensors.py
[2024-08-09T01:56:48.395+0000] {processor.py:840} INFO - DAG(s) 'example_sensors' retrieved from /home/airflow/.local/lib/python3.12/site-packages/airflow/example_dags/example_sensors.py
[2024-08-09T01:56:48.557+0000] {logging_mixin.py:188} INFO - [2024-08-09T01:56:48.557+0000] {dag.py:3089} INFO - Sync 1 DAGs
[2024-08-09T01:56:48.613+0000] {logging_mixin.py:188} INFO - [2024-08-09T01:56:48.613+0000] {dag.py:3947} INFO - Setting next_dagrun for example_sensors to None, run_after=None
[2024-08-09T01:56:48.692+0000] {processor.py:183} INFO - Processing /home/airflow/.local/lib/python3.12/site-packages/airflow/example_dags/example_sensors.py took 0.418 seconds
[2024-08-09T01:57:19.797+0000] {processor.py:161} INFO - Started process (PID=2607) to work on /home/airflow/.local/lib/python3.12/site-packages/airflow/example_dags/example_sensors.py
[2024-08-09T01:57:19.805+0000] {processor.py:830} INFO - Processing file /home/airflow/.local/lib/python3.12/site-packages/airflow/example_dags/example_sensors.py for tasks to queue
[2024-08-09T01:57:19.816+0000] {logging_mixin.py:188} INFO - [2024-08-09T01:57:19.816+0000] {dagbag.py:545} INFO - Filling up the DagBag from /home/airflow/.local/lib/python3.12/site-packages/airflow/example_dags/example_sensors.py
[2024-08-09T01:57:19.877+0000] {processor.py:840} INFO - DAG(s) 'example_sensors' retrieved from /home/airflow/.local/lib/python3.12/site-packages/airflow/example_dags/example_sensors.py
[2024-08-09T01:57:20.035+0000] {logging_mixin.py:188} INFO - [2024-08-09T01:57:20.032+0000] {dag.py:3089} INFO - Sync 1 DAGs
[2024-08-09T01:57:20.130+0000] {logging_mixin.py:188} INFO - [2024-08-09T01:57:20.130+0000] {dag.py:3947} INFO - Setting next_dagrun for example_sensors to None, run_after=None
[2024-08-09T01:57:20.334+0000] {processor.py:183} INFO - Processing /home/airflow/.local/lib/python3.12/site-packages/airflow/example_dags/example_sensors.py took 0.657 seconds
[2024-08-09T01:57:50.977+0000] {processor.py:161} INFO - Started process (PID=2665) to work on /home/airflow/.local/lib/python3.12/site-packages/airflow/example_dags/example_sensors.py
[2024-08-09T01:57:50.980+0000] {processor.py:830} INFO - Processing file /home/airflow/.local/lib/python3.12/site-packages/airflow/example_dags/example_sensors.py for tasks to queue
[2024-08-09T01:57:50.986+0000] {logging_mixin.py:188} INFO - [2024-08-09T01:57:50.985+0000] {dagbag.py:545} INFO - Filling up the DagBag from /home/airflow/.local/lib/python3.12/site-packages/airflow/example_dags/example_sensors.py
[2024-08-09T01:57:51.019+0000] {processor.py:840} INFO - DAG(s) 'example_sensors' retrieved from /home/airflow/.local/lib/python3.12/site-packages/airflow/example_dags/example_sensors.py
[2024-08-09T01:57:51.171+0000] {logging_mixin.py:188} INFO - [2024-08-09T01:57:51.171+0000] {dag.py:3089} INFO - Sync 1 DAGs
[2024-08-09T01:57:51.261+0000] {logging_mixin.py:188} INFO - [2024-08-09T01:57:51.261+0000] {dag.py:3947} INFO - Setting next_dagrun for example_sensors to None, run_after=None
[2024-08-09T01:57:51.747+0000] {processor.py:183} INFO - Processing /home/airflow/.local/lib/python3.12/site-packages/airflow/example_dags/example_sensors.py took 0.807 seconds
[2024-08-09T01:58:22.328+0000] {processor.py:161} INFO - Started process (PID=2723) to work on /home/airflow/.local/lib/python3.12/site-packages/airflow/example_dags/example_sensors.py
[2024-08-09T01:58:22.335+0000] {processor.py:830} INFO - Processing file /home/airflow/.local/lib/python3.12/site-packages/airflow/example_dags/example_sensors.py for tasks to queue
[2024-08-09T01:58:22.350+0000] {logging_mixin.py:188} INFO - [2024-08-09T01:58:22.349+0000] {dagbag.py:545} INFO - Filling up the DagBag from /home/airflow/.local/lib/python3.12/site-packages/airflow/example_dags/example_sensors.py
[2024-08-09T01:58:22.420+0000] {processor.py:840} INFO - DAG(s) 'example_sensors' retrieved from /home/airflow/.local/lib/python3.12/site-packages/airflow/example_dags/example_sensors.py
[2024-08-09T01:58:22.637+0000] {logging_mixin.py:188} INFO - [2024-08-09T01:58:22.636+0000] {dag.py:3089} INFO - Sync 1 DAGs
[2024-08-09T01:58:22.762+0000] {logging_mixin.py:188} INFO - [2024-08-09T01:58:22.760+0000] {dag.py:3947} INFO - Setting next_dagrun for example_sensors to None, run_after=None
[2024-08-09T01:58:22.878+0000] {processor.py:183} INFO - Processing /home/airflow/.local/lib/python3.12/site-packages/airflow/example_dags/example_sensors.py took 0.611 seconds
[2024-08-09T01:58:53.347+0000] {processor.py:161} INFO - Started process (PID=2781) to work on /home/airflow/.local/lib/python3.12/site-packages/airflow/example_dags/example_sensors.py
[2024-08-09T01:58:53.353+0000] {processor.py:830} INFO - Processing file /home/airflow/.local/lib/python3.12/site-packages/airflow/example_dags/example_sensors.py for tasks to queue
[2024-08-09T01:58:53.367+0000] {logging_mixin.py:188} INFO - [2024-08-09T01:58:53.364+0000] {dagbag.py:545} INFO - Filling up the DagBag from /home/airflow/.local/lib/python3.12/site-packages/airflow/example_dags/example_sensors.py
[2024-08-09T01:58:53.423+0000] {processor.py:840} INFO - DAG(s) 'example_sensors' retrieved from /home/airflow/.local/lib/python3.12/site-packages/airflow/example_dags/example_sensors.py
[2024-08-09T01:58:53.619+0000] {logging_mixin.py:188} INFO - [2024-08-09T01:58:53.618+0000] {dag.py:3089} INFO - Sync 1 DAGs
[2024-08-09T01:58:53.764+0000] {logging_mixin.py:188} INFO - [2024-08-09T01:58:53.763+0000] {dag.py:3947} INFO - Setting next_dagrun for example_sensors to None, run_after=None
[2024-08-09T01:58:53.907+0000] {processor.py:183} INFO - Processing /home/airflow/.local/lib/python3.12/site-packages/airflow/example_dags/example_sensors.py took 0.603 seconds
[2024-08-09T01:59:24.386+0000] {processor.py:161} INFO - Started process (PID=2840) to work on /home/airflow/.local/lib/python3.12/site-packages/airflow/example_dags/example_sensors.py
[2024-08-09T01:59:24.391+0000] {processor.py:830} INFO - Processing file /home/airflow/.local/lib/python3.12/site-packages/airflow/example_dags/example_sensors.py for tasks to queue
[2024-08-09T01:59:24.401+0000] {logging_mixin.py:188} INFO - [2024-08-09T01:59:24.400+0000] {dagbag.py:545} INFO - Filling up the DagBag from /home/airflow/.local/lib/python3.12/site-packages/airflow/example_dags/example_sensors.py
[2024-08-09T01:59:24.444+0000] {processor.py:840} INFO - DAG(s) 'example_sensors' retrieved from /home/airflow/.local/lib/python3.12/site-packages/airflow/example_dags/example_sensors.py
[2024-08-09T01:59:24.613+0000] {logging_mixin.py:188} INFO - [2024-08-09T01:59:24.612+0000] {dag.py:3089} INFO - Sync 1 DAGs
[2024-08-09T01:59:24.664+0000] {logging_mixin.py:188} INFO - [2024-08-09T01:59:24.663+0000] {dag.py:3947} INFO - Setting next_dagrun for example_sensors to None, run_after=None
[2024-08-09T01:59:24.747+0000] {processor.py:183} INFO - Processing /home/airflow/.local/lib/python3.12/site-packages/airflow/example_dags/example_sensors.py took 0.383 seconds
[2024-08-09T01:59:55.028+0000] {processor.py:161} INFO - Started process (PID=2898) to work on /home/airflow/.local/lib/python3.12/site-packages/airflow/example_dags/example_sensors.py
[2024-08-09T01:59:55.030+0000] {processor.py:830} INFO - Processing file /home/airflow/.local/lib/python3.12/site-packages/airflow/example_dags/example_sensors.py for tasks to queue
[2024-08-09T01:59:55.036+0000] {logging_mixin.py:188} INFO - [2024-08-09T01:59:55.035+0000] {dagbag.py:545} INFO - Filling up the DagBag from /home/airflow/.local/lib/python3.12/site-packages/airflow/example_dags/example_sensors.py
[2024-08-09T01:59:55.057+0000] {processor.py:840} INFO - DAG(s) 'example_sensors' retrieved from /home/airflow/.local/lib/python3.12/site-packages/airflow/example_dags/example_sensors.py
[2024-08-09T01:59:55.122+0000] {logging_mixin.py:188} INFO - [2024-08-09T01:59:55.121+0000] {dag.py:3089} INFO - Sync 1 DAGs
[2024-08-09T01:59:55.145+0000] {logging_mixin.py:188} INFO - [2024-08-09T01:59:55.145+0000] {dag.py:3947} INFO - Setting next_dagrun for example_sensors to None, run_after=None
[2024-08-09T01:59:55.179+0000] {processor.py:183} INFO - Processing /home/airflow/.local/lib/python3.12/site-packages/airflow/example_dags/example_sensors.py took 0.167 seconds
[2024-08-09T02:00:25.489+0000] {processor.py:161} INFO - Started process (PID=2954) to work on /home/airflow/.local/lib/python3.12/site-packages/airflow/example_dags/example_sensors.py
[2024-08-09T02:00:25.493+0000] {processor.py:830} INFO - Processing file /home/airflow/.local/lib/python3.12/site-packages/airflow/example_dags/example_sensors.py for tasks to queue
[2024-08-09T02:00:25.504+0000] {logging_mixin.py:188} INFO - [2024-08-09T02:00:25.503+0000] {dagbag.py:545} INFO - Filling up the DagBag from /home/airflow/.local/lib/python3.12/site-packages/airflow/example_dags/example_sensors.py
[2024-08-09T02:00:25.560+0000] {processor.py:840} INFO - DAG(s) 'example_sensors' retrieved from /home/airflow/.local/lib/python3.12/site-packages/airflow/example_dags/example_sensors.py
[2024-08-09T02:00:25.712+0000] {logging_mixin.py:188} INFO - [2024-08-09T02:00:25.711+0000] {dag.py:3089} INFO - Sync 1 DAGs
[2024-08-09T02:00:25.749+0000] {logging_mixin.py:188} INFO - [2024-08-09T02:00:25.749+0000] {dag.py:3947} INFO - Setting next_dagrun for example_sensors to None, run_after=None
[2024-08-09T02:00:25.843+0000] {processor.py:183} INFO - Processing /home/airflow/.local/lib/python3.12/site-packages/airflow/example_dags/example_sensors.py took 0.389 seconds
[2024-08-09T02:00:56.815+0000] {processor.py:161} INFO - Started process (PID=3012) to work on /home/airflow/.local/lib/python3.12/site-packages/airflow/example_dags/example_sensors.py
[2024-08-09T02:00:56.818+0000] {processor.py:830} INFO - Processing file /home/airflow/.local/lib/python3.12/site-packages/airflow/example_dags/example_sensors.py for tasks to queue
[2024-08-09T02:00:56.823+0000] {logging_mixin.py:188} INFO - [2024-08-09T02:00:56.822+0000] {dagbag.py:545} INFO - Filling up the DagBag from /home/airflow/.local/lib/python3.12/site-packages/airflow/example_dags/example_sensors.py
[2024-08-09T02:00:56.858+0000] {processor.py:840} INFO - DAG(s) 'example_sensors' retrieved from /home/airflow/.local/lib/python3.12/site-packages/airflow/example_dags/example_sensors.py
[2024-08-09T02:00:56.937+0000] {logging_mixin.py:188} INFO - [2024-08-09T02:00:56.936+0000] {dag.py:3089} INFO - Sync 1 DAGs
[2024-08-09T02:00:56.980+0000] {logging_mixin.py:188} INFO - [2024-08-09T02:00:56.980+0000] {dag.py:3947} INFO - Setting next_dagrun for example_sensors to None, run_after=None
[2024-08-09T02:00:57.048+0000] {processor.py:183} INFO - Processing /home/airflow/.local/lib/python3.12/site-packages/airflow/example_dags/example_sensors.py took 0.262 seconds
[2024-08-09T02:01:27.253+0000] {processor.py:161} INFO - Started process (PID=3070) to work on /home/airflow/.local/lib/python3.12/site-packages/airflow/example_dags/example_sensors.py
[2024-08-09T02:01:27.256+0000] {processor.py:830} INFO - Processing file /home/airflow/.local/lib/python3.12/site-packages/airflow/example_dags/example_sensors.py for tasks to queue
[2024-08-09T02:01:27.261+0000] {logging_mixin.py:188} INFO - [2024-08-09T02:01:27.260+0000] {dagbag.py:545} INFO - Filling up the DagBag from /home/airflow/.local/lib/python3.12/site-packages/airflow/example_dags/example_sensors.py
[2024-08-09T02:01:27.288+0000] {processor.py:840} INFO - DAG(s) 'example_sensors' retrieved from /home/airflow/.local/lib/python3.12/site-packages/airflow/example_dags/example_sensors.py
[2024-08-09T02:01:27.352+0000] {logging_mixin.py:188} INFO - [2024-08-09T02:01:27.352+0000] {dag.py:3089} INFO - Sync 1 DAGs
[2024-08-09T02:01:27.379+0000] {logging_mixin.py:188} INFO - [2024-08-09T02:01:27.378+0000] {dag.py:3947} INFO - Setting next_dagrun for example_sensors to None, run_after=None
[2024-08-09T02:01:27.429+0000] {processor.py:183} INFO - Processing /home/airflow/.local/lib/python3.12/site-packages/airflow/example_dags/example_sensors.py took 0.197 seconds
[2024-08-09T02:01:57.886+0000] {processor.py:161} INFO - Started process (PID=3128) to work on /home/airflow/.local/lib/python3.12/site-packages/airflow/example_dags/example_sensors.py
[2024-08-09T02:01:57.889+0000] {processor.py:830} INFO - Processing file /home/airflow/.local/lib/python3.12/site-packages/airflow/example_dags/example_sensors.py for tasks to queue
[2024-08-09T02:01:57.896+0000] {logging_mixin.py:188} INFO - [2024-08-09T02:01:57.894+0000] {dagbag.py:545} INFO - Filling up the DagBag from /home/airflow/.local/lib/python3.12/site-packages/airflow/example_dags/example_sensors.py
[2024-08-09T02:01:57.917+0000] {processor.py:840} INFO - DAG(s) 'example_sensors' retrieved from /home/airflow/.local/lib/python3.12/site-packages/airflow/example_dags/example_sensors.py
[2024-08-09T02:01:58.057+0000] {logging_mixin.py:188} INFO - [2024-08-09T02:01:58.056+0000] {dag.py:3089} INFO - Sync 1 DAGs
[2024-08-09T02:01:58.091+0000] {logging_mixin.py:188} INFO - [2024-08-09T02:01:58.091+0000] {dag.py:3947} INFO - Setting next_dagrun for example_sensors to None, run_after=None
[2024-08-09T02:01:58.144+0000] {processor.py:183} INFO - Processing /home/airflow/.local/lib/python3.12/site-packages/airflow/example_dags/example_sensors.py took 0.277 seconds
[2024-08-09T02:02:28.275+0000] {processor.py:161} INFO - Started process (PID=3190) to work on /home/airflow/.local/lib/python3.12/site-packages/airflow/example_dags/example_sensors.py
[2024-08-09T02:02:28.278+0000] {processor.py:830} INFO - Processing file /home/airflow/.local/lib/python3.12/site-packages/airflow/example_dags/example_sensors.py for tasks to queue
[2024-08-09T02:02:28.286+0000] {logging_mixin.py:188} INFO - [2024-08-09T02:02:28.285+0000] {dagbag.py:545} INFO - Filling up the DagBag from /home/airflow/.local/lib/python3.12/site-packages/airflow/example_dags/example_sensors.py
[2024-08-09T02:02:28.312+0000] {processor.py:840} INFO - DAG(s) 'example_sensors' retrieved from /home/airflow/.local/lib/python3.12/site-packages/airflow/example_dags/example_sensors.py
[2024-08-09T02:02:28.378+0000] {logging_mixin.py:188} INFO - [2024-08-09T02:02:28.378+0000] {dag.py:3089} INFO - Sync 1 DAGs
[2024-08-09T02:02:28.401+0000] {logging_mixin.py:188} INFO - [2024-08-09T02:02:28.401+0000] {dag.py:3947} INFO - Setting next_dagrun for example_sensors to None, run_after=None
[2024-08-09T02:02:28.441+0000] {processor.py:183} INFO - Processing /home/airflow/.local/lib/python3.12/site-packages/airflow/example_dags/example_sensors.py took 0.185 seconds
[2024-08-09T02:02:59.137+0000] {processor.py:161} INFO - Started process (PID=3250) to work on /home/airflow/.local/lib/python3.12/site-packages/airflow/example_dags/example_sensors.py
[2024-08-09T02:02:59.140+0000] {processor.py:830} INFO - Processing file /home/airflow/.local/lib/python3.12/site-packages/airflow/example_dags/example_sensors.py for tasks to queue
[2024-08-09T02:02:59.145+0000] {logging_mixin.py:188} INFO - [2024-08-09T02:02:59.144+0000] {dagbag.py:545} INFO - Filling up the DagBag from /home/airflow/.local/lib/python3.12/site-packages/airflow/example_dags/example_sensors.py
[2024-08-09T02:02:59.163+0000] {processor.py:840} INFO - DAG(s) 'example_sensors' retrieved from /home/airflow/.local/lib/python3.12/site-packages/airflow/example_dags/example_sensors.py
[2024-08-09T02:02:59.218+0000] {logging_mixin.py:188} INFO - [2024-08-09T02:02:59.218+0000] {dag.py:3089} INFO - Sync 1 DAGs
[2024-08-09T02:02:59.243+0000] {logging_mixin.py:188} INFO - [2024-08-09T02:02:59.243+0000] {dag.py:3947} INFO - Setting next_dagrun for example_sensors to None, run_after=None
[2024-08-09T02:02:59.279+0000] {processor.py:183} INFO - Processing /home/airflow/.local/lib/python3.12/site-packages/airflow/example_dags/example_sensors.py took 0.159 seconds
[2024-08-09T02:03:29.992+0000] {processor.py:161} INFO - Started process (PID=3307) to work on /home/airflow/.local/lib/python3.12/site-packages/airflow/example_dags/example_sensors.py
[2024-08-09T02:03:29.996+0000] {processor.py:830} INFO - Processing file /home/airflow/.local/lib/python3.12/site-packages/airflow/example_dags/example_sensors.py for tasks to queue
[2024-08-09T02:03:30.006+0000] {logging_mixin.py:188} INFO - [2024-08-09T02:03:30.005+0000] {dagbag.py:545} INFO - Filling up the DagBag from /home/airflow/.local/lib/python3.12/site-packages/airflow/example_dags/example_sensors.py
[2024-08-09T02:03:30.027+0000] {processor.py:840} INFO - DAG(s) 'example_sensors' retrieved from /home/airflow/.local/lib/python3.12/site-packages/airflow/example_dags/example_sensors.py
[2024-08-09T02:03:30.112+0000] {logging_mixin.py:188} INFO - [2024-08-09T02:03:30.111+0000] {dag.py:3089} INFO - Sync 1 DAGs
[2024-08-09T02:03:30.136+0000] {logging_mixin.py:188} INFO - [2024-08-09T02:03:30.135+0000] {dag.py:3947} INFO - Setting next_dagrun for example_sensors to None, run_after=None
[2024-08-09T02:03:30.196+0000] {processor.py:183} INFO - Processing /home/airflow/.local/lib/python3.12/site-packages/airflow/example_dags/example_sensors.py took 0.225 seconds
[2024-08-09T02:04:00.503+0000] {processor.py:161} INFO - Started process (PID=3365) to work on /home/airflow/.local/lib/python3.12/site-packages/airflow/example_dags/example_sensors.py
[2024-08-09T02:04:00.507+0000] {processor.py:830} INFO - Processing file /home/airflow/.local/lib/python3.12/site-packages/airflow/example_dags/example_sensors.py for tasks to queue
[2024-08-09T02:04:00.514+0000] {logging_mixin.py:188} INFO - [2024-08-09T02:04:00.513+0000] {dagbag.py:545} INFO - Filling up the DagBag from /home/airflow/.local/lib/python3.12/site-packages/airflow/example_dags/example_sensors.py
[2024-08-09T02:04:00.575+0000] {processor.py:840} INFO - DAG(s) 'example_sensors' retrieved from /home/airflow/.local/lib/python3.12/site-packages/airflow/example_dags/example_sensors.py
[2024-08-09T02:04:00.705+0000] {logging_mixin.py:188} INFO - [2024-08-09T02:04:00.703+0000] {dag.py:3089} INFO - Sync 1 DAGs
[2024-08-09T02:04:00.747+0000] {logging_mixin.py:188} INFO - [2024-08-09T02:04:00.746+0000] {dag.py:3947} INFO - Setting next_dagrun for example_sensors to None, run_after=None
[2024-08-09T02:04:00.803+0000] {processor.py:183} INFO - Processing /home/airflow/.local/lib/python3.12/site-packages/airflow/example_dags/example_sensors.py took 0.334 seconds
[2024-08-09T02:04:31.368+0000] {processor.py:161} INFO - Started process (PID=3423) to work on /home/airflow/.local/lib/python3.12/site-packages/airflow/example_dags/example_sensors.py
[2024-08-09T02:04:31.371+0000] {processor.py:830} INFO - Processing file /home/airflow/.local/lib/python3.12/site-packages/airflow/example_dags/example_sensors.py for tasks to queue
[2024-08-09T02:04:31.376+0000] {logging_mixin.py:188} INFO - [2024-08-09T02:04:31.375+0000] {dagbag.py:545} INFO - Filling up the DagBag from /home/airflow/.local/lib/python3.12/site-packages/airflow/example_dags/example_sensors.py
[2024-08-09T02:04:31.399+0000] {processor.py:840} INFO - DAG(s) 'example_sensors' retrieved from /home/airflow/.local/lib/python3.12/site-packages/airflow/example_dags/example_sensors.py
[2024-08-09T02:04:31.475+0000] {logging_mixin.py:188} INFO - [2024-08-09T02:04:31.474+0000] {dag.py:3089} INFO - Sync 1 DAGs
[2024-08-09T02:04:31.501+0000] {logging_mixin.py:188} INFO - [2024-08-09T02:04:31.501+0000] {dag.py:3947} INFO - Setting next_dagrun for example_sensors to None, run_after=None
[2024-08-09T02:04:31.541+0000] {processor.py:183} INFO - Processing /home/airflow/.local/lib/python3.12/site-packages/airflow/example_dags/example_sensors.py took 0.192 seconds
[2024-08-09T02:05:02.286+0000] {processor.py:161} INFO - Started process (PID=3481) to work on /home/airflow/.local/lib/python3.12/site-packages/airflow/example_dags/example_sensors.py
[2024-08-09T02:05:02.288+0000] {processor.py:830} INFO - Processing file /home/airflow/.local/lib/python3.12/site-packages/airflow/example_dags/example_sensors.py for tasks to queue
[2024-08-09T02:05:02.292+0000] {logging_mixin.py:188} INFO - [2024-08-09T02:05:02.292+0000] {dagbag.py:545} INFO - Filling up the DagBag from /home/airflow/.local/lib/python3.12/site-packages/airflow/example_dags/example_sensors.py
[2024-08-09T02:05:02.315+0000] {processor.py:840} INFO - DAG(s) 'example_sensors' retrieved from /home/airflow/.local/lib/python3.12/site-packages/airflow/example_dags/example_sensors.py
[2024-08-09T02:05:02.375+0000] {logging_mixin.py:188} INFO - [2024-08-09T02:05:02.374+0000] {dag.py:3089} INFO - Sync 1 DAGs
[2024-08-09T02:05:02.401+0000] {logging_mixin.py:188} INFO - [2024-08-09T02:05:02.401+0000] {dag.py:3947} INFO - Setting next_dagrun for example_sensors to None, run_after=None
[2024-08-09T02:05:02.437+0000] {processor.py:183} INFO - Processing /home/airflow/.local/lib/python3.12/site-packages/airflow/example_dags/example_sensors.py took 0.168 seconds
[2024-08-09T02:05:32.701+0000] {processor.py:161} INFO - Started process (PID=3539) to work on /home/airflow/.local/lib/python3.12/site-packages/airflow/example_dags/example_sensors.py
[2024-08-09T02:05:32.706+0000] {processor.py:830} INFO - Processing file /home/airflow/.local/lib/python3.12/site-packages/airflow/example_dags/example_sensors.py for tasks to queue
[2024-08-09T02:05:32.712+0000] {logging_mixin.py:188} INFO - [2024-08-09T02:05:32.711+0000] {dagbag.py:545} INFO - Filling up the DagBag from /home/airflow/.local/lib/python3.12/site-packages/airflow/example_dags/example_sensors.py
[2024-08-09T02:05:32.742+0000] {processor.py:840} INFO - DAG(s) 'example_sensors' retrieved from /home/airflow/.local/lib/python3.12/site-packages/airflow/example_dags/example_sensors.py
[2024-08-09T02:05:32.844+0000] {logging_mixin.py:188} INFO - [2024-08-09T02:05:32.843+0000] {dag.py:3089} INFO - Sync 1 DAGs
[2024-08-09T02:05:32.893+0000] {logging_mixin.py:188} INFO - [2024-08-09T02:05:32.893+0000] {dag.py:3947} INFO - Setting next_dagrun for example_sensors to None, run_after=None
[2024-08-09T02:05:32.955+0000] {processor.py:183} INFO - Processing /home/airflow/.local/lib/python3.12/site-packages/airflow/example_dags/example_sensors.py took 0.292 seconds
[2024-08-09T02:06:04.120+0000] {processor.py:161} INFO - Started process (PID=3597) to work on /home/airflow/.local/lib/python3.12/site-packages/airflow/example_dags/example_sensors.py
[2024-08-09T02:06:04.122+0000] {processor.py:830} INFO - Processing file /home/airflow/.local/lib/python3.12/site-packages/airflow/example_dags/example_sensors.py for tasks to queue
[2024-08-09T02:06:04.127+0000] {logging_mixin.py:188} INFO - [2024-08-09T02:06:04.127+0000] {dagbag.py:545} INFO - Filling up the DagBag from /home/airflow/.local/lib/python3.12/site-packages/airflow/example_dags/example_sensors.py
[2024-08-09T02:06:04.161+0000] {processor.py:840} INFO - DAG(s) 'example_sensors' retrieved from /home/airflow/.local/lib/python3.12/site-packages/airflow/example_dags/example_sensors.py
[2024-08-09T02:06:04.296+0000] {logging_mixin.py:188} INFO - [2024-08-09T02:06:04.296+0000] {dag.py:3089} INFO - Sync 1 DAGs
[2024-08-09T02:06:04.341+0000] {logging_mixin.py:188} INFO - [2024-08-09T02:06:04.340+0000] {dag.py:3947} INFO - Setting next_dagrun for example_sensors to None, run_after=None
[2024-08-09T02:06:04.418+0000] {processor.py:183} INFO - Processing /home/airflow/.local/lib/python3.12/site-packages/airflow/example_dags/example_sensors.py took 0.329 seconds
[2024-08-09T02:06:34.830+0000] {processor.py:161} INFO - Started process (PID=3653) to work on /home/airflow/.local/lib/python3.12/site-packages/airflow/example_dags/example_sensors.py
[2024-08-09T02:06:34.838+0000] {processor.py:830} INFO - Processing file /home/airflow/.local/lib/python3.12/site-packages/airflow/example_dags/example_sensors.py for tasks to queue
[2024-08-09T02:06:34.844+0000] {logging_mixin.py:188} INFO - [2024-08-09T02:06:34.844+0000] {dagbag.py:545} INFO - Filling up the DagBag from /home/airflow/.local/lib/python3.12/site-packages/airflow/example_dags/example_sensors.py
[2024-08-09T02:06:34.874+0000] {processor.py:840} INFO - DAG(s) 'example_sensors' retrieved from /home/airflow/.local/lib/python3.12/site-packages/airflow/example_dags/example_sensors.py
[2024-08-09T02:06:34.977+0000] {logging_mixin.py:188} INFO - [2024-08-09T02:06:34.977+0000] {dag.py:3089} INFO - Sync 1 DAGs
[2024-08-09T02:06:35.016+0000] {logging_mixin.py:188} INFO - [2024-08-09T02:06:35.015+0000] {dag.py:3947} INFO - Setting next_dagrun for example_sensors to None, run_after=None
[2024-08-09T02:06:35.051+0000] {processor.py:183} INFO - Processing /home/airflow/.local/lib/python3.12/site-packages/airflow/example_dags/example_sensors.py took 0.301 seconds
[2024-08-09T02:07:05.909+0000] {processor.py:161} INFO - Started process (PID=3710) to work on /home/airflow/.local/lib/python3.12/site-packages/airflow/example_dags/example_sensors.py
[2024-08-09T02:07:05.912+0000] {processor.py:830} INFO - Processing file /home/airflow/.local/lib/python3.12/site-packages/airflow/example_dags/example_sensors.py for tasks to queue
[2024-08-09T02:07:05.916+0000] {logging_mixin.py:188} INFO - [2024-08-09T02:07:05.915+0000] {dagbag.py:545} INFO - Filling up the DagBag from /home/airflow/.local/lib/python3.12/site-packages/airflow/example_dags/example_sensors.py
[2024-08-09T02:07:05.938+0000] {processor.py:840} INFO - DAG(s) 'example_sensors' retrieved from /home/airflow/.local/lib/python3.12/site-packages/airflow/example_dags/example_sensors.py
[2024-08-09T02:07:05.992+0000] {logging_mixin.py:188} INFO - [2024-08-09T02:07:05.991+0000] {dag.py:3089} INFO - Sync 1 DAGs
[2024-08-09T02:07:06.015+0000] {logging_mixin.py:188} INFO - [2024-08-09T02:07:06.014+0000] {dag.py:3947} INFO - Setting next_dagrun for example_sensors to None, run_after=None
[2024-08-09T02:07:06.055+0000] {processor.py:183} INFO - Processing /home/airflow/.local/lib/python3.12/site-packages/airflow/example_dags/example_sensors.py took 0.163 seconds
[2024-08-09T02:07:36.332+0000] {processor.py:161} INFO - Started process (PID=3767) to work on /home/airflow/.local/lib/python3.12/site-packages/airflow/example_dags/example_sensors.py
[2024-08-09T02:07:36.338+0000] {processor.py:830} INFO - Processing file /home/airflow/.local/lib/python3.12/site-packages/airflow/example_dags/example_sensors.py for tasks to queue
[2024-08-09T02:07:36.345+0000] {logging_mixin.py:188} INFO - [2024-08-09T02:07:36.344+0000] {dagbag.py:545} INFO - Filling up the DagBag from /home/airflow/.local/lib/python3.12/site-packages/airflow/example_dags/example_sensors.py
[2024-08-09T02:07:36.371+0000] {processor.py:840} INFO - DAG(s) 'example_sensors' retrieved from /home/airflow/.local/lib/python3.12/site-packages/airflow/example_dags/example_sensors.py
[2024-08-09T02:07:36.490+0000] {logging_mixin.py:188} INFO - [2024-08-09T02:07:36.489+0000] {dag.py:3089} INFO - Sync 1 DAGs
[2024-08-09T02:07:36.516+0000] {logging_mixin.py:188} INFO - [2024-08-09T02:07:36.516+0000] {dag.py:3947} INFO - Setting next_dagrun for example_sensors to None, run_after=None
[2024-08-09T02:07:36.559+0000] {processor.py:183} INFO - Processing /home/airflow/.local/lib/python3.12/site-packages/airflow/example_dags/example_sensors.py took 0.256 seconds
[2024-08-09T02:08:06.907+0000] {processor.py:161} INFO - Started process (PID=3825) to work on /home/airflow/.local/lib/python3.12/site-packages/airflow/example_dags/example_sensors.py
[2024-08-09T02:08:06.912+0000] {processor.py:830} INFO - Processing file /home/airflow/.local/lib/python3.12/site-packages/airflow/example_dags/example_sensors.py for tasks to queue
[2024-08-09T02:08:06.917+0000] {logging_mixin.py:188} INFO - [2024-08-09T02:08:06.916+0000] {dagbag.py:545} INFO - Filling up the DagBag from /home/airflow/.local/lib/python3.12/site-packages/airflow/example_dags/example_sensors.py
[2024-08-09T02:08:06.940+0000] {processor.py:840} INFO - DAG(s) 'example_sensors' retrieved from /home/airflow/.local/lib/python3.12/site-packages/airflow/example_dags/example_sensors.py
[2024-08-09T02:08:07.018+0000] {logging_mixin.py:188} INFO - [2024-08-09T02:08:07.017+0000] {dag.py:3089} INFO - Sync 1 DAGs
[2024-08-09T02:08:07.046+0000] {logging_mixin.py:188} INFO - [2024-08-09T02:08:07.046+0000] {dag.py:3947} INFO - Setting next_dagrun for example_sensors to None, run_after=None
[2024-08-09T02:08:07.089+0000] {processor.py:183} INFO - Processing /home/airflow/.local/lib/python3.12/site-packages/airflow/example_dags/example_sensors.py took 0.204 seconds
[2024-08-09T02:08:37.591+0000] {processor.py:161} INFO - Started process (PID=3883) to work on /home/airflow/.local/lib/python3.12/site-packages/airflow/example_dags/example_sensors.py
[2024-08-09T02:08:37.598+0000] {processor.py:830} INFO - Processing file /home/airflow/.local/lib/python3.12/site-packages/airflow/example_dags/example_sensors.py for tasks to queue
[2024-08-09T02:08:37.605+0000] {logging_mixin.py:188} INFO - [2024-08-09T02:08:37.604+0000] {dagbag.py:545} INFO - Filling up the DagBag from /home/airflow/.local/lib/python3.12/site-packages/airflow/example_dags/example_sensors.py
[2024-08-09T02:08:37.654+0000] {processor.py:840} INFO - DAG(s) 'example_sensors' retrieved from /home/airflow/.local/lib/python3.12/site-packages/airflow/example_dags/example_sensors.py
[2024-08-09T02:08:37.734+0000] {logging_mixin.py:188} INFO - [2024-08-09T02:08:37.733+0000] {dag.py:3089} INFO - Sync 1 DAGs
[2024-08-09T02:08:37.764+0000] {logging_mixin.py:188} INFO - [2024-08-09T02:08:37.763+0000] {dag.py:3947} INFO - Setting next_dagrun for example_sensors to None, run_after=None
[2024-08-09T02:08:37.802+0000] {processor.py:183} INFO - Processing /home/airflow/.local/lib/python3.12/site-packages/airflow/example_dags/example_sensors.py took 0.247 seconds
[2024-08-09T02:09:07.890+0000] {processor.py:161} INFO - Started process (PID=3940) to work on /home/airflow/.local/lib/python3.12/site-packages/airflow/example_dags/example_sensors.py
[2024-08-09T02:09:07.892+0000] {processor.py:830} INFO - Processing file /home/airflow/.local/lib/python3.12/site-packages/airflow/example_dags/example_sensors.py for tasks to queue
[2024-08-09T02:09:07.897+0000] {logging_mixin.py:188} INFO - [2024-08-09T02:09:07.896+0000] {dagbag.py:545} INFO - Filling up the DagBag from /home/airflow/.local/lib/python3.12/site-packages/airflow/example_dags/example_sensors.py
[2024-08-09T02:09:07.914+0000] {processor.py:840} INFO - DAG(s) 'example_sensors' retrieved from /home/airflow/.local/lib/python3.12/site-packages/airflow/example_dags/example_sensors.py
[2024-08-09T02:09:07.966+0000] {logging_mixin.py:188} INFO - [2024-08-09T02:09:07.965+0000] {dag.py:3089} INFO - Sync 1 DAGs
[2024-08-09T02:09:07.987+0000] {logging_mixin.py:188} INFO - [2024-08-09T02:09:07.987+0000] {dag.py:3947} INFO - Setting next_dagrun for example_sensors to None, run_after=None
[2024-08-09T02:09:08.017+0000] {processor.py:183} INFO - Processing /home/airflow/.local/lib/python3.12/site-packages/airflow/example_dags/example_sensors.py took 0.142 seconds
[2024-08-09T02:09:38.830+0000] {processor.py:161} INFO - Started process (PID=3999) to work on /home/airflow/.local/lib/python3.12/site-packages/airflow/example_dags/example_sensors.py
[2024-08-09T02:09:38.835+0000] {processor.py:830} INFO - Processing file /home/airflow/.local/lib/python3.12/site-packages/airflow/example_dags/example_sensors.py for tasks to queue
[2024-08-09T02:09:38.847+0000] {logging_mixin.py:188} INFO - [2024-08-09T02:09:38.842+0000] {dagbag.py:545} INFO - Filling up the DagBag from /home/airflow/.local/lib/python3.12/site-packages/airflow/example_dags/example_sensors.py
[2024-08-09T02:09:38.895+0000] {processor.py:840} INFO - DAG(s) 'example_sensors' retrieved from /home/airflow/.local/lib/python3.12/site-packages/airflow/example_dags/example_sensors.py
[2024-08-09T02:09:39.049+0000] {logging_mixin.py:188} INFO - [2024-08-09T02:09:39.049+0000] {dag.py:3089} INFO - Sync 1 DAGs
[2024-08-09T02:09:39.155+0000] {logging_mixin.py:188} INFO - [2024-08-09T02:09:39.150+0000] {dag.py:3947} INFO - Setting next_dagrun for example_sensors to None, run_after=None
[2024-08-09T02:09:39.297+0000] {processor.py:183} INFO - Processing /home/airflow/.local/lib/python3.12/site-packages/airflow/example_dags/example_sensors.py took 0.536 seconds
[2024-08-09T02:10:09.624+0000] {processor.py:161} INFO - Started process (PID=4057) to work on /home/airflow/.local/lib/python3.12/site-packages/airflow/example_dags/example_sensors.py
[2024-08-09T02:10:09.627+0000] {processor.py:830} INFO - Processing file /home/airflow/.local/lib/python3.12/site-packages/airflow/example_dags/example_sensors.py for tasks to queue
[2024-08-09T02:10:09.634+0000] {logging_mixin.py:188} INFO - [2024-08-09T02:10:09.633+0000] {dagbag.py:545} INFO - Filling up the DagBag from /home/airflow/.local/lib/python3.12/site-packages/airflow/example_dags/example_sensors.py
[2024-08-09T02:10:09.657+0000] {processor.py:840} INFO - DAG(s) 'example_sensors' retrieved from /home/airflow/.local/lib/python3.12/site-packages/airflow/example_dags/example_sensors.py
[2024-08-09T02:10:09.727+0000] {logging_mixin.py:188} INFO - [2024-08-09T02:10:09.726+0000] {dag.py:3089} INFO - Sync 1 DAGs
[2024-08-09T02:10:09.761+0000] {logging_mixin.py:188} INFO - [2024-08-09T02:10:09.760+0000] {dag.py:3947} INFO - Setting next_dagrun for example_sensors to None, run_after=None
[2024-08-09T02:10:09.801+0000] {processor.py:183} INFO - Processing /home/airflow/.local/lib/python3.12/site-packages/airflow/example_dags/example_sensors.py took 0.206 seconds
[2024-08-09T02:10:40.069+0000] {processor.py:161} INFO - Started process (PID=4114) to work on /home/airflow/.local/lib/python3.12/site-packages/airflow/example_dags/example_sensors.py
[2024-08-09T02:10:40.072+0000] {processor.py:830} INFO - Processing file /home/airflow/.local/lib/python3.12/site-packages/airflow/example_dags/example_sensors.py for tasks to queue
[2024-08-09T02:10:40.078+0000] {logging_mixin.py:188} INFO - [2024-08-09T02:10:40.077+0000] {dagbag.py:545} INFO - Filling up the DagBag from /home/airflow/.local/lib/python3.12/site-packages/airflow/example_dags/example_sensors.py
[2024-08-09T02:10:40.103+0000] {processor.py:840} INFO - DAG(s) 'example_sensors' retrieved from /home/airflow/.local/lib/python3.12/site-packages/airflow/example_dags/example_sensors.py
[2024-08-09T02:10:40.163+0000] {logging_mixin.py:188} INFO - [2024-08-09T02:10:40.162+0000] {dag.py:3089} INFO - Sync 1 DAGs
[2024-08-09T02:10:40.185+0000] {logging_mixin.py:188} INFO - [2024-08-09T02:10:40.184+0000] {dag.py:3947} INFO - Setting next_dagrun for example_sensors to None, run_after=None
[2024-08-09T02:10:40.219+0000] {processor.py:183} INFO - Processing /home/airflow/.local/lib/python3.12/site-packages/airflow/example_dags/example_sensors.py took 0.173 seconds
[2024-08-09T02:11:10.590+0000] {processor.py:161} INFO - Started process (PID=4172) to work on /home/airflow/.local/lib/python3.12/site-packages/airflow/example_dags/example_sensors.py
[2024-08-09T02:11:10.595+0000] {processor.py:830} INFO - Processing file /home/airflow/.local/lib/python3.12/site-packages/airflow/example_dags/example_sensors.py for tasks to queue
[2024-08-09T02:11:10.602+0000] {logging_mixin.py:188} INFO - [2024-08-09T02:11:10.601+0000] {dagbag.py:545} INFO - Filling up the DagBag from /home/airflow/.local/lib/python3.12/site-packages/airflow/example_dags/example_sensors.py
[2024-08-09T02:11:10.624+0000] {processor.py:840} INFO - DAG(s) 'example_sensors' retrieved from /home/airflow/.local/lib/python3.12/site-packages/airflow/example_dags/example_sensors.py
[2024-08-09T02:11:10.699+0000] {logging_mixin.py:188} INFO - [2024-08-09T02:11:10.699+0000] {dag.py:3089} INFO - Sync 1 DAGs
[2024-08-09T02:11:10.735+0000] {logging_mixin.py:188} INFO - [2024-08-09T02:11:10.734+0000] {dag.py:3947} INFO - Setting next_dagrun for example_sensors to None, run_after=None
[2024-08-09T02:11:10.783+0000] {processor.py:183} INFO - Processing /home/airflow/.local/lib/python3.12/site-packages/airflow/example_dags/example_sensors.py took 0.216 seconds
[2024-08-09T02:11:41.544+0000] {processor.py:161} INFO - Started process (PID=4230) to work on /home/airflow/.local/lib/python3.12/site-packages/airflow/example_dags/example_sensors.py
[2024-08-09T02:11:41.548+0000] {processor.py:830} INFO - Processing file /home/airflow/.local/lib/python3.12/site-packages/airflow/example_dags/example_sensors.py for tasks to queue
[2024-08-09T02:11:41.555+0000] {logging_mixin.py:188} INFO - [2024-08-09T02:11:41.554+0000] {dagbag.py:545} INFO - Filling up the DagBag from /home/airflow/.local/lib/python3.12/site-packages/airflow/example_dags/example_sensors.py
[2024-08-09T02:11:41.583+0000] {processor.py:840} INFO - DAG(s) 'example_sensors' retrieved from /home/airflow/.local/lib/python3.12/site-packages/airflow/example_dags/example_sensors.py
[2024-08-09T02:11:41.666+0000] {logging_mixin.py:188} INFO - [2024-08-09T02:11:41.665+0000] {dag.py:3089} INFO - Sync 1 DAGs
[2024-08-09T02:11:41.704+0000] {logging_mixin.py:188} INFO - [2024-08-09T02:11:41.704+0000] {dag.py:3947} INFO - Setting next_dagrun for example_sensors to None, run_after=None
[2024-08-09T02:11:41.742+0000] {processor.py:183} INFO - Processing /home/airflow/.local/lib/python3.12/site-packages/airflow/example_dags/example_sensors.py took 0.230 seconds
[2024-08-09T02:12:12.052+0000] {processor.py:161} INFO - Started process (PID=4288) to work on /home/airflow/.local/lib/python3.12/site-packages/airflow/example_dags/example_sensors.py
[2024-08-09T02:12:12.055+0000] {processor.py:830} INFO - Processing file /home/airflow/.local/lib/python3.12/site-packages/airflow/example_dags/example_sensors.py for tasks to queue
[2024-08-09T02:12:12.066+0000] {logging_mixin.py:188} INFO - [2024-08-09T02:12:12.065+0000] {dagbag.py:545} INFO - Filling up the DagBag from /home/airflow/.local/lib/python3.12/site-packages/airflow/example_dags/example_sensors.py
[2024-08-09T02:12:12.097+0000] {processor.py:840} INFO - DAG(s) 'example_sensors' retrieved from /home/airflow/.local/lib/python3.12/site-packages/airflow/example_dags/example_sensors.py
[2024-08-09T02:12:12.185+0000] {logging_mixin.py:188} INFO - [2024-08-09T02:12:12.185+0000] {dag.py:3089} INFO - Sync 1 DAGs
[2024-08-09T02:12:12.226+0000] {logging_mixin.py:188} INFO - [2024-08-09T02:12:12.226+0000] {dag.py:3947} INFO - Setting next_dagrun for example_sensors to None, run_after=None
[2024-08-09T02:12:12.284+0000] {processor.py:183} INFO - Processing /home/airflow/.local/lib/python3.12/site-packages/airflow/example_dags/example_sensors.py took 0.256 seconds
[2024-08-09T02:12:42.686+0000] {processor.py:161} INFO - Started process (PID=4346) to work on /home/airflow/.local/lib/python3.12/site-packages/airflow/example_dags/example_sensors.py
[2024-08-09T02:12:42.689+0000] {processor.py:830} INFO - Processing file /home/airflow/.local/lib/python3.12/site-packages/airflow/example_dags/example_sensors.py for tasks to queue
[2024-08-09T02:12:42.694+0000] {logging_mixin.py:188} INFO - [2024-08-09T02:12:42.693+0000] {dagbag.py:545} INFO - Filling up the DagBag from /home/airflow/.local/lib/python3.12/site-packages/airflow/example_dags/example_sensors.py
[2024-08-09T02:12:42.716+0000] {processor.py:840} INFO - DAG(s) 'example_sensors' retrieved from /home/airflow/.local/lib/python3.12/site-packages/airflow/example_dags/example_sensors.py
[2024-08-09T02:12:42.788+0000] {logging_mixin.py:188} INFO - [2024-08-09T02:12:42.788+0000] {dag.py:3089} INFO - Sync 1 DAGs
[2024-08-09T02:12:42.812+0000] {logging_mixin.py:188} INFO - [2024-08-09T02:12:42.812+0000] {dag.py:3947} INFO - Setting next_dagrun for example_sensors to None, run_after=None
[2024-08-09T02:12:42.879+0000] {processor.py:183} INFO - Processing /home/airflow/.local/lib/python3.12/site-packages/airflow/example_dags/example_sensors.py took 0.210 seconds
[2024-08-09T02:13:13.780+0000] {processor.py:161} INFO - Started process (PID=4403) to work on /home/airflow/.local/lib/python3.12/site-packages/airflow/example_dags/example_sensors.py
[2024-08-09T02:13:13.783+0000] {processor.py:830} INFO - Processing file /home/airflow/.local/lib/python3.12/site-packages/airflow/example_dags/example_sensors.py for tasks to queue
[2024-08-09T02:13:13.789+0000] {logging_mixin.py:188} INFO - [2024-08-09T02:13:13.789+0000] {dagbag.py:545} INFO - Filling up the DagBag from /home/airflow/.local/lib/python3.12/site-packages/airflow/example_dags/example_sensors.py
[2024-08-09T02:13:13.813+0000] {processor.py:840} INFO - DAG(s) 'example_sensors' retrieved from /home/airflow/.local/lib/python3.12/site-packages/airflow/example_dags/example_sensors.py
[2024-08-09T02:13:13.934+0000] {logging_mixin.py:188} INFO - [2024-08-09T02:13:13.933+0000] {dag.py:3089} INFO - Sync 1 DAGs
[2024-08-09T02:13:13.970+0000] {logging_mixin.py:188} INFO - [2024-08-09T02:13:13.969+0000] {dag.py:3947} INFO - Setting next_dagrun for example_sensors to None, run_after=None
[2024-08-09T02:13:14.014+0000] {processor.py:183} INFO - Processing /home/airflow/.local/lib/python3.12/site-packages/airflow/example_dags/example_sensors.py took 0.266 seconds
[2024-08-09T02:13:44.865+0000] {processor.py:161} INFO - Started process (PID=4461) to work on /home/airflow/.local/lib/python3.12/site-packages/airflow/example_dags/example_sensors.py
[2024-08-09T02:13:44.869+0000] {processor.py:830} INFO - Processing file /home/airflow/.local/lib/python3.12/site-packages/airflow/example_dags/example_sensors.py for tasks to queue
[2024-08-09T02:13:44.877+0000] {logging_mixin.py:188} INFO - [2024-08-09T02:13:44.876+0000] {dagbag.py:545} INFO - Filling up the DagBag from /home/airflow/.local/lib/python3.12/site-packages/airflow/example_dags/example_sensors.py
[2024-08-09T02:13:44.909+0000] {processor.py:840} INFO - DAG(s) 'example_sensors' retrieved from /home/airflow/.local/lib/python3.12/site-packages/airflow/example_dags/example_sensors.py
[2024-08-09T02:13:45.000+0000] {logging_mixin.py:188} INFO - [2024-08-09T02:13:45.000+0000] {dag.py:3089} INFO - Sync 1 DAGs
[2024-08-09T02:13:45.037+0000] {logging_mixin.py:188} INFO - [2024-08-09T02:13:45.036+0000] {dag.py:3947} INFO - Setting next_dagrun for example_sensors to None, run_after=None
[2024-08-09T02:13:45.111+0000] {processor.py:183} INFO - Processing /home/airflow/.local/lib/python3.12/site-packages/airflow/example_dags/example_sensors.py took 0.271 seconds
[2024-08-09T02:14:15.493+0000] {processor.py:161} INFO - Started process (PID=4519) to work on /home/airflow/.local/lib/python3.12/site-packages/airflow/example_dags/example_sensors.py
[2024-08-09T02:14:15.497+0000] {processor.py:830} INFO - Processing file /home/airflow/.local/lib/python3.12/site-packages/airflow/example_dags/example_sensors.py for tasks to queue
[2024-08-09T02:14:15.504+0000] {logging_mixin.py:188} INFO - [2024-08-09T02:14:15.504+0000] {dagbag.py:545} INFO - Filling up the DagBag from /home/airflow/.local/lib/python3.12/site-packages/airflow/example_dags/example_sensors.py
[2024-08-09T02:14:15.535+0000] {processor.py:840} INFO - DAG(s) 'example_sensors' retrieved from /home/airflow/.local/lib/python3.12/site-packages/airflow/example_dags/example_sensors.py
[2024-08-09T02:14:15.651+0000] {logging_mixin.py:188} INFO - [2024-08-09T02:14:15.650+0000] {dag.py:3089} INFO - Sync 1 DAGs
[2024-08-09T02:14:15.688+0000] {logging_mixin.py:188} INFO - [2024-08-09T02:14:15.686+0000] {dag.py:3947} INFO - Setting next_dagrun for example_sensors to None, run_after=None
[2024-08-09T02:14:15.773+0000] {processor.py:183} INFO - Processing /home/airflow/.local/lib/python3.12/site-packages/airflow/example_dags/example_sensors.py took 0.305 seconds
[2024-08-09T02:14:46.151+0000] {processor.py:161} INFO - Started process (PID=4577) to work on /home/airflow/.local/lib/python3.12/site-packages/airflow/example_dags/example_sensors.py
[2024-08-09T02:14:46.156+0000] {processor.py:830} INFO - Processing file /home/airflow/.local/lib/python3.12/site-packages/airflow/example_dags/example_sensors.py for tasks to queue
[2024-08-09T02:14:46.166+0000] {logging_mixin.py:188} INFO - [2024-08-09T02:14:46.164+0000] {dagbag.py:545} INFO - Filling up the DagBag from /home/airflow/.local/lib/python3.12/site-packages/airflow/example_dags/example_sensors.py
[2024-08-09T02:14:46.221+0000] {processor.py:840} INFO - DAG(s) 'example_sensors' retrieved from /home/airflow/.local/lib/python3.12/site-packages/airflow/example_dags/example_sensors.py
[2024-08-09T02:14:46.339+0000] {logging_mixin.py:188} INFO - [2024-08-09T02:14:46.338+0000] {dag.py:3089} INFO - Sync 1 DAGs
[2024-08-09T02:14:46.380+0000] {logging_mixin.py:188} INFO - [2024-08-09T02:14:46.380+0000] {dag.py:3947} INFO - Setting next_dagrun for example_sensors to None, run_after=None
[2024-08-09T02:14:46.447+0000] {processor.py:183} INFO - Processing /home/airflow/.local/lib/python3.12/site-packages/airflow/example_dags/example_sensors.py took 0.325 seconds
[2024-08-09T02:15:17.031+0000] {processor.py:161} INFO - Started process (PID=4635) to work on /home/airflow/.local/lib/python3.12/site-packages/airflow/example_dags/example_sensors.py
[2024-08-09T02:15:17.034+0000] {processor.py:830} INFO - Processing file /home/airflow/.local/lib/python3.12/site-packages/airflow/example_dags/example_sensors.py for tasks to queue
[2024-08-09T02:15:17.042+0000] {logging_mixin.py:188} INFO - [2024-08-09T02:15:17.041+0000] {dagbag.py:545} INFO - Filling up the DagBag from /home/airflow/.local/lib/python3.12/site-packages/airflow/example_dags/example_sensors.py
[2024-08-09T02:15:17.070+0000] {processor.py:840} INFO - DAG(s) 'example_sensors' retrieved from /home/airflow/.local/lib/python3.12/site-packages/airflow/example_dags/example_sensors.py
[2024-08-09T02:15:17.184+0000] {logging_mixin.py:188} INFO - [2024-08-09T02:15:17.184+0000] {dag.py:3089} INFO - Sync 1 DAGs
[2024-08-09T02:15:17.224+0000] {logging_mixin.py:188} INFO - [2024-08-09T02:15:17.223+0000] {dag.py:3947} INFO - Setting next_dagrun for example_sensors to None, run_after=None
[2024-08-09T02:15:17.271+0000] {processor.py:183} INFO - Processing /home/airflow/.local/lib/python3.12/site-packages/airflow/example_dags/example_sensors.py took 0.277 seconds
[2024-08-09T02:15:47.946+0000] {processor.py:161} INFO - Started process (PID=4693) to work on /home/airflow/.local/lib/python3.12/site-packages/airflow/example_dags/example_sensors.py
[2024-08-09T02:15:47.950+0000] {processor.py:830} INFO - Processing file /home/airflow/.local/lib/python3.12/site-packages/airflow/example_dags/example_sensors.py for tasks to queue
[2024-08-09T02:15:47.957+0000] {logging_mixin.py:188} INFO - [2024-08-09T02:15:47.956+0000] {dagbag.py:545} INFO - Filling up the DagBag from /home/airflow/.local/lib/python3.12/site-packages/airflow/example_dags/example_sensors.py
[2024-08-09T02:15:47.978+0000] {processor.py:840} INFO - DAG(s) 'example_sensors' retrieved from /home/airflow/.local/lib/python3.12/site-packages/airflow/example_dags/example_sensors.py
[2024-08-09T02:15:48.040+0000] {logging_mixin.py:188} INFO - [2024-08-09T02:15:48.040+0000] {dag.py:3089} INFO - Sync 1 DAGs
[2024-08-09T02:15:48.064+0000] {logging_mixin.py:188} INFO - [2024-08-09T02:15:48.064+0000] {dag.py:3947} INFO - Setting next_dagrun for example_sensors to None, run_after=None
[2024-08-09T02:15:48.101+0000] {processor.py:183} INFO - Processing /home/airflow/.local/lib/python3.12/site-packages/airflow/example_dags/example_sensors.py took 0.175 seconds
