[2024-08-09T01:42:28.654+0000] {processor.py:161} INFO - Started process (PID=982) to work on /home/airflow/.local/lib/python3.12/site-packages/airflow/example_dags/example_sensor_decorator.py
[2024-08-09T01:42:28.657+0000] {processor.py:830} INFO - Processing file /home/airflow/.local/lib/python3.12/site-packages/airflow/example_dags/example_sensor_decorator.py for tasks to queue
[2024-08-09T01:42:28.663+0000] {logging_mixin.py:188} INFO - [2024-08-09T01:42:28.662+0000] {dagbag.py:545} INFO - Filling up the DagBag from /home/airflow/.local/lib/python3.12/site-packages/airflow/example_dags/example_sensor_decorator.py
[2024-08-09T01:42:28.682+0000] {processor.py:840} INFO - DAG(s) 'example_sensor_decorator' retrieved from /home/airflow/.local/lib/python3.12/site-packages/airflow/example_dags/example_sensor_decorator.py
[2024-08-09T01:42:28.744+0000] {logging_mixin.py:188} INFO - [2024-08-09T01:42:28.744+0000] {dag.py:3089} INFO - Sync 1 DAGs
[2024-08-09T01:42:28.774+0000] {logging_mixin.py:188} INFO - [2024-08-09T01:42:28.774+0000] {dag.py:3947} INFO - Setting next_dagrun for example_sensor_decorator to None, run_after=None
[2024-08-09T01:42:28.820+0000] {processor.py:183} INFO - Processing /home/airflow/.local/lib/python3.12/site-packages/airflow/example_dags/example_sensor_decorator.py took 0.183 seconds
[2024-08-09T01:42:59.213+0000] {processor.py:161} INFO - Started process (PID=1041) to work on /home/airflow/.local/lib/python3.12/site-packages/airflow/example_dags/example_sensor_decorator.py
[2024-08-09T01:42:59.215+0000] {processor.py:830} INFO - Processing file /home/airflow/.local/lib/python3.12/site-packages/airflow/example_dags/example_sensor_decorator.py for tasks to queue
[2024-08-09T01:42:59.223+0000] {logging_mixin.py:188} INFO - [2024-08-09T01:42:59.222+0000] {dagbag.py:545} INFO - Filling up the DagBag from /home/airflow/.local/lib/python3.12/site-packages/airflow/example_dags/example_sensor_decorator.py
[2024-08-09T01:42:59.260+0000] {processor.py:840} INFO - DAG(s) 'example_sensor_decorator' retrieved from /home/airflow/.local/lib/python3.12/site-packages/airflow/example_dags/example_sensor_decorator.py
[2024-08-09T01:42:59.340+0000] {logging_mixin.py:188} INFO - [2024-08-09T01:42:59.339+0000] {dag.py:3089} INFO - Sync 1 DAGs
[2024-08-09T01:42:59.388+0000] {logging_mixin.py:188} INFO - [2024-08-09T01:42:59.387+0000] {dag.py:3947} INFO - Setting next_dagrun for example_sensor_decorator to None, run_after=None
[2024-08-09T01:42:59.431+0000] {processor.py:183} INFO - Processing /home/airflow/.local/lib/python3.12/site-packages/airflow/example_dags/example_sensor_decorator.py took 0.248 seconds
[2024-08-09T01:43:29.812+0000] {processor.py:161} INFO - Started process (PID=1099) to work on /home/airflow/.local/lib/python3.12/site-packages/airflow/example_dags/example_sensor_decorator.py
[2024-08-09T01:43:29.814+0000] {processor.py:830} INFO - Processing file /home/airflow/.local/lib/python3.12/site-packages/airflow/example_dags/example_sensor_decorator.py for tasks to queue
[2024-08-09T01:43:29.823+0000] {logging_mixin.py:188} INFO - [2024-08-09T01:43:29.821+0000] {dagbag.py:545} INFO - Filling up the DagBag from /home/airflow/.local/lib/python3.12/site-packages/airflow/example_dags/example_sensor_decorator.py
[2024-08-09T01:43:29.845+0000] {processor.py:840} INFO - DAG(s) 'example_sensor_decorator' retrieved from /home/airflow/.local/lib/python3.12/site-packages/airflow/example_dags/example_sensor_decorator.py
[2024-08-09T01:43:29.926+0000] {logging_mixin.py:188} INFO - [2024-08-09T01:43:29.926+0000] {dag.py:3089} INFO - Sync 1 DAGs
[2024-08-09T01:43:29.969+0000] {logging_mixin.py:188} INFO - [2024-08-09T01:43:29.968+0000] {dag.py:3947} INFO - Setting next_dagrun for example_sensor_decorator to None, run_after=None
[2024-08-09T01:43:30.039+0000] {processor.py:183} INFO - Processing /home/airflow/.local/lib/python3.12/site-packages/airflow/example_dags/example_sensor_decorator.py took 0.256 seconds
[2024-08-09T01:44:00.388+0000] {processor.py:161} INFO - Started process (PID=1157) to work on /home/airflow/.local/lib/python3.12/site-packages/airflow/example_dags/example_sensor_decorator.py
[2024-08-09T01:44:00.391+0000] {processor.py:830} INFO - Processing file /home/airflow/.local/lib/python3.12/site-packages/airflow/example_dags/example_sensor_decorator.py for tasks to queue
[2024-08-09T01:44:00.396+0000] {logging_mixin.py:188} INFO - [2024-08-09T01:44:00.395+0000] {dagbag.py:545} INFO - Filling up the DagBag from /home/airflow/.local/lib/python3.12/site-packages/airflow/example_dags/example_sensor_decorator.py
[2024-08-09T01:44:00.416+0000] {processor.py:840} INFO - DAG(s) 'example_sensor_decorator' retrieved from /home/airflow/.local/lib/python3.12/site-packages/airflow/example_dags/example_sensor_decorator.py
[2024-08-09T01:44:00.485+0000] {logging_mixin.py:188} INFO - [2024-08-09T01:44:00.485+0000] {dag.py:3089} INFO - Sync 1 DAGs
[2024-08-09T01:44:00.515+0000] {logging_mixin.py:188} INFO - [2024-08-09T01:44:00.514+0000] {dag.py:3947} INFO - Setting next_dagrun for example_sensor_decorator to None, run_after=None
[2024-08-09T01:44:00.552+0000] {processor.py:183} INFO - Processing /home/airflow/.local/lib/python3.12/site-packages/airflow/example_dags/example_sensor_decorator.py took 0.189 seconds
[2024-08-09T01:44:31.393+0000] {processor.py:161} INFO - Started process (PID=1215) to work on /home/airflow/.local/lib/python3.12/site-packages/airflow/example_dags/example_sensor_decorator.py
[2024-08-09T01:44:31.398+0000] {processor.py:830} INFO - Processing file /home/airflow/.local/lib/python3.12/site-packages/airflow/example_dags/example_sensor_decorator.py for tasks to queue
[2024-08-09T01:44:31.404+0000] {logging_mixin.py:188} INFO - [2024-08-09T01:44:31.403+0000] {dagbag.py:545} INFO - Filling up the DagBag from /home/airflow/.local/lib/python3.12/site-packages/airflow/example_dags/example_sensor_decorator.py
[2024-08-09T01:44:31.449+0000] {processor.py:840} INFO - DAG(s) 'example_sensor_decorator' retrieved from /home/airflow/.local/lib/python3.12/site-packages/airflow/example_dags/example_sensor_decorator.py
[2024-08-09T01:44:31.544+0000] {logging_mixin.py:188} INFO - [2024-08-09T01:44:31.543+0000] {dag.py:3089} INFO - Sync 1 DAGs
[2024-08-09T01:44:31.597+0000] {logging_mixin.py:188} INFO - [2024-08-09T01:44:31.595+0000] {dag.py:3947} INFO - Setting next_dagrun for example_sensor_decorator to None, run_after=None
[2024-08-09T01:44:31.650+0000] {processor.py:183} INFO - Processing /home/airflow/.local/lib/python3.12/site-packages/airflow/example_dags/example_sensor_decorator.py took 0.275 seconds
[2024-08-09T01:45:01.739+0000] {processor.py:161} INFO - Started process (PID=1273) to work on /home/airflow/.local/lib/python3.12/site-packages/airflow/example_dags/example_sensor_decorator.py
[2024-08-09T01:45:01.741+0000] {processor.py:830} INFO - Processing file /home/airflow/.local/lib/python3.12/site-packages/airflow/example_dags/example_sensor_decorator.py for tasks to queue
[2024-08-09T01:45:01.746+0000] {logging_mixin.py:188} INFO - [2024-08-09T01:45:01.745+0000] {dagbag.py:545} INFO - Filling up the DagBag from /home/airflow/.local/lib/python3.12/site-packages/airflow/example_dags/example_sensor_decorator.py
[2024-08-09T01:45:01.766+0000] {processor.py:840} INFO - DAG(s) 'example_sensor_decorator' retrieved from /home/airflow/.local/lib/python3.12/site-packages/airflow/example_dags/example_sensor_decorator.py
[2024-08-09T01:45:01.817+0000] {logging_mixin.py:188} INFO - [2024-08-09T01:45:01.817+0000] {dag.py:3089} INFO - Sync 1 DAGs
[2024-08-09T01:45:01.841+0000] {logging_mixin.py:188} INFO - [2024-08-09T01:45:01.840+0000] {dag.py:3947} INFO - Setting next_dagrun for example_sensor_decorator to None, run_after=None
[2024-08-09T01:45:01.873+0000] {processor.py:183} INFO - Processing /home/airflow/.local/lib/python3.12/site-packages/airflow/example_dags/example_sensor_decorator.py took 0.149 seconds
[2024-08-09T01:45:32.165+0000] {processor.py:161} INFO - Started process (PID=1330) to work on /home/airflow/.local/lib/python3.12/site-packages/airflow/example_dags/example_sensor_decorator.py
[2024-08-09T01:45:32.168+0000] {processor.py:830} INFO - Processing file /home/airflow/.local/lib/python3.12/site-packages/airflow/example_dags/example_sensor_decorator.py for tasks to queue
[2024-08-09T01:45:32.173+0000] {logging_mixin.py:188} INFO - [2024-08-09T01:45:32.172+0000] {dagbag.py:545} INFO - Filling up the DagBag from /home/airflow/.local/lib/python3.12/site-packages/airflow/example_dags/example_sensor_decorator.py
[2024-08-09T01:45:32.194+0000] {processor.py:840} INFO - DAG(s) 'example_sensor_decorator' retrieved from /home/airflow/.local/lib/python3.12/site-packages/airflow/example_dags/example_sensor_decorator.py
[2024-08-09T01:45:32.245+0000] {logging_mixin.py:188} INFO - [2024-08-09T01:45:32.245+0000] {dag.py:3089} INFO - Sync 1 DAGs
[2024-08-09T01:45:32.269+0000] {logging_mixin.py:188} INFO - [2024-08-09T01:45:32.268+0000] {dag.py:3947} INFO - Setting next_dagrun for example_sensor_decorator to None, run_after=None
[2024-08-09T01:45:32.303+0000] {processor.py:183} INFO - Processing /home/airflow/.local/lib/python3.12/site-packages/airflow/example_dags/example_sensor_decorator.py took 0.155 seconds
[2024-08-09T01:46:02.721+0000] {processor.py:161} INFO - Started process (PID=1388) to work on /home/airflow/.local/lib/python3.12/site-packages/airflow/example_dags/example_sensor_decorator.py
[2024-08-09T01:46:02.724+0000] {processor.py:830} INFO - Processing file /home/airflow/.local/lib/python3.12/site-packages/airflow/example_dags/example_sensor_decorator.py for tasks to queue
[2024-08-09T01:46:02.730+0000] {logging_mixin.py:188} INFO - [2024-08-09T01:46:02.729+0000] {dagbag.py:545} INFO - Filling up the DagBag from /home/airflow/.local/lib/python3.12/site-packages/airflow/example_dags/example_sensor_decorator.py
[2024-08-09T01:46:02.753+0000] {processor.py:840} INFO - DAG(s) 'example_sensor_decorator' retrieved from /home/airflow/.local/lib/python3.12/site-packages/airflow/example_dags/example_sensor_decorator.py
[2024-08-09T01:46:02.840+0000] {logging_mixin.py:188} INFO - [2024-08-09T01:46:02.839+0000] {dag.py:3089} INFO - Sync 1 DAGs
[2024-08-09T01:46:02.874+0000] {logging_mixin.py:188} INFO - [2024-08-09T01:46:02.873+0000] {dag.py:3947} INFO - Setting next_dagrun for example_sensor_decorator to None, run_after=None
[2024-08-09T01:46:02.925+0000] {processor.py:183} INFO - Processing /home/airflow/.local/lib/python3.12/site-packages/airflow/example_dags/example_sensor_decorator.py took 0.222 seconds
[2024-08-09T01:46:33.859+0000] {processor.py:161} INFO - Started process (PID=1445) to work on /home/airflow/.local/lib/python3.12/site-packages/airflow/example_dags/example_sensor_decorator.py
[2024-08-09T01:46:33.862+0000] {processor.py:830} INFO - Processing file /home/airflow/.local/lib/python3.12/site-packages/airflow/example_dags/example_sensor_decorator.py for tasks to queue
[2024-08-09T01:46:33.867+0000] {logging_mixin.py:188} INFO - [2024-08-09T01:46:33.866+0000] {dagbag.py:545} INFO - Filling up the DagBag from /home/airflow/.local/lib/python3.12/site-packages/airflow/example_dags/example_sensor_decorator.py
[2024-08-09T01:46:33.886+0000] {processor.py:840} INFO - DAG(s) 'example_sensor_decorator' retrieved from /home/airflow/.local/lib/python3.12/site-packages/airflow/example_dags/example_sensor_decorator.py
[2024-08-09T01:46:33.940+0000] {logging_mixin.py:188} INFO - [2024-08-09T01:46:33.939+0000] {dag.py:3089} INFO - Sync 1 DAGs
[2024-08-09T01:46:33.969+0000] {logging_mixin.py:188} INFO - [2024-08-09T01:46:33.969+0000] {dag.py:3947} INFO - Setting next_dagrun for example_sensor_decorator to None, run_after=None
[2024-08-09T01:46:34.006+0000] {processor.py:183} INFO - Processing /home/airflow/.local/lib/python3.12/site-packages/airflow/example_dags/example_sensor_decorator.py took 0.162 seconds
[2024-08-09T01:47:05.512+0000] {processor.py:161} INFO - Started process (PID=1503) to work on /home/airflow/.local/lib/python3.12/site-packages/airflow/example_dags/example_sensor_decorator.py
[2024-08-09T01:47:05.514+0000] {processor.py:830} INFO - Processing file /home/airflow/.local/lib/python3.12/site-packages/airflow/example_dags/example_sensor_decorator.py for tasks to queue
[2024-08-09T01:47:05.523+0000] {logging_mixin.py:188} INFO - [2024-08-09T01:47:05.521+0000] {dagbag.py:545} INFO - Filling up the DagBag from /home/airflow/.local/lib/python3.12/site-packages/airflow/example_dags/example_sensor_decorator.py
[2024-08-09T01:47:05.542+0000] {processor.py:840} INFO - DAG(s) 'example_sensor_decorator' retrieved from /home/airflow/.local/lib/python3.12/site-packages/airflow/example_dags/example_sensor_decorator.py
[2024-08-09T01:47:05.610+0000] {logging_mixin.py:188} INFO - [2024-08-09T01:47:05.609+0000] {dag.py:3089} INFO - Sync 1 DAGs
[2024-08-09T01:47:05.643+0000] {logging_mixin.py:188} INFO - [2024-08-09T01:47:05.642+0000] {dag.py:3947} INFO - Setting next_dagrun for example_sensor_decorator to None, run_after=None
[2024-08-09T01:47:05.681+0000] {processor.py:183} INFO - Processing /home/airflow/.local/lib/python3.12/site-packages/airflow/example_dags/example_sensor_decorator.py took 0.186 seconds
[2024-08-09T01:47:36.137+0000] {processor.py:161} INFO - Started process (PID=1561) to work on /home/airflow/.local/lib/python3.12/site-packages/airflow/example_dags/example_sensor_decorator.py
[2024-08-09T01:47:36.142+0000] {processor.py:830} INFO - Processing file /home/airflow/.local/lib/python3.12/site-packages/airflow/example_dags/example_sensor_decorator.py for tasks to queue
[2024-08-09T01:47:36.184+0000] {logging_mixin.py:188} INFO - [2024-08-09T01:47:36.172+0000] {dagbag.py:545} INFO - Filling up the DagBag from /home/airflow/.local/lib/python3.12/site-packages/airflow/example_dags/example_sensor_decorator.py
[2024-08-09T01:47:36.256+0000] {processor.py:840} INFO - DAG(s) 'example_sensor_decorator' retrieved from /home/airflow/.local/lib/python3.12/site-packages/airflow/example_dags/example_sensor_decorator.py
[2024-08-09T01:47:36.335+0000] {logging_mixin.py:188} INFO - [2024-08-09T01:47:36.334+0000] {dag.py:3089} INFO - Sync 1 DAGs
[2024-08-09T01:47:36.370+0000] {logging_mixin.py:188} INFO - [2024-08-09T01:47:36.370+0000] {dag.py:3947} INFO - Setting next_dagrun for example_sensor_decorator to None, run_after=None
[2024-08-09T01:47:36.419+0000] {processor.py:183} INFO - Processing /home/airflow/.local/lib/python3.12/site-packages/airflow/example_dags/example_sensor_decorator.py took 0.302 seconds
[2024-08-09T01:48:07.212+0000] {processor.py:161} INFO - Started process (PID=1619) to work on /home/airflow/.local/lib/python3.12/site-packages/airflow/example_dags/example_sensor_decorator.py
[2024-08-09T01:48:07.217+0000] {processor.py:830} INFO - Processing file /home/airflow/.local/lib/python3.12/site-packages/airflow/example_dags/example_sensor_decorator.py for tasks to queue
[2024-08-09T01:48:07.224+0000] {logging_mixin.py:188} INFO - [2024-08-09T01:48:07.223+0000] {dagbag.py:545} INFO - Filling up the DagBag from /home/airflow/.local/lib/python3.12/site-packages/airflow/example_dags/example_sensor_decorator.py
[2024-08-09T01:48:07.257+0000] {processor.py:840} INFO - DAG(s) 'example_sensor_decorator' retrieved from /home/airflow/.local/lib/python3.12/site-packages/airflow/example_dags/example_sensor_decorator.py
[2024-08-09T01:48:07.328+0000] {logging_mixin.py:188} INFO - [2024-08-09T01:48:07.328+0000] {dag.py:3089} INFO - Sync 1 DAGs
[2024-08-09T01:48:07.367+0000] {logging_mixin.py:188} INFO - [2024-08-09T01:48:07.367+0000] {dag.py:3947} INFO - Setting next_dagrun for example_sensor_decorator to None, run_after=None
[2024-08-09T01:48:07.417+0000] {processor.py:183} INFO - Processing /home/airflow/.local/lib/python3.12/site-packages/airflow/example_dags/example_sensor_decorator.py took 0.243 seconds
[2024-08-09T01:48:37.934+0000] {processor.py:161} INFO - Started process (PID=1677) to work on /home/airflow/.local/lib/python3.12/site-packages/airflow/example_dags/example_sensor_decorator.py
[2024-08-09T01:48:37.937+0000] {processor.py:830} INFO - Processing file /home/airflow/.local/lib/python3.12/site-packages/airflow/example_dags/example_sensor_decorator.py for tasks to queue
[2024-08-09T01:48:37.950+0000] {logging_mixin.py:188} INFO - [2024-08-09T01:48:37.949+0000] {dagbag.py:545} INFO - Filling up the DagBag from /home/airflow/.local/lib/python3.12/site-packages/airflow/example_dags/example_sensor_decorator.py
[2024-08-09T01:48:37.979+0000] {processor.py:840} INFO - DAG(s) 'example_sensor_decorator' retrieved from /home/airflow/.local/lib/python3.12/site-packages/airflow/example_dags/example_sensor_decorator.py
[2024-08-09T01:48:38.080+0000] {logging_mixin.py:188} INFO - [2024-08-09T01:48:38.080+0000] {dag.py:3089} INFO - Sync 1 DAGs
[2024-08-09T01:48:38.116+0000] {logging_mixin.py:188} INFO - [2024-08-09T01:48:38.115+0000] {dag.py:3947} INFO - Setting next_dagrun for example_sensor_decorator to None, run_after=None
[2024-08-09T01:48:38.185+0000] {processor.py:183} INFO - Processing /home/airflow/.local/lib/python3.12/site-packages/airflow/example_dags/example_sensor_decorator.py took 0.278 seconds
[2024-08-09T01:49:09.317+0000] {processor.py:161} INFO - Started process (PID=1735) to work on /home/airflow/.local/lib/python3.12/site-packages/airflow/example_dags/example_sensor_decorator.py
[2024-08-09T01:49:09.324+0000] {processor.py:830} INFO - Processing file /home/airflow/.local/lib/python3.12/site-packages/airflow/example_dags/example_sensor_decorator.py for tasks to queue
[2024-08-09T01:49:09.334+0000] {logging_mixin.py:188} INFO - [2024-08-09T01:49:09.332+0000] {dagbag.py:545} INFO - Filling up the DagBag from /home/airflow/.local/lib/python3.12/site-packages/airflow/example_dags/example_sensor_decorator.py
[2024-08-09T01:49:09.373+0000] {processor.py:840} INFO - DAG(s) 'example_sensor_decorator' retrieved from /home/airflow/.local/lib/python3.12/site-packages/airflow/example_dags/example_sensor_decorator.py
[2024-08-09T01:49:09.480+0000] {logging_mixin.py:188} INFO - [2024-08-09T01:49:09.479+0000] {dag.py:3089} INFO - Sync 1 DAGs
[2024-08-09T01:49:09.524+0000] {logging_mixin.py:188} INFO - [2024-08-09T01:49:09.524+0000] {dag.py:3947} INFO - Setting next_dagrun for example_sensor_decorator to None, run_after=None
[2024-08-09T01:49:09.590+0000] {processor.py:183} INFO - Processing /home/airflow/.local/lib/python3.12/site-packages/airflow/example_dags/example_sensor_decorator.py took 0.308 seconds
[2024-08-09T01:49:41.499+0000] {processor.py:161} INFO - Started process (PID=1791) to work on /home/airflow/.local/lib/python3.12/site-packages/airflow/example_dags/example_sensor_decorator.py
[2024-08-09T01:49:41.505+0000] {processor.py:830} INFO - Processing file /home/airflow/.local/lib/python3.12/site-packages/airflow/example_dags/example_sensor_decorator.py for tasks to queue
[2024-08-09T01:49:41.516+0000] {logging_mixin.py:188} INFO - [2024-08-09T01:49:41.514+0000] {dagbag.py:545} INFO - Filling up the DagBag from /home/airflow/.local/lib/python3.12/site-packages/airflow/example_dags/example_sensor_decorator.py
[2024-08-09T01:49:41.610+0000] {processor.py:840} INFO - DAG(s) 'example_sensor_decorator' retrieved from /home/airflow/.local/lib/python3.12/site-packages/airflow/example_dags/example_sensor_decorator.py
[2024-08-09T01:49:41.919+0000] {logging_mixin.py:188} INFO - [2024-08-09T01:49:41.919+0000] {dag.py:3089} INFO - Sync 1 DAGs
[2024-08-09T01:49:42.014+0000] {logging_mixin.py:188} INFO - [2024-08-09T01:49:42.014+0000] {dag.py:3947} INFO - Setting next_dagrun for example_sensor_decorator to None, run_after=None
[2024-08-09T01:49:42.128+0000] {processor.py:183} INFO - Processing /home/airflow/.local/lib/python3.12/site-packages/airflow/example_dags/example_sensor_decorator.py took 0.658 seconds
[2024-08-09T01:50:26.901+0000] {processor.py:161} INFO - Started process (PID=1846) to work on /home/airflow/.local/lib/python3.12/site-packages/airflow/example_dags/example_sensor_decorator.py
[2024-08-09T01:50:26.906+0000] {processor.py:830} INFO - Processing file /home/airflow/.local/lib/python3.12/site-packages/airflow/example_dags/example_sensor_decorator.py for tasks to queue
[2024-08-09T01:50:26.917+0000] {logging_mixin.py:188} INFO - [2024-08-09T01:50:26.915+0000] {dagbag.py:545} INFO - Filling up the DagBag from /home/airflow/.local/lib/python3.12/site-packages/airflow/example_dags/example_sensor_decorator.py
[2024-08-09T01:50:26.951+0000] {processor.py:840} INFO - DAG(s) 'example_sensor_decorator' retrieved from /home/airflow/.local/lib/python3.12/site-packages/airflow/example_dags/example_sensor_decorator.py
[2024-08-09T01:50:28.162+0000] {logging_mixin.py:188} INFO - [2024-08-09T01:50:28.161+0000] {dag.py:3089} INFO - Sync 1 DAGs
[2024-08-09T01:50:28.186+0000] {logging_mixin.py:188} INFO - [2024-08-09T01:50:28.185+0000] {dag.py:3947} INFO - Setting next_dagrun for example_sensor_decorator to None, run_after=None
[2024-08-09T01:50:28.238+0000] {processor.py:183} INFO - Processing /home/airflow/.local/lib/python3.12/site-packages/airflow/example_dags/example_sensor_decorator.py took 1.363 seconds
[2024-08-09T01:50:58.942+0000] {processor.py:161} INFO - Started process (PID=1904) to work on /home/airflow/.local/lib/python3.12/site-packages/airflow/example_dags/example_sensor_decorator.py
[2024-08-09T01:50:58.948+0000] {processor.py:830} INFO - Processing file /home/airflow/.local/lib/python3.12/site-packages/airflow/example_dags/example_sensor_decorator.py for tasks to queue
[2024-08-09T01:50:58.962+0000] {logging_mixin.py:188} INFO - [2024-08-09T01:50:58.960+0000] {dagbag.py:545} INFO - Filling up the DagBag from /home/airflow/.local/lib/python3.12/site-packages/airflow/example_dags/example_sensor_decorator.py
[2024-08-09T01:50:59.003+0000] {processor.py:840} INFO - DAG(s) 'example_sensor_decorator' retrieved from /home/airflow/.local/lib/python3.12/site-packages/airflow/example_dags/example_sensor_decorator.py
[2024-08-09T01:50:59.211+0000] {logging_mixin.py:188} INFO - [2024-08-09T01:50:59.207+0000] {dag.py:3089} INFO - Sync 1 DAGs
[2024-08-09T01:50:59.481+0000] {logging_mixin.py:188} INFO - [2024-08-09T01:50:59.481+0000] {dag.py:3947} INFO - Setting next_dagrun for example_sensor_decorator to None, run_after=None
[2024-08-09T01:50:59.700+0000] {processor.py:183} INFO - Processing /home/airflow/.local/lib/python3.12/site-packages/airflow/example_dags/example_sensor_decorator.py took 0.791 seconds
[2024-08-09T01:51:30.558+0000] {processor.py:161} INFO - Started process (PID=1961) to work on /home/airflow/.local/lib/python3.12/site-packages/airflow/example_dags/example_sensor_decorator.py
[2024-08-09T01:51:30.561+0000] {processor.py:830} INFO - Processing file /home/airflow/.local/lib/python3.12/site-packages/airflow/example_dags/example_sensor_decorator.py for tasks to queue
[2024-08-09T01:51:30.566+0000] {logging_mixin.py:188} INFO - [2024-08-09T01:51:30.565+0000] {dagbag.py:545} INFO - Filling up the DagBag from /home/airflow/.local/lib/python3.12/site-packages/airflow/example_dags/example_sensor_decorator.py
[2024-08-09T01:51:30.583+0000] {processor.py:840} INFO - DAG(s) 'example_sensor_decorator' retrieved from /home/airflow/.local/lib/python3.12/site-packages/airflow/example_dags/example_sensor_decorator.py
[2024-08-09T01:51:30.641+0000] {logging_mixin.py:188} INFO - [2024-08-09T01:51:30.640+0000] {dag.py:3089} INFO - Sync 1 DAGs
[2024-08-09T01:51:30.665+0000] {logging_mixin.py:188} INFO - [2024-08-09T01:51:30.664+0000] {dag.py:3947} INFO - Setting next_dagrun for example_sensor_decorator to None, run_after=None
[2024-08-09T01:51:30.701+0000] {processor.py:183} INFO - Processing /home/airflow/.local/lib/python3.12/site-packages/airflow/example_dags/example_sensor_decorator.py took 0.159 seconds
[2024-08-09T01:52:00.782+0000] {processor.py:161} INFO - Started process (PID=2019) to work on /home/airflow/.local/lib/python3.12/site-packages/airflow/example_dags/example_sensor_decorator.py
[2024-08-09T01:52:00.785+0000] {processor.py:830} INFO - Processing file /home/airflow/.local/lib/python3.12/site-packages/airflow/example_dags/example_sensor_decorator.py for tasks to queue
[2024-08-09T01:52:00.795+0000] {logging_mixin.py:188} INFO - [2024-08-09T01:52:00.794+0000] {dagbag.py:545} INFO - Filling up the DagBag from /home/airflow/.local/lib/python3.12/site-packages/airflow/example_dags/example_sensor_decorator.py
[2024-08-09T01:52:00.820+0000] {processor.py:840} INFO - DAG(s) 'example_sensor_decorator' retrieved from /home/airflow/.local/lib/python3.12/site-packages/airflow/example_dags/example_sensor_decorator.py
[2024-08-09T01:52:00.886+0000] {logging_mixin.py:188} INFO - [2024-08-09T01:52:00.884+0000] {dag.py:3089} INFO - Sync 1 DAGs
[2024-08-09T01:52:00.919+0000] {logging_mixin.py:188} INFO - [2024-08-09T01:52:00.918+0000] {dag.py:3947} INFO - Setting next_dagrun for example_sensor_decorator to None, run_after=None
[2024-08-09T01:52:00.972+0000] {processor.py:183} INFO - Processing /home/airflow/.local/lib/python3.12/site-packages/airflow/example_dags/example_sensor_decorator.py took 0.211 seconds
[2024-08-09T01:52:31.248+0000] {processor.py:161} INFO - Started process (PID=2077) to work on /home/airflow/.local/lib/python3.12/site-packages/airflow/example_dags/example_sensor_decorator.py
[2024-08-09T01:52:31.250+0000] {processor.py:830} INFO - Processing file /home/airflow/.local/lib/python3.12/site-packages/airflow/example_dags/example_sensor_decorator.py for tasks to queue
[2024-08-09T01:52:31.255+0000] {logging_mixin.py:188} INFO - [2024-08-09T01:52:31.254+0000] {dagbag.py:545} INFO - Filling up the DagBag from /home/airflow/.local/lib/python3.12/site-packages/airflow/example_dags/example_sensor_decorator.py
[2024-08-09T01:52:31.273+0000] {processor.py:840} INFO - DAG(s) 'example_sensor_decorator' retrieved from /home/airflow/.local/lib/python3.12/site-packages/airflow/example_dags/example_sensor_decorator.py
[2024-08-09T01:52:31.321+0000] {logging_mixin.py:188} INFO - [2024-08-09T01:52:31.321+0000] {dag.py:3089} INFO - Sync 1 DAGs
[2024-08-09T01:52:31.346+0000] {logging_mixin.py:188} INFO - [2024-08-09T01:52:31.346+0000] {dag.py:3947} INFO - Setting next_dagrun for example_sensor_decorator to None, run_after=None
[2024-08-09T01:52:31.378+0000] {processor.py:183} INFO - Processing /home/airflow/.local/lib/python3.12/site-packages/airflow/example_dags/example_sensor_decorator.py took 0.146 seconds
[2024-08-09T01:53:02.034+0000] {processor.py:161} INFO - Started process (PID=2134) to work on /home/airflow/.local/lib/python3.12/site-packages/airflow/example_dags/example_sensor_decorator.py
[2024-08-09T01:53:02.037+0000] {processor.py:830} INFO - Processing file /home/airflow/.local/lib/python3.12/site-packages/airflow/example_dags/example_sensor_decorator.py for tasks to queue
[2024-08-09T01:53:02.045+0000] {logging_mixin.py:188} INFO - [2024-08-09T01:53:02.044+0000] {dagbag.py:545} INFO - Filling up the DagBag from /home/airflow/.local/lib/python3.12/site-packages/airflow/example_dags/example_sensor_decorator.py
[2024-08-09T01:53:02.066+0000] {processor.py:840} INFO - DAG(s) 'example_sensor_decorator' retrieved from /home/airflow/.local/lib/python3.12/site-packages/airflow/example_dags/example_sensor_decorator.py
[2024-08-09T01:53:02.138+0000] {logging_mixin.py:188} INFO - [2024-08-09T01:53:02.138+0000] {dag.py:3089} INFO - Sync 1 DAGs
[2024-08-09T01:53:02.166+0000] {logging_mixin.py:188} INFO - [2024-08-09T01:53:02.165+0000] {dag.py:3947} INFO - Setting next_dagrun for example_sensor_decorator to None, run_after=None
[2024-08-09T01:53:02.209+0000] {processor.py:183} INFO - Processing /home/airflow/.local/lib/python3.12/site-packages/airflow/example_dags/example_sensor_decorator.py took 0.192 seconds
[2024-08-09T01:53:38.123+0000] {processor.py:161} INFO - Started process (PID=2192) to work on /home/airflow/.local/lib/python3.12/site-packages/airflow/example_dags/example_sensor_decorator.py
[2024-08-09T01:53:38.141+0000] {processor.py:830} INFO - Processing file /home/airflow/.local/lib/python3.12/site-packages/airflow/example_dags/example_sensor_decorator.py for tasks to queue
[2024-08-09T01:53:38.170+0000] {logging_mixin.py:188} INFO - [2024-08-09T01:53:38.166+0000] {dagbag.py:545} INFO - Filling up the DagBag from /home/airflow/.local/lib/python3.12/site-packages/airflow/example_dags/example_sensor_decorator.py
[2024-08-09T01:53:38.241+0000] {processor.py:840} INFO - DAG(s) 'example_sensor_decorator' retrieved from /home/airflow/.local/lib/python3.12/site-packages/airflow/example_dags/example_sensor_decorator.py
[2024-08-09T01:53:38.353+0000] {logging_mixin.py:188} INFO - [2024-08-09T01:53:38.353+0000] {dag.py:3089} INFO - Sync 1 DAGs
[2024-08-09T01:53:38.415+0000] {logging_mixin.py:188} INFO - [2024-08-09T01:53:38.414+0000] {dag.py:3947} INFO - Setting next_dagrun for example_sensor_decorator to None, run_after=None
[2024-08-09T01:53:38.473+0000] {processor.py:183} INFO - Processing /home/airflow/.local/lib/python3.12/site-packages/airflow/example_dags/example_sensor_decorator.py took 0.498 seconds
[2024-08-09T01:54:09.962+0000] {processor.py:161} INFO - Started process (PID=2250) to work on /home/airflow/.local/lib/python3.12/site-packages/airflow/example_dags/example_sensor_decorator.py
[2024-08-09T01:54:09.970+0000] {processor.py:830} INFO - Processing file /home/airflow/.local/lib/python3.12/site-packages/airflow/example_dags/example_sensor_decorator.py for tasks to queue
[2024-08-09T01:54:09.988+0000] {logging_mixin.py:188} INFO - [2024-08-09T01:54:09.987+0000] {dagbag.py:545} INFO - Filling up the DagBag from /home/airflow/.local/lib/python3.12/site-packages/airflow/example_dags/example_sensor_decorator.py
[2024-08-09T01:54:10.038+0000] {processor.py:840} INFO - DAG(s) 'example_sensor_decorator' retrieved from /home/airflow/.local/lib/python3.12/site-packages/airflow/example_dags/example_sensor_decorator.py
[2024-08-09T01:54:10.206+0000] {logging_mixin.py:188} INFO - [2024-08-09T01:54:10.205+0000] {dag.py:3089} INFO - Sync 1 DAGs
[2024-08-09T01:54:10.298+0000] {logging_mixin.py:188} INFO - [2024-08-09T01:54:10.296+0000] {dag.py:3947} INFO - Setting next_dagrun for example_sensor_decorator to None, run_after=None
[2024-08-09T01:54:10.376+0000] {processor.py:183} INFO - Processing /home/airflow/.local/lib/python3.12/site-packages/airflow/example_dags/example_sensor_decorator.py took 0.487 seconds
[2024-08-09T01:54:40.979+0000] {processor.py:161} INFO - Started process (PID=2308) to work on /home/airflow/.local/lib/python3.12/site-packages/airflow/example_dags/example_sensor_decorator.py
[2024-08-09T01:54:40.983+0000] {processor.py:830} INFO - Processing file /home/airflow/.local/lib/python3.12/site-packages/airflow/example_dags/example_sensor_decorator.py for tasks to queue
[2024-08-09T01:54:40.988+0000] {logging_mixin.py:188} INFO - [2024-08-09T01:54:40.988+0000] {dagbag.py:545} INFO - Filling up the DagBag from /home/airflow/.local/lib/python3.12/site-packages/airflow/example_dags/example_sensor_decorator.py
[2024-08-09T01:54:41.023+0000] {processor.py:840} INFO - DAG(s) 'example_sensor_decorator' retrieved from /home/airflow/.local/lib/python3.12/site-packages/airflow/example_dags/example_sensor_decorator.py
[2024-08-09T01:54:41.096+0000] {logging_mixin.py:188} INFO - [2024-08-09T01:54:41.096+0000] {dag.py:3089} INFO - Sync 1 DAGs
[2024-08-09T01:54:41.125+0000] {logging_mixin.py:188} INFO - [2024-08-09T01:54:41.124+0000] {dag.py:3947} INFO - Setting next_dagrun for example_sensor_decorator to None, run_after=None
[2024-08-09T01:54:41.179+0000] {processor.py:183} INFO - Processing /home/airflow/.local/lib/python3.12/site-packages/airflow/example_dags/example_sensor_decorator.py took 0.231 seconds
[2024-08-09T01:55:11.257+0000] {processor.py:161} INFO - Started process (PID=2366) to work on /home/airflow/.local/lib/python3.12/site-packages/airflow/example_dags/example_sensor_decorator.py
[2024-08-09T01:55:11.259+0000] {processor.py:830} INFO - Processing file /home/airflow/.local/lib/python3.12/site-packages/airflow/example_dags/example_sensor_decorator.py for tasks to queue
[2024-08-09T01:55:11.264+0000] {logging_mixin.py:188} INFO - [2024-08-09T01:55:11.263+0000] {dagbag.py:545} INFO - Filling up the DagBag from /home/airflow/.local/lib/python3.12/site-packages/airflow/example_dags/example_sensor_decorator.py
[2024-08-09T01:55:11.287+0000] {processor.py:840} INFO - DAG(s) 'example_sensor_decorator' retrieved from /home/airflow/.local/lib/python3.12/site-packages/airflow/example_dags/example_sensor_decorator.py
[2024-08-09T01:55:11.359+0000] {logging_mixin.py:188} INFO - [2024-08-09T01:55:11.358+0000] {dag.py:3089} INFO - Sync 1 DAGs
[2024-08-09T01:55:11.391+0000] {logging_mixin.py:188} INFO - [2024-08-09T01:55:11.390+0000] {dag.py:3947} INFO - Setting next_dagrun for example_sensor_decorator to None, run_after=None
[2024-08-09T01:55:11.434+0000] {processor.py:183} INFO - Processing /home/airflow/.local/lib/python3.12/site-packages/airflow/example_dags/example_sensor_decorator.py took 0.193 seconds
[2024-08-09T01:55:41.545+0000] {processor.py:161} INFO - Started process (PID=2424) to work on /home/airflow/.local/lib/python3.12/site-packages/airflow/example_dags/example_sensor_decorator.py
[2024-08-09T01:55:41.548+0000] {processor.py:830} INFO - Processing file /home/airflow/.local/lib/python3.12/site-packages/airflow/example_dags/example_sensor_decorator.py for tasks to queue
[2024-08-09T01:55:41.554+0000] {logging_mixin.py:188} INFO - [2024-08-09T01:55:41.553+0000] {dagbag.py:545} INFO - Filling up the DagBag from /home/airflow/.local/lib/python3.12/site-packages/airflow/example_dags/example_sensor_decorator.py
[2024-08-09T01:55:41.573+0000] {processor.py:840} INFO - DAG(s) 'example_sensor_decorator' retrieved from /home/airflow/.local/lib/python3.12/site-packages/airflow/example_dags/example_sensor_decorator.py
[2024-08-09T01:55:41.628+0000] {logging_mixin.py:188} INFO - [2024-08-09T01:55:41.627+0000] {dag.py:3089} INFO - Sync 1 DAGs
[2024-08-09T01:55:41.664+0000] {logging_mixin.py:188} INFO - [2024-08-09T01:55:41.663+0000] {dag.py:3947} INFO - Setting next_dagrun for example_sensor_decorator to None, run_after=None
[2024-08-09T01:55:41.706+0000] {processor.py:183} INFO - Processing /home/airflow/.local/lib/python3.12/site-packages/airflow/example_dags/example_sensor_decorator.py took 0.178 seconds
[2024-08-09T01:56:11.950+0000] {processor.py:161} INFO - Started process (PID=2482) to work on /home/airflow/.local/lib/python3.12/site-packages/airflow/example_dags/example_sensor_decorator.py
[2024-08-09T01:56:11.954+0000] {processor.py:830} INFO - Processing file /home/airflow/.local/lib/python3.12/site-packages/airflow/example_dags/example_sensor_decorator.py for tasks to queue
[2024-08-09T01:56:11.960+0000] {logging_mixin.py:188} INFO - [2024-08-09T01:56:11.960+0000] {dagbag.py:545} INFO - Filling up the DagBag from /home/airflow/.local/lib/python3.12/site-packages/airflow/example_dags/example_sensor_decorator.py
[2024-08-09T01:56:11.986+0000] {processor.py:840} INFO - DAG(s) 'example_sensor_decorator' retrieved from /home/airflow/.local/lib/python3.12/site-packages/airflow/example_dags/example_sensor_decorator.py
[2024-08-09T01:56:12.065+0000] {logging_mixin.py:188} INFO - [2024-08-09T01:56:12.064+0000] {dag.py:3089} INFO - Sync 1 DAGs
[2024-08-09T01:56:12.113+0000] {logging_mixin.py:188} INFO - [2024-08-09T01:56:12.113+0000] {dag.py:3947} INFO - Setting next_dagrun for example_sensor_decorator to None, run_after=None
[2024-08-09T01:56:12.190+0000] {processor.py:183} INFO - Processing /home/airflow/.local/lib/python3.12/site-packages/airflow/example_dags/example_sensor_decorator.py took 0.264 seconds
[2024-08-09T01:56:42.300+0000] {processor.py:161} INFO - Started process (PID=2539) to work on /home/airflow/.local/lib/python3.12/site-packages/airflow/example_dags/example_sensor_decorator.py
[2024-08-09T01:56:42.304+0000] {processor.py:830} INFO - Processing file /home/airflow/.local/lib/python3.12/site-packages/airflow/example_dags/example_sensor_decorator.py for tasks to queue
[2024-08-09T01:56:42.311+0000] {logging_mixin.py:188} INFO - [2024-08-09T01:56:42.310+0000] {dagbag.py:545} INFO - Filling up the DagBag from /home/airflow/.local/lib/python3.12/site-packages/airflow/example_dags/example_sensor_decorator.py
[2024-08-09T01:56:42.331+0000] {processor.py:840} INFO - DAG(s) 'example_sensor_decorator' retrieved from /home/airflow/.local/lib/python3.12/site-packages/airflow/example_dags/example_sensor_decorator.py
[2024-08-09T01:56:42.412+0000] {logging_mixin.py:188} INFO - [2024-08-09T01:56:42.411+0000] {dag.py:3089} INFO - Sync 1 DAGs
[2024-08-09T01:56:42.474+0000] {logging_mixin.py:188} INFO - [2024-08-09T01:56:42.474+0000] {dag.py:3947} INFO - Setting next_dagrun for example_sensor_decorator to None, run_after=None
[2024-08-09T01:56:42.540+0000] {processor.py:183} INFO - Processing /home/airflow/.local/lib/python3.12/site-packages/airflow/example_dags/example_sensor_decorator.py took 0.265 seconds
[2024-08-09T01:57:14.882+0000] {processor.py:161} INFO - Started process (PID=2597) to work on /home/airflow/.local/lib/python3.12/site-packages/airflow/example_dags/example_sensor_decorator.py
[2024-08-09T01:57:14.890+0000] {processor.py:830} INFO - Processing file /home/airflow/.local/lib/python3.12/site-packages/airflow/example_dags/example_sensor_decorator.py for tasks to queue
[2024-08-09T01:57:14.907+0000] {logging_mixin.py:188} INFO - [2024-08-09T01:57:14.905+0000] {dagbag.py:545} INFO - Filling up the DagBag from /home/airflow/.local/lib/python3.12/site-packages/airflow/example_dags/example_sensor_decorator.py
[2024-08-09T01:57:14.970+0000] {processor.py:840} INFO - DAG(s) 'example_sensor_decorator' retrieved from /home/airflow/.local/lib/python3.12/site-packages/airflow/example_dags/example_sensor_decorator.py
[2024-08-09T01:57:15.169+0000] {logging_mixin.py:188} INFO - [2024-08-09T01:57:15.168+0000] {dag.py:3089} INFO - Sync 1 DAGs
[2024-08-09T01:57:15.249+0000] {logging_mixin.py:188} INFO - [2024-08-09T01:57:15.243+0000] {dag.py:3947} INFO - Setting next_dagrun for example_sensor_decorator to None, run_after=None
[2024-08-09T01:57:15.462+0000] {processor.py:183} INFO - Processing /home/airflow/.local/lib/python3.12/site-packages/airflow/example_dags/example_sensor_decorator.py took 0.633 seconds
[2024-08-09T01:57:46.046+0000] {processor.py:161} INFO - Started process (PID=2655) to work on /home/airflow/.local/lib/python3.12/site-packages/airflow/example_dags/example_sensor_decorator.py
[2024-08-09T01:57:46.052+0000] {processor.py:830} INFO - Processing file /home/airflow/.local/lib/python3.12/site-packages/airflow/example_dags/example_sensor_decorator.py for tasks to queue
[2024-08-09T01:57:46.069+0000] {logging_mixin.py:188} INFO - [2024-08-09T01:57:46.068+0000] {dagbag.py:545} INFO - Filling up the DagBag from /home/airflow/.local/lib/python3.12/site-packages/airflow/example_dags/example_sensor_decorator.py
[2024-08-09T01:57:46.100+0000] {processor.py:840} INFO - DAG(s) 'example_sensor_decorator' retrieved from /home/airflow/.local/lib/python3.12/site-packages/airflow/example_dags/example_sensor_decorator.py
[2024-08-09T01:57:46.214+0000] {logging_mixin.py:188} INFO - [2024-08-09T01:57:46.213+0000] {dag.py:3089} INFO - Sync 1 DAGs
[2024-08-09T01:57:46.333+0000] {logging_mixin.py:188} INFO - [2024-08-09T01:57:46.323+0000] {dag.py:3947} INFO - Setting next_dagrun for example_sensor_decorator to None, run_after=None
[2024-08-09T01:57:46.497+0000] {processor.py:183} INFO - Processing /home/airflow/.local/lib/python3.12/site-packages/airflow/example_dags/example_sensor_decorator.py took 0.485 seconds
[2024-08-09T01:58:17.427+0000] {processor.py:161} INFO - Started process (PID=2713) to work on /home/airflow/.local/lib/python3.12/site-packages/airflow/example_dags/example_sensor_decorator.py
[2024-08-09T01:58:17.440+0000] {processor.py:830} INFO - Processing file /home/airflow/.local/lib/python3.12/site-packages/airflow/example_dags/example_sensor_decorator.py for tasks to queue
[2024-08-09T01:58:17.465+0000] {logging_mixin.py:188} INFO - [2024-08-09T01:58:17.458+0000] {dagbag.py:545} INFO - Filling up the DagBag from /home/airflow/.local/lib/python3.12/site-packages/airflow/example_dags/example_sensor_decorator.py
[2024-08-09T01:58:17.542+0000] {processor.py:840} INFO - DAG(s) 'example_sensor_decorator' retrieved from /home/airflow/.local/lib/python3.12/site-packages/airflow/example_dags/example_sensor_decorator.py
[2024-08-09T01:58:17.659+0000] {logging_mixin.py:188} INFO - [2024-08-09T01:58:17.659+0000] {dag.py:3089} INFO - Sync 1 DAGs
[2024-08-09T01:58:17.720+0000] {logging_mixin.py:188} INFO - [2024-08-09T01:58:17.720+0000] {dag.py:3947} INFO - Setting next_dagrun for example_sensor_decorator to None, run_after=None
[2024-08-09T01:58:17.867+0000] {processor.py:183} INFO - Processing /home/airflow/.local/lib/python3.12/site-packages/airflow/example_dags/example_sensor_decorator.py took 0.529 seconds
[2024-08-09T01:58:48.100+0000] {processor.py:161} INFO - Started process (PID=2771) to work on /home/airflow/.local/lib/python3.12/site-packages/airflow/example_dags/example_sensor_decorator.py
[2024-08-09T01:58:48.103+0000] {processor.py:830} INFO - Processing file /home/airflow/.local/lib/python3.12/site-packages/airflow/example_dags/example_sensor_decorator.py for tasks to queue
[2024-08-09T01:58:48.108+0000] {logging_mixin.py:188} INFO - [2024-08-09T01:58:48.107+0000] {dagbag.py:545} INFO - Filling up the DagBag from /home/airflow/.local/lib/python3.12/site-packages/airflow/example_dags/example_sensor_decorator.py
[2024-08-09T01:58:48.135+0000] {processor.py:840} INFO - DAG(s) 'example_sensor_decorator' retrieved from /home/airflow/.local/lib/python3.12/site-packages/airflow/example_dags/example_sensor_decorator.py
[2024-08-09T01:58:48.238+0000] {logging_mixin.py:188} INFO - [2024-08-09T01:58:48.238+0000] {dag.py:3089} INFO - Sync 1 DAGs
[2024-08-09T01:58:48.267+0000] {logging_mixin.py:188} INFO - [2024-08-09T01:58:48.267+0000] {dag.py:3947} INFO - Setting next_dagrun for example_sensor_decorator to None, run_after=None
[2024-08-09T01:58:48.307+0000] {processor.py:183} INFO - Processing /home/airflow/.local/lib/python3.12/site-packages/airflow/example_dags/example_sensor_decorator.py took 0.222 seconds
[2024-08-09T01:59:18.991+0000] {processor.py:161} INFO - Started process (PID=2829) to work on /home/airflow/.local/lib/python3.12/site-packages/airflow/example_dags/example_sensor_decorator.py
[2024-08-09T01:59:19.003+0000] {processor.py:830} INFO - Processing file /home/airflow/.local/lib/python3.12/site-packages/airflow/example_dags/example_sensor_decorator.py for tasks to queue
[2024-08-09T01:59:19.027+0000] {logging_mixin.py:188} INFO - [2024-08-09T01:59:19.019+0000] {dagbag.py:545} INFO - Filling up the DagBag from /home/airflow/.local/lib/python3.12/site-packages/airflow/example_dags/example_sensor_decorator.py
[2024-08-09T01:59:19.105+0000] {processor.py:840} INFO - DAG(s) 'example_sensor_decorator' retrieved from /home/airflow/.local/lib/python3.12/site-packages/airflow/example_dags/example_sensor_decorator.py
[2024-08-09T01:59:19.370+0000] {logging_mixin.py:188} INFO - [2024-08-09T01:59:19.367+0000] {dag.py:3089} INFO - Sync 1 DAGs
[2024-08-09T01:59:19.544+0000] {logging_mixin.py:188} INFO - [2024-08-09T01:59:19.543+0000] {dag.py:3947} INFO - Setting next_dagrun for example_sensor_decorator to None, run_after=None
[2024-08-09T01:59:19.704+0000] {processor.py:183} INFO - Processing /home/airflow/.local/lib/python3.12/site-packages/airflow/example_dags/example_sensor_decorator.py took 0.790 seconds
[2024-08-09T01:59:49.940+0000] {processor.py:161} INFO - Started process (PID=2888) to work on /home/airflow/.local/lib/python3.12/site-packages/airflow/example_dags/example_sensor_decorator.py
[2024-08-09T01:59:49.949+0000] {processor.py:830} INFO - Processing file /home/airflow/.local/lib/python3.12/site-packages/airflow/example_dags/example_sensor_decorator.py for tasks to queue
[2024-08-09T01:59:49.957+0000] {logging_mixin.py:188} INFO - [2024-08-09T01:59:49.956+0000] {dagbag.py:545} INFO - Filling up the DagBag from /home/airflow/.local/lib/python3.12/site-packages/airflow/example_dags/example_sensor_decorator.py
[2024-08-09T01:59:49.975+0000] {processor.py:840} INFO - DAG(s) 'example_sensor_decorator' retrieved from /home/airflow/.local/lib/python3.12/site-packages/airflow/example_dags/example_sensor_decorator.py
[2024-08-09T01:59:50.036+0000] {logging_mixin.py:188} INFO - [2024-08-09T01:59:50.036+0000] {dag.py:3089} INFO - Sync 1 DAGs
[2024-08-09T01:59:50.068+0000] {logging_mixin.py:188} INFO - [2024-08-09T01:59:50.068+0000] {dag.py:3947} INFO - Setting next_dagrun for example_sensor_decorator to None, run_after=None
[2024-08-09T01:59:50.104+0000] {processor.py:183} INFO - Processing /home/airflow/.local/lib/python3.12/site-packages/airflow/example_dags/example_sensor_decorator.py took 0.196 seconds
[2024-08-09T02:00:20.213+0000] {processor.py:161} INFO - Started process (PID=2944) to work on /home/airflow/.local/lib/python3.12/site-packages/airflow/example_dags/example_sensor_decorator.py
[2024-08-09T02:00:20.217+0000] {processor.py:830} INFO - Processing file /home/airflow/.local/lib/python3.12/site-packages/airflow/example_dags/example_sensor_decorator.py for tasks to queue
[2024-08-09T02:00:20.223+0000] {logging_mixin.py:188} INFO - [2024-08-09T02:00:20.222+0000] {dagbag.py:545} INFO - Filling up the DagBag from /home/airflow/.local/lib/python3.12/site-packages/airflow/example_dags/example_sensor_decorator.py
[2024-08-09T02:00:20.244+0000] {processor.py:840} INFO - DAG(s) 'example_sensor_decorator' retrieved from /home/airflow/.local/lib/python3.12/site-packages/airflow/example_dags/example_sensor_decorator.py
[2024-08-09T02:00:20.329+0000] {logging_mixin.py:188} INFO - [2024-08-09T02:00:20.328+0000] {dag.py:3089} INFO - Sync 1 DAGs
[2024-08-09T02:00:20.359+0000] {logging_mixin.py:188} INFO - [2024-08-09T02:00:20.359+0000] {dag.py:3947} INFO - Setting next_dagrun for example_sensor_decorator to None, run_after=None
[2024-08-09T02:00:20.403+0000] {processor.py:183} INFO - Processing /home/airflow/.local/lib/python3.12/site-packages/airflow/example_dags/example_sensor_decorator.py took 0.211 seconds
[2024-08-09T02:00:50.589+0000] {processor.py:161} INFO - Started process (PID=3002) to work on /home/airflow/.local/lib/python3.12/site-packages/airflow/example_dags/example_sensor_decorator.py
[2024-08-09T02:00:50.592+0000] {processor.py:830} INFO - Processing file /home/airflow/.local/lib/python3.12/site-packages/airflow/example_dags/example_sensor_decorator.py for tasks to queue
[2024-08-09T02:00:50.597+0000] {logging_mixin.py:188} INFO - [2024-08-09T02:00:50.596+0000] {dagbag.py:545} INFO - Filling up the DagBag from /home/airflow/.local/lib/python3.12/site-packages/airflow/example_dags/example_sensor_decorator.py
[2024-08-09T02:00:50.617+0000] {processor.py:840} INFO - DAG(s) 'example_sensor_decorator' retrieved from /home/airflow/.local/lib/python3.12/site-packages/airflow/example_dags/example_sensor_decorator.py
[2024-08-09T02:00:50.672+0000] {logging_mixin.py:188} INFO - [2024-08-09T02:00:50.671+0000] {dag.py:3089} INFO - Sync 1 DAGs
[2024-08-09T02:00:50.694+0000] {logging_mixin.py:188} INFO - [2024-08-09T02:00:50.694+0000] {dag.py:3947} INFO - Setting next_dagrun for example_sensor_decorator to None, run_after=None
[2024-08-09T02:00:50.729+0000] {processor.py:183} INFO - Processing /home/airflow/.local/lib/python3.12/site-packages/airflow/example_dags/example_sensor_decorator.py took 0.157 seconds
[2024-08-09T02:01:20.863+0000] {processor.py:161} INFO - Started process (PID=3060) to work on /home/airflow/.local/lib/python3.12/site-packages/airflow/example_dags/example_sensor_decorator.py
[2024-08-09T02:01:20.866+0000] {processor.py:830} INFO - Processing file /home/airflow/.local/lib/python3.12/site-packages/airflow/example_dags/example_sensor_decorator.py for tasks to queue
[2024-08-09T02:01:20.871+0000] {logging_mixin.py:188} INFO - [2024-08-09T02:01:20.870+0000] {dagbag.py:545} INFO - Filling up the DagBag from /home/airflow/.local/lib/python3.12/site-packages/airflow/example_dags/example_sensor_decorator.py
[2024-08-09T02:01:20.887+0000] {processor.py:840} INFO - DAG(s) 'example_sensor_decorator' retrieved from /home/airflow/.local/lib/python3.12/site-packages/airflow/example_dags/example_sensor_decorator.py
[2024-08-09T02:01:20.934+0000] {logging_mixin.py:188} INFO - [2024-08-09T02:01:20.933+0000] {dag.py:3089} INFO - Sync 1 DAGs
[2024-08-09T02:01:20.958+0000] {logging_mixin.py:188} INFO - [2024-08-09T02:01:20.956+0000] {dag.py:3947} INFO - Setting next_dagrun for example_sensor_decorator to None, run_after=None
[2024-08-09T02:01:21.000+0000] {processor.py:183} INFO - Processing /home/airflow/.local/lib/python3.12/site-packages/airflow/example_dags/example_sensor_decorator.py took 0.153 seconds
[2024-08-09T02:01:51.136+0000] {processor.py:161} INFO - Started process (PID=3116) to work on /home/airflow/.local/lib/python3.12/site-packages/airflow/example_dags/example_sensor_decorator.py
[2024-08-09T02:01:51.140+0000] {processor.py:830} INFO - Processing file /home/airflow/.local/lib/python3.12/site-packages/airflow/example_dags/example_sensor_decorator.py for tasks to queue
[2024-08-09T02:01:51.158+0000] {logging_mixin.py:188} INFO - [2024-08-09T02:01:51.157+0000] {dagbag.py:545} INFO - Filling up the DagBag from /home/airflow/.local/lib/python3.12/site-packages/airflow/example_dags/example_sensor_decorator.py
[2024-08-09T02:01:51.182+0000] {processor.py:840} INFO - DAG(s) 'example_sensor_decorator' retrieved from /home/airflow/.local/lib/python3.12/site-packages/airflow/example_dags/example_sensor_decorator.py
[2024-08-09T02:01:51.254+0000] {logging_mixin.py:188} INFO - [2024-08-09T02:01:51.254+0000] {dag.py:3089} INFO - Sync 1 DAGs
[2024-08-09T02:01:51.284+0000] {logging_mixin.py:188} INFO - [2024-08-09T02:01:51.284+0000] {dag.py:3947} INFO - Setting next_dagrun for example_sensor_decorator to None, run_after=None
[2024-08-09T02:01:51.319+0000] {processor.py:183} INFO - Processing /home/airflow/.local/lib/python3.12/site-packages/airflow/example_dags/example_sensor_decorator.py took 0.211 seconds
[2024-08-09T02:02:21.460+0000] {processor.py:161} INFO - Started process (PID=3172) to work on /home/airflow/.local/lib/python3.12/site-packages/airflow/example_dags/example_sensor_decorator.py
[2024-08-09T02:02:21.467+0000] {processor.py:830} INFO - Processing file /home/airflow/.local/lib/python3.12/site-packages/airflow/example_dags/example_sensor_decorator.py for tasks to queue
[2024-08-09T02:02:21.474+0000] {logging_mixin.py:188} INFO - [2024-08-09T02:02:21.473+0000] {dagbag.py:545} INFO - Filling up the DagBag from /home/airflow/.local/lib/python3.12/site-packages/airflow/example_dags/example_sensor_decorator.py
[2024-08-09T02:02:21.504+0000] {processor.py:840} INFO - DAG(s) 'example_sensor_decorator' retrieved from /home/airflow/.local/lib/python3.12/site-packages/airflow/example_dags/example_sensor_decorator.py
[2024-08-09T02:02:21.597+0000] {logging_mixin.py:188} INFO - [2024-08-09T02:02:21.592+0000] {dag.py:3089} INFO - Sync 1 DAGs
[2024-08-09T02:02:21.644+0000] {logging_mixin.py:188} INFO - [2024-08-09T02:02:21.643+0000] {dag.py:3947} INFO - Setting next_dagrun for example_sensor_decorator to None, run_after=None
[2024-08-09T02:02:21.691+0000] {processor.py:183} INFO - Processing /home/airflow/.local/lib/python3.12/site-packages/airflow/example_dags/example_sensor_decorator.py took 0.252 seconds
[2024-08-09T02:02:51.856+0000] {processor.py:161} INFO - Started process (PID=3230) to work on /home/airflow/.local/lib/python3.12/site-packages/airflow/example_dags/example_sensor_decorator.py
[2024-08-09T02:02:51.862+0000] {processor.py:830} INFO - Processing file /home/airflow/.local/lib/python3.12/site-packages/airflow/example_dags/example_sensor_decorator.py for tasks to queue
[2024-08-09T02:02:51.867+0000] {logging_mixin.py:188} INFO - [2024-08-09T02:02:51.866+0000] {dagbag.py:545} INFO - Filling up the DagBag from /home/airflow/.local/lib/python3.12/site-packages/airflow/example_dags/example_sensor_decorator.py
[2024-08-09T02:02:51.900+0000] {processor.py:840} INFO - DAG(s) 'example_sensor_decorator' retrieved from /home/airflow/.local/lib/python3.12/site-packages/airflow/example_dags/example_sensor_decorator.py
[2024-08-09T02:02:51.979+0000] {logging_mixin.py:188} INFO - [2024-08-09T02:02:51.979+0000] {dag.py:3089} INFO - Sync 1 DAGs
[2024-08-09T02:02:52.024+0000] {logging_mixin.py:188} INFO - [2024-08-09T02:02:52.024+0000] {dag.py:3947} INFO - Setting next_dagrun for example_sensor_decorator to None, run_after=None
[2024-08-09T02:02:52.088+0000] {processor.py:183} INFO - Processing /home/airflow/.local/lib/python3.12/site-packages/airflow/example_dags/example_sensor_decorator.py took 0.249 seconds
[2024-08-09T02:03:22.547+0000] {processor.py:161} INFO - Started process (PID=3288) to work on /home/airflow/.local/lib/python3.12/site-packages/airflow/example_dags/example_sensor_decorator.py
[2024-08-09T02:03:22.550+0000] {processor.py:830} INFO - Processing file /home/airflow/.local/lib/python3.12/site-packages/airflow/example_dags/example_sensor_decorator.py for tasks to queue
[2024-08-09T02:03:22.556+0000] {logging_mixin.py:188} INFO - [2024-08-09T02:03:22.555+0000] {dagbag.py:545} INFO - Filling up the DagBag from /home/airflow/.local/lib/python3.12/site-packages/airflow/example_dags/example_sensor_decorator.py
[2024-08-09T02:03:22.577+0000] {processor.py:840} INFO - DAG(s) 'example_sensor_decorator' retrieved from /home/airflow/.local/lib/python3.12/site-packages/airflow/example_dags/example_sensor_decorator.py
[2024-08-09T02:03:22.672+0000] {logging_mixin.py:188} INFO - [2024-08-09T02:03:22.672+0000] {dag.py:3089} INFO - Sync 1 DAGs
[2024-08-09T02:03:22.735+0000] {logging_mixin.py:188} INFO - [2024-08-09T02:03:22.735+0000] {dag.py:3947} INFO - Setting next_dagrun for example_sensor_decorator to None, run_after=None
[2024-08-09T02:03:22.783+0000] {processor.py:183} INFO - Processing /home/airflow/.local/lib/python3.12/site-packages/airflow/example_dags/example_sensor_decorator.py took 0.253 seconds
[2024-08-09T02:03:53.308+0000] {processor.py:161} INFO - Started process (PID=3345) to work on /home/airflow/.local/lib/python3.12/site-packages/airflow/example_dags/example_sensor_decorator.py
[2024-08-09T02:03:53.311+0000] {processor.py:830} INFO - Processing file /home/airflow/.local/lib/python3.12/site-packages/airflow/example_dags/example_sensor_decorator.py for tasks to queue
[2024-08-09T02:03:53.320+0000] {logging_mixin.py:188} INFO - [2024-08-09T02:03:53.316+0000] {dagbag.py:545} INFO - Filling up the DagBag from /home/airflow/.local/lib/python3.12/site-packages/airflow/example_dags/example_sensor_decorator.py
[2024-08-09T02:03:53.347+0000] {processor.py:840} INFO - DAG(s) 'example_sensor_decorator' retrieved from /home/airflow/.local/lib/python3.12/site-packages/airflow/example_dags/example_sensor_decorator.py
[2024-08-09T02:03:53.431+0000] {logging_mixin.py:188} INFO - [2024-08-09T02:03:53.431+0000] {dag.py:3089} INFO - Sync 1 DAGs
[2024-08-09T02:03:53.476+0000] {logging_mixin.py:188} INFO - [2024-08-09T02:03:53.476+0000] {dag.py:3947} INFO - Setting next_dagrun for example_sensor_decorator to None, run_after=None
[2024-08-09T02:03:53.514+0000] {processor.py:183} INFO - Processing /home/airflow/.local/lib/python3.12/site-packages/airflow/example_dags/example_sensor_decorator.py took 0.228 seconds
[2024-08-09T02:04:23.736+0000] {processor.py:161} INFO - Started process (PID=3403) to work on /home/airflow/.local/lib/python3.12/site-packages/airflow/example_dags/example_sensor_decorator.py
[2024-08-09T02:04:23.739+0000] {processor.py:830} INFO - Processing file /home/airflow/.local/lib/python3.12/site-packages/airflow/example_dags/example_sensor_decorator.py for tasks to queue
[2024-08-09T02:04:23.744+0000] {logging_mixin.py:188} INFO - [2024-08-09T02:04:23.743+0000] {dagbag.py:545} INFO - Filling up the DagBag from /home/airflow/.local/lib/python3.12/site-packages/airflow/example_dags/example_sensor_decorator.py
[2024-08-09T02:04:23.761+0000] {processor.py:840} INFO - DAG(s) 'example_sensor_decorator' retrieved from /home/airflow/.local/lib/python3.12/site-packages/airflow/example_dags/example_sensor_decorator.py
[2024-08-09T02:04:23.812+0000] {logging_mixin.py:188} INFO - [2024-08-09T02:04:23.812+0000] {dag.py:3089} INFO - Sync 1 DAGs
[2024-08-09T02:04:23.835+0000] {logging_mixin.py:188} INFO - [2024-08-09T02:04:23.835+0000] {dag.py:3947} INFO - Setting next_dagrun for example_sensor_decorator to None, run_after=None
[2024-08-09T02:04:23.871+0000] {processor.py:183} INFO - Processing /home/airflow/.local/lib/python3.12/site-packages/airflow/example_dags/example_sensor_decorator.py took 0.152 seconds
[2024-08-09T02:04:54.174+0000] {processor.py:161} INFO - Started process (PID=3461) to work on /home/airflow/.local/lib/python3.12/site-packages/airflow/example_dags/example_sensor_decorator.py
[2024-08-09T02:04:54.177+0000] {processor.py:830} INFO - Processing file /home/airflow/.local/lib/python3.12/site-packages/airflow/example_dags/example_sensor_decorator.py for tasks to queue
[2024-08-09T02:04:54.181+0000] {logging_mixin.py:188} INFO - [2024-08-09T02:04:54.180+0000] {dagbag.py:545} INFO - Filling up the DagBag from /home/airflow/.local/lib/python3.12/site-packages/airflow/example_dags/example_sensor_decorator.py
[2024-08-09T02:04:54.200+0000] {processor.py:840} INFO - DAG(s) 'example_sensor_decorator' retrieved from /home/airflow/.local/lib/python3.12/site-packages/airflow/example_dags/example_sensor_decorator.py
[2024-08-09T02:04:54.259+0000] {logging_mixin.py:188} INFO - [2024-08-09T02:04:54.258+0000] {dag.py:3089} INFO - Sync 1 DAGs
[2024-08-09T02:04:54.282+0000] {logging_mixin.py:188} INFO - [2024-08-09T02:04:54.281+0000] {dag.py:3947} INFO - Setting next_dagrun for example_sensor_decorator to None, run_after=None
[2024-08-09T02:04:54.331+0000] {processor.py:183} INFO - Processing /home/airflow/.local/lib/python3.12/site-packages/airflow/example_dags/example_sensor_decorator.py took 0.173 seconds
[2024-08-09T02:05:24.852+0000] {processor.py:161} INFO - Started process (PID=3519) to work on /home/airflow/.local/lib/python3.12/site-packages/airflow/example_dags/example_sensor_decorator.py
[2024-08-09T02:05:24.857+0000] {processor.py:830} INFO - Processing file /home/airflow/.local/lib/python3.12/site-packages/airflow/example_dags/example_sensor_decorator.py for tasks to queue
[2024-08-09T02:05:24.864+0000] {logging_mixin.py:188} INFO - [2024-08-09T02:05:24.863+0000] {dagbag.py:545} INFO - Filling up the DagBag from /home/airflow/.local/lib/python3.12/site-packages/airflow/example_dags/example_sensor_decorator.py
[2024-08-09T02:05:24.886+0000] {processor.py:840} INFO - DAG(s) 'example_sensor_decorator' retrieved from /home/airflow/.local/lib/python3.12/site-packages/airflow/example_dags/example_sensor_decorator.py
[2024-08-09T02:05:24.979+0000] {logging_mixin.py:188} INFO - [2024-08-09T02:05:24.978+0000] {dag.py:3089} INFO - Sync 1 DAGs
[2024-08-09T02:05:25.010+0000] {logging_mixin.py:188} INFO - [2024-08-09T02:05:25.009+0000] {dag.py:3947} INFO - Setting next_dagrun for example_sensor_decorator to None, run_after=None
[2024-08-09T02:05:25.078+0000] {processor.py:183} INFO - Processing /home/airflow/.local/lib/python3.12/site-packages/airflow/example_dags/example_sensor_decorator.py took 0.248 seconds
[2024-08-09T02:05:55.880+0000] {processor.py:161} INFO - Started process (PID=3577) to work on /home/airflow/.local/lib/python3.12/site-packages/airflow/example_dags/example_sensor_decorator.py
[2024-08-09T02:05:55.883+0000] {processor.py:830} INFO - Processing file /home/airflow/.local/lib/python3.12/site-packages/airflow/example_dags/example_sensor_decorator.py for tasks to queue
[2024-08-09T02:05:55.890+0000] {logging_mixin.py:188} INFO - [2024-08-09T02:05:55.888+0000] {dagbag.py:545} INFO - Filling up the DagBag from /home/airflow/.local/lib/python3.12/site-packages/airflow/example_dags/example_sensor_decorator.py
[2024-08-09T02:05:55.922+0000] {processor.py:840} INFO - DAG(s) 'example_sensor_decorator' retrieved from /home/airflow/.local/lib/python3.12/site-packages/airflow/example_dags/example_sensor_decorator.py
[2024-08-09T02:05:56.096+0000] {logging_mixin.py:188} INFO - [2024-08-09T02:05:56.096+0000] {dag.py:3089} INFO - Sync 1 DAGs
[2024-08-09T02:05:56.185+0000] {logging_mixin.py:188} INFO - [2024-08-09T02:05:56.185+0000] {dag.py:3947} INFO - Setting next_dagrun for example_sensor_decorator to None, run_after=None
[2024-08-09T02:05:56.327+0000] {processor.py:183} INFO - Processing /home/airflow/.local/lib/python3.12/site-packages/airflow/example_dags/example_sensor_decorator.py took 0.480 seconds
[2024-08-09T02:06:26.828+0000] {processor.py:161} INFO - Started process (PID=3635) to work on /home/airflow/.local/lib/python3.12/site-packages/airflow/example_dags/example_sensor_decorator.py
[2024-08-09T02:06:26.833+0000] {processor.py:830} INFO - Processing file /home/airflow/.local/lib/python3.12/site-packages/airflow/example_dags/example_sensor_decorator.py for tasks to queue
[2024-08-09T02:06:26.840+0000] {logging_mixin.py:188} INFO - [2024-08-09T02:06:26.839+0000] {dagbag.py:545} INFO - Filling up the DagBag from /home/airflow/.local/lib/python3.12/site-packages/airflow/example_dags/example_sensor_decorator.py
[2024-08-09T02:06:26.858+0000] {processor.py:840} INFO - DAG(s) 'example_sensor_decorator' retrieved from /home/airflow/.local/lib/python3.12/site-packages/airflow/example_dags/example_sensor_decorator.py
[2024-08-09T02:06:26.954+0000] {logging_mixin.py:188} INFO - [2024-08-09T02:06:26.953+0000] {dag.py:3089} INFO - Sync 1 DAGs
[2024-08-09T02:06:26.991+0000] {logging_mixin.py:188} INFO - [2024-08-09T02:06:26.990+0000] {dag.py:3947} INFO - Setting next_dagrun for example_sensor_decorator to None, run_after=None
[2024-08-09T02:06:27.044+0000] {processor.py:183} INFO - Processing /home/airflow/.local/lib/python3.12/site-packages/airflow/example_dags/example_sensor_decorator.py took 0.233 seconds
[2024-08-09T02:06:57.860+0000] {processor.py:161} INFO - Started process (PID=3693) to work on /home/airflow/.local/lib/python3.12/site-packages/airflow/example_dags/example_sensor_decorator.py
[2024-08-09T02:06:57.862+0000] {processor.py:830} INFO - Processing file /home/airflow/.local/lib/python3.12/site-packages/airflow/example_dags/example_sensor_decorator.py for tasks to queue
[2024-08-09T02:06:57.867+0000] {logging_mixin.py:188} INFO - [2024-08-09T02:06:57.866+0000] {dagbag.py:545} INFO - Filling up the DagBag from /home/airflow/.local/lib/python3.12/site-packages/airflow/example_dags/example_sensor_decorator.py
[2024-08-09T02:06:57.886+0000] {processor.py:840} INFO - DAG(s) 'example_sensor_decorator' retrieved from /home/airflow/.local/lib/python3.12/site-packages/airflow/example_dags/example_sensor_decorator.py
[2024-08-09T02:06:57.945+0000] {logging_mixin.py:188} INFO - [2024-08-09T02:06:57.945+0000] {dag.py:3089} INFO - Sync 1 DAGs
[2024-08-09T02:06:57.985+0000] {logging_mixin.py:188} INFO - [2024-08-09T02:06:57.985+0000] {dag.py:3947} INFO - Setting next_dagrun for example_sensor_decorator to None, run_after=None
[2024-08-09T02:06:58.032+0000] {processor.py:183} INFO - Processing /home/airflow/.local/lib/python3.12/site-packages/airflow/example_dags/example_sensor_decorator.py took 0.190 seconds
[2024-08-09T02:07:28.740+0000] {processor.py:161} INFO - Started process (PID=3750) to work on /home/airflow/.local/lib/python3.12/site-packages/airflow/example_dags/example_sensor_decorator.py
[2024-08-09T02:07:28.743+0000] {processor.py:830} INFO - Processing file /home/airflow/.local/lib/python3.12/site-packages/airflow/example_dags/example_sensor_decorator.py for tasks to queue
[2024-08-09T02:07:28.747+0000] {logging_mixin.py:188} INFO - [2024-08-09T02:07:28.746+0000] {dagbag.py:545} INFO - Filling up the DagBag from /home/airflow/.local/lib/python3.12/site-packages/airflow/example_dags/example_sensor_decorator.py
[2024-08-09T02:07:28.765+0000] {processor.py:840} INFO - DAG(s) 'example_sensor_decorator' retrieved from /home/airflow/.local/lib/python3.12/site-packages/airflow/example_dags/example_sensor_decorator.py
[2024-08-09T02:07:28.824+0000] {logging_mixin.py:188} INFO - [2024-08-09T02:07:28.824+0000] {dag.py:3089} INFO - Sync 1 DAGs
[2024-08-09T02:07:28.850+0000] {logging_mixin.py:188} INFO - [2024-08-09T02:07:28.849+0000] {dag.py:3947} INFO - Setting next_dagrun for example_sensor_decorator to None, run_after=None
[2024-08-09T02:07:28.909+0000] {processor.py:183} INFO - Processing /home/airflow/.local/lib/python3.12/site-packages/airflow/example_dags/example_sensor_decorator.py took 0.185 seconds
[2024-08-09T02:07:59.542+0000] {processor.py:161} INFO - Started process (PID=3807) to work on /home/airflow/.local/lib/python3.12/site-packages/airflow/example_dags/example_sensor_decorator.py
[2024-08-09T02:07:59.545+0000] {processor.py:830} INFO - Processing file /home/airflow/.local/lib/python3.12/site-packages/airflow/example_dags/example_sensor_decorator.py for tasks to queue
[2024-08-09T02:07:59.549+0000] {logging_mixin.py:188} INFO - [2024-08-09T02:07:59.548+0000] {dagbag.py:545} INFO - Filling up the DagBag from /home/airflow/.local/lib/python3.12/site-packages/airflow/example_dags/example_sensor_decorator.py
[2024-08-09T02:07:59.565+0000] {processor.py:840} INFO - DAG(s) 'example_sensor_decorator' retrieved from /home/airflow/.local/lib/python3.12/site-packages/airflow/example_dags/example_sensor_decorator.py
[2024-08-09T02:07:59.617+0000] {logging_mixin.py:188} INFO - [2024-08-09T02:07:59.616+0000] {dag.py:3089} INFO - Sync 1 DAGs
[2024-08-09T02:07:59.645+0000] {logging_mixin.py:188} INFO - [2024-08-09T02:07:59.645+0000] {dag.py:3947} INFO - Setting next_dagrun for example_sensor_decorator to None, run_after=None
[2024-08-09T02:07:59.676+0000] {processor.py:183} INFO - Processing /home/airflow/.local/lib/python3.12/site-packages/airflow/example_dags/example_sensor_decorator.py took 0.150 seconds
[2024-08-09T02:08:30.010+0000] {processor.py:161} INFO - Started process (PID=3865) to work on /home/airflow/.local/lib/python3.12/site-packages/airflow/example_dags/example_sensor_decorator.py
[2024-08-09T02:08:30.012+0000] {processor.py:830} INFO - Processing file /home/airflow/.local/lib/python3.12/site-packages/airflow/example_dags/example_sensor_decorator.py for tasks to queue
[2024-08-09T02:08:30.016+0000] {logging_mixin.py:188} INFO - [2024-08-09T02:08:30.016+0000] {dagbag.py:545} INFO - Filling up the DagBag from /home/airflow/.local/lib/python3.12/site-packages/airflow/example_dags/example_sensor_decorator.py
[2024-08-09T02:08:30.033+0000] {processor.py:840} INFO - DAG(s) 'example_sensor_decorator' retrieved from /home/airflow/.local/lib/python3.12/site-packages/airflow/example_dags/example_sensor_decorator.py
[2024-08-09T02:08:30.090+0000] {logging_mixin.py:188} INFO - [2024-08-09T02:08:30.090+0000] {dag.py:3089} INFO - Sync 1 DAGs
[2024-08-09T02:08:30.112+0000] {logging_mixin.py:188} INFO - [2024-08-09T02:08:30.111+0000] {dag.py:3947} INFO - Setting next_dagrun for example_sensor_decorator to None, run_after=None
[2024-08-09T02:08:30.149+0000] {processor.py:183} INFO - Processing /home/airflow/.local/lib/python3.12/site-packages/airflow/example_dags/example_sensor_decorator.py took 0.158 seconds
[2024-08-09T02:09:00.537+0000] {processor.py:161} INFO - Started process (PID=3923) to work on /home/airflow/.local/lib/python3.12/site-packages/airflow/example_dags/example_sensor_decorator.py
[2024-08-09T02:09:00.540+0000] {processor.py:830} INFO - Processing file /home/airflow/.local/lib/python3.12/site-packages/airflow/example_dags/example_sensor_decorator.py for tasks to queue
[2024-08-09T02:09:00.545+0000] {logging_mixin.py:188} INFO - [2024-08-09T02:09:00.544+0000] {dagbag.py:545} INFO - Filling up the DagBag from /home/airflow/.local/lib/python3.12/site-packages/airflow/example_dags/example_sensor_decorator.py
[2024-08-09T02:09:00.561+0000] {processor.py:840} INFO - DAG(s) 'example_sensor_decorator' retrieved from /home/airflow/.local/lib/python3.12/site-packages/airflow/example_dags/example_sensor_decorator.py
[2024-08-09T02:09:00.613+0000] {logging_mixin.py:188} INFO - [2024-08-09T02:09:00.613+0000] {dag.py:3089} INFO - Sync 1 DAGs
[2024-08-09T02:09:00.633+0000] {logging_mixin.py:188} INFO - [2024-08-09T02:09:00.633+0000] {dag.py:3947} INFO - Setting next_dagrun for example_sensor_decorator to None, run_after=None
[2024-08-09T02:09:00.670+0000] {processor.py:183} INFO - Processing /home/airflow/.local/lib/python3.12/site-packages/airflow/example_dags/example_sensor_decorator.py took 0.148 seconds
[2024-08-09T02:09:31.353+0000] {processor.py:161} INFO - Started process (PID=3981) to work on /home/airflow/.local/lib/python3.12/site-packages/airflow/example_dags/example_sensor_decorator.py
[2024-08-09T02:09:31.357+0000] {processor.py:830} INFO - Processing file /home/airflow/.local/lib/python3.12/site-packages/airflow/example_dags/example_sensor_decorator.py for tasks to queue
[2024-08-09T02:09:31.366+0000] {logging_mixin.py:188} INFO - [2024-08-09T02:09:31.363+0000] {dagbag.py:545} INFO - Filling up the DagBag from /home/airflow/.local/lib/python3.12/site-packages/airflow/example_dags/example_sensor_decorator.py
[2024-08-09T02:09:31.399+0000] {processor.py:840} INFO - DAG(s) 'example_sensor_decorator' retrieved from /home/airflow/.local/lib/python3.12/site-packages/airflow/example_dags/example_sensor_decorator.py
[2024-08-09T02:09:31.551+0000] {logging_mixin.py:188} INFO - [2024-08-09T02:09:31.551+0000] {dag.py:3089} INFO - Sync 1 DAGs
[2024-08-09T02:09:31.690+0000] {logging_mixin.py:188} INFO - [2024-08-09T02:09:31.686+0000] {dag.py:3947} INFO - Setting next_dagrun for example_sensor_decorator to None, run_after=None
[2024-08-09T02:09:31.762+0000] {processor.py:183} INFO - Processing /home/airflow/.local/lib/python3.12/site-packages/airflow/example_dags/example_sensor_decorator.py took 0.441 seconds
[2024-08-09T02:10:02.680+0000] {processor.py:161} INFO - Started process (PID=4045) to work on /home/airflow/.local/lib/python3.12/site-packages/airflow/example_dags/example_sensor_decorator.py
[2024-08-09T02:10:02.683+0000] {processor.py:830} INFO - Processing file /home/airflow/.local/lib/python3.12/site-packages/airflow/example_dags/example_sensor_decorator.py for tasks to queue
[2024-08-09T02:10:02.690+0000] {logging_mixin.py:188} INFO - [2024-08-09T02:10:02.688+0000] {dagbag.py:545} INFO - Filling up the DagBag from /home/airflow/.local/lib/python3.12/site-packages/airflow/example_dags/example_sensor_decorator.py
[2024-08-09T02:10:02.715+0000] {processor.py:840} INFO - DAG(s) 'example_sensor_decorator' retrieved from /home/airflow/.local/lib/python3.12/site-packages/airflow/example_dags/example_sensor_decorator.py
[2024-08-09T02:10:02.792+0000] {logging_mixin.py:188} INFO - [2024-08-09T02:10:02.791+0000] {dag.py:3089} INFO - Sync 1 DAGs
[2024-08-09T02:10:02.830+0000] {logging_mixin.py:188} INFO - [2024-08-09T02:10:02.830+0000] {dag.py:3947} INFO - Setting next_dagrun for example_sensor_decorator to None, run_after=None
[2024-08-09T02:10:02.886+0000] {processor.py:183} INFO - Processing /home/airflow/.local/lib/python3.12/site-packages/airflow/example_dags/example_sensor_decorator.py took 0.229 seconds
[2024-08-09T02:10:33.148+0000] {processor.py:161} INFO - Started process (PID=4101) to work on /home/airflow/.local/lib/python3.12/site-packages/airflow/example_dags/example_sensor_decorator.py
[2024-08-09T02:10:33.152+0000] {processor.py:830} INFO - Processing file /home/airflow/.local/lib/python3.12/site-packages/airflow/example_dags/example_sensor_decorator.py for tasks to queue
[2024-08-09T02:10:33.159+0000] {logging_mixin.py:188} INFO - [2024-08-09T02:10:33.158+0000] {dagbag.py:545} INFO - Filling up the DagBag from /home/airflow/.local/lib/python3.12/site-packages/airflow/example_dags/example_sensor_decorator.py
[2024-08-09T02:10:33.183+0000] {processor.py:840} INFO - DAG(s) 'example_sensor_decorator' retrieved from /home/airflow/.local/lib/python3.12/site-packages/airflow/example_dags/example_sensor_decorator.py
[2024-08-09T02:10:33.258+0000] {logging_mixin.py:188} INFO - [2024-08-09T02:10:33.257+0000] {dag.py:3089} INFO - Sync 1 DAGs
[2024-08-09T02:10:33.297+0000] {logging_mixin.py:188} INFO - [2024-08-09T02:10:33.296+0000] {dag.py:3947} INFO - Setting next_dagrun for example_sensor_decorator to None, run_after=None
[2024-08-09T02:10:33.336+0000] {processor.py:183} INFO - Processing /home/airflow/.local/lib/python3.12/site-packages/airflow/example_dags/example_sensor_decorator.py took 0.209 seconds
[2024-08-09T02:11:03.809+0000] {processor.py:161} INFO - Started process (PID=4158) to work on /home/airflow/.local/lib/python3.12/site-packages/airflow/example_dags/example_sensor_decorator.py
[2024-08-09T02:11:03.812+0000] {processor.py:830} INFO - Processing file /home/airflow/.local/lib/python3.12/site-packages/airflow/example_dags/example_sensor_decorator.py for tasks to queue
[2024-08-09T02:11:03.819+0000] {logging_mixin.py:188} INFO - [2024-08-09T02:11:03.818+0000] {dagbag.py:545} INFO - Filling up the DagBag from /home/airflow/.local/lib/python3.12/site-packages/airflow/example_dags/example_sensor_decorator.py
[2024-08-09T02:11:03.840+0000] {processor.py:840} INFO - DAG(s) 'example_sensor_decorator' retrieved from /home/airflow/.local/lib/python3.12/site-packages/airflow/example_dags/example_sensor_decorator.py
[2024-08-09T02:11:03.947+0000] {logging_mixin.py:188} INFO - [2024-08-09T02:11:03.947+0000] {dag.py:3089} INFO - Sync 1 DAGs
[2024-08-09T02:11:04.000+0000] {logging_mixin.py:188} INFO - [2024-08-09T02:11:03.999+0000] {dag.py:3947} INFO - Setting next_dagrun for example_sensor_decorator to None, run_after=None
[2024-08-09T02:11:04.090+0000] {processor.py:183} INFO - Processing /home/airflow/.local/lib/python3.12/site-packages/airflow/example_dags/example_sensor_decorator.py took 0.298 seconds
[2024-08-09T02:11:34.795+0000] {processor.py:161} INFO - Started process (PID=4216) to work on /home/airflow/.local/lib/python3.12/site-packages/airflow/example_dags/example_sensor_decorator.py
[2024-08-09T02:11:34.798+0000] {processor.py:830} INFO - Processing file /home/airflow/.local/lib/python3.12/site-packages/airflow/example_dags/example_sensor_decorator.py for tasks to queue
[2024-08-09T02:11:34.807+0000] {logging_mixin.py:188} INFO - [2024-08-09T02:11:34.805+0000] {dagbag.py:545} INFO - Filling up the DagBag from /home/airflow/.local/lib/python3.12/site-packages/airflow/example_dags/example_sensor_decorator.py
[2024-08-09T02:11:34.846+0000] {processor.py:840} INFO - DAG(s) 'example_sensor_decorator' retrieved from /home/airflow/.local/lib/python3.12/site-packages/airflow/example_dags/example_sensor_decorator.py
[2024-08-09T02:11:34.963+0000] {logging_mixin.py:188} INFO - [2024-08-09T02:11:34.963+0000] {dag.py:3089} INFO - Sync 1 DAGs
[2024-08-09T02:11:35.023+0000] {logging_mixin.py:188} INFO - [2024-08-09T02:11:35.023+0000] {dag.py:3947} INFO - Setting next_dagrun for example_sensor_decorator to None, run_after=None
[2024-08-09T02:11:35.099+0000] {processor.py:183} INFO - Processing /home/airflow/.local/lib/python3.12/site-packages/airflow/example_dags/example_sensor_decorator.py took 0.334 seconds
[2024-08-09T02:12:05.314+0000] {processor.py:161} INFO - Started process (PID=4274) to work on /home/airflow/.local/lib/python3.12/site-packages/airflow/example_dags/example_sensor_decorator.py
[2024-08-09T02:12:05.316+0000] {processor.py:830} INFO - Processing file /home/airflow/.local/lib/python3.12/site-packages/airflow/example_dags/example_sensor_decorator.py for tasks to queue
[2024-08-09T02:12:05.321+0000] {logging_mixin.py:188} INFO - [2024-08-09T02:12:05.320+0000] {dagbag.py:545} INFO - Filling up the DagBag from /home/airflow/.local/lib/python3.12/site-packages/airflow/example_dags/example_sensor_decorator.py
[2024-08-09T02:12:05.339+0000] {processor.py:840} INFO - DAG(s) 'example_sensor_decorator' retrieved from /home/airflow/.local/lib/python3.12/site-packages/airflow/example_dags/example_sensor_decorator.py
[2024-08-09T02:12:05.410+0000] {logging_mixin.py:188} INFO - [2024-08-09T02:12:05.410+0000] {dag.py:3089} INFO - Sync 1 DAGs
[2024-08-09T02:12:05.443+0000] {logging_mixin.py:188} INFO - [2024-08-09T02:12:05.443+0000] {dag.py:3947} INFO - Setting next_dagrun for example_sensor_decorator to None, run_after=None
[2024-08-09T02:12:05.481+0000] {processor.py:183} INFO - Processing /home/airflow/.local/lib/python3.12/site-packages/airflow/example_dags/example_sensor_decorator.py took 0.185 seconds
[2024-08-09T02:12:36.202+0000] {processor.py:161} INFO - Started process (PID=4332) to work on /home/airflow/.local/lib/python3.12/site-packages/airflow/example_dags/example_sensor_decorator.py
[2024-08-09T02:12:36.205+0000] {processor.py:830} INFO - Processing file /home/airflow/.local/lib/python3.12/site-packages/airflow/example_dags/example_sensor_decorator.py for tasks to queue
[2024-08-09T02:12:36.212+0000] {logging_mixin.py:188} INFO - [2024-08-09T02:12:36.211+0000] {dagbag.py:545} INFO - Filling up the DagBag from /home/airflow/.local/lib/python3.12/site-packages/airflow/example_dags/example_sensor_decorator.py
[2024-08-09T02:12:36.237+0000] {processor.py:840} INFO - DAG(s) 'example_sensor_decorator' retrieved from /home/airflow/.local/lib/python3.12/site-packages/airflow/example_dags/example_sensor_decorator.py
[2024-08-09T02:12:36.295+0000] {logging_mixin.py:188} INFO - [2024-08-09T02:12:36.295+0000] {dag.py:3089} INFO - Sync 1 DAGs
[2024-08-09T02:12:36.325+0000] {logging_mixin.py:188} INFO - [2024-08-09T02:12:36.324+0000] {dag.py:3947} INFO - Setting next_dagrun for example_sensor_decorator to None, run_after=None
[2024-08-09T02:12:36.389+0000] {processor.py:183} INFO - Processing /home/airflow/.local/lib/python3.12/site-packages/airflow/example_dags/example_sensor_decorator.py took 0.212 seconds
[2024-08-09T02:13:06.701+0000] {processor.py:161} INFO - Started process (PID=4389) to work on /home/airflow/.local/lib/python3.12/site-packages/airflow/example_dags/example_sensor_decorator.py
[2024-08-09T02:13:06.707+0000] {processor.py:830} INFO - Processing file /home/airflow/.local/lib/python3.12/site-packages/airflow/example_dags/example_sensor_decorator.py for tasks to queue
[2024-08-09T02:13:06.713+0000] {logging_mixin.py:188} INFO - [2024-08-09T02:13:06.712+0000] {dagbag.py:545} INFO - Filling up the DagBag from /home/airflow/.local/lib/python3.12/site-packages/airflow/example_dags/example_sensor_decorator.py
[2024-08-09T02:13:06.737+0000] {processor.py:840} INFO - DAG(s) 'example_sensor_decorator' retrieved from /home/airflow/.local/lib/python3.12/site-packages/airflow/example_dags/example_sensor_decorator.py
[2024-08-09T02:13:06.818+0000] {logging_mixin.py:188} INFO - [2024-08-09T02:13:06.818+0000] {dag.py:3089} INFO - Sync 1 DAGs
[2024-08-09T02:13:06.842+0000] {logging_mixin.py:188} INFO - [2024-08-09T02:13:06.841+0000] {dag.py:3947} INFO - Setting next_dagrun for example_sensor_decorator to None, run_after=None
[2024-08-09T02:13:06.881+0000] {processor.py:183} INFO - Processing /home/airflow/.local/lib/python3.12/site-packages/airflow/example_dags/example_sensor_decorator.py took 0.209 seconds
[2024-08-09T02:13:37.150+0000] {processor.py:161} INFO - Started process (PID=4447) to work on /home/airflow/.local/lib/python3.12/site-packages/airflow/example_dags/example_sensor_decorator.py
[2024-08-09T02:13:37.153+0000] {processor.py:830} INFO - Processing file /home/airflow/.local/lib/python3.12/site-packages/airflow/example_dags/example_sensor_decorator.py for tasks to queue
[2024-08-09T02:13:37.159+0000] {logging_mixin.py:188} INFO - [2024-08-09T02:13:37.158+0000] {dagbag.py:545} INFO - Filling up the DagBag from /home/airflow/.local/lib/python3.12/site-packages/airflow/example_dags/example_sensor_decorator.py
[2024-08-09T02:13:37.189+0000] {processor.py:840} INFO - DAG(s) 'example_sensor_decorator' retrieved from /home/airflow/.local/lib/python3.12/site-packages/airflow/example_dags/example_sensor_decorator.py
[2024-08-09T02:13:37.345+0000] {logging_mixin.py:188} INFO - [2024-08-09T02:13:37.344+0000] {dag.py:3089} INFO - Sync 1 DAGs
[2024-08-09T02:13:37.421+0000] {logging_mixin.py:188} INFO - [2024-08-09T02:13:37.420+0000] {dag.py:3947} INFO - Setting next_dagrun for example_sensor_decorator to None, run_after=None
[2024-08-09T02:13:37.477+0000] {processor.py:183} INFO - Processing /home/airflow/.local/lib/python3.12/site-packages/airflow/example_dags/example_sensor_decorator.py took 0.366 seconds
[2024-08-09T02:14:07.765+0000] {processor.py:161} INFO - Started process (PID=4505) to work on /home/airflow/.local/lib/python3.12/site-packages/airflow/example_dags/example_sensor_decorator.py
[2024-08-09T02:14:07.768+0000] {processor.py:830} INFO - Processing file /home/airflow/.local/lib/python3.12/site-packages/airflow/example_dags/example_sensor_decorator.py for tasks to queue
[2024-08-09T02:14:07.775+0000] {logging_mixin.py:188} INFO - [2024-08-09T02:14:07.774+0000] {dagbag.py:545} INFO - Filling up the DagBag from /home/airflow/.local/lib/python3.12/site-packages/airflow/example_dags/example_sensor_decorator.py
[2024-08-09T02:14:07.799+0000] {processor.py:840} INFO - DAG(s) 'example_sensor_decorator' retrieved from /home/airflow/.local/lib/python3.12/site-packages/airflow/example_dags/example_sensor_decorator.py
[2024-08-09T02:14:07.884+0000] {logging_mixin.py:188} INFO - [2024-08-09T02:14:07.884+0000] {dag.py:3089} INFO - Sync 1 DAGs
[2024-08-09T02:14:07.916+0000] {logging_mixin.py:188} INFO - [2024-08-09T02:14:07.915+0000] {dag.py:3947} INFO - Setting next_dagrun for example_sensor_decorator to None, run_after=None
[2024-08-09T02:14:07.971+0000] {processor.py:183} INFO - Processing /home/airflow/.local/lib/python3.12/site-packages/airflow/example_dags/example_sensor_decorator.py took 0.233 seconds
[2024-08-09T02:14:38.191+0000] {processor.py:161} INFO - Started process (PID=4563) to work on /home/airflow/.local/lib/python3.12/site-packages/airflow/example_dags/example_sensor_decorator.py
[2024-08-09T02:14:38.194+0000] {processor.py:830} INFO - Processing file /home/airflow/.local/lib/python3.12/site-packages/airflow/example_dags/example_sensor_decorator.py for tasks to queue
[2024-08-09T02:14:38.199+0000] {logging_mixin.py:188} INFO - [2024-08-09T02:14:38.198+0000] {dagbag.py:545} INFO - Filling up the DagBag from /home/airflow/.local/lib/python3.12/site-packages/airflow/example_dags/example_sensor_decorator.py
[2024-08-09T02:14:38.217+0000] {processor.py:840} INFO - DAG(s) 'example_sensor_decorator' retrieved from /home/airflow/.local/lib/python3.12/site-packages/airflow/example_dags/example_sensor_decorator.py
[2024-08-09T02:14:38.284+0000] {logging_mixin.py:188} INFO - [2024-08-09T02:14:38.283+0000] {dag.py:3089} INFO - Sync 1 DAGs
[2024-08-09T02:14:38.318+0000] {logging_mixin.py:188} INFO - [2024-08-09T02:14:38.318+0000] {dag.py:3947} INFO - Setting next_dagrun for example_sensor_decorator to None, run_after=None
[2024-08-09T02:14:38.357+0000] {processor.py:183} INFO - Processing /home/airflow/.local/lib/python3.12/site-packages/airflow/example_dags/example_sensor_decorator.py took 0.183 seconds
[2024-08-09T02:15:08.840+0000] {processor.py:161} INFO - Started process (PID=4621) to work on /home/airflow/.local/lib/python3.12/site-packages/airflow/example_dags/example_sensor_decorator.py
[2024-08-09T02:15:08.844+0000] {processor.py:830} INFO - Processing file /home/airflow/.local/lib/python3.12/site-packages/airflow/example_dags/example_sensor_decorator.py for tasks to queue
[2024-08-09T02:15:08.854+0000] {logging_mixin.py:188} INFO - [2024-08-09T02:15:08.852+0000] {dagbag.py:545} INFO - Filling up the DagBag from /home/airflow/.local/lib/python3.12/site-packages/airflow/example_dags/example_sensor_decorator.py
[2024-08-09T02:15:08.876+0000] {processor.py:840} INFO - DAG(s) 'example_sensor_decorator' retrieved from /home/airflow/.local/lib/python3.12/site-packages/airflow/example_dags/example_sensor_decorator.py
[2024-08-09T02:15:08.951+0000] {logging_mixin.py:188} INFO - [2024-08-09T02:15:08.951+0000] {dag.py:3089} INFO - Sync 1 DAGs
[2024-08-09T02:15:08.979+0000] {logging_mixin.py:188} INFO - [2024-08-09T02:15:08.979+0000] {dag.py:3947} INFO - Setting next_dagrun for example_sensor_decorator to None, run_after=None
[2024-08-09T02:15:09.025+0000] {processor.py:183} INFO - Processing /home/airflow/.local/lib/python3.12/site-packages/airflow/example_dags/example_sensor_decorator.py took 0.208 seconds
[2024-08-09T02:15:39.341+0000] {processor.py:161} INFO - Started process (PID=4679) to work on /home/airflow/.local/lib/python3.12/site-packages/airflow/example_dags/example_sensor_decorator.py
[2024-08-09T02:15:39.344+0000] {processor.py:830} INFO - Processing file /home/airflow/.local/lib/python3.12/site-packages/airflow/example_dags/example_sensor_decorator.py for tasks to queue
[2024-08-09T02:15:39.350+0000] {logging_mixin.py:188} INFO - [2024-08-09T02:15:39.349+0000] {dagbag.py:545} INFO - Filling up the DagBag from /home/airflow/.local/lib/python3.12/site-packages/airflow/example_dags/example_sensor_decorator.py
[2024-08-09T02:15:39.370+0000] {processor.py:840} INFO - DAG(s) 'example_sensor_decorator' retrieved from /home/airflow/.local/lib/python3.12/site-packages/airflow/example_dags/example_sensor_decorator.py
[2024-08-09T02:15:39.432+0000] {logging_mixin.py:188} INFO - [2024-08-09T02:15:39.431+0000] {dag.py:3089} INFO - Sync 1 DAGs
[2024-08-09T02:15:39.463+0000] {logging_mixin.py:188} INFO - [2024-08-09T02:15:39.463+0000] {dag.py:3947} INFO - Setting next_dagrun for example_sensor_decorator to None, run_after=None
[2024-08-09T02:15:39.501+0000] {processor.py:183} INFO - Processing /home/airflow/.local/lib/python3.12/site-packages/airflow/example_dags/example_sensor_decorator.py took 0.180 seconds
[2024-08-09T02:16:10.276+0000] {processor.py:161} INFO - Started process (PID=4737) to work on /home/airflow/.local/lib/python3.12/site-packages/airflow/example_dags/example_sensor_decorator.py
[2024-08-09T02:16:10.280+0000] {processor.py:830} INFO - Processing file /home/airflow/.local/lib/python3.12/site-packages/airflow/example_dags/example_sensor_decorator.py for tasks to queue
[2024-08-09T02:16:10.287+0000] {logging_mixin.py:188} INFO - [2024-08-09T02:16:10.286+0000] {dagbag.py:545} INFO - Filling up the DagBag from /home/airflow/.local/lib/python3.12/site-packages/airflow/example_dags/example_sensor_decorator.py
[2024-08-09T02:16:10.314+0000] {processor.py:840} INFO - DAG(s) 'example_sensor_decorator' retrieved from /home/airflow/.local/lib/python3.12/site-packages/airflow/example_dags/example_sensor_decorator.py
[2024-08-09T02:16:10.390+0000] {logging_mixin.py:188} INFO - [2024-08-09T02:16:10.390+0000] {dag.py:3089} INFO - Sync 1 DAGs
[2024-08-09T02:16:10.450+0000] {logging_mixin.py:188} INFO - [2024-08-09T02:16:10.449+0000] {dag.py:3947} INFO - Setting next_dagrun for example_sensor_decorator to None, run_after=None
[2024-08-09T02:16:10.519+0000] {processor.py:183} INFO - Processing /home/airflow/.local/lib/python3.12/site-packages/airflow/example_dags/example_sensor_decorator.py took 0.267 seconds
