[2024-08-09T01:42:33.418+0000] {processor.py:161} INFO - Started process (PID=1005) to work on /home/airflow/.local/lib/python3.12/site-packages/airflow/example_dags/example_branch_labels.py
[2024-08-09T01:42:33.422+0000] {processor.py:830} INFO - Processing file /home/airflow/.local/lib/python3.12/site-packages/airflow/example_dags/example_branch_labels.py for tasks to queue
[2024-08-09T01:42:33.428+0000] {logging_mixin.py:188} INFO - [2024-08-09T01:42:33.427+0000] {dagbag.py:545} INFO - Filling up the DagBag from /home/airflow/.local/lib/python3.12/site-packages/airflow/example_dags/example_branch_labels.py
[2024-08-09T01:42:33.457+0000] {processor.py:840} INFO - DAG(s) 'example_branch_labels' retrieved from /home/airflow/.local/lib/python3.12/site-packages/airflow/example_dags/example_branch_labels.py
[2024-08-09T01:42:33.530+0000] {logging_mixin.py:188} INFO - [2024-08-09T01:42:33.530+0000] {dag.py:3089} INFO - Sync 1 DAGs
[2024-08-09T01:42:33.581+0000] {logging_mixin.py:188} INFO - [2024-08-09T01:42:33.579+0000] {dag.py:3947} INFO - Setting next_dagrun for example_branch_labels to 2024-08-08 00:00:00+00:00, run_after=2024-08-09 00:00:00+00:00
[2024-08-09T01:42:33.628+0000] {processor.py:183} INFO - Processing /home/airflow/.local/lib/python3.12/site-packages/airflow/example_dags/example_branch_labels.py took 0.227 seconds
[2024-08-09T01:43:04.386+0000] {processor.py:161} INFO - Started process (PID=1064) to work on /home/airflow/.local/lib/python3.12/site-packages/airflow/example_dags/example_branch_labels.py
[2024-08-09T01:43:04.390+0000] {processor.py:830} INFO - Processing file /home/airflow/.local/lib/python3.12/site-packages/airflow/example_dags/example_branch_labels.py for tasks to queue
[2024-08-09T01:43:04.397+0000] {logging_mixin.py:188} INFO - [2024-08-09T01:43:04.396+0000] {dagbag.py:545} INFO - Filling up the DagBag from /home/airflow/.local/lib/python3.12/site-packages/airflow/example_dags/example_branch_labels.py
[2024-08-09T01:43:04.434+0000] {processor.py:840} INFO - DAG(s) 'example_branch_labels' retrieved from /home/airflow/.local/lib/python3.12/site-packages/airflow/example_dags/example_branch_labels.py
[2024-08-09T01:43:04.539+0000] {logging_mixin.py:188} INFO - [2024-08-09T01:43:04.538+0000] {dag.py:3089} INFO - Sync 1 DAGs
[2024-08-09T01:43:04.593+0000] {logging_mixin.py:188} INFO - [2024-08-09T01:43:04.592+0000] {dag.py:3947} INFO - Setting next_dagrun for example_branch_labels to 2024-08-08 00:00:00+00:00, run_after=2024-08-09 00:00:00+00:00
[2024-08-09T01:43:04.640+0000] {processor.py:183} INFO - Processing /home/airflow/.local/lib/python3.12/site-packages/airflow/example_dags/example_branch_labels.py took 0.280 seconds
[2024-08-09T01:43:36.475+0000] {processor.py:161} INFO - Started process (PID=1122) to work on /home/airflow/.local/lib/python3.12/site-packages/airflow/example_dags/example_branch_labels.py
[2024-08-09T01:43:36.479+0000] {processor.py:830} INFO - Processing file /home/airflow/.local/lib/python3.12/site-packages/airflow/example_dags/example_branch_labels.py for tasks to queue
[2024-08-09T01:43:36.488+0000] {logging_mixin.py:188} INFO - [2024-08-09T01:43:36.487+0000] {dagbag.py:545} INFO - Filling up the DagBag from /home/airflow/.local/lib/python3.12/site-packages/airflow/example_dags/example_branch_labels.py
[2024-08-09T01:43:36.522+0000] {processor.py:840} INFO - DAG(s) 'example_branch_labels' retrieved from /home/airflow/.local/lib/python3.12/site-packages/airflow/example_dags/example_branch_labels.py
[2024-08-09T01:43:36.651+0000] {logging_mixin.py:188} INFO - [2024-08-09T01:43:36.651+0000] {dag.py:3089} INFO - Sync 1 DAGs
[2024-08-09T01:43:36.773+0000] {logging_mixin.py:188} INFO - [2024-08-09T01:43:36.773+0000] {dag.py:3947} INFO - Setting next_dagrun for example_branch_labels to 2024-08-08 00:00:00+00:00, run_after=2024-08-09 00:00:00+00:00
[2024-08-09T01:43:36.825+0000] {processor.py:183} INFO - Processing /home/airflow/.local/lib/python3.12/site-packages/airflow/example_dags/example_branch_labels.py took 0.390 seconds
[2024-08-09T01:44:09.402+0000] {processor.py:161} INFO - Started process (PID=1180) to work on /home/airflow/.local/lib/python3.12/site-packages/airflow/example_dags/example_branch_labels.py
[2024-08-09T01:44:09.405+0000] {processor.py:830} INFO - Processing file /home/airflow/.local/lib/python3.12/site-packages/airflow/example_dags/example_branch_labels.py for tasks to queue
[2024-08-09T01:44:09.411+0000] {logging_mixin.py:188} INFO - [2024-08-09T01:44:09.410+0000] {dagbag.py:545} INFO - Filling up the DagBag from /home/airflow/.local/lib/python3.12/site-packages/airflow/example_dags/example_branch_labels.py
[2024-08-09T01:44:09.440+0000] {processor.py:840} INFO - DAG(s) 'example_branch_labels' retrieved from /home/airflow/.local/lib/python3.12/site-packages/airflow/example_dags/example_branch_labels.py
[2024-08-09T01:44:09.523+0000] {logging_mixin.py:188} INFO - [2024-08-09T01:44:09.523+0000] {dag.py:3089} INFO - Sync 1 DAGs
[2024-08-09T01:44:09.586+0000] {logging_mixin.py:188} INFO - [2024-08-09T01:44:09.585+0000] {dag.py:3947} INFO - Setting next_dagrun for example_branch_labels to 2024-08-08 00:00:00+00:00, run_after=2024-08-09 00:00:00+00:00
[2024-08-09T01:44:09.633+0000] {processor.py:183} INFO - Processing /home/airflow/.local/lib/python3.12/site-packages/airflow/example_dags/example_branch_labels.py took 0.251 seconds
[2024-08-09T01:44:40.159+0000] {processor.py:161} INFO - Started process (PID=1238) to work on /home/airflow/.local/lib/python3.12/site-packages/airflow/example_dags/example_branch_labels.py
[2024-08-09T01:44:40.162+0000] {processor.py:830} INFO - Processing file /home/airflow/.local/lib/python3.12/site-packages/airflow/example_dags/example_branch_labels.py for tasks to queue
[2024-08-09T01:44:40.169+0000] {logging_mixin.py:188} INFO - [2024-08-09T01:44:40.168+0000] {dagbag.py:545} INFO - Filling up the DagBag from /home/airflow/.local/lib/python3.12/site-packages/airflow/example_dags/example_branch_labels.py
[2024-08-09T01:44:40.195+0000] {processor.py:840} INFO - DAG(s) 'example_branch_labels' retrieved from /home/airflow/.local/lib/python3.12/site-packages/airflow/example_dags/example_branch_labels.py
[2024-08-09T01:44:40.262+0000] {logging_mixin.py:188} INFO - [2024-08-09T01:44:40.262+0000] {dag.py:3089} INFO - Sync 1 DAGs
[2024-08-09T01:44:40.318+0000] {logging_mixin.py:188} INFO - [2024-08-09T01:44:40.317+0000] {dag.py:3947} INFO - Setting next_dagrun for example_branch_labels to 2024-08-08 00:00:00+00:00, run_after=2024-08-09 00:00:00+00:00
[2024-08-09T01:44:40.361+0000] {processor.py:183} INFO - Processing /home/airflow/.local/lib/python3.12/site-packages/airflow/example_dags/example_branch_labels.py took 0.224 seconds
[2024-08-09T01:45:10.808+0000] {processor.py:161} INFO - Started process (PID=1295) to work on /home/airflow/.local/lib/python3.12/site-packages/airflow/example_dags/example_branch_labels.py
[2024-08-09T01:45:10.812+0000] {processor.py:830} INFO - Processing file /home/airflow/.local/lib/python3.12/site-packages/airflow/example_dags/example_branch_labels.py for tasks to queue
[2024-08-09T01:45:10.818+0000] {logging_mixin.py:188} INFO - [2024-08-09T01:45:10.817+0000] {dagbag.py:545} INFO - Filling up the DagBag from /home/airflow/.local/lib/python3.12/site-packages/airflow/example_dags/example_branch_labels.py
[2024-08-09T01:45:10.846+0000] {processor.py:840} INFO - DAG(s) 'example_branch_labels' retrieved from /home/airflow/.local/lib/python3.12/site-packages/airflow/example_dags/example_branch_labels.py
[2024-08-09T01:45:10.924+0000] {logging_mixin.py:188} INFO - [2024-08-09T01:45:10.924+0000] {dag.py:3089} INFO - Sync 1 DAGs
[2024-08-09T01:45:10.987+0000] {logging_mixin.py:188} INFO - [2024-08-09T01:45:10.986+0000] {dag.py:3947} INFO - Setting next_dagrun for example_branch_labels to 2024-08-08 00:00:00+00:00, run_after=2024-08-09 00:00:00+00:00
[2024-08-09T01:45:11.038+0000] {processor.py:183} INFO - Processing /home/airflow/.local/lib/python3.12/site-packages/airflow/example_dags/example_branch_labels.py took 0.254 seconds
[2024-08-09T01:45:41.698+0000] {processor.py:161} INFO - Started process (PID=1352) to work on /home/airflow/.local/lib/python3.12/site-packages/airflow/example_dags/example_branch_labels.py
[2024-08-09T01:45:41.701+0000] {processor.py:830} INFO - Processing file /home/airflow/.local/lib/python3.12/site-packages/airflow/example_dags/example_branch_labels.py for tasks to queue
[2024-08-09T01:45:41.705+0000] {logging_mixin.py:188} INFO - [2024-08-09T01:45:41.704+0000] {dagbag.py:545} INFO - Filling up the DagBag from /home/airflow/.local/lib/python3.12/site-packages/airflow/example_dags/example_branch_labels.py
[2024-08-09T01:45:41.723+0000] {processor.py:840} INFO - DAG(s) 'example_branch_labels' retrieved from /home/airflow/.local/lib/python3.12/site-packages/airflow/example_dags/example_branch_labels.py
[2024-08-09T01:45:41.782+0000] {logging_mixin.py:188} INFO - [2024-08-09T01:45:41.782+0000] {dag.py:3089} INFO - Sync 1 DAGs
[2024-08-09T01:45:41.833+0000] {logging_mixin.py:188} INFO - [2024-08-09T01:45:41.832+0000] {dag.py:3947} INFO - Setting next_dagrun for example_branch_labels to 2024-08-08 00:00:00+00:00, run_after=2024-08-09 00:00:00+00:00
[2024-08-09T01:45:41.867+0000] {processor.py:183} INFO - Processing /home/airflow/.local/lib/python3.12/site-packages/airflow/example_dags/example_branch_labels.py took 0.183 seconds
[2024-08-09T01:46:12.621+0000] {processor.py:161} INFO - Started process (PID=1410) to work on /home/airflow/.local/lib/python3.12/site-packages/airflow/example_dags/example_branch_labels.py
[2024-08-09T01:46:12.624+0000] {processor.py:830} INFO - Processing file /home/airflow/.local/lib/python3.12/site-packages/airflow/example_dags/example_branch_labels.py for tasks to queue
[2024-08-09T01:46:12.630+0000] {logging_mixin.py:188} INFO - [2024-08-09T01:46:12.629+0000] {dagbag.py:545} INFO - Filling up the DagBag from /home/airflow/.local/lib/python3.12/site-packages/airflow/example_dags/example_branch_labels.py
[2024-08-09T01:46:12.658+0000] {processor.py:840} INFO - DAG(s) 'example_branch_labels' retrieved from /home/airflow/.local/lib/python3.12/site-packages/airflow/example_dags/example_branch_labels.py
[2024-08-09T01:46:12.730+0000] {logging_mixin.py:188} INFO - [2024-08-09T01:46:12.729+0000] {dag.py:3089} INFO - Sync 1 DAGs
[2024-08-09T01:46:12.782+0000] {logging_mixin.py:188} INFO - [2024-08-09T01:46:12.782+0000] {dag.py:3947} INFO - Setting next_dagrun for example_branch_labels to 2024-08-08 00:00:00+00:00, run_after=2024-08-09 00:00:00+00:00
[2024-08-09T01:46:12.826+0000] {processor.py:183} INFO - Processing /home/airflow/.local/lib/python3.12/site-packages/airflow/example_dags/example_branch_labels.py took 0.226 seconds
[2024-08-09T01:46:43.441+0000] {processor.py:161} INFO - Started process (PID=1466) to work on /home/airflow/.local/lib/python3.12/site-packages/airflow/example_dags/example_branch_labels.py
[2024-08-09T01:46:43.444+0000] {processor.py:830} INFO - Processing file /home/airflow/.local/lib/python3.12/site-packages/airflow/example_dags/example_branch_labels.py for tasks to queue
[2024-08-09T01:46:43.450+0000] {logging_mixin.py:188} INFO - [2024-08-09T01:46:43.449+0000] {dagbag.py:545} INFO - Filling up the DagBag from /home/airflow/.local/lib/python3.12/site-packages/airflow/example_dags/example_branch_labels.py
[2024-08-09T01:46:43.473+0000] {processor.py:840} INFO - DAG(s) 'example_branch_labels' retrieved from /home/airflow/.local/lib/python3.12/site-packages/airflow/example_dags/example_branch_labels.py
[2024-08-09T01:46:43.547+0000] {logging_mixin.py:188} INFO - [2024-08-09T01:46:43.546+0000] {dag.py:3089} INFO - Sync 1 DAGs
[2024-08-09T01:46:43.599+0000] {logging_mixin.py:188} INFO - [2024-08-09T01:46:43.598+0000] {dag.py:3947} INFO - Setting next_dagrun for example_branch_labels to 2024-08-08 00:00:00+00:00, run_after=2024-08-09 00:00:00+00:00
[2024-08-09T01:46:43.638+0000] {processor.py:183} INFO - Processing /home/airflow/.local/lib/python3.12/site-packages/airflow/example_dags/example_branch_labels.py took 0.213 seconds
[2024-08-09T01:47:13.933+0000] {processor.py:161} INFO - Started process (PID=1524) to work on /home/airflow/.local/lib/python3.12/site-packages/airflow/example_dags/example_branch_labels.py
[2024-08-09T01:47:13.937+0000] {processor.py:830} INFO - Processing file /home/airflow/.local/lib/python3.12/site-packages/airflow/example_dags/example_branch_labels.py for tasks to queue
[2024-08-09T01:47:13.948+0000] {logging_mixin.py:188} INFO - [2024-08-09T01:47:13.947+0000] {dagbag.py:545} INFO - Filling up the DagBag from /home/airflow/.local/lib/python3.12/site-packages/airflow/example_dags/example_branch_labels.py
[2024-08-09T01:47:13.990+0000] {processor.py:840} INFO - DAG(s) 'example_branch_labels' retrieved from /home/airflow/.local/lib/python3.12/site-packages/airflow/example_dags/example_branch_labels.py
[2024-08-09T01:47:14.146+0000] {logging_mixin.py:188} INFO - [2024-08-09T01:47:14.146+0000] {dag.py:3089} INFO - Sync 1 DAGs
[2024-08-09T01:47:14.235+0000] {logging_mixin.py:188} INFO - [2024-08-09T01:47:14.235+0000] {dag.py:3947} INFO - Setting next_dagrun for example_branch_labels to 2024-08-08 00:00:00+00:00, run_after=2024-08-09 00:00:00+00:00
[2024-08-09T01:47:14.331+0000] {processor.py:183} INFO - Processing /home/airflow/.local/lib/python3.12/site-packages/airflow/example_dags/example_branch_labels.py took 0.422 seconds
[2024-08-09T01:47:44.458+0000] {processor.py:161} INFO - Started process (PID=1582) to work on /home/airflow/.local/lib/python3.12/site-packages/airflow/example_dags/example_branch_labels.py
[2024-08-09T01:47:44.461+0000] {processor.py:830} INFO - Processing file /home/airflow/.local/lib/python3.12/site-packages/airflow/example_dags/example_branch_labels.py for tasks to queue
[2024-08-09T01:47:44.467+0000] {logging_mixin.py:188} INFO - [2024-08-09T01:47:44.466+0000] {dagbag.py:545} INFO - Filling up the DagBag from /home/airflow/.local/lib/python3.12/site-packages/airflow/example_dags/example_branch_labels.py
[2024-08-09T01:47:44.493+0000] {processor.py:840} INFO - DAG(s) 'example_branch_labels' retrieved from /home/airflow/.local/lib/python3.12/site-packages/airflow/example_dags/example_branch_labels.py
[2024-08-09T01:47:44.571+0000] {logging_mixin.py:188} INFO - [2024-08-09T01:47:44.570+0000] {dag.py:3089} INFO - Sync 1 DAGs
[2024-08-09T01:47:44.651+0000] {logging_mixin.py:188} INFO - [2024-08-09T01:47:44.650+0000] {dag.py:3947} INFO - Setting next_dagrun for example_branch_labels to 2024-08-08 00:00:00+00:00, run_after=2024-08-09 00:00:00+00:00
[2024-08-09T01:47:44.708+0000] {processor.py:183} INFO - Processing /home/airflow/.local/lib/python3.12/site-packages/airflow/example_dags/example_branch_labels.py took 0.268 seconds
[2024-08-09T01:48:15.230+0000] {processor.py:161} INFO - Started process (PID=1640) to work on /home/airflow/.local/lib/python3.12/site-packages/airflow/example_dags/example_branch_labels.py
[2024-08-09T01:48:15.233+0000] {processor.py:830} INFO - Processing file /home/airflow/.local/lib/python3.12/site-packages/airflow/example_dags/example_branch_labels.py for tasks to queue
[2024-08-09T01:48:15.240+0000] {logging_mixin.py:188} INFO - [2024-08-09T01:48:15.239+0000] {dagbag.py:545} INFO - Filling up the DagBag from /home/airflow/.local/lib/python3.12/site-packages/airflow/example_dags/example_branch_labels.py
[2024-08-09T01:48:15.276+0000] {processor.py:840} INFO - DAG(s) 'example_branch_labels' retrieved from /home/airflow/.local/lib/python3.12/site-packages/airflow/example_dags/example_branch_labels.py
[2024-08-09T01:48:15.378+0000] {logging_mixin.py:188} INFO - [2024-08-09T01:48:15.377+0000] {dag.py:3089} INFO - Sync 1 DAGs
[2024-08-09T01:48:15.439+0000] {logging_mixin.py:188} INFO - [2024-08-09T01:48:15.438+0000] {dag.py:3947} INFO - Setting next_dagrun for example_branch_labels to 2024-08-08 00:00:00+00:00, run_after=2024-08-09 00:00:00+00:00
[2024-08-09T01:48:15.481+0000] {processor.py:183} INFO - Processing /home/airflow/.local/lib/python3.12/site-packages/airflow/example_dags/example_branch_labels.py took 0.285 seconds
[2024-08-09T01:48:49.821+0000] {processor.py:161} INFO - Started process (PID=1704) to work on /home/airflow/.local/lib/python3.12/site-packages/airflow/example_dags/example_branch_labels.py
[2024-08-09T01:48:49.830+0000] {processor.py:830} INFO - Processing file /home/airflow/.local/lib/python3.12/site-packages/airflow/example_dags/example_branch_labels.py for tasks to queue
[2024-08-09T01:48:49.849+0000] {logging_mixin.py:188} INFO - [2024-08-09T01:48:49.847+0000] {dagbag.py:545} INFO - Filling up the DagBag from /home/airflow/.local/lib/python3.12/site-packages/airflow/example_dags/example_branch_labels.py
[2024-08-09T01:48:49.933+0000] {processor.py:840} INFO - DAG(s) 'example_branch_labels' retrieved from /home/airflow/.local/lib/python3.12/site-packages/airflow/example_dags/example_branch_labels.py
[2024-08-09T01:48:50.135+0000] {logging_mixin.py:188} INFO - [2024-08-09T01:48:50.135+0000] {dag.py:3089} INFO - Sync 1 DAGs
[2024-08-09T01:48:51.876+0000] {logging_mixin.py:188} INFO - [2024-08-09T01:48:51.875+0000] {dag.py:3947} INFO - Setting next_dagrun for example_branch_labels to 2024-08-08 00:00:00+00:00, run_after=2024-08-09 00:00:00+00:00
[2024-08-09T01:48:51.953+0000] {processor.py:183} INFO - Processing /home/airflow/.local/lib/python3.12/site-packages/airflow/example_dags/example_branch_labels.py took 2.190 seconds
[2024-08-09T01:49:22.946+0000] {processor.py:161} INFO - Started process (PID=1762) to work on /home/airflow/.local/lib/python3.12/site-packages/airflow/example_dags/example_branch_labels.py
[2024-08-09T01:49:22.950+0000] {processor.py:830} INFO - Processing file /home/airflow/.local/lib/python3.12/site-packages/airflow/example_dags/example_branch_labels.py for tasks to queue
[2024-08-09T01:49:22.958+0000] {logging_mixin.py:188} INFO - [2024-08-09T01:49:22.957+0000] {dagbag.py:545} INFO - Filling up the DagBag from /home/airflow/.local/lib/python3.12/site-packages/airflow/example_dags/example_branch_labels.py
[2024-08-09T01:49:22.998+0000] {processor.py:840} INFO - DAG(s) 'example_branch_labels' retrieved from /home/airflow/.local/lib/python3.12/site-packages/airflow/example_dags/example_branch_labels.py
[2024-08-09T01:49:23.161+0000] {logging_mixin.py:188} INFO - [2024-08-09T01:49:23.160+0000] {dag.py:3089} INFO - Sync 1 DAGs
[2024-08-09T01:49:23.333+0000] {logging_mixin.py:188} INFO - [2024-08-09T01:49:23.333+0000] {dag.py:3947} INFO - Setting next_dagrun for example_branch_labels to 2024-08-08 00:00:00+00:00, run_after=2024-08-09 00:00:00+00:00
[2024-08-09T01:49:24.545+0000] {processor.py:183} INFO - Processing /home/airflow/.local/lib/python3.12/site-packages/airflow/example_dags/example_branch_labels.py took 1.630 seconds
[2024-08-09T01:49:54.861+0000] {processor.py:161} INFO - Started process (PID=1819) to work on /home/airflow/.local/lib/python3.12/site-packages/airflow/example_dags/example_branch_labels.py
[2024-08-09T01:49:54.873+0000] {processor.py:830} INFO - Processing file /home/airflow/.local/lib/python3.12/site-packages/airflow/example_dags/example_branch_labels.py for tasks to queue
[2024-08-09T01:49:54.887+0000] {logging_mixin.py:188} INFO - [2024-08-09T01:49:54.884+0000] {dagbag.py:545} INFO - Filling up the DagBag from /home/airflow/.local/lib/python3.12/site-packages/airflow/example_dags/example_branch_labels.py
[2024-08-09T01:49:54.943+0000] {processor.py:840} INFO - DAG(s) 'example_branch_labels' retrieved from /home/airflow/.local/lib/python3.12/site-packages/airflow/example_dags/example_branch_labels.py
[2024-08-09T01:49:55.127+0000] {logging_mixin.py:188} INFO - [2024-08-09T01:49:55.127+0000] {dag.py:3089} INFO - Sync 1 DAGs
[2024-08-09T01:49:55.260+0000] {logging_mixin.py:188} INFO - [2024-08-09T01:49:55.259+0000] {dag.py:3947} INFO - Setting next_dagrun for example_branch_labels to 2024-08-08 00:00:00+00:00, run_after=2024-08-09 00:00:00+00:00
[2024-08-09T01:49:55.447+0000] {processor.py:183} INFO - Processing /home/airflow/.local/lib/python3.12/site-packages/airflow/example_dags/example_branch_labels.py took 0.657 seconds
[2024-08-09T01:50:45.791+0000] {processor.py:161} INFO - Started process (PID=1879) to work on /home/airflow/.local/lib/python3.12/site-packages/airflow/example_dags/example_branch_labels.py
[2024-08-09T01:50:45.799+0000] {processor.py:830} INFO - Processing file /home/airflow/.local/lib/python3.12/site-packages/airflow/example_dags/example_branch_labels.py for tasks to queue
[2024-08-09T01:50:45.817+0000] {logging_mixin.py:188} INFO - [2024-08-09T01:50:45.815+0000] {dagbag.py:545} INFO - Filling up the DagBag from /home/airflow/.local/lib/python3.12/site-packages/airflow/example_dags/example_branch_labels.py
[2024-08-09T01:50:45.872+0000] {processor.py:840} INFO - DAG(s) 'example_branch_labels' retrieved from /home/airflow/.local/lib/python3.12/site-packages/airflow/example_dags/example_branch_labels.py
[2024-08-09T01:50:46.010+0000] {logging_mixin.py:188} INFO - [2024-08-09T01:50:46.010+0000] {dag.py:3089} INFO - Sync 1 DAGs
[2024-08-09T01:50:46.166+0000] {logging_mixin.py:188} INFO - [2024-08-09T01:50:46.165+0000] {dag.py:3947} INFO - Setting next_dagrun for example_branch_labels to 2024-08-08 00:00:00+00:00, run_after=2024-08-09 00:00:00+00:00
[2024-08-09T01:50:46.389+0000] {processor.py:183} INFO - Processing /home/airflow/.local/lib/python3.12/site-packages/airflow/example_dags/example_branch_labels.py took 0.667 seconds
[2024-08-09T01:51:18.317+0000] {processor.py:161} INFO - Started process (PID=1937) to work on /home/airflow/.local/lib/python3.12/site-packages/airflow/example_dags/example_branch_labels.py
[2024-08-09T01:51:18.322+0000] {processor.py:830} INFO - Processing file /home/airflow/.local/lib/python3.12/site-packages/airflow/example_dags/example_branch_labels.py for tasks to queue
[2024-08-09T01:51:18.341+0000] {logging_mixin.py:188} INFO - [2024-08-09T01:51:18.340+0000] {dagbag.py:545} INFO - Filling up the DagBag from /home/airflow/.local/lib/python3.12/site-packages/airflow/example_dags/example_branch_labels.py
[2024-08-09T01:51:18.371+0000] {processor.py:840} INFO - DAG(s) 'example_branch_labels' retrieved from /home/airflow/.local/lib/python3.12/site-packages/airflow/example_dags/example_branch_labels.py
[2024-08-09T01:51:18.508+0000] {logging_mixin.py:188} INFO - [2024-08-09T01:51:18.507+0000] {dag.py:3089} INFO - Sync 1 DAGs
[2024-08-09T01:51:18.585+0000] {logging_mixin.py:188} INFO - [2024-08-09T01:51:18.584+0000] {dag.py:3947} INFO - Setting next_dagrun for example_branch_labels to 2024-08-08 00:00:00+00:00, run_after=2024-08-09 00:00:00+00:00
[2024-08-09T01:51:18.724+0000] {processor.py:183} INFO - Processing /home/airflow/.local/lib/python3.12/site-packages/airflow/example_dags/example_branch_labels.py took 0.439 seconds
[2024-08-09T01:51:49.220+0000] {processor.py:161} INFO - Started process (PID=1994) to work on /home/airflow/.local/lib/python3.12/site-packages/airflow/example_dags/example_branch_labels.py
[2024-08-09T01:51:49.227+0000] {processor.py:830} INFO - Processing file /home/airflow/.local/lib/python3.12/site-packages/airflow/example_dags/example_branch_labels.py for tasks to queue
[2024-08-09T01:51:49.241+0000] {logging_mixin.py:188} INFO - [2024-08-09T01:51:49.239+0000] {dagbag.py:545} INFO - Filling up the DagBag from /home/airflow/.local/lib/python3.12/site-packages/airflow/example_dags/example_branch_labels.py
[2024-08-09T01:51:49.268+0000] {processor.py:840} INFO - DAG(s) 'example_branch_labels' retrieved from /home/airflow/.local/lib/python3.12/site-packages/airflow/example_dags/example_branch_labels.py
[2024-08-09T01:51:49.369+0000] {logging_mixin.py:188} INFO - [2024-08-09T01:51:49.369+0000] {dag.py:3089} INFO - Sync 1 DAGs
[2024-08-09T01:51:49.421+0000] {logging_mixin.py:188} INFO - [2024-08-09T01:51:49.420+0000] {dag.py:3947} INFO - Setting next_dagrun for example_branch_labels to 2024-08-08 00:00:00+00:00, run_after=2024-08-09 00:00:00+00:00
[2024-08-09T01:51:49.471+0000] {processor.py:183} INFO - Processing /home/airflow/.local/lib/python3.12/site-packages/airflow/example_dags/example_branch_labels.py took 0.284 seconds
[2024-08-09T01:52:19.962+0000] {processor.py:161} INFO - Started process (PID=2052) to work on /home/airflow/.local/lib/python3.12/site-packages/airflow/example_dags/example_branch_labels.py
[2024-08-09T01:52:19.965+0000] {processor.py:830} INFO - Processing file /home/airflow/.local/lib/python3.12/site-packages/airflow/example_dags/example_branch_labels.py for tasks to queue
[2024-08-09T01:52:19.974+0000] {logging_mixin.py:188} INFO - [2024-08-09T01:52:19.972+0000] {dagbag.py:545} INFO - Filling up the DagBag from /home/airflow/.local/lib/python3.12/site-packages/airflow/example_dags/example_branch_labels.py
[2024-08-09T01:52:20.003+0000] {processor.py:840} INFO - DAG(s) 'example_branch_labels' retrieved from /home/airflow/.local/lib/python3.12/site-packages/airflow/example_dags/example_branch_labels.py
[2024-08-09T01:52:20.102+0000] {logging_mixin.py:188} INFO - [2024-08-09T01:52:20.101+0000] {dag.py:3089} INFO - Sync 1 DAGs
[2024-08-09T01:52:20.187+0000] {logging_mixin.py:188} INFO - [2024-08-09T01:52:20.187+0000] {dag.py:3947} INFO - Setting next_dagrun for example_branch_labels to 2024-08-08 00:00:00+00:00, run_after=2024-08-09 00:00:00+00:00
[2024-08-09T01:52:20.260+0000] {processor.py:183} INFO - Processing /home/airflow/.local/lib/python3.12/site-packages/airflow/example_dags/example_branch_labels.py took 0.318 seconds
[2024-08-09T01:52:50.865+0000] {processor.py:161} INFO - Started process (PID=2110) to work on /home/airflow/.local/lib/python3.12/site-packages/airflow/example_dags/example_branch_labels.py
[2024-08-09T01:52:50.869+0000] {processor.py:830} INFO - Processing file /home/airflow/.local/lib/python3.12/site-packages/airflow/example_dags/example_branch_labels.py for tasks to queue
[2024-08-09T01:52:50.876+0000] {logging_mixin.py:188} INFO - [2024-08-09T01:52:50.875+0000] {dagbag.py:545} INFO - Filling up the DagBag from /home/airflow/.local/lib/python3.12/site-packages/airflow/example_dags/example_branch_labels.py
[2024-08-09T01:52:50.915+0000] {processor.py:840} INFO - DAG(s) 'example_branch_labels' retrieved from /home/airflow/.local/lib/python3.12/site-packages/airflow/example_dags/example_branch_labels.py
[2024-08-09T01:52:51.009+0000] {logging_mixin.py:188} INFO - [2024-08-09T01:52:51.009+0000] {dag.py:3089} INFO - Sync 1 DAGs
[2024-08-09T01:52:51.068+0000] {logging_mixin.py:188} INFO - [2024-08-09T01:52:51.067+0000] {dag.py:3947} INFO - Setting next_dagrun for example_branch_labels to 2024-08-08 00:00:00+00:00, run_after=2024-08-09 00:00:00+00:00
[2024-08-09T01:52:51.119+0000] {processor.py:183} INFO - Processing /home/airflow/.local/lib/python3.12/site-packages/airflow/example_dags/example_branch_labels.py took 0.282 seconds
[2024-08-09T01:53:23.182+0000] {processor.py:161} INFO - Started process (PID=2173) to work on /home/airflow/.local/lib/python3.12/site-packages/airflow/example_dags/example_branch_labels.py
[2024-08-09T01:53:23.202+0000] {processor.py:830} INFO - Processing file /home/airflow/.local/lib/python3.12/site-packages/airflow/example_dags/example_branch_labels.py for tasks to queue
[2024-08-09T01:53:23.226+0000] {logging_mixin.py:188} INFO - [2024-08-09T01:53:23.222+0000] {dagbag.py:545} INFO - Filling up the DagBag from /home/airflow/.local/lib/python3.12/site-packages/airflow/example_dags/example_branch_labels.py
[2024-08-09T01:53:23.323+0000] {processor.py:840} INFO - DAG(s) 'example_branch_labels' retrieved from /home/airflow/.local/lib/python3.12/site-packages/airflow/example_dags/example_branch_labels.py
[2024-08-09T01:53:23.544+0000] {logging_mixin.py:188} INFO - [2024-08-09T01:53:23.542+0000] {dag.py:3089} INFO - Sync 1 DAGs
[2024-08-09T01:53:23.687+0000] {logging_mixin.py:188} INFO - [2024-08-09T01:53:23.686+0000] {dag.py:3947} INFO - Setting next_dagrun for example_branch_labels to 2024-08-08 00:00:00+00:00, run_after=2024-08-09 00:00:00+00:00
[2024-08-09T01:53:23.962+0000] {processor.py:183} INFO - Processing /home/airflow/.local/lib/python3.12/site-packages/airflow/example_dags/example_branch_labels.py took 0.850 seconds
[2024-08-09T01:53:54.218+0000] {processor.py:161} INFO - Started process (PID=2230) to work on /home/airflow/.local/lib/python3.12/site-packages/airflow/example_dags/example_branch_labels.py
[2024-08-09T01:53:54.221+0000] {processor.py:830} INFO - Processing file /home/airflow/.local/lib/python3.12/site-packages/airflow/example_dags/example_branch_labels.py for tasks to queue
[2024-08-09T01:53:54.226+0000] {logging_mixin.py:188} INFO - [2024-08-09T01:53:54.225+0000] {dagbag.py:545} INFO - Filling up the DagBag from /home/airflow/.local/lib/python3.12/site-packages/airflow/example_dags/example_branch_labels.py
[2024-08-09T01:53:54.244+0000] {processor.py:840} INFO - DAG(s) 'example_branch_labels' retrieved from /home/airflow/.local/lib/python3.12/site-packages/airflow/example_dags/example_branch_labels.py
[2024-08-09T01:53:54.310+0000] {logging_mixin.py:188} INFO - [2024-08-09T01:53:54.309+0000] {dag.py:3089} INFO - Sync 1 DAGs
[2024-08-09T01:53:54.352+0000] {logging_mixin.py:188} INFO - [2024-08-09T01:53:54.351+0000] {dag.py:3947} INFO - Setting next_dagrun for example_branch_labels to 2024-08-08 00:00:00+00:00, run_after=2024-08-09 00:00:00+00:00
[2024-08-09T01:53:54.390+0000] {processor.py:183} INFO - Processing /home/airflow/.local/lib/python3.12/site-packages/airflow/example_dags/example_branch_labels.py took 0.191 seconds
[2024-08-09T01:54:25.129+0000] {processor.py:161} INFO - Started process (PID=2288) to work on /home/airflow/.local/lib/python3.12/site-packages/airflow/example_dags/example_branch_labels.py
[2024-08-09T01:54:25.132+0000] {processor.py:830} INFO - Processing file /home/airflow/.local/lib/python3.12/site-packages/airflow/example_dags/example_branch_labels.py for tasks to queue
[2024-08-09T01:54:25.140+0000] {logging_mixin.py:188} INFO - [2024-08-09T01:54:25.139+0000] {dagbag.py:545} INFO - Filling up the DagBag from /home/airflow/.local/lib/python3.12/site-packages/airflow/example_dags/example_branch_labels.py
[2024-08-09T01:54:25.169+0000] {processor.py:840} INFO - DAG(s) 'example_branch_labels' retrieved from /home/airflow/.local/lib/python3.12/site-packages/airflow/example_dags/example_branch_labels.py
[2024-08-09T01:54:25.313+0000] {logging_mixin.py:188} INFO - [2024-08-09T01:54:25.312+0000] {dag.py:3089} INFO - Sync 1 DAGs
[2024-08-09T01:54:25.371+0000] {logging_mixin.py:188} INFO - [2024-08-09T01:54:25.370+0000] {dag.py:3947} INFO - Setting next_dagrun for example_branch_labels to 2024-08-08 00:00:00+00:00, run_after=2024-08-09 00:00:00+00:00
[2024-08-09T01:54:25.415+0000] {processor.py:183} INFO - Processing /home/airflow/.local/lib/python3.12/site-packages/airflow/example_dags/example_branch_labels.py took 0.312 seconds
[2024-08-09T01:54:55.851+0000] {processor.py:161} INFO - Started process (PID=2344) to work on /home/airflow/.local/lib/python3.12/site-packages/airflow/example_dags/example_branch_labels.py
[2024-08-09T01:54:55.853+0000] {processor.py:830} INFO - Processing file /home/airflow/.local/lib/python3.12/site-packages/airflow/example_dags/example_branch_labels.py for tasks to queue
[2024-08-09T01:54:55.858+0000] {logging_mixin.py:188} INFO - [2024-08-09T01:54:55.857+0000] {dagbag.py:545} INFO - Filling up the DagBag from /home/airflow/.local/lib/python3.12/site-packages/airflow/example_dags/example_branch_labels.py
[2024-08-09T01:54:55.879+0000] {processor.py:840} INFO - DAG(s) 'example_branch_labels' retrieved from /home/airflow/.local/lib/python3.12/site-packages/airflow/example_dags/example_branch_labels.py
[2024-08-09T01:54:55.942+0000] {logging_mixin.py:188} INFO - [2024-08-09T01:54:55.941+0000] {dag.py:3089} INFO - Sync 1 DAGs
[2024-08-09T01:54:55.999+0000] {logging_mixin.py:188} INFO - [2024-08-09T01:54:55.999+0000] {dag.py:3947} INFO - Setting next_dagrun for example_branch_labels to 2024-08-08 00:00:00+00:00, run_after=2024-08-09 00:00:00+00:00
[2024-08-09T01:54:56.086+0000] {processor.py:183} INFO - Processing /home/airflow/.local/lib/python3.12/site-packages/airflow/example_dags/example_branch_labels.py took 0.255 seconds
[2024-08-09T01:55:26.820+0000] {processor.py:161} INFO - Started process (PID=2402) to work on /home/airflow/.local/lib/python3.12/site-packages/airflow/example_dags/example_branch_labels.py
[2024-08-09T01:55:26.823+0000] {processor.py:830} INFO - Processing file /home/airflow/.local/lib/python3.12/site-packages/airflow/example_dags/example_branch_labels.py for tasks to queue
[2024-08-09T01:55:26.832+0000] {logging_mixin.py:188} INFO - [2024-08-09T01:55:26.830+0000] {dagbag.py:545} INFO - Filling up the DagBag from /home/airflow/.local/lib/python3.12/site-packages/airflow/example_dags/example_branch_labels.py
[2024-08-09T01:55:26.857+0000] {processor.py:840} INFO - DAG(s) 'example_branch_labels' retrieved from /home/airflow/.local/lib/python3.12/site-packages/airflow/example_dags/example_branch_labels.py
[2024-08-09T01:55:26.930+0000] {logging_mixin.py:188} INFO - [2024-08-09T01:55:26.930+0000] {dag.py:3089} INFO - Sync 1 DAGs
[2024-08-09T01:55:26.974+0000] {logging_mixin.py:188} INFO - [2024-08-09T01:55:26.974+0000] {dag.py:3947} INFO - Setting next_dagrun for example_branch_labels to 2024-08-08 00:00:00+00:00, run_after=2024-08-09 00:00:00+00:00
[2024-08-09T01:55:27.013+0000] {processor.py:183} INFO - Processing /home/airflow/.local/lib/python3.12/site-packages/airflow/example_dags/example_branch_labels.py took 0.217 seconds
[2024-08-09T01:55:57.115+0000] {processor.py:161} INFO - Started process (PID=2459) to work on /home/airflow/.local/lib/python3.12/site-packages/airflow/example_dags/example_branch_labels.py
[2024-08-09T01:55:57.126+0000] {processor.py:830} INFO - Processing file /home/airflow/.local/lib/python3.12/site-packages/airflow/example_dags/example_branch_labels.py for tasks to queue
[2024-08-09T01:55:57.135+0000] {logging_mixin.py:188} INFO - [2024-08-09T01:55:57.134+0000] {dagbag.py:545} INFO - Filling up the DagBag from /home/airflow/.local/lib/python3.12/site-packages/airflow/example_dags/example_branch_labels.py
[2024-08-09T01:55:57.162+0000] {processor.py:840} INFO - DAG(s) 'example_branch_labels' retrieved from /home/airflow/.local/lib/python3.12/site-packages/airflow/example_dags/example_branch_labels.py
[2024-08-09T01:55:57.243+0000] {logging_mixin.py:188} INFO - [2024-08-09T01:55:57.243+0000] {dag.py:3089} INFO - Sync 1 DAGs
[2024-08-09T01:55:57.288+0000] {logging_mixin.py:188} INFO - [2024-08-09T01:55:57.287+0000] {dag.py:3947} INFO - Setting next_dagrun for example_branch_labels to 2024-08-08 00:00:00+00:00, run_after=2024-08-09 00:00:00+00:00
[2024-08-09T01:55:57.334+0000] {processor.py:183} INFO - Processing /home/airflow/.local/lib/python3.12/site-packages/airflow/example_dags/example_branch_labels.py took 0.267 seconds
[2024-08-09T01:56:27.426+0000] {processor.py:161} INFO - Started process (PID=2517) to work on /home/airflow/.local/lib/python3.12/site-packages/airflow/example_dags/example_branch_labels.py
[2024-08-09T01:56:27.428+0000] {processor.py:830} INFO - Processing file /home/airflow/.local/lib/python3.12/site-packages/airflow/example_dags/example_branch_labels.py for tasks to queue
[2024-08-09T01:56:27.433+0000] {logging_mixin.py:188} INFO - [2024-08-09T01:56:27.432+0000] {dagbag.py:545} INFO - Filling up the DagBag from /home/airflow/.local/lib/python3.12/site-packages/airflow/example_dags/example_branch_labels.py
[2024-08-09T01:56:27.452+0000] {processor.py:840} INFO - DAG(s) 'example_branch_labels' retrieved from /home/airflow/.local/lib/python3.12/site-packages/airflow/example_dags/example_branch_labels.py
[2024-08-09T01:56:27.514+0000] {logging_mixin.py:188} INFO - [2024-08-09T01:56:27.514+0000] {dag.py:3089} INFO - Sync 1 DAGs
[2024-08-09T01:56:27.559+0000] {logging_mixin.py:188} INFO - [2024-08-09T01:56:27.559+0000] {dag.py:3947} INFO - Setting next_dagrun for example_branch_labels to 2024-08-08 00:00:00+00:00, run_after=2024-08-09 00:00:00+00:00
[2024-08-09T01:56:27.599+0000] {processor.py:183} INFO - Processing /home/airflow/.local/lib/python3.12/site-packages/airflow/example_dags/example_branch_labels.py took 0.190 seconds
[2024-08-09T01:56:57.900+0000] {processor.py:161} INFO - Started process (PID=2575) to work on /home/airflow/.local/lib/python3.12/site-packages/airflow/example_dags/example_branch_labels.py
[2024-08-09T01:56:57.902+0000] {processor.py:830} INFO - Processing file /home/airflow/.local/lib/python3.12/site-packages/airflow/example_dags/example_branch_labels.py for tasks to queue
[2024-08-09T01:56:57.911+0000] {logging_mixin.py:188} INFO - [2024-08-09T01:56:57.908+0000] {dagbag.py:545} INFO - Filling up the DagBag from /home/airflow/.local/lib/python3.12/site-packages/airflow/example_dags/example_branch_labels.py
[2024-08-09T01:56:57.935+0000] {processor.py:840} INFO - DAG(s) 'example_branch_labels' retrieved from /home/airflow/.local/lib/python3.12/site-packages/airflow/example_dags/example_branch_labels.py
[2024-08-09T01:56:58.073+0000] {logging_mixin.py:188} INFO - [2024-08-09T01:56:58.072+0000] {dag.py:3089} INFO - Sync 1 DAGs
[2024-08-09T01:56:58.195+0000] {logging_mixin.py:188} INFO - [2024-08-09T01:56:58.195+0000] {dag.py:3947} INFO - Setting next_dagrun for example_branch_labels to 2024-08-08 00:00:00+00:00, run_after=2024-08-09 00:00:00+00:00
[2024-08-09T01:56:58.307+0000] {processor.py:183} INFO - Processing /home/airflow/.local/lib/python3.12/site-packages/airflow/example_dags/example_branch_labels.py took 0.432 seconds
[2024-08-09T01:57:29.304+0000] {processor.py:161} INFO - Started process (PID=2633) to work on /home/airflow/.local/lib/python3.12/site-packages/airflow/example_dags/example_branch_labels.py
[2024-08-09T01:57:29.312+0000] {processor.py:830} INFO - Processing file /home/airflow/.local/lib/python3.12/site-packages/airflow/example_dags/example_branch_labels.py for tasks to queue
[2024-08-09T01:57:29.324+0000] {logging_mixin.py:188} INFO - [2024-08-09T01:57:29.322+0000] {dagbag.py:545} INFO - Filling up the DagBag from /home/airflow/.local/lib/python3.12/site-packages/airflow/example_dags/example_branch_labels.py
[2024-08-09T01:57:29.378+0000] {processor.py:840} INFO - DAG(s) 'example_branch_labels' retrieved from /home/airflow/.local/lib/python3.12/site-packages/airflow/example_dags/example_branch_labels.py
[2024-08-09T01:57:29.522+0000] {logging_mixin.py:188} INFO - [2024-08-09T01:57:29.522+0000] {dag.py:3089} INFO - Sync 1 DAGs
[2024-08-09T01:57:29.597+0000] {logging_mixin.py:188} INFO - [2024-08-09T01:57:29.597+0000] {dag.py:3947} INFO - Setting next_dagrun for example_branch_labels to 2024-08-08 00:00:00+00:00, run_after=2024-08-09 00:00:00+00:00
[2024-08-09T01:57:29.651+0000] {processor.py:183} INFO - Processing /home/airflow/.local/lib/python3.12/site-packages/airflow/example_dags/example_branch_labels.py took 0.433 seconds
[2024-08-09T01:57:59.811+0000] {processor.py:161} INFO - Started process (PID=2691) to work on /home/airflow/.local/lib/python3.12/site-packages/airflow/example_dags/example_branch_labels.py
[2024-08-09T01:57:59.815+0000] {processor.py:830} INFO - Processing file /home/airflow/.local/lib/python3.12/site-packages/airflow/example_dags/example_branch_labels.py for tasks to queue
[2024-08-09T01:57:59.822+0000] {logging_mixin.py:188} INFO - [2024-08-09T01:57:59.821+0000] {dagbag.py:545} INFO - Filling up the DagBag from /home/airflow/.local/lib/python3.12/site-packages/airflow/example_dags/example_branch_labels.py
[2024-08-09T01:57:59.844+0000] {processor.py:840} INFO - DAG(s) 'example_branch_labels' retrieved from /home/airflow/.local/lib/python3.12/site-packages/airflow/example_dags/example_branch_labels.py
[2024-08-09T01:57:59.909+0000] {logging_mixin.py:188} INFO - [2024-08-09T01:57:59.908+0000] {dag.py:3089} INFO - Sync 1 DAGs
[2024-08-09T01:57:59.953+0000] {logging_mixin.py:188} INFO - [2024-08-09T01:57:59.952+0000] {dag.py:3947} INFO - Setting next_dagrun for example_branch_labels to 2024-08-08 00:00:00+00:00, run_after=2024-08-09 00:00:00+00:00
[2024-08-09T01:57:59.985+0000] {processor.py:183} INFO - Processing /home/airflow/.local/lib/python3.12/site-packages/airflow/example_dags/example_branch_labels.py took 0.192 seconds
[2024-08-09T01:58:30.598+0000] {processor.py:161} INFO - Started process (PID=2749) to work on /home/airflow/.local/lib/python3.12/site-packages/airflow/example_dags/example_branch_labels.py
[2024-08-09T01:58:30.611+0000] {processor.py:830} INFO - Processing file /home/airflow/.local/lib/python3.12/site-packages/airflow/example_dags/example_branch_labels.py for tasks to queue
[2024-08-09T01:58:30.624+0000] {logging_mixin.py:188} INFO - [2024-08-09T01:58:30.618+0000] {dagbag.py:545} INFO - Filling up the DagBag from /home/airflow/.local/lib/python3.12/site-packages/airflow/example_dags/example_branch_labels.py
[2024-08-09T01:58:30.734+0000] {processor.py:840} INFO - DAG(s) 'example_branch_labels' retrieved from /home/airflow/.local/lib/python3.12/site-packages/airflow/example_dags/example_branch_labels.py
[2024-08-09T01:58:31.064+0000] {logging_mixin.py:188} INFO - [2024-08-09T01:58:31.063+0000] {dag.py:3089} INFO - Sync 1 DAGs
[2024-08-09T01:58:31.376+0000] {logging_mixin.py:188} INFO - [2024-08-09T01:58:31.373+0000] {dag.py:3947} INFO - Setting next_dagrun for example_branch_labels to 2024-08-08 00:00:00+00:00, run_after=2024-08-09 00:00:00+00:00
[2024-08-09T01:58:31.655+0000] {processor.py:183} INFO - Processing /home/airflow/.local/lib/python3.12/site-packages/airflow/example_dags/example_branch_labels.py took 1.181 seconds
[2024-08-09T01:59:02.540+0000] {processor.py:161} INFO - Started process (PID=2807) to work on /home/airflow/.local/lib/python3.12/site-packages/airflow/example_dags/example_branch_labels.py
[2024-08-09T01:59:02.547+0000] {processor.py:830} INFO - Processing file /home/airflow/.local/lib/python3.12/site-packages/airflow/example_dags/example_branch_labels.py for tasks to queue
[2024-08-09T01:59:02.563+0000] {logging_mixin.py:188} INFO - [2024-08-09T01:59:02.560+0000] {dagbag.py:545} INFO - Filling up the DagBag from /home/airflow/.local/lib/python3.12/site-packages/airflow/example_dags/example_branch_labels.py
[2024-08-09T01:59:02.611+0000] {processor.py:840} INFO - DAG(s) 'example_branch_labels' retrieved from /home/airflow/.local/lib/python3.12/site-packages/airflow/example_dags/example_branch_labels.py
[2024-08-09T01:59:02.748+0000] {logging_mixin.py:188} INFO - [2024-08-09T01:59:02.747+0000] {dag.py:3089} INFO - Sync 1 DAGs
[2024-08-09T01:59:02.852+0000] {logging_mixin.py:188} INFO - [2024-08-09T01:59:02.851+0000] {dag.py:3947} INFO - Setting next_dagrun for example_branch_labels to 2024-08-08 00:00:00+00:00, run_after=2024-08-09 00:00:00+00:00
[2024-08-09T01:59:02.925+0000] {processor.py:183} INFO - Processing /home/airflow/.local/lib/python3.12/site-packages/airflow/example_dags/example_branch_labels.py took 0.416 seconds
[2024-08-09T01:59:33.207+0000] {processor.py:161} INFO - Started process (PID=2864) to work on /home/airflow/.local/lib/python3.12/site-packages/airflow/example_dags/example_branch_labels.py
[2024-08-09T01:59:33.209+0000] {processor.py:830} INFO - Processing file /home/airflow/.local/lib/python3.12/site-packages/airflow/example_dags/example_branch_labels.py for tasks to queue
[2024-08-09T01:59:33.213+0000] {logging_mixin.py:188} INFO - [2024-08-09T01:59:33.213+0000] {dagbag.py:545} INFO - Filling up the DagBag from /home/airflow/.local/lib/python3.12/site-packages/airflow/example_dags/example_branch_labels.py
[2024-08-09T01:59:33.236+0000] {processor.py:840} INFO - DAG(s) 'example_branch_labels' retrieved from /home/airflow/.local/lib/python3.12/site-packages/airflow/example_dags/example_branch_labels.py
[2024-08-09T01:59:33.287+0000] {logging_mixin.py:188} INFO - [2024-08-09T01:59:33.286+0000] {dag.py:3089} INFO - Sync 1 DAGs
[2024-08-09T01:59:33.321+0000] {logging_mixin.py:188} INFO - [2024-08-09T01:59:33.321+0000] {dag.py:3947} INFO - Setting next_dagrun for example_branch_labels to 2024-08-08 00:00:00+00:00, run_after=2024-08-09 00:00:00+00:00
[2024-08-09T01:59:33.351+0000] {processor.py:183} INFO - Processing /home/airflow/.local/lib/python3.12/site-packages/airflow/example_dags/example_branch_labels.py took 0.160 seconds
[2024-08-09T02:00:03.799+0000] {processor.py:161} INFO - Started process (PID=2922) to work on /home/airflow/.local/lib/python3.12/site-packages/airflow/example_dags/example_branch_labels.py
[2024-08-09T02:00:03.801+0000] {processor.py:830} INFO - Processing file /home/airflow/.local/lib/python3.12/site-packages/airflow/example_dags/example_branch_labels.py for tasks to queue
[2024-08-09T02:00:03.807+0000] {logging_mixin.py:188} INFO - [2024-08-09T02:00:03.806+0000] {dagbag.py:545} INFO - Filling up the DagBag from /home/airflow/.local/lib/python3.12/site-packages/airflow/example_dags/example_branch_labels.py
[2024-08-09T02:00:03.825+0000] {processor.py:840} INFO - DAG(s) 'example_branch_labels' retrieved from /home/airflow/.local/lib/python3.12/site-packages/airflow/example_dags/example_branch_labels.py
[2024-08-09T02:00:03.906+0000] {logging_mixin.py:188} INFO - [2024-08-09T02:00:03.905+0000] {dag.py:3089} INFO - Sync 1 DAGs
[2024-08-09T02:00:03.981+0000] {logging_mixin.py:188} INFO - [2024-08-09T02:00:03.981+0000] {dag.py:3947} INFO - Setting next_dagrun for example_branch_labels to 2024-08-08 00:00:00+00:00, run_after=2024-08-09 00:00:00+00:00
[2024-08-09T02:00:04.034+0000] {processor.py:183} INFO - Processing /home/airflow/.local/lib/python3.12/site-packages/airflow/example_dags/example_branch_labels.py took 0.250 seconds
[2024-08-09T02:00:34.722+0000] {processor.py:161} INFO - Started process (PID=2980) to work on /home/airflow/.local/lib/python3.12/site-packages/airflow/example_dags/example_branch_labels.py
[2024-08-09T02:00:34.725+0000] {processor.py:830} INFO - Processing file /home/airflow/.local/lib/python3.12/site-packages/airflow/example_dags/example_branch_labels.py for tasks to queue
[2024-08-09T02:00:34.730+0000] {logging_mixin.py:188} INFO - [2024-08-09T02:00:34.729+0000] {dagbag.py:545} INFO - Filling up the DagBag from /home/airflow/.local/lib/python3.12/site-packages/airflow/example_dags/example_branch_labels.py
[2024-08-09T02:00:34.747+0000] {processor.py:840} INFO - DAG(s) 'example_branch_labels' retrieved from /home/airflow/.local/lib/python3.12/site-packages/airflow/example_dags/example_branch_labels.py
[2024-08-09T02:00:34.796+0000] {logging_mixin.py:188} INFO - [2024-08-09T02:00:34.796+0000] {dag.py:3089} INFO - Sync 1 DAGs
[2024-08-09T02:00:34.837+0000] {logging_mixin.py:188} INFO - [2024-08-09T02:00:34.836+0000] {dag.py:3947} INFO - Setting next_dagrun for example_branch_labels to 2024-08-08 00:00:00+00:00, run_after=2024-08-09 00:00:00+00:00
[2024-08-09T02:00:34.872+0000] {processor.py:183} INFO - Processing /home/airflow/.local/lib/python3.12/site-packages/airflow/example_dags/example_branch_labels.py took 0.166 seconds
[2024-08-09T02:01:05.025+0000] {processor.py:161} INFO - Started process (PID=3038) to work on /home/airflow/.local/lib/python3.12/site-packages/airflow/example_dags/example_branch_labels.py
[2024-08-09T02:01:05.033+0000] {processor.py:830} INFO - Processing file /home/airflow/.local/lib/python3.12/site-packages/airflow/example_dags/example_branch_labels.py for tasks to queue
[2024-08-09T02:01:05.045+0000] {logging_mixin.py:188} INFO - [2024-08-09T02:01:05.043+0000] {dagbag.py:545} INFO - Filling up the DagBag from /home/airflow/.local/lib/python3.12/site-packages/airflow/example_dags/example_branch_labels.py
[2024-08-09T02:01:05.075+0000] {processor.py:840} INFO - DAG(s) 'example_branch_labels' retrieved from /home/airflow/.local/lib/python3.12/site-packages/airflow/example_dags/example_branch_labels.py
[2024-08-09T02:01:05.224+0000] {logging_mixin.py:188} INFO - [2024-08-09T02:01:05.223+0000] {dag.py:3089} INFO - Sync 1 DAGs
[2024-08-09T02:01:05.369+0000] {logging_mixin.py:188} INFO - [2024-08-09T02:01:05.368+0000] {dag.py:3947} INFO - Setting next_dagrun for example_branch_labels to 2024-08-08 00:00:00+00:00, run_after=2024-08-09 00:00:00+00:00
[2024-08-09T02:01:05.470+0000] {processor.py:183} INFO - Processing /home/airflow/.local/lib/python3.12/site-packages/airflow/example_dags/example_branch_labels.py took 0.483 seconds
[2024-08-09T02:01:35.593+0000] {processor.py:161} INFO - Started process (PID=3095) to work on /home/airflow/.local/lib/python3.12/site-packages/airflow/example_dags/example_branch_labels.py
[2024-08-09T02:01:35.596+0000] {processor.py:830} INFO - Processing file /home/airflow/.local/lib/python3.12/site-packages/airflow/example_dags/example_branch_labels.py for tasks to queue
[2024-08-09T02:01:35.602+0000] {logging_mixin.py:188} INFO - [2024-08-09T02:01:35.601+0000] {dagbag.py:545} INFO - Filling up the DagBag from /home/airflow/.local/lib/python3.12/site-packages/airflow/example_dags/example_branch_labels.py
[2024-08-09T02:01:35.630+0000] {processor.py:840} INFO - DAG(s) 'example_branch_labels' retrieved from /home/airflow/.local/lib/python3.12/site-packages/airflow/example_dags/example_branch_labels.py
[2024-08-09T02:01:35.690+0000] {logging_mixin.py:188} INFO - [2024-08-09T02:01:35.689+0000] {dag.py:3089} INFO - Sync 1 DAGs
[2024-08-09T02:01:35.731+0000] {logging_mixin.py:188} INFO - [2024-08-09T02:01:35.730+0000] {dag.py:3947} INFO - Setting next_dagrun for example_branch_labels to 2024-08-08 00:00:00+00:00, run_after=2024-08-09 00:00:00+00:00
[2024-08-09T02:01:35.764+0000] {processor.py:183} INFO - Processing /home/airflow/.local/lib/python3.12/site-packages/airflow/example_dags/example_branch_labels.py took 0.189 seconds
[2024-08-09T02:02:06.585+0000] {processor.py:161} INFO - Started process (PID=3154) to work on /home/airflow/.local/lib/python3.12/site-packages/airflow/example_dags/example_branch_labels.py
[2024-08-09T02:02:06.589+0000] {processor.py:830} INFO - Processing file /home/airflow/.local/lib/python3.12/site-packages/airflow/example_dags/example_branch_labels.py for tasks to queue
[2024-08-09T02:02:06.594+0000] {logging_mixin.py:188} INFO - [2024-08-09T02:02:06.593+0000] {dagbag.py:545} INFO - Filling up the DagBag from /home/airflow/.local/lib/python3.12/site-packages/airflow/example_dags/example_branch_labels.py
[2024-08-09T02:02:06.615+0000] {processor.py:840} INFO - DAG(s) 'example_branch_labels' retrieved from /home/airflow/.local/lib/python3.12/site-packages/airflow/example_dags/example_branch_labels.py
[2024-08-09T02:02:06.674+0000] {logging_mixin.py:188} INFO - [2024-08-09T02:02:06.674+0000] {dag.py:3089} INFO - Sync 1 DAGs
[2024-08-09T02:02:06.717+0000] {logging_mixin.py:188} INFO - [2024-08-09T02:02:06.716+0000] {dag.py:3947} INFO - Setting next_dagrun for example_branch_labels to 2024-08-08 00:00:00+00:00, run_after=2024-08-09 00:00:00+00:00
[2024-08-09T02:02:06.761+0000] {processor.py:183} INFO - Processing /home/airflow/.local/lib/python3.12/site-packages/airflow/example_dags/example_branch_labels.py took 0.195 seconds
[2024-08-09T02:02:37.589+0000] {processor.py:161} INFO - Started process (PID=3212) to work on /home/airflow/.local/lib/python3.12/site-packages/airflow/example_dags/example_branch_labels.py
[2024-08-09T02:02:37.593+0000] {processor.py:830} INFO - Processing file /home/airflow/.local/lib/python3.12/site-packages/airflow/example_dags/example_branch_labels.py for tasks to queue
[2024-08-09T02:02:37.597+0000] {logging_mixin.py:188} INFO - [2024-08-09T02:02:37.596+0000] {dagbag.py:545} INFO - Filling up the DagBag from /home/airflow/.local/lib/python3.12/site-packages/airflow/example_dags/example_branch_labels.py
[2024-08-09T02:02:37.614+0000] {processor.py:840} INFO - DAG(s) 'example_branch_labels' retrieved from /home/airflow/.local/lib/python3.12/site-packages/airflow/example_dags/example_branch_labels.py
[2024-08-09T02:02:37.666+0000] {logging_mixin.py:188} INFO - [2024-08-09T02:02:37.666+0000] {dag.py:3089} INFO - Sync 1 DAGs
[2024-08-09T02:02:37.709+0000] {logging_mixin.py:188} INFO - [2024-08-09T02:02:37.709+0000] {dag.py:3947} INFO - Setting next_dagrun for example_branch_labels to 2024-08-08 00:00:00+00:00, run_after=2024-08-09 00:00:00+00:00
[2024-08-09T02:02:37.742+0000] {processor.py:183} INFO - Processing /home/airflow/.local/lib/python3.12/site-packages/airflow/example_dags/example_branch_labels.py took 0.169 seconds
[2024-08-09T02:03:08.313+0000] {processor.py:161} INFO - Started process (PID=3270) to work on /home/airflow/.local/lib/python3.12/site-packages/airflow/example_dags/example_branch_labels.py
[2024-08-09T02:03:08.316+0000] {processor.py:830} INFO - Processing file /home/airflow/.local/lib/python3.12/site-packages/airflow/example_dags/example_branch_labels.py for tasks to queue
[2024-08-09T02:03:08.321+0000] {logging_mixin.py:188} INFO - [2024-08-09T02:03:08.320+0000] {dagbag.py:545} INFO - Filling up the DagBag from /home/airflow/.local/lib/python3.12/site-packages/airflow/example_dags/example_branch_labels.py
[2024-08-09T02:03:08.341+0000] {processor.py:840} INFO - DAG(s) 'example_branch_labels' retrieved from /home/airflow/.local/lib/python3.12/site-packages/airflow/example_dags/example_branch_labels.py
[2024-08-09T02:03:08.395+0000] {logging_mixin.py:188} INFO - [2024-08-09T02:03:08.394+0000] {dag.py:3089} INFO - Sync 1 DAGs
[2024-08-09T02:03:08.445+0000] {logging_mixin.py:188} INFO - [2024-08-09T02:03:08.445+0000] {dag.py:3947} INFO - Setting next_dagrun for example_branch_labels to 2024-08-08 00:00:00+00:00, run_after=2024-08-09 00:00:00+00:00
[2024-08-09T02:03:08.488+0000] {processor.py:183} INFO - Processing /home/airflow/.local/lib/python3.12/site-packages/airflow/example_dags/example_branch_labels.py took 0.191 seconds
[2024-08-09T02:03:39.415+0000] {processor.py:161} INFO - Started process (PID=3327) to work on /home/airflow/.local/lib/python3.12/site-packages/airflow/example_dags/example_branch_labels.py
[2024-08-09T02:03:39.419+0000] {processor.py:830} INFO - Processing file /home/airflow/.local/lib/python3.12/site-packages/airflow/example_dags/example_branch_labels.py for tasks to queue
[2024-08-09T02:03:39.424+0000] {logging_mixin.py:188} INFO - [2024-08-09T02:03:39.423+0000] {dagbag.py:545} INFO - Filling up the DagBag from /home/airflow/.local/lib/python3.12/site-packages/airflow/example_dags/example_branch_labels.py
[2024-08-09T02:03:39.453+0000] {processor.py:840} INFO - DAG(s) 'example_branch_labels' retrieved from /home/airflow/.local/lib/python3.12/site-packages/airflow/example_dags/example_branch_labels.py
[2024-08-09T02:03:39.528+0000] {logging_mixin.py:188} INFO - [2024-08-09T02:03:39.528+0000] {dag.py:3089} INFO - Sync 1 DAGs
[2024-08-09T02:03:39.573+0000] {logging_mixin.py:188} INFO - [2024-08-09T02:03:39.573+0000] {dag.py:3947} INFO - Setting next_dagrun for example_branch_labels to 2024-08-08 00:00:00+00:00, run_after=2024-08-09 00:00:00+00:00
[2024-08-09T02:03:39.612+0000] {processor.py:183} INFO - Processing /home/airflow/.local/lib/python3.12/site-packages/airflow/example_dags/example_branch_labels.py took 0.216 seconds
[2024-08-09T02:04:10.182+0000] {processor.py:161} INFO - Started process (PID=3385) to work on /home/airflow/.local/lib/python3.12/site-packages/airflow/example_dags/example_branch_labels.py
[2024-08-09T02:04:10.186+0000] {processor.py:830} INFO - Processing file /home/airflow/.local/lib/python3.12/site-packages/airflow/example_dags/example_branch_labels.py for tasks to queue
[2024-08-09T02:04:10.195+0000] {logging_mixin.py:188} INFO - [2024-08-09T02:04:10.194+0000] {dagbag.py:545} INFO - Filling up the DagBag from /home/airflow/.local/lib/python3.12/site-packages/airflow/example_dags/example_branch_labels.py
[2024-08-09T02:04:10.219+0000] {processor.py:840} INFO - DAG(s) 'example_branch_labels' retrieved from /home/airflow/.local/lib/python3.12/site-packages/airflow/example_dags/example_branch_labels.py
[2024-08-09T02:04:10.276+0000] {logging_mixin.py:188} INFO - [2024-08-09T02:04:10.276+0000] {dag.py:3089} INFO - Sync 1 DAGs
[2024-08-09T02:04:10.315+0000] {logging_mixin.py:188} INFO - [2024-08-09T02:04:10.315+0000] {dag.py:3947} INFO - Setting next_dagrun for example_branch_labels to 2024-08-08 00:00:00+00:00, run_after=2024-08-09 00:00:00+00:00
[2024-08-09T02:04:10.354+0000] {processor.py:183} INFO - Processing /home/airflow/.local/lib/python3.12/site-packages/airflow/example_dags/example_branch_labels.py took 0.201 seconds
[2024-08-09T02:04:40.611+0000] {processor.py:161} INFO - Started process (PID=3443) to work on /home/airflow/.local/lib/python3.12/site-packages/airflow/example_dags/example_branch_labels.py
[2024-08-09T02:04:40.616+0000] {processor.py:830} INFO - Processing file /home/airflow/.local/lib/python3.12/site-packages/airflow/example_dags/example_branch_labels.py for tasks to queue
[2024-08-09T02:04:40.620+0000] {logging_mixin.py:188} INFO - [2024-08-09T02:04:40.619+0000] {dagbag.py:545} INFO - Filling up the DagBag from /home/airflow/.local/lib/python3.12/site-packages/airflow/example_dags/example_branch_labels.py
[2024-08-09T02:04:40.642+0000] {processor.py:840} INFO - DAG(s) 'example_branch_labels' retrieved from /home/airflow/.local/lib/python3.12/site-packages/airflow/example_dags/example_branch_labels.py
[2024-08-09T02:04:40.718+0000] {logging_mixin.py:188} INFO - [2024-08-09T02:04:40.718+0000] {dag.py:3089} INFO - Sync 1 DAGs
[2024-08-09T02:04:40.790+0000] {logging_mixin.py:188} INFO - [2024-08-09T02:04:40.789+0000] {dag.py:3947} INFO - Setting next_dagrun for example_branch_labels to 2024-08-08 00:00:00+00:00, run_after=2024-08-09 00:00:00+00:00
[2024-08-09T02:04:40.852+0000] {processor.py:183} INFO - Processing /home/airflow/.local/lib/python3.12/site-packages/airflow/example_dags/example_branch_labels.py took 0.264 seconds
[2024-08-09T02:05:11.590+0000] {processor.py:161} INFO - Started process (PID=3501) to work on /home/airflow/.local/lib/python3.12/site-packages/airflow/example_dags/example_branch_labels.py
[2024-08-09T02:05:11.595+0000] {processor.py:830} INFO - Processing file /home/airflow/.local/lib/python3.12/site-packages/airflow/example_dags/example_branch_labels.py for tasks to queue
[2024-08-09T02:05:11.607+0000] {logging_mixin.py:188} INFO - [2024-08-09T02:05:11.603+0000] {dagbag.py:545} INFO - Filling up the DagBag from /home/airflow/.local/lib/python3.12/site-packages/airflow/example_dags/example_branch_labels.py
[2024-08-09T02:05:11.633+0000] {processor.py:840} INFO - DAG(s) 'example_branch_labels' retrieved from /home/airflow/.local/lib/python3.12/site-packages/airflow/example_dags/example_branch_labels.py
[2024-08-09T02:05:11.709+0000] {logging_mixin.py:188} INFO - [2024-08-09T02:05:11.709+0000] {dag.py:3089} INFO - Sync 1 DAGs
[2024-08-09T02:05:11.912+0000] {logging_mixin.py:188} INFO - [2024-08-09T02:05:11.909+0000] {dag.py:3947} INFO - Setting next_dagrun for example_branch_labels to 2024-08-08 00:00:00+00:00, run_after=2024-08-09 00:00:00+00:00
[2024-08-09T02:05:11.981+0000] {processor.py:183} INFO - Processing /home/airflow/.local/lib/python3.12/site-packages/airflow/example_dags/example_branch_labels.py took 0.424 seconds
[2024-08-09T02:05:42.393+0000] {processor.py:161} INFO - Started process (PID=3559) to work on /home/airflow/.local/lib/python3.12/site-packages/airflow/example_dags/example_branch_labels.py
[2024-08-09T02:05:42.398+0000] {processor.py:830} INFO - Processing file /home/airflow/.local/lib/python3.12/site-packages/airflow/example_dags/example_branch_labels.py for tasks to queue
[2024-08-09T02:05:42.407+0000] {logging_mixin.py:188} INFO - [2024-08-09T02:05:42.403+0000] {dagbag.py:545} INFO - Filling up the DagBag from /home/airflow/.local/lib/python3.12/site-packages/airflow/example_dags/example_branch_labels.py
[2024-08-09T02:05:42.461+0000] {processor.py:840} INFO - DAG(s) 'example_branch_labels' retrieved from /home/airflow/.local/lib/python3.12/site-packages/airflow/example_dags/example_branch_labels.py
[2024-08-09T02:05:42.600+0000] {logging_mixin.py:188} INFO - [2024-08-09T02:05:42.600+0000] {dag.py:3089} INFO - Sync 1 DAGs
[2024-08-09T02:05:42.739+0000] {logging_mixin.py:188} INFO - [2024-08-09T02:05:42.739+0000] {dag.py:3947} INFO - Setting next_dagrun for example_branch_labels to 2024-08-08 00:00:00+00:00, run_after=2024-08-09 00:00:00+00:00
[2024-08-09T02:05:42.829+0000] {processor.py:183} INFO - Processing /home/airflow/.local/lib/python3.12/site-packages/airflow/example_dags/example_branch_labels.py took 0.475 seconds
[2024-08-09T02:06:13.963+0000] {processor.py:161} INFO - Started process (PID=3617) to work on /home/airflow/.local/lib/python3.12/site-packages/airflow/example_dags/example_branch_labels.py
[2024-08-09T02:06:13.971+0000] {processor.py:830} INFO - Processing file /home/airflow/.local/lib/python3.12/site-packages/airflow/example_dags/example_branch_labels.py for tasks to queue
[2024-08-09T02:06:13.996+0000] {logging_mixin.py:188} INFO - [2024-08-09T02:06:13.991+0000] {dagbag.py:545} INFO - Filling up the DagBag from /home/airflow/.local/lib/python3.12/site-packages/airflow/example_dags/example_branch_labels.py
[2024-08-09T02:06:14.053+0000] {processor.py:840} INFO - DAG(s) 'example_branch_labels' retrieved from /home/airflow/.local/lib/python3.12/site-packages/airflow/example_dags/example_branch_labels.py
[2024-08-09T02:06:14.154+0000] {logging_mixin.py:188} INFO - [2024-08-09T02:06:14.153+0000] {dag.py:3089} INFO - Sync 1 DAGs
[2024-08-09T02:06:14.228+0000] {logging_mixin.py:188} INFO - [2024-08-09T02:06:14.228+0000] {dag.py:3947} INFO - Setting next_dagrun for example_branch_labels to 2024-08-08 00:00:00+00:00, run_after=2024-08-09 00:00:00+00:00
[2024-08-09T02:06:14.288+0000] {processor.py:183} INFO - Processing /home/airflow/.local/lib/python3.12/site-packages/airflow/example_dags/example_branch_labels.py took 0.418 seconds
[2024-08-09T02:06:45.120+0000] {processor.py:161} INFO - Started process (PID=3675) to work on /home/airflow/.local/lib/python3.12/site-packages/airflow/example_dags/example_branch_labels.py
[2024-08-09T02:06:45.124+0000] {processor.py:830} INFO - Processing file /home/airflow/.local/lib/python3.12/site-packages/airflow/example_dags/example_branch_labels.py for tasks to queue
[2024-08-09T02:06:45.131+0000] {logging_mixin.py:188} INFO - [2024-08-09T02:06:45.131+0000] {dagbag.py:545} INFO - Filling up the DagBag from /home/airflow/.local/lib/python3.12/site-packages/airflow/example_dags/example_branch_labels.py
[2024-08-09T02:06:45.156+0000] {processor.py:840} INFO - DAG(s) 'example_branch_labels' retrieved from /home/airflow/.local/lib/python3.12/site-packages/airflow/example_dags/example_branch_labels.py
[2024-08-09T02:06:45.210+0000] {logging_mixin.py:188} INFO - [2024-08-09T02:06:45.209+0000] {dag.py:3089} INFO - Sync 1 DAGs
[2024-08-09T02:06:45.258+0000] {logging_mixin.py:188} INFO - [2024-08-09T02:06:45.258+0000] {dag.py:3947} INFO - Setting next_dagrun for example_branch_labels to 2024-08-08 00:00:00+00:00, run_after=2024-08-09 00:00:00+00:00
[2024-08-09T02:06:45.292+0000] {processor.py:183} INFO - Processing /home/airflow/.local/lib/python3.12/site-packages/airflow/example_dags/example_branch_labels.py took 0.205 seconds
[2024-08-09T02:07:15.938+0000] {processor.py:161} INFO - Started process (PID=3732) to work on /home/airflow/.local/lib/python3.12/site-packages/airflow/example_dags/example_branch_labels.py
[2024-08-09T02:07:15.941+0000] {processor.py:830} INFO - Processing file /home/airflow/.local/lib/python3.12/site-packages/airflow/example_dags/example_branch_labels.py for tasks to queue
[2024-08-09T02:07:15.946+0000] {logging_mixin.py:188} INFO - [2024-08-09T02:07:15.945+0000] {dagbag.py:545} INFO - Filling up the DagBag from /home/airflow/.local/lib/python3.12/site-packages/airflow/example_dags/example_branch_labels.py
[2024-08-09T02:07:15.968+0000] {processor.py:840} INFO - DAG(s) 'example_branch_labels' retrieved from /home/airflow/.local/lib/python3.12/site-packages/airflow/example_dags/example_branch_labels.py
[2024-08-09T02:07:16.043+0000] {logging_mixin.py:188} INFO - [2024-08-09T02:07:16.042+0000] {dag.py:3089} INFO - Sync 1 DAGs
[2024-08-09T02:07:16.104+0000] {logging_mixin.py:188} INFO - [2024-08-09T02:07:16.103+0000] {dag.py:3947} INFO - Setting next_dagrun for example_branch_labels to 2024-08-08 00:00:00+00:00, run_after=2024-08-09 00:00:00+00:00
[2024-08-09T02:07:16.156+0000] {processor.py:183} INFO - Processing /home/airflow/.local/lib/python3.12/site-packages/airflow/example_dags/example_branch_labels.py took 0.238 seconds
[2024-08-09T02:07:47.163+0000] {processor.py:161} INFO - Started process (PID=3789) to work on /home/airflow/.local/lib/python3.12/site-packages/airflow/example_dags/example_branch_labels.py
[2024-08-09T02:07:47.166+0000] {processor.py:830} INFO - Processing file /home/airflow/.local/lib/python3.12/site-packages/airflow/example_dags/example_branch_labels.py for tasks to queue
[2024-08-09T02:07:47.174+0000] {logging_mixin.py:188} INFO - [2024-08-09T02:07:47.173+0000] {dagbag.py:545} INFO - Filling up the DagBag from /home/airflow/.local/lib/python3.12/site-packages/airflow/example_dags/example_branch_labels.py
[2024-08-09T02:07:47.205+0000] {processor.py:840} INFO - DAG(s) 'example_branch_labels' retrieved from /home/airflow/.local/lib/python3.12/site-packages/airflow/example_dags/example_branch_labels.py
[2024-08-09T02:07:47.311+0000] {logging_mixin.py:188} INFO - [2024-08-09T02:07:47.311+0000] {dag.py:3089} INFO - Sync 1 DAGs
[2024-08-09T02:07:47.372+0000] {logging_mixin.py:188} INFO - [2024-08-09T02:07:47.372+0000] {dag.py:3947} INFO - Setting next_dagrun for example_branch_labels to 2024-08-08 00:00:00+00:00, run_after=2024-08-09 00:00:00+00:00
[2024-08-09T02:07:47.434+0000] {processor.py:183} INFO - Processing /home/airflow/.local/lib/python3.12/site-packages/airflow/example_dags/example_branch_labels.py took 0.290 seconds
[2024-08-09T02:08:18.084+0000] {processor.py:161} INFO - Started process (PID=3847) to work on /home/airflow/.local/lib/python3.12/site-packages/airflow/example_dags/example_branch_labels.py
[2024-08-09T02:08:18.087+0000] {processor.py:830} INFO - Processing file /home/airflow/.local/lib/python3.12/site-packages/airflow/example_dags/example_branch_labels.py for tasks to queue
[2024-08-09T02:08:18.106+0000] {logging_mixin.py:188} INFO - [2024-08-09T02:08:18.099+0000] {dagbag.py:545} INFO - Filling up the DagBag from /home/airflow/.local/lib/python3.12/site-packages/airflow/example_dags/example_branch_labels.py
[2024-08-09T02:08:18.137+0000] {processor.py:840} INFO - DAG(s) 'example_branch_labels' retrieved from /home/airflow/.local/lib/python3.12/site-packages/airflow/example_dags/example_branch_labels.py
[2024-08-09T02:08:18.208+0000] {logging_mixin.py:188} INFO - [2024-08-09T02:08:18.208+0000] {dag.py:3089} INFO - Sync 1 DAGs
[2024-08-09T02:08:18.254+0000] {logging_mixin.py:188} INFO - [2024-08-09T02:08:18.253+0000] {dag.py:3947} INFO - Setting next_dagrun for example_branch_labels to 2024-08-08 00:00:00+00:00, run_after=2024-08-09 00:00:00+00:00
[2024-08-09T02:08:18.314+0000] {processor.py:183} INFO - Processing /home/airflow/.local/lib/python3.12/site-packages/airflow/example_dags/example_branch_labels.py took 0.267 seconds
[2024-08-09T02:08:48.723+0000] {processor.py:161} INFO - Started process (PID=3905) to work on /home/airflow/.local/lib/python3.12/site-packages/airflow/example_dags/example_branch_labels.py
[2024-08-09T02:08:48.726+0000] {processor.py:830} INFO - Processing file /home/airflow/.local/lib/python3.12/site-packages/airflow/example_dags/example_branch_labels.py for tasks to queue
[2024-08-09T02:08:48.732+0000] {logging_mixin.py:188} INFO - [2024-08-09T02:08:48.731+0000] {dagbag.py:545} INFO - Filling up the DagBag from /home/airflow/.local/lib/python3.12/site-packages/airflow/example_dags/example_branch_labels.py
[2024-08-09T02:08:48.752+0000] {processor.py:840} INFO - DAG(s) 'example_branch_labels' retrieved from /home/airflow/.local/lib/python3.12/site-packages/airflow/example_dags/example_branch_labels.py
[2024-08-09T02:08:48.816+0000] {logging_mixin.py:188} INFO - [2024-08-09T02:08:48.816+0000] {dag.py:3089} INFO - Sync 1 DAGs
[2024-08-09T02:08:48.870+0000] {logging_mixin.py:188} INFO - [2024-08-09T02:08:48.870+0000] {dag.py:3947} INFO - Setting next_dagrun for example_branch_labels to 2024-08-08 00:00:00+00:00, run_after=2024-08-09 00:00:00+00:00
[2024-08-09T02:08:48.911+0000] {processor.py:183} INFO - Processing /home/airflow/.local/lib/python3.12/site-packages/airflow/example_dags/example_branch_labels.py took 0.211 seconds
[2024-08-09T02:09:19.100+0000] {processor.py:161} INFO - Started process (PID=3963) to work on /home/airflow/.local/lib/python3.12/site-packages/airflow/example_dags/example_branch_labels.py
[2024-08-09T02:09:19.104+0000] {processor.py:830} INFO - Processing file /home/airflow/.local/lib/python3.12/site-packages/airflow/example_dags/example_branch_labels.py for tasks to queue
[2024-08-09T02:09:19.114+0000] {logging_mixin.py:188} INFO - [2024-08-09T02:09:19.113+0000] {dagbag.py:545} INFO - Filling up the DagBag from /home/airflow/.local/lib/python3.12/site-packages/airflow/example_dags/example_branch_labels.py
[2024-08-09T02:09:19.154+0000] {processor.py:840} INFO - DAG(s) 'example_branch_labels' retrieved from /home/airflow/.local/lib/python3.12/site-packages/airflow/example_dags/example_branch_labels.py
[2024-08-09T02:09:19.230+0000] {logging_mixin.py:188} INFO - [2024-08-09T02:09:19.230+0000] {dag.py:3089} INFO - Sync 1 DAGs
[2024-08-09T02:09:19.279+0000] {logging_mixin.py:188} INFO - [2024-08-09T02:09:19.279+0000] {dag.py:3947} INFO - Setting next_dagrun for example_branch_labels to 2024-08-08 00:00:00+00:00, run_after=2024-08-09 00:00:00+00:00
[2024-08-09T02:09:19.337+0000] {processor.py:183} INFO - Processing /home/airflow/.local/lib/python3.12/site-packages/airflow/example_dags/example_branch_labels.py took 0.275 seconds
[2024-08-09T02:09:50.003+0000] {processor.py:161} INFO - Started process (PID=4021) to work on /home/airflow/.local/lib/python3.12/site-packages/airflow/example_dags/example_branch_labels.py
[2024-08-09T02:09:50.010+0000] {processor.py:830} INFO - Processing file /home/airflow/.local/lib/python3.12/site-packages/airflow/example_dags/example_branch_labels.py for tasks to queue
[2024-08-09T02:09:50.017+0000] {logging_mixin.py:188} INFO - [2024-08-09T02:09:50.016+0000] {dagbag.py:545} INFO - Filling up the DagBag from /home/airflow/.local/lib/python3.12/site-packages/airflow/example_dags/example_branch_labels.py
[2024-08-09T02:09:50.067+0000] {processor.py:840} INFO - DAG(s) 'example_branch_labels' retrieved from /home/airflow/.local/lib/python3.12/site-packages/airflow/example_dags/example_branch_labels.py
[2024-08-09T02:09:50.139+0000] {logging_mixin.py:188} INFO - [2024-08-09T02:09:50.139+0000] {dag.py:3089} INFO - Sync 1 DAGs
[2024-08-09T02:09:50.214+0000] {logging_mixin.py:188} INFO - [2024-08-09T02:09:50.214+0000] {dag.py:3947} INFO - Setting next_dagrun for example_branch_labels to 2024-08-08 00:00:00+00:00, run_after=2024-08-09 00:00:00+00:00
[2024-08-09T02:09:50.251+0000] {processor.py:183} INFO - Processing /home/airflow/.local/lib/python3.12/site-packages/airflow/example_dags/example_branch_labels.py took 0.289 seconds
[2024-08-09T02:10:20.460+0000] {processor.py:161} INFO - Started process (PID=4079) to work on /home/airflow/.local/lib/python3.12/site-packages/airflow/example_dags/example_branch_labels.py
[2024-08-09T02:10:20.464+0000] {processor.py:830} INFO - Processing file /home/airflow/.local/lib/python3.12/site-packages/airflow/example_dags/example_branch_labels.py for tasks to queue
[2024-08-09T02:10:20.473+0000] {logging_mixin.py:188} INFO - [2024-08-09T02:10:20.472+0000] {dagbag.py:545} INFO - Filling up the DagBag from /home/airflow/.local/lib/python3.12/site-packages/airflow/example_dags/example_branch_labels.py
[2024-08-09T02:10:20.502+0000] {processor.py:840} INFO - DAG(s) 'example_branch_labels' retrieved from /home/airflow/.local/lib/python3.12/site-packages/airflow/example_dags/example_branch_labels.py
[2024-08-09T02:10:20.610+0000] {logging_mixin.py:188} INFO - [2024-08-09T02:10:20.608+0000] {dag.py:3089} INFO - Sync 1 DAGs
[2024-08-09T02:10:20.660+0000] {logging_mixin.py:188} INFO - [2024-08-09T02:10:20.659+0000] {dag.py:3947} INFO - Setting next_dagrun for example_branch_labels to 2024-08-08 00:00:00+00:00, run_after=2024-08-09 00:00:00+00:00
[2024-08-09T02:10:20.717+0000] {processor.py:183} INFO - Processing /home/airflow/.local/lib/python3.12/site-packages/airflow/example_dags/example_branch_labels.py took 0.282 seconds
[2024-08-09T02:10:51.148+0000] {processor.py:161} INFO - Started process (PID=4136) to work on /home/airflow/.local/lib/python3.12/site-packages/airflow/example_dags/example_branch_labels.py
[2024-08-09T02:10:51.150+0000] {processor.py:830} INFO - Processing file /home/airflow/.local/lib/python3.12/site-packages/airflow/example_dags/example_branch_labels.py for tasks to queue
[2024-08-09T02:10:51.157+0000] {logging_mixin.py:188} INFO - [2024-08-09T02:10:51.154+0000] {dagbag.py:545} INFO - Filling up the DagBag from /home/airflow/.local/lib/python3.12/site-packages/airflow/example_dags/example_branch_labels.py
[2024-08-09T02:10:51.179+0000] {processor.py:840} INFO - DAG(s) 'example_branch_labels' retrieved from /home/airflow/.local/lib/python3.12/site-packages/airflow/example_dags/example_branch_labels.py
[2024-08-09T02:10:51.248+0000] {logging_mixin.py:188} INFO - [2024-08-09T02:10:51.248+0000] {dag.py:3089} INFO - Sync 1 DAGs
[2024-08-09T02:10:51.297+0000] {logging_mixin.py:188} INFO - [2024-08-09T02:10:51.296+0000] {dag.py:3947} INFO - Setting next_dagrun for example_branch_labels to 2024-08-08 00:00:00+00:00, run_after=2024-08-09 00:00:00+00:00
[2024-08-09T02:10:51.329+0000] {processor.py:183} INFO - Processing /home/airflow/.local/lib/python3.12/site-packages/airflow/example_dags/example_branch_labels.py took 0.198 seconds
[2024-08-09T02:11:22.026+0000] {processor.py:161} INFO - Started process (PID=4194) to work on /home/airflow/.local/lib/python3.12/site-packages/airflow/example_dags/example_branch_labels.py
[2024-08-09T02:11:22.029+0000] {processor.py:830} INFO - Processing file /home/airflow/.local/lib/python3.12/site-packages/airflow/example_dags/example_branch_labels.py for tasks to queue
[2024-08-09T02:11:22.035+0000] {logging_mixin.py:188} INFO - [2024-08-09T02:11:22.034+0000] {dagbag.py:545} INFO - Filling up the DagBag from /home/airflow/.local/lib/python3.12/site-packages/airflow/example_dags/example_branch_labels.py
[2024-08-09T02:11:22.056+0000] {processor.py:840} INFO - DAG(s) 'example_branch_labels' retrieved from /home/airflow/.local/lib/python3.12/site-packages/airflow/example_dags/example_branch_labels.py
[2024-08-09T02:11:22.116+0000] {logging_mixin.py:188} INFO - [2024-08-09T02:11:22.115+0000] {dag.py:3089} INFO - Sync 1 DAGs
[2024-08-09T02:11:22.154+0000] {logging_mixin.py:188} INFO - [2024-08-09T02:11:22.153+0000] {dag.py:3947} INFO - Setting next_dagrun for example_branch_labels to 2024-08-08 00:00:00+00:00, run_after=2024-08-09 00:00:00+00:00
[2024-08-09T02:11:22.195+0000] {processor.py:183} INFO - Processing /home/airflow/.local/lib/python3.12/site-packages/airflow/example_dags/example_branch_labels.py took 0.196 seconds
[2024-08-09T02:11:52.530+0000] {processor.py:161} INFO - Started process (PID=4252) to work on /home/airflow/.local/lib/python3.12/site-packages/airflow/example_dags/example_branch_labels.py
[2024-08-09T02:11:52.532+0000] {processor.py:830} INFO - Processing file /home/airflow/.local/lib/python3.12/site-packages/airflow/example_dags/example_branch_labels.py for tasks to queue
[2024-08-09T02:11:52.538+0000] {logging_mixin.py:188} INFO - [2024-08-09T02:11:52.537+0000] {dagbag.py:545} INFO - Filling up the DagBag from /home/airflow/.local/lib/python3.12/site-packages/airflow/example_dags/example_branch_labels.py
[2024-08-09T02:11:52.595+0000] {processor.py:840} INFO - DAG(s) 'example_branch_labels' retrieved from /home/airflow/.local/lib/python3.12/site-packages/airflow/example_dags/example_branch_labels.py
[2024-08-09T02:11:52.664+0000] {logging_mixin.py:188} INFO - [2024-08-09T02:11:52.663+0000] {dag.py:3089} INFO - Sync 1 DAGs
[2024-08-09T02:11:52.711+0000] {logging_mixin.py:188} INFO - [2024-08-09T02:11:52.711+0000] {dag.py:3947} INFO - Setting next_dagrun for example_branch_labels to 2024-08-08 00:00:00+00:00, run_after=2024-08-09 00:00:00+00:00
[2024-08-09T02:11:52.757+0000] {processor.py:183} INFO - Processing /home/airflow/.local/lib/python3.12/site-packages/airflow/example_dags/example_branch_labels.py took 0.273 seconds
[2024-08-09T02:12:22.927+0000] {processor.py:161} INFO - Started process (PID=4310) to work on /home/airflow/.local/lib/python3.12/site-packages/airflow/example_dags/example_branch_labels.py
[2024-08-09T02:12:22.929+0000] {processor.py:830} INFO - Processing file /home/airflow/.local/lib/python3.12/site-packages/airflow/example_dags/example_branch_labels.py for tasks to queue
[2024-08-09T02:12:22.936+0000] {logging_mixin.py:188} INFO - [2024-08-09T02:12:22.936+0000] {dagbag.py:545} INFO - Filling up the DagBag from /home/airflow/.local/lib/python3.12/site-packages/airflow/example_dags/example_branch_labels.py
[2024-08-09T02:12:22.954+0000] {processor.py:840} INFO - DAG(s) 'example_branch_labels' retrieved from /home/airflow/.local/lib/python3.12/site-packages/airflow/example_dags/example_branch_labels.py
[2024-08-09T02:12:23.017+0000] {logging_mixin.py:188} INFO - [2024-08-09T02:12:23.017+0000] {dag.py:3089} INFO - Sync 1 DAGs
[2024-08-09T02:12:23.068+0000] {logging_mixin.py:188} INFO - [2024-08-09T02:12:23.067+0000] {dag.py:3947} INFO - Setting next_dagrun for example_branch_labels to 2024-08-08 00:00:00+00:00, run_after=2024-08-09 00:00:00+00:00
[2024-08-09T02:12:23.102+0000] {processor.py:183} INFO - Processing /home/airflow/.local/lib/python3.12/site-packages/airflow/example_dags/example_branch_labels.py took 0.193 seconds
[2024-08-09T02:12:53.266+0000] {processor.py:161} INFO - Started process (PID=4368) to work on /home/airflow/.local/lib/python3.12/site-packages/airflow/example_dags/example_branch_labels.py
[2024-08-09T02:12:53.271+0000] {processor.py:830} INFO - Processing file /home/airflow/.local/lib/python3.12/site-packages/airflow/example_dags/example_branch_labels.py for tasks to queue
[2024-08-09T02:12:53.278+0000] {logging_mixin.py:188} INFO - [2024-08-09T02:12:53.277+0000] {dagbag.py:545} INFO - Filling up the DagBag from /home/airflow/.local/lib/python3.12/site-packages/airflow/example_dags/example_branch_labels.py
[2024-08-09T02:12:53.305+0000] {processor.py:840} INFO - DAG(s) 'example_branch_labels' retrieved from /home/airflow/.local/lib/python3.12/site-packages/airflow/example_dags/example_branch_labels.py
[2024-08-09T02:12:53.408+0000] {logging_mixin.py:188} INFO - [2024-08-09T02:12:53.407+0000] {dag.py:3089} INFO - Sync 1 DAGs
[2024-08-09T02:12:53.452+0000] {logging_mixin.py:188} INFO - [2024-08-09T02:12:53.452+0000] {dag.py:3947} INFO - Setting next_dagrun for example_branch_labels to 2024-08-08 00:00:00+00:00, run_after=2024-08-09 00:00:00+00:00
[2024-08-09T02:12:53.486+0000] {processor.py:183} INFO - Processing /home/airflow/.local/lib/python3.12/site-packages/airflow/example_dags/example_branch_labels.py took 0.255 seconds
[2024-08-09T02:13:23.833+0000] {processor.py:161} INFO - Started process (PID=4425) to work on /home/airflow/.local/lib/python3.12/site-packages/airflow/example_dags/example_branch_labels.py
[2024-08-09T02:13:23.836+0000] {processor.py:830} INFO - Processing file /home/airflow/.local/lib/python3.12/site-packages/airflow/example_dags/example_branch_labels.py for tasks to queue
[2024-08-09T02:13:23.842+0000] {logging_mixin.py:188} INFO - [2024-08-09T02:13:23.841+0000] {dagbag.py:545} INFO - Filling up the DagBag from /home/airflow/.local/lib/python3.12/site-packages/airflow/example_dags/example_branch_labels.py
[2024-08-09T02:13:23.867+0000] {processor.py:840} INFO - DAG(s) 'example_branch_labels' retrieved from /home/airflow/.local/lib/python3.12/site-packages/airflow/example_dags/example_branch_labels.py
[2024-08-09T02:13:23.994+0000] {logging_mixin.py:188} INFO - [2024-08-09T02:13:23.994+0000] {dag.py:3089} INFO - Sync 1 DAGs
[2024-08-09T02:13:24.081+0000] {logging_mixin.py:188} INFO - [2024-08-09T02:13:24.080+0000] {dag.py:3947} INFO - Setting next_dagrun for example_branch_labels to 2024-08-08 00:00:00+00:00, run_after=2024-08-09 00:00:00+00:00
[2024-08-09T02:13:24.149+0000] {processor.py:183} INFO - Processing /home/airflow/.local/lib/python3.12/site-packages/airflow/example_dags/example_branch_labels.py took 0.338 seconds
[2024-08-09T02:13:54.324+0000] {processor.py:161} INFO - Started process (PID=4481) to work on /home/airflow/.local/lib/python3.12/site-packages/airflow/example_dags/example_branch_labels.py
[2024-08-09T02:13:54.326+0000] {processor.py:830} INFO - Processing file /home/airflow/.local/lib/python3.12/site-packages/airflow/example_dags/example_branch_labels.py for tasks to queue
[2024-08-09T02:13:54.333+0000] {logging_mixin.py:188} INFO - [2024-08-09T02:13:54.332+0000] {dagbag.py:545} INFO - Filling up the DagBag from /home/airflow/.local/lib/python3.12/site-packages/airflow/example_dags/example_branch_labels.py
[2024-08-09T02:13:54.355+0000] {processor.py:840} INFO - DAG(s) 'example_branch_labels' retrieved from /home/airflow/.local/lib/python3.12/site-packages/airflow/example_dags/example_branch_labels.py
[2024-08-09T02:13:54.421+0000] {logging_mixin.py:188} INFO - [2024-08-09T02:13:54.420+0000] {dag.py:3089} INFO - Sync 1 DAGs
[2024-08-09T02:13:54.468+0000] {logging_mixin.py:188} INFO - [2024-08-09T02:13:54.467+0000] {dag.py:3947} INFO - Setting next_dagrun for example_branch_labels to 2024-08-08 00:00:00+00:00, run_after=2024-08-09 00:00:00+00:00
[2024-08-09T02:13:54.512+0000] {processor.py:183} INFO - Processing /home/airflow/.local/lib/python3.12/site-packages/airflow/example_dags/example_branch_labels.py took 0.215 seconds
[2024-08-09T02:14:24.769+0000] {processor.py:161} INFO - Started process (PID=4539) to work on /home/airflow/.local/lib/python3.12/site-packages/airflow/example_dags/example_branch_labels.py
[2024-08-09T02:14:24.773+0000] {processor.py:830} INFO - Processing file /home/airflow/.local/lib/python3.12/site-packages/airflow/example_dags/example_branch_labels.py for tasks to queue
[2024-08-09T02:14:24.783+0000] {logging_mixin.py:188} INFO - [2024-08-09T02:14:24.780+0000] {dagbag.py:545} INFO - Filling up the DagBag from /home/airflow/.local/lib/python3.12/site-packages/airflow/example_dags/example_branch_labels.py
[2024-08-09T02:14:24.808+0000] {processor.py:840} INFO - DAG(s) 'example_branch_labels' retrieved from /home/airflow/.local/lib/python3.12/site-packages/airflow/example_dags/example_branch_labels.py
[2024-08-09T02:14:24.898+0000] {logging_mixin.py:188} INFO - [2024-08-09T02:14:24.898+0000] {dag.py:3089} INFO - Sync 1 DAGs
[2024-08-09T02:14:24.945+0000] {logging_mixin.py:188} INFO - [2024-08-09T02:14:24.944+0000] {dag.py:3947} INFO - Setting next_dagrun for example_branch_labels to 2024-08-08 00:00:00+00:00, run_after=2024-08-09 00:00:00+00:00
[2024-08-09T02:14:24.992+0000] {processor.py:183} INFO - Processing /home/airflow/.local/lib/python3.12/site-packages/airflow/example_dags/example_branch_labels.py took 0.245 seconds
[2024-08-09T02:14:55.371+0000] {processor.py:161} INFO - Started process (PID=4597) to work on /home/airflow/.local/lib/python3.12/site-packages/airflow/example_dags/example_branch_labels.py
[2024-08-09T02:14:55.374+0000] {processor.py:830} INFO - Processing file /home/airflow/.local/lib/python3.12/site-packages/airflow/example_dags/example_branch_labels.py for tasks to queue
[2024-08-09T02:14:55.379+0000] {logging_mixin.py:188} INFO - [2024-08-09T02:14:55.379+0000] {dagbag.py:545} INFO - Filling up the DagBag from /home/airflow/.local/lib/python3.12/site-packages/airflow/example_dags/example_branch_labels.py
[2024-08-09T02:14:55.418+0000] {processor.py:840} INFO - DAG(s) 'example_branch_labels' retrieved from /home/airflow/.local/lib/python3.12/site-packages/airflow/example_dags/example_branch_labels.py
[2024-08-09T02:14:55.518+0000] {logging_mixin.py:188} INFO - [2024-08-09T02:14:55.517+0000] {dag.py:3089} INFO - Sync 1 DAGs
[2024-08-09T02:14:55.605+0000] {logging_mixin.py:188} INFO - [2024-08-09T02:14:55.604+0000] {dag.py:3947} INFO - Setting next_dagrun for example_branch_labels to 2024-08-08 00:00:00+00:00, run_after=2024-08-09 00:00:00+00:00
[2024-08-09T02:14:55.687+0000] {processor.py:183} INFO - Processing /home/airflow/.local/lib/python3.12/site-packages/airflow/example_dags/example_branch_labels.py took 0.340 seconds
[2024-08-09T02:15:26.080+0000] {processor.py:161} INFO - Started process (PID=4655) to work on /home/airflow/.local/lib/python3.12/site-packages/airflow/example_dags/example_branch_labels.py
[2024-08-09T02:15:26.084+0000] {processor.py:830} INFO - Processing file /home/airflow/.local/lib/python3.12/site-packages/airflow/example_dags/example_branch_labels.py for tasks to queue
[2024-08-09T02:15:26.091+0000] {logging_mixin.py:188} INFO - [2024-08-09T02:15:26.090+0000] {dagbag.py:545} INFO - Filling up the DagBag from /home/airflow/.local/lib/python3.12/site-packages/airflow/example_dags/example_branch_labels.py
[2024-08-09T02:15:26.126+0000] {processor.py:840} INFO - DAG(s) 'example_branch_labels' retrieved from /home/airflow/.local/lib/python3.12/site-packages/airflow/example_dags/example_branch_labels.py
[2024-08-09T02:15:26.242+0000] {logging_mixin.py:188} INFO - [2024-08-09T02:15:26.241+0000] {dag.py:3089} INFO - Sync 1 DAGs
[2024-08-09T02:15:26.307+0000] {logging_mixin.py:188} INFO - [2024-08-09T02:15:26.307+0000] {dag.py:3947} INFO - Setting next_dagrun for example_branch_labels to 2024-08-08 00:00:00+00:00, run_after=2024-08-09 00:00:00+00:00
[2024-08-09T02:15:26.364+0000] {processor.py:183} INFO - Processing /home/airflow/.local/lib/python3.12/site-packages/airflow/example_dags/example_branch_labels.py took 0.313 seconds
[2024-08-09T02:15:56.635+0000] {processor.py:161} INFO - Started process (PID=4713) to work on /home/airflow/.local/lib/python3.12/site-packages/airflow/example_dags/example_branch_labels.py
[2024-08-09T02:15:56.638+0000] {processor.py:830} INFO - Processing file /home/airflow/.local/lib/python3.12/site-packages/airflow/example_dags/example_branch_labels.py for tasks to queue
[2024-08-09T02:15:56.643+0000] {logging_mixin.py:188} INFO - [2024-08-09T02:15:56.642+0000] {dagbag.py:545} INFO - Filling up the DagBag from /home/airflow/.local/lib/python3.12/site-packages/airflow/example_dags/example_branch_labels.py
[2024-08-09T02:15:56.664+0000] {processor.py:840} INFO - DAG(s) 'example_branch_labels' retrieved from /home/airflow/.local/lib/python3.12/site-packages/airflow/example_dags/example_branch_labels.py
[2024-08-09T02:15:56.721+0000] {logging_mixin.py:188} INFO - [2024-08-09T02:15:56.720+0000] {dag.py:3089} INFO - Sync 1 DAGs
[2024-08-09T02:15:56.765+0000] {logging_mixin.py:188} INFO - [2024-08-09T02:15:56.765+0000] {dag.py:3947} INFO - Setting next_dagrun for example_branch_labels to 2024-08-08 00:00:00+00:00, run_after=2024-08-09 00:00:00+00:00
[2024-08-09T02:15:56.795+0000] {processor.py:183} INFO - Processing /home/airflow/.local/lib/python3.12/site-packages/airflow/example_dags/example_branch_labels.py took 0.186 seconds
