[2024-08-09T01:42:29.319+0000] {processor.py:161} INFO - Started process (PID=987) to work on /home/airflow/.local/lib/python3.12/site-packages/airflow/example_dags/example_sla_dag.py
[2024-08-09T01:42:29.326+0000] {processor.py:830} INFO - Processing file /home/airflow/.local/lib/python3.12/site-packages/airflow/example_dags/example_sla_dag.py for tasks to queue
[2024-08-09T01:42:29.336+0000] {logging_mixin.py:188} INFO - [2024-08-09T01:42:29.335+0000] {dagbag.py:545} INFO - Filling up the DagBag from /home/airflow/.local/lib/python3.12/site-packages/airflow/example_dags/example_sla_dag.py
[2024-08-09T01:42:29.372+0000] {processor.py:840} INFO - DAG(s) 'example_sla_dag' retrieved from /home/airflow/.local/lib/python3.12/site-packages/airflow/example_dags/example_sla_dag.py
[2024-08-09T01:42:29.454+0000] {logging_mixin.py:188} INFO - [2024-08-09T01:42:29.453+0000] {dag.py:3089} INFO - Sync 1 DAGs
[2024-08-09T01:42:29.539+0000] {logging_mixin.py:188} INFO - [2024-08-09T01:42:29.539+0000] {dag.py:3947} INFO - Setting next_dagrun for example_sla_dag to 2024-08-09 01:40:00+00:00, run_after=2024-08-09 01:42:00+00:00
[2024-08-09T01:42:29.592+0000] {processor.py:183} INFO - Processing /home/airflow/.local/lib/python3.12/site-packages/airflow/example_dags/example_sla_dag.py took 0.298 seconds
[2024-08-09T01:43:00.177+0000] {processor.py:161} INFO - Started process (PID=1046) to work on /home/airflow/.local/lib/python3.12/site-packages/airflow/example_dags/example_sla_dag.py
[2024-08-09T01:43:00.187+0000] {processor.py:830} INFO - Processing file /home/airflow/.local/lib/python3.12/site-packages/airflow/example_dags/example_sla_dag.py for tasks to queue
[2024-08-09T01:43:00.206+0000] {logging_mixin.py:188} INFO - [2024-08-09T01:43:00.205+0000] {dagbag.py:545} INFO - Filling up the DagBag from /home/airflow/.local/lib/python3.12/site-packages/airflow/example_dags/example_sla_dag.py
[2024-08-09T01:43:00.252+0000] {processor.py:840} INFO - DAG(s) 'example_sla_dag' retrieved from /home/airflow/.local/lib/python3.12/site-packages/airflow/example_dags/example_sla_dag.py
[2024-08-09T01:43:00.328+0000] {logging_mixin.py:188} INFO - [2024-08-09T01:43:00.328+0000] {dag.py:3089} INFO - Sync 1 DAGs
[2024-08-09T01:43:00.388+0000] {logging_mixin.py:188} INFO - [2024-08-09T01:43:00.387+0000] {dag.py:3947} INFO - Setting next_dagrun for example_sla_dag to 2024-08-09 01:40:00+00:00, run_after=2024-08-09 01:42:00+00:00
[2024-08-09T01:43:00.422+0000] {processor.py:183} INFO - Processing /home/airflow/.local/lib/python3.12/site-packages/airflow/example_dags/example_sla_dag.py took 0.283 seconds
[2024-08-09T01:43:30.890+0000] {processor.py:161} INFO - Started process (PID=1104) to work on /home/airflow/.local/lib/python3.12/site-packages/airflow/example_dags/example_sla_dag.py
[2024-08-09T01:43:30.893+0000] {processor.py:830} INFO - Processing file /home/airflow/.local/lib/python3.12/site-packages/airflow/example_dags/example_sla_dag.py for tasks to queue
[2024-08-09T01:43:30.908+0000] {logging_mixin.py:188} INFO - [2024-08-09T01:43:30.906+0000] {dagbag.py:545} INFO - Filling up the DagBag from /home/airflow/.local/lib/python3.12/site-packages/airflow/example_dags/example_sla_dag.py
[2024-08-09T01:43:30.960+0000] {processor.py:840} INFO - DAG(s) 'example_sla_dag' retrieved from /home/airflow/.local/lib/python3.12/site-packages/airflow/example_dags/example_sla_dag.py
[2024-08-09T01:43:31.163+0000] {logging_mixin.py:188} INFO - [2024-08-09T01:43:31.163+0000] {dag.py:3089} INFO - Sync 1 DAGs
[2024-08-09T01:43:31.305+0000] {logging_mixin.py:188} INFO - [2024-08-09T01:43:31.304+0000] {dag.py:3947} INFO - Setting next_dagrun for example_sla_dag to 2024-08-09 01:40:00+00:00, run_after=2024-08-09 01:42:00+00:00
[2024-08-09T01:43:31.396+0000] {processor.py:183} INFO - Processing /home/airflow/.local/lib/python3.12/site-packages/airflow/example_dags/example_sla_dag.py took 0.532 seconds
[2024-08-09T01:44:02.245+0000] {processor.py:161} INFO - Started process (PID=1162) to work on /home/airflow/.local/lib/python3.12/site-packages/airflow/example_dags/example_sla_dag.py
[2024-08-09T01:44:02.250+0000] {processor.py:830} INFO - Processing file /home/airflow/.local/lib/python3.12/site-packages/airflow/example_dags/example_sla_dag.py for tasks to queue
[2024-08-09T01:44:02.257+0000] {logging_mixin.py:188} INFO - [2024-08-09T01:44:02.256+0000] {dagbag.py:545} INFO - Filling up the DagBag from /home/airflow/.local/lib/python3.12/site-packages/airflow/example_dags/example_sla_dag.py
[2024-08-09T01:44:02.288+0000] {processor.py:840} INFO - DAG(s) 'example_sla_dag' retrieved from /home/airflow/.local/lib/python3.12/site-packages/airflow/example_dags/example_sla_dag.py
[2024-08-09T01:44:02.351+0000] {logging_mixin.py:188} INFO - [2024-08-09T01:44:02.350+0000] {dag.py:3089} INFO - Sync 1 DAGs
[2024-08-09T01:44:02.401+0000] {logging_mixin.py:188} INFO - [2024-08-09T01:44:02.400+0000] {dag.py:3947} INFO - Setting next_dagrun for example_sla_dag to 2024-08-09 01:42:00+00:00, run_after=2024-08-09 01:44:00+00:00
[2024-08-09T01:44:02.444+0000] {processor.py:183} INFO - Processing /home/airflow/.local/lib/python3.12/site-packages/airflow/example_dags/example_sla_dag.py took 0.224 seconds
[2024-08-09T01:44:33.063+0000] {processor.py:161} INFO - Started process (PID=1220) to work on /home/airflow/.local/lib/python3.12/site-packages/airflow/example_dags/example_sla_dag.py
[2024-08-09T01:44:33.065+0000] {processor.py:830} INFO - Processing file /home/airflow/.local/lib/python3.12/site-packages/airflow/example_dags/example_sla_dag.py for tasks to queue
[2024-08-09T01:44:33.070+0000] {logging_mixin.py:188} INFO - [2024-08-09T01:44:33.069+0000] {dagbag.py:545} INFO - Filling up the DagBag from /home/airflow/.local/lib/python3.12/site-packages/airflow/example_dags/example_sla_dag.py
[2024-08-09T01:44:33.093+0000] {processor.py:840} INFO - DAG(s) 'example_sla_dag' retrieved from /home/airflow/.local/lib/python3.12/site-packages/airflow/example_dags/example_sla_dag.py
[2024-08-09T01:44:33.160+0000] {logging_mixin.py:188} INFO - [2024-08-09T01:44:33.160+0000] {dag.py:3089} INFO - Sync 1 DAGs
[2024-08-09T01:44:33.238+0000] {logging_mixin.py:188} INFO - [2024-08-09T01:44:33.237+0000] {dag.py:3947} INFO - Setting next_dagrun for example_sla_dag to 2024-08-09 01:42:00+00:00, run_after=2024-08-09 01:44:00+00:00
[2024-08-09T01:44:33.300+0000] {processor.py:183} INFO - Processing /home/airflow/.local/lib/python3.12/site-packages/airflow/example_dags/example_sla_dag.py took 0.252 seconds
[2024-08-09T01:45:03.540+0000] {processor.py:161} INFO - Started process (PID=1278) to work on /home/airflow/.local/lib/python3.12/site-packages/airflow/example_dags/example_sla_dag.py
[2024-08-09T01:45:03.544+0000] {processor.py:830} INFO - Processing file /home/airflow/.local/lib/python3.12/site-packages/airflow/example_dags/example_sla_dag.py for tasks to queue
[2024-08-09T01:45:03.548+0000] {logging_mixin.py:188} INFO - [2024-08-09T01:45:03.547+0000] {dagbag.py:545} INFO - Filling up the DagBag from /home/airflow/.local/lib/python3.12/site-packages/airflow/example_dags/example_sla_dag.py
[2024-08-09T01:45:03.572+0000] {processor.py:840} INFO - DAG(s) 'example_sla_dag' retrieved from /home/airflow/.local/lib/python3.12/site-packages/airflow/example_dags/example_sla_dag.py
[2024-08-09T01:45:03.627+0000] {logging_mixin.py:188} INFO - [2024-08-09T01:45:03.627+0000] {dag.py:3089} INFO - Sync 1 DAGs
[2024-08-09T01:45:03.677+0000] {logging_mixin.py:188} INFO - [2024-08-09T01:45:03.676+0000] {dag.py:3947} INFO - Setting next_dagrun for example_sla_dag to 2024-08-09 01:42:00+00:00, run_after=2024-08-09 01:44:00+00:00
[2024-08-09T01:45:03.711+0000] {processor.py:183} INFO - Processing /home/airflow/.local/lib/python3.12/site-packages/airflow/example_dags/example_sla_dag.py took 0.188 seconds
[2024-08-09T01:45:33.792+0000] {processor.py:161} INFO - Started process (PID=1335) to work on /home/airflow/.local/lib/python3.12/site-packages/airflow/example_dags/example_sla_dag.py
[2024-08-09T01:45:33.795+0000] {processor.py:830} INFO - Processing file /home/airflow/.local/lib/python3.12/site-packages/airflow/example_dags/example_sla_dag.py for tasks to queue
[2024-08-09T01:45:33.800+0000] {logging_mixin.py:188} INFO - [2024-08-09T01:45:33.799+0000] {dagbag.py:545} INFO - Filling up the DagBag from /home/airflow/.local/lib/python3.12/site-packages/airflow/example_dags/example_sla_dag.py
[2024-08-09T01:45:33.826+0000] {processor.py:840} INFO - DAG(s) 'example_sla_dag' retrieved from /home/airflow/.local/lib/python3.12/site-packages/airflow/example_dags/example_sla_dag.py
[2024-08-09T01:45:33.879+0000] {logging_mixin.py:188} INFO - [2024-08-09T01:45:33.879+0000] {dag.py:3089} INFO - Sync 1 DAGs
[2024-08-09T01:45:33.928+0000] {logging_mixin.py:188} INFO - [2024-08-09T01:45:33.926+0000] {dag.py:3947} INFO - Setting next_dagrun for example_sla_dag to 2024-08-09 01:42:00+00:00, run_after=2024-08-09 01:44:00+00:00
[2024-08-09T01:45:33.963+0000] {processor.py:183} INFO - Processing /home/airflow/.local/lib/python3.12/site-packages/airflow/example_dags/example_sla_dag.py took 0.185 seconds
[2024-08-09T01:46:04.326+0000] {processor.py:161} INFO - Started process (PID=1393) to work on /home/airflow/.local/lib/python3.12/site-packages/airflow/example_dags/example_sla_dag.py
[2024-08-09T01:46:04.332+0000] {processor.py:830} INFO - Processing file /home/airflow/.local/lib/python3.12/site-packages/airflow/example_dags/example_sla_dag.py for tasks to queue
[2024-08-09T01:46:04.338+0000] {logging_mixin.py:188} INFO - [2024-08-09T01:46:04.337+0000] {dagbag.py:545} INFO - Filling up the DagBag from /home/airflow/.local/lib/python3.12/site-packages/airflow/example_dags/example_sla_dag.py
[2024-08-09T01:46:04.368+0000] {processor.py:840} INFO - DAG(s) 'example_sla_dag' retrieved from /home/airflow/.local/lib/python3.12/site-packages/airflow/example_dags/example_sla_dag.py
[2024-08-09T01:46:04.453+0000] {logging_mixin.py:188} INFO - [2024-08-09T01:46:04.453+0000] {dag.py:3089} INFO - Sync 1 DAGs
[2024-08-09T01:46:04.510+0000] {logging_mixin.py:188} INFO - [2024-08-09T01:46:04.510+0000] {dag.py:3947} INFO - Setting next_dagrun for example_sla_dag to 2024-08-09 01:44:00+00:00, run_after=2024-08-09 01:46:00+00:00
[2024-08-09T01:46:04.558+0000] {processor.py:183} INFO - Processing /home/airflow/.local/lib/python3.12/site-packages/airflow/example_dags/example_sla_dag.py took 0.249 seconds
[2024-08-09T01:46:34.616+0000] {processor.py:161} INFO - Started process (PID=1450) to work on /home/airflow/.local/lib/python3.12/site-packages/airflow/example_dags/example_sla_dag.py
[2024-08-09T01:46:34.618+0000] {processor.py:830} INFO - Processing file /home/airflow/.local/lib/python3.12/site-packages/airflow/example_dags/example_sla_dag.py for tasks to queue
[2024-08-09T01:46:34.623+0000] {logging_mixin.py:188} INFO - [2024-08-09T01:46:34.622+0000] {dagbag.py:545} INFO - Filling up the DagBag from /home/airflow/.local/lib/python3.12/site-packages/airflow/example_dags/example_sla_dag.py
[2024-08-09T01:46:34.647+0000] {processor.py:840} INFO - DAG(s) 'example_sla_dag' retrieved from /home/airflow/.local/lib/python3.12/site-packages/airflow/example_dags/example_sla_dag.py
[2024-08-09T01:46:34.704+0000] {logging_mixin.py:188} INFO - [2024-08-09T01:46:34.704+0000] {dag.py:3089} INFO - Sync 1 DAGs
[2024-08-09T01:46:34.751+0000] {logging_mixin.py:188} INFO - [2024-08-09T01:46:34.751+0000] {dag.py:3947} INFO - Setting next_dagrun for example_sla_dag to 2024-08-09 01:44:00+00:00, run_after=2024-08-09 01:46:00+00:00
[2024-08-09T01:46:34.784+0000] {processor.py:183} INFO - Processing /home/airflow/.local/lib/python3.12/site-packages/airflow/example_dags/example_sla_dag.py took 0.183 seconds
[2024-08-09T01:47:06.447+0000] {processor.py:161} INFO - Started process (PID=1508) to work on /home/airflow/.local/lib/python3.12/site-packages/airflow/example_dags/example_sla_dag.py
[2024-08-09T01:47:06.452+0000] {processor.py:830} INFO - Processing file /home/airflow/.local/lib/python3.12/site-packages/airflow/example_dags/example_sla_dag.py for tasks to queue
[2024-08-09T01:47:06.465+0000] {logging_mixin.py:188} INFO - [2024-08-09T01:47:06.464+0000] {dagbag.py:545} INFO - Filling up the DagBag from /home/airflow/.local/lib/python3.12/site-packages/airflow/example_dags/example_sla_dag.py
[2024-08-09T01:47:06.568+0000] {processor.py:840} INFO - DAG(s) 'example_sla_dag' retrieved from /home/airflow/.local/lib/python3.12/site-packages/airflow/example_dags/example_sla_dag.py
[2024-08-09T01:47:06.668+0000] {logging_mixin.py:188} INFO - [2024-08-09T01:47:06.668+0000] {dag.py:3089} INFO - Sync 1 DAGs
[2024-08-09T01:47:06.734+0000] {logging_mixin.py:188} INFO - [2024-08-09T01:47:06.734+0000] {dag.py:3947} INFO - Setting next_dagrun for example_sla_dag to 2024-08-09 01:44:00+00:00, run_after=2024-08-09 01:46:00+00:00
[2024-08-09T01:47:06.819+0000] {processor.py:183} INFO - Processing /home/airflow/.local/lib/python3.12/site-packages/airflow/example_dags/example_sla_dag.py took 0.405 seconds
[2024-08-09T01:47:39.745+0000] {processor.py:161} INFO - Started process (PID=1566) to work on /home/airflow/.local/lib/python3.12/site-packages/airflow/example_dags/example_sla_dag.py
[2024-08-09T01:47:39.749+0000] {processor.py:830} INFO - Processing file /home/airflow/.local/lib/python3.12/site-packages/airflow/example_dags/example_sla_dag.py for tasks to queue
[2024-08-09T01:47:39.759+0000] {logging_mixin.py:188} INFO - [2024-08-09T01:47:39.757+0000] {dagbag.py:545} INFO - Filling up the DagBag from /home/airflow/.local/lib/python3.12/site-packages/airflow/example_dags/example_sla_dag.py
[2024-08-09T01:47:39.804+0000] {processor.py:840} INFO - DAG(s) 'example_sla_dag' retrieved from /home/airflow/.local/lib/python3.12/site-packages/airflow/example_dags/example_sla_dag.py
[2024-08-09T01:47:39.878+0000] {logging_mixin.py:188} INFO - [2024-08-09T01:47:39.877+0000] {dag.py:3089} INFO - Sync 1 DAGs
[2024-08-09T01:47:39.994+0000] {logging_mixin.py:188} INFO - [2024-08-09T01:47:39.994+0000] {dag.py:3947} INFO - Setting next_dagrun for example_sla_dag to 2024-08-09 01:44:00+00:00, run_after=2024-08-09 01:46:00+00:00
[2024-08-09T01:47:40.083+0000] {processor.py:183} INFO - Processing /home/airflow/.local/lib/python3.12/site-packages/airflow/example_dags/example_sla_dag.py took 0.361 seconds
[2024-08-09T01:48:10.830+0000] {processor.py:161} INFO - Started process (PID=1624) to work on /home/airflow/.local/lib/python3.12/site-packages/airflow/example_dags/example_sla_dag.py
[2024-08-09T01:48:10.839+0000] {processor.py:830} INFO - Processing file /home/airflow/.local/lib/python3.12/site-packages/airflow/example_dags/example_sla_dag.py for tasks to queue
[2024-08-09T01:48:10.846+0000] {logging_mixin.py:188} INFO - [2024-08-09T01:48:10.845+0000] {dagbag.py:545} INFO - Filling up the DagBag from /home/airflow/.local/lib/python3.12/site-packages/airflow/example_dags/example_sla_dag.py
[2024-08-09T01:48:10.870+0000] {processor.py:840} INFO - DAG(s) 'example_sla_dag' retrieved from /home/airflow/.local/lib/python3.12/site-packages/airflow/example_dags/example_sla_dag.py
[2024-08-09T01:48:10.936+0000] {logging_mixin.py:188} INFO - [2024-08-09T01:48:10.935+0000] {dag.py:3089} INFO - Sync 1 DAGs
[2024-08-09T01:48:10.996+0000] {logging_mixin.py:188} INFO - [2024-08-09T01:48:10.996+0000] {dag.py:3947} INFO - Setting next_dagrun for example_sla_dag to 2024-08-09 01:46:00+00:00, run_after=2024-08-09 01:48:00+00:00
[2024-08-09T01:48:11.569+0000] {processor.py:183} INFO - Processing /home/airflow/.local/lib/python3.12/site-packages/airflow/example_dags/example_sla_dag.py took 0.759 seconds
[2024-08-09T01:48:42.157+0000] {processor.py:161} INFO - Started process (PID=1684) to work on /home/airflow/.local/lib/python3.12/site-packages/airflow/example_dags/example_sla_dag.py
[2024-08-09T01:48:42.163+0000] {processor.py:830} INFO - Processing file /home/airflow/.local/lib/python3.12/site-packages/airflow/example_dags/example_sla_dag.py for tasks to queue
[2024-08-09T01:48:42.173+0000] {logging_mixin.py:188} INFO - [2024-08-09T01:48:42.172+0000] {dagbag.py:545} INFO - Filling up the DagBag from /home/airflow/.local/lib/python3.12/site-packages/airflow/example_dags/example_sla_dag.py
[2024-08-09T01:48:42.207+0000] {processor.py:840} INFO - DAG(s) 'example_sla_dag' retrieved from /home/airflow/.local/lib/python3.12/site-packages/airflow/example_dags/example_sla_dag.py
[2024-08-09T01:48:42.309+0000] {logging_mixin.py:188} INFO - [2024-08-09T01:48:42.308+0000] {dag.py:3089} INFO - Sync 1 DAGs
[2024-08-09T01:48:42.380+0000] {logging_mixin.py:188} INFO - [2024-08-09T01:48:42.380+0000] {dag.py:3947} INFO - Setting next_dagrun for example_sla_dag to 2024-08-09 01:46:00+00:00, run_after=2024-08-09 01:48:00+00:00
[2024-08-09T01:48:42.428+0000] {processor.py:183} INFO - Processing /home/airflow/.local/lib/python3.12/site-packages/airflow/example_dags/example_sla_dag.py took 0.318 seconds
[2024-08-09T01:49:13.130+0000] {processor.py:161} INFO - Started process (PID=1741) to work on /home/airflow/.local/lib/python3.12/site-packages/airflow/example_dags/example_sla_dag.py
[2024-08-09T01:49:13.135+0000] {processor.py:830} INFO - Processing file /home/airflow/.local/lib/python3.12/site-packages/airflow/example_dags/example_sla_dag.py for tasks to queue
[2024-08-09T01:49:13.144+0000] {logging_mixin.py:188} INFO - [2024-08-09T01:49:13.143+0000] {dagbag.py:545} INFO - Filling up the DagBag from /home/airflow/.local/lib/python3.12/site-packages/airflow/example_dags/example_sla_dag.py
[2024-08-09T01:49:13.205+0000] {processor.py:840} INFO - DAG(s) 'example_sla_dag' retrieved from /home/airflow/.local/lib/python3.12/site-packages/airflow/example_dags/example_sla_dag.py
[2024-08-09T01:49:13.334+0000] {logging_mixin.py:188} INFO - [2024-08-09T01:49:13.333+0000] {dag.py:3089} INFO - Sync 1 DAGs
[2024-08-09T01:49:13.435+0000] {logging_mixin.py:188} INFO - [2024-08-09T01:49:13.435+0000] {dag.py:3947} INFO - Setting next_dagrun for example_sla_dag to 2024-08-09 01:46:00+00:00, run_after=2024-08-09 01:48:00+00:00
[2024-08-09T01:49:13.483+0000] {processor.py:183} INFO - Processing /home/airflow/.local/lib/python3.12/site-packages/airflow/example_dags/example_sla_dag.py took 0.417 seconds
[2024-08-09T01:49:44.384+0000] {processor.py:161} INFO - Started process (PID=1798) to work on /home/airflow/.local/lib/python3.12/site-packages/airflow/example_dags/example_sla_dag.py
[2024-08-09T01:49:44.387+0000] {processor.py:830} INFO - Processing file /home/airflow/.local/lib/python3.12/site-packages/airflow/example_dags/example_sla_dag.py for tasks to queue
[2024-08-09T01:49:44.397+0000] {logging_mixin.py:188} INFO - [2024-08-09T01:49:44.396+0000] {dagbag.py:545} INFO - Filling up the DagBag from /home/airflow/.local/lib/python3.12/site-packages/airflow/example_dags/example_sla_dag.py
[2024-08-09T01:49:44.430+0000] {processor.py:840} INFO - DAG(s) 'example_sla_dag' retrieved from /home/airflow/.local/lib/python3.12/site-packages/airflow/example_dags/example_sla_dag.py
[2024-08-09T01:49:44.524+0000] {logging_mixin.py:188} INFO - [2024-08-09T01:49:44.523+0000] {dag.py:3089} INFO - Sync 1 DAGs
[2024-08-09T01:49:44.596+0000] {logging_mixin.py:188} INFO - [2024-08-09T01:49:44.594+0000] {dag.py:3947} INFO - Setting next_dagrun for example_sla_dag to 2024-08-09 01:46:00+00:00, run_after=2024-08-09 01:48:00+00:00
[2024-08-09T01:49:44.664+0000] {processor.py:183} INFO - Processing /home/airflow/.local/lib/python3.12/site-packages/airflow/example_dags/example_sla_dag.py took 0.304 seconds
[2024-08-09T01:50:30.579+0000] {processor.py:161} INFO - Started process (PID=1851) to work on /home/airflow/.local/lib/python3.12/site-packages/airflow/example_dags/example_sla_dag.py
[2024-08-09T01:50:30.585+0000] {processor.py:830} INFO - Processing file /home/airflow/.local/lib/python3.12/site-packages/airflow/example_dags/example_sla_dag.py for tasks to queue
[2024-08-09T01:50:30.599+0000] {logging_mixin.py:188} INFO - [2024-08-09T01:50:30.595+0000] {dagbag.py:545} INFO - Filling up the DagBag from /home/airflow/.local/lib/python3.12/site-packages/airflow/example_dags/example_sla_dag.py
[2024-08-09T01:50:31.635+0000] {processor.py:840} INFO - DAG(s) 'example_sla_dag' retrieved from /home/airflow/.local/lib/python3.12/site-packages/airflow/example_dags/example_sla_dag.py
[2024-08-09T01:50:31.747+0000] {logging_mixin.py:188} INFO - [2024-08-09T01:50:31.746+0000] {dag.py:3089} INFO - Sync 1 DAGs
[2024-08-09T01:50:31.834+0000] {logging_mixin.py:188} INFO - [2024-08-09T01:50:31.834+0000] {dag.py:3947} INFO - Setting next_dagrun for example_sla_dag to 2024-08-09 01:48:00+00:00, run_after=2024-08-09 01:50:00+00:00
[2024-08-09T01:50:31.913+0000] {processor.py:183} INFO - Processing /home/airflow/.local/lib/python3.12/site-packages/airflow/example_dags/example_sla_dag.py took 1.379 seconds
[2024-08-09T01:51:02.144+0000] {processor.py:161} INFO - Started process (PID=1909) to work on /home/airflow/.local/lib/python3.12/site-packages/airflow/example_dags/example_sla_dag.py
[2024-08-09T01:51:02.146+0000] {processor.py:830} INFO - Processing file /home/airflow/.local/lib/python3.12/site-packages/airflow/example_dags/example_sla_dag.py for tasks to queue
[2024-08-09T01:51:02.154+0000] {logging_mixin.py:188} INFO - [2024-08-09T01:51:02.152+0000] {dagbag.py:545} INFO - Filling up the DagBag from /home/airflow/.local/lib/python3.12/site-packages/airflow/example_dags/example_sla_dag.py
[2024-08-09T01:51:02.186+0000] {processor.py:840} INFO - DAG(s) 'example_sla_dag' retrieved from /home/airflow/.local/lib/python3.12/site-packages/airflow/example_dags/example_sla_dag.py
[2024-08-09T01:51:02.286+0000] {logging_mixin.py:188} INFO - [2024-08-09T01:51:02.286+0000] {dag.py:3089} INFO - Sync 1 DAGs
[2024-08-09T01:51:02.394+0000] {logging_mixin.py:188} INFO - [2024-08-09T01:51:02.393+0000] {dag.py:3947} INFO - Setting next_dagrun for example_sla_dag to 2024-08-09 01:48:00+00:00, run_after=2024-08-09 01:50:00+00:00
[2024-08-09T01:51:02.482+0000] {processor.py:183} INFO - Processing /home/airflow/.local/lib/python3.12/site-packages/airflow/example_dags/example_sla_dag.py took 0.373 seconds
[2024-08-09T01:51:32.674+0000] {processor.py:161} INFO - Started process (PID=1966) to work on /home/airflow/.local/lib/python3.12/site-packages/airflow/example_dags/example_sla_dag.py
[2024-08-09T01:51:32.677+0000] {processor.py:830} INFO - Processing file /home/airflow/.local/lib/python3.12/site-packages/airflow/example_dags/example_sla_dag.py for tasks to queue
[2024-08-09T01:51:32.683+0000] {logging_mixin.py:188} INFO - [2024-08-09T01:51:32.683+0000] {dagbag.py:545} INFO - Filling up the DagBag from /home/airflow/.local/lib/python3.12/site-packages/airflow/example_dags/example_sla_dag.py
[2024-08-09T01:51:32.711+0000] {processor.py:840} INFO - DAG(s) 'example_sla_dag' retrieved from /home/airflow/.local/lib/python3.12/site-packages/airflow/example_dags/example_sla_dag.py
[2024-08-09T01:51:32.765+0000] {logging_mixin.py:188} INFO - [2024-08-09T01:51:32.764+0000] {dag.py:3089} INFO - Sync 1 DAGs
[2024-08-09T01:51:32.817+0000] {logging_mixin.py:188} INFO - [2024-08-09T01:51:32.816+0000] {dag.py:3947} INFO - Setting next_dagrun for example_sla_dag to 2024-08-09 01:48:00+00:00, run_after=2024-08-09 01:50:00+00:00
[2024-08-09T01:51:32.859+0000] {processor.py:183} INFO - Processing /home/airflow/.local/lib/python3.12/site-packages/airflow/example_dags/example_sla_dag.py took 0.207 seconds
[2024-08-09T01:52:03.065+0000] {processor.py:161} INFO - Started process (PID=2024) to work on /home/airflow/.local/lib/python3.12/site-packages/airflow/example_dags/example_sla_dag.py
[2024-08-09T01:52:03.067+0000] {processor.py:830} INFO - Processing file /home/airflow/.local/lib/python3.12/site-packages/airflow/example_dags/example_sla_dag.py for tasks to queue
[2024-08-09T01:52:03.071+0000] {logging_mixin.py:188} INFO - [2024-08-09T01:52:03.071+0000] {dagbag.py:545} INFO - Filling up the DagBag from /home/airflow/.local/lib/python3.12/site-packages/airflow/example_dags/example_sla_dag.py
[2024-08-09T01:52:03.095+0000] {processor.py:840} INFO - DAG(s) 'example_sla_dag' retrieved from /home/airflow/.local/lib/python3.12/site-packages/airflow/example_dags/example_sla_dag.py
[2024-08-09T01:52:03.163+0000] {logging_mixin.py:188} INFO - [2024-08-09T01:52:03.163+0000] {dag.py:3089} INFO - Sync 1 DAGs
[2024-08-09T01:52:03.216+0000] {logging_mixin.py:188} INFO - [2024-08-09T01:52:03.215+0000] {dag.py:3947} INFO - Setting next_dagrun for example_sla_dag to 2024-08-09 01:50:00+00:00, run_after=2024-08-09 01:52:00+00:00
[2024-08-09T01:52:03.254+0000] {processor.py:183} INFO - Processing /home/airflow/.local/lib/python3.12/site-packages/airflow/example_dags/example_sla_dag.py took 0.204 seconds
[2024-08-09T01:52:33.803+0000] {processor.py:161} INFO - Started process (PID=2082) to work on /home/airflow/.local/lib/python3.12/site-packages/airflow/example_dags/example_sla_dag.py
[2024-08-09T01:52:33.806+0000] {processor.py:830} INFO - Processing file /home/airflow/.local/lib/python3.12/site-packages/airflow/example_dags/example_sla_dag.py for tasks to queue
[2024-08-09T01:52:33.811+0000] {logging_mixin.py:188} INFO - [2024-08-09T01:52:33.810+0000] {dagbag.py:545} INFO - Filling up the DagBag from /home/airflow/.local/lib/python3.12/site-packages/airflow/example_dags/example_sla_dag.py
[2024-08-09T01:52:33.839+0000] {processor.py:840} INFO - DAG(s) 'example_sla_dag' retrieved from /home/airflow/.local/lib/python3.12/site-packages/airflow/example_dags/example_sla_dag.py
[2024-08-09T01:52:33.892+0000] {logging_mixin.py:188} INFO - [2024-08-09T01:52:33.892+0000] {dag.py:3089} INFO - Sync 1 DAGs
[2024-08-09T01:52:33.943+0000] {logging_mixin.py:188} INFO - [2024-08-09T01:52:33.942+0000] {dag.py:3947} INFO - Setting next_dagrun for example_sla_dag to 2024-08-09 01:50:00+00:00, run_after=2024-08-09 01:52:00+00:00
[2024-08-09T01:52:33.990+0000] {processor.py:183} INFO - Processing /home/airflow/.local/lib/python3.12/site-packages/airflow/example_dags/example_sla_dag.py took 0.203 seconds
[2024-08-09T01:53:04.425+0000] {processor.py:161} INFO - Started process (PID=2139) to work on /home/airflow/.local/lib/python3.12/site-packages/airflow/example_dags/example_sla_dag.py
[2024-08-09T01:53:04.427+0000] {processor.py:830} INFO - Processing file /home/airflow/.local/lib/python3.12/site-packages/airflow/example_dags/example_sla_dag.py for tasks to queue
[2024-08-09T01:53:04.431+0000] {logging_mixin.py:188} INFO - [2024-08-09T01:53:04.431+0000] {dagbag.py:545} INFO - Filling up the DagBag from /home/airflow/.local/lib/python3.12/site-packages/airflow/example_dags/example_sla_dag.py
[2024-08-09T01:53:04.453+0000] {processor.py:840} INFO - DAG(s) 'example_sla_dag' retrieved from /home/airflow/.local/lib/python3.12/site-packages/airflow/example_dags/example_sla_dag.py
[2024-08-09T01:53:04.524+0000] {logging_mixin.py:188} INFO - [2024-08-09T01:53:04.524+0000] {dag.py:3089} INFO - Sync 1 DAGs
[2024-08-09T01:53:04.582+0000] {logging_mixin.py:188} INFO - [2024-08-09T01:53:04.581+0000] {dag.py:3947} INFO - Setting next_dagrun for example_sla_dag to 2024-08-09 01:50:00+00:00, run_after=2024-08-09 01:52:00+00:00
[2024-08-09T01:53:04.623+0000] {processor.py:183} INFO - Processing /home/airflow/.local/lib/python3.12/site-packages/airflow/example_dags/example_sla_dag.py took 0.225 seconds
[2024-08-09T01:53:39.629+0000] {processor.py:161} INFO - Started process (PID=2197) to work on /home/airflow/.local/lib/python3.12/site-packages/airflow/example_dags/example_sla_dag.py
[2024-08-09T01:53:39.632+0000] {processor.py:830} INFO - Processing file /home/airflow/.local/lib/python3.12/site-packages/airflow/example_dags/example_sla_dag.py for tasks to queue
[2024-08-09T01:53:39.640+0000] {logging_mixin.py:188} INFO - [2024-08-09T01:53:39.639+0000] {dagbag.py:545} INFO - Filling up the DagBag from /home/airflow/.local/lib/python3.12/site-packages/airflow/example_dags/example_sla_dag.py
[2024-08-09T01:53:39.671+0000] {processor.py:840} INFO - DAG(s) 'example_sla_dag' retrieved from /home/airflow/.local/lib/python3.12/site-packages/airflow/example_dags/example_sla_dag.py
[2024-08-09T01:53:39.813+0000] {logging_mixin.py:188} INFO - [2024-08-09T01:53:39.806+0000] {dag.py:3089} INFO - Sync 1 DAGs
[2024-08-09T01:53:39.958+0000] {logging_mixin.py:188} INFO - [2024-08-09T01:53:39.957+0000] {dag.py:3947} INFO - Setting next_dagrun for example_sla_dag to 2024-08-09 01:50:00+00:00, run_after=2024-08-09 01:52:00+00:00
[2024-08-09T01:53:40.028+0000] {processor.py:183} INFO - Processing /home/airflow/.local/lib/python3.12/site-packages/airflow/example_dags/example_sla_dag.py took 0.436 seconds
[2024-08-09T01:54:12.592+0000] {processor.py:161} INFO - Started process (PID=2255) to work on /home/airflow/.local/lib/python3.12/site-packages/airflow/example_dags/example_sla_dag.py
[2024-08-09T01:54:12.596+0000] {processor.py:830} INFO - Processing file /home/airflow/.local/lib/python3.12/site-packages/airflow/example_dags/example_sla_dag.py for tasks to queue
[2024-08-09T01:54:12.608+0000] {logging_mixin.py:188} INFO - [2024-08-09T01:54:12.607+0000] {dagbag.py:545} INFO - Filling up the DagBag from /home/airflow/.local/lib/python3.12/site-packages/airflow/example_dags/example_sla_dag.py
[2024-08-09T01:54:12.634+0000] {processor.py:840} INFO - DAG(s) 'example_sla_dag' retrieved from /home/airflow/.local/lib/python3.12/site-packages/airflow/example_dags/example_sla_dag.py
[2024-08-09T01:54:12.741+0000] {logging_mixin.py:188} INFO - [2024-08-09T01:54:12.740+0000] {dag.py:3089} INFO - Sync 1 DAGs
[2024-08-09T01:54:12.829+0000] {logging_mixin.py:188} INFO - [2024-08-09T01:54:12.829+0000] {dag.py:3947} INFO - Setting next_dagrun for example_sla_dag to 2024-08-09 01:52:00+00:00, run_after=2024-08-09 01:54:00+00:00
[2024-08-09T01:54:12.922+0000] {processor.py:183} INFO - Processing /home/airflow/.local/lib/python3.12/site-packages/airflow/example_dags/example_sla_dag.py took 0.358 seconds
[2024-08-09T01:54:43.080+0000] {processor.py:161} INFO - Started process (PID=2313) to work on /home/airflow/.local/lib/python3.12/site-packages/airflow/example_dags/example_sla_dag.py
[2024-08-09T01:54:43.083+0000] {processor.py:830} INFO - Processing file /home/airflow/.local/lib/python3.12/site-packages/airflow/example_dags/example_sla_dag.py for tasks to queue
[2024-08-09T01:54:43.090+0000] {logging_mixin.py:188} INFO - [2024-08-09T01:54:43.089+0000] {dagbag.py:545} INFO - Filling up the DagBag from /home/airflow/.local/lib/python3.12/site-packages/airflow/example_dags/example_sla_dag.py
[2024-08-09T01:54:43.115+0000] {processor.py:840} INFO - DAG(s) 'example_sla_dag' retrieved from /home/airflow/.local/lib/python3.12/site-packages/airflow/example_dags/example_sla_dag.py
[2024-08-09T01:54:43.177+0000] {logging_mixin.py:188} INFO - [2024-08-09T01:54:43.177+0000] {dag.py:3089} INFO - Sync 1 DAGs
[2024-08-09T01:54:43.229+0000] {logging_mixin.py:188} INFO - [2024-08-09T01:54:43.229+0000] {dag.py:3947} INFO - Setting next_dagrun for example_sla_dag to 2024-08-09 01:52:00+00:00, run_after=2024-08-09 01:54:00+00:00
[2024-08-09T01:54:43.269+0000] {processor.py:183} INFO - Processing /home/airflow/.local/lib/python3.12/site-packages/airflow/example_dags/example_sla_dag.py took 0.209 seconds
[2024-08-09T01:55:13.988+0000] {processor.py:161} INFO - Started process (PID=2371) to work on /home/airflow/.local/lib/python3.12/site-packages/airflow/example_dags/example_sla_dag.py
[2024-08-09T01:55:13.990+0000] {processor.py:830} INFO - Processing file /home/airflow/.local/lib/python3.12/site-packages/airflow/example_dags/example_sla_dag.py for tasks to queue
[2024-08-09T01:55:13.995+0000] {logging_mixin.py:188} INFO - [2024-08-09T01:55:13.995+0000] {dagbag.py:545} INFO - Filling up the DagBag from /home/airflow/.local/lib/python3.12/site-packages/airflow/example_dags/example_sla_dag.py
[2024-08-09T01:55:14.023+0000] {processor.py:840} INFO - DAG(s) 'example_sla_dag' retrieved from /home/airflow/.local/lib/python3.12/site-packages/airflow/example_dags/example_sla_dag.py
[2024-08-09T01:55:14.083+0000] {logging_mixin.py:188} INFO - [2024-08-09T01:55:14.083+0000] {dag.py:3089} INFO - Sync 1 DAGs
[2024-08-09T01:55:14.126+0000] {logging_mixin.py:188} INFO - [2024-08-09T01:55:14.126+0000] {dag.py:3947} INFO - Setting next_dagrun for example_sla_dag to 2024-08-09 01:52:00+00:00, run_after=2024-08-09 01:54:00+00:00
[2024-08-09T01:55:14.161+0000] {processor.py:183} INFO - Processing /home/airflow/.local/lib/python3.12/site-packages/airflow/example_dags/example_sla_dag.py took 0.189 seconds
[2024-08-09T01:55:44.215+0000] {processor.py:161} INFO - Started process (PID=2428) to work on /home/airflow/.local/lib/python3.12/site-packages/airflow/example_dags/example_sla_dag.py
[2024-08-09T01:55:44.217+0000] {processor.py:830} INFO - Processing file /home/airflow/.local/lib/python3.12/site-packages/airflow/example_dags/example_sla_dag.py for tasks to queue
[2024-08-09T01:55:44.223+0000] {logging_mixin.py:188} INFO - [2024-08-09T01:55:44.222+0000] {dagbag.py:545} INFO - Filling up the DagBag from /home/airflow/.local/lib/python3.12/site-packages/airflow/example_dags/example_sla_dag.py
[2024-08-09T01:55:44.243+0000] {processor.py:840} INFO - DAG(s) 'example_sla_dag' retrieved from /home/airflow/.local/lib/python3.12/site-packages/airflow/example_dags/example_sla_dag.py
[2024-08-09T01:55:44.291+0000] {logging_mixin.py:188} INFO - [2024-08-09T01:55:44.290+0000] {dag.py:3089} INFO - Sync 1 DAGs
[2024-08-09T01:55:44.335+0000] {logging_mixin.py:188} INFO - [2024-08-09T01:55:44.335+0000] {dag.py:3947} INFO - Setting next_dagrun for example_sla_dag to 2024-08-09 01:52:00+00:00, run_after=2024-08-09 01:54:00+00:00
[2024-08-09T01:55:44.370+0000] {processor.py:183} INFO - Processing /home/airflow/.local/lib/python3.12/site-packages/airflow/example_dags/example_sla_dag.py took 0.170 seconds
[2024-08-09T01:56:14.547+0000] {processor.py:161} INFO - Started process (PID=2486) to work on /home/airflow/.local/lib/python3.12/site-packages/airflow/example_dags/example_sla_dag.py
[2024-08-09T01:56:14.550+0000] {processor.py:830} INFO - Processing file /home/airflow/.local/lib/python3.12/site-packages/airflow/example_dags/example_sla_dag.py for tasks to queue
[2024-08-09T01:56:14.556+0000] {logging_mixin.py:188} INFO - [2024-08-09T01:56:14.555+0000] {dagbag.py:545} INFO - Filling up the DagBag from /home/airflow/.local/lib/python3.12/site-packages/airflow/example_dags/example_sla_dag.py
[2024-08-09T01:56:14.578+0000] {processor.py:840} INFO - DAG(s) 'example_sla_dag' retrieved from /home/airflow/.local/lib/python3.12/site-packages/airflow/example_dags/example_sla_dag.py
[2024-08-09T01:56:14.638+0000] {logging_mixin.py:188} INFO - [2024-08-09T01:56:14.637+0000] {dag.py:3089} INFO - Sync 1 DAGs
[2024-08-09T01:56:14.684+0000] {logging_mixin.py:188} INFO - [2024-08-09T01:56:14.684+0000] {dag.py:3947} INFO - Setting next_dagrun for example_sla_dag to 2024-08-09 01:54:00+00:00, run_after=2024-08-09 01:56:00+00:00
[2024-08-09T01:56:14.722+0000] {processor.py:183} INFO - Processing /home/airflow/.local/lib/python3.12/site-packages/airflow/example_dags/example_sla_dag.py took 0.194 seconds
[2024-08-09T01:56:45.285+0000] {processor.py:161} INFO - Started process (PID=2545) to work on /home/airflow/.local/lib/python3.12/site-packages/airflow/example_dags/example_sla_dag.py
[2024-08-09T01:56:45.288+0000] {processor.py:830} INFO - Processing file /home/airflow/.local/lib/python3.12/site-packages/airflow/example_dags/example_sla_dag.py for tasks to queue
[2024-08-09T01:56:45.295+0000] {logging_mixin.py:188} INFO - [2024-08-09T01:56:45.294+0000] {dagbag.py:545} INFO - Filling up the DagBag from /home/airflow/.local/lib/python3.12/site-packages/airflow/example_dags/example_sla_dag.py
[2024-08-09T01:56:45.346+0000] {processor.py:840} INFO - DAG(s) 'example_sla_dag' retrieved from /home/airflow/.local/lib/python3.12/site-packages/airflow/example_dags/example_sla_dag.py
[2024-08-09T01:56:45.493+0000] {logging_mixin.py:188} INFO - [2024-08-09T01:56:45.493+0000] {dag.py:3089} INFO - Sync 1 DAGs
[2024-08-09T01:56:45.623+0000] {logging_mixin.py:188} INFO - [2024-08-09T01:56:45.622+0000] {dag.py:3947} INFO - Setting next_dagrun for example_sla_dag to 2024-08-09 01:54:00+00:00, run_after=2024-08-09 01:56:00+00:00
[2024-08-09T01:56:45.721+0000] {processor.py:183} INFO - Processing /home/airflow/.local/lib/python3.12/site-packages/airflow/example_dags/example_sla_dag.py took 0.463 seconds
[2024-08-09T01:57:17.819+0000] {processor.py:161} INFO - Started process (PID=2603) to work on /home/airflow/.local/lib/python3.12/site-packages/airflow/example_dags/example_sla_dag.py
[2024-08-09T01:57:17.824+0000] {processor.py:830} INFO - Processing file /home/airflow/.local/lib/python3.12/site-packages/airflow/example_dags/example_sla_dag.py for tasks to queue
[2024-08-09T01:57:17.836+0000] {logging_mixin.py:188} INFO - [2024-08-09T01:57:17.833+0000] {dagbag.py:545} INFO - Filling up the DagBag from /home/airflow/.local/lib/python3.12/site-packages/airflow/example_dags/example_sla_dag.py
[2024-08-09T01:57:17.908+0000] {processor.py:840} INFO - DAG(s) 'example_sla_dag' retrieved from /home/airflow/.local/lib/python3.12/site-packages/airflow/example_dags/example_sla_dag.py
[2024-08-09T01:57:18.207+0000] {logging_mixin.py:188} INFO - [2024-08-09T01:57:18.207+0000] {dag.py:3089} INFO - Sync 1 DAGs
[2024-08-09T01:57:18.420+0000] {logging_mixin.py:188} INFO - [2024-08-09T01:57:18.420+0000] {dag.py:3947} INFO - Setting next_dagrun for example_sla_dag to 2024-08-09 01:54:00+00:00, run_after=2024-08-09 01:56:00+00:00
[2024-08-09T01:57:18.479+0000] {processor.py:183} INFO - Processing /home/airflow/.local/lib/python3.12/site-packages/airflow/example_dags/example_sla_dag.py took 0.751 seconds
[2024-08-09T01:57:48.772+0000] {processor.py:161} INFO - Started process (PID=2661) to work on /home/airflow/.local/lib/python3.12/site-packages/airflow/example_dags/example_sla_dag.py
[2024-08-09T01:57:48.775+0000] {processor.py:830} INFO - Processing file /home/airflow/.local/lib/python3.12/site-packages/airflow/example_dags/example_sla_dag.py for tasks to queue
[2024-08-09T01:57:48.782+0000] {logging_mixin.py:188} INFO - [2024-08-09T01:57:48.780+0000] {dagbag.py:545} INFO - Filling up the DagBag from /home/airflow/.local/lib/python3.12/site-packages/airflow/example_dags/example_sla_dag.py
[2024-08-09T01:57:48.816+0000] {processor.py:840} INFO - DAG(s) 'example_sla_dag' retrieved from /home/airflow/.local/lib/python3.12/site-packages/airflow/example_dags/example_sla_dag.py
[2024-08-09T01:57:48.880+0000] {logging_mixin.py:188} INFO - [2024-08-09T01:57:48.880+0000] {dag.py:3089} INFO - Sync 1 DAGs
[2024-08-09T01:57:48.954+0000] {logging_mixin.py:188} INFO - [2024-08-09T01:57:48.954+0000] {dag.py:3947} INFO - Setting next_dagrun for example_sla_dag to 2024-08-09 01:54:00+00:00, run_after=2024-08-09 01:56:00+00:00
[2024-08-09T01:57:48.994+0000] {processor.py:183} INFO - Processing /home/airflow/.local/lib/python3.12/site-packages/airflow/example_dags/example_sla_dag.py took 0.247 seconds
[2024-08-09T01:58:20.210+0000] {processor.py:161} INFO - Started process (PID=2719) to work on /home/airflow/.local/lib/python3.12/site-packages/airflow/example_dags/example_sla_dag.py
[2024-08-09T01:58:20.216+0000] {processor.py:830} INFO - Processing file /home/airflow/.local/lib/python3.12/site-packages/airflow/example_dags/example_sla_dag.py for tasks to queue
[2024-08-09T01:58:20.222+0000] {logging_mixin.py:188} INFO - [2024-08-09T01:58:20.221+0000] {dagbag.py:545} INFO - Filling up the DagBag from /home/airflow/.local/lib/python3.12/site-packages/airflow/example_dags/example_sla_dag.py
[2024-08-09T01:58:20.267+0000] {processor.py:840} INFO - DAG(s) 'example_sla_dag' retrieved from /home/airflow/.local/lib/python3.12/site-packages/airflow/example_dags/example_sla_dag.py
[2024-08-09T01:58:20.402+0000] {logging_mixin.py:188} INFO - [2024-08-09T01:58:20.401+0000] {dag.py:3089} INFO - Sync 1 DAGs
[2024-08-09T01:58:20.524+0000] {logging_mixin.py:188} INFO - [2024-08-09T01:58:20.523+0000] {dag.py:3947} INFO - Setting next_dagrun for example_sla_dag to 2024-08-09 01:56:00+00:00, run_after=2024-08-09 01:58:00+00:00
[2024-08-09T01:58:20.594+0000] {processor.py:183} INFO - Processing /home/airflow/.local/lib/python3.12/site-packages/airflow/example_dags/example_sla_dag.py took 0.404 seconds
[2024-08-09T01:58:51.225+0000] {processor.py:161} INFO - Started process (PID=2777) to work on /home/airflow/.local/lib/python3.12/site-packages/airflow/example_dags/example_sla_dag.py
[2024-08-09T01:58:51.228+0000] {processor.py:830} INFO - Processing file /home/airflow/.local/lib/python3.12/site-packages/airflow/example_dags/example_sla_dag.py for tasks to queue
[2024-08-09T01:58:51.234+0000] {logging_mixin.py:188} INFO - [2024-08-09T01:58:51.233+0000] {dagbag.py:545} INFO - Filling up the DagBag from /home/airflow/.local/lib/python3.12/site-packages/airflow/example_dags/example_sla_dag.py
[2024-08-09T01:58:51.259+0000] {processor.py:840} INFO - DAG(s) 'example_sla_dag' retrieved from /home/airflow/.local/lib/python3.12/site-packages/airflow/example_dags/example_sla_dag.py
[2024-08-09T01:58:51.316+0000] {logging_mixin.py:188} INFO - [2024-08-09T01:58:51.315+0000] {dag.py:3089} INFO - Sync 1 DAGs
[2024-08-09T01:58:51.368+0000] {logging_mixin.py:188} INFO - [2024-08-09T01:58:51.368+0000] {dag.py:3947} INFO - Setting next_dagrun for example_sla_dag to 2024-08-09 01:56:00+00:00, run_after=2024-08-09 01:58:00+00:00
[2024-08-09T01:58:51.415+0000] {processor.py:183} INFO - Processing /home/airflow/.local/lib/python3.12/site-packages/airflow/example_dags/example_sla_dag.py took 0.210 seconds
[2024-08-09T01:59:21.915+0000] {processor.py:161} INFO - Started process (PID=2835) to work on /home/airflow/.local/lib/python3.12/site-packages/airflow/example_dags/example_sla_dag.py
[2024-08-09T01:59:21.919+0000] {processor.py:830} INFO - Processing file /home/airflow/.local/lib/python3.12/site-packages/airflow/example_dags/example_sla_dag.py for tasks to queue
[2024-08-09T01:59:21.934+0000] {logging_mixin.py:188} INFO - [2024-08-09T01:59:21.929+0000] {dagbag.py:545} INFO - Filling up the DagBag from /home/airflow/.local/lib/python3.12/site-packages/airflow/example_dags/example_sla_dag.py
[2024-08-09T01:59:21.971+0000] {processor.py:840} INFO - DAG(s) 'example_sla_dag' retrieved from /home/airflow/.local/lib/python3.12/site-packages/airflow/example_dags/example_sla_dag.py
[2024-08-09T01:59:22.080+0000] {logging_mixin.py:188} INFO - [2024-08-09T01:59:22.080+0000] {dag.py:3089} INFO - Sync 1 DAGs
[2024-08-09T01:59:22.198+0000] {logging_mixin.py:188} INFO - [2024-08-09T01:59:22.197+0000] {dag.py:3947} INFO - Setting next_dagrun for example_sla_dag to 2024-08-09 01:56:00+00:00, run_after=2024-08-09 01:58:00+00:00
[2024-08-09T01:59:22.287+0000] {processor.py:183} INFO - Processing /home/airflow/.local/lib/python3.12/site-packages/airflow/example_dags/example_sla_dag.py took 0.423 seconds
[2024-08-09T01:59:52.612+0000] {processor.py:161} INFO - Started process (PID=2893) to work on /home/airflow/.local/lib/python3.12/site-packages/airflow/example_dags/example_sla_dag.py
[2024-08-09T01:59:52.618+0000] {processor.py:830} INFO - Processing file /home/airflow/.local/lib/python3.12/site-packages/airflow/example_dags/example_sla_dag.py for tasks to queue
[2024-08-09T01:59:52.638+0000] {logging_mixin.py:188} INFO - [2024-08-09T01:59:52.637+0000] {dagbag.py:545} INFO - Filling up the DagBag from /home/airflow/.local/lib/python3.12/site-packages/airflow/example_dags/example_sla_dag.py
[2024-08-09T01:59:52.682+0000] {processor.py:840} INFO - DAG(s) 'example_sla_dag' retrieved from /home/airflow/.local/lib/python3.12/site-packages/airflow/example_dags/example_sla_dag.py
[2024-08-09T01:59:52.844+0000] {logging_mixin.py:188} INFO - [2024-08-09T01:59:52.843+0000] {dag.py:3089} INFO - Sync 1 DAGs
[2024-08-09T01:59:52.948+0000] {logging_mixin.py:188} INFO - [2024-08-09T01:59:52.943+0000] {dag.py:3947} INFO - Setting next_dagrun for example_sla_dag to 2024-08-09 01:56:00+00:00, run_after=2024-08-09 01:58:00+00:00
[2024-08-09T01:59:53.043+0000] {processor.py:183} INFO - Processing /home/airflow/.local/lib/python3.12/site-packages/airflow/example_dags/example_sla_dag.py took 0.465 seconds
[2024-08-09T02:00:23.626+0000] {processor.py:161} INFO - Started process (PID=2950) to work on /home/airflow/.local/lib/python3.12/site-packages/airflow/example_dags/example_sla_dag.py
[2024-08-09T02:00:23.633+0000] {processor.py:830} INFO - Processing file /home/airflow/.local/lib/python3.12/site-packages/airflow/example_dags/example_sla_dag.py for tasks to queue
[2024-08-09T02:00:23.643+0000] {logging_mixin.py:188} INFO - [2024-08-09T02:00:23.642+0000] {dagbag.py:545} INFO - Filling up the DagBag from /home/airflow/.local/lib/python3.12/site-packages/airflow/example_dags/example_sla_dag.py
[2024-08-09T02:00:23.683+0000] {processor.py:840} INFO - DAG(s) 'example_sla_dag' retrieved from /home/airflow/.local/lib/python3.12/site-packages/airflow/example_dags/example_sla_dag.py
[2024-08-09T02:00:23.775+0000] {logging_mixin.py:188} INFO - [2024-08-09T02:00:23.775+0000] {dag.py:3089} INFO - Sync 1 DAGs
[2024-08-09T02:00:23.898+0000] {logging_mixin.py:188} INFO - [2024-08-09T02:00:23.897+0000] {dag.py:3947} INFO - Setting next_dagrun for example_sla_dag to 2024-08-09 01:58:00+00:00, run_after=2024-08-09 02:00:00+00:00
[2024-08-09T02:00:23.961+0000] {processor.py:183} INFO - Processing /home/airflow/.local/lib/python3.12/site-packages/airflow/example_dags/example_sla_dag.py took 0.391 seconds
[2024-08-09T02:00:54.115+0000] {processor.py:161} INFO - Started process (PID=3008) to work on /home/airflow/.local/lib/python3.12/site-packages/airflow/example_dags/example_sla_dag.py
[2024-08-09T02:00:54.117+0000] {processor.py:830} INFO - Processing file /home/airflow/.local/lib/python3.12/site-packages/airflow/example_dags/example_sla_dag.py for tasks to queue
[2024-08-09T02:00:54.123+0000] {logging_mixin.py:188} INFO - [2024-08-09T02:00:54.122+0000] {dagbag.py:545} INFO - Filling up the DagBag from /home/airflow/.local/lib/python3.12/site-packages/airflow/example_dags/example_sla_dag.py
[2024-08-09T02:00:54.147+0000] {processor.py:840} INFO - DAG(s) 'example_sla_dag' retrieved from /home/airflow/.local/lib/python3.12/site-packages/airflow/example_dags/example_sla_dag.py
[2024-08-09T02:00:54.213+0000] {logging_mixin.py:188} INFO - [2024-08-09T02:00:54.213+0000] {dag.py:3089} INFO - Sync 1 DAGs
[2024-08-09T02:00:54.266+0000] {logging_mixin.py:188} INFO - [2024-08-09T02:00:54.266+0000] {dag.py:3947} INFO - Setting next_dagrun for example_sla_dag to 2024-08-09 01:58:00+00:00, run_after=2024-08-09 02:00:00+00:00
[2024-08-09T02:00:54.297+0000] {processor.py:183} INFO - Processing /home/airflow/.local/lib/python3.12/site-packages/airflow/example_dags/example_sla_dag.py took 0.201 seconds
[2024-08-09T02:01:24.368+0000] {processor.py:161} INFO - Started process (PID=3066) to work on /home/airflow/.local/lib/python3.12/site-packages/airflow/example_dags/example_sla_dag.py
[2024-08-09T02:01:24.371+0000] {processor.py:830} INFO - Processing file /home/airflow/.local/lib/python3.12/site-packages/airflow/example_dags/example_sla_dag.py for tasks to queue
[2024-08-09T02:01:24.376+0000] {logging_mixin.py:188} INFO - [2024-08-09T02:01:24.376+0000] {dagbag.py:545} INFO - Filling up the DagBag from /home/airflow/.local/lib/python3.12/site-packages/airflow/example_dags/example_sla_dag.py
[2024-08-09T02:01:24.397+0000] {processor.py:840} INFO - DAG(s) 'example_sla_dag' retrieved from /home/airflow/.local/lib/python3.12/site-packages/airflow/example_dags/example_sla_dag.py
[2024-08-09T02:01:24.445+0000] {logging_mixin.py:188} INFO - [2024-08-09T02:01:24.445+0000] {dag.py:3089} INFO - Sync 1 DAGs
[2024-08-09T02:01:24.486+0000] {logging_mixin.py:188} INFO - [2024-08-09T02:01:24.486+0000] {dag.py:3947} INFO - Setting next_dagrun for example_sla_dag to 2024-08-09 01:58:00+00:00, run_after=2024-08-09 02:00:00+00:00
[2024-08-09T02:01:24.515+0000] {processor.py:183} INFO - Processing /home/airflow/.local/lib/python3.12/site-packages/airflow/example_dags/example_sla_dag.py took 0.163 seconds
[2024-08-09T02:01:55.050+0000] {processor.py:161} INFO - Started process (PID=3124) to work on /home/airflow/.local/lib/python3.12/site-packages/airflow/example_dags/example_sla_dag.py
[2024-08-09T02:01:55.056+0000] {processor.py:830} INFO - Processing file /home/airflow/.local/lib/python3.12/site-packages/airflow/example_dags/example_sla_dag.py for tasks to queue
[2024-08-09T02:01:55.071+0000] {logging_mixin.py:188} INFO - [2024-08-09T02:01:55.070+0000] {dagbag.py:545} INFO - Filling up the DagBag from /home/airflow/.local/lib/python3.12/site-packages/airflow/example_dags/example_sla_dag.py
[2024-08-09T02:01:55.102+0000] {processor.py:840} INFO - DAG(s) 'example_sla_dag' retrieved from /home/airflow/.local/lib/python3.12/site-packages/airflow/example_dags/example_sla_dag.py
[2024-08-09T02:01:55.238+0000] {logging_mixin.py:188} INFO - [2024-08-09T02:01:55.237+0000] {dag.py:3089} INFO - Sync 1 DAGs
[2024-08-09T02:01:55.316+0000] {logging_mixin.py:188} INFO - [2024-08-09T02:01:55.316+0000] {dag.py:3947} INFO - Setting next_dagrun for example_sla_dag to 2024-08-09 01:58:00+00:00, run_after=2024-08-09 02:00:00+00:00
[2024-08-09T02:01:55.368+0000] {processor.py:183} INFO - Processing /home/airflow/.local/lib/python3.12/site-packages/airflow/example_dags/example_sla_dag.py took 0.341 seconds
[2024-08-09T02:02:25.710+0000] {processor.py:161} INFO - Started process (PID=3182) to work on /home/airflow/.local/lib/python3.12/site-packages/airflow/example_dags/example_sla_dag.py
[2024-08-09T02:02:25.715+0000] {processor.py:830} INFO - Processing file /home/airflow/.local/lib/python3.12/site-packages/airflow/example_dags/example_sla_dag.py for tasks to queue
[2024-08-09T02:02:25.727+0000] {logging_mixin.py:188} INFO - [2024-08-09T02:02:25.726+0000] {dagbag.py:545} INFO - Filling up the DagBag from /home/airflow/.local/lib/python3.12/site-packages/airflow/example_dags/example_sla_dag.py
[2024-08-09T02:02:25.762+0000] {processor.py:840} INFO - DAG(s) 'example_sla_dag' retrieved from /home/airflow/.local/lib/python3.12/site-packages/airflow/example_dags/example_sla_dag.py
[2024-08-09T02:02:25.847+0000] {logging_mixin.py:188} INFO - [2024-08-09T02:02:25.845+0000] {dag.py:3089} INFO - Sync 1 DAGs
[2024-08-09T02:02:25.923+0000] {logging_mixin.py:188} INFO - [2024-08-09T02:02:25.922+0000] {dag.py:3947} INFO - Setting next_dagrun for example_sla_dag to 2024-08-09 02:00:00+00:00, run_after=2024-08-09 02:02:00+00:00
[2024-08-09T02:02:25.976+0000] {processor.py:183} INFO - Processing /home/airflow/.local/lib/python3.12/site-packages/airflow/example_dags/example_sla_dag.py took 0.312 seconds
[2024-08-09T02:02:56.796+0000] {processor.py:161} INFO - Started process (PID=3240) to work on /home/airflow/.local/lib/python3.12/site-packages/airflow/example_dags/example_sla_dag.py
[2024-08-09T02:02:56.799+0000] {processor.py:830} INFO - Processing file /home/airflow/.local/lib/python3.12/site-packages/airflow/example_dags/example_sla_dag.py for tasks to queue
[2024-08-09T02:02:56.804+0000] {logging_mixin.py:188} INFO - [2024-08-09T02:02:56.803+0000] {dagbag.py:545} INFO - Filling up the DagBag from /home/airflow/.local/lib/python3.12/site-packages/airflow/example_dags/example_sla_dag.py
[2024-08-09T02:02:56.823+0000] {processor.py:840} INFO - DAG(s) 'example_sla_dag' retrieved from /home/airflow/.local/lib/python3.12/site-packages/airflow/example_dags/example_sla_dag.py
[2024-08-09T02:02:56.878+0000] {logging_mixin.py:188} INFO - [2024-08-09T02:02:56.878+0000] {dag.py:3089} INFO - Sync 1 DAGs
[2024-08-09T02:02:56.929+0000] {logging_mixin.py:188} INFO - [2024-08-09T02:02:56.928+0000] {dag.py:3947} INFO - Setting next_dagrun for example_sla_dag to 2024-08-09 02:00:00+00:00, run_after=2024-08-09 02:02:00+00:00
[2024-08-09T02:02:56.975+0000] {processor.py:183} INFO - Processing /home/airflow/.local/lib/python3.12/site-packages/airflow/example_dags/example_sla_dag.py took 0.207 seconds
[2024-08-09T02:03:27.455+0000] {processor.py:161} INFO - Started process (PID=3298) to work on /home/airflow/.local/lib/python3.12/site-packages/airflow/example_dags/example_sla_dag.py
[2024-08-09T02:03:27.466+0000] {processor.py:830} INFO - Processing file /home/airflow/.local/lib/python3.12/site-packages/airflow/example_dags/example_sla_dag.py for tasks to queue
[2024-08-09T02:03:27.471+0000] {logging_mixin.py:188} INFO - [2024-08-09T02:03:27.471+0000] {dagbag.py:545} INFO - Filling up the DagBag from /home/airflow/.local/lib/python3.12/site-packages/airflow/example_dags/example_sla_dag.py
[2024-08-09T02:03:27.520+0000] {processor.py:840} INFO - DAG(s) 'example_sla_dag' retrieved from /home/airflow/.local/lib/python3.12/site-packages/airflow/example_dags/example_sla_dag.py
[2024-08-09T02:03:27.632+0000] {logging_mixin.py:188} INFO - [2024-08-09T02:03:27.632+0000] {dag.py:3089} INFO - Sync 1 DAGs
[2024-08-09T02:03:27.706+0000] {logging_mixin.py:188} INFO - [2024-08-09T02:03:27.706+0000] {dag.py:3947} INFO - Setting next_dagrun for example_sla_dag to 2024-08-09 02:00:00+00:00, run_after=2024-08-09 02:02:00+00:00
[2024-08-09T02:03:27.793+0000] {processor.py:183} INFO - Processing /home/airflow/.local/lib/python3.12/site-packages/airflow/example_dags/example_sla_dag.py took 0.370 seconds
[2024-08-09T02:03:58.151+0000] {processor.py:161} INFO - Started process (PID=3355) to work on /home/airflow/.local/lib/python3.12/site-packages/airflow/example_dags/example_sla_dag.py
[2024-08-09T02:03:58.153+0000] {processor.py:830} INFO - Processing file /home/airflow/.local/lib/python3.12/site-packages/airflow/example_dags/example_sla_dag.py for tasks to queue
[2024-08-09T02:03:58.158+0000] {logging_mixin.py:188} INFO - [2024-08-09T02:03:58.157+0000] {dagbag.py:545} INFO - Filling up the DagBag from /home/airflow/.local/lib/python3.12/site-packages/airflow/example_dags/example_sla_dag.py
[2024-08-09T02:03:58.178+0000] {processor.py:840} INFO - DAG(s) 'example_sla_dag' retrieved from /home/airflow/.local/lib/python3.12/site-packages/airflow/example_dags/example_sla_dag.py
[2024-08-09T02:03:58.228+0000] {logging_mixin.py:188} INFO - [2024-08-09T02:03:58.227+0000] {dag.py:3089} INFO - Sync 1 DAGs
[2024-08-09T02:03:58.270+0000] {logging_mixin.py:188} INFO - [2024-08-09T02:03:58.269+0000] {dag.py:3947} INFO - Setting next_dagrun for example_sla_dag to 2024-08-09 02:00:00+00:00, run_after=2024-08-09 02:02:00+00:00
[2024-08-09T02:03:58.299+0000] {processor.py:183} INFO - Processing /home/airflow/.local/lib/python3.12/site-packages/airflow/example_dags/example_sla_dag.py took 0.164 seconds
[2024-08-09T02:04:28.842+0000] {processor.py:161} INFO - Started process (PID=3413) to work on /home/airflow/.local/lib/python3.12/site-packages/airflow/example_dags/example_sla_dag.py
[2024-08-09T02:04:28.845+0000] {processor.py:830} INFO - Processing file /home/airflow/.local/lib/python3.12/site-packages/airflow/example_dags/example_sla_dag.py for tasks to queue
[2024-08-09T02:04:28.851+0000] {logging_mixin.py:188} INFO - [2024-08-09T02:04:28.850+0000] {dagbag.py:545} INFO - Filling up the DagBag from /home/airflow/.local/lib/python3.12/site-packages/airflow/example_dags/example_sla_dag.py
[2024-08-09T02:04:28.887+0000] {processor.py:840} INFO - DAG(s) 'example_sla_dag' retrieved from /home/airflow/.local/lib/python3.12/site-packages/airflow/example_dags/example_sla_dag.py
[2024-08-09T02:04:28.979+0000] {logging_mixin.py:188} INFO - [2024-08-09T02:04:28.978+0000] {dag.py:3089} INFO - Sync 1 DAGs
[2024-08-09T02:04:29.036+0000] {logging_mixin.py:188} INFO - [2024-08-09T02:04:29.036+0000] {dag.py:3947} INFO - Setting next_dagrun for example_sla_dag to 2024-08-09 02:02:00+00:00, run_after=2024-08-09 02:04:00+00:00
[2024-08-09T02:04:29.071+0000] {processor.py:183} INFO - Processing /home/airflow/.local/lib/python3.12/site-packages/airflow/example_dags/example_sla_dag.py took 0.272 seconds
[2024-08-09T02:04:59.295+0000] {processor.py:161} INFO - Started process (PID=3471) to work on /home/airflow/.local/lib/python3.12/site-packages/airflow/example_dags/example_sla_dag.py
[2024-08-09T02:04:59.298+0000] {processor.py:830} INFO - Processing file /home/airflow/.local/lib/python3.12/site-packages/airflow/example_dags/example_sla_dag.py for tasks to queue
[2024-08-09T02:04:59.303+0000] {logging_mixin.py:188} INFO - [2024-08-09T02:04:59.302+0000] {dagbag.py:545} INFO - Filling up the DagBag from /home/airflow/.local/lib/python3.12/site-packages/airflow/example_dags/example_sla_dag.py
[2024-08-09T02:04:59.323+0000] {processor.py:840} INFO - DAG(s) 'example_sla_dag' retrieved from /home/airflow/.local/lib/python3.12/site-packages/airflow/example_dags/example_sla_dag.py
[2024-08-09T02:04:59.378+0000] {logging_mixin.py:188} INFO - [2024-08-09T02:04:59.377+0000] {dag.py:3089} INFO - Sync 1 DAGs
[2024-08-09T02:04:59.429+0000] {logging_mixin.py:188} INFO - [2024-08-09T02:04:59.429+0000] {dag.py:3947} INFO - Setting next_dagrun for example_sla_dag to 2024-08-09 02:02:00+00:00, run_after=2024-08-09 02:04:00+00:00
[2024-08-09T02:04:59.465+0000] {processor.py:183} INFO - Processing /home/airflow/.local/lib/python3.12/site-packages/airflow/example_dags/example_sla_dag.py took 0.186 seconds
[2024-08-09T02:05:29.644+0000] {processor.py:161} INFO - Started process (PID=3527) to work on /home/airflow/.local/lib/python3.12/site-packages/airflow/example_dags/example_sla_dag.py
[2024-08-09T02:05:29.648+0000] {processor.py:830} INFO - Processing file /home/airflow/.local/lib/python3.12/site-packages/airflow/example_dags/example_sla_dag.py for tasks to queue
[2024-08-09T02:05:29.661+0000] {logging_mixin.py:188} INFO - [2024-08-09T02:05:29.660+0000] {dagbag.py:545} INFO - Filling up the DagBag from /home/airflow/.local/lib/python3.12/site-packages/airflow/example_dags/example_sla_dag.py
[2024-08-09T02:05:29.692+0000] {processor.py:840} INFO - DAG(s) 'example_sla_dag' retrieved from /home/airflow/.local/lib/python3.12/site-packages/airflow/example_dags/example_sla_dag.py
[2024-08-09T02:05:29.769+0000] {logging_mixin.py:188} INFO - [2024-08-09T02:05:29.768+0000] {dag.py:3089} INFO - Sync 1 DAGs
[2024-08-09T02:05:29.828+0000] {logging_mixin.py:188} INFO - [2024-08-09T02:05:29.827+0000] {dag.py:3947} INFO - Setting next_dagrun for example_sla_dag to 2024-08-09 02:02:00+00:00, run_after=2024-08-09 02:04:00+00:00
[2024-08-09T02:05:29.873+0000] {processor.py:183} INFO - Processing /home/airflow/.local/lib/python3.12/site-packages/airflow/example_dags/example_sla_dag.py took 0.264 seconds
[2024-08-09T02:06:00.498+0000] {processor.py:161} INFO - Started process (PID=3585) to work on /home/airflow/.local/lib/python3.12/site-packages/airflow/example_dags/example_sla_dag.py
[2024-08-09T02:06:00.506+0000] {processor.py:830} INFO - Processing file /home/airflow/.local/lib/python3.12/site-packages/airflow/example_dags/example_sla_dag.py for tasks to queue
[2024-08-09T02:06:00.521+0000] {logging_mixin.py:188} INFO - [2024-08-09T02:06:00.520+0000] {dagbag.py:545} INFO - Filling up the DagBag from /home/airflow/.local/lib/python3.12/site-packages/airflow/example_dags/example_sla_dag.py
[2024-08-09T02:06:00.582+0000] {processor.py:840} INFO - DAG(s) 'example_sla_dag' retrieved from /home/airflow/.local/lib/python3.12/site-packages/airflow/example_dags/example_sla_dag.py
[2024-08-09T02:06:00.708+0000] {logging_mixin.py:188} INFO - [2024-08-09T02:06:00.708+0000] {dag.py:3089} INFO - Sync 1 DAGs
[2024-08-09T02:06:00.825+0000] {logging_mixin.py:188} INFO - [2024-08-09T02:06:00.824+0000] {dag.py:3947} INFO - Setting next_dagrun for example_sla_dag to 2024-08-09 02:04:00+00:00, run_after=2024-08-09 02:06:00+00:00
[2024-08-09T02:06:00.918+0000] {processor.py:183} INFO - Processing /home/airflow/.local/lib/python3.12/site-packages/airflow/example_dags/example_sla_dag.py took 0.454 seconds
[2024-08-09T02:06:31.239+0000] {processor.py:161} INFO - Started process (PID=3649) to work on /home/airflow/.local/lib/python3.12/site-packages/airflow/example_dags/example_sla_dag.py
[2024-08-09T02:06:31.242+0000] {processor.py:830} INFO - Processing file /home/airflow/.local/lib/python3.12/site-packages/airflow/example_dags/example_sla_dag.py for tasks to queue
[2024-08-09T02:06:31.247+0000] {logging_mixin.py:188} INFO - [2024-08-09T02:06:31.246+0000] {dagbag.py:545} INFO - Filling up the DagBag from /home/airflow/.local/lib/python3.12/site-packages/airflow/example_dags/example_sla_dag.py
[2024-08-09T02:06:31.271+0000] {processor.py:840} INFO - DAG(s) 'example_sla_dag' retrieved from /home/airflow/.local/lib/python3.12/site-packages/airflow/example_dags/example_sla_dag.py
[2024-08-09T02:06:31.328+0000] {logging_mixin.py:188} INFO - [2024-08-09T02:06:31.327+0000] {dag.py:3089} INFO - Sync 1 DAGs
[2024-08-09T02:06:31.379+0000] {logging_mixin.py:188} INFO - [2024-08-09T02:06:31.378+0000] {dag.py:3947} INFO - Setting next_dagrun for example_sla_dag to 2024-08-09 02:04:00+00:00, run_after=2024-08-09 02:06:00+00:00
[2024-08-09T02:06:31.410+0000] {processor.py:183} INFO - Processing /home/airflow/.local/lib/python3.12/site-packages/airflow/example_dags/example_sla_dag.py took 0.196 seconds
[2024-08-09T02:07:01.538+0000] {processor.py:161} INFO - Started process (PID=3706) to work on /home/airflow/.local/lib/python3.12/site-packages/airflow/example_dags/example_sla_dag.py
[2024-08-09T02:07:01.541+0000] {processor.py:830} INFO - Processing file /home/airflow/.local/lib/python3.12/site-packages/airflow/example_dags/example_sla_dag.py for tasks to queue
[2024-08-09T02:07:01.546+0000] {logging_mixin.py:188} INFO - [2024-08-09T02:07:01.545+0000] {dagbag.py:545} INFO - Filling up the DagBag from /home/airflow/.local/lib/python3.12/site-packages/airflow/example_dags/example_sla_dag.py
[2024-08-09T02:07:01.567+0000] {processor.py:840} INFO - DAG(s) 'example_sla_dag' retrieved from /home/airflow/.local/lib/python3.12/site-packages/airflow/example_dags/example_sla_dag.py
[2024-08-09T02:07:01.628+0000] {logging_mixin.py:188} INFO - [2024-08-09T02:07:01.628+0000] {dag.py:3089} INFO - Sync 1 DAGs
[2024-08-09T02:07:01.684+0000] {logging_mixin.py:188} INFO - [2024-08-09T02:07:01.684+0000] {dag.py:3947} INFO - Setting next_dagrun for example_sla_dag to 2024-08-09 02:04:00+00:00, run_after=2024-08-09 02:06:00+00:00
[2024-08-09T02:07:01.723+0000] {processor.py:183} INFO - Processing /home/airflow/.local/lib/python3.12/site-packages/airflow/example_dags/example_sla_dag.py took 0.204 seconds
[2024-08-09T02:07:31.901+0000] {processor.py:161} INFO - Started process (PID=3763) to work on /home/airflow/.local/lib/python3.12/site-packages/airflow/example_dags/example_sla_dag.py
[2024-08-09T02:07:31.904+0000] {processor.py:830} INFO - Processing file /home/airflow/.local/lib/python3.12/site-packages/airflow/example_dags/example_sla_dag.py for tasks to queue
[2024-08-09T02:07:31.912+0000] {logging_mixin.py:188} INFO - [2024-08-09T02:07:31.912+0000] {dagbag.py:545} INFO - Filling up the DagBag from /home/airflow/.local/lib/python3.12/site-packages/airflow/example_dags/example_sla_dag.py
[2024-08-09T02:07:31.944+0000] {processor.py:840} INFO - DAG(s) 'example_sla_dag' retrieved from /home/airflow/.local/lib/python3.12/site-packages/airflow/example_dags/example_sla_dag.py
[2024-08-09T02:07:32.016+0000] {logging_mixin.py:188} INFO - [2024-08-09T02:07:32.015+0000] {dag.py:3089} INFO - Sync 1 DAGs
[2024-08-09T02:07:32.066+0000] {logging_mixin.py:188} INFO - [2024-08-09T02:07:32.066+0000] {dag.py:3947} INFO - Setting next_dagrun for example_sla_dag to 2024-08-09 02:04:00+00:00, run_after=2024-08-09 02:06:00+00:00
[2024-08-09T02:07:32.100+0000] {processor.py:183} INFO - Processing /home/airflow/.local/lib/python3.12/site-packages/airflow/example_dags/example_sla_dag.py took 0.222 seconds
[2024-08-09T02:08:02.574+0000] {processor.py:161} INFO - Started process (PID=3821) to work on /home/airflow/.local/lib/python3.12/site-packages/airflow/example_dags/example_sla_dag.py
[2024-08-09T02:08:02.576+0000] {processor.py:830} INFO - Processing file /home/airflow/.local/lib/python3.12/site-packages/airflow/example_dags/example_sla_dag.py for tasks to queue
[2024-08-09T02:08:02.581+0000] {logging_mixin.py:188} INFO - [2024-08-09T02:08:02.580+0000] {dagbag.py:545} INFO - Filling up the DagBag from /home/airflow/.local/lib/python3.12/site-packages/airflow/example_dags/example_sla_dag.py
[2024-08-09T02:08:02.600+0000] {processor.py:840} INFO - DAG(s) 'example_sla_dag' retrieved from /home/airflow/.local/lib/python3.12/site-packages/airflow/example_dags/example_sla_dag.py
[2024-08-09T02:08:02.656+0000] {logging_mixin.py:188} INFO - [2024-08-09T02:08:02.655+0000] {dag.py:3089} INFO - Sync 1 DAGs
[2024-08-09T02:08:02.703+0000] {logging_mixin.py:188} INFO - [2024-08-09T02:08:02.702+0000] {dag.py:3947} INFO - Setting next_dagrun for example_sla_dag to 2024-08-09 02:06:00+00:00, run_after=2024-08-09 02:08:00+00:00
[2024-08-09T02:08:02.744+0000] {processor.py:183} INFO - Processing /home/airflow/.local/lib/python3.12/site-packages/airflow/example_dags/example_sla_dag.py took 0.187 seconds
[2024-08-09T02:08:33.188+0000] {processor.py:161} INFO - Started process (PID=3879) to work on /home/airflow/.local/lib/python3.12/site-packages/airflow/example_dags/example_sla_dag.py
[2024-08-09T02:08:33.190+0000] {processor.py:830} INFO - Processing file /home/airflow/.local/lib/python3.12/site-packages/airflow/example_dags/example_sla_dag.py for tasks to queue
[2024-08-09T02:08:33.195+0000] {logging_mixin.py:188} INFO - [2024-08-09T02:08:33.195+0000] {dagbag.py:545} INFO - Filling up the DagBag from /home/airflow/.local/lib/python3.12/site-packages/airflow/example_dags/example_sla_dag.py
[2024-08-09T02:08:33.215+0000] {processor.py:840} INFO - DAG(s) 'example_sla_dag' retrieved from /home/airflow/.local/lib/python3.12/site-packages/airflow/example_dags/example_sla_dag.py
[2024-08-09T02:08:33.265+0000] {logging_mixin.py:188} INFO - [2024-08-09T02:08:33.264+0000] {dag.py:3089} INFO - Sync 1 DAGs
[2024-08-09T02:08:33.315+0000] {logging_mixin.py:188} INFO - [2024-08-09T02:08:33.314+0000] {dag.py:3947} INFO - Setting next_dagrun for example_sla_dag to 2024-08-09 02:06:00+00:00, run_after=2024-08-09 02:08:00+00:00
[2024-08-09T02:08:33.358+0000] {processor.py:183} INFO - Processing /home/airflow/.local/lib/python3.12/site-packages/airflow/example_dags/example_sla_dag.py took 0.186 seconds
[2024-08-09T02:09:03.453+0000] {processor.py:161} INFO - Started process (PID=3937) to work on /home/airflow/.local/lib/python3.12/site-packages/airflow/example_dags/example_sla_dag.py
[2024-08-09T02:09:03.455+0000] {processor.py:830} INFO - Processing file /home/airflow/.local/lib/python3.12/site-packages/airflow/example_dags/example_sla_dag.py for tasks to queue
[2024-08-09T02:09:03.459+0000] {logging_mixin.py:188} INFO - [2024-08-09T02:09:03.459+0000] {dagbag.py:545} INFO - Filling up the DagBag from /home/airflow/.local/lib/python3.12/site-packages/airflow/example_dags/example_sla_dag.py
[2024-08-09T02:09:03.487+0000] {processor.py:840} INFO - DAG(s) 'example_sla_dag' retrieved from /home/airflow/.local/lib/python3.12/site-packages/airflow/example_dags/example_sla_dag.py
[2024-08-09T02:09:03.541+0000] {logging_mixin.py:188} INFO - [2024-08-09T02:09:03.540+0000] {dag.py:3089} INFO - Sync 1 DAGs
[2024-08-09T02:09:03.585+0000] {logging_mixin.py:188} INFO - [2024-08-09T02:09:03.585+0000] {dag.py:3947} INFO - Setting next_dagrun for example_sla_dag to 2024-08-09 02:06:00+00:00, run_after=2024-08-09 02:08:00+00:00
[2024-08-09T02:09:03.621+0000] {processor.py:183} INFO - Processing /home/airflow/.local/lib/python3.12/site-packages/airflow/example_dags/example_sla_dag.py took 0.184 seconds
[2024-08-09T02:09:34.622+0000] {processor.py:161} INFO - Started process (PID=3994) to work on /home/airflow/.local/lib/python3.12/site-packages/airflow/example_dags/example_sla_dag.py
[2024-08-09T02:09:34.632+0000] {processor.py:830} INFO - Processing file /home/airflow/.local/lib/python3.12/site-packages/airflow/example_dags/example_sla_dag.py for tasks to queue
[2024-08-09T02:09:34.641+0000] {logging_mixin.py:188} INFO - [2024-08-09T02:09:34.640+0000] {dagbag.py:545} INFO - Filling up the DagBag from /home/airflow/.local/lib/python3.12/site-packages/airflow/example_dags/example_sla_dag.py
[2024-08-09T02:09:34.692+0000] {processor.py:840} INFO - DAG(s) 'example_sla_dag' retrieved from /home/airflow/.local/lib/python3.12/site-packages/airflow/example_dags/example_sla_dag.py
[2024-08-09T02:09:34.808+0000] {logging_mixin.py:188} INFO - [2024-08-09T02:09:34.807+0000] {dag.py:3089} INFO - Sync 1 DAGs
[2024-08-09T02:09:34.956+0000] {logging_mixin.py:188} INFO - [2024-08-09T02:09:34.955+0000] {dag.py:3947} INFO - Setting next_dagrun for example_sla_dag to 2024-08-09 02:06:00+00:00, run_after=2024-08-09 02:08:00+00:00
[2024-08-09T02:09:35.031+0000] {processor.py:183} INFO - Processing /home/airflow/.local/lib/python3.12/site-packages/airflow/example_dags/example_sla_dag.py took 0.441 seconds
[2024-08-09T02:10:05.264+0000] {processor.py:161} INFO - Started process (PID=4052) to work on /home/airflow/.local/lib/python3.12/site-packages/airflow/example_dags/example_sla_dag.py
[2024-08-09T02:10:05.269+0000] {processor.py:830} INFO - Processing file /home/airflow/.local/lib/python3.12/site-packages/airflow/example_dags/example_sla_dag.py for tasks to queue
[2024-08-09T02:10:05.279+0000] {logging_mixin.py:188} INFO - [2024-08-09T02:10:05.277+0000] {dagbag.py:545} INFO - Filling up the DagBag from /home/airflow/.local/lib/python3.12/site-packages/airflow/example_dags/example_sla_dag.py
[2024-08-09T02:10:05.314+0000] {processor.py:840} INFO - DAG(s) 'example_sla_dag' retrieved from /home/airflow/.local/lib/python3.12/site-packages/airflow/example_dags/example_sla_dag.py
[2024-08-09T02:10:05.428+0000] {logging_mixin.py:188} INFO - [2024-08-09T02:10:05.427+0000] {dag.py:3089} INFO - Sync 1 DAGs
[2024-08-09T02:10:05.513+0000] {logging_mixin.py:188} INFO - [2024-08-09T02:10:05.512+0000] {dag.py:3947} INFO - Setting next_dagrun for example_sla_dag to 2024-08-09 02:08:00+00:00, run_after=2024-08-09 02:10:00+00:00
[2024-08-09T02:10:05.581+0000] {processor.py:183} INFO - Processing /home/airflow/.local/lib/python3.12/site-packages/airflow/example_dags/example_sla_dag.py took 0.361 seconds
[2024-08-09T02:10:35.764+0000] {processor.py:161} INFO - Started process (PID=4109) to work on /home/airflow/.local/lib/python3.12/site-packages/airflow/example_dags/example_sla_dag.py
[2024-08-09T02:10:35.768+0000] {processor.py:830} INFO - Processing file /home/airflow/.local/lib/python3.12/site-packages/airflow/example_dags/example_sla_dag.py for tasks to queue
[2024-08-09T02:10:35.777+0000] {logging_mixin.py:188} INFO - [2024-08-09T02:10:35.776+0000] {dagbag.py:545} INFO - Filling up the DagBag from /home/airflow/.local/lib/python3.12/site-packages/airflow/example_dags/example_sla_dag.py
[2024-08-09T02:10:35.819+0000] {processor.py:840} INFO - DAG(s) 'example_sla_dag' retrieved from /home/airflow/.local/lib/python3.12/site-packages/airflow/example_dags/example_sla_dag.py
[2024-08-09T02:10:35.901+0000] {logging_mixin.py:188} INFO - [2024-08-09T02:10:35.900+0000] {dag.py:3089} INFO - Sync 1 DAGs
[2024-08-09T02:10:35.970+0000] {logging_mixin.py:188} INFO - [2024-08-09T02:10:35.970+0000] {dag.py:3947} INFO - Setting next_dagrun for example_sla_dag to 2024-08-09 02:08:00+00:00, run_after=2024-08-09 02:10:00+00:00
[2024-08-09T02:10:36.005+0000] {processor.py:183} INFO - Processing /home/airflow/.local/lib/python3.12/site-packages/airflow/example_dags/example_sla_dag.py took 0.271 seconds
[2024-08-09T02:11:06.813+0000] {processor.py:161} INFO - Started process (PID=4167) to work on /home/airflow/.local/lib/python3.12/site-packages/airflow/example_dags/example_sla_dag.py
[2024-08-09T02:11:06.818+0000] {processor.py:830} INFO - Processing file /home/airflow/.local/lib/python3.12/site-packages/airflow/example_dags/example_sla_dag.py for tasks to queue
[2024-08-09T02:11:06.825+0000] {logging_mixin.py:188} INFO - [2024-08-09T02:11:06.824+0000] {dagbag.py:545} INFO - Filling up the DagBag from /home/airflow/.local/lib/python3.12/site-packages/airflow/example_dags/example_sla_dag.py
[2024-08-09T02:11:06.855+0000] {processor.py:840} INFO - DAG(s) 'example_sla_dag' retrieved from /home/airflow/.local/lib/python3.12/site-packages/airflow/example_dags/example_sla_dag.py
[2024-08-09T02:11:07.001+0000] {logging_mixin.py:188} INFO - [2024-08-09T02:11:07.001+0000] {dag.py:3089} INFO - Sync 1 DAGs
[2024-08-09T02:11:07.079+0000] {logging_mixin.py:188} INFO - [2024-08-09T02:11:07.079+0000] {dag.py:3947} INFO - Setting next_dagrun for example_sla_dag to 2024-08-09 02:08:00+00:00, run_after=2024-08-09 02:10:00+00:00
[2024-08-09T02:11:07.129+0000] {processor.py:183} INFO - Processing /home/airflow/.local/lib/python3.12/site-packages/airflow/example_dags/example_sla_dag.py took 0.346 seconds
[2024-08-09T02:11:37.660+0000] {processor.py:161} INFO - Started process (PID=4225) to work on /home/airflow/.local/lib/python3.12/site-packages/airflow/example_dags/example_sla_dag.py
[2024-08-09T02:11:37.663+0000] {processor.py:830} INFO - Processing file /home/airflow/.local/lib/python3.12/site-packages/airflow/example_dags/example_sla_dag.py for tasks to queue
[2024-08-09T02:11:37.669+0000] {logging_mixin.py:188} INFO - [2024-08-09T02:11:37.668+0000] {dagbag.py:545} INFO - Filling up the DagBag from /home/airflow/.local/lib/python3.12/site-packages/airflow/example_dags/example_sla_dag.py
[2024-08-09T02:11:37.702+0000] {processor.py:840} INFO - DAG(s) 'example_sla_dag' retrieved from /home/airflow/.local/lib/python3.12/site-packages/airflow/example_dags/example_sla_dag.py
[2024-08-09T02:11:37.821+0000] {logging_mixin.py:188} INFO - [2024-08-09T02:11:37.820+0000] {dag.py:3089} INFO - Sync 1 DAGs
[2024-08-09T02:11:37.884+0000] {logging_mixin.py:188} INFO - [2024-08-09T02:11:37.884+0000] {dag.py:3947} INFO - Setting next_dagrun for example_sla_dag to 2024-08-09 02:08:00+00:00, run_after=2024-08-09 02:10:00+00:00
[2024-08-09T02:11:37.918+0000] {processor.py:183} INFO - Processing /home/airflow/.local/lib/python3.12/site-packages/airflow/example_dags/example_sla_dag.py took 0.283 seconds
[2024-08-09T02:12:09.284+0000] {processor.py:161} INFO - Started process (PID=4283) to work on /home/airflow/.local/lib/python3.12/site-packages/airflow/example_dags/example_sla_dag.py
[2024-08-09T02:12:09.290+0000] {processor.py:830} INFO - Processing file /home/airflow/.local/lib/python3.12/site-packages/airflow/example_dags/example_sla_dag.py for tasks to queue
[2024-08-09T02:12:09.297+0000] {logging_mixin.py:188} INFO - [2024-08-09T02:12:09.296+0000] {dagbag.py:545} INFO - Filling up the DagBag from /home/airflow/.local/lib/python3.12/site-packages/airflow/example_dags/example_sla_dag.py
[2024-08-09T02:12:09.328+0000] {processor.py:840} INFO - DAG(s) 'example_sla_dag' retrieved from /home/airflow/.local/lib/python3.12/site-packages/airflow/example_dags/example_sla_dag.py
[2024-08-09T02:12:09.429+0000] {logging_mixin.py:188} INFO - [2024-08-09T02:12:09.428+0000] {dag.py:3089} INFO - Sync 1 DAGs
[2024-08-09T02:12:09.496+0000] {logging_mixin.py:188} INFO - [2024-08-09T02:12:09.495+0000] {dag.py:3947} INFO - Setting next_dagrun for example_sla_dag to 2024-08-09 02:10:00+00:00, run_after=2024-08-09 02:12:00+00:00
[2024-08-09T02:12:09.569+0000] {processor.py:183} INFO - Processing /home/airflow/.local/lib/python3.12/site-packages/airflow/example_dags/example_sla_dag.py took 0.312 seconds
[2024-08-09T02:12:39.696+0000] {processor.py:161} INFO - Started process (PID=4340) to work on /home/airflow/.local/lib/python3.12/site-packages/airflow/example_dags/example_sla_dag.py
[2024-08-09T02:12:39.698+0000] {processor.py:830} INFO - Processing file /home/airflow/.local/lib/python3.12/site-packages/airflow/example_dags/example_sla_dag.py for tasks to queue
[2024-08-09T02:12:39.708+0000] {logging_mixin.py:188} INFO - [2024-08-09T02:12:39.707+0000] {dagbag.py:545} INFO - Filling up the DagBag from /home/airflow/.local/lib/python3.12/site-packages/airflow/example_dags/example_sla_dag.py
[2024-08-09T02:12:39.749+0000] {processor.py:840} INFO - DAG(s) 'example_sla_dag' retrieved from /home/airflow/.local/lib/python3.12/site-packages/airflow/example_dags/example_sla_dag.py
[2024-08-09T02:12:39.844+0000] {logging_mixin.py:188} INFO - [2024-08-09T02:12:39.844+0000] {dag.py:3089} INFO - Sync 1 DAGs
[2024-08-09T02:12:39.906+0000] {logging_mixin.py:188} INFO - [2024-08-09T02:12:39.905+0000] {dag.py:3947} INFO - Setting next_dagrun for example_sla_dag to 2024-08-09 02:10:00+00:00, run_after=2024-08-09 02:12:00+00:00
[2024-08-09T02:12:39.957+0000] {processor.py:183} INFO - Processing /home/airflow/.local/lib/python3.12/site-packages/airflow/example_dags/example_sla_dag.py took 0.290 seconds
[2024-08-09T02:13:10.061+0000] {processor.py:161} INFO - Started process (PID=4396) to work on /home/airflow/.local/lib/python3.12/site-packages/airflow/example_dags/example_sla_dag.py
[2024-08-09T02:13:10.064+0000] {processor.py:830} INFO - Processing file /home/airflow/.local/lib/python3.12/site-packages/airflow/example_dags/example_sla_dag.py for tasks to queue
[2024-08-09T02:13:10.073+0000] {logging_mixin.py:188} INFO - [2024-08-09T02:13:10.072+0000] {dagbag.py:545} INFO - Filling up the DagBag from /home/airflow/.local/lib/python3.12/site-packages/airflow/example_dags/example_sla_dag.py
[2024-08-09T02:13:10.097+0000] {processor.py:840} INFO - DAG(s) 'example_sla_dag' retrieved from /home/airflow/.local/lib/python3.12/site-packages/airflow/example_dags/example_sla_dag.py
[2024-08-09T02:13:10.165+0000] {logging_mixin.py:188} INFO - [2024-08-09T02:13:10.164+0000] {dag.py:3089} INFO - Sync 1 DAGs
[2024-08-09T02:13:10.230+0000] {logging_mixin.py:188} INFO - [2024-08-09T02:13:10.229+0000] {dag.py:3947} INFO - Setting next_dagrun for example_sla_dag to 2024-08-09 02:10:00+00:00, run_after=2024-08-09 02:12:00+00:00
[2024-08-09T02:13:10.280+0000] {processor.py:183} INFO - Processing /home/airflow/.local/lib/python3.12/site-packages/airflow/example_dags/example_sla_dag.py took 0.238 seconds
[2024-08-09T02:13:40.373+0000] {processor.py:161} INFO - Started process (PID=4454) to work on /home/airflow/.local/lib/python3.12/site-packages/airflow/example_dags/example_sla_dag.py
[2024-08-09T02:13:40.376+0000] {processor.py:830} INFO - Processing file /home/airflow/.local/lib/python3.12/site-packages/airflow/example_dags/example_sla_dag.py for tasks to queue
[2024-08-09T02:13:40.385+0000] {logging_mixin.py:188} INFO - [2024-08-09T02:13:40.385+0000] {dagbag.py:545} INFO - Filling up the DagBag from /home/airflow/.local/lib/python3.12/site-packages/airflow/example_dags/example_sla_dag.py
[2024-08-09T02:13:40.423+0000] {processor.py:840} INFO - DAG(s) 'example_sla_dag' retrieved from /home/airflow/.local/lib/python3.12/site-packages/airflow/example_dags/example_sla_dag.py
[2024-08-09T02:13:40.529+0000] {logging_mixin.py:188} INFO - [2024-08-09T02:13:40.529+0000] {dag.py:3089} INFO - Sync 1 DAGs
[2024-08-09T02:13:40.622+0000] {logging_mixin.py:188} INFO - [2024-08-09T02:13:40.622+0000] {dag.py:3947} INFO - Setting next_dagrun for example_sla_dag to 2024-08-09 02:10:00+00:00, run_after=2024-08-09 02:12:00+00:00
[2024-08-09T02:13:40.672+0000] {processor.py:183} INFO - Processing /home/airflow/.local/lib/python3.12/site-packages/airflow/example_dags/example_sla_dag.py took 0.323 seconds
[2024-08-09T02:14:11.099+0000] {processor.py:161} INFO - Started process (PID=4511) to work on /home/airflow/.local/lib/python3.12/site-packages/airflow/example_dags/example_sla_dag.py
[2024-08-09T02:14:11.107+0000] {processor.py:830} INFO - Processing file /home/airflow/.local/lib/python3.12/site-packages/airflow/example_dags/example_sla_dag.py for tasks to queue
[2024-08-09T02:14:11.120+0000] {logging_mixin.py:188} INFO - [2024-08-09T02:14:11.119+0000] {dagbag.py:545} INFO - Filling up the DagBag from /home/airflow/.local/lib/python3.12/site-packages/airflow/example_dags/example_sla_dag.py
[2024-08-09T02:14:11.156+0000] {processor.py:840} INFO - DAG(s) 'example_sla_dag' retrieved from /home/airflow/.local/lib/python3.12/site-packages/airflow/example_dags/example_sla_dag.py
[2024-08-09T02:14:11.258+0000] {logging_mixin.py:188} INFO - [2024-08-09T02:14:11.257+0000] {dag.py:3089} INFO - Sync 1 DAGs
[2024-08-09T02:14:11.375+0000] {logging_mixin.py:188} INFO - [2024-08-09T02:14:11.375+0000] {dag.py:3947} INFO - Setting next_dagrun for example_sla_dag to 2024-08-09 02:12:00+00:00, run_after=2024-08-09 02:14:00+00:00
[2024-08-09T02:14:11.466+0000] {processor.py:183} INFO - Processing /home/airflow/.local/lib/python3.12/site-packages/airflow/example_dags/example_sla_dag.py took 0.434 seconds
[2024-08-09T02:14:42.054+0000] {processor.py:161} INFO - Started process (PID=4569) to work on /home/airflow/.local/lib/python3.12/site-packages/airflow/example_dags/example_sla_dag.py
[2024-08-09T02:14:42.057+0000] {processor.py:830} INFO - Processing file /home/airflow/.local/lib/python3.12/site-packages/airflow/example_dags/example_sla_dag.py for tasks to queue
[2024-08-09T02:14:42.063+0000] {logging_mixin.py:188} INFO - [2024-08-09T02:14:42.062+0000] {dagbag.py:545} INFO - Filling up the DagBag from /home/airflow/.local/lib/python3.12/site-packages/airflow/example_dags/example_sla_dag.py
[2024-08-09T02:14:42.098+0000] {processor.py:840} INFO - DAG(s) 'example_sla_dag' retrieved from /home/airflow/.local/lib/python3.12/site-packages/airflow/example_dags/example_sla_dag.py
[2024-08-09T02:14:42.200+0000] {logging_mixin.py:188} INFO - [2024-08-09T02:14:42.199+0000] {dag.py:3089} INFO - Sync 1 DAGs
[2024-08-09T02:14:42.263+0000] {logging_mixin.py:188} INFO - [2024-08-09T02:14:42.259+0000] {dag.py:3947} INFO - Setting next_dagrun for example_sla_dag to 2024-08-09 02:12:00+00:00, run_after=2024-08-09 02:14:00+00:00
[2024-08-09T02:14:42.296+0000] {processor.py:183} INFO - Processing /home/airflow/.local/lib/python3.12/site-packages/airflow/example_dags/example_sla_dag.py took 0.264 seconds
[2024-08-09T02:15:12.812+0000] {processor.py:161} INFO - Started process (PID=4627) to work on /home/airflow/.local/lib/python3.12/site-packages/airflow/example_dags/example_sla_dag.py
[2024-08-09T02:15:12.815+0000] {processor.py:830} INFO - Processing file /home/airflow/.local/lib/python3.12/site-packages/airflow/example_dags/example_sla_dag.py for tasks to queue
[2024-08-09T02:15:12.821+0000] {logging_mixin.py:188} INFO - [2024-08-09T02:15:12.820+0000] {dagbag.py:545} INFO - Filling up the DagBag from /home/airflow/.local/lib/python3.12/site-packages/airflow/example_dags/example_sla_dag.py
[2024-08-09T02:15:12.845+0000] {processor.py:840} INFO - DAG(s) 'example_sla_dag' retrieved from /home/airflow/.local/lib/python3.12/site-packages/airflow/example_dags/example_sla_dag.py
[2024-08-09T02:15:12.916+0000] {logging_mixin.py:188} INFO - [2024-08-09T02:15:12.916+0000] {dag.py:3089} INFO - Sync 1 DAGs
[2024-08-09T02:15:12.980+0000] {logging_mixin.py:188} INFO - [2024-08-09T02:15:12.980+0000] {dag.py:3947} INFO - Setting next_dagrun for example_sla_dag to 2024-08-09 02:12:00+00:00, run_after=2024-08-09 02:14:00+00:00
[2024-08-09T02:15:13.029+0000] {processor.py:183} INFO - Processing /home/airflow/.local/lib/python3.12/site-packages/airflow/example_dags/example_sla_dag.py took 0.242 seconds
[2024-08-09T02:15:43.183+0000] {processor.py:161} INFO - Started process (PID=4685) to work on /home/airflow/.local/lib/python3.12/site-packages/airflow/example_dags/example_sla_dag.py
[2024-08-09T02:15:43.186+0000] {processor.py:830} INFO - Processing file /home/airflow/.local/lib/python3.12/site-packages/airflow/example_dags/example_sla_dag.py for tasks to queue
[2024-08-09T02:15:43.193+0000] {logging_mixin.py:188} INFO - [2024-08-09T02:15:43.192+0000] {dagbag.py:545} INFO - Filling up the DagBag from /home/airflow/.local/lib/python3.12/site-packages/airflow/example_dags/example_sla_dag.py
[2024-08-09T02:15:43.217+0000] {processor.py:840} INFO - DAG(s) 'example_sla_dag' retrieved from /home/airflow/.local/lib/python3.12/site-packages/airflow/example_dags/example_sla_dag.py
[2024-08-09T02:15:43.267+0000] {logging_mixin.py:188} INFO - [2024-08-09T02:15:43.267+0000] {dag.py:3089} INFO - Sync 1 DAGs
[2024-08-09T02:15:43.311+0000] {logging_mixin.py:188} INFO - [2024-08-09T02:15:43.311+0000] {dag.py:3947} INFO - Setting next_dagrun for example_sla_dag to 2024-08-09 02:12:00+00:00, run_after=2024-08-09 02:14:00+00:00
[2024-08-09T02:15:43.344+0000] {processor.py:183} INFO - Processing /home/airflow/.local/lib/python3.12/site-packages/airflow/example_dags/example_sla_dag.py took 0.180 seconds
