[2024-08-09T01:42:28.689+0000] {processor.py:161} INFO - Started process (PID=983) to work on /home/airflow/.local/lib/python3.12/site-packages/airflow/example_dags/example_nested_branch_dag.py
[2024-08-09T01:42:28.691+0000] {processor.py:830} INFO - Processing file /home/airflow/.local/lib/python3.12/site-packages/airflow/example_dags/example_nested_branch_dag.py for tasks to queue
[2024-08-09T01:42:28.699+0000] {logging_mixin.py:188} INFO - [2024-08-09T01:42:28.698+0000] {dagbag.py:545} INFO - Filling up the DagBag from /home/airflow/.local/lib/python3.12/site-packages/airflow/example_dags/example_nested_branch_dag.py
[2024-08-09T01:42:28.734+0000] {processor.py:840} INFO - DAG(s) 'example_nested_branch_dag' retrieved from /home/airflow/.local/lib/python3.12/site-packages/airflow/example_dags/example_nested_branch_dag.py
[2024-08-09T01:42:28.796+0000] {logging_mixin.py:188} INFO - [2024-08-09T01:42:28.795+0000] {dag.py:3089} INFO - Sync 1 DAGs
[2024-08-09T01:42:28.857+0000] {logging_mixin.py:188} INFO - [2024-08-09T01:42:28.857+0000] {dag.py:3947} INFO - Setting next_dagrun for example_nested_branch_dag to 2024-08-08 00:00:00+00:00, run_after=2024-08-09 00:00:00+00:00
[2024-08-09T01:42:28.897+0000] {processor.py:183} INFO - Processing /home/airflow/.local/lib/python3.12/site-packages/airflow/example_dags/example_nested_branch_dag.py took 0.223 seconds
[2024-08-09T01:42:59.366+0000] {processor.py:161} INFO - Started process (PID=1042) to work on /home/airflow/.local/lib/python3.12/site-packages/airflow/example_dags/example_nested_branch_dag.py
[2024-08-09T01:42:59.371+0000] {processor.py:830} INFO - Processing file /home/airflow/.local/lib/python3.12/site-packages/airflow/example_dags/example_nested_branch_dag.py for tasks to queue
[2024-08-09T01:42:59.385+0000] {logging_mixin.py:188} INFO - [2024-08-09T01:42:59.381+0000] {dagbag.py:545} INFO - Filling up the DagBag from /home/airflow/.local/lib/python3.12/site-packages/airflow/example_dags/example_nested_branch_dag.py
[2024-08-09T01:42:59.414+0000] {processor.py:840} INFO - DAG(s) 'example_nested_branch_dag' retrieved from /home/airflow/.local/lib/python3.12/site-packages/airflow/example_dags/example_nested_branch_dag.py
[2024-08-09T01:42:59.494+0000] {logging_mixin.py:188} INFO - [2024-08-09T01:42:59.494+0000] {dag.py:3089} INFO - Sync 1 DAGs
[2024-08-09T01:42:59.558+0000] {logging_mixin.py:188} INFO - [2024-08-09T01:42:59.558+0000] {dag.py:3947} INFO - Setting next_dagrun for example_nested_branch_dag to 2024-08-08 00:00:00+00:00, run_after=2024-08-09 00:00:00+00:00
[2024-08-09T01:42:59.593+0000] {processor.py:183} INFO - Processing /home/airflow/.local/lib/python3.12/site-packages/airflow/example_dags/example_nested_branch_dag.py took 0.246 seconds
[2024-08-09T01:43:29.892+0000] {processor.py:161} INFO - Started process (PID=1100) to work on /home/airflow/.local/lib/python3.12/site-packages/airflow/example_dags/example_nested_branch_dag.py
[2024-08-09T01:43:29.895+0000] {processor.py:830} INFO - Processing file /home/airflow/.local/lib/python3.12/site-packages/airflow/example_dags/example_nested_branch_dag.py for tasks to queue
[2024-08-09T01:43:29.903+0000] {logging_mixin.py:188} INFO - [2024-08-09T01:43:29.902+0000] {dagbag.py:545} INFO - Filling up the DagBag from /home/airflow/.local/lib/python3.12/site-packages/airflow/example_dags/example_nested_branch_dag.py
[2024-08-09T01:43:29.931+0000] {processor.py:840} INFO - DAG(s) 'example_nested_branch_dag' retrieved from /home/airflow/.local/lib/python3.12/site-packages/airflow/example_dags/example_nested_branch_dag.py
[2024-08-09T01:43:30.007+0000] {logging_mixin.py:188} INFO - [2024-08-09T01:43:30.006+0000] {dag.py:3089} INFO - Sync 1 DAGs
[2024-08-09T01:43:30.077+0000] {logging_mixin.py:188} INFO - [2024-08-09T01:43:30.077+0000] {dag.py:3947} INFO - Setting next_dagrun for example_nested_branch_dag to 2024-08-08 00:00:00+00:00, run_after=2024-08-09 00:00:00+00:00
[2024-08-09T01:43:30.149+0000] {processor.py:183} INFO - Processing /home/airflow/.local/lib/python3.12/site-packages/airflow/example_dags/example_nested_branch_dag.py took 0.277 seconds
[2024-08-09T01:44:00.611+0000] {processor.py:161} INFO - Started process (PID=1158) to work on /home/airflow/.local/lib/python3.12/site-packages/airflow/example_dags/example_nested_branch_dag.py
[2024-08-09T01:44:00.615+0000] {processor.py:830} INFO - Processing file /home/airflow/.local/lib/python3.12/site-packages/airflow/example_dags/example_nested_branch_dag.py for tasks to queue
[2024-08-09T01:44:00.622+0000] {logging_mixin.py:188} INFO - [2024-08-09T01:44:00.621+0000] {dagbag.py:545} INFO - Filling up the DagBag from /home/airflow/.local/lib/python3.12/site-packages/airflow/example_dags/example_nested_branch_dag.py
[2024-08-09T01:44:00.657+0000] {processor.py:840} INFO - DAG(s) 'example_nested_branch_dag' retrieved from /home/airflow/.local/lib/python3.12/site-packages/airflow/example_dags/example_nested_branch_dag.py
[2024-08-09T01:44:00.724+0000] {logging_mixin.py:188} INFO - [2024-08-09T01:44:00.724+0000] {dag.py:3089} INFO - Sync 1 DAGs
[2024-08-09T01:44:00.776+0000] {logging_mixin.py:188} INFO - [2024-08-09T01:44:00.775+0000] {dag.py:3947} INFO - Setting next_dagrun for example_nested_branch_dag to 2024-08-08 00:00:00+00:00, run_after=2024-08-09 00:00:00+00:00
[2024-08-09T01:44:00.811+0000] {processor.py:183} INFO - Processing /home/airflow/.local/lib/python3.12/site-packages/airflow/example_dags/example_nested_branch_dag.py took 0.217 seconds
[2024-08-09T01:44:31.483+0000] {processor.py:161} INFO - Started process (PID=1216) to work on /home/airflow/.local/lib/python3.12/site-packages/airflow/example_dags/example_nested_branch_dag.py
[2024-08-09T01:44:31.493+0000] {processor.py:830} INFO - Processing file /home/airflow/.local/lib/python3.12/site-packages/airflow/example_dags/example_nested_branch_dag.py for tasks to queue
[2024-08-09T01:44:31.507+0000] {logging_mixin.py:188} INFO - [2024-08-09T01:44:31.506+0000] {dagbag.py:545} INFO - Filling up the DagBag from /home/airflow/.local/lib/python3.12/site-packages/airflow/example_dags/example_nested_branch_dag.py
[2024-08-09T01:44:31.541+0000] {processor.py:840} INFO - DAG(s) 'example_nested_branch_dag' retrieved from /home/airflow/.local/lib/python3.12/site-packages/airflow/example_dags/example_nested_branch_dag.py
[2024-08-09T01:44:31.634+0000] {logging_mixin.py:188} INFO - [2024-08-09T01:44:31.634+0000] {dag.py:3089} INFO - Sync 1 DAGs
[2024-08-09T01:44:31.709+0000] {logging_mixin.py:188} INFO - [2024-08-09T01:44:31.708+0000] {dag.py:3947} INFO - Setting next_dagrun for example_nested_branch_dag to 2024-08-08 00:00:00+00:00, run_after=2024-08-09 00:00:00+00:00
[2024-08-09T01:44:31.759+0000] {processor.py:183} INFO - Processing /home/airflow/.local/lib/python3.12/site-packages/airflow/example_dags/example_nested_branch_dag.py took 0.320 seconds
[2024-08-09T01:45:01.934+0000] {processor.py:161} INFO - Started process (PID=1274) to work on /home/airflow/.local/lib/python3.12/site-packages/airflow/example_dags/example_nested_branch_dag.py
[2024-08-09T01:45:01.937+0000] {processor.py:830} INFO - Processing file /home/airflow/.local/lib/python3.12/site-packages/airflow/example_dags/example_nested_branch_dag.py for tasks to queue
[2024-08-09T01:45:01.944+0000] {logging_mixin.py:188} INFO - [2024-08-09T01:45:01.943+0000] {dagbag.py:545} INFO - Filling up the DagBag from /home/airflow/.local/lib/python3.12/site-packages/airflow/example_dags/example_nested_branch_dag.py
[2024-08-09T01:45:01.972+0000] {processor.py:840} INFO - DAG(s) 'example_nested_branch_dag' retrieved from /home/airflow/.local/lib/python3.12/site-packages/airflow/example_dags/example_nested_branch_dag.py
[2024-08-09T01:45:02.042+0000] {logging_mixin.py:188} INFO - [2024-08-09T01:45:02.042+0000] {dag.py:3089} INFO - Sync 1 DAGs
[2024-08-09T01:45:02.116+0000] {logging_mixin.py:188} INFO - [2024-08-09T01:45:02.115+0000] {dag.py:3947} INFO - Setting next_dagrun for example_nested_branch_dag to 2024-08-08 00:00:00+00:00, run_after=2024-08-09 00:00:00+00:00
[2024-08-09T01:45:02.173+0000] {processor.py:183} INFO - Processing /home/airflow/.local/lib/python3.12/site-packages/airflow/example_dags/example_nested_branch_dag.py took 0.256 seconds
[2024-08-09T01:45:32.355+0000] {processor.py:161} INFO - Started process (PID=1331) to work on /home/airflow/.local/lib/python3.12/site-packages/airflow/example_dags/example_nested_branch_dag.py
[2024-08-09T01:45:32.358+0000] {processor.py:830} INFO - Processing file /home/airflow/.local/lib/python3.12/site-packages/airflow/example_dags/example_nested_branch_dag.py for tasks to queue
[2024-08-09T01:45:32.362+0000] {logging_mixin.py:188} INFO - [2024-08-09T01:45:32.362+0000] {dagbag.py:545} INFO - Filling up the DagBag from /home/airflow/.local/lib/python3.12/site-packages/airflow/example_dags/example_nested_branch_dag.py
[2024-08-09T01:45:32.385+0000] {processor.py:840} INFO - DAG(s) 'example_nested_branch_dag' retrieved from /home/airflow/.local/lib/python3.12/site-packages/airflow/example_dags/example_nested_branch_dag.py
[2024-08-09T01:45:32.436+0000] {logging_mixin.py:188} INFO - [2024-08-09T01:45:32.435+0000] {dag.py:3089} INFO - Sync 1 DAGs
[2024-08-09T01:45:32.477+0000] {logging_mixin.py:188} INFO - [2024-08-09T01:45:32.476+0000] {dag.py:3947} INFO - Setting next_dagrun for example_nested_branch_dag to 2024-08-08 00:00:00+00:00, run_after=2024-08-09 00:00:00+00:00
[2024-08-09T01:45:32.507+0000] {processor.py:183} INFO - Processing /home/airflow/.local/lib/python3.12/site-packages/airflow/example_dags/example_nested_branch_dag.py took 0.165 seconds
[2024-08-09T01:46:02.992+0000] {processor.py:161} INFO - Started process (PID=1389) to work on /home/airflow/.local/lib/python3.12/site-packages/airflow/example_dags/example_nested_branch_dag.py
[2024-08-09T01:46:02.994+0000] {processor.py:830} INFO - Processing file /home/airflow/.local/lib/python3.12/site-packages/airflow/example_dags/example_nested_branch_dag.py for tasks to queue
[2024-08-09T01:46:03.000+0000] {logging_mixin.py:188} INFO - [2024-08-09T01:46:02.999+0000] {dagbag.py:545} INFO - Filling up the DagBag from /home/airflow/.local/lib/python3.12/site-packages/airflow/example_dags/example_nested_branch_dag.py
[2024-08-09T01:46:03.025+0000] {processor.py:840} INFO - DAG(s) 'example_nested_branch_dag' retrieved from /home/airflow/.local/lib/python3.12/site-packages/airflow/example_dags/example_nested_branch_dag.py
[2024-08-09T01:46:03.103+0000] {logging_mixin.py:188} INFO - [2024-08-09T01:46:03.102+0000] {dag.py:3089} INFO - Sync 1 DAGs
[2024-08-09T01:46:03.167+0000] {logging_mixin.py:188} INFO - [2024-08-09T01:46:03.167+0000] {dag.py:3947} INFO - Setting next_dagrun for example_nested_branch_dag to 2024-08-08 00:00:00+00:00, run_after=2024-08-09 00:00:00+00:00
[2024-08-09T01:46:03.206+0000] {processor.py:183} INFO - Processing /home/airflow/.local/lib/python3.12/site-packages/airflow/example_dags/example_nested_branch_dag.py took 0.233 seconds
[2024-08-09T01:46:34.056+0000] {processor.py:161} INFO - Started process (PID=1446) to work on /home/airflow/.local/lib/python3.12/site-packages/airflow/example_dags/example_nested_branch_dag.py
[2024-08-09T01:46:34.059+0000] {processor.py:830} INFO - Processing file /home/airflow/.local/lib/python3.12/site-packages/airflow/example_dags/example_nested_branch_dag.py for tasks to queue
[2024-08-09T01:46:34.064+0000] {logging_mixin.py:188} INFO - [2024-08-09T01:46:34.063+0000] {dagbag.py:545} INFO - Filling up the DagBag from /home/airflow/.local/lib/python3.12/site-packages/airflow/example_dags/example_nested_branch_dag.py
[2024-08-09T01:46:34.091+0000] {processor.py:840} INFO - DAG(s) 'example_nested_branch_dag' retrieved from /home/airflow/.local/lib/python3.12/site-packages/airflow/example_dags/example_nested_branch_dag.py
[2024-08-09T01:46:34.146+0000] {logging_mixin.py:188} INFO - [2024-08-09T01:46:34.145+0000] {dag.py:3089} INFO - Sync 1 DAGs
[2024-08-09T01:46:34.191+0000] {logging_mixin.py:188} INFO - [2024-08-09T01:46:34.191+0000] {dag.py:3947} INFO - Setting next_dagrun for example_nested_branch_dag to 2024-08-08 00:00:00+00:00, run_after=2024-08-09 00:00:00+00:00
[2024-08-09T01:46:34.227+0000] {processor.py:183} INFO - Processing /home/airflow/.local/lib/python3.12/site-packages/airflow/example_dags/example_nested_branch_dag.py took 0.185 seconds
[2024-08-09T01:47:05.552+0000] {processor.py:161} INFO - Started process (PID=1504) to work on /home/airflow/.local/lib/python3.12/site-packages/airflow/example_dags/example_nested_branch_dag.py
[2024-08-09T01:47:05.555+0000] {processor.py:830} INFO - Processing file /home/airflow/.local/lib/python3.12/site-packages/airflow/example_dags/example_nested_branch_dag.py for tasks to queue
[2024-08-09T01:47:05.562+0000] {logging_mixin.py:188} INFO - [2024-08-09T01:47:05.561+0000] {dagbag.py:545} INFO - Filling up the DagBag from /home/airflow/.local/lib/python3.12/site-packages/airflow/example_dags/example_nested_branch_dag.py
[2024-08-09T01:47:05.593+0000] {processor.py:840} INFO - DAG(s) 'example_nested_branch_dag' retrieved from /home/airflow/.local/lib/python3.12/site-packages/airflow/example_dags/example_nested_branch_dag.py
[2024-08-09T01:47:05.665+0000] {logging_mixin.py:188} INFO - [2024-08-09T01:47:05.664+0000] {dag.py:3089} INFO - Sync 1 DAGs
[2024-08-09T01:47:05.754+0000] {logging_mixin.py:188} INFO - [2024-08-09T01:47:05.753+0000] {dag.py:3947} INFO - Setting next_dagrun for example_nested_branch_dag to 2024-08-08 00:00:00+00:00, run_after=2024-08-09 00:00:00+00:00
[2024-08-09T01:47:05.855+0000] {processor.py:183} INFO - Processing /home/airflow/.local/lib/python3.12/site-packages/airflow/example_dags/example_nested_branch_dag.py took 0.323 seconds
[2024-08-09T01:47:36.501+0000] {processor.py:161} INFO - Started process (PID=1562) to work on /home/airflow/.local/lib/python3.12/site-packages/airflow/example_dags/example_nested_branch_dag.py
[2024-08-09T01:47:36.505+0000] {processor.py:830} INFO - Processing file /home/airflow/.local/lib/python3.12/site-packages/airflow/example_dags/example_nested_branch_dag.py for tasks to queue
[2024-08-09T01:47:36.513+0000] {logging_mixin.py:188} INFO - [2024-08-09T01:47:36.511+0000] {dagbag.py:545} INFO - Filling up the DagBag from /home/airflow/.local/lib/python3.12/site-packages/airflow/example_dags/example_nested_branch_dag.py
[2024-08-09T01:47:36.541+0000] {processor.py:840} INFO - DAG(s) 'example_nested_branch_dag' retrieved from /home/airflow/.local/lib/python3.12/site-packages/airflow/example_dags/example_nested_branch_dag.py
[2024-08-09T01:47:36.636+0000] {logging_mixin.py:188} INFO - [2024-08-09T01:47:36.635+0000] {dag.py:3089} INFO - Sync 1 DAGs
[2024-08-09T01:47:36.727+0000] {logging_mixin.py:188} INFO - [2024-08-09T01:47:36.726+0000] {dag.py:3947} INFO - Setting next_dagrun for example_nested_branch_dag to 2024-08-08 00:00:00+00:00, run_after=2024-08-09 00:00:00+00:00
[2024-08-09T01:47:37.725+0000] {processor.py:183} INFO - Processing /home/airflow/.local/lib/python3.12/site-packages/airflow/example_dags/example_nested_branch_dag.py took 1.246 seconds
[2024-08-09T01:48:08.391+0000] {processor.py:161} INFO - Started process (PID=1620) to work on /home/airflow/.local/lib/python3.12/site-packages/airflow/example_dags/example_nested_branch_dag.py
[2024-08-09T01:48:08.394+0000] {processor.py:830} INFO - Processing file /home/airflow/.local/lib/python3.12/site-packages/airflow/example_dags/example_nested_branch_dag.py for tasks to queue
[2024-08-09T01:48:08.402+0000] {logging_mixin.py:188} INFO - [2024-08-09T01:48:08.401+0000] {dagbag.py:545} INFO - Filling up the DagBag from /home/airflow/.local/lib/python3.12/site-packages/airflow/example_dags/example_nested_branch_dag.py
[2024-08-09T01:48:08.432+0000] {processor.py:840} INFO - DAG(s) 'example_nested_branch_dag' retrieved from /home/airflow/.local/lib/python3.12/site-packages/airflow/example_dags/example_nested_branch_dag.py
[2024-08-09T01:48:08.506+0000] {logging_mixin.py:188} INFO - [2024-08-09T01:48:08.506+0000] {dag.py:3089} INFO - Sync 1 DAGs
[2024-08-09T01:48:08.563+0000] {logging_mixin.py:188} INFO - [2024-08-09T01:48:08.563+0000] {dag.py:3947} INFO - Setting next_dagrun for example_nested_branch_dag to 2024-08-08 00:00:00+00:00, run_after=2024-08-09 00:00:00+00:00
[2024-08-09T01:48:08.606+0000] {processor.py:183} INFO - Processing /home/airflow/.local/lib/python3.12/site-packages/airflow/example_dags/example_nested_branch_dag.py took 0.234 seconds
[2024-08-09T01:48:39.259+0000] {processor.py:161} INFO - Started process (PID=1678) to work on /home/airflow/.local/lib/python3.12/site-packages/airflow/example_dags/example_nested_branch_dag.py
[2024-08-09T01:48:39.264+0000] {processor.py:830} INFO - Processing file /home/airflow/.local/lib/python3.12/site-packages/airflow/example_dags/example_nested_branch_dag.py for tasks to queue
[2024-08-09T01:48:39.273+0000] {logging_mixin.py:188} INFO - [2024-08-09T01:48:39.272+0000] {dagbag.py:545} INFO - Filling up the DagBag from /home/airflow/.local/lib/python3.12/site-packages/airflow/example_dags/example_nested_branch_dag.py
[2024-08-09T01:48:39.308+0000] {processor.py:840} INFO - DAG(s) 'example_nested_branch_dag' retrieved from /home/airflow/.local/lib/python3.12/site-packages/airflow/example_dags/example_nested_branch_dag.py
[2024-08-09T01:48:39.391+0000] {logging_mixin.py:188} INFO - [2024-08-09T01:48:39.391+0000] {dag.py:3089} INFO - Sync 1 DAGs
[2024-08-09T01:48:39.445+0000] {logging_mixin.py:188} INFO - [2024-08-09T01:48:39.445+0000] {dag.py:3947} INFO - Setting next_dagrun for example_nested_branch_dag to 2024-08-08 00:00:00+00:00, run_after=2024-08-09 00:00:00+00:00
[2024-08-09T01:48:39.480+0000] {processor.py:183} INFO - Processing /home/airflow/.local/lib/python3.12/site-packages/airflow/example_dags/example_nested_branch_dag.py took 0.238 seconds
[2024-08-09T01:49:09.771+0000] {processor.py:161} INFO - Started process (PID=1736) to work on /home/airflow/.local/lib/python3.12/site-packages/airflow/example_dags/example_nested_branch_dag.py
[2024-08-09T01:49:09.774+0000] {processor.py:830} INFO - Processing file /home/airflow/.local/lib/python3.12/site-packages/airflow/example_dags/example_nested_branch_dag.py for tasks to queue
[2024-08-09T01:49:09.786+0000] {logging_mixin.py:188} INFO - [2024-08-09T01:49:09.784+0000] {dagbag.py:545} INFO - Filling up the DagBag from /home/airflow/.local/lib/python3.12/site-packages/airflow/example_dags/example_nested_branch_dag.py
[2024-08-09T01:49:09.852+0000] {processor.py:840} INFO - DAG(s) 'example_nested_branch_dag' retrieved from /home/airflow/.local/lib/python3.12/site-packages/airflow/example_dags/example_nested_branch_dag.py
[2024-08-09T01:49:10.046+0000] {logging_mixin.py:188} INFO - [2024-08-09T01:49:10.046+0000] {dag.py:3089} INFO - Sync 1 DAGs
[2024-08-09T01:49:10.138+0000] {logging_mixin.py:188} INFO - [2024-08-09T01:49:10.137+0000] {dag.py:3947} INFO - Setting next_dagrun for example_nested_branch_dag to 2024-08-08 00:00:00+00:00, run_after=2024-08-09 00:00:00+00:00
[2024-08-09T01:49:10.200+0000] {processor.py:183} INFO - Processing /home/airflow/.local/lib/python3.12/site-packages/airflow/example_dags/example_nested_branch_dag.py took 0.462 seconds
[2024-08-09T01:49:41.728+0000] {processor.py:161} INFO - Started process (PID=1792) to work on /home/airflow/.local/lib/python3.12/site-packages/airflow/example_dags/example_nested_branch_dag.py
[2024-08-09T01:49:41.738+0000] {processor.py:830} INFO - Processing file /home/airflow/.local/lib/python3.12/site-packages/airflow/example_dags/example_nested_branch_dag.py for tasks to queue
[2024-08-09T01:49:41.752+0000] {logging_mixin.py:188} INFO - [2024-08-09T01:49:41.748+0000] {dagbag.py:545} INFO - Filling up the DagBag from /home/airflow/.local/lib/python3.12/site-packages/airflow/example_dags/example_nested_branch_dag.py
[2024-08-09T01:49:41.841+0000] {processor.py:840} INFO - DAG(s) 'example_nested_branch_dag' retrieved from /home/airflow/.local/lib/python3.12/site-packages/airflow/example_dags/example_nested_branch_dag.py
[2024-08-09T01:49:42.017+0000] {logging_mixin.py:188} INFO - [2024-08-09T01:49:42.017+0000] {dag.py:3089} INFO - Sync 1 DAGs
[2024-08-09T01:49:42.124+0000] {logging_mixin.py:188} INFO - [2024-08-09T01:49:42.124+0000] {dag.py:3947} INFO - Setting next_dagrun for example_nested_branch_dag to 2024-08-08 00:00:00+00:00, run_after=2024-08-09 00:00:00+00:00
[2024-08-09T01:49:42.199+0000] {processor.py:183} INFO - Processing /home/airflow/.local/lib/python3.12/site-packages/airflow/example_dags/example_nested_branch_dag.py took 0.524 seconds
[2024-08-09T01:50:27.112+0000] {processor.py:161} INFO - Started process (PID=1847) to work on /home/airflow/.local/lib/python3.12/site-packages/airflow/example_dags/example_nested_branch_dag.py
[2024-08-09T01:50:27.117+0000] {processor.py:830} INFO - Processing file /home/airflow/.local/lib/python3.12/site-packages/airflow/example_dags/example_nested_branch_dag.py for tasks to queue
[2024-08-09T01:50:27.130+0000] {logging_mixin.py:188} INFO - [2024-08-09T01:50:27.124+0000] {dagbag.py:545} INFO - Filling up the DagBag from /home/airflow/.local/lib/python3.12/site-packages/airflow/example_dags/example_nested_branch_dag.py
[2024-08-09T01:50:27.175+0000] {processor.py:840} INFO - DAG(s) 'example_nested_branch_dag' retrieved from /home/airflow/.local/lib/python3.12/site-packages/airflow/example_dags/example_nested_branch_dag.py
[2024-08-09T01:50:28.409+0000] {logging_mixin.py:188} INFO - [2024-08-09T01:50:28.409+0000] {dag.py:3089} INFO - Sync 1 DAGs
[2024-08-09T01:50:28.454+0000] {logging_mixin.py:188} INFO - [2024-08-09T01:50:28.454+0000] {dag.py:3947} INFO - Setting next_dagrun for example_nested_branch_dag to 2024-08-08 00:00:00+00:00, run_after=2024-08-09 00:00:00+00:00
[2024-08-09T01:50:28.507+0000] {processor.py:183} INFO - Processing /home/airflow/.local/lib/python3.12/site-packages/airflow/example_dags/example_nested_branch_dag.py took 1.427 seconds
[2024-08-09T01:50:59.160+0000] {processor.py:161} INFO - Started process (PID=1905) to work on /home/airflow/.local/lib/python3.12/site-packages/airflow/example_dags/example_nested_branch_dag.py
[2024-08-09T01:50:59.181+0000] {processor.py:830} INFO - Processing file /home/airflow/.local/lib/python3.12/site-packages/airflow/example_dags/example_nested_branch_dag.py for tasks to queue
[2024-08-09T01:50:59.208+0000] {logging_mixin.py:188} INFO - [2024-08-09T01:50:59.206+0000] {dagbag.py:545} INFO - Filling up the DagBag from /home/airflow/.local/lib/python3.12/site-packages/airflow/example_dags/example_nested_branch_dag.py
[2024-08-09T01:50:59.443+0000] {processor.py:840} INFO - DAG(s) 'example_nested_branch_dag' retrieved from /home/airflow/.local/lib/python3.12/site-packages/airflow/example_dags/example_nested_branch_dag.py
[2024-08-09T01:50:59.915+0000] {logging_mixin.py:188} INFO - [2024-08-09T01:50:59.914+0000] {dag.py:3089} INFO - Sync 1 DAGs
[2024-08-09T01:51:00.036+0000] {logging_mixin.py:188} INFO - [2024-08-09T01:51:00.036+0000] {dag.py:3947} INFO - Setting next_dagrun for example_nested_branch_dag to 2024-08-08 00:00:00+00:00, run_after=2024-08-09 00:00:00+00:00
[2024-08-09T01:51:00.233+0000] {processor.py:183} INFO - Processing /home/airflow/.local/lib/python3.12/site-packages/airflow/example_dags/example_nested_branch_dag.py took 1.208 seconds
[2024-08-09T01:51:30.578+0000] {processor.py:161} INFO - Started process (PID=1962) to work on /home/airflow/.local/lib/python3.12/site-packages/airflow/example_dags/example_nested_branch_dag.py
[2024-08-09T01:51:30.582+0000] {processor.py:830} INFO - Processing file /home/airflow/.local/lib/python3.12/site-packages/airflow/example_dags/example_nested_branch_dag.py for tasks to queue
[2024-08-09T01:51:30.586+0000] {logging_mixin.py:188} INFO - [2024-08-09T01:51:30.586+0000] {dagbag.py:545} INFO - Filling up the DagBag from /home/airflow/.local/lib/python3.12/site-packages/airflow/example_dags/example_nested_branch_dag.py
[2024-08-09T01:51:30.612+0000] {processor.py:840} INFO - DAG(s) 'example_nested_branch_dag' retrieved from /home/airflow/.local/lib/python3.12/site-packages/airflow/example_dags/example_nested_branch_dag.py
[2024-08-09T01:51:30.671+0000] {logging_mixin.py:188} INFO - [2024-08-09T01:51:30.670+0000] {dag.py:3089} INFO - Sync 1 DAGs
[2024-08-09T01:51:30.712+0000] {logging_mixin.py:188} INFO - [2024-08-09T01:51:30.711+0000] {dag.py:3947} INFO - Setting next_dagrun for example_nested_branch_dag to 2024-08-08 00:00:00+00:00, run_after=2024-08-09 00:00:00+00:00
[2024-08-09T01:51:30.749+0000] {processor.py:183} INFO - Processing /home/airflow/.local/lib/python3.12/site-packages/airflow/example_dags/example_nested_branch_dag.py took 0.188 seconds
[2024-08-09T01:52:01.071+0000] {processor.py:161} INFO - Started process (PID=2020) to work on /home/airflow/.local/lib/python3.12/site-packages/airflow/example_dags/example_nested_branch_dag.py
[2024-08-09T01:52:01.074+0000] {processor.py:830} INFO - Processing file /home/airflow/.local/lib/python3.12/site-packages/airflow/example_dags/example_nested_branch_dag.py for tasks to queue
[2024-08-09T01:52:01.086+0000] {logging_mixin.py:188} INFO - [2024-08-09T01:52:01.085+0000] {dagbag.py:545} INFO - Filling up the DagBag from /home/airflow/.local/lib/python3.12/site-packages/airflow/example_dags/example_nested_branch_dag.py
[2024-08-09T01:52:01.118+0000] {processor.py:840} INFO - DAG(s) 'example_nested_branch_dag' retrieved from /home/airflow/.local/lib/python3.12/site-packages/airflow/example_dags/example_nested_branch_dag.py
[2024-08-09T01:52:01.188+0000] {logging_mixin.py:188} INFO - [2024-08-09T01:52:01.187+0000] {dag.py:3089} INFO - Sync 1 DAGs
[2024-08-09T01:52:01.250+0000] {logging_mixin.py:188} INFO - [2024-08-09T01:52:01.249+0000] {dag.py:3947} INFO - Setting next_dagrun for example_nested_branch_dag to 2024-08-08 00:00:00+00:00, run_after=2024-08-09 00:00:00+00:00
[2024-08-09T01:52:01.283+0000] {processor.py:183} INFO - Processing /home/airflow/.local/lib/python3.12/site-packages/airflow/example_dags/example_nested_branch_dag.py took 0.241 seconds
[2024-08-09T01:52:31.432+0000] {processor.py:161} INFO - Started process (PID=2078) to work on /home/airflow/.local/lib/python3.12/site-packages/airflow/example_dags/example_nested_branch_dag.py
[2024-08-09T01:52:31.435+0000] {processor.py:830} INFO - Processing file /home/airflow/.local/lib/python3.12/site-packages/airflow/example_dags/example_nested_branch_dag.py for tasks to queue
[2024-08-09T01:52:31.440+0000] {logging_mixin.py:188} INFO - [2024-08-09T01:52:31.439+0000] {dagbag.py:545} INFO - Filling up the DagBag from /home/airflow/.local/lib/python3.12/site-packages/airflow/example_dags/example_nested_branch_dag.py
[2024-08-09T01:52:31.464+0000] {processor.py:840} INFO - DAG(s) 'example_nested_branch_dag' retrieved from /home/airflow/.local/lib/python3.12/site-packages/airflow/example_dags/example_nested_branch_dag.py
[2024-08-09T01:52:31.518+0000] {logging_mixin.py:188} INFO - [2024-08-09T01:52:31.517+0000] {dag.py:3089} INFO - Sync 1 DAGs
[2024-08-09T01:52:31.556+0000] {logging_mixin.py:188} INFO - [2024-08-09T01:52:31.556+0000] {dag.py:3947} INFO - Setting next_dagrun for example_nested_branch_dag to 2024-08-08 00:00:00+00:00, run_after=2024-08-09 00:00:00+00:00
[2024-08-09T01:52:31.587+0000] {processor.py:183} INFO - Processing /home/airflow/.local/lib/python3.12/site-packages/airflow/example_dags/example_nested_branch_dag.py took 0.170 seconds
[2024-08-09T01:53:02.053+0000] {processor.py:161} INFO - Started process (PID=2135) to work on /home/airflow/.local/lib/python3.12/site-packages/airflow/example_dags/example_nested_branch_dag.py
[2024-08-09T01:53:02.056+0000] {processor.py:830} INFO - Processing file /home/airflow/.local/lib/python3.12/site-packages/airflow/example_dags/example_nested_branch_dag.py for tasks to queue
[2024-08-09T01:53:02.064+0000] {logging_mixin.py:188} INFO - [2024-08-09T01:53:02.062+0000] {dagbag.py:545} INFO - Filling up the DagBag from /home/airflow/.local/lib/python3.12/site-packages/airflow/example_dags/example_nested_branch_dag.py
[2024-08-09T01:53:02.091+0000] {processor.py:840} INFO - DAG(s) 'example_nested_branch_dag' retrieved from /home/airflow/.local/lib/python3.12/site-packages/airflow/example_dags/example_nested_branch_dag.py
[2024-08-09T01:53:02.156+0000] {logging_mixin.py:188} INFO - [2024-08-09T01:53:02.155+0000] {dag.py:3089} INFO - Sync 1 DAGs
[2024-08-09T01:53:02.194+0000] {logging_mixin.py:188} INFO - [2024-08-09T01:53:02.194+0000] {dag.py:3947} INFO - Setting next_dagrun for example_nested_branch_dag to 2024-08-08 00:00:00+00:00, run_after=2024-08-09 00:00:00+00:00
[2024-08-09T01:53:02.233+0000] {processor.py:183} INFO - Processing /home/airflow/.local/lib/python3.12/site-packages/airflow/example_dags/example_nested_branch_dag.py took 0.198 seconds
[2024-08-09T01:53:38.317+0000] {processor.py:161} INFO - Started process (PID=2193) to work on /home/airflow/.local/lib/python3.12/site-packages/airflow/example_dags/example_nested_branch_dag.py
[2024-08-09T01:53:38.320+0000] {processor.py:830} INFO - Processing file /home/airflow/.local/lib/python3.12/site-packages/airflow/example_dags/example_nested_branch_dag.py for tasks to queue
[2024-08-09T01:53:38.327+0000] {logging_mixin.py:188} INFO - [2024-08-09T01:53:38.326+0000] {dagbag.py:545} INFO - Filling up the DagBag from /home/airflow/.local/lib/python3.12/site-packages/airflow/example_dags/example_nested_branch_dag.py
[2024-08-09T01:53:38.364+0000] {processor.py:840} INFO - DAG(s) 'example_nested_branch_dag' retrieved from /home/airflow/.local/lib/python3.12/site-packages/airflow/example_dags/example_nested_branch_dag.py
[2024-08-09T01:53:38.500+0000] {logging_mixin.py:188} INFO - [2024-08-09T01:53:38.499+0000] {dag.py:3089} INFO - Sync 1 DAGs
[2024-08-09T01:53:38.618+0000] {logging_mixin.py:188} INFO - [2024-08-09T01:53:38.616+0000] {dag.py:3947} INFO - Setting next_dagrun for example_nested_branch_dag to 2024-08-08 00:00:00+00:00, run_after=2024-08-09 00:00:00+00:00
[2024-08-09T01:53:38.794+0000] {processor.py:183} INFO - Processing /home/airflow/.local/lib/python3.12/site-packages/airflow/example_dags/example_nested_branch_dag.py took 0.497 seconds
[2024-08-09T01:54:10.538+0000] {processor.py:161} INFO - Started process (PID=2251) to work on /home/airflow/.local/lib/python3.12/site-packages/airflow/example_dags/example_nested_branch_dag.py
[2024-08-09T01:54:10.545+0000] {processor.py:830} INFO - Processing file /home/airflow/.local/lib/python3.12/site-packages/airflow/example_dags/example_nested_branch_dag.py for tasks to queue
[2024-08-09T01:54:10.554+0000] {logging_mixin.py:188} INFO - [2024-08-09T01:54:10.553+0000] {dagbag.py:545} INFO - Filling up the DagBag from /home/airflow/.local/lib/python3.12/site-packages/airflow/example_dags/example_nested_branch_dag.py
[2024-08-09T01:54:10.609+0000] {processor.py:840} INFO - DAG(s) 'example_nested_branch_dag' retrieved from /home/airflow/.local/lib/python3.12/site-packages/airflow/example_dags/example_nested_branch_dag.py
[2024-08-09T01:54:11.033+0000] {logging_mixin.py:188} INFO - [2024-08-09T01:54:11.030+0000] {dag.py:3089} INFO - Sync 1 DAGs
[2024-08-09T01:54:11.263+0000] {logging_mixin.py:188} INFO - [2024-08-09T01:54:11.263+0000] {dag.py:3947} INFO - Setting next_dagrun for example_nested_branch_dag to 2024-08-08 00:00:00+00:00, run_after=2024-08-09 00:00:00+00:00
[2024-08-09T01:54:11.451+0000] {processor.py:183} INFO - Processing /home/airflow/.local/lib/python3.12/site-packages/airflow/example_dags/example_nested_branch_dag.py took 0.943 seconds
[2024-08-09T01:54:42.233+0000] {processor.py:161} INFO - Started process (PID=2309) to work on /home/airflow/.local/lib/python3.12/site-packages/airflow/example_dags/example_nested_branch_dag.py
[2024-08-09T01:54:42.236+0000] {processor.py:830} INFO - Processing file /home/airflow/.local/lib/python3.12/site-packages/airflow/example_dags/example_nested_branch_dag.py for tasks to queue
[2024-08-09T01:54:42.242+0000] {logging_mixin.py:188} INFO - [2024-08-09T01:54:42.241+0000] {dagbag.py:545} INFO - Filling up the DagBag from /home/airflow/.local/lib/python3.12/site-packages/airflow/example_dags/example_nested_branch_dag.py
[2024-08-09T01:54:42.268+0000] {processor.py:840} INFO - DAG(s) 'example_nested_branch_dag' retrieved from /home/airflow/.local/lib/python3.12/site-packages/airflow/example_dags/example_nested_branch_dag.py
[2024-08-09T01:54:42.339+0000] {logging_mixin.py:188} INFO - [2024-08-09T01:54:42.339+0000] {dag.py:3089} INFO - Sync 1 DAGs
[2024-08-09T01:54:42.385+0000] {logging_mixin.py:188} INFO - [2024-08-09T01:54:42.385+0000] {dag.py:3947} INFO - Setting next_dagrun for example_nested_branch_dag to 2024-08-08 00:00:00+00:00, run_after=2024-08-09 00:00:00+00:00
[2024-08-09T01:54:42.428+0000] {processor.py:183} INFO - Processing /home/airflow/.local/lib/python3.12/site-packages/airflow/example_dags/example_nested_branch_dag.py took 0.213 seconds
[2024-08-09T01:55:12.487+0000] {processor.py:161} INFO - Started process (PID=2367) to work on /home/airflow/.local/lib/python3.12/site-packages/airflow/example_dags/example_nested_branch_dag.py
[2024-08-09T01:55:12.490+0000] {processor.py:830} INFO - Processing file /home/airflow/.local/lib/python3.12/site-packages/airflow/example_dags/example_nested_branch_dag.py for tasks to queue
[2024-08-09T01:55:12.494+0000] {logging_mixin.py:188} INFO - [2024-08-09T01:55:12.494+0000] {dagbag.py:545} INFO - Filling up the DagBag from /home/airflow/.local/lib/python3.12/site-packages/airflow/example_dags/example_nested_branch_dag.py
[2024-08-09T01:55:12.516+0000] {processor.py:840} INFO - DAG(s) 'example_nested_branch_dag' retrieved from /home/airflow/.local/lib/python3.12/site-packages/airflow/example_dags/example_nested_branch_dag.py
[2024-08-09T01:55:12.572+0000] {logging_mixin.py:188} INFO - [2024-08-09T01:55:12.571+0000] {dag.py:3089} INFO - Sync 1 DAGs
[2024-08-09T01:55:12.617+0000] {logging_mixin.py:188} INFO - [2024-08-09T01:55:12.616+0000] {dag.py:3947} INFO - Setting next_dagrun for example_nested_branch_dag to 2024-08-08 00:00:00+00:00, run_after=2024-08-09 00:00:00+00:00
[2024-08-09T01:55:12.653+0000] {processor.py:183} INFO - Processing /home/airflow/.local/lib/python3.12/site-packages/airflow/example_dags/example_nested_branch_dag.py took 0.180 seconds
[2024-08-09T01:55:42.763+0000] {processor.py:161} INFO - Started process (PID=2425) to work on /home/airflow/.local/lib/python3.12/site-packages/airflow/example_dags/example_nested_branch_dag.py
[2024-08-09T01:55:42.765+0000] {processor.py:830} INFO - Processing file /home/airflow/.local/lib/python3.12/site-packages/airflow/example_dags/example_nested_branch_dag.py for tasks to queue
[2024-08-09T01:55:42.770+0000] {logging_mixin.py:188} INFO - [2024-08-09T01:55:42.769+0000] {dagbag.py:545} INFO - Filling up the DagBag from /home/airflow/.local/lib/python3.12/site-packages/airflow/example_dags/example_nested_branch_dag.py
[2024-08-09T01:55:42.790+0000] {processor.py:840} INFO - DAG(s) 'example_nested_branch_dag' retrieved from /home/airflow/.local/lib/python3.12/site-packages/airflow/example_dags/example_nested_branch_dag.py
[2024-08-09T01:55:42.842+0000] {logging_mixin.py:188} INFO - [2024-08-09T01:55:42.841+0000] {dag.py:3089} INFO - Sync 1 DAGs
[2024-08-09T01:55:42.880+0000] {logging_mixin.py:188} INFO - [2024-08-09T01:55:42.880+0000] {dag.py:3947} INFO - Setting next_dagrun for example_nested_branch_dag to 2024-08-08 00:00:00+00:00, run_after=2024-08-09 00:00:00+00:00
[2024-08-09T01:55:42.916+0000] {processor.py:183} INFO - Processing /home/airflow/.local/lib/python3.12/site-packages/airflow/example_dags/example_nested_branch_dag.py took 0.168 seconds
[2024-08-09T01:56:13.271+0000] {processor.py:161} INFO - Started process (PID=2483) to work on /home/airflow/.local/lib/python3.12/site-packages/airflow/example_dags/example_nested_branch_dag.py
[2024-08-09T01:56:13.274+0000] {processor.py:830} INFO - Processing file /home/airflow/.local/lib/python3.12/site-packages/airflow/example_dags/example_nested_branch_dag.py for tasks to queue
[2024-08-09T01:56:13.280+0000] {logging_mixin.py:188} INFO - [2024-08-09T01:56:13.279+0000] {dagbag.py:545} INFO - Filling up the DagBag from /home/airflow/.local/lib/python3.12/site-packages/airflow/example_dags/example_nested_branch_dag.py
[2024-08-09T01:56:13.311+0000] {processor.py:840} INFO - DAG(s) 'example_nested_branch_dag' retrieved from /home/airflow/.local/lib/python3.12/site-packages/airflow/example_dags/example_nested_branch_dag.py
[2024-08-09T01:56:13.378+0000] {logging_mixin.py:188} INFO - [2024-08-09T01:56:13.378+0000] {dag.py:3089} INFO - Sync 1 DAGs
[2024-08-09T01:56:13.424+0000] {logging_mixin.py:188} INFO - [2024-08-09T01:56:13.423+0000] {dag.py:3947} INFO - Setting next_dagrun for example_nested_branch_dag to 2024-08-08 00:00:00+00:00, run_after=2024-08-09 00:00:00+00:00
[2024-08-09T01:56:13.463+0000] {processor.py:183} INFO - Processing /home/airflow/.local/lib/python3.12/site-packages/airflow/example_dags/example_nested_branch_dag.py took 0.218 seconds
[2024-08-09T01:56:43.711+0000] {processor.py:161} INFO - Started process (PID=2541) to work on /home/airflow/.local/lib/python3.12/site-packages/airflow/example_dags/example_nested_branch_dag.py
[2024-08-09T01:56:43.714+0000] {processor.py:830} INFO - Processing file /home/airflow/.local/lib/python3.12/site-packages/airflow/example_dags/example_nested_branch_dag.py for tasks to queue
[2024-08-09T01:56:43.725+0000] {logging_mixin.py:188} INFO - [2024-08-09T01:56:43.723+0000] {dagbag.py:545} INFO - Filling up the DagBag from /home/airflow/.local/lib/python3.12/site-packages/airflow/example_dags/example_nested_branch_dag.py
[2024-08-09T01:56:43.779+0000] {processor.py:840} INFO - DAG(s) 'example_nested_branch_dag' retrieved from /home/airflow/.local/lib/python3.12/site-packages/airflow/example_dags/example_nested_branch_dag.py
[2024-08-09T01:56:43.877+0000] {logging_mixin.py:188} INFO - [2024-08-09T01:56:43.876+0000] {dag.py:3089} INFO - Sync 1 DAGs
[2024-08-09T01:56:43.939+0000] {logging_mixin.py:188} INFO - [2024-08-09T01:56:43.938+0000] {dag.py:3947} INFO - Setting next_dagrun for example_nested_branch_dag to 2024-08-08 00:00:00+00:00, run_after=2024-08-09 00:00:00+00:00
[2024-08-09T01:56:43.991+0000] {processor.py:183} INFO - Processing /home/airflow/.local/lib/python3.12/site-packages/airflow/example_dags/example_nested_branch_dag.py took 0.305 seconds
[2024-08-09T01:57:15.881+0000] {processor.py:161} INFO - Started process (PID=2599) to work on /home/airflow/.local/lib/python3.12/site-packages/airflow/example_dags/example_nested_branch_dag.py
[2024-08-09T01:57:15.886+0000] {processor.py:830} INFO - Processing file /home/airflow/.local/lib/python3.12/site-packages/airflow/example_dags/example_nested_branch_dag.py for tasks to queue
[2024-08-09T01:57:15.893+0000] {logging_mixin.py:188} INFO - [2024-08-09T01:57:15.892+0000] {dagbag.py:545} INFO - Filling up the DagBag from /home/airflow/.local/lib/python3.12/site-packages/airflow/example_dags/example_nested_branch_dag.py
[2024-08-09T01:57:15.971+0000] {processor.py:840} INFO - DAG(s) 'example_nested_branch_dag' retrieved from /home/airflow/.local/lib/python3.12/site-packages/airflow/example_dags/example_nested_branch_dag.py
[2024-08-09T01:57:16.189+0000] {logging_mixin.py:188} INFO - [2024-08-09T01:57:16.189+0000] {dag.py:3089} INFO - Sync 1 DAGs
[2024-08-09T01:57:16.374+0000] {logging_mixin.py:188} INFO - [2024-08-09T01:57:16.374+0000] {dag.py:3947} INFO - Setting next_dagrun for example_nested_branch_dag to 2024-08-08 00:00:00+00:00, run_after=2024-08-09 00:00:00+00:00
[2024-08-09T01:57:16.640+0000] {processor.py:183} INFO - Processing /home/airflow/.local/lib/python3.12/site-packages/airflow/example_dags/example_nested_branch_dag.py took 0.835 seconds
[2024-08-09T01:57:47.660+0000] {processor.py:161} INFO - Started process (PID=2657) to work on /home/airflow/.local/lib/python3.12/site-packages/airflow/example_dags/example_nested_branch_dag.py
[2024-08-09T01:57:47.663+0000] {processor.py:830} INFO - Processing file /home/airflow/.local/lib/python3.12/site-packages/airflow/example_dags/example_nested_branch_dag.py for tasks to queue
[2024-08-09T01:57:47.674+0000] {logging_mixin.py:188} INFO - [2024-08-09T01:57:47.673+0000] {dagbag.py:545} INFO - Filling up the DagBag from /home/airflow/.local/lib/python3.12/site-packages/airflow/example_dags/example_nested_branch_dag.py
[2024-08-09T01:57:47.755+0000] {processor.py:840} INFO - DAG(s) 'example_nested_branch_dag' retrieved from /home/airflow/.local/lib/python3.12/site-packages/airflow/example_dags/example_nested_branch_dag.py
[2024-08-09T01:57:47.862+0000] {logging_mixin.py:188} INFO - [2024-08-09T01:57:47.861+0000] {dag.py:3089} INFO - Sync 1 DAGs
[2024-08-09T01:57:47.951+0000] {logging_mixin.py:188} INFO - [2024-08-09T01:57:47.949+0000] {dag.py:3947} INFO - Setting next_dagrun for example_nested_branch_dag to 2024-08-08 00:00:00+00:00, run_after=2024-08-09 00:00:00+00:00
[2024-08-09T01:57:47.997+0000] {processor.py:183} INFO - Processing /home/airflow/.local/lib/python3.12/site-packages/airflow/example_dags/example_nested_branch_dag.py took 0.369 seconds
[2024-08-09T01:58:18.948+0000] {processor.py:161} INFO - Started process (PID=2715) to work on /home/airflow/.local/lib/python3.12/site-packages/airflow/example_dags/example_nested_branch_dag.py
[2024-08-09T01:58:18.958+0000] {processor.py:830} INFO - Processing file /home/airflow/.local/lib/python3.12/site-packages/airflow/example_dags/example_nested_branch_dag.py for tasks to queue
[2024-08-09T01:58:18.980+0000] {logging_mixin.py:188} INFO - [2024-08-09T01:58:18.978+0000] {dagbag.py:545} INFO - Filling up the DagBag from /home/airflow/.local/lib/python3.12/site-packages/airflow/example_dags/example_nested_branch_dag.py
[2024-08-09T01:58:19.027+0000] {processor.py:840} INFO - DAG(s) 'example_nested_branch_dag' retrieved from /home/airflow/.local/lib/python3.12/site-packages/airflow/example_dags/example_nested_branch_dag.py
[2024-08-09T01:58:19.152+0000] {logging_mixin.py:188} INFO - [2024-08-09T01:58:19.151+0000] {dag.py:3089} INFO - Sync 1 DAGs
[2024-08-09T01:58:19.233+0000] {logging_mixin.py:188} INFO - [2024-08-09T01:58:19.233+0000] {dag.py:3947} INFO - Setting next_dagrun for example_nested_branch_dag to 2024-08-08 00:00:00+00:00, run_after=2024-08-09 00:00:00+00:00
[2024-08-09T01:58:19.302+0000] {processor.py:183} INFO - Processing /home/airflow/.local/lib/python3.12/site-packages/airflow/example_dags/example_nested_branch_dag.py took 0.399 seconds
[2024-08-09T01:58:49.418+0000] {processor.py:161} INFO - Started process (PID=2773) to work on /home/airflow/.local/lib/python3.12/site-packages/airflow/example_dags/example_nested_branch_dag.py
[2024-08-09T01:58:49.423+0000] {processor.py:830} INFO - Processing file /home/airflow/.local/lib/python3.12/site-packages/airflow/example_dags/example_nested_branch_dag.py for tasks to queue
[2024-08-09T01:58:49.429+0000] {logging_mixin.py:188} INFO - [2024-08-09T01:58:49.428+0000] {dagbag.py:545} INFO - Filling up the DagBag from /home/airflow/.local/lib/python3.12/site-packages/airflow/example_dags/example_nested_branch_dag.py
[2024-08-09T01:58:49.458+0000] {processor.py:840} INFO - DAG(s) 'example_nested_branch_dag' retrieved from /home/airflow/.local/lib/python3.12/site-packages/airflow/example_dags/example_nested_branch_dag.py
[2024-08-09T01:58:49.554+0000] {logging_mixin.py:188} INFO - [2024-08-09T01:58:49.553+0000] {dag.py:3089} INFO - Sync 1 DAGs
[2024-08-09T01:58:49.600+0000] {logging_mixin.py:188} INFO - [2024-08-09T01:58:49.599+0000] {dag.py:3947} INFO - Setting next_dagrun for example_nested_branch_dag to 2024-08-08 00:00:00+00:00, run_after=2024-08-09 00:00:00+00:00
[2024-08-09T01:58:49.686+0000] {processor.py:183} INFO - Processing /home/airflow/.local/lib/python3.12/site-packages/airflow/example_dags/example_nested_branch_dag.py took 0.287 seconds
[2024-08-09T01:59:19.882+0000] {processor.py:161} INFO - Started process (PID=2831) to work on /home/airflow/.local/lib/python3.12/site-packages/airflow/example_dags/example_nested_branch_dag.py
[2024-08-09T01:59:19.888+0000] {processor.py:830} INFO - Processing file /home/airflow/.local/lib/python3.12/site-packages/airflow/example_dags/example_nested_branch_dag.py for tasks to queue
[2024-08-09T01:59:19.899+0000] {logging_mixin.py:188} INFO - [2024-08-09T01:59:19.898+0000] {dagbag.py:545} INFO - Filling up the DagBag from /home/airflow/.local/lib/python3.12/site-packages/airflow/example_dags/example_nested_branch_dag.py
[2024-08-09T01:59:19.949+0000] {processor.py:840} INFO - DAG(s) 'example_nested_branch_dag' retrieved from /home/airflow/.local/lib/python3.12/site-packages/airflow/example_dags/example_nested_branch_dag.py
[2024-08-09T01:59:20.112+0000] {logging_mixin.py:188} INFO - [2024-08-09T01:59:20.112+0000] {dag.py:3089} INFO - Sync 1 DAGs
[2024-08-09T01:59:20.447+0000] {logging_mixin.py:188} INFO - [2024-08-09T01:59:20.446+0000] {dag.py:3947} INFO - Setting next_dagrun for example_nested_branch_dag to 2024-08-08 00:00:00+00:00, run_after=2024-08-09 00:00:00+00:00
[2024-08-09T01:59:20.726+0000] {processor.py:183} INFO - Processing /home/airflow/.local/lib/python3.12/site-packages/airflow/example_dags/example_nested_branch_dag.py took 0.879 seconds
[2024-08-09T01:59:51.081+0000] {processor.py:161} INFO - Started process (PID=2889) to work on /home/airflow/.local/lib/python3.12/site-packages/airflow/example_dags/example_nested_branch_dag.py
[2024-08-09T01:59:51.083+0000] {processor.py:830} INFO - Processing file /home/airflow/.local/lib/python3.12/site-packages/airflow/example_dags/example_nested_branch_dag.py for tasks to queue
[2024-08-09T01:59:51.088+0000] {logging_mixin.py:188} INFO - [2024-08-09T01:59:51.087+0000] {dagbag.py:545} INFO - Filling up the DagBag from /home/airflow/.local/lib/python3.12/site-packages/airflow/example_dags/example_nested_branch_dag.py
[2024-08-09T01:59:51.112+0000] {processor.py:840} INFO - DAG(s) 'example_nested_branch_dag' retrieved from /home/airflow/.local/lib/python3.12/site-packages/airflow/example_dags/example_nested_branch_dag.py
[2024-08-09T01:59:51.170+0000] {logging_mixin.py:188} INFO - [2024-08-09T01:59:51.169+0000] {dag.py:3089} INFO - Sync 1 DAGs
[2024-08-09T01:59:51.220+0000] {logging_mixin.py:188} INFO - [2024-08-09T01:59:51.220+0000] {dag.py:3947} INFO - Setting next_dagrun for example_nested_branch_dag to 2024-08-08 00:00:00+00:00, run_after=2024-08-09 00:00:00+00:00
[2024-08-09T01:59:51.267+0000] {processor.py:183} INFO - Processing /home/airflow/.local/lib/python3.12/site-packages/airflow/example_dags/example_nested_branch_dag.py took 0.202 seconds
[2024-08-09T02:00:21.506+0000] {processor.py:161} INFO - Started process (PID=2946) to work on /home/airflow/.local/lib/python3.12/site-packages/airflow/example_dags/example_nested_branch_dag.py
[2024-08-09T02:00:21.509+0000] {processor.py:830} INFO - Processing file /home/airflow/.local/lib/python3.12/site-packages/airflow/example_dags/example_nested_branch_dag.py for tasks to queue
[2024-08-09T02:00:21.514+0000] {logging_mixin.py:188} INFO - [2024-08-09T02:00:21.513+0000] {dagbag.py:545} INFO - Filling up the DagBag from /home/airflow/.local/lib/python3.12/site-packages/airflow/example_dags/example_nested_branch_dag.py
[2024-08-09T02:00:21.553+0000] {processor.py:840} INFO - DAG(s) 'example_nested_branch_dag' retrieved from /home/airflow/.local/lib/python3.12/site-packages/airflow/example_dags/example_nested_branch_dag.py
[2024-08-09T02:00:21.619+0000] {logging_mixin.py:188} INFO - [2024-08-09T02:00:21.618+0000] {dag.py:3089} INFO - Sync 1 DAGs
[2024-08-09T02:00:21.662+0000] {logging_mixin.py:188} INFO - [2024-08-09T02:00:21.661+0000] {dag.py:3947} INFO - Setting next_dagrun for example_nested_branch_dag to 2024-08-08 00:00:00+00:00, run_after=2024-08-09 00:00:00+00:00
[2024-08-09T02:00:21.695+0000] {processor.py:183} INFO - Processing /home/airflow/.local/lib/python3.12/site-packages/airflow/example_dags/example_nested_branch_dag.py took 0.211 seconds
[2024-08-09T02:00:51.799+0000] {processor.py:161} INFO - Started process (PID=3004) to work on /home/airflow/.local/lib/python3.12/site-packages/airflow/example_dags/example_nested_branch_dag.py
[2024-08-09T02:00:51.802+0000] {processor.py:830} INFO - Processing file /home/airflow/.local/lib/python3.12/site-packages/airflow/example_dags/example_nested_branch_dag.py for tasks to queue
[2024-08-09T02:00:51.807+0000] {logging_mixin.py:188} INFO - [2024-08-09T02:00:51.806+0000] {dagbag.py:545} INFO - Filling up the DagBag from /home/airflow/.local/lib/python3.12/site-packages/airflow/example_dags/example_nested_branch_dag.py
[2024-08-09T02:00:51.831+0000] {processor.py:840} INFO - DAG(s) 'example_nested_branch_dag' retrieved from /home/airflow/.local/lib/python3.12/site-packages/airflow/example_dags/example_nested_branch_dag.py
[2024-08-09T02:00:51.888+0000] {logging_mixin.py:188} INFO - [2024-08-09T02:00:51.887+0000] {dag.py:3089} INFO - Sync 1 DAGs
[2024-08-09T02:00:51.928+0000] {logging_mixin.py:188} INFO - [2024-08-09T02:00:51.927+0000] {dag.py:3947} INFO - Setting next_dagrun for example_nested_branch_dag to 2024-08-08 00:00:00+00:00, run_after=2024-08-09 00:00:00+00:00
[2024-08-09T02:00:51.963+0000] {processor.py:183} INFO - Processing /home/airflow/.local/lib/python3.12/site-packages/airflow/example_dags/example_nested_branch_dag.py took 0.180 seconds
[2024-08-09T02:01:22.077+0000] {processor.py:161} INFO - Started process (PID=3062) to work on /home/airflow/.local/lib/python3.12/site-packages/airflow/example_dags/example_nested_branch_dag.py
[2024-08-09T02:01:22.082+0000] {processor.py:830} INFO - Processing file /home/airflow/.local/lib/python3.12/site-packages/airflow/example_dags/example_nested_branch_dag.py for tasks to queue
[2024-08-09T02:01:22.090+0000] {logging_mixin.py:188} INFO - [2024-08-09T02:01:22.087+0000] {dagbag.py:545} INFO - Filling up the DagBag from /home/airflow/.local/lib/python3.12/site-packages/airflow/example_dags/example_nested_branch_dag.py
[2024-08-09T02:01:22.117+0000] {processor.py:840} INFO - DAG(s) 'example_nested_branch_dag' retrieved from /home/airflow/.local/lib/python3.12/site-packages/airflow/example_dags/example_nested_branch_dag.py
[2024-08-09T02:01:22.177+0000] {logging_mixin.py:188} INFO - [2024-08-09T02:01:22.176+0000] {dag.py:3089} INFO - Sync 1 DAGs
[2024-08-09T02:01:22.216+0000] {logging_mixin.py:188} INFO - [2024-08-09T02:01:22.216+0000] {dag.py:3947} INFO - Setting next_dagrun for example_nested_branch_dag to 2024-08-08 00:00:00+00:00, run_after=2024-08-09 00:00:00+00:00
[2024-08-09T02:01:22.257+0000] {processor.py:183} INFO - Processing /home/airflow/.local/lib/python3.12/site-packages/airflow/example_dags/example_nested_branch_dag.py took 0.203 seconds
[2024-08-09T02:01:52.702+0000] {processor.py:161} INFO - Started process (PID=3120) to work on /home/airflow/.local/lib/python3.12/site-packages/airflow/example_dags/example_nested_branch_dag.py
[2024-08-09T02:01:52.705+0000] {processor.py:830} INFO - Processing file /home/airflow/.local/lib/python3.12/site-packages/airflow/example_dags/example_nested_branch_dag.py for tasks to queue
[2024-08-09T02:01:52.711+0000] {logging_mixin.py:188} INFO - [2024-08-09T02:01:52.710+0000] {dagbag.py:545} INFO - Filling up the DagBag from /home/airflow/.local/lib/python3.12/site-packages/airflow/example_dags/example_nested_branch_dag.py
[2024-08-09T02:01:52.742+0000] {processor.py:840} INFO - DAG(s) 'example_nested_branch_dag' retrieved from /home/airflow/.local/lib/python3.12/site-packages/airflow/example_dags/example_nested_branch_dag.py
[2024-08-09T02:01:52.805+0000] {logging_mixin.py:188} INFO - [2024-08-09T02:01:52.804+0000] {dag.py:3089} INFO - Sync 1 DAGs
[2024-08-09T02:01:52.858+0000] {logging_mixin.py:188} INFO - [2024-08-09T02:01:52.857+0000] {dag.py:3947} INFO - Setting next_dagrun for example_nested_branch_dag to 2024-08-08 00:00:00+00:00, run_after=2024-08-09 00:00:00+00:00
[2024-08-09T02:01:52.893+0000] {processor.py:183} INFO - Processing /home/airflow/.local/lib/python3.12/site-packages/airflow/example_dags/example_nested_branch_dag.py took 0.213 seconds
[2024-08-09T02:02:23.039+0000] {processor.py:161} INFO - Started process (PID=3178) to work on /home/airflow/.local/lib/python3.12/site-packages/airflow/example_dags/example_nested_branch_dag.py
[2024-08-09T02:02:23.043+0000] {processor.py:830} INFO - Processing file /home/airflow/.local/lib/python3.12/site-packages/airflow/example_dags/example_nested_branch_dag.py for tasks to queue
[2024-08-09T02:02:23.049+0000] {logging_mixin.py:188} INFO - [2024-08-09T02:02:23.048+0000] {dagbag.py:545} INFO - Filling up the DagBag from /home/airflow/.local/lib/python3.12/site-packages/airflow/example_dags/example_nested_branch_dag.py
[2024-08-09T02:02:23.076+0000] {processor.py:840} INFO - DAG(s) 'example_nested_branch_dag' retrieved from /home/airflow/.local/lib/python3.12/site-packages/airflow/example_dags/example_nested_branch_dag.py
[2024-08-09T02:02:23.162+0000] {logging_mixin.py:188} INFO - [2024-08-09T02:02:23.162+0000] {dag.py:3089} INFO - Sync 1 DAGs
[2024-08-09T02:02:23.244+0000] {logging_mixin.py:188} INFO - [2024-08-09T02:02:23.243+0000] {dag.py:3947} INFO - Setting next_dagrun for example_nested_branch_dag to 2024-08-08 00:00:00+00:00, run_after=2024-08-09 00:00:00+00:00
[2024-08-09T02:02:23.292+0000] {processor.py:183} INFO - Processing /home/airflow/.local/lib/python3.12/site-packages/airflow/example_dags/example_nested_branch_dag.py took 0.275 seconds
[2024-08-09T02:02:53.906+0000] {processor.py:161} INFO - Started process (PID=3236) to work on /home/airflow/.local/lib/python3.12/site-packages/airflow/example_dags/example_nested_branch_dag.py
[2024-08-09T02:02:53.911+0000] {processor.py:830} INFO - Processing file /home/airflow/.local/lib/python3.12/site-packages/airflow/example_dags/example_nested_branch_dag.py for tasks to queue
[2024-08-09T02:02:53.921+0000] {logging_mixin.py:188} INFO - [2024-08-09T02:02:53.920+0000] {dagbag.py:545} INFO - Filling up the DagBag from /home/airflow/.local/lib/python3.12/site-packages/airflow/example_dags/example_nested_branch_dag.py
[2024-08-09T02:02:53.946+0000] {processor.py:840} INFO - DAG(s) 'example_nested_branch_dag' retrieved from /home/airflow/.local/lib/python3.12/site-packages/airflow/example_dags/example_nested_branch_dag.py
[2024-08-09T02:02:54.078+0000] {logging_mixin.py:188} INFO - [2024-08-09T02:02:54.078+0000] {dag.py:3089} INFO - Sync 1 DAGs
[2024-08-09T02:02:54.162+0000] {logging_mixin.py:188} INFO - [2024-08-09T02:02:54.158+0000] {dag.py:3947} INFO - Setting next_dagrun for example_nested_branch_dag to 2024-08-08 00:00:00+00:00, run_after=2024-08-09 00:00:00+00:00
[2024-08-09T02:02:54.226+0000] {processor.py:183} INFO - Processing /home/airflow/.local/lib/python3.12/site-packages/airflow/example_dags/example_nested_branch_dag.py took 0.342 seconds
[2024-08-09T02:03:24.327+0000] {processor.py:161} INFO - Started process (PID=3292) to work on /home/airflow/.local/lib/python3.12/site-packages/airflow/example_dags/example_nested_branch_dag.py
[2024-08-09T02:03:24.330+0000] {processor.py:830} INFO - Processing file /home/airflow/.local/lib/python3.12/site-packages/airflow/example_dags/example_nested_branch_dag.py for tasks to queue
[2024-08-09T02:03:24.335+0000] {logging_mixin.py:188} INFO - [2024-08-09T02:03:24.335+0000] {dagbag.py:545} INFO - Filling up the DagBag from /home/airflow/.local/lib/python3.12/site-packages/airflow/example_dags/example_nested_branch_dag.py
[2024-08-09T02:03:24.363+0000] {processor.py:840} INFO - DAG(s) 'example_nested_branch_dag' retrieved from /home/airflow/.local/lib/python3.12/site-packages/airflow/example_dags/example_nested_branch_dag.py
[2024-08-09T02:03:24.434+0000] {logging_mixin.py:188} INFO - [2024-08-09T02:03:24.434+0000] {dag.py:3089} INFO - Sync 1 DAGs
[2024-08-09T02:03:24.485+0000] {logging_mixin.py:188} INFO - [2024-08-09T02:03:24.484+0000] {dag.py:3947} INFO - Setting next_dagrun for example_nested_branch_dag to 2024-08-08 00:00:00+00:00, run_after=2024-08-09 00:00:00+00:00
[2024-08-09T02:03:24.535+0000] {processor.py:183} INFO - Processing /home/airflow/.local/lib/python3.12/site-packages/airflow/example_dags/example_nested_branch_dag.py took 0.227 seconds
[2024-08-09T02:03:55.165+0000] {processor.py:161} INFO - Started process (PID=3349) to work on /home/airflow/.local/lib/python3.12/site-packages/airflow/example_dags/example_nested_branch_dag.py
[2024-08-09T02:03:55.168+0000] {processor.py:830} INFO - Processing file /home/airflow/.local/lib/python3.12/site-packages/airflow/example_dags/example_nested_branch_dag.py for tasks to queue
[2024-08-09T02:03:55.172+0000] {logging_mixin.py:188} INFO - [2024-08-09T02:03:55.172+0000] {dagbag.py:545} INFO - Filling up the DagBag from /home/airflow/.local/lib/python3.12/site-packages/airflow/example_dags/example_nested_branch_dag.py
[2024-08-09T02:03:55.196+0000] {processor.py:840} INFO - DAG(s) 'example_nested_branch_dag' retrieved from /home/airflow/.local/lib/python3.12/site-packages/airflow/example_dags/example_nested_branch_dag.py
[2024-08-09T02:03:55.245+0000] {logging_mixin.py:188} INFO - [2024-08-09T02:03:55.244+0000] {dag.py:3089} INFO - Sync 1 DAGs
[2024-08-09T02:03:55.281+0000] {logging_mixin.py:188} INFO - [2024-08-09T02:03:55.281+0000] {dag.py:3947} INFO - Setting next_dagrun for example_nested_branch_dag to 2024-08-08 00:00:00+00:00, run_after=2024-08-09 00:00:00+00:00
[2024-08-09T02:03:55.314+0000] {processor.py:183} INFO - Processing /home/airflow/.local/lib/python3.12/site-packages/airflow/example_dags/example_nested_branch_dag.py took 0.166 seconds
[2024-08-09T02:04:25.456+0000] {processor.py:161} INFO - Started process (PID=3407) to work on /home/airflow/.local/lib/python3.12/site-packages/airflow/example_dags/example_nested_branch_dag.py
[2024-08-09T02:04:25.460+0000] {processor.py:830} INFO - Processing file /home/airflow/.local/lib/python3.12/site-packages/airflow/example_dags/example_nested_branch_dag.py for tasks to queue
[2024-08-09T02:04:25.466+0000] {logging_mixin.py:188} INFO - [2024-08-09T02:04:25.465+0000] {dagbag.py:545} INFO - Filling up the DagBag from /home/airflow/.local/lib/python3.12/site-packages/airflow/example_dags/example_nested_branch_dag.py
[2024-08-09T02:04:25.494+0000] {processor.py:840} INFO - DAG(s) 'example_nested_branch_dag' retrieved from /home/airflow/.local/lib/python3.12/site-packages/airflow/example_dags/example_nested_branch_dag.py
[2024-08-09T02:04:25.557+0000] {logging_mixin.py:188} INFO - [2024-08-09T02:04:25.556+0000] {dag.py:3089} INFO - Sync 1 DAGs
[2024-08-09T02:04:25.605+0000] {logging_mixin.py:188} INFO - [2024-08-09T02:04:25.604+0000] {dag.py:3947} INFO - Setting next_dagrun for example_nested_branch_dag to 2024-08-08 00:00:00+00:00, run_after=2024-08-09 00:00:00+00:00
[2024-08-09T02:04:25.647+0000] {processor.py:183} INFO - Processing /home/airflow/.local/lib/python3.12/site-packages/airflow/example_dags/example_nested_branch_dag.py took 0.210 seconds
[2024-08-09T02:04:55.829+0000] {processor.py:161} INFO - Started process (PID=3465) to work on /home/airflow/.local/lib/python3.12/site-packages/airflow/example_dags/example_nested_branch_dag.py
[2024-08-09T02:04:55.833+0000] {processor.py:830} INFO - Processing file /home/airflow/.local/lib/python3.12/site-packages/airflow/example_dags/example_nested_branch_dag.py for tasks to queue
[2024-08-09T02:04:55.839+0000] {logging_mixin.py:188} INFO - [2024-08-09T02:04:55.838+0000] {dagbag.py:545} INFO - Filling up the DagBag from /home/airflow/.local/lib/python3.12/site-packages/airflow/example_dags/example_nested_branch_dag.py
[2024-08-09T02:04:55.869+0000] {processor.py:840} INFO - DAG(s) 'example_nested_branch_dag' retrieved from /home/airflow/.local/lib/python3.12/site-packages/airflow/example_dags/example_nested_branch_dag.py
[2024-08-09T02:04:55.930+0000] {logging_mixin.py:188} INFO - [2024-08-09T02:04:55.930+0000] {dag.py:3089} INFO - Sync 1 DAGs
[2024-08-09T02:04:55.974+0000] {logging_mixin.py:188} INFO - [2024-08-09T02:04:55.973+0000] {dag.py:3947} INFO - Setting next_dagrun for example_nested_branch_dag to 2024-08-08 00:00:00+00:00, run_after=2024-08-09 00:00:00+00:00
[2024-08-09T02:04:56.013+0000] {processor.py:183} INFO - Processing /home/airflow/.local/lib/python3.12/site-packages/airflow/example_dags/example_nested_branch_dag.py took 0.204 seconds
[2024-08-09T02:05:26.655+0000] {processor.py:161} INFO - Started process (PID=3523) to work on /home/airflow/.local/lib/python3.12/site-packages/airflow/example_dags/example_nested_branch_dag.py
[2024-08-09T02:05:26.663+0000] {processor.py:830} INFO - Processing file /home/airflow/.local/lib/python3.12/site-packages/airflow/example_dags/example_nested_branch_dag.py for tasks to queue
[2024-08-09T02:05:26.677+0000] {logging_mixin.py:188} INFO - [2024-08-09T02:05:26.673+0000] {dagbag.py:545} INFO - Filling up the DagBag from /home/airflow/.local/lib/python3.12/site-packages/airflow/example_dags/example_nested_branch_dag.py
[2024-08-09T02:05:26.747+0000] {processor.py:840} INFO - DAG(s) 'example_nested_branch_dag' retrieved from /home/airflow/.local/lib/python3.12/site-packages/airflow/example_dags/example_nested_branch_dag.py
[2024-08-09T02:05:26.883+0000] {logging_mixin.py:188} INFO - [2024-08-09T02:05:26.882+0000] {dag.py:3089} INFO - Sync 1 DAGs
[2024-08-09T02:05:26.971+0000] {logging_mixin.py:188} INFO - [2024-08-09T02:05:26.971+0000] {dag.py:3947} INFO - Setting next_dagrun for example_nested_branch_dag to 2024-08-08 00:00:00+00:00, run_after=2024-08-09 00:00:00+00:00
[2024-08-09T02:05:27.028+0000] {processor.py:183} INFO - Processing /home/airflow/.local/lib/python3.12/site-packages/airflow/example_dags/example_nested_branch_dag.py took 0.440 seconds
[2024-08-09T02:05:57.284+0000] {processor.py:161} INFO - Started process (PID=3580) to work on /home/airflow/.local/lib/python3.12/site-packages/airflow/example_dags/example_nested_branch_dag.py
[2024-08-09T02:05:57.301+0000] {processor.py:830} INFO - Processing file /home/airflow/.local/lib/python3.12/site-packages/airflow/example_dags/example_nested_branch_dag.py for tasks to queue
[2024-08-09T02:05:57.324+0000] {logging_mixin.py:188} INFO - [2024-08-09T02:05:57.323+0000] {dagbag.py:545} INFO - Filling up the DagBag from /home/airflow/.local/lib/python3.12/site-packages/airflow/example_dags/example_nested_branch_dag.py
[2024-08-09T02:05:57.432+0000] {processor.py:840} INFO - DAG(s) 'example_nested_branch_dag' retrieved from /home/airflow/.local/lib/python3.12/site-packages/airflow/example_dags/example_nested_branch_dag.py
[2024-08-09T02:05:57.553+0000] {logging_mixin.py:188} INFO - [2024-08-09T02:05:57.552+0000] {dag.py:3089} INFO - Sync 1 DAGs
[2024-08-09T02:05:57.621+0000] {logging_mixin.py:188} INFO - [2024-08-09T02:05:57.621+0000] {dag.py:3947} INFO - Setting next_dagrun for example_nested_branch_dag to 2024-08-08 00:00:00+00:00, run_after=2024-08-09 00:00:00+00:00
[2024-08-09T02:05:57.681+0000] {processor.py:183} INFO - Processing /home/airflow/.local/lib/python3.12/site-packages/airflow/example_dags/example_nested_branch_dag.py took 0.489 seconds
[2024-08-09T02:06:28.416+0000] {processor.py:161} INFO - Started process (PID=3638) to work on /home/airflow/.local/lib/python3.12/site-packages/airflow/example_dags/example_nested_branch_dag.py
[2024-08-09T02:06:28.422+0000] {processor.py:830} INFO - Processing file /home/airflow/.local/lib/python3.12/site-packages/airflow/example_dags/example_nested_branch_dag.py for tasks to queue
[2024-08-09T02:06:28.428+0000] {logging_mixin.py:188} INFO - [2024-08-09T02:06:28.426+0000] {dagbag.py:545} INFO - Filling up the DagBag from /home/airflow/.local/lib/python3.12/site-packages/airflow/example_dags/example_nested_branch_dag.py
[2024-08-09T02:06:28.469+0000] {processor.py:840} INFO - DAG(s) 'example_nested_branch_dag' retrieved from /home/airflow/.local/lib/python3.12/site-packages/airflow/example_dags/example_nested_branch_dag.py
[2024-08-09T02:06:28.550+0000] {logging_mixin.py:188} INFO - [2024-08-09T02:06:28.550+0000] {dag.py:3089} INFO - Sync 1 DAGs
[2024-08-09T02:06:28.626+0000] {logging_mixin.py:188} INFO - [2024-08-09T02:06:28.626+0000] {dag.py:3947} INFO - Setting next_dagrun for example_nested_branch_dag to 2024-08-08 00:00:00+00:00, run_after=2024-08-09 00:00:00+00:00
[2024-08-09T02:06:28.662+0000] {processor.py:183} INFO - Processing /home/airflow/.local/lib/python3.12/site-packages/airflow/example_dags/example_nested_branch_dag.py took 0.282 seconds
[2024-08-09T02:06:59.361+0000] {processor.py:161} INFO - Started process (PID=3696) to work on /home/airflow/.local/lib/python3.12/site-packages/airflow/example_dags/example_nested_branch_dag.py
[2024-08-09T02:06:59.363+0000] {processor.py:830} INFO - Processing file /home/airflow/.local/lib/python3.12/site-packages/airflow/example_dags/example_nested_branch_dag.py for tasks to queue
[2024-08-09T02:06:59.369+0000] {logging_mixin.py:188} INFO - [2024-08-09T02:06:59.368+0000] {dagbag.py:545} INFO - Filling up the DagBag from /home/airflow/.local/lib/python3.12/site-packages/airflow/example_dags/example_nested_branch_dag.py
[2024-08-09T02:06:59.405+0000] {processor.py:840} INFO - DAG(s) 'example_nested_branch_dag' retrieved from /home/airflow/.local/lib/python3.12/site-packages/airflow/example_dags/example_nested_branch_dag.py
[2024-08-09T02:06:59.479+0000] {logging_mixin.py:188} INFO - [2024-08-09T02:06:59.479+0000] {dag.py:3089} INFO - Sync 1 DAGs
[2024-08-09T02:06:59.528+0000] {logging_mixin.py:188} INFO - [2024-08-09T02:06:59.526+0000] {dag.py:3947} INFO - Setting next_dagrun for example_nested_branch_dag to 2024-08-08 00:00:00+00:00, run_after=2024-08-09 00:00:00+00:00
[2024-08-09T02:06:59.585+0000] {processor.py:183} INFO - Processing /home/airflow/.local/lib/python3.12/site-packages/airflow/example_dags/example_nested_branch_dag.py took 0.246 seconds
[2024-08-09T02:07:30.209+0000] {processor.py:161} INFO - Started process (PID=3753) to work on /home/airflow/.local/lib/python3.12/site-packages/airflow/example_dags/example_nested_branch_dag.py
[2024-08-09T02:07:30.212+0000] {processor.py:830} INFO - Processing file /home/airflow/.local/lib/python3.12/site-packages/airflow/example_dags/example_nested_branch_dag.py for tasks to queue
[2024-08-09T02:07:30.219+0000] {logging_mixin.py:188} INFO - [2024-08-09T02:07:30.218+0000] {dagbag.py:545} INFO - Filling up the DagBag from /home/airflow/.local/lib/python3.12/site-packages/airflow/example_dags/example_nested_branch_dag.py
[2024-08-09T02:07:30.242+0000] {processor.py:840} INFO - DAG(s) 'example_nested_branch_dag' retrieved from /home/airflow/.local/lib/python3.12/site-packages/airflow/example_dags/example_nested_branch_dag.py
[2024-08-09T02:07:30.304+0000] {logging_mixin.py:188} INFO - [2024-08-09T02:07:30.304+0000] {dag.py:3089} INFO - Sync 1 DAGs
[2024-08-09T02:07:30.359+0000] {logging_mixin.py:188} INFO - [2024-08-09T02:07:30.358+0000] {dag.py:3947} INFO - Setting next_dagrun for example_nested_branch_dag to 2024-08-08 00:00:00+00:00, run_after=2024-08-09 00:00:00+00:00
[2024-08-09T02:07:30.414+0000] {processor.py:183} INFO - Processing /home/airflow/.local/lib/python3.12/site-packages/airflow/example_dags/example_nested_branch_dag.py took 0.222 seconds
[2024-08-09T02:08:00.811+0000] {processor.py:161} INFO - Started process (PID=3810) to work on /home/airflow/.local/lib/python3.12/site-packages/airflow/example_dags/example_nested_branch_dag.py
[2024-08-09T02:08:00.813+0000] {processor.py:830} INFO - Processing file /home/airflow/.local/lib/python3.12/site-packages/airflow/example_dags/example_nested_branch_dag.py for tasks to queue
[2024-08-09T02:08:00.818+0000] {logging_mixin.py:188} INFO - [2024-08-09T02:08:00.818+0000] {dagbag.py:545} INFO - Filling up the DagBag from /home/airflow/.local/lib/python3.12/site-packages/airflow/example_dags/example_nested_branch_dag.py
[2024-08-09T02:08:00.843+0000] {processor.py:840} INFO - DAG(s) 'example_nested_branch_dag' retrieved from /home/airflow/.local/lib/python3.12/site-packages/airflow/example_dags/example_nested_branch_dag.py
[2024-08-09T02:08:00.903+0000] {logging_mixin.py:188} INFO - [2024-08-09T02:08:00.903+0000] {dag.py:3089} INFO - Sync 1 DAGs
[2024-08-09T02:08:00.941+0000] {logging_mixin.py:188} INFO - [2024-08-09T02:08:00.941+0000] {dag.py:3947} INFO - Setting next_dagrun for example_nested_branch_dag to 2024-08-08 00:00:00+00:00, run_after=2024-08-09 00:00:00+00:00
[2024-08-09T02:08:00.977+0000] {processor.py:183} INFO - Processing /home/airflow/.local/lib/python3.12/site-packages/airflow/example_dags/example_nested_branch_dag.py took 0.183 seconds
[2024-08-09T02:08:31.128+0000] {processor.py:161} INFO - Started process (PID=3866) to work on /home/airflow/.local/lib/python3.12/site-packages/airflow/example_dags/example_nested_branch_dag.py
[2024-08-09T02:08:31.130+0000] {processor.py:830} INFO - Processing file /home/airflow/.local/lib/python3.12/site-packages/airflow/example_dags/example_nested_branch_dag.py for tasks to queue
[2024-08-09T02:08:31.134+0000] {logging_mixin.py:188} INFO - [2024-08-09T02:08:31.134+0000] {dagbag.py:545} INFO - Filling up the DagBag from /home/airflow/.local/lib/python3.12/site-packages/airflow/example_dags/example_nested_branch_dag.py
[2024-08-09T02:08:31.156+0000] {processor.py:840} INFO - DAG(s) 'example_nested_branch_dag' retrieved from /home/airflow/.local/lib/python3.12/site-packages/airflow/example_dags/example_nested_branch_dag.py
[2024-08-09T02:08:31.209+0000] {logging_mixin.py:188} INFO - [2024-08-09T02:08:31.209+0000] {dag.py:3089} INFO - Sync 1 DAGs
[2024-08-09T02:08:31.246+0000] {logging_mixin.py:188} INFO - [2024-08-09T02:08:31.246+0000] {dag.py:3947} INFO - Setting next_dagrun for example_nested_branch_dag to 2024-08-08 00:00:00+00:00, run_after=2024-08-09 00:00:00+00:00
[2024-08-09T02:08:31.277+0000] {processor.py:183} INFO - Processing /home/airflow/.local/lib/python3.12/site-packages/airflow/example_dags/example_nested_branch_dag.py took 0.165 seconds
[2024-08-09T02:09:01.613+0000] {processor.py:161} INFO - Started process (PID=3924) to work on /home/airflow/.local/lib/python3.12/site-packages/airflow/example_dags/example_nested_branch_dag.py
[2024-08-09T02:09:01.616+0000] {processor.py:830} INFO - Processing file /home/airflow/.local/lib/python3.12/site-packages/airflow/example_dags/example_nested_branch_dag.py for tasks to queue
[2024-08-09T02:09:01.621+0000] {logging_mixin.py:188} INFO - [2024-08-09T02:09:01.620+0000] {dagbag.py:545} INFO - Filling up the DagBag from /home/airflow/.local/lib/python3.12/site-packages/airflow/example_dags/example_nested_branch_dag.py
[2024-08-09T02:09:01.646+0000] {processor.py:840} INFO - DAG(s) 'example_nested_branch_dag' retrieved from /home/airflow/.local/lib/python3.12/site-packages/airflow/example_dags/example_nested_branch_dag.py
[2024-08-09T02:09:01.703+0000] {logging_mixin.py:188} INFO - [2024-08-09T02:09:01.703+0000] {dag.py:3089} INFO - Sync 1 DAGs
[2024-08-09T02:09:01.750+0000] {logging_mixin.py:188} INFO - [2024-08-09T02:09:01.749+0000] {dag.py:3947} INFO - Setting next_dagrun for example_nested_branch_dag to 2024-08-08 00:00:00+00:00, run_after=2024-08-09 00:00:00+00:00
[2024-08-09T02:09:01.821+0000] {processor.py:183} INFO - Processing /home/airflow/.local/lib/python3.12/site-packages/airflow/example_dags/example_nested_branch_dag.py took 0.223 seconds
[2024-08-09T02:09:32.492+0000] {processor.py:161} INFO - Started process (PID=3988) to work on /home/airflow/.local/lib/python3.12/site-packages/airflow/example_dags/example_nested_branch_dag.py
[2024-08-09T02:09:32.506+0000] {processor.py:830} INFO - Processing file /home/airflow/.local/lib/python3.12/site-packages/airflow/example_dags/example_nested_branch_dag.py for tasks to queue
[2024-08-09T02:09:32.522+0000] {logging_mixin.py:188} INFO - [2024-08-09T02:09:32.520+0000] {dagbag.py:545} INFO - Filling up the DagBag from /home/airflow/.local/lib/python3.12/site-packages/airflow/example_dags/example_nested_branch_dag.py
[2024-08-09T02:09:32.601+0000] {processor.py:840} INFO - DAG(s) 'example_nested_branch_dag' retrieved from /home/airflow/.local/lib/python3.12/site-packages/airflow/example_dags/example_nested_branch_dag.py
[2024-08-09T02:09:32.752+0000] {logging_mixin.py:188} INFO - [2024-08-09T02:09:32.749+0000] {dag.py:3089} INFO - Sync 1 DAGs
[2024-08-09T02:09:32.898+0000] {logging_mixin.py:188} INFO - [2024-08-09T02:09:32.895+0000] {dag.py:3947} INFO - Setting next_dagrun for example_nested_branch_dag to 2024-08-08 00:00:00+00:00, run_after=2024-08-09 00:00:00+00:00
[2024-08-09T02:09:33.093+0000] {processor.py:183} INFO - Processing /home/airflow/.local/lib/python3.12/site-packages/airflow/example_dags/example_nested_branch_dag.py took 0.699 seconds
[2024-08-09T02:10:03.999+0000] {processor.py:161} INFO - Started process (PID=4046) to work on /home/airflow/.local/lib/python3.12/site-packages/airflow/example_dags/example_nested_branch_dag.py
[2024-08-09T02:10:04.002+0000] {processor.py:830} INFO - Processing file /home/airflow/.local/lib/python3.12/site-packages/airflow/example_dags/example_nested_branch_dag.py for tasks to queue
[2024-08-09T02:10:04.008+0000] {logging_mixin.py:188} INFO - [2024-08-09T02:10:04.007+0000] {dagbag.py:545} INFO - Filling up the DagBag from /home/airflow/.local/lib/python3.12/site-packages/airflow/example_dags/example_nested_branch_dag.py
[2024-08-09T02:10:04.042+0000] {processor.py:840} INFO - DAG(s) 'example_nested_branch_dag' retrieved from /home/airflow/.local/lib/python3.12/site-packages/airflow/example_dags/example_nested_branch_dag.py
[2024-08-09T02:10:04.107+0000] {logging_mixin.py:188} INFO - [2024-08-09T02:10:04.106+0000] {dag.py:3089} INFO - Sync 1 DAGs
[2024-08-09T02:10:04.177+0000] {logging_mixin.py:188} INFO - [2024-08-09T02:10:04.176+0000] {dag.py:3947} INFO - Setting next_dagrun for example_nested_branch_dag to 2024-08-08 00:00:00+00:00, run_after=2024-08-09 00:00:00+00:00
[2024-08-09T02:10:04.225+0000] {processor.py:183} INFO - Processing /home/airflow/.local/lib/python3.12/site-packages/airflow/example_dags/example_nested_branch_dag.py took 0.245 seconds
[2024-08-09T02:10:34.307+0000] {processor.py:161} INFO - Started process (PID=4103) to work on /home/airflow/.local/lib/python3.12/site-packages/airflow/example_dags/example_nested_branch_dag.py
[2024-08-09T02:10:34.309+0000] {processor.py:830} INFO - Processing file /home/airflow/.local/lib/python3.12/site-packages/airflow/example_dags/example_nested_branch_dag.py for tasks to queue
[2024-08-09T02:10:34.314+0000] {logging_mixin.py:188} INFO - [2024-08-09T02:10:34.313+0000] {dagbag.py:545} INFO - Filling up the DagBag from /home/airflow/.local/lib/python3.12/site-packages/airflow/example_dags/example_nested_branch_dag.py
[2024-08-09T02:10:34.340+0000] {processor.py:840} INFO - DAG(s) 'example_nested_branch_dag' retrieved from /home/airflow/.local/lib/python3.12/site-packages/airflow/example_dags/example_nested_branch_dag.py
[2024-08-09T02:10:34.418+0000] {logging_mixin.py:188} INFO - [2024-08-09T02:10:34.418+0000] {dag.py:3089} INFO - Sync 1 DAGs
[2024-08-09T02:10:34.498+0000] {logging_mixin.py:188} INFO - [2024-08-09T02:10:34.498+0000] {dag.py:3947} INFO - Setting next_dagrun for example_nested_branch_dag to 2024-08-08 00:00:00+00:00, run_after=2024-08-09 00:00:00+00:00
[2024-08-09T02:10:34.560+0000] {processor.py:183} INFO - Processing /home/airflow/.local/lib/python3.12/site-packages/airflow/example_dags/example_nested_branch_dag.py took 0.268 seconds
[2024-08-09T02:11:05.116+0000] {processor.py:161} INFO - Started process (PID=4161) to work on /home/airflow/.local/lib/python3.12/site-packages/airflow/example_dags/example_nested_branch_dag.py
[2024-08-09T02:11:05.119+0000] {processor.py:830} INFO - Processing file /home/airflow/.local/lib/python3.12/site-packages/airflow/example_dags/example_nested_branch_dag.py for tasks to queue
[2024-08-09T02:11:05.125+0000] {logging_mixin.py:188} INFO - [2024-08-09T02:11:05.124+0000] {dagbag.py:545} INFO - Filling up the DagBag from /home/airflow/.local/lib/python3.12/site-packages/airflow/example_dags/example_nested_branch_dag.py
[2024-08-09T02:11:05.154+0000] {processor.py:840} INFO - DAG(s) 'example_nested_branch_dag' retrieved from /home/airflow/.local/lib/python3.12/site-packages/airflow/example_dags/example_nested_branch_dag.py
[2024-08-09T02:11:05.220+0000] {logging_mixin.py:188} INFO - [2024-08-09T02:11:05.220+0000] {dag.py:3089} INFO - Sync 1 DAGs
[2024-08-09T02:11:05.269+0000] {logging_mixin.py:188} INFO - [2024-08-09T02:11:05.269+0000] {dag.py:3947} INFO - Setting next_dagrun for example_nested_branch_dag to 2024-08-08 00:00:00+00:00, run_after=2024-08-09 00:00:00+00:00
[2024-08-09T02:11:05.309+0000] {processor.py:183} INFO - Processing /home/airflow/.local/lib/python3.12/site-packages/airflow/example_dags/example_nested_branch_dag.py took 0.209 seconds
[2024-08-09T02:11:35.518+0000] {processor.py:161} INFO - Started process (PID=4218) to work on /home/airflow/.local/lib/python3.12/site-packages/airflow/example_dags/example_nested_branch_dag.py
[2024-08-09T02:11:35.522+0000] {processor.py:830} INFO - Processing file /home/airflow/.local/lib/python3.12/site-packages/airflow/example_dags/example_nested_branch_dag.py for tasks to queue
[2024-08-09T02:11:35.528+0000] {logging_mixin.py:188} INFO - [2024-08-09T02:11:35.527+0000] {dagbag.py:545} INFO - Filling up the DagBag from /home/airflow/.local/lib/python3.12/site-packages/airflow/example_dags/example_nested_branch_dag.py
[2024-08-09T02:11:35.558+0000] {processor.py:840} INFO - DAG(s) 'example_nested_branch_dag' retrieved from /home/airflow/.local/lib/python3.12/site-packages/airflow/example_dags/example_nested_branch_dag.py
[2024-08-09T02:11:35.657+0000] {logging_mixin.py:188} INFO - [2024-08-09T02:11:35.656+0000] {dag.py:3089} INFO - Sync 1 DAGs
[2024-08-09T02:11:35.764+0000] {logging_mixin.py:188} INFO - [2024-08-09T02:11:35.763+0000] {dag.py:3947} INFO - Setting next_dagrun for example_nested_branch_dag to 2024-08-08 00:00:00+00:00, run_after=2024-08-09 00:00:00+00:00
[2024-08-09T02:11:35.853+0000] {processor.py:183} INFO - Processing /home/airflow/.local/lib/python3.12/site-packages/airflow/example_dags/example_nested_branch_dag.py took 0.364 seconds
[2024-08-09T02:12:06.568+0000] {processor.py:161} INFO - Started process (PID=4276) to work on /home/airflow/.local/lib/python3.12/site-packages/airflow/example_dags/example_nested_branch_dag.py
[2024-08-09T02:12:06.572+0000] {processor.py:830} INFO - Processing file /home/airflow/.local/lib/python3.12/site-packages/airflow/example_dags/example_nested_branch_dag.py for tasks to queue
[2024-08-09T02:12:06.578+0000] {logging_mixin.py:188} INFO - [2024-08-09T02:12:06.577+0000] {dagbag.py:545} INFO - Filling up the DagBag from /home/airflow/.local/lib/python3.12/site-packages/airflow/example_dags/example_nested_branch_dag.py
[2024-08-09T02:12:06.605+0000] {processor.py:840} INFO - DAG(s) 'example_nested_branch_dag' retrieved from /home/airflow/.local/lib/python3.12/site-packages/airflow/example_dags/example_nested_branch_dag.py
[2024-08-09T02:12:06.666+0000] {logging_mixin.py:188} INFO - [2024-08-09T02:12:06.666+0000] {dag.py:3089} INFO - Sync 1 DAGs
[2024-08-09T02:12:06.708+0000] {logging_mixin.py:188} INFO - [2024-08-09T02:12:06.708+0000] {dag.py:3947} INFO - Setting next_dagrun for example_nested_branch_dag to 2024-08-08 00:00:00+00:00, run_after=2024-08-09 00:00:00+00:00
[2024-08-09T02:12:06.766+0000] {processor.py:183} INFO - Processing /home/airflow/.local/lib/python3.12/site-packages/airflow/example_dags/example_nested_branch_dag.py took 0.220 seconds
[2024-08-09T02:12:37.535+0000] {processor.py:161} INFO - Started process (PID=4334) to work on /home/airflow/.local/lib/python3.12/site-packages/airflow/example_dags/example_nested_branch_dag.py
[2024-08-09T02:12:37.537+0000] {processor.py:830} INFO - Processing file /home/airflow/.local/lib/python3.12/site-packages/airflow/example_dags/example_nested_branch_dag.py for tasks to queue
[2024-08-09T02:12:37.542+0000] {logging_mixin.py:188} INFO - [2024-08-09T02:12:37.541+0000] {dagbag.py:545} INFO - Filling up the DagBag from /home/airflow/.local/lib/python3.12/site-packages/airflow/example_dags/example_nested_branch_dag.py
[2024-08-09T02:12:37.569+0000] {processor.py:840} INFO - DAG(s) 'example_nested_branch_dag' retrieved from /home/airflow/.local/lib/python3.12/site-packages/airflow/example_dags/example_nested_branch_dag.py
[2024-08-09T02:12:37.676+0000] {logging_mixin.py:188} INFO - [2024-08-09T02:12:37.673+0000] {dag.py:3089} INFO - Sync 1 DAGs
[2024-08-09T02:12:37.747+0000] {logging_mixin.py:188} INFO - [2024-08-09T02:12:37.746+0000] {dag.py:3947} INFO - Setting next_dagrun for example_nested_branch_dag to 2024-08-08 00:00:00+00:00, run_after=2024-08-09 00:00:00+00:00
[2024-08-09T02:12:37.822+0000] {processor.py:183} INFO - Processing /home/airflow/.local/lib/python3.12/site-packages/airflow/example_dags/example_nested_branch_dag.py took 0.315 seconds
[2024-08-09T02:13:08.133+0000] {processor.py:161} INFO - Started process (PID=4391) to work on /home/airflow/.local/lib/python3.12/site-packages/airflow/example_dags/example_nested_branch_dag.py
[2024-08-09T02:13:08.135+0000] {processor.py:830} INFO - Processing file /home/airflow/.local/lib/python3.12/site-packages/airflow/example_dags/example_nested_branch_dag.py for tasks to queue
[2024-08-09T02:13:08.147+0000] {logging_mixin.py:188} INFO - [2024-08-09T02:13:08.143+0000] {dagbag.py:545} INFO - Filling up the DagBag from /home/airflow/.local/lib/python3.12/site-packages/airflow/example_dags/example_nested_branch_dag.py
[2024-08-09T02:13:08.183+0000] {processor.py:840} INFO - DAG(s) 'example_nested_branch_dag' retrieved from /home/airflow/.local/lib/python3.12/site-packages/airflow/example_dags/example_nested_branch_dag.py
[2024-08-09T02:13:08.274+0000] {logging_mixin.py:188} INFO - [2024-08-09T02:13:08.273+0000] {dag.py:3089} INFO - Sync 1 DAGs
[2024-08-09T02:13:08.358+0000] {logging_mixin.py:188} INFO - [2024-08-09T02:13:08.358+0000] {dag.py:3947} INFO - Setting next_dagrun for example_nested_branch_dag to 2024-08-08 00:00:00+00:00, run_after=2024-08-09 00:00:00+00:00
[2024-08-09T02:13:08.440+0000] {processor.py:183} INFO - Processing /home/airflow/.local/lib/python3.12/site-packages/airflow/example_dags/example_nested_branch_dag.py took 0.328 seconds
[2024-08-09T02:13:38.647+0000] {processor.py:161} INFO - Started process (PID=4449) to work on /home/airflow/.local/lib/python3.12/site-packages/airflow/example_dags/example_nested_branch_dag.py
[2024-08-09T02:13:38.657+0000] {processor.py:830} INFO - Processing file /home/airflow/.local/lib/python3.12/site-packages/airflow/example_dags/example_nested_branch_dag.py for tasks to queue
[2024-08-09T02:13:38.668+0000] {logging_mixin.py:188} INFO - [2024-08-09T02:13:38.667+0000] {dagbag.py:545} INFO - Filling up the DagBag from /home/airflow/.local/lib/python3.12/site-packages/airflow/example_dags/example_nested_branch_dag.py
[2024-08-09T02:13:38.705+0000] {processor.py:840} INFO - DAG(s) 'example_nested_branch_dag' retrieved from /home/airflow/.local/lib/python3.12/site-packages/airflow/example_dags/example_nested_branch_dag.py
[2024-08-09T02:13:38.800+0000] {logging_mixin.py:188} INFO - [2024-08-09T02:13:38.800+0000] {dag.py:3089} INFO - Sync 1 DAGs
[2024-08-09T02:13:38.866+0000] {logging_mixin.py:188} INFO - [2024-08-09T02:13:38.866+0000] {dag.py:3947} INFO - Setting next_dagrun for example_nested_branch_dag to 2024-08-08 00:00:00+00:00, run_after=2024-08-09 00:00:00+00:00
[2024-08-09T02:13:38.939+0000] {processor.py:183} INFO - Processing /home/airflow/.local/lib/python3.12/site-packages/airflow/example_dags/example_nested_branch_dag.py took 0.325 seconds
[2024-08-09T02:14:09.094+0000] {processor.py:161} INFO - Started process (PID=4507) to work on /home/airflow/.local/lib/python3.12/site-packages/airflow/example_dags/example_nested_branch_dag.py
[2024-08-09T02:14:09.098+0000] {processor.py:830} INFO - Processing file /home/airflow/.local/lib/python3.12/site-packages/airflow/example_dags/example_nested_branch_dag.py for tasks to queue
[2024-08-09T02:14:09.104+0000] {logging_mixin.py:188} INFO - [2024-08-09T02:14:09.103+0000] {dagbag.py:545} INFO - Filling up the DagBag from /home/airflow/.local/lib/python3.12/site-packages/airflow/example_dags/example_nested_branch_dag.py
[2024-08-09T02:14:09.145+0000] {processor.py:840} INFO - DAG(s) 'example_nested_branch_dag' retrieved from /home/airflow/.local/lib/python3.12/site-packages/airflow/example_dags/example_nested_branch_dag.py
[2024-08-09T02:14:09.212+0000] {logging_mixin.py:188} INFO - [2024-08-09T02:14:09.211+0000] {dag.py:3089} INFO - Sync 1 DAGs
[2024-08-09T02:14:09.264+0000] {logging_mixin.py:188} INFO - [2024-08-09T02:14:09.263+0000] {dag.py:3947} INFO - Setting next_dagrun for example_nested_branch_dag to 2024-08-08 00:00:00+00:00, run_after=2024-08-09 00:00:00+00:00
[2024-08-09T02:14:09.316+0000] {processor.py:183} INFO - Processing /home/airflow/.local/lib/python3.12/site-packages/airflow/example_dags/example_nested_branch_dag.py took 0.248 seconds
[2024-08-09T02:14:39.465+0000] {processor.py:161} INFO - Started process (PID=4565) to work on /home/airflow/.local/lib/python3.12/site-packages/airflow/example_dags/example_nested_branch_dag.py
[2024-08-09T02:14:39.467+0000] {processor.py:830} INFO - Processing file /home/airflow/.local/lib/python3.12/site-packages/airflow/example_dags/example_nested_branch_dag.py for tasks to queue
[2024-08-09T02:14:39.474+0000] {logging_mixin.py:188} INFO - [2024-08-09T02:14:39.473+0000] {dagbag.py:545} INFO - Filling up the DagBag from /home/airflow/.local/lib/python3.12/site-packages/airflow/example_dags/example_nested_branch_dag.py
[2024-08-09T02:14:39.502+0000] {processor.py:840} INFO - DAG(s) 'example_nested_branch_dag' retrieved from /home/airflow/.local/lib/python3.12/site-packages/airflow/example_dags/example_nested_branch_dag.py
[2024-08-09T02:14:39.565+0000] {logging_mixin.py:188} INFO - [2024-08-09T02:14:39.565+0000] {dag.py:3089} INFO - Sync 1 DAGs
[2024-08-09T02:14:39.632+0000] {logging_mixin.py:188} INFO - [2024-08-09T02:14:39.632+0000] {dag.py:3947} INFO - Setting next_dagrun for example_nested_branch_dag to 2024-08-08 00:00:00+00:00, run_after=2024-08-09 00:00:00+00:00
[2024-08-09T02:14:39.677+0000] {processor.py:183} INFO - Processing /home/airflow/.local/lib/python3.12/site-packages/airflow/example_dags/example_nested_branch_dag.py took 0.230 seconds
[2024-08-09T02:15:10.222+0000] {processor.py:161} INFO - Started process (PID=4623) to work on /home/airflow/.local/lib/python3.12/site-packages/airflow/example_dags/example_nested_branch_dag.py
[2024-08-09T02:15:10.225+0000] {processor.py:830} INFO - Processing file /home/airflow/.local/lib/python3.12/site-packages/airflow/example_dags/example_nested_branch_dag.py for tasks to queue
[2024-08-09T02:15:10.231+0000] {logging_mixin.py:188} INFO - [2024-08-09T02:15:10.231+0000] {dagbag.py:545} INFO - Filling up the DagBag from /home/airflow/.local/lib/python3.12/site-packages/airflow/example_dags/example_nested_branch_dag.py
[2024-08-09T02:15:10.261+0000] {processor.py:840} INFO - DAG(s) 'example_nested_branch_dag' retrieved from /home/airflow/.local/lib/python3.12/site-packages/airflow/example_dags/example_nested_branch_dag.py
[2024-08-09T02:15:10.323+0000] {logging_mixin.py:188} INFO - [2024-08-09T02:15:10.323+0000] {dag.py:3089} INFO - Sync 1 DAGs
[2024-08-09T02:15:10.414+0000] {logging_mixin.py:188} INFO - [2024-08-09T02:15:10.413+0000] {dag.py:3947} INFO - Setting next_dagrun for example_nested_branch_dag to 2024-08-08 00:00:00+00:00, run_after=2024-08-09 00:00:00+00:00
[2024-08-09T02:15:10.480+0000] {processor.py:183} INFO - Processing /home/airflow/.local/lib/python3.12/site-packages/airflow/example_dags/example_nested_branch_dag.py took 0.275 seconds
[2024-08-09T02:15:40.615+0000] {processor.py:161} INFO - Started process (PID=4681) to work on /home/airflow/.local/lib/python3.12/site-packages/airflow/example_dags/example_nested_branch_dag.py
[2024-08-09T02:15:40.619+0000] {processor.py:830} INFO - Processing file /home/airflow/.local/lib/python3.12/site-packages/airflow/example_dags/example_nested_branch_dag.py for tasks to queue
[2024-08-09T02:15:40.628+0000] {logging_mixin.py:188} INFO - [2024-08-09T02:15:40.627+0000] {dagbag.py:545} INFO - Filling up the DagBag from /home/airflow/.local/lib/python3.12/site-packages/airflow/example_dags/example_nested_branch_dag.py
[2024-08-09T02:15:40.659+0000] {processor.py:840} INFO - DAG(s) 'example_nested_branch_dag' retrieved from /home/airflow/.local/lib/python3.12/site-packages/airflow/example_dags/example_nested_branch_dag.py
[2024-08-09T02:15:40.736+0000] {logging_mixin.py:188} INFO - [2024-08-09T02:15:40.736+0000] {dag.py:3089} INFO - Sync 1 DAGs
[2024-08-09T02:15:40.786+0000] {logging_mixin.py:188} INFO - [2024-08-09T02:15:40.786+0000] {dag.py:3947} INFO - Setting next_dagrun for example_nested_branch_dag to 2024-08-08 00:00:00+00:00, run_after=2024-08-09 00:00:00+00:00
[2024-08-09T02:15:40.825+0000] {processor.py:183} INFO - Processing /home/airflow/.local/lib/python3.12/site-packages/airflow/example_dags/example_nested_branch_dag.py took 0.230 seconds
[2024-08-09T02:16:11.058+0000] {processor.py:161} INFO - Started process (PID=4739) to work on /home/airflow/.local/lib/python3.12/site-packages/airflow/example_dags/example_nested_branch_dag.py
[2024-08-09T02:16:11.061+0000] {processor.py:830} INFO - Processing file /home/airflow/.local/lib/python3.12/site-packages/airflow/example_dags/example_nested_branch_dag.py for tasks to queue
[2024-08-09T02:16:11.067+0000] {logging_mixin.py:188} INFO - [2024-08-09T02:16:11.066+0000] {dagbag.py:545} INFO - Filling up the DagBag from /home/airflow/.local/lib/python3.12/site-packages/airflow/example_dags/example_nested_branch_dag.py
[2024-08-09T02:16:11.106+0000] {processor.py:840} INFO - DAG(s) 'example_nested_branch_dag' retrieved from /home/airflow/.local/lib/python3.12/site-packages/airflow/example_dags/example_nested_branch_dag.py
[2024-08-09T02:16:11.192+0000] {logging_mixin.py:188} INFO - [2024-08-09T02:16:11.190+0000] {dag.py:3089} INFO - Sync 1 DAGs
[2024-08-09T02:16:11.260+0000] {logging_mixin.py:188} INFO - [2024-08-09T02:16:11.259+0000] {dag.py:3947} INFO - Setting next_dagrun for example_nested_branch_dag to 2024-08-08 00:00:00+00:00, run_after=2024-08-09 00:00:00+00:00
[2024-08-09T02:16:11.336+0000] {processor.py:183} INFO - Processing /home/airflow/.local/lib/python3.12/site-packages/airflow/example_dags/example_nested_branch_dag.py took 0.305 seconds
