[2024-08-09T01:42:35.688+0000] {processor.py:161} INFO - Started process (PID=1015) to work on /home/airflow/.local/lib/python3.12/site-packages/airflow/example_dags/tutorial_dag.py
[2024-08-09T01:42:35.691+0000] {processor.py:830} INFO - Processing file /home/airflow/.local/lib/python3.12/site-packages/airflow/example_dags/tutorial_dag.py for tasks to queue
[2024-08-09T01:42:35.695+0000] {logging_mixin.py:188} INFO - [2024-08-09T01:42:35.694+0000] {dagbag.py:545} INFO - Filling up the DagBag from /home/airflow/.local/lib/python3.12/site-packages/airflow/example_dags/tutorial_dag.py
[2024-08-09T01:42:35.713+0000] {processor.py:840} INFO - DAG(s) 'tutorial_dag' retrieved from /home/airflow/.local/lib/python3.12/site-packages/airflow/example_dags/tutorial_dag.py
[2024-08-09T01:42:35.770+0000] {logging_mixin.py:188} INFO - [2024-08-09T01:42:35.770+0000] {dag.py:3089} INFO - Sync 1 DAGs
[2024-08-09T01:42:35.793+0000] {logging_mixin.py:188} INFO - [2024-08-09T01:42:35.793+0000] {dag.py:3947} INFO - Setting next_dagrun for tutorial_dag to None, run_after=None
[2024-08-09T01:42:35.825+0000] {processor.py:183} INFO - Processing /home/airflow/.local/lib/python3.12/site-packages/airflow/example_dags/tutorial_dag.py took 0.152 seconds
[2024-08-09T01:43:05.934+0000] {processor.py:161} INFO - Started process (PID=1074) to work on /home/airflow/.local/lib/python3.12/site-packages/airflow/example_dags/tutorial_dag.py
[2024-08-09T01:43:05.936+0000] {processor.py:830} INFO - Processing file /home/airflow/.local/lib/python3.12/site-packages/airflow/example_dags/tutorial_dag.py for tasks to queue
[2024-08-09T01:43:05.942+0000] {logging_mixin.py:188} INFO - [2024-08-09T01:43:05.941+0000] {dagbag.py:545} INFO - Filling up the DagBag from /home/airflow/.local/lib/python3.12/site-packages/airflow/example_dags/tutorial_dag.py
[2024-08-09T01:43:05.960+0000] {processor.py:840} INFO - DAG(s) 'tutorial_dag' retrieved from /home/airflow/.local/lib/python3.12/site-packages/airflow/example_dags/tutorial_dag.py
[2024-08-09T01:43:06.022+0000] {logging_mixin.py:188} INFO - [2024-08-09T01:43:06.021+0000] {dag.py:3089} INFO - Sync 1 DAGs
[2024-08-09T01:43:06.052+0000] {logging_mixin.py:188} INFO - [2024-08-09T01:43:06.051+0000] {dag.py:3947} INFO - Setting next_dagrun for tutorial_dag to None, run_after=None
[2024-08-09T01:43:06.094+0000] {processor.py:183} INFO - Processing /home/airflow/.local/lib/python3.12/site-packages/airflow/example_dags/tutorial_dag.py took 0.175 seconds
[2024-08-09T01:43:38.587+0000] {processor.py:161} INFO - Started process (PID=1132) to work on /home/airflow/.local/lib/python3.12/site-packages/airflow/example_dags/tutorial_dag.py
[2024-08-09T01:43:38.591+0000] {processor.py:830} INFO - Processing file /home/airflow/.local/lib/python3.12/site-packages/airflow/example_dags/tutorial_dag.py for tasks to queue
[2024-08-09T01:43:38.598+0000] {logging_mixin.py:188} INFO - [2024-08-09T01:43:38.597+0000] {dagbag.py:545} INFO - Filling up the DagBag from /home/airflow/.local/lib/python3.12/site-packages/airflow/example_dags/tutorial_dag.py
[2024-08-09T01:43:38.625+0000] {processor.py:840} INFO - DAG(s) 'tutorial_dag' retrieved from /home/airflow/.local/lib/python3.12/site-packages/airflow/example_dags/tutorial_dag.py
[2024-08-09T01:43:38.706+0000] {logging_mixin.py:188} INFO - [2024-08-09T01:43:38.705+0000] {dag.py:3089} INFO - Sync 1 DAGs
[2024-08-09T01:43:38.740+0000] {logging_mixin.py:188} INFO - [2024-08-09T01:43:38.740+0000] {dag.py:3947} INFO - Setting next_dagrun for tutorial_dag to None, run_after=None
[2024-08-09T01:43:38.789+0000] {processor.py:183} INFO - Processing /home/airflow/.local/lib/python3.12/site-packages/airflow/example_dags/tutorial_dag.py took 0.227 seconds
[2024-08-09T01:44:11.598+0000] {processor.py:161} INFO - Started process (PID=1190) to work on /home/airflow/.local/lib/python3.12/site-packages/airflow/example_dags/tutorial_dag.py
[2024-08-09T01:44:11.601+0000] {processor.py:830} INFO - Processing file /home/airflow/.local/lib/python3.12/site-packages/airflow/example_dags/tutorial_dag.py for tasks to queue
[2024-08-09T01:44:11.607+0000] {logging_mixin.py:188} INFO - [2024-08-09T01:44:11.606+0000] {dagbag.py:545} INFO - Filling up the DagBag from /home/airflow/.local/lib/python3.12/site-packages/airflow/example_dags/tutorial_dag.py
[2024-08-09T01:44:11.627+0000] {processor.py:840} INFO - DAG(s) 'tutorial_dag' retrieved from /home/airflow/.local/lib/python3.12/site-packages/airflow/example_dags/tutorial_dag.py
[2024-08-09T01:44:11.695+0000] {logging_mixin.py:188} INFO - [2024-08-09T01:44:11.694+0000] {dag.py:3089} INFO - Sync 1 DAGs
[2024-08-09T01:44:11.727+0000] {logging_mixin.py:188} INFO - [2024-08-09T01:44:11.726+0000] {dag.py:3947} INFO - Setting next_dagrun for tutorial_dag to None, run_after=None
[2024-08-09T01:44:11.761+0000] {processor.py:183} INFO - Processing /home/airflow/.local/lib/python3.12/site-packages/airflow/example_dags/tutorial_dag.py took 0.183 seconds
[2024-08-09T01:44:42.030+0000] {processor.py:161} INFO - Started process (PID=1248) to work on /home/airflow/.local/lib/python3.12/site-packages/airflow/example_dags/tutorial_dag.py
[2024-08-09T01:44:42.033+0000] {processor.py:830} INFO - Processing file /home/airflow/.local/lib/python3.12/site-packages/airflow/example_dags/tutorial_dag.py for tasks to queue
[2024-08-09T01:44:42.037+0000] {logging_mixin.py:188} INFO - [2024-08-09T01:44:42.037+0000] {dagbag.py:545} INFO - Filling up the DagBag from /home/airflow/.local/lib/python3.12/site-packages/airflow/example_dags/tutorial_dag.py
[2024-08-09T01:44:42.063+0000] {processor.py:840} INFO - DAG(s) 'tutorial_dag' retrieved from /home/airflow/.local/lib/python3.12/site-packages/airflow/example_dags/tutorial_dag.py
[2024-08-09T01:44:42.133+0000] {logging_mixin.py:188} INFO - [2024-08-09T01:44:42.133+0000] {dag.py:3089} INFO - Sync 1 DAGs
[2024-08-09T01:44:42.169+0000] {logging_mixin.py:188} INFO - [2024-08-09T01:44:42.169+0000] {dag.py:3947} INFO - Setting next_dagrun for tutorial_dag to None, run_after=None
[2024-08-09T01:44:42.211+0000] {processor.py:183} INFO - Processing /home/airflow/.local/lib/python3.12/site-packages/airflow/example_dags/tutorial_dag.py took 0.201 seconds
[2024-08-09T01:45:12.743+0000] {processor.py:161} INFO - Started process (PID=1306) to work on /home/airflow/.local/lib/python3.12/site-packages/airflow/example_dags/tutorial_dag.py
[2024-08-09T01:45:12.747+0000] {processor.py:830} INFO - Processing file /home/airflow/.local/lib/python3.12/site-packages/airflow/example_dags/tutorial_dag.py for tasks to queue
[2024-08-09T01:45:12.752+0000] {logging_mixin.py:188} INFO - [2024-08-09T01:45:12.751+0000] {dagbag.py:545} INFO - Filling up the DagBag from /home/airflow/.local/lib/python3.12/site-packages/airflow/example_dags/tutorial_dag.py
[2024-08-09T01:45:12.773+0000] {processor.py:840} INFO - DAG(s) 'tutorial_dag' retrieved from /home/airflow/.local/lib/python3.12/site-packages/airflow/example_dags/tutorial_dag.py
[2024-08-09T01:45:12.836+0000] {logging_mixin.py:188} INFO - [2024-08-09T01:45:12.836+0000] {dag.py:3089} INFO - Sync 1 DAGs
[2024-08-09T01:45:12.870+0000] {logging_mixin.py:188} INFO - [2024-08-09T01:45:12.870+0000] {dag.py:3947} INFO - Setting next_dagrun for tutorial_dag to None, run_after=None
[2024-08-09T01:45:12.914+0000] {processor.py:183} INFO - Processing /home/airflow/.local/lib/python3.12/site-packages/airflow/example_dags/tutorial_dag.py took 0.192 seconds
[2024-08-09T01:45:43.580+0000] {processor.py:161} INFO - Started process (PID=1363) to work on /home/airflow/.local/lib/python3.12/site-packages/airflow/example_dags/tutorial_dag.py
[2024-08-09T01:45:43.583+0000] {processor.py:830} INFO - Processing file /home/airflow/.local/lib/python3.12/site-packages/airflow/example_dags/tutorial_dag.py for tasks to queue
[2024-08-09T01:45:43.588+0000] {logging_mixin.py:188} INFO - [2024-08-09T01:45:43.587+0000] {dagbag.py:545} INFO - Filling up the DagBag from /home/airflow/.local/lib/python3.12/site-packages/airflow/example_dags/tutorial_dag.py
[2024-08-09T01:45:43.604+0000] {processor.py:840} INFO - DAG(s) 'tutorial_dag' retrieved from /home/airflow/.local/lib/python3.12/site-packages/airflow/example_dags/tutorial_dag.py
[2024-08-09T01:45:43.656+0000] {logging_mixin.py:188} INFO - [2024-08-09T01:45:43.655+0000] {dag.py:3089} INFO - Sync 1 DAGs
[2024-08-09T01:45:43.679+0000] {logging_mixin.py:188} INFO - [2024-08-09T01:45:43.679+0000] {dag.py:3947} INFO - Setting next_dagrun for tutorial_dag to None, run_after=None
[2024-08-09T01:45:43.713+0000] {processor.py:183} INFO - Processing /home/airflow/.local/lib/python3.12/site-packages/airflow/example_dags/tutorial_dag.py took 0.149 seconds
[2024-08-09T01:46:15.193+0000] {processor.py:161} INFO - Started process (PID=1421) to work on /home/airflow/.local/lib/python3.12/site-packages/airflow/example_dags/tutorial_dag.py
[2024-08-09T01:46:15.195+0000] {processor.py:830} INFO - Processing file /home/airflow/.local/lib/python3.12/site-packages/airflow/example_dags/tutorial_dag.py for tasks to queue
[2024-08-09T01:46:15.200+0000] {logging_mixin.py:188} INFO - [2024-08-09T01:46:15.199+0000] {dagbag.py:545} INFO - Filling up the DagBag from /home/airflow/.local/lib/python3.12/site-packages/airflow/example_dags/tutorial_dag.py
[2024-08-09T01:46:15.217+0000] {processor.py:840} INFO - DAG(s) 'tutorial_dag' retrieved from /home/airflow/.local/lib/python3.12/site-packages/airflow/example_dags/tutorial_dag.py
[2024-08-09T01:46:15.274+0000] {logging_mixin.py:188} INFO - [2024-08-09T01:46:15.273+0000] {dag.py:3089} INFO - Sync 1 DAGs
[2024-08-09T01:46:15.313+0000] {logging_mixin.py:188} INFO - [2024-08-09T01:46:15.313+0000] {dag.py:3947} INFO - Setting next_dagrun for tutorial_dag to None, run_after=None
[2024-08-09T01:46:15.381+0000] {processor.py:183} INFO - Processing /home/airflow/.local/lib/python3.12/site-packages/airflow/example_dags/tutorial_dag.py took 0.207 seconds
[2024-08-09T01:46:45.881+0000] {processor.py:161} INFO - Started process (PID=1478) to work on /home/airflow/.local/lib/python3.12/site-packages/airflow/example_dags/tutorial_dag.py
[2024-08-09T01:46:45.884+0000] {processor.py:830} INFO - Processing file /home/airflow/.local/lib/python3.12/site-packages/airflow/example_dags/tutorial_dag.py for tasks to queue
[2024-08-09T01:46:45.890+0000] {logging_mixin.py:188} INFO - [2024-08-09T01:46:45.889+0000] {dagbag.py:545} INFO - Filling up the DagBag from /home/airflow/.local/lib/python3.12/site-packages/airflow/example_dags/tutorial_dag.py
[2024-08-09T01:46:45.908+0000] {processor.py:840} INFO - DAG(s) 'tutorial_dag' retrieved from /home/airflow/.local/lib/python3.12/site-packages/airflow/example_dags/tutorial_dag.py
[2024-08-09T01:46:45.962+0000] {logging_mixin.py:188} INFO - [2024-08-09T01:46:45.961+0000] {dag.py:3089} INFO - Sync 1 DAGs
[2024-08-09T01:46:46.003+0000] {logging_mixin.py:188} INFO - [2024-08-09T01:46:46.002+0000] {dag.py:3947} INFO - Setting next_dagrun for tutorial_dag to None, run_after=None
[2024-08-09T01:46:46.048+0000] {processor.py:183} INFO - Processing /home/airflow/.local/lib/python3.12/site-packages/airflow/example_dags/tutorial_dag.py took 0.183 seconds
[2024-08-09T01:47:16.967+0000] {processor.py:161} INFO - Started process (PID=1536) to work on /home/airflow/.local/lib/python3.12/site-packages/airflow/example_dags/tutorial_dag.py
[2024-08-09T01:47:16.977+0000] {processor.py:830} INFO - Processing file /home/airflow/.local/lib/python3.12/site-packages/airflow/example_dags/tutorial_dag.py for tasks to queue
[2024-08-09T01:47:16.992+0000] {logging_mixin.py:188} INFO - [2024-08-09T01:47:16.990+0000] {dagbag.py:545} INFO - Filling up the DagBag from /home/airflow/.local/lib/python3.12/site-packages/airflow/example_dags/tutorial_dag.py
[2024-08-09T01:47:17.029+0000] {processor.py:840} INFO - DAG(s) 'tutorial_dag' retrieved from /home/airflow/.local/lib/python3.12/site-packages/airflow/example_dags/tutorial_dag.py
[2024-08-09T01:47:17.100+0000] {logging_mixin.py:188} INFO - [2024-08-09T01:47:17.100+0000] {dag.py:3089} INFO - Sync 1 DAGs
[2024-08-09T01:47:17.138+0000] {logging_mixin.py:188} INFO - [2024-08-09T01:47:17.138+0000] {dag.py:3947} INFO - Setting next_dagrun for tutorial_dag to None, run_after=None
[2024-08-09T01:47:17.197+0000] {processor.py:183} INFO - Processing /home/airflow/.local/lib/python3.12/site-packages/airflow/example_dags/tutorial_dag.py took 0.296 seconds
[2024-08-09T01:47:47.716+0000] {processor.py:161} INFO - Started process (PID=1600) to work on /home/airflow/.local/lib/python3.12/site-packages/airflow/example_dags/tutorial_dag.py
[2024-08-09T01:47:47.722+0000] {processor.py:830} INFO - Processing file /home/airflow/.local/lib/python3.12/site-packages/airflow/example_dags/tutorial_dag.py for tasks to queue
[2024-08-09T01:47:47.739+0000] {logging_mixin.py:188} INFO - [2024-08-09T01:47:47.738+0000] {dagbag.py:545} INFO - Filling up the DagBag from /home/airflow/.local/lib/python3.12/site-packages/airflow/example_dags/tutorial_dag.py
[2024-08-09T01:47:47.778+0000] {processor.py:840} INFO - DAG(s) 'tutorial_dag' retrieved from /home/airflow/.local/lib/python3.12/site-packages/airflow/example_dags/tutorial_dag.py
[2024-08-09T01:47:47.888+0000] {logging_mixin.py:188} INFO - [2024-08-09T01:47:47.887+0000] {dag.py:3089} INFO - Sync 1 DAGs
[2024-08-09T01:47:47.937+0000] {logging_mixin.py:188} INFO - [2024-08-09T01:47:47.937+0000] {dag.py:3947} INFO - Setting next_dagrun for tutorial_dag to None, run_after=None
[2024-08-09T01:47:48.072+0000] {processor.py:183} INFO - Processing /home/airflow/.local/lib/python3.12/site-packages/airflow/example_dags/tutorial_dag.py took 0.392 seconds
[2024-08-09T01:48:20.077+0000] {processor.py:161} INFO - Started process (PID=1658) to work on /home/airflow/.local/lib/python3.12/site-packages/airflow/example_dags/tutorial_dag.py
[2024-08-09T01:48:20.080+0000] {processor.py:830} INFO - Processing file /home/airflow/.local/lib/python3.12/site-packages/airflow/example_dags/tutorial_dag.py for tasks to queue
[2024-08-09T01:48:20.086+0000] {logging_mixin.py:188} INFO - [2024-08-09T01:48:20.085+0000] {dagbag.py:545} INFO - Filling up the DagBag from /home/airflow/.local/lib/python3.12/site-packages/airflow/example_dags/tutorial_dag.py
[2024-08-09T01:48:20.104+0000] {processor.py:840} INFO - DAG(s) 'tutorial_dag' retrieved from /home/airflow/.local/lib/python3.12/site-packages/airflow/example_dags/tutorial_dag.py
[2024-08-09T01:48:20.178+0000] {logging_mixin.py:188} INFO - [2024-08-09T01:48:20.177+0000] {dag.py:3089} INFO - Sync 1 DAGs
[2024-08-09T01:48:20.217+0000] {logging_mixin.py:188} INFO - [2024-08-09T01:48:20.217+0000] {dag.py:3947} INFO - Setting next_dagrun for tutorial_dag to None, run_after=None
[2024-08-09T01:48:20.263+0000] {processor.py:183} INFO - Processing /home/airflow/.local/lib/python3.12/site-packages/airflow/example_dags/tutorial_dag.py took 0.205 seconds
[2024-08-09T01:49:01.442+0000] {processor.py:161} INFO - Started process (PID=1716) to work on /home/airflow/.local/lib/python3.12/site-packages/airflow/example_dags/tutorial_dag.py
[2024-08-09T01:49:01.459+0000] {processor.py:830} INFO - Processing file /home/airflow/.local/lib/python3.12/site-packages/airflow/example_dags/tutorial_dag.py for tasks to queue
[2024-08-09T01:49:01.484+0000] {logging_mixin.py:188} INFO - [2024-08-09T01:49:01.482+0000] {dagbag.py:545} INFO - Filling up the DagBag from /home/airflow/.local/lib/python3.12/site-packages/airflow/example_dags/tutorial_dag.py
[2024-08-09T01:49:01.544+0000] {processor.py:840} INFO - DAG(s) 'tutorial_dag' retrieved from /home/airflow/.local/lib/python3.12/site-packages/airflow/example_dags/tutorial_dag.py
[2024-08-09T01:49:01.844+0000] {logging_mixin.py:188} INFO - [2024-08-09T01:49:01.833+0000] {dag.py:3089} INFO - Sync 1 DAGs
[2024-08-09T01:49:02.038+0000] {logging_mixin.py:188} INFO - [2024-08-09T01:49:02.033+0000] {dag.py:3947} INFO - Setting next_dagrun for tutorial_dag to None, run_after=None
[2024-08-09T01:49:02.239+0000] {processor.py:183} INFO - Processing /home/airflow/.local/lib/python3.12/site-packages/airflow/example_dags/tutorial_dag.py took 0.845 seconds
[2024-08-09T01:49:35.974+0000] {processor.py:161} INFO - Started process (PID=1774) to work on /home/airflow/.local/lib/python3.12/site-packages/airflow/example_dags/tutorial_dag.py
[2024-08-09T01:49:35.977+0000] {processor.py:830} INFO - Processing file /home/airflow/.local/lib/python3.12/site-packages/airflow/example_dags/tutorial_dag.py for tasks to queue
[2024-08-09T01:49:35.987+0000] {logging_mixin.py:188} INFO - [2024-08-09T01:49:35.985+0000] {dagbag.py:545} INFO - Filling up the DagBag from /home/airflow/.local/lib/python3.12/site-packages/airflow/example_dags/tutorial_dag.py
[2024-08-09T01:49:36.012+0000] {processor.py:840} INFO - DAG(s) 'tutorial_dag' retrieved from /home/airflow/.local/lib/python3.12/site-packages/airflow/example_dags/tutorial_dag.py
[2024-08-09T01:49:36.135+0000] {logging_mixin.py:188} INFO - [2024-08-09T01:49:36.134+0000] {dag.py:3089} INFO - Sync 1 DAGs
[2024-08-09T01:49:36.217+0000] {logging_mixin.py:188} INFO - [2024-08-09T01:49:36.217+0000] {dag.py:3947} INFO - Setting next_dagrun for tutorial_dag to None, run_after=None
[2024-08-09T01:49:36.326+0000] {processor.py:183} INFO - Processing /home/airflow/.local/lib/python3.12/site-packages/airflow/example_dags/tutorial_dag.py took 0.405 seconds
[2024-08-09T01:50:14.251+0000] {processor.py:161} INFO - Started process (PID=1831) to work on /home/airflow/.local/lib/python3.12/site-packages/airflow/example_dags/tutorial_dag.py
[2024-08-09T01:50:14.260+0000] {processor.py:830} INFO - Processing file /home/airflow/.local/lib/python3.12/site-packages/airflow/example_dags/tutorial_dag.py for tasks to queue
[2024-08-09T01:50:14.289+0000] {logging_mixin.py:188} INFO - [2024-08-09T01:50:14.287+0000] {dagbag.py:545} INFO - Filling up the DagBag from /home/airflow/.local/lib/python3.12/site-packages/airflow/example_dags/tutorial_dag.py
[2024-08-09T01:50:14.464+0000] {processor.py:840} INFO - DAG(s) 'tutorial_dag' retrieved from /home/airflow/.local/lib/python3.12/site-packages/airflow/example_dags/tutorial_dag.py
[2024-08-09T01:50:14.851+0000] {logging_mixin.py:188} INFO - [2024-08-09T01:50:14.849+0000] {dag.py:3089} INFO - Sync 1 DAGs
[2024-08-09T01:50:17.252+0000] {logging_mixin.py:188} INFO - [2024-08-09T01:50:17.252+0000] {dag.py:3947} INFO - Setting next_dagrun for tutorial_dag to None, run_after=None
[2024-08-09T01:50:17.357+0000] {processor.py:183} INFO - Processing /home/airflow/.local/lib/python3.12/site-packages/airflow/example_dags/tutorial_dag.py took 3.294 seconds
[2024-08-09T01:50:51.583+0000] {processor.py:161} INFO - Started process (PID=1895) to work on /home/airflow/.local/lib/python3.12/site-packages/airflow/example_dags/tutorial_dag.py
[2024-08-09T01:50:51.590+0000] {processor.py:830} INFO - Processing file /home/airflow/.local/lib/python3.12/site-packages/airflow/example_dags/tutorial_dag.py for tasks to queue
[2024-08-09T01:50:51.607+0000] {logging_mixin.py:188} INFO - [2024-08-09T01:50:51.605+0000] {dagbag.py:545} INFO - Filling up the DagBag from /home/airflow/.local/lib/python3.12/site-packages/airflow/example_dags/tutorial_dag.py
[2024-08-09T01:50:51.658+0000] {processor.py:840} INFO - DAG(s) 'tutorial_dag' retrieved from /home/airflow/.local/lib/python3.12/site-packages/airflow/example_dags/tutorial_dag.py
[2024-08-09T01:50:51.834+0000] {logging_mixin.py:188} INFO - [2024-08-09T01:50:51.834+0000] {dag.py:3089} INFO - Sync 1 DAGs
[2024-08-09T01:50:51.899+0000] {logging_mixin.py:188} INFO - [2024-08-09T01:50:51.899+0000] {dag.py:3947} INFO - Setting next_dagrun for tutorial_dag to None, run_after=None
[2024-08-09T01:50:51.959+0000] {processor.py:183} INFO - Processing /home/airflow/.local/lib/python3.12/site-packages/airflow/example_dags/tutorial_dag.py took 0.447 seconds
[2024-08-09T01:51:22.296+0000] {processor.py:161} INFO - Started process (PID=1952) to work on /home/airflow/.local/lib/python3.12/site-packages/airflow/example_dags/tutorial_dag.py
[2024-08-09T01:51:22.298+0000] {processor.py:830} INFO - Processing file /home/airflow/.local/lib/python3.12/site-packages/airflow/example_dags/tutorial_dag.py for tasks to queue
[2024-08-09T01:51:22.305+0000] {logging_mixin.py:188} INFO - [2024-08-09T01:51:22.304+0000] {dagbag.py:545} INFO - Filling up the DagBag from /home/airflow/.local/lib/python3.12/site-packages/airflow/example_dags/tutorial_dag.py
[2024-08-09T01:51:22.319+0000] {processor.py:840} INFO - DAG(s) 'tutorial_dag' retrieved from /home/airflow/.local/lib/python3.12/site-packages/airflow/example_dags/tutorial_dag.py
[2024-08-09T01:51:22.411+0000] {logging_mixin.py:188} INFO - [2024-08-09T01:51:22.411+0000] {dag.py:3089} INFO - Sync 1 DAGs
[2024-08-09T01:51:22.447+0000] {logging_mixin.py:188} INFO - [2024-08-09T01:51:22.446+0000] {dag.py:3947} INFO - Setting next_dagrun for tutorial_dag to None, run_after=None
[2024-08-09T01:51:22.482+0000] {processor.py:183} INFO - Processing /home/airflow/.local/lib/python3.12/site-packages/airflow/example_dags/tutorial_dag.py took 0.207 seconds
[2024-08-09T01:51:53.073+0000] {processor.py:161} INFO - Started process (PID=2010) to work on /home/airflow/.local/lib/python3.12/site-packages/airflow/example_dags/tutorial_dag.py
[2024-08-09T01:51:53.076+0000] {processor.py:830} INFO - Processing file /home/airflow/.local/lib/python3.12/site-packages/airflow/example_dags/tutorial_dag.py for tasks to queue
[2024-08-09T01:51:53.082+0000] {logging_mixin.py:188} INFO - [2024-08-09T01:51:53.081+0000] {dagbag.py:545} INFO - Filling up the DagBag from /home/airflow/.local/lib/python3.12/site-packages/airflow/example_dags/tutorial_dag.py
[2024-08-09T01:51:53.103+0000] {processor.py:840} INFO - DAG(s) 'tutorial_dag' retrieved from /home/airflow/.local/lib/python3.12/site-packages/airflow/example_dags/tutorial_dag.py
[2024-08-09T01:51:53.180+0000] {logging_mixin.py:188} INFO - [2024-08-09T01:51:53.180+0000] {dag.py:3089} INFO - Sync 1 DAGs
[2024-08-09T01:51:53.215+0000] {logging_mixin.py:188} INFO - [2024-08-09T01:51:53.214+0000] {dag.py:3947} INFO - Setting next_dagrun for tutorial_dag to None, run_after=None
[2024-08-09T01:51:53.265+0000] {processor.py:183} INFO - Processing /home/airflow/.local/lib/python3.12/site-packages/airflow/example_dags/tutorial_dag.py took 0.213 seconds
[2024-08-09T01:52:23.769+0000] {processor.py:161} INFO - Started process (PID=2068) to work on /home/airflow/.local/lib/python3.12/site-packages/airflow/example_dags/tutorial_dag.py
[2024-08-09T01:52:23.775+0000] {processor.py:830} INFO - Processing file /home/airflow/.local/lib/python3.12/site-packages/airflow/example_dags/tutorial_dag.py for tasks to queue
[2024-08-09T01:52:23.789+0000] {logging_mixin.py:188} INFO - [2024-08-09T01:52:23.782+0000] {dagbag.py:545} INFO - Filling up the DagBag from /home/airflow/.local/lib/python3.12/site-packages/airflow/example_dags/tutorial_dag.py
[2024-08-09T01:52:23.812+0000] {processor.py:840} INFO - DAG(s) 'tutorial_dag' retrieved from /home/airflow/.local/lib/python3.12/site-packages/airflow/example_dags/tutorial_dag.py
[2024-08-09T01:52:23.898+0000] {logging_mixin.py:188} INFO - [2024-08-09T01:52:23.898+0000] {dag.py:3089} INFO - Sync 1 DAGs
[2024-08-09T01:52:23.936+0000] {logging_mixin.py:188} INFO - [2024-08-09T01:52:23.936+0000] {dag.py:3947} INFO - Setting next_dagrun for tutorial_dag to None, run_after=None
[2024-08-09T01:52:23.980+0000] {processor.py:183} INFO - Processing /home/airflow/.local/lib/python3.12/site-packages/airflow/example_dags/tutorial_dag.py took 0.244 seconds
[2024-08-09T01:52:54.216+0000] {processor.py:161} INFO - Started process (PID=2125) to work on /home/airflow/.local/lib/python3.12/site-packages/airflow/example_dags/tutorial_dag.py
[2024-08-09T01:52:54.218+0000] {processor.py:830} INFO - Processing file /home/airflow/.local/lib/python3.12/site-packages/airflow/example_dags/tutorial_dag.py for tasks to queue
[2024-08-09T01:52:54.225+0000] {logging_mixin.py:188} INFO - [2024-08-09T01:52:54.223+0000] {dagbag.py:545} INFO - Filling up the DagBag from /home/airflow/.local/lib/python3.12/site-packages/airflow/example_dags/tutorial_dag.py
[2024-08-09T01:52:54.239+0000] {processor.py:840} INFO - DAG(s) 'tutorial_dag' retrieved from /home/airflow/.local/lib/python3.12/site-packages/airflow/example_dags/tutorial_dag.py
[2024-08-09T01:52:54.311+0000] {logging_mixin.py:188} INFO - [2024-08-09T01:52:54.310+0000] {dag.py:3089} INFO - Sync 1 DAGs
[2024-08-09T01:52:54.340+0000] {logging_mixin.py:188} INFO - [2024-08-09T01:52:54.339+0000] {dag.py:3947} INFO - Setting next_dagrun for tutorial_dag to None, run_after=None
[2024-08-09T01:52:54.392+0000] {processor.py:183} INFO - Processing /home/airflow/.local/lib/python3.12/site-packages/airflow/example_dags/tutorial_dag.py took 0.195 seconds
[2024-08-09T01:53:32.607+0000] {processor.py:161} INFO - Started process (PID=2185) to work on /home/airflow/.local/lib/python3.12/site-packages/airflow/example_dags/tutorial_dag.py
[2024-08-09T01:53:32.618+0000] {processor.py:830} INFO - Processing file /home/airflow/.local/lib/python3.12/site-packages/airflow/example_dags/tutorial_dag.py for tasks to queue
[2024-08-09T01:53:32.643+0000] {logging_mixin.py:188} INFO - [2024-08-09T01:53:32.636+0000] {dagbag.py:545} INFO - Filling up the DagBag from /home/airflow/.local/lib/python3.12/site-packages/airflow/example_dags/tutorial_dag.py
[2024-08-09T01:53:32.811+0000] {processor.py:840} INFO - DAG(s) 'tutorial_dag' retrieved from /home/airflow/.local/lib/python3.12/site-packages/airflow/example_dags/tutorial_dag.py
[2024-08-09T01:53:33.228+0000] {logging_mixin.py:188} INFO - [2024-08-09T01:53:33.228+0000] {dag.py:3089} INFO - Sync 1 DAGs
[2024-08-09T01:53:33.542+0000] {logging_mixin.py:188} INFO - [2024-08-09T01:53:33.541+0000] {dag.py:3947} INFO - Setting next_dagrun for tutorial_dag to None, run_after=None
[2024-08-09T01:53:33.821+0000] {processor.py:183} INFO - Processing /home/airflow/.local/lib/python3.12/site-packages/airflow/example_dags/tutorial_dag.py took 1.301 seconds
[2024-08-09T01:54:05.586+0000] {processor.py:161} INFO - Started process (PID=2243) to work on /home/airflow/.local/lib/python3.12/site-packages/airflow/example_dags/tutorial_dag.py
[2024-08-09T01:54:05.601+0000] {processor.py:830} INFO - Processing file /home/airflow/.local/lib/python3.12/site-packages/airflow/example_dags/tutorial_dag.py for tasks to queue
[2024-08-09T01:54:05.623+0000] {logging_mixin.py:188} INFO - [2024-08-09T01:54:05.620+0000] {dagbag.py:545} INFO - Filling up the DagBag from /home/airflow/.local/lib/python3.12/site-packages/airflow/example_dags/tutorial_dag.py
[2024-08-09T01:54:05.672+0000] {processor.py:840} INFO - DAG(s) 'tutorial_dag' retrieved from /home/airflow/.local/lib/python3.12/site-packages/airflow/example_dags/tutorial_dag.py
[2024-08-09T01:54:05.875+0000] {logging_mixin.py:188} INFO - [2024-08-09T01:54:05.873+0000] {dag.py:3089} INFO - Sync 1 DAGs
[2024-08-09T01:54:05.995+0000] {logging_mixin.py:188} INFO - [2024-08-09T01:54:05.994+0000] {dag.py:3947} INFO - Setting next_dagrun for tutorial_dag to None, run_after=None
[2024-08-09T01:54:06.154+0000] {processor.py:183} INFO - Processing /home/airflow/.local/lib/python3.12/site-packages/airflow/example_dags/tutorial_dag.py took 0.637 seconds
[2024-08-09T01:54:36.413+0000] {processor.py:161} INFO - Started process (PID=2301) to work on /home/airflow/.local/lib/python3.12/site-packages/airflow/example_dags/tutorial_dag.py
[2024-08-09T01:54:36.415+0000] {processor.py:830} INFO - Processing file /home/airflow/.local/lib/python3.12/site-packages/airflow/example_dags/tutorial_dag.py for tasks to queue
[2024-08-09T01:54:36.421+0000] {logging_mixin.py:188} INFO - [2024-08-09T01:54:36.420+0000] {dagbag.py:545} INFO - Filling up the DagBag from /home/airflow/.local/lib/python3.12/site-packages/airflow/example_dags/tutorial_dag.py
[2024-08-09T01:54:36.435+0000] {processor.py:840} INFO - DAG(s) 'tutorial_dag' retrieved from /home/airflow/.local/lib/python3.12/site-packages/airflow/example_dags/tutorial_dag.py
[2024-08-09T01:54:36.497+0000] {logging_mixin.py:188} INFO - [2024-08-09T01:54:36.497+0000] {dag.py:3089} INFO - Sync 1 DAGs
[2024-08-09T01:54:36.528+0000] {logging_mixin.py:188} INFO - [2024-08-09T01:54:36.528+0000] {dag.py:3947} INFO - Setting next_dagrun for tutorial_dag to None, run_after=None
[2024-08-09T01:54:36.566+0000] {processor.py:183} INFO - Processing /home/airflow/.local/lib/python3.12/site-packages/airflow/example_dags/tutorial_dag.py took 0.174 seconds
[2024-08-09T01:55:07.420+0000] {processor.py:161} INFO - Started process (PID=2359) to work on /home/airflow/.local/lib/python3.12/site-packages/airflow/example_dags/tutorial_dag.py
[2024-08-09T01:55:07.423+0000] {processor.py:830} INFO - Processing file /home/airflow/.local/lib/python3.12/site-packages/airflow/example_dags/tutorial_dag.py for tasks to queue
[2024-08-09T01:55:07.429+0000] {logging_mixin.py:188} INFO - [2024-08-09T01:55:07.428+0000] {dagbag.py:545} INFO - Filling up the DagBag from /home/airflow/.local/lib/python3.12/site-packages/airflow/example_dags/tutorial_dag.py
[2024-08-09T01:55:07.446+0000] {processor.py:840} INFO - DAG(s) 'tutorial_dag' retrieved from /home/airflow/.local/lib/python3.12/site-packages/airflow/example_dags/tutorial_dag.py
[2024-08-09T01:55:07.499+0000] {logging_mixin.py:188} INFO - [2024-08-09T01:55:07.499+0000] {dag.py:3089} INFO - Sync 1 DAGs
[2024-08-09T01:55:07.526+0000] {logging_mixin.py:188} INFO - [2024-08-09T01:55:07.526+0000] {dag.py:3947} INFO - Setting next_dagrun for tutorial_dag to None, run_after=None
[2024-08-09T01:55:07.566+0000] {processor.py:183} INFO - Processing /home/airflow/.local/lib/python3.12/site-packages/airflow/example_dags/tutorial_dag.py took 0.165 seconds
[2024-08-09T01:55:37.876+0000] {processor.py:161} INFO - Started process (PID=2417) to work on /home/airflow/.local/lib/python3.12/site-packages/airflow/example_dags/tutorial_dag.py
[2024-08-09T01:55:37.878+0000] {processor.py:830} INFO - Processing file /home/airflow/.local/lib/python3.12/site-packages/airflow/example_dags/tutorial_dag.py for tasks to queue
[2024-08-09T01:55:37.885+0000] {logging_mixin.py:188} INFO - [2024-08-09T01:55:37.884+0000] {dagbag.py:545} INFO - Filling up the DagBag from /home/airflow/.local/lib/python3.12/site-packages/airflow/example_dags/tutorial_dag.py
[2024-08-09T01:55:37.901+0000] {processor.py:840} INFO - DAG(s) 'tutorial_dag' retrieved from /home/airflow/.local/lib/python3.12/site-packages/airflow/example_dags/tutorial_dag.py
[2024-08-09T01:55:37.955+0000] {logging_mixin.py:188} INFO - [2024-08-09T01:55:37.954+0000] {dag.py:3089} INFO - Sync 1 DAGs
[2024-08-09T01:55:37.977+0000] {logging_mixin.py:188} INFO - [2024-08-09T01:55:37.976+0000] {dag.py:3947} INFO - Setting next_dagrun for tutorial_dag to None, run_after=None
[2024-08-09T01:55:38.011+0000] {processor.py:183} INFO - Processing /home/airflow/.local/lib/python3.12/site-packages/airflow/example_dags/tutorial_dag.py took 0.151 seconds
[2024-08-09T01:56:08.274+0000] {processor.py:161} INFO - Started process (PID=2475) to work on /home/airflow/.local/lib/python3.12/site-packages/airflow/example_dags/tutorial_dag.py
[2024-08-09T01:56:08.276+0000] {processor.py:830} INFO - Processing file /home/airflow/.local/lib/python3.12/site-packages/airflow/example_dags/tutorial_dag.py for tasks to queue
[2024-08-09T01:56:08.282+0000] {logging_mixin.py:188} INFO - [2024-08-09T01:56:08.281+0000] {dagbag.py:545} INFO - Filling up the DagBag from /home/airflow/.local/lib/python3.12/site-packages/airflow/example_dags/tutorial_dag.py
[2024-08-09T01:56:08.302+0000] {processor.py:840} INFO - DAG(s) 'tutorial_dag' retrieved from /home/airflow/.local/lib/python3.12/site-packages/airflow/example_dags/tutorial_dag.py
[2024-08-09T01:56:08.371+0000] {logging_mixin.py:188} INFO - [2024-08-09T01:56:08.370+0000] {dag.py:3089} INFO - Sync 1 DAGs
[2024-08-09T01:56:08.400+0000] {logging_mixin.py:188} INFO - [2024-08-09T01:56:08.399+0000] {dag.py:3947} INFO - Setting next_dagrun for tutorial_dag to None, run_after=None
[2024-08-09T01:56:08.438+0000] {processor.py:183} INFO - Processing /home/airflow/.local/lib/python3.12/site-packages/airflow/example_dags/tutorial_dag.py took 0.181 seconds
[2024-08-09T01:56:39.161+0000] {processor.py:161} INFO - Started process (PID=2533) to work on /home/airflow/.local/lib/python3.12/site-packages/airflow/example_dags/tutorial_dag.py
[2024-08-09T01:56:39.169+0000] {processor.py:830} INFO - Processing file /home/airflow/.local/lib/python3.12/site-packages/airflow/example_dags/tutorial_dag.py for tasks to queue
[2024-08-09T01:56:39.181+0000] {logging_mixin.py:188} INFO - [2024-08-09T01:56:39.178+0000] {dagbag.py:545} INFO - Filling up the DagBag from /home/airflow/.local/lib/python3.12/site-packages/airflow/example_dags/tutorial_dag.py
[2024-08-09T01:56:39.199+0000] {processor.py:840} INFO - DAG(s) 'tutorial_dag' retrieved from /home/airflow/.local/lib/python3.12/site-packages/airflow/example_dags/tutorial_dag.py
[2024-08-09T01:56:39.277+0000] {logging_mixin.py:188} INFO - [2024-08-09T01:56:39.277+0000] {dag.py:3089} INFO - Sync 1 DAGs
[2024-08-09T01:56:39.329+0000] {logging_mixin.py:188} INFO - [2024-08-09T01:56:39.328+0000] {dag.py:3947} INFO - Setting next_dagrun for tutorial_dag to None, run_after=None
[2024-08-09T01:56:39.385+0000] {processor.py:183} INFO - Processing /home/airflow/.local/lib/python3.12/site-packages/airflow/example_dags/tutorial_dag.py took 0.259 seconds
[2024-08-09T01:57:11.026+0000] {processor.py:161} INFO - Started process (PID=2591) to work on /home/airflow/.local/lib/python3.12/site-packages/airflow/example_dags/tutorial_dag.py
[2024-08-09T01:57:11.035+0000] {processor.py:830} INFO - Processing file /home/airflow/.local/lib/python3.12/site-packages/airflow/example_dags/tutorial_dag.py for tasks to queue
[2024-08-09T01:57:11.063+0000] {logging_mixin.py:188} INFO - [2024-08-09T01:57:11.057+0000] {dagbag.py:545} INFO - Filling up the DagBag from /home/airflow/.local/lib/python3.12/site-packages/airflow/example_dags/tutorial_dag.py
[2024-08-09T01:57:11.169+0000] {processor.py:840} INFO - DAG(s) 'tutorial_dag' retrieved from /home/airflow/.local/lib/python3.12/site-packages/airflow/example_dags/tutorial_dag.py
[2024-08-09T01:57:11.338+0000] {logging_mixin.py:188} INFO - [2024-08-09T01:57:11.335+0000] {dag.py:3089} INFO - Sync 1 DAGs
[2024-08-09T01:57:11.462+0000] {logging_mixin.py:188} INFO - [2024-08-09T01:57:11.454+0000] {dag.py:3947} INFO - Setting next_dagrun for tutorial_dag to None, run_after=None
[2024-08-09T01:57:11.573+0000] {processor.py:183} INFO - Processing /home/airflow/.local/lib/python3.12/site-packages/airflow/example_dags/tutorial_dag.py took 0.628 seconds
[2024-08-09T01:57:42.641+0000] {processor.py:161} INFO - Started process (PID=2649) to work on /home/airflow/.local/lib/python3.12/site-packages/airflow/example_dags/tutorial_dag.py
[2024-08-09T01:57:42.648+0000] {processor.py:830} INFO - Processing file /home/airflow/.local/lib/python3.12/site-packages/airflow/example_dags/tutorial_dag.py for tasks to queue
[2024-08-09T01:57:42.659+0000] {logging_mixin.py:188} INFO - [2024-08-09T01:57:42.658+0000] {dagbag.py:545} INFO - Filling up the DagBag from /home/airflow/.local/lib/python3.12/site-packages/airflow/example_dags/tutorial_dag.py
[2024-08-09T01:57:42.738+0000] {processor.py:840} INFO - DAG(s) 'tutorial_dag' retrieved from /home/airflow/.local/lib/python3.12/site-packages/airflow/example_dags/tutorial_dag.py
[2024-08-09T01:57:42.859+0000] {logging_mixin.py:188} INFO - [2024-08-09T01:57:42.859+0000] {dag.py:3089} INFO - Sync 1 DAGs
[2024-08-09T01:57:42.913+0000] {logging_mixin.py:188} INFO - [2024-08-09T01:57:42.912+0000] {dag.py:3947} INFO - Setting next_dagrun for tutorial_dag to None, run_after=None
[2024-08-09T01:57:42.990+0000] {processor.py:183} INFO - Processing /home/airflow/.local/lib/python3.12/site-packages/airflow/example_dags/tutorial_dag.py took 0.414 seconds
[2024-08-09T01:58:13.214+0000] {processor.py:161} INFO - Started process (PID=2707) to work on /home/airflow/.local/lib/python3.12/site-packages/airflow/example_dags/tutorial_dag.py
[2024-08-09T01:58:13.234+0000] {processor.py:830} INFO - Processing file /home/airflow/.local/lib/python3.12/site-packages/airflow/example_dags/tutorial_dag.py for tasks to queue
[2024-08-09T01:58:13.262+0000] {logging_mixin.py:188} INFO - [2024-08-09T01:58:13.259+0000] {dagbag.py:545} INFO - Filling up the DagBag from /home/airflow/.local/lib/python3.12/site-packages/airflow/example_dags/tutorial_dag.py
[2024-08-09T01:58:13.330+0000] {processor.py:840} INFO - DAG(s) 'tutorial_dag' retrieved from /home/airflow/.local/lib/python3.12/site-packages/airflow/example_dags/tutorial_dag.py
[2024-08-09T01:58:13.511+0000] {logging_mixin.py:188} INFO - [2024-08-09T01:58:13.509+0000] {dag.py:3089} INFO - Sync 1 DAGs
[2024-08-09T01:58:13.566+0000] {logging_mixin.py:188} INFO - [2024-08-09T01:58:13.565+0000] {dag.py:3947} INFO - Setting next_dagrun for tutorial_dag to None, run_after=None
[2024-08-09T01:58:13.678+0000] {processor.py:183} INFO - Processing /home/airflow/.local/lib/python3.12/site-packages/airflow/example_dags/tutorial_dag.py took 0.548 seconds
[2024-08-09T01:58:43.791+0000] {processor.py:161} INFO - Started process (PID=2765) to work on /home/airflow/.local/lib/python3.12/site-packages/airflow/example_dags/tutorial_dag.py
[2024-08-09T01:58:43.794+0000] {processor.py:830} INFO - Processing file /home/airflow/.local/lib/python3.12/site-packages/airflow/example_dags/tutorial_dag.py for tasks to queue
[2024-08-09T01:58:43.799+0000] {logging_mixin.py:188} INFO - [2024-08-09T01:58:43.798+0000] {dagbag.py:545} INFO - Filling up the DagBag from /home/airflow/.local/lib/python3.12/site-packages/airflow/example_dags/tutorial_dag.py
[2024-08-09T01:58:43.818+0000] {processor.py:840} INFO - DAG(s) 'tutorial_dag' retrieved from /home/airflow/.local/lib/python3.12/site-packages/airflow/example_dags/tutorial_dag.py
[2024-08-09T01:58:43.875+0000] {logging_mixin.py:188} INFO - [2024-08-09T01:58:43.875+0000] {dag.py:3089} INFO - Sync 1 DAGs
[2024-08-09T01:58:43.909+0000] {logging_mixin.py:188} INFO - [2024-08-09T01:58:43.909+0000] {dag.py:3947} INFO - Setting next_dagrun for tutorial_dag to None, run_after=None
[2024-08-09T01:58:43.944+0000] {processor.py:183} INFO - Processing /home/airflow/.local/lib/python3.12/site-packages/airflow/example_dags/tutorial_dag.py took 0.172 seconds
[2024-08-09T01:59:15.975+0000] {processor.py:161} INFO - Started process (PID=2824) to work on /home/airflow/.local/lib/python3.12/site-packages/airflow/example_dags/tutorial_dag.py
[2024-08-09T01:59:15.990+0000] {processor.py:830} INFO - Processing file /home/airflow/.local/lib/python3.12/site-packages/airflow/example_dags/tutorial_dag.py for tasks to queue
[2024-08-09T01:59:16.010+0000] {logging_mixin.py:188} INFO - [2024-08-09T01:59:16.003+0000] {dagbag.py:545} INFO - Filling up the DagBag from /home/airflow/.local/lib/python3.12/site-packages/airflow/example_dags/tutorial_dag.py
[2024-08-09T01:59:16.101+0000] {processor.py:840} INFO - DAG(s) 'tutorial_dag' retrieved from /home/airflow/.local/lib/python3.12/site-packages/airflow/example_dags/tutorial_dag.py
[2024-08-09T01:59:16.350+0000] {logging_mixin.py:188} INFO - [2024-08-09T01:59:16.350+0000] {dag.py:3089} INFO - Sync 1 DAGs
[2024-08-09T01:59:16.473+0000] {logging_mixin.py:188} INFO - [2024-08-09T01:59:16.473+0000] {dag.py:3947} INFO - Setting next_dagrun for tutorial_dag to None, run_after=None
[2024-08-09T01:59:16.544+0000] {processor.py:183} INFO - Processing /home/airflow/.local/lib/python3.12/site-packages/airflow/example_dags/tutorial_dag.py took 0.640 seconds
[2024-08-09T01:59:46.969+0000] {processor.py:161} INFO - Started process (PID=2882) to work on /home/airflow/.local/lib/python3.12/site-packages/airflow/example_dags/tutorial_dag.py
[2024-08-09T01:59:46.973+0000] {processor.py:830} INFO - Processing file /home/airflow/.local/lib/python3.12/site-packages/airflow/example_dags/tutorial_dag.py for tasks to queue
[2024-08-09T01:59:46.980+0000] {logging_mixin.py:188} INFO - [2024-08-09T01:59:46.979+0000] {dagbag.py:545} INFO - Filling up the DagBag from /home/airflow/.local/lib/python3.12/site-packages/airflow/example_dags/tutorial_dag.py
[2024-08-09T01:59:47.004+0000] {processor.py:840} INFO - DAG(s) 'tutorial_dag' retrieved from /home/airflow/.local/lib/python3.12/site-packages/airflow/example_dags/tutorial_dag.py
[2024-08-09T01:59:47.068+0000] {logging_mixin.py:188} INFO - [2024-08-09T01:59:47.067+0000] {dag.py:3089} INFO - Sync 1 DAGs
[2024-08-09T01:59:47.101+0000] {logging_mixin.py:188} INFO - [2024-08-09T01:59:47.100+0000] {dag.py:3947} INFO - Setting next_dagrun for tutorial_dag to None, run_after=None
[2024-08-09T01:59:47.150+0000] {processor.py:183} INFO - Processing /home/airflow/.local/lib/python3.12/site-packages/airflow/example_dags/tutorial_dag.py took 0.202 seconds
[2024-08-09T02:00:17.401+0000] {processor.py:161} INFO - Started process (PID=2939) to work on /home/airflow/.local/lib/python3.12/site-packages/airflow/example_dags/tutorial_dag.py
[2024-08-09T02:00:17.407+0000] {processor.py:830} INFO - Processing file /home/airflow/.local/lib/python3.12/site-packages/airflow/example_dags/tutorial_dag.py for tasks to queue
[2024-08-09T02:00:17.413+0000] {logging_mixin.py:188} INFO - [2024-08-09T02:00:17.412+0000] {dagbag.py:545} INFO - Filling up the DagBag from /home/airflow/.local/lib/python3.12/site-packages/airflow/example_dags/tutorial_dag.py
[2024-08-09T02:00:17.434+0000] {processor.py:840} INFO - DAG(s) 'tutorial_dag' retrieved from /home/airflow/.local/lib/python3.12/site-packages/airflow/example_dags/tutorial_dag.py
[2024-08-09T02:00:17.505+0000] {logging_mixin.py:188} INFO - [2024-08-09T02:00:17.504+0000] {dag.py:3089} INFO - Sync 1 DAGs
[2024-08-09T02:00:17.533+0000] {logging_mixin.py:188} INFO - [2024-08-09T02:00:17.533+0000] {dag.py:3947} INFO - Setting next_dagrun for tutorial_dag to None, run_after=None
[2024-08-09T02:00:17.567+0000] {processor.py:183} INFO - Processing /home/airflow/.local/lib/python3.12/site-packages/airflow/example_dags/tutorial_dag.py took 0.189 seconds
[2024-08-09T02:00:48.601+0000] {processor.py:161} INFO - Started process (PID=2997) to work on /home/airflow/.local/lib/python3.12/site-packages/airflow/example_dags/tutorial_dag.py
[2024-08-09T02:00:48.609+0000] {processor.py:830} INFO - Processing file /home/airflow/.local/lib/python3.12/site-packages/airflow/example_dags/tutorial_dag.py for tasks to queue
[2024-08-09T02:00:48.621+0000] {logging_mixin.py:188} INFO - [2024-08-09T02:00:48.619+0000] {dagbag.py:545} INFO - Filling up the DagBag from /home/airflow/.local/lib/python3.12/site-packages/airflow/example_dags/tutorial_dag.py
[2024-08-09T02:00:48.654+0000] {processor.py:840} INFO - DAG(s) 'tutorial_dag' retrieved from /home/airflow/.local/lib/python3.12/site-packages/airflow/example_dags/tutorial_dag.py
[2024-08-09T02:00:48.720+0000] {logging_mixin.py:188} INFO - [2024-08-09T02:00:48.720+0000] {dag.py:3089} INFO - Sync 1 DAGs
[2024-08-09T02:00:48.756+0000] {logging_mixin.py:188} INFO - [2024-08-09T02:00:48.756+0000] {dag.py:3947} INFO - Setting next_dagrun for tutorial_dag to None, run_after=None
[2024-08-09T02:00:48.797+0000] {processor.py:183} INFO - Processing /home/airflow/.local/lib/python3.12/site-packages/airflow/example_dags/tutorial_dag.py took 0.223 seconds
[2024-08-09T02:01:19.132+0000] {processor.py:161} INFO - Started process (PID=3055) to work on /home/airflow/.local/lib/python3.12/site-packages/airflow/example_dags/tutorial_dag.py
[2024-08-09T02:01:19.137+0000] {processor.py:830} INFO - Processing file /home/airflow/.local/lib/python3.12/site-packages/airflow/example_dags/tutorial_dag.py for tasks to queue
[2024-08-09T02:01:19.148+0000] {logging_mixin.py:188} INFO - [2024-08-09T02:01:19.147+0000] {dagbag.py:545} INFO - Filling up the DagBag from /home/airflow/.local/lib/python3.12/site-packages/airflow/example_dags/tutorial_dag.py
[2024-08-09T02:01:19.168+0000] {processor.py:840} INFO - DAG(s) 'tutorial_dag' retrieved from /home/airflow/.local/lib/python3.12/site-packages/airflow/example_dags/tutorial_dag.py
[2024-08-09T02:01:19.230+0000] {logging_mixin.py:188} INFO - [2024-08-09T02:01:19.230+0000] {dag.py:3089} INFO - Sync 1 DAGs
[2024-08-09T02:01:19.252+0000] {logging_mixin.py:188} INFO - [2024-08-09T02:01:19.252+0000] {dag.py:3947} INFO - Setting next_dagrun for tutorial_dag to None, run_after=None
[2024-08-09T02:01:19.294+0000] {processor.py:183} INFO - Processing /home/airflow/.local/lib/python3.12/site-packages/airflow/example_dags/tutorial_dag.py took 0.182 seconds
[2024-08-09T02:01:49.796+0000] {processor.py:161} INFO - Started process (PID=3111) to work on /home/airflow/.local/lib/python3.12/site-packages/airflow/example_dags/tutorial_dag.py
[2024-08-09T02:01:49.799+0000] {processor.py:830} INFO - Processing file /home/airflow/.local/lib/python3.12/site-packages/airflow/example_dags/tutorial_dag.py for tasks to queue
[2024-08-09T02:01:49.803+0000] {logging_mixin.py:188} INFO - [2024-08-09T02:01:49.803+0000] {dagbag.py:545} INFO - Filling up the DagBag from /home/airflow/.local/lib/python3.12/site-packages/airflow/example_dags/tutorial_dag.py
[2024-08-09T02:01:49.821+0000] {processor.py:840} INFO - DAG(s) 'tutorial_dag' retrieved from /home/airflow/.local/lib/python3.12/site-packages/airflow/example_dags/tutorial_dag.py
[2024-08-09T02:01:49.881+0000] {logging_mixin.py:188} INFO - [2024-08-09T02:01:49.881+0000] {dag.py:3089} INFO - Sync 1 DAGs
[2024-08-09T02:01:49.908+0000] {logging_mixin.py:188} INFO - [2024-08-09T02:01:49.907+0000] {dag.py:3947} INFO - Setting next_dagrun for tutorial_dag to None, run_after=None
[2024-08-09T02:01:49.948+0000] {processor.py:183} INFO - Processing /home/airflow/.local/lib/python3.12/site-packages/airflow/example_dags/tutorial_dag.py took 0.168 seconds
[2024-08-09T02:02:20.191+0000] {processor.py:161} INFO - Started process (PID=3169) to work on /home/airflow/.local/lib/python3.12/site-packages/airflow/example_dags/tutorial_dag.py
[2024-08-09T02:02:20.194+0000] {processor.py:830} INFO - Processing file /home/airflow/.local/lib/python3.12/site-packages/airflow/example_dags/tutorial_dag.py for tasks to queue
[2024-08-09T02:02:20.200+0000] {logging_mixin.py:188} INFO - [2024-08-09T02:02:20.199+0000] {dagbag.py:545} INFO - Filling up the DagBag from /home/airflow/.local/lib/python3.12/site-packages/airflow/example_dags/tutorial_dag.py
[2024-08-09T02:02:20.217+0000] {processor.py:840} INFO - DAG(s) 'tutorial_dag' retrieved from /home/airflow/.local/lib/python3.12/site-packages/airflow/example_dags/tutorial_dag.py
[2024-08-09T02:02:20.275+0000] {logging_mixin.py:188} INFO - [2024-08-09T02:02:20.274+0000] {dag.py:3089} INFO - Sync 1 DAGs
[2024-08-09T02:02:20.299+0000] {logging_mixin.py:188} INFO - [2024-08-09T02:02:20.299+0000] {dag.py:3947} INFO - Setting next_dagrun for tutorial_dag to None, run_after=None
[2024-08-09T02:02:20.342+0000] {processor.py:183} INFO - Processing /home/airflow/.local/lib/python3.12/site-packages/airflow/example_dags/tutorial_dag.py took 0.169 seconds
[2024-08-09T02:02:50.565+0000] {processor.py:161} INFO - Started process (PID=3227) to work on /home/airflow/.local/lib/python3.12/site-packages/airflow/example_dags/tutorial_dag.py
[2024-08-09T02:02:50.568+0000] {processor.py:830} INFO - Processing file /home/airflow/.local/lib/python3.12/site-packages/airflow/example_dags/tutorial_dag.py for tasks to queue
[2024-08-09T02:02:50.578+0000] {logging_mixin.py:188} INFO - [2024-08-09T02:02:50.577+0000] {dagbag.py:545} INFO - Filling up the DagBag from /home/airflow/.local/lib/python3.12/site-packages/airflow/example_dags/tutorial_dag.py
[2024-08-09T02:02:50.604+0000] {processor.py:840} INFO - DAG(s) 'tutorial_dag' retrieved from /home/airflow/.local/lib/python3.12/site-packages/airflow/example_dags/tutorial_dag.py
[2024-08-09T02:02:50.690+0000] {logging_mixin.py:188} INFO - [2024-08-09T02:02:50.689+0000] {dag.py:3089} INFO - Sync 1 DAGs
[2024-08-09T02:02:50.716+0000] {logging_mixin.py:188} INFO - [2024-08-09T02:02:50.716+0000] {dag.py:3947} INFO - Setting next_dagrun for tutorial_dag to None, run_after=None
[2024-08-09T02:02:50.750+0000] {processor.py:183} INFO - Processing /home/airflow/.local/lib/python3.12/site-packages/airflow/example_dags/tutorial_dag.py took 0.210 seconds
[2024-08-09T02:03:21.267+0000] {processor.py:161} INFO - Started process (PID=3285) to work on /home/airflow/.local/lib/python3.12/site-packages/airflow/example_dags/tutorial_dag.py
[2024-08-09T02:03:21.269+0000] {processor.py:830} INFO - Processing file /home/airflow/.local/lib/python3.12/site-packages/airflow/example_dags/tutorial_dag.py for tasks to queue
[2024-08-09T02:03:21.277+0000] {logging_mixin.py:188} INFO - [2024-08-09T02:03:21.277+0000] {dagbag.py:545} INFO - Filling up the DagBag from /home/airflow/.local/lib/python3.12/site-packages/airflow/example_dags/tutorial_dag.py
[2024-08-09T02:03:21.296+0000] {processor.py:840} INFO - DAG(s) 'tutorial_dag' retrieved from /home/airflow/.local/lib/python3.12/site-packages/airflow/example_dags/tutorial_dag.py
[2024-08-09T02:03:21.368+0000] {logging_mixin.py:188} INFO - [2024-08-09T02:03:21.367+0000] {dag.py:3089} INFO - Sync 1 DAGs
[2024-08-09T02:03:21.401+0000] {logging_mixin.py:188} INFO - [2024-08-09T02:03:21.400+0000] {dag.py:3947} INFO - Setting next_dagrun for tutorial_dag to None, run_after=None
[2024-08-09T02:03:21.438+0000] {processor.py:183} INFO - Processing /home/airflow/.local/lib/python3.12/site-packages/airflow/example_dags/tutorial_dag.py took 0.195 seconds
[2024-08-09T02:03:52.057+0000] {processor.py:161} INFO - Started process (PID=3342) to work on /home/airflow/.local/lib/python3.12/site-packages/airflow/example_dags/tutorial_dag.py
[2024-08-09T02:03:52.060+0000] {processor.py:830} INFO - Processing file /home/airflow/.local/lib/python3.12/site-packages/airflow/example_dags/tutorial_dag.py for tasks to queue
[2024-08-09T02:03:52.065+0000] {logging_mixin.py:188} INFO - [2024-08-09T02:03:52.064+0000] {dagbag.py:545} INFO - Filling up the DagBag from /home/airflow/.local/lib/python3.12/site-packages/airflow/example_dags/tutorial_dag.py
[2024-08-09T02:03:52.079+0000] {processor.py:840} INFO - DAG(s) 'tutorial_dag' retrieved from /home/airflow/.local/lib/python3.12/site-packages/airflow/example_dags/tutorial_dag.py
[2024-08-09T02:03:52.128+0000] {logging_mixin.py:188} INFO - [2024-08-09T02:03:52.128+0000] {dag.py:3089} INFO - Sync 1 DAGs
[2024-08-09T02:03:52.154+0000] {logging_mixin.py:188} INFO - [2024-08-09T02:03:52.153+0000] {dag.py:3947} INFO - Setting next_dagrun for tutorial_dag to None, run_after=None
[2024-08-09T02:03:52.185+0000] {processor.py:183} INFO - Processing /home/airflow/.local/lib/python3.12/site-packages/airflow/example_dags/tutorial_dag.py took 0.144 seconds
[2024-08-09T02:04:22.328+0000] {processor.py:161} INFO - Started process (PID=3400) to work on /home/airflow/.local/lib/python3.12/site-packages/airflow/example_dags/tutorial_dag.py
[2024-08-09T02:04:22.330+0000] {processor.py:830} INFO - Processing file /home/airflow/.local/lib/python3.12/site-packages/airflow/example_dags/tutorial_dag.py for tasks to queue
[2024-08-09T02:04:22.335+0000] {logging_mixin.py:188} INFO - [2024-08-09T02:04:22.334+0000] {dagbag.py:545} INFO - Filling up the DagBag from /home/airflow/.local/lib/python3.12/site-packages/airflow/example_dags/tutorial_dag.py
[2024-08-09T02:04:22.351+0000] {processor.py:840} INFO - DAG(s) 'tutorial_dag' retrieved from /home/airflow/.local/lib/python3.12/site-packages/airflow/example_dags/tutorial_dag.py
[2024-08-09T02:04:22.400+0000] {logging_mixin.py:188} INFO - [2024-08-09T02:04:22.400+0000] {dag.py:3089} INFO - Sync 1 DAGs
[2024-08-09T02:04:22.423+0000] {logging_mixin.py:188} INFO - [2024-08-09T02:04:22.423+0000] {dag.py:3947} INFO - Setting next_dagrun for tutorial_dag to None, run_after=None
[2024-08-09T02:04:22.453+0000] {processor.py:183} INFO - Processing /home/airflow/.local/lib/python3.12/site-packages/airflow/example_dags/tutorial_dag.py took 0.144 seconds
[2024-08-09T02:04:52.962+0000] {processor.py:161} INFO - Started process (PID=3458) to work on /home/airflow/.local/lib/python3.12/site-packages/airflow/example_dags/tutorial_dag.py
[2024-08-09T02:04:52.964+0000] {processor.py:830} INFO - Processing file /home/airflow/.local/lib/python3.12/site-packages/airflow/example_dags/tutorial_dag.py for tasks to queue
[2024-08-09T02:04:52.969+0000] {logging_mixin.py:188} INFO - [2024-08-09T02:04:52.968+0000] {dagbag.py:545} INFO - Filling up the DagBag from /home/airflow/.local/lib/python3.12/site-packages/airflow/example_dags/tutorial_dag.py
[2024-08-09T02:04:52.983+0000] {processor.py:840} INFO - DAG(s) 'tutorial_dag' retrieved from /home/airflow/.local/lib/python3.12/site-packages/airflow/example_dags/tutorial_dag.py
[2024-08-09T02:04:53.026+0000] {logging_mixin.py:188} INFO - [2024-08-09T02:04:53.026+0000] {dag.py:3089} INFO - Sync 1 DAGs
[2024-08-09T02:04:53.049+0000] {logging_mixin.py:188} INFO - [2024-08-09T02:04:53.048+0000] {dag.py:3947} INFO - Setting next_dagrun for tutorial_dag to None, run_after=None
[2024-08-09T02:04:53.083+0000] {processor.py:183} INFO - Processing /home/airflow/.local/lib/python3.12/site-packages/airflow/example_dags/tutorial_dag.py took 0.138 seconds
[2024-08-09T02:05:24.131+0000] {processor.py:161} INFO - Started process (PID=3516) to work on /home/airflow/.local/lib/python3.12/site-packages/airflow/example_dags/tutorial_dag.py
[2024-08-09T02:05:24.135+0000] {processor.py:830} INFO - Processing file /home/airflow/.local/lib/python3.12/site-packages/airflow/example_dags/tutorial_dag.py for tasks to queue
[2024-08-09T02:05:24.141+0000] {logging_mixin.py:188} INFO - [2024-08-09T02:05:24.140+0000] {dagbag.py:545} INFO - Filling up the DagBag from /home/airflow/.local/lib/python3.12/site-packages/airflow/example_dags/tutorial_dag.py
[2024-08-09T02:05:24.160+0000] {processor.py:840} INFO - DAG(s) 'tutorial_dag' retrieved from /home/airflow/.local/lib/python3.12/site-packages/airflow/example_dags/tutorial_dag.py
[2024-08-09T02:05:24.230+0000] {logging_mixin.py:188} INFO - [2024-08-09T02:05:24.229+0000] {dag.py:3089} INFO - Sync 1 DAGs
[2024-08-09T02:05:24.259+0000] {logging_mixin.py:188} INFO - [2024-08-09T02:05:24.259+0000] {dag.py:3947} INFO - Setting next_dagrun for tutorial_dag to None, run_after=None
[2024-08-09T02:05:24.307+0000] {processor.py:183} INFO - Processing /home/airflow/.local/lib/python3.12/site-packages/airflow/example_dags/tutorial_dag.py took 0.199 seconds
[2024-08-09T02:05:54.982+0000] {processor.py:161} INFO - Started process (PID=3574) to work on /home/airflow/.local/lib/python3.12/site-packages/airflow/example_dags/tutorial_dag.py
[2024-08-09T02:05:54.986+0000] {processor.py:830} INFO - Processing file /home/airflow/.local/lib/python3.12/site-packages/airflow/example_dags/tutorial_dag.py for tasks to queue
[2024-08-09T02:05:55.000+0000] {logging_mixin.py:188} INFO - [2024-08-09T02:05:54.997+0000] {dagbag.py:545} INFO - Filling up the DagBag from /home/airflow/.local/lib/python3.12/site-packages/airflow/example_dags/tutorial_dag.py
[2024-08-09T02:05:55.036+0000] {processor.py:840} INFO - DAG(s) 'tutorial_dag' retrieved from /home/airflow/.local/lib/python3.12/site-packages/airflow/example_dags/tutorial_dag.py
[2024-08-09T02:05:55.177+0000] {logging_mixin.py:188} INFO - [2024-08-09T02:05:55.177+0000] {dag.py:3089} INFO - Sync 1 DAGs
[2024-08-09T02:05:55.293+0000] {logging_mixin.py:188} INFO - [2024-08-09T02:05:55.286+0000] {dag.py:3947} INFO - Setting next_dagrun for tutorial_dag to None, run_after=None
[2024-08-09T02:05:55.441+0000] {processor.py:183} INFO - Processing /home/airflow/.local/lib/python3.12/site-packages/airflow/example_dags/tutorial_dag.py took 0.516 seconds
[2024-08-09T02:06:25.534+0000] {processor.py:161} INFO - Started process (PID=3632) to work on /home/airflow/.local/lib/python3.12/site-packages/airflow/example_dags/tutorial_dag.py
[2024-08-09T02:06:25.537+0000] {processor.py:830} INFO - Processing file /home/airflow/.local/lib/python3.12/site-packages/airflow/example_dags/tutorial_dag.py for tasks to queue
[2024-08-09T02:06:25.542+0000] {logging_mixin.py:188} INFO - [2024-08-09T02:06:25.542+0000] {dagbag.py:545} INFO - Filling up the DagBag from /home/airflow/.local/lib/python3.12/site-packages/airflow/example_dags/tutorial_dag.py
[2024-08-09T02:06:25.557+0000] {processor.py:840} INFO - DAG(s) 'tutorial_dag' retrieved from /home/airflow/.local/lib/python3.12/site-packages/airflow/example_dags/tutorial_dag.py
[2024-08-09T02:06:25.614+0000] {logging_mixin.py:188} INFO - [2024-08-09T02:06:25.614+0000] {dag.py:3089} INFO - Sync 1 DAGs
[2024-08-09T02:06:25.645+0000] {logging_mixin.py:188} INFO - [2024-08-09T02:06:25.644+0000] {dag.py:3947} INFO - Setting next_dagrun for tutorial_dag to None, run_after=None
[2024-08-09T02:06:25.696+0000] {processor.py:183} INFO - Processing /home/airflow/.local/lib/python3.12/site-packages/airflow/example_dags/tutorial_dag.py took 0.184 seconds
[2024-08-09T02:06:56.616+0000] {processor.py:161} INFO - Started process (PID=3690) to work on /home/airflow/.local/lib/python3.12/site-packages/airflow/example_dags/tutorial_dag.py
[2024-08-09T02:06:56.619+0000] {processor.py:830} INFO - Processing file /home/airflow/.local/lib/python3.12/site-packages/airflow/example_dags/tutorial_dag.py for tasks to queue
[2024-08-09T02:06:56.624+0000] {logging_mixin.py:188} INFO - [2024-08-09T02:06:56.623+0000] {dagbag.py:545} INFO - Filling up the DagBag from /home/airflow/.local/lib/python3.12/site-packages/airflow/example_dags/tutorial_dag.py
[2024-08-09T02:06:56.638+0000] {processor.py:840} INFO - DAG(s) 'tutorial_dag' retrieved from /home/airflow/.local/lib/python3.12/site-packages/airflow/example_dags/tutorial_dag.py
[2024-08-09T02:06:56.702+0000] {logging_mixin.py:188} INFO - [2024-08-09T02:06:56.701+0000] {dag.py:3089} INFO - Sync 1 DAGs
[2024-08-09T02:06:56.730+0000] {logging_mixin.py:188} INFO - [2024-08-09T02:06:56.730+0000] {dag.py:3947} INFO - Setting next_dagrun for tutorial_dag to None, run_after=None
[2024-08-09T02:06:56.769+0000] {processor.py:183} INFO - Processing /home/airflow/.local/lib/python3.12/site-packages/airflow/example_dags/tutorial_dag.py took 0.171 seconds
[2024-08-09T02:07:27.367+0000] {processor.py:161} INFO - Started process (PID=3747) to work on /home/airflow/.local/lib/python3.12/site-packages/airflow/example_dags/tutorial_dag.py
[2024-08-09T02:07:27.370+0000] {processor.py:830} INFO - Processing file /home/airflow/.local/lib/python3.12/site-packages/airflow/example_dags/tutorial_dag.py for tasks to queue
[2024-08-09T02:07:27.376+0000] {logging_mixin.py:188} INFO - [2024-08-09T02:07:27.375+0000] {dagbag.py:545} INFO - Filling up the DagBag from /home/airflow/.local/lib/python3.12/site-packages/airflow/example_dags/tutorial_dag.py
[2024-08-09T02:07:27.389+0000] {processor.py:840} INFO - DAG(s) 'tutorial_dag' retrieved from /home/airflow/.local/lib/python3.12/site-packages/airflow/example_dags/tutorial_dag.py
[2024-08-09T02:07:27.449+0000] {logging_mixin.py:188} INFO - [2024-08-09T02:07:27.449+0000] {dag.py:3089} INFO - Sync 1 DAGs
[2024-08-09T02:07:27.472+0000] {logging_mixin.py:188} INFO - [2024-08-09T02:07:27.471+0000] {dag.py:3947} INFO - Setting next_dagrun for tutorial_dag to None, run_after=None
[2024-08-09T02:07:27.510+0000] {processor.py:183} INFO - Processing /home/airflow/.local/lib/python3.12/site-packages/airflow/example_dags/tutorial_dag.py took 0.163 seconds
[2024-08-09T02:07:58.322+0000] {processor.py:161} INFO - Started process (PID=3804) to work on /home/airflow/.local/lib/python3.12/site-packages/airflow/example_dags/tutorial_dag.py
[2024-08-09T02:07:58.324+0000] {processor.py:830} INFO - Processing file /home/airflow/.local/lib/python3.12/site-packages/airflow/example_dags/tutorial_dag.py for tasks to queue
[2024-08-09T02:07:58.330+0000] {logging_mixin.py:188} INFO - [2024-08-09T02:07:58.329+0000] {dagbag.py:545} INFO - Filling up the DagBag from /home/airflow/.local/lib/python3.12/site-packages/airflow/example_dags/tutorial_dag.py
[2024-08-09T02:07:58.343+0000] {processor.py:840} INFO - DAG(s) 'tutorial_dag' retrieved from /home/airflow/.local/lib/python3.12/site-packages/airflow/example_dags/tutorial_dag.py
[2024-08-09T02:07:58.392+0000] {logging_mixin.py:188} INFO - [2024-08-09T02:07:58.391+0000] {dag.py:3089} INFO - Sync 1 DAGs
[2024-08-09T02:07:58.415+0000] {logging_mixin.py:188} INFO - [2024-08-09T02:07:58.415+0000] {dag.py:3947} INFO - Setting next_dagrun for tutorial_dag to None, run_after=None
[2024-08-09T02:07:58.446+0000] {processor.py:183} INFO - Processing /home/airflow/.local/lib/python3.12/site-packages/airflow/example_dags/tutorial_dag.py took 0.143 seconds
[2024-08-09T02:08:28.779+0000] {processor.py:161} INFO - Started process (PID=3862) to work on /home/airflow/.local/lib/python3.12/site-packages/airflow/example_dags/tutorial_dag.py
[2024-08-09T02:08:28.782+0000] {processor.py:830} INFO - Processing file /home/airflow/.local/lib/python3.12/site-packages/airflow/example_dags/tutorial_dag.py for tasks to queue
[2024-08-09T02:08:28.792+0000] {logging_mixin.py:188} INFO - [2024-08-09T02:08:28.791+0000] {dagbag.py:545} INFO - Filling up the DagBag from /home/airflow/.local/lib/python3.12/site-packages/airflow/example_dags/tutorial_dag.py
[2024-08-09T02:08:28.805+0000] {processor.py:840} INFO - DAG(s) 'tutorial_dag' retrieved from /home/airflow/.local/lib/python3.12/site-packages/airflow/example_dags/tutorial_dag.py
[2024-08-09T02:08:28.862+0000] {logging_mixin.py:188} INFO - [2024-08-09T02:08:28.861+0000] {dag.py:3089} INFO - Sync 1 DAGs
[2024-08-09T02:08:28.885+0000] {logging_mixin.py:188} INFO - [2024-08-09T02:08:28.885+0000] {dag.py:3947} INFO - Setting next_dagrun for tutorial_dag to None, run_after=None
[2024-08-09T02:08:28.918+0000] {processor.py:183} INFO - Processing /home/airflow/.local/lib/python3.12/site-packages/airflow/example_dags/tutorial_dag.py took 0.158 seconds
[2024-08-09T02:08:59.054+0000] {processor.py:161} INFO - Started process (PID=3920) to work on /home/airflow/.local/lib/python3.12/site-packages/airflow/example_dags/tutorial_dag.py
[2024-08-09T02:08:59.057+0000] {processor.py:830} INFO - Processing file /home/airflow/.local/lib/python3.12/site-packages/airflow/example_dags/tutorial_dag.py for tasks to queue
[2024-08-09T02:08:59.063+0000] {logging_mixin.py:188} INFO - [2024-08-09T02:08:59.062+0000] {dagbag.py:545} INFO - Filling up the DagBag from /home/airflow/.local/lib/python3.12/site-packages/airflow/example_dags/tutorial_dag.py
[2024-08-09T02:08:59.076+0000] {processor.py:840} INFO - DAG(s) 'tutorial_dag' retrieved from /home/airflow/.local/lib/python3.12/site-packages/airflow/example_dags/tutorial_dag.py
[2024-08-09T02:08:59.135+0000] {logging_mixin.py:188} INFO - [2024-08-09T02:08:59.135+0000] {dag.py:3089} INFO - Sync 1 DAGs
[2024-08-09T02:08:59.168+0000] {logging_mixin.py:188} INFO - [2024-08-09T02:08:59.167+0000] {dag.py:3947} INFO - Setting next_dagrun for tutorial_dag to None, run_after=None
[2024-08-09T02:08:59.205+0000] {processor.py:183} INFO - Processing /home/airflow/.local/lib/python3.12/site-packages/airflow/example_dags/tutorial_dag.py took 0.167 seconds
[2024-08-09T02:09:29.592+0000] {processor.py:161} INFO - Started process (PID=3977) to work on /home/airflow/.local/lib/python3.12/site-packages/airflow/example_dags/tutorial_dag.py
[2024-08-09T02:09:29.597+0000] {processor.py:830} INFO - Processing file /home/airflow/.local/lib/python3.12/site-packages/airflow/example_dags/tutorial_dag.py for tasks to queue
[2024-08-09T02:09:29.609+0000] {logging_mixin.py:188} INFO - [2024-08-09T02:09:29.605+0000] {dagbag.py:545} INFO - Filling up the DagBag from /home/airflow/.local/lib/python3.12/site-packages/airflow/example_dags/tutorial_dag.py
[2024-08-09T02:09:29.636+0000] {processor.py:840} INFO - DAG(s) 'tutorial_dag' retrieved from /home/airflow/.local/lib/python3.12/site-packages/airflow/example_dags/tutorial_dag.py
[2024-08-09T02:09:29.781+0000] {logging_mixin.py:188} INFO - [2024-08-09T02:09:29.780+0000] {dag.py:3089} INFO - Sync 1 DAGs
[2024-08-09T02:09:29.859+0000] {logging_mixin.py:188} INFO - [2024-08-09T02:09:29.858+0000] {dag.py:3947} INFO - Setting next_dagrun for tutorial_dag to None, run_after=None
[2024-08-09T02:09:29.967+0000] {processor.py:183} INFO - Processing /home/airflow/.local/lib/python3.12/site-packages/airflow/example_dags/tutorial_dag.py took 0.413 seconds
[2024-08-09T02:10:00.681+0000] {processor.py:161} INFO - Started process (PID=4035) to work on /home/airflow/.local/lib/python3.12/site-packages/airflow/example_dags/tutorial_dag.py
[2024-08-09T02:10:00.684+0000] {processor.py:830} INFO - Processing file /home/airflow/.local/lib/python3.12/site-packages/airflow/example_dags/tutorial_dag.py for tasks to queue
[2024-08-09T02:10:00.691+0000] {logging_mixin.py:188} INFO - [2024-08-09T02:10:00.690+0000] {dagbag.py:545} INFO - Filling up the DagBag from /home/airflow/.local/lib/python3.12/site-packages/airflow/example_dags/tutorial_dag.py
[2024-08-09T02:10:00.722+0000] {processor.py:840} INFO - DAG(s) 'tutorial_dag' retrieved from /home/airflow/.local/lib/python3.12/site-packages/airflow/example_dags/tutorial_dag.py
[2024-08-09T02:10:00.805+0000] {logging_mixin.py:188} INFO - [2024-08-09T02:10:00.804+0000] {dag.py:3089} INFO - Sync 1 DAGs
[2024-08-09T02:10:00.843+0000] {logging_mixin.py:188} INFO - [2024-08-09T02:10:00.842+0000] {dag.py:3947} INFO - Setting next_dagrun for tutorial_dag to None, run_after=None
[2024-08-09T02:10:00.901+0000] {processor.py:183} INFO - Processing /home/airflow/.local/lib/python3.12/site-packages/airflow/example_dags/tutorial_dag.py took 0.249 seconds
[2024-08-09T02:10:31.567+0000] {processor.py:161} INFO - Started process (PID=4093) to work on /home/airflow/.local/lib/python3.12/site-packages/airflow/example_dags/tutorial_dag.py
[2024-08-09T02:10:31.571+0000] {processor.py:830} INFO - Processing file /home/airflow/.local/lib/python3.12/site-packages/airflow/example_dags/tutorial_dag.py for tasks to queue
[2024-08-09T02:10:31.578+0000] {logging_mixin.py:188} INFO - [2024-08-09T02:10:31.577+0000] {dagbag.py:545} INFO - Filling up the DagBag from /home/airflow/.local/lib/python3.12/site-packages/airflow/example_dags/tutorial_dag.py
[2024-08-09T02:10:31.602+0000] {processor.py:840} INFO - DAG(s) 'tutorial_dag' retrieved from /home/airflow/.local/lib/python3.12/site-packages/airflow/example_dags/tutorial_dag.py
[2024-08-09T02:10:31.708+0000] {logging_mixin.py:188} INFO - [2024-08-09T02:10:31.707+0000] {dag.py:3089} INFO - Sync 1 DAGs
[2024-08-09T02:10:31.743+0000] {logging_mixin.py:188} INFO - [2024-08-09T02:10:31.742+0000] {dag.py:3947} INFO - Setting next_dagrun for tutorial_dag to None, run_after=None
[2024-08-09T02:10:31.790+0000] {processor.py:183} INFO - Processing /home/airflow/.local/lib/python3.12/site-packages/airflow/example_dags/tutorial_dag.py took 0.254 seconds
[2024-08-09T02:11:02.721+0000] {processor.py:161} INFO - Started process (PID=4150) to work on /home/airflow/.local/lib/python3.12/site-packages/airflow/example_dags/tutorial_dag.py
[2024-08-09T02:11:02.724+0000] {processor.py:830} INFO - Processing file /home/airflow/.local/lib/python3.12/site-packages/airflow/example_dags/tutorial_dag.py for tasks to queue
[2024-08-09T02:11:02.731+0000] {logging_mixin.py:188} INFO - [2024-08-09T02:11:02.729+0000] {dagbag.py:545} INFO - Filling up the DagBag from /home/airflow/.local/lib/python3.12/site-packages/airflow/example_dags/tutorial_dag.py
[2024-08-09T02:11:02.748+0000] {processor.py:840} INFO - DAG(s) 'tutorial_dag' retrieved from /home/airflow/.local/lib/python3.12/site-packages/airflow/example_dags/tutorial_dag.py
[2024-08-09T02:11:02.803+0000] {logging_mixin.py:188} INFO - [2024-08-09T02:11:02.803+0000] {dag.py:3089} INFO - Sync 1 DAGs
[2024-08-09T02:11:02.829+0000] {logging_mixin.py:188} INFO - [2024-08-09T02:11:02.829+0000] {dag.py:3947} INFO - Setting next_dagrun for tutorial_dag to None, run_after=None
[2024-08-09T02:11:02.868+0000] {processor.py:183} INFO - Processing /home/airflow/.local/lib/python3.12/site-packages/airflow/example_dags/tutorial_dag.py took 0.178 seconds
[2024-08-09T02:11:33.507+0000] {processor.py:161} INFO - Started process (PID=4214) to work on /home/airflow/.local/lib/python3.12/site-packages/airflow/example_dags/tutorial_dag.py
[2024-08-09T02:11:33.513+0000] {processor.py:830} INFO - Processing file /home/airflow/.local/lib/python3.12/site-packages/airflow/example_dags/tutorial_dag.py for tasks to queue
[2024-08-09T02:11:33.526+0000] {logging_mixin.py:188} INFO - [2024-08-09T02:11:33.523+0000] {dagbag.py:545} INFO - Filling up the DagBag from /home/airflow/.local/lib/python3.12/site-packages/airflow/example_dags/tutorial_dag.py
[2024-08-09T02:11:33.594+0000] {processor.py:840} INFO - DAG(s) 'tutorial_dag' retrieved from /home/airflow/.local/lib/python3.12/site-packages/airflow/example_dags/tutorial_dag.py
[2024-08-09T02:11:33.781+0000] {logging_mixin.py:188} INFO - [2024-08-09T02:11:33.780+0000] {dag.py:3089} INFO - Sync 1 DAGs
[2024-08-09T02:11:33.853+0000] {logging_mixin.py:188} INFO - [2024-08-09T02:11:33.853+0000] {dag.py:3947} INFO - Setting next_dagrun for tutorial_dag to None, run_after=None
[2024-08-09T02:11:33.993+0000] {processor.py:183} INFO - Processing /home/airflow/.local/lib/python3.12/site-packages/airflow/example_dags/tutorial_dag.py took 0.514 seconds
[2024-08-09T02:12:04.274+0000] {processor.py:161} INFO - Started process (PID=4272) to work on /home/airflow/.local/lib/python3.12/site-packages/airflow/example_dags/tutorial_dag.py
[2024-08-09T02:12:04.277+0000] {processor.py:830} INFO - Processing file /home/airflow/.local/lib/python3.12/site-packages/airflow/example_dags/tutorial_dag.py for tasks to queue
[2024-08-09T02:12:04.281+0000] {logging_mixin.py:188} INFO - [2024-08-09T02:12:04.281+0000] {dagbag.py:545} INFO - Filling up the DagBag from /home/airflow/.local/lib/python3.12/site-packages/airflow/example_dags/tutorial_dag.py
[2024-08-09T02:12:04.294+0000] {processor.py:840} INFO - DAG(s) 'tutorial_dag' retrieved from /home/airflow/.local/lib/python3.12/site-packages/airflow/example_dags/tutorial_dag.py
[2024-08-09T02:12:04.352+0000] {logging_mixin.py:188} INFO - [2024-08-09T02:12:04.351+0000] {dag.py:3089} INFO - Sync 1 DAGs
[2024-08-09T02:12:04.387+0000] {logging_mixin.py:188} INFO - [2024-08-09T02:12:04.386+0000] {dag.py:3947} INFO - Setting next_dagrun for tutorial_dag to None, run_after=None
[2024-08-09T02:12:04.439+0000] {processor.py:183} INFO - Processing /home/airflow/.local/lib/python3.12/site-packages/airflow/example_dags/tutorial_dag.py took 0.179 seconds
[2024-08-09T02:12:35.137+0000] {processor.py:161} INFO - Started process (PID=4330) to work on /home/airflow/.local/lib/python3.12/site-packages/airflow/example_dags/tutorial_dag.py
[2024-08-09T02:12:35.140+0000] {processor.py:830} INFO - Processing file /home/airflow/.local/lib/python3.12/site-packages/airflow/example_dags/tutorial_dag.py for tasks to queue
[2024-08-09T02:12:35.145+0000] {logging_mixin.py:188} INFO - [2024-08-09T02:12:35.144+0000] {dagbag.py:545} INFO - Filling up the DagBag from /home/airflow/.local/lib/python3.12/site-packages/airflow/example_dags/tutorial_dag.py
[2024-08-09T02:12:35.160+0000] {processor.py:840} INFO - DAG(s) 'tutorial_dag' retrieved from /home/airflow/.local/lib/python3.12/site-packages/airflow/example_dags/tutorial_dag.py
[2024-08-09T02:12:35.287+0000] {logging_mixin.py:188} INFO - [2024-08-09T02:12:35.287+0000] {dag.py:3089} INFO - Sync 1 DAGs
[2024-08-09T02:12:35.322+0000] {logging_mixin.py:188} INFO - [2024-08-09T02:12:35.321+0000] {dag.py:3947} INFO - Setting next_dagrun for tutorial_dag to None, run_after=None
[2024-08-09T02:12:35.372+0000] {processor.py:183} INFO - Processing /home/airflow/.local/lib/python3.12/site-packages/airflow/example_dags/tutorial_dag.py took 0.259 seconds
[2024-08-09T02:13:05.591+0000] {processor.py:161} INFO - Started process (PID=4387) to work on /home/airflow/.local/lib/python3.12/site-packages/airflow/example_dags/tutorial_dag.py
[2024-08-09T02:13:05.594+0000] {processor.py:830} INFO - Processing file /home/airflow/.local/lib/python3.12/site-packages/airflow/example_dags/tutorial_dag.py for tasks to queue
[2024-08-09T02:13:05.599+0000] {logging_mixin.py:188} INFO - [2024-08-09T02:13:05.598+0000] {dagbag.py:545} INFO - Filling up the DagBag from /home/airflow/.local/lib/python3.12/site-packages/airflow/example_dags/tutorial_dag.py
[2024-08-09T02:13:05.615+0000] {processor.py:840} INFO - DAG(s) 'tutorial_dag' retrieved from /home/airflow/.local/lib/python3.12/site-packages/airflow/example_dags/tutorial_dag.py
[2024-08-09T02:13:05.710+0000] {logging_mixin.py:188} INFO - [2024-08-09T02:13:05.709+0000] {dag.py:3089} INFO - Sync 1 DAGs
[2024-08-09T02:13:05.778+0000] {logging_mixin.py:188} INFO - [2024-08-09T02:13:05.777+0000] {dag.py:3947} INFO - Setting next_dagrun for tutorial_dag to None, run_after=None
[2024-08-09T02:13:05.840+0000] {processor.py:183} INFO - Processing /home/airflow/.local/lib/python3.12/site-packages/airflow/example_dags/tutorial_dag.py took 0.269 seconds
[2024-08-09T02:13:36.052+0000] {processor.py:161} INFO - Started process (PID=4445) to work on /home/airflow/.local/lib/python3.12/site-packages/airflow/example_dags/tutorial_dag.py
[2024-08-09T02:13:36.055+0000] {processor.py:830} INFO - Processing file /home/airflow/.local/lib/python3.12/site-packages/airflow/example_dags/tutorial_dag.py for tasks to queue
[2024-08-09T02:13:36.061+0000] {logging_mixin.py:188} INFO - [2024-08-09T02:13:36.060+0000] {dagbag.py:545} INFO - Filling up the DagBag from /home/airflow/.local/lib/python3.12/site-packages/airflow/example_dags/tutorial_dag.py
[2024-08-09T02:13:36.079+0000] {processor.py:840} INFO - DAG(s) 'tutorial_dag' retrieved from /home/airflow/.local/lib/python3.12/site-packages/airflow/example_dags/tutorial_dag.py
[2024-08-09T02:13:36.172+0000] {logging_mixin.py:188} INFO - [2024-08-09T02:13:36.172+0000] {dag.py:3089} INFO - Sync 1 DAGs
[2024-08-09T02:13:36.208+0000] {logging_mixin.py:188} INFO - [2024-08-09T02:13:36.207+0000] {dag.py:3947} INFO - Setting next_dagrun for tutorial_dag to None, run_after=None
[2024-08-09T02:13:36.269+0000] {processor.py:183} INFO - Processing /home/airflow/.local/lib/python3.12/site-packages/airflow/example_dags/tutorial_dag.py took 0.235 seconds
[2024-08-09T02:14:06.444+0000] {processor.py:161} INFO - Started process (PID=4503) to work on /home/airflow/.local/lib/python3.12/site-packages/airflow/example_dags/tutorial_dag.py
[2024-08-09T02:14:06.447+0000] {processor.py:830} INFO - Processing file /home/airflow/.local/lib/python3.12/site-packages/airflow/example_dags/tutorial_dag.py for tasks to queue
[2024-08-09T02:14:06.453+0000] {logging_mixin.py:188} INFO - [2024-08-09T02:14:06.452+0000] {dagbag.py:545} INFO - Filling up the DagBag from /home/airflow/.local/lib/python3.12/site-packages/airflow/example_dags/tutorial_dag.py
[2024-08-09T02:14:06.470+0000] {processor.py:840} INFO - DAG(s) 'tutorial_dag' retrieved from /home/airflow/.local/lib/python3.12/site-packages/airflow/example_dags/tutorial_dag.py
[2024-08-09T02:14:06.537+0000] {logging_mixin.py:188} INFO - [2024-08-09T02:14:06.536+0000] {dag.py:3089} INFO - Sync 1 DAGs
[2024-08-09T02:14:06.581+0000] {logging_mixin.py:188} INFO - [2024-08-09T02:14:06.580+0000] {dag.py:3947} INFO - Setting next_dagrun for tutorial_dag to None, run_after=None
[2024-08-09T02:14:06.643+0000] {processor.py:183} INFO - Processing /home/airflow/.local/lib/python3.12/site-packages/airflow/example_dags/tutorial_dag.py took 0.219 seconds
[2024-08-09T02:14:36.906+0000] {processor.py:161} INFO - Started process (PID=4561) to work on /home/airflow/.local/lib/python3.12/site-packages/airflow/example_dags/tutorial_dag.py
[2024-08-09T02:14:36.911+0000] {processor.py:830} INFO - Processing file /home/airflow/.local/lib/python3.12/site-packages/airflow/example_dags/tutorial_dag.py for tasks to queue
[2024-08-09T02:14:36.918+0000] {logging_mixin.py:188} INFO - [2024-08-09T02:14:36.916+0000] {dagbag.py:545} INFO - Filling up the DagBag from /home/airflow/.local/lib/python3.12/site-packages/airflow/example_dags/tutorial_dag.py
[2024-08-09T02:14:36.936+0000] {processor.py:840} INFO - DAG(s) 'tutorial_dag' retrieved from /home/airflow/.local/lib/python3.12/site-packages/airflow/example_dags/tutorial_dag.py
[2024-08-09T02:14:37.015+0000] {logging_mixin.py:188} INFO - [2024-08-09T02:14:37.015+0000] {dag.py:3089} INFO - Sync 1 DAGs
[2024-08-09T02:14:37.056+0000] {logging_mixin.py:188} INFO - [2024-08-09T02:14:37.056+0000] {dag.py:3947} INFO - Setting next_dagrun for tutorial_dag to None, run_after=None
[2024-08-09T02:14:37.106+0000] {processor.py:183} INFO - Processing /home/airflow/.local/lib/python3.12/site-packages/airflow/example_dags/tutorial_dag.py took 0.229 seconds
[2024-08-09T02:15:07.759+0000] {processor.py:161} INFO - Started process (PID=4619) to work on /home/airflow/.local/lib/python3.12/site-packages/airflow/example_dags/tutorial_dag.py
[2024-08-09T02:15:07.762+0000] {processor.py:830} INFO - Processing file /home/airflow/.local/lib/python3.12/site-packages/airflow/example_dags/tutorial_dag.py for tasks to queue
[2024-08-09T02:15:07.768+0000] {logging_mixin.py:188} INFO - [2024-08-09T02:15:07.767+0000] {dagbag.py:545} INFO - Filling up the DagBag from /home/airflow/.local/lib/python3.12/site-packages/airflow/example_dags/tutorial_dag.py
[2024-08-09T02:15:07.784+0000] {processor.py:840} INFO - DAG(s) 'tutorial_dag' retrieved from /home/airflow/.local/lib/python3.12/site-packages/airflow/example_dags/tutorial_dag.py
[2024-08-09T02:15:07.847+0000] {logging_mixin.py:188} INFO - [2024-08-09T02:15:07.846+0000] {dag.py:3089} INFO - Sync 1 DAGs
[2024-08-09T02:15:07.876+0000] {logging_mixin.py:188} INFO - [2024-08-09T02:15:07.876+0000] {dag.py:3947} INFO - Setting next_dagrun for tutorial_dag to None, run_after=None
[2024-08-09T02:15:07.917+0000] {processor.py:183} INFO - Processing /home/airflow/.local/lib/python3.12/site-packages/airflow/example_dags/tutorial_dag.py took 0.174 seconds
[2024-08-09T02:15:38.030+0000] {processor.py:161} INFO - Started process (PID=4677) to work on /home/airflow/.local/lib/python3.12/site-packages/airflow/example_dags/tutorial_dag.py
[2024-08-09T02:15:38.034+0000] {processor.py:830} INFO - Processing file /home/airflow/.local/lib/python3.12/site-packages/airflow/example_dags/tutorial_dag.py for tasks to queue
[2024-08-09T02:15:38.040+0000] {logging_mixin.py:188} INFO - [2024-08-09T02:15:38.039+0000] {dagbag.py:545} INFO - Filling up the DagBag from /home/airflow/.local/lib/python3.12/site-packages/airflow/example_dags/tutorial_dag.py
[2024-08-09T02:15:38.057+0000] {processor.py:840} INFO - DAG(s) 'tutorial_dag' retrieved from /home/airflow/.local/lib/python3.12/site-packages/airflow/example_dags/tutorial_dag.py
[2024-08-09T02:15:38.134+0000] {logging_mixin.py:188} INFO - [2024-08-09T02:15:38.133+0000] {dag.py:3089} INFO - Sync 1 DAGs
[2024-08-09T02:15:38.170+0000] {logging_mixin.py:188} INFO - [2024-08-09T02:15:38.168+0000] {dag.py:3947} INFO - Setting next_dagrun for tutorial_dag to None, run_after=None
[2024-08-09T02:15:38.225+0000] {processor.py:183} INFO - Processing /home/airflow/.local/lib/python3.12/site-packages/airflow/example_dags/tutorial_dag.py took 0.216 seconds
[2024-08-09T02:16:09.174+0000] {processor.py:161} INFO - Started process (PID=4735) to work on /home/airflow/.local/lib/python3.12/site-packages/airflow/example_dags/tutorial_dag.py
[2024-08-09T02:16:09.178+0000] {processor.py:830} INFO - Processing file /home/airflow/.local/lib/python3.12/site-packages/airflow/example_dags/tutorial_dag.py for tasks to queue
[2024-08-09T02:16:09.184+0000] {logging_mixin.py:188} INFO - [2024-08-09T02:16:09.183+0000] {dagbag.py:545} INFO - Filling up the DagBag from /home/airflow/.local/lib/python3.12/site-packages/airflow/example_dags/tutorial_dag.py
[2024-08-09T02:16:09.204+0000] {processor.py:840} INFO - DAG(s) 'tutorial_dag' retrieved from /home/airflow/.local/lib/python3.12/site-packages/airflow/example_dags/tutorial_dag.py
[2024-08-09T02:16:09.279+0000] {logging_mixin.py:188} INFO - [2024-08-09T02:16:09.279+0000] {dag.py:3089} INFO - Sync 1 DAGs
[2024-08-09T02:16:09.312+0000] {logging_mixin.py:188} INFO - [2024-08-09T02:16:09.311+0000] {dag.py:3947} INFO - Setting next_dagrun for tutorial_dag to None, run_after=None
[2024-08-09T02:16:09.365+0000] {processor.py:183} INFO - Processing /home/airflow/.local/lib/python3.12/site-packages/airflow/example_dags/tutorial_dag.py took 0.220 seconds
