[2024-08-09T01:42:35.000+0000] {processor.py:161} INFO - Started process (PID=1012) to work on /home/airflow/.local/lib/python3.12/site-packages/airflow/example_dags/tutorial.py
[2024-08-09T01:42:35.003+0000] {processor.py:830} INFO - Processing file /home/airflow/.local/lib/python3.12/site-packages/airflow/example_dags/tutorial.py for tasks to queue
[2024-08-09T01:42:35.009+0000] {logging_mixin.py:188} INFO - [2024-08-09T01:42:35.008+0000] {dagbag.py:545} INFO - Filling up the DagBag from /home/airflow/.local/lib/python3.12/site-packages/airflow/example_dags/tutorial.py
[2024-08-09T01:42:35.030+0000] {processor.py:840} INFO - DAG(s) 'tutorial' retrieved from /home/airflow/.local/lib/python3.12/site-packages/airflow/example_dags/tutorial.py
[2024-08-09T01:42:35.081+0000] {logging_mixin.py:188} INFO - [2024-08-09T01:42:35.081+0000] {dag.py:3089} INFO - Sync 1 DAGs
[2024-08-09T01:42:35.126+0000] {logging_mixin.py:188} INFO - [2024-08-09T01:42:35.126+0000] {dag.py:3947} INFO - Setting next_dagrun for tutorial to 2024-08-08 00:00:00+00:00, run_after=2024-08-09 00:00:00+00:00
[2024-08-09T01:42:35.211+0000] {processor.py:183} INFO - Processing /home/airflow/.local/lib/python3.12/site-packages/airflow/example_dags/tutorial.py took 0.230 seconds
[2024-08-09T01:43:05.482+0000] {processor.py:161} INFO - Started process (PID=1071) to work on /home/airflow/.local/lib/python3.12/site-packages/airflow/example_dags/tutorial.py
[2024-08-09T01:43:05.485+0000] {processor.py:830} INFO - Processing file /home/airflow/.local/lib/python3.12/site-packages/airflow/example_dags/tutorial.py for tasks to queue
[2024-08-09T01:43:05.491+0000] {logging_mixin.py:188} INFO - [2024-08-09T01:43:05.490+0000] {dagbag.py:545} INFO - Filling up the DagBag from /home/airflow/.local/lib/python3.12/site-packages/airflow/example_dags/tutorial.py
[2024-08-09T01:43:05.510+0000] {processor.py:840} INFO - DAG(s) 'tutorial' retrieved from /home/airflow/.local/lib/python3.12/site-packages/airflow/example_dags/tutorial.py
[2024-08-09T01:43:05.570+0000] {logging_mixin.py:188} INFO - [2024-08-09T01:43:05.570+0000] {dag.py:3089} INFO - Sync 1 DAGs
[2024-08-09T01:43:05.613+0000] {logging_mixin.py:188} INFO - [2024-08-09T01:43:05.613+0000] {dag.py:3947} INFO - Setting next_dagrun for tutorial to 2024-08-08 00:00:00+00:00, run_after=2024-08-09 00:00:00+00:00
[2024-08-09T01:43:05.649+0000] {processor.py:183} INFO - Processing /home/airflow/.local/lib/python3.12/site-packages/airflow/example_dags/tutorial.py took 0.189 seconds
[2024-08-09T01:43:37.899+0000] {processor.py:161} INFO - Started process (PID=1129) to work on /home/airflow/.local/lib/python3.12/site-packages/airflow/example_dags/tutorial.py
[2024-08-09T01:43:37.902+0000] {processor.py:830} INFO - Processing file /home/airflow/.local/lib/python3.12/site-packages/airflow/example_dags/tutorial.py for tasks to queue
[2024-08-09T01:43:37.908+0000] {logging_mixin.py:188} INFO - [2024-08-09T01:43:37.907+0000] {dagbag.py:545} INFO - Filling up the DagBag from /home/airflow/.local/lib/python3.12/site-packages/airflow/example_dags/tutorial.py
[2024-08-09T01:43:37.932+0000] {processor.py:840} INFO - DAG(s) 'tutorial' retrieved from /home/airflow/.local/lib/python3.12/site-packages/airflow/example_dags/tutorial.py
[2024-08-09T01:43:38.007+0000] {logging_mixin.py:188} INFO - [2024-08-09T01:43:38.006+0000] {dag.py:3089} INFO - Sync 1 DAGs
[2024-08-09T01:43:38.086+0000] {logging_mixin.py:188} INFO - [2024-08-09T01:43:38.086+0000] {dag.py:3947} INFO - Setting next_dagrun for tutorial to 2024-08-08 00:00:00+00:00, run_after=2024-08-09 00:00:00+00:00
[2024-08-09T01:43:38.250+0000] {processor.py:183} INFO - Processing /home/airflow/.local/lib/python3.12/site-packages/airflow/example_dags/tutorial.py took 0.391 seconds
[2024-08-09T01:44:11.063+0000] {processor.py:161} INFO - Started process (PID=1187) to work on /home/airflow/.local/lib/python3.12/site-packages/airflow/example_dags/tutorial.py
[2024-08-09T01:44:11.068+0000] {processor.py:830} INFO - Processing file /home/airflow/.local/lib/python3.12/site-packages/airflow/example_dags/tutorial.py for tasks to queue
[2024-08-09T01:44:11.075+0000] {logging_mixin.py:188} INFO - [2024-08-09T01:44:11.074+0000] {dagbag.py:545} INFO - Filling up the DagBag from /home/airflow/.local/lib/python3.12/site-packages/airflow/example_dags/tutorial.py
[2024-08-09T01:44:11.102+0000] {processor.py:840} INFO - DAG(s) 'tutorial' retrieved from /home/airflow/.local/lib/python3.12/site-packages/airflow/example_dags/tutorial.py
[2024-08-09T01:44:11.189+0000] {logging_mixin.py:188} INFO - [2024-08-09T01:44:11.189+0000] {dag.py:3089} INFO - Sync 1 DAGs
[2024-08-09T01:44:11.250+0000] {logging_mixin.py:188} INFO - [2024-08-09T01:44:11.249+0000] {dag.py:3947} INFO - Setting next_dagrun for tutorial to 2024-08-08 00:00:00+00:00, run_after=2024-08-09 00:00:00+00:00
[2024-08-09T01:44:11.290+0000] {processor.py:183} INFO - Processing /home/airflow/.local/lib/python3.12/site-packages/airflow/example_dags/tutorial.py took 0.251 seconds
[2024-08-09T01:44:41.453+0000] {processor.py:161} INFO - Started process (PID=1245) to work on /home/airflow/.local/lib/python3.12/site-packages/airflow/example_dags/tutorial.py
[2024-08-09T01:44:41.461+0000] {processor.py:830} INFO - Processing file /home/airflow/.local/lib/python3.12/site-packages/airflow/example_dags/tutorial.py for tasks to queue
[2024-08-09T01:44:41.471+0000] {logging_mixin.py:188} INFO - [2024-08-09T01:44:41.470+0000] {dagbag.py:545} INFO - Filling up the DagBag from /home/airflow/.local/lib/python3.12/site-packages/airflow/example_dags/tutorial.py
[2024-08-09T01:44:41.498+0000] {processor.py:840} INFO - DAG(s) 'tutorial' retrieved from /home/airflow/.local/lib/python3.12/site-packages/airflow/example_dags/tutorial.py
[2024-08-09T01:44:41.645+0000] {logging_mixin.py:188} INFO - [2024-08-09T01:44:41.644+0000] {dag.py:3089} INFO - Sync 1 DAGs
[2024-08-09T01:44:41.709+0000] {logging_mixin.py:188} INFO - [2024-08-09T01:44:41.708+0000] {dag.py:3947} INFO - Setting next_dagrun for tutorial to 2024-08-08 00:00:00+00:00, run_after=2024-08-09 00:00:00+00:00
[2024-08-09T01:44:41.755+0000] {processor.py:183} INFO - Processing /home/airflow/.local/lib/python3.12/site-packages/airflow/example_dags/tutorial.py took 0.321 seconds
[2024-08-09T01:45:12.336+0000] {processor.py:161} INFO - Started process (PID=1303) to work on /home/airflow/.local/lib/python3.12/site-packages/airflow/example_dags/tutorial.py
[2024-08-09T01:45:12.339+0000] {processor.py:830} INFO - Processing file /home/airflow/.local/lib/python3.12/site-packages/airflow/example_dags/tutorial.py for tasks to queue
[2024-08-09T01:45:12.344+0000] {logging_mixin.py:188} INFO - [2024-08-09T01:45:12.344+0000] {dagbag.py:545} INFO - Filling up the DagBag from /home/airflow/.local/lib/python3.12/site-packages/airflow/example_dags/tutorial.py
[2024-08-09T01:45:12.364+0000] {processor.py:840} INFO - DAG(s) 'tutorial' retrieved from /home/airflow/.local/lib/python3.12/site-packages/airflow/example_dags/tutorial.py
[2024-08-09T01:45:12.481+0000] {logging_mixin.py:188} INFO - [2024-08-09T01:45:12.481+0000] {dag.py:3089} INFO - Sync 1 DAGs
[2024-08-09T01:45:12.538+0000] {logging_mixin.py:188} INFO - [2024-08-09T01:45:12.538+0000] {dag.py:3947} INFO - Setting next_dagrun for tutorial to 2024-08-08 00:00:00+00:00, run_after=2024-08-09 00:00:00+00:00
[2024-08-09T01:45:12.587+0000] {processor.py:183} INFO - Processing /home/airflow/.local/lib/python3.12/site-packages/airflow/example_dags/tutorial.py took 0.269 seconds
[2024-08-09T01:45:43.041+0000] {processor.py:161} INFO - Started process (PID=1360) to work on /home/airflow/.local/lib/python3.12/site-packages/airflow/example_dags/tutorial.py
[2024-08-09T01:45:43.044+0000] {processor.py:830} INFO - Processing file /home/airflow/.local/lib/python3.12/site-packages/airflow/example_dags/tutorial.py for tasks to queue
[2024-08-09T01:45:43.049+0000] {logging_mixin.py:188} INFO - [2024-08-09T01:45:43.048+0000] {dagbag.py:545} INFO - Filling up the DagBag from /home/airflow/.local/lib/python3.12/site-packages/airflow/example_dags/tutorial.py
[2024-08-09T01:45:43.064+0000] {processor.py:840} INFO - DAG(s) 'tutorial' retrieved from /home/airflow/.local/lib/python3.12/site-packages/airflow/example_dags/tutorial.py
[2024-08-09T01:45:43.144+0000] {logging_mixin.py:188} INFO - [2024-08-09T01:45:43.143+0000] {dag.py:3089} INFO - Sync 1 DAGs
[2024-08-09T01:45:43.224+0000] {logging_mixin.py:188} INFO - [2024-08-09T01:45:43.221+0000] {dag.py:3947} INFO - Setting next_dagrun for tutorial to 2024-08-08 00:00:00+00:00, run_after=2024-08-09 00:00:00+00:00
[2024-08-09T01:45:43.277+0000] {processor.py:183} INFO - Processing /home/airflow/.local/lib/python3.12/site-packages/airflow/example_dags/tutorial.py took 0.252 seconds
[2024-08-09T01:46:14.665+0000] {processor.py:161} INFO - Started process (PID=1418) to work on /home/airflow/.local/lib/python3.12/site-packages/airflow/example_dags/tutorial.py
[2024-08-09T01:46:14.668+0000] {processor.py:830} INFO - Processing file /home/airflow/.local/lib/python3.12/site-packages/airflow/example_dags/tutorial.py for tasks to queue
[2024-08-09T01:46:14.674+0000] {logging_mixin.py:188} INFO - [2024-08-09T01:46:14.673+0000] {dagbag.py:545} INFO - Filling up the DagBag from /home/airflow/.local/lib/python3.12/site-packages/airflow/example_dags/tutorial.py
[2024-08-09T01:46:14.697+0000] {processor.py:840} INFO - DAG(s) 'tutorial' retrieved from /home/airflow/.local/lib/python3.12/site-packages/airflow/example_dags/tutorial.py
[2024-08-09T01:46:14.786+0000] {logging_mixin.py:188} INFO - [2024-08-09T01:46:14.785+0000] {dag.py:3089} INFO - Sync 1 DAGs
[2024-08-09T01:46:14.858+0000] {logging_mixin.py:188} INFO - [2024-08-09T01:46:14.858+0000] {dag.py:3947} INFO - Setting next_dagrun for tutorial to 2024-08-08 00:00:00+00:00, run_after=2024-08-09 00:00:00+00:00
[2024-08-09T01:46:14.906+0000] {processor.py:183} INFO - Processing /home/airflow/.local/lib/python3.12/site-packages/airflow/example_dags/tutorial.py took 0.260 seconds
[2024-08-09T01:46:45.267+0000] {processor.py:161} INFO - Started process (PID=1475) to work on /home/airflow/.local/lib/python3.12/site-packages/airflow/example_dags/tutorial.py
[2024-08-09T01:46:45.269+0000] {processor.py:830} INFO - Processing file /home/airflow/.local/lib/python3.12/site-packages/airflow/example_dags/tutorial.py for tasks to queue
[2024-08-09T01:46:45.275+0000] {logging_mixin.py:188} INFO - [2024-08-09T01:46:45.275+0000] {dagbag.py:545} INFO - Filling up the DagBag from /home/airflow/.local/lib/python3.12/site-packages/airflow/example_dags/tutorial.py
[2024-08-09T01:46:45.296+0000] {processor.py:840} INFO - DAG(s) 'tutorial' retrieved from /home/airflow/.local/lib/python3.12/site-packages/airflow/example_dags/tutorial.py
[2024-08-09T01:46:45.353+0000] {logging_mixin.py:188} INFO - [2024-08-09T01:46:45.352+0000] {dag.py:3089} INFO - Sync 1 DAGs
[2024-08-09T01:46:45.407+0000] {logging_mixin.py:188} INFO - [2024-08-09T01:46:45.407+0000] {dag.py:3947} INFO - Setting next_dagrun for tutorial to 2024-08-08 00:00:00+00:00, run_after=2024-08-09 00:00:00+00:00
[2024-08-09T01:46:45.446+0000] {processor.py:183} INFO - Processing /home/airflow/.local/lib/python3.12/site-packages/airflow/example_dags/tutorial.py took 0.197 seconds
[2024-08-09T01:47:15.919+0000] {processor.py:161} INFO - Started process (PID=1532) to work on /home/airflow/.local/lib/python3.12/site-packages/airflow/example_dags/tutorial.py
[2024-08-09T01:47:15.922+0000] {processor.py:830} INFO - Processing file /home/airflow/.local/lib/python3.12/site-packages/airflow/example_dags/tutorial.py for tasks to queue
[2024-08-09T01:47:15.932+0000] {logging_mixin.py:188} INFO - [2024-08-09T01:47:15.929+0000] {dagbag.py:545} INFO - Filling up the DagBag from /home/airflow/.local/lib/python3.12/site-packages/airflow/example_dags/tutorial.py
[2024-08-09T01:47:15.959+0000] {processor.py:840} INFO - DAG(s) 'tutorial' retrieved from /home/airflow/.local/lib/python3.12/site-packages/airflow/example_dags/tutorial.py
[2024-08-09T01:47:16.032+0000] {logging_mixin.py:188} INFO - [2024-08-09T01:47:16.031+0000] {dag.py:3089} INFO - Sync 1 DAGs
[2024-08-09T01:47:16.099+0000] {logging_mixin.py:188} INFO - [2024-08-09T01:47:16.098+0000] {dag.py:3947} INFO - Setting next_dagrun for tutorial to 2024-08-08 00:00:00+00:00, run_after=2024-08-09 00:00:00+00:00
[2024-08-09T01:47:16.156+0000] {processor.py:183} INFO - Processing /home/airflow/.local/lib/python3.12/site-packages/airflow/example_dags/tutorial.py took 0.264 seconds
[2024-08-09T01:47:46.872+0000] {processor.py:161} INFO - Started process (PID=1590) to work on /home/airflow/.local/lib/python3.12/site-packages/airflow/example_dags/tutorial.py
[2024-08-09T01:47:46.876+0000] {processor.py:830} INFO - Processing file /home/airflow/.local/lib/python3.12/site-packages/airflow/example_dags/tutorial.py for tasks to queue
[2024-08-09T01:47:46.883+0000] {logging_mixin.py:188} INFO - [2024-08-09T01:47:46.882+0000] {dagbag.py:545} INFO - Filling up the DagBag from /home/airflow/.local/lib/python3.12/site-packages/airflow/example_dags/tutorial.py
[2024-08-09T01:47:46.909+0000] {processor.py:840} INFO - DAG(s) 'tutorial' retrieved from /home/airflow/.local/lib/python3.12/site-packages/airflow/example_dags/tutorial.py
[2024-08-09T01:47:47.005+0000] {logging_mixin.py:188} INFO - [2024-08-09T01:47:47.005+0000] {dag.py:3089} INFO - Sync 1 DAGs
[2024-08-09T01:47:47.078+0000] {logging_mixin.py:188} INFO - [2024-08-09T01:47:47.078+0000] {dag.py:3947} INFO - Setting next_dagrun for tutorial to 2024-08-08 00:00:00+00:00, run_after=2024-08-09 00:00:00+00:00
[2024-08-09T01:47:47.124+0000] {processor.py:183} INFO - Processing /home/airflow/.local/lib/python3.12/site-packages/airflow/example_dags/tutorial.py took 0.284 seconds
[2024-08-09T01:48:18.799+0000] {processor.py:161} INFO - Started process (PID=1654) to work on /home/airflow/.local/lib/python3.12/site-packages/airflow/example_dags/tutorial.py
[2024-08-09T01:48:18.806+0000] {processor.py:830} INFO - Processing file /home/airflow/.local/lib/python3.12/site-packages/airflow/example_dags/tutorial.py for tasks to queue
[2024-08-09T01:48:18.835+0000] {logging_mixin.py:188} INFO - [2024-08-09T01:48:18.834+0000] {dagbag.py:545} INFO - Filling up the DagBag from /home/airflow/.local/lib/python3.12/site-packages/airflow/example_dags/tutorial.py
[2024-08-09T01:48:18.870+0000] {processor.py:840} INFO - DAG(s) 'tutorial' retrieved from /home/airflow/.local/lib/python3.12/site-packages/airflow/example_dags/tutorial.py
[2024-08-09T01:48:19.115+0000] {logging_mixin.py:188} INFO - [2024-08-09T01:48:19.115+0000] {dag.py:3089} INFO - Sync 1 DAGs
[2024-08-09T01:48:19.474+0000] {logging_mixin.py:188} INFO - [2024-08-09T01:48:19.474+0000] {dag.py:3947} INFO - Setting next_dagrun for tutorial to 2024-08-08 00:00:00+00:00, run_after=2024-08-09 00:00:00+00:00
[2024-08-09T01:48:19.593+0000] {processor.py:183} INFO - Processing /home/airflow/.local/lib/python3.12/site-packages/airflow/example_dags/tutorial.py took 0.896 seconds
[2024-08-09T01:48:59.294+0000] {processor.py:161} INFO - Started process (PID=1713) to work on /home/airflow/.local/lib/python3.12/site-packages/airflow/example_dags/tutorial.py
[2024-08-09T01:48:59.305+0000] {processor.py:830} INFO - Processing file /home/airflow/.local/lib/python3.12/site-packages/airflow/example_dags/tutorial.py for tasks to queue
[2024-08-09T01:48:59.323+0000] {logging_mixin.py:188} INFO - [2024-08-09T01:48:59.316+0000] {dagbag.py:545} INFO - Filling up the DagBag from /home/airflow/.local/lib/python3.12/site-packages/airflow/example_dags/tutorial.py
[2024-08-09T01:48:59.416+0000] {processor.py:840} INFO - DAG(s) 'tutorial' retrieved from /home/airflow/.local/lib/python3.12/site-packages/airflow/example_dags/tutorial.py
[2024-08-09T01:48:59.910+0000] {logging_mixin.py:188} INFO - [2024-08-09T01:48:59.907+0000] {dag.py:3089} INFO - Sync 1 DAGs
[2024-08-09T01:49:00.266+0000] {logging_mixin.py:188} INFO - [2024-08-09T01:49:00.255+0000] {dag.py:3947} INFO - Setting next_dagrun for tutorial to 2024-08-08 00:00:00+00:00, run_after=2024-08-09 00:00:00+00:00
[2024-08-09T01:49:00.577+0000] {processor.py:183} INFO - Processing /home/airflow/.local/lib/python3.12/site-packages/airflow/example_dags/tutorial.py took 1.449 seconds
[2024-08-09T01:49:32.394+0000] {processor.py:161} INFO - Started process (PID=1771) to work on /home/airflow/.local/lib/python3.12/site-packages/airflow/example_dags/tutorial.py
[2024-08-09T01:49:32.400+0000] {processor.py:830} INFO - Processing file /home/airflow/.local/lib/python3.12/site-packages/airflow/example_dags/tutorial.py for tasks to queue
[2024-08-09T01:49:32.413+0000] {logging_mixin.py:188} INFO - [2024-08-09T01:49:32.412+0000] {dagbag.py:545} INFO - Filling up the DagBag from /home/airflow/.local/lib/python3.12/site-packages/airflow/example_dags/tutorial.py
[2024-08-09T01:49:32.438+0000] {processor.py:840} INFO - DAG(s) 'tutorial' retrieved from /home/airflow/.local/lib/python3.12/site-packages/airflow/example_dags/tutorial.py
[2024-08-09T01:49:32.576+0000] {logging_mixin.py:188} INFO - [2024-08-09T01:49:32.570+0000] {dag.py:3089} INFO - Sync 1 DAGs
[2024-08-09T01:49:34.906+0000] {logging_mixin.py:188} INFO - [2024-08-09T01:49:34.903+0000] {dag.py:3947} INFO - Setting next_dagrun for tutorial to 2024-08-08 00:00:00+00:00, run_after=2024-08-09 00:00:00+00:00
[2024-08-09T01:49:35.056+0000] {processor.py:183} INFO - Processing /home/airflow/.local/lib/python3.12/site-packages/airflow/example_dags/tutorial.py took 2.705 seconds
[2024-08-09T01:50:09.839+0000] {processor.py:161} INFO - Started process (PID=1828) to work on /home/airflow/.local/lib/python3.12/site-packages/airflow/example_dags/tutorial.py
[2024-08-09T01:50:09.842+0000] {processor.py:830} INFO - Processing file /home/airflow/.local/lib/python3.12/site-packages/airflow/example_dags/tutorial.py for tasks to queue
[2024-08-09T01:50:09.850+0000] {logging_mixin.py:188} INFO - [2024-08-09T01:50:09.849+0000] {dagbag.py:545} INFO - Filling up the DagBag from /home/airflow/.local/lib/python3.12/site-packages/airflow/example_dags/tutorial.py
[2024-08-09T01:50:09.879+0000] {processor.py:840} INFO - DAG(s) 'tutorial' retrieved from /home/airflow/.local/lib/python3.12/site-packages/airflow/example_dags/tutorial.py
[2024-08-09T01:50:09.968+0000] {logging_mixin.py:188} INFO - [2024-08-09T01:50:09.967+0000] {dag.py:3089} INFO - Sync 1 DAGs
[2024-08-09T01:50:11.312+0000] {logging_mixin.py:188} INFO - [2024-08-09T01:50:11.312+0000] {dag.py:3947} INFO - Setting next_dagrun for tutorial to 2024-08-08 00:00:00+00:00, run_after=2024-08-09 00:00:00+00:00
[2024-08-09T01:50:11.363+0000] {processor.py:183} INFO - Processing /home/airflow/.local/lib/python3.12/site-packages/airflow/example_dags/tutorial.py took 1.570 seconds
[2024-08-09T01:50:49.912+0000] {processor.py:161} INFO - Started process (PID=1886) to work on /home/airflow/.local/lib/python3.12/site-packages/airflow/example_dags/tutorial.py
[2024-08-09T01:50:49.916+0000] {processor.py:830} INFO - Processing file /home/airflow/.local/lib/python3.12/site-packages/airflow/example_dags/tutorial.py for tasks to queue
[2024-08-09T01:50:49.926+0000] {logging_mixin.py:188} INFO - [2024-08-09T01:50:49.925+0000] {dagbag.py:545} INFO - Filling up the DagBag from /home/airflow/.local/lib/python3.12/site-packages/airflow/example_dags/tutorial.py
[2024-08-09T01:50:49.980+0000] {processor.py:840} INFO - DAG(s) 'tutorial' retrieved from /home/airflow/.local/lib/python3.12/site-packages/airflow/example_dags/tutorial.py
[2024-08-09T01:50:50.126+0000] {logging_mixin.py:188} INFO - [2024-08-09T01:50:50.125+0000] {dag.py:3089} INFO - Sync 1 DAGs
[2024-08-09T01:50:50.208+0000] {logging_mixin.py:188} INFO - [2024-08-09T01:50:50.207+0000] {dag.py:3947} INFO - Setting next_dagrun for tutorial to 2024-08-08 00:00:00+00:00, run_after=2024-08-09 00:00:00+00:00
[2024-08-09T01:50:50.303+0000] {processor.py:183} INFO - Processing /home/airflow/.local/lib/python3.12/site-packages/airflow/example_dags/tutorial.py took 0.453 seconds
[2024-08-09T01:51:21.631+0000] {processor.py:161} INFO - Started process (PID=1949) to work on /home/airflow/.local/lib/python3.12/site-packages/airflow/example_dags/tutorial.py
[2024-08-09T01:51:21.633+0000] {processor.py:830} INFO - Processing file /home/airflow/.local/lib/python3.12/site-packages/airflow/example_dags/tutorial.py for tasks to queue
[2024-08-09T01:51:21.640+0000] {logging_mixin.py:188} INFO - [2024-08-09T01:51:21.639+0000] {dagbag.py:545} INFO - Filling up the DagBag from /home/airflow/.local/lib/python3.12/site-packages/airflow/example_dags/tutorial.py
[2024-08-09T01:51:21.672+0000] {processor.py:840} INFO - DAG(s) 'tutorial' retrieved from /home/airflow/.local/lib/python3.12/site-packages/airflow/example_dags/tutorial.py
[2024-08-09T01:51:21.798+0000] {logging_mixin.py:188} INFO - [2024-08-09T01:51:21.798+0000] {dag.py:3089} INFO - Sync 1 DAGs
[2024-08-09T01:51:21.900+0000] {logging_mixin.py:188} INFO - [2024-08-09T01:51:21.896+0000] {dag.py:3947} INFO - Setting next_dagrun for tutorial to 2024-08-08 00:00:00+00:00, run_after=2024-08-09 00:00:00+00:00
[2024-08-09T01:51:22.028+0000] {processor.py:183} INFO - Processing /home/airflow/.local/lib/python3.12/site-packages/airflow/example_dags/tutorial.py took 0.415 seconds
[2024-08-09T01:51:52.370+0000] {processor.py:161} INFO - Started process (PID=2007) to work on /home/airflow/.local/lib/python3.12/site-packages/airflow/example_dags/tutorial.py
[2024-08-09T01:51:52.377+0000] {processor.py:830} INFO - Processing file /home/airflow/.local/lib/python3.12/site-packages/airflow/example_dags/tutorial.py for tasks to queue
[2024-08-09T01:51:52.384+0000] {logging_mixin.py:188} INFO - [2024-08-09T01:51:52.383+0000] {dagbag.py:545} INFO - Filling up the DagBag from /home/airflow/.local/lib/python3.12/site-packages/airflow/example_dags/tutorial.py
[2024-08-09T01:51:52.414+0000] {processor.py:840} INFO - DAG(s) 'tutorial' retrieved from /home/airflow/.local/lib/python3.12/site-packages/airflow/example_dags/tutorial.py
[2024-08-09T01:51:52.543+0000] {logging_mixin.py:188} INFO - [2024-08-09T01:51:52.542+0000] {dag.py:3089} INFO - Sync 1 DAGs
[2024-08-09T01:51:52.609+0000] {logging_mixin.py:188} INFO - [2024-08-09T01:51:52.608+0000] {dag.py:3947} INFO - Setting next_dagrun for tutorial to 2024-08-08 00:00:00+00:00, run_after=2024-08-09 00:00:00+00:00
[2024-08-09T01:51:52.656+0000] {processor.py:183} INFO - Processing /home/airflow/.local/lib/python3.12/site-packages/airflow/example_dags/tutorial.py took 0.311 seconds
[2024-08-09T01:52:23.029+0000] {processor.py:161} INFO - Started process (PID=2065) to work on /home/airflow/.local/lib/python3.12/site-packages/airflow/example_dags/tutorial.py
[2024-08-09T01:52:23.034+0000] {processor.py:830} INFO - Processing file /home/airflow/.local/lib/python3.12/site-packages/airflow/example_dags/tutorial.py for tasks to queue
[2024-08-09T01:52:23.039+0000] {logging_mixin.py:188} INFO - [2024-08-09T01:52:23.039+0000] {dagbag.py:545} INFO - Filling up the DagBag from /home/airflow/.local/lib/python3.12/site-packages/airflow/example_dags/tutorial.py
[2024-08-09T01:52:23.057+0000] {processor.py:840} INFO - DAG(s) 'tutorial' retrieved from /home/airflow/.local/lib/python3.12/site-packages/airflow/example_dags/tutorial.py
[2024-08-09T01:52:23.118+0000] {logging_mixin.py:188} INFO - [2024-08-09T01:52:23.117+0000] {dag.py:3089} INFO - Sync 1 DAGs
[2024-08-09T01:52:23.160+0000] {logging_mixin.py:188} INFO - [2024-08-09T01:52:23.159+0000] {dag.py:3947} INFO - Setting next_dagrun for tutorial to 2024-08-08 00:00:00+00:00, run_after=2024-08-09 00:00:00+00:00
[2024-08-09T01:52:23.209+0000] {processor.py:183} INFO - Processing /home/airflow/.local/lib/python3.12/site-packages/airflow/example_dags/tutorial.py took 0.211 seconds
[2024-08-09T01:52:53.523+0000] {processor.py:161} INFO - Started process (PID=2122) to work on /home/airflow/.local/lib/python3.12/site-packages/airflow/example_dags/tutorial.py
[2024-08-09T01:52:53.526+0000] {processor.py:830} INFO - Processing file /home/airflow/.local/lib/python3.12/site-packages/airflow/example_dags/tutorial.py for tasks to queue
[2024-08-09T01:52:53.531+0000] {logging_mixin.py:188} INFO - [2024-08-09T01:52:53.530+0000] {dagbag.py:545} INFO - Filling up the DagBag from /home/airflow/.local/lib/python3.12/site-packages/airflow/example_dags/tutorial.py
[2024-08-09T01:52:53.547+0000] {processor.py:840} INFO - DAG(s) 'tutorial' retrieved from /home/airflow/.local/lib/python3.12/site-packages/airflow/example_dags/tutorial.py
[2024-08-09T01:52:53.671+0000] {logging_mixin.py:188} INFO - [2024-08-09T01:52:53.671+0000] {dag.py:3089} INFO - Sync 1 DAGs
[2024-08-09T01:52:53.731+0000] {logging_mixin.py:188} INFO - [2024-08-09T01:52:53.731+0000] {dag.py:3947} INFO - Setting next_dagrun for tutorial to 2024-08-08 00:00:00+00:00, run_after=2024-08-09 00:00:00+00:00
[2024-08-09T01:52:53.785+0000] {processor.py:183} INFO - Processing /home/airflow/.local/lib/python3.12/site-packages/airflow/example_dags/tutorial.py took 0.279 seconds
[2024-08-09T01:53:28.789+0000] {processor.py:161} INFO - Started process (PID=2180) to work on /home/airflow/.local/lib/python3.12/site-packages/airflow/example_dags/tutorial.py
[2024-08-09T01:53:28.842+0000] {processor.py:830} INFO - Processing file /home/airflow/.local/lib/python3.12/site-packages/airflow/example_dags/tutorial.py for tasks to queue
[2024-08-09T01:53:28.860+0000] {logging_mixin.py:188} INFO - [2024-08-09T01:53:28.859+0000] {dagbag.py:545} INFO - Filling up the DagBag from /home/airflow/.local/lib/python3.12/site-packages/airflow/example_dags/tutorial.py
[2024-08-09T01:53:28.895+0000] {processor.py:840} INFO - DAG(s) 'tutorial' retrieved from /home/airflow/.local/lib/python3.12/site-packages/airflow/example_dags/tutorial.py
[2024-08-09T01:53:29.190+0000] {logging_mixin.py:188} INFO - [2024-08-09T01:53:29.189+0000] {dag.py:3089} INFO - Sync 1 DAGs
[2024-08-09T01:53:29.421+0000] {logging_mixin.py:188} INFO - [2024-08-09T01:53:29.421+0000] {dag.py:3947} INFO - Setting next_dagrun for tutorial to 2024-08-08 00:00:00+00:00, run_after=2024-08-09 00:00:00+00:00
[2024-08-09T01:53:29.578+0000] {processor.py:183} INFO - Processing /home/airflow/.local/lib/python3.12/site-packages/airflow/example_dags/tutorial.py took 0.919 seconds
[2024-08-09T01:53:59.995+0000] {processor.py:161} INFO - Started process (PID=2238) to work on /home/airflow/.local/lib/python3.12/site-packages/airflow/example_dags/tutorial.py
[2024-08-09T01:54:00.003+0000] {processor.py:830} INFO - Processing file /home/airflow/.local/lib/python3.12/site-packages/airflow/example_dags/tutorial.py for tasks to queue
[2024-08-09T01:54:00.021+0000] {logging_mixin.py:188} INFO - [2024-08-09T01:54:00.015+0000] {dagbag.py:545} INFO - Filling up the DagBag from /home/airflow/.local/lib/python3.12/site-packages/airflow/example_dags/tutorial.py
[2024-08-09T01:54:00.075+0000] {processor.py:840} INFO - DAG(s) 'tutorial' retrieved from /home/airflow/.local/lib/python3.12/site-packages/airflow/example_dags/tutorial.py
[2024-08-09T01:54:00.247+0000] {logging_mixin.py:188} INFO - [2024-08-09T01:54:00.246+0000] {dag.py:3089} INFO - Sync 1 DAGs
[2024-08-09T01:54:00.337+0000] {logging_mixin.py:188} INFO - [2024-08-09T01:54:00.336+0000] {dag.py:3947} INFO - Setting next_dagrun for tutorial to 2024-08-08 00:00:00+00:00, run_after=2024-08-09 00:00:00+00:00
[2024-08-09T01:54:00.431+0000] {processor.py:183} INFO - Processing /home/airflow/.local/lib/python3.12/site-packages/airflow/example_dags/tutorial.py took 0.475 seconds
[2024-08-09T01:54:31.299+0000] {processor.py:161} INFO - Started process (PID=2296) to work on /home/airflow/.local/lib/python3.12/site-packages/airflow/example_dags/tutorial.py
[2024-08-09T01:54:31.307+0000] {processor.py:830} INFO - Processing file /home/airflow/.local/lib/python3.12/site-packages/airflow/example_dags/tutorial.py for tasks to queue
[2024-08-09T01:54:31.319+0000] {logging_mixin.py:188} INFO - [2024-08-09T01:54:31.318+0000] {dagbag.py:545} INFO - Filling up the DagBag from /home/airflow/.local/lib/python3.12/site-packages/airflow/example_dags/tutorial.py
[2024-08-09T01:54:31.355+0000] {processor.py:840} INFO - DAG(s) 'tutorial' retrieved from /home/airflow/.local/lib/python3.12/site-packages/airflow/example_dags/tutorial.py
[2024-08-09T01:54:31.484+0000] {logging_mixin.py:188} INFO - [2024-08-09T01:54:31.484+0000] {dag.py:3089} INFO - Sync 1 DAGs
[2024-08-09T01:54:31.537+0000] {logging_mixin.py:188} INFO - [2024-08-09T01:54:31.537+0000] {dag.py:3947} INFO - Setting next_dagrun for tutorial to 2024-08-08 00:00:00+00:00, run_after=2024-08-09 00:00:00+00:00
[2024-08-09T01:54:31.587+0000] {processor.py:183} INFO - Processing /home/airflow/.local/lib/python3.12/site-packages/airflow/example_dags/tutorial.py took 0.338 seconds
[2024-08-09T01:55:01.666+0000] {processor.py:161} INFO - Started process (PID=2354) to work on /home/airflow/.local/lib/python3.12/site-packages/airflow/example_dags/tutorial.py
[2024-08-09T01:55:01.671+0000] {processor.py:830} INFO - Processing file /home/airflow/.local/lib/python3.12/site-packages/airflow/example_dags/tutorial.py for tasks to queue
[2024-08-09T01:55:01.678+0000] {logging_mixin.py:188} INFO - [2024-08-09T01:55:01.676+0000] {dagbag.py:545} INFO - Filling up the DagBag from /home/airflow/.local/lib/python3.12/site-packages/airflow/example_dags/tutorial.py
[2024-08-09T01:55:01.702+0000] {processor.py:840} INFO - DAG(s) 'tutorial' retrieved from /home/airflow/.local/lib/python3.12/site-packages/airflow/example_dags/tutorial.py
[2024-08-09T01:55:01.776+0000] {logging_mixin.py:188} INFO - [2024-08-09T01:55:01.776+0000] {dag.py:3089} INFO - Sync 1 DAGs
[2024-08-09T01:55:01.824+0000] {logging_mixin.py:188} INFO - [2024-08-09T01:55:01.823+0000] {dag.py:3947} INFO - Setting next_dagrun for tutorial to 2024-08-08 00:00:00+00:00, run_after=2024-08-09 00:00:00+00:00
[2024-08-09T01:55:01.857+0000] {processor.py:183} INFO - Processing /home/airflow/.local/lib/python3.12/site-packages/airflow/example_dags/tutorial.py took 0.208 seconds
[2024-08-09T01:55:32.345+0000] {processor.py:161} INFO - Started process (PID=2412) to work on /home/airflow/.local/lib/python3.12/site-packages/airflow/example_dags/tutorial.py
[2024-08-09T01:55:32.347+0000] {processor.py:830} INFO - Processing file /home/airflow/.local/lib/python3.12/site-packages/airflow/example_dags/tutorial.py for tasks to queue
[2024-08-09T01:55:32.352+0000] {logging_mixin.py:188} INFO - [2024-08-09T01:55:32.351+0000] {dagbag.py:545} INFO - Filling up the DagBag from /home/airflow/.local/lib/python3.12/site-packages/airflow/example_dags/tutorial.py
[2024-08-09T01:55:32.368+0000] {processor.py:840} INFO - DAG(s) 'tutorial' retrieved from /home/airflow/.local/lib/python3.12/site-packages/airflow/example_dags/tutorial.py
[2024-08-09T01:55:32.420+0000] {logging_mixin.py:188} INFO - [2024-08-09T01:55:32.420+0000] {dag.py:3089} INFO - Sync 1 DAGs
[2024-08-09T01:55:32.457+0000] {logging_mixin.py:188} INFO - [2024-08-09T01:55:32.457+0000] {dag.py:3947} INFO - Setting next_dagrun for tutorial to 2024-08-08 00:00:00+00:00, run_after=2024-08-09 00:00:00+00:00
[2024-08-09T01:55:32.492+0000] {processor.py:183} INFO - Processing /home/airflow/.local/lib/python3.12/site-packages/airflow/example_dags/tutorial.py took 0.164 seconds
[2024-08-09T01:56:03.465+0000] {processor.py:161} INFO - Started process (PID=2470) to work on /home/airflow/.local/lib/python3.12/site-packages/airflow/example_dags/tutorial.py
[2024-08-09T01:56:03.467+0000] {processor.py:830} INFO - Processing file /home/airflow/.local/lib/python3.12/site-packages/airflow/example_dags/tutorial.py for tasks to queue
[2024-08-09T01:56:03.472+0000] {logging_mixin.py:188} INFO - [2024-08-09T01:56:03.472+0000] {dagbag.py:545} INFO - Filling up the DagBag from /home/airflow/.local/lib/python3.12/site-packages/airflow/example_dags/tutorial.py
[2024-08-09T01:56:03.488+0000] {processor.py:840} INFO - DAG(s) 'tutorial' retrieved from /home/airflow/.local/lib/python3.12/site-packages/airflow/example_dags/tutorial.py
[2024-08-09T01:56:03.540+0000] {logging_mixin.py:188} INFO - [2024-08-09T01:56:03.540+0000] {dag.py:3089} INFO - Sync 1 DAGs
[2024-08-09T01:56:03.580+0000] {logging_mixin.py:188} INFO - [2024-08-09T01:56:03.580+0000] {dag.py:3947} INFO - Setting next_dagrun for tutorial to 2024-08-08 00:00:00+00:00, run_after=2024-08-09 00:00:00+00:00
[2024-08-09T01:56:03.618+0000] {processor.py:183} INFO - Processing /home/airflow/.local/lib/python3.12/site-packages/airflow/example_dags/tutorial.py took 0.172 seconds
[2024-08-09T01:56:34.276+0000] {processor.py:161} INFO - Started process (PID=2528) to work on /home/airflow/.local/lib/python3.12/site-packages/airflow/example_dags/tutorial.py
[2024-08-09T01:56:34.282+0000] {processor.py:830} INFO - Processing file /home/airflow/.local/lib/python3.12/site-packages/airflow/example_dags/tutorial.py for tasks to queue
[2024-08-09T01:56:34.291+0000] {logging_mixin.py:188} INFO - [2024-08-09T01:56:34.290+0000] {dagbag.py:545} INFO - Filling up the DagBag from /home/airflow/.local/lib/python3.12/site-packages/airflow/example_dags/tutorial.py
[2024-08-09T01:56:34.348+0000] {processor.py:840} INFO - DAG(s) 'tutorial' retrieved from /home/airflow/.local/lib/python3.12/site-packages/airflow/example_dags/tutorial.py
[2024-08-09T01:56:34.536+0000] {logging_mixin.py:188} INFO - [2024-08-09T01:56:34.536+0000] {dag.py:3089} INFO - Sync 1 DAGs
[2024-08-09T01:56:34.675+0000] {logging_mixin.py:188} INFO - [2024-08-09T01:56:34.675+0000] {dag.py:3947} INFO - Setting next_dagrun for tutorial to 2024-08-08 00:00:00+00:00, run_after=2024-08-09 00:00:00+00:00
[2024-08-09T01:56:34.879+0000] {processor.py:183} INFO - Processing /home/airflow/.local/lib/python3.12/site-packages/airflow/example_dags/tutorial.py took 0.684 seconds
[2024-08-09T01:57:05.020+0000] {processor.py:161} INFO - Started process (PID=2586) to work on /home/airflow/.local/lib/python3.12/site-packages/airflow/example_dags/tutorial.py
[2024-08-09T01:57:05.023+0000] {processor.py:830} INFO - Processing file /home/airflow/.local/lib/python3.12/site-packages/airflow/example_dags/tutorial.py for tasks to queue
[2024-08-09T01:57:05.029+0000] {logging_mixin.py:188} INFO - [2024-08-09T01:57:05.028+0000] {dagbag.py:545} INFO - Filling up the DagBag from /home/airflow/.local/lib/python3.12/site-packages/airflow/example_dags/tutorial.py
[2024-08-09T01:57:05.045+0000] {processor.py:840} INFO - DAG(s) 'tutorial' retrieved from /home/airflow/.local/lib/python3.12/site-packages/airflow/example_dags/tutorial.py
[2024-08-09T01:57:05.123+0000] {logging_mixin.py:188} INFO - [2024-08-09T01:57:05.123+0000] {dag.py:3089} INFO - Sync 1 DAGs
[2024-08-09T01:57:05.174+0000] {logging_mixin.py:188} INFO - [2024-08-09T01:57:05.173+0000] {dag.py:3947} INFO - Setting next_dagrun for tutorial to 2024-08-08 00:00:00+00:00, run_after=2024-08-09 00:00:00+00:00
[2024-08-09T01:57:05.238+0000] {processor.py:183} INFO - Processing /home/airflow/.local/lib/python3.12/site-packages/airflow/example_dags/tutorial.py took 0.239 seconds
[2024-08-09T01:57:36.505+0000] {processor.py:161} INFO - Started process (PID=2644) to work on /home/airflow/.local/lib/python3.12/site-packages/airflow/example_dags/tutorial.py
[2024-08-09T01:57:36.508+0000] {processor.py:830} INFO - Processing file /home/airflow/.local/lib/python3.12/site-packages/airflow/example_dags/tutorial.py for tasks to queue
[2024-08-09T01:57:36.517+0000] {logging_mixin.py:188} INFO - [2024-08-09T01:57:36.515+0000] {dagbag.py:545} INFO - Filling up the DagBag from /home/airflow/.local/lib/python3.12/site-packages/airflow/example_dags/tutorial.py
[2024-08-09T01:57:36.542+0000] {processor.py:840} INFO - DAG(s) 'tutorial' retrieved from /home/airflow/.local/lib/python3.12/site-packages/airflow/example_dags/tutorial.py
[2024-08-09T01:57:36.659+0000] {logging_mixin.py:188} INFO - [2024-08-09T01:57:36.659+0000] {dag.py:3089} INFO - Sync 1 DAGs
[2024-08-09T01:57:36.737+0000] {logging_mixin.py:188} INFO - [2024-08-09T01:57:36.737+0000] {dag.py:3947} INFO - Setting next_dagrun for tutorial to 2024-08-08 00:00:00+00:00, run_after=2024-08-09 00:00:00+00:00
[2024-08-09T01:57:36.820+0000] {processor.py:183} INFO - Processing /home/airflow/.local/lib/python3.12/site-packages/airflow/example_dags/tutorial.py took 0.345 seconds
[2024-08-09T01:58:07.594+0000] {processor.py:161} INFO - Started process (PID=2702) to work on /home/airflow/.local/lib/python3.12/site-packages/airflow/example_dags/tutorial.py
[2024-08-09T01:58:07.599+0000] {processor.py:830} INFO - Processing file /home/airflow/.local/lib/python3.12/site-packages/airflow/example_dags/tutorial.py for tasks to queue
[2024-08-09T01:58:07.613+0000] {logging_mixin.py:188} INFO - [2024-08-09T01:58:07.613+0000] {dagbag.py:545} INFO - Filling up the DagBag from /home/airflow/.local/lib/python3.12/site-packages/airflow/example_dags/tutorial.py
[2024-08-09T01:58:07.639+0000] {processor.py:840} INFO - DAG(s) 'tutorial' retrieved from /home/airflow/.local/lib/python3.12/site-packages/airflow/example_dags/tutorial.py
[2024-08-09T01:58:07.708+0000] {logging_mixin.py:188} INFO - [2024-08-09T01:58:07.707+0000] {dag.py:3089} INFO - Sync 1 DAGs
[2024-08-09T01:58:07.750+0000] {logging_mixin.py:188} INFO - [2024-08-09T01:58:07.749+0000] {dag.py:3947} INFO - Setting next_dagrun for tutorial to 2024-08-08 00:00:00+00:00, run_after=2024-08-09 00:00:00+00:00
[2024-08-09T01:58:07.784+0000] {processor.py:183} INFO - Processing /home/airflow/.local/lib/python3.12/site-packages/airflow/example_dags/tutorial.py took 0.238 seconds
[2024-08-09T01:58:38.030+0000] {processor.py:161} INFO - Started process (PID=2758) to work on /home/airflow/.local/lib/python3.12/site-packages/airflow/example_dags/tutorial.py
[2024-08-09T01:58:38.064+0000] {processor.py:830} INFO - Processing file /home/airflow/.local/lib/python3.12/site-packages/airflow/example_dags/tutorial.py for tasks to queue
[2024-08-09T01:58:38.093+0000] {logging_mixin.py:188} INFO - [2024-08-09T01:58:38.092+0000] {dagbag.py:545} INFO - Filling up the DagBag from /home/airflow/.local/lib/python3.12/site-packages/airflow/example_dags/tutorial.py
[2024-08-09T01:58:38.204+0000] {processor.py:840} INFO - DAG(s) 'tutorial' retrieved from /home/airflow/.local/lib/python3.12/site-packages/airflow/example_dags/tutorial.py
[2024-08-09T01:58:38.369+0000] {logging_mixin.py:188} INFO - [2024-08-09T01:58:38.367+0000] {dag.py:3089} INFO - Sync 1 DAGs
[2024-08-09T01:58:38.548+0000] {logging_mixin.py:188} INFO - [2024-08-09T01:58:38.548+0000] {dag.py:3947} INFO - Setting next_dagrun for tutorial to 2024-08-08 00:00:00+00:00, run_after=2024-08-09 00:00:00+00:00
[2024-08-09T01:58:38.757+0000] {processor.py:183} INFO - Processing /home/airflow/.local/lib/python3.12/site-packages/airflow/example_dags/tutorial.py took 0.851 seconds
[2024-08-09T01:59:09.701+0000] {processor.py:161} INFO - Started process (PID=2816) to work on /home/airflow/.local/lib/python3.12/site-packages/airflow/example_dags/tutorial.py
[2024-08-09T01:59:09.731+0000] {processor.py:830} INFO - Processing file /home/airflow/.local/lib/python3.12/site-packages/airflow/example_dags/tutorial.py for tasks to queue
[2024-08-09T01:59:09.779+0000] {logging_mixin.py:188} INFO - [2024-08-09T01:59:09.763+0000] {dagbag.py:545} INFO - Filling up the DagBag from /home/airflow/.local/lib/python3.12/site-packages/airflow/example_dags/tutorial.py
[2024-08-09T01:59:09.906+0000] {processor.py:840} INFO - DAG(s) 'tutorial' retrieved from /home/airflow/.local/lib/python3.12/site-packages/airflow/example_dags/tutorial.py
[2024-08-09T01:59:10.128+0000] {logging_mixin.py:188} INFO - [2024-08-09T01:59:10.127+0000] {dag.py:3089} INFO - Sync 1 DAGs
[2024-08-09T01:59:10.226+0000] {logging_mixin.py:188} INFO - [2024-08-09T01:59:10.223+0000] {dag.py:3947} INFO - Setting next_dagrun for tutorial to 2024-08-08 00:00:00+00:00, run_after=2024-08-09 00:00:00+00:00
[2024-08-09T01:59:10.372+0000] {processor.py:183} INFO - Processing /home/airflow/.local/lib/python3.12/site-packages/airflow/example_dags/tutorial.py took 0.754 seconds
[2024-08-09T01:59:40.498+0000] {processor.py:161} INFO - Started process (PID=2874) to work on /home/airflow/.local/lib/python3.12/site-packages/airflow/example_dags/tutorial.py
[2024-08-09T01:59:40.502+0000] {processor.py:830} INFO - Processing file /home/airflow/.local/lib/python3.12/site-packages/airflow/example_dags/tutorial.py for tasks to queue
[2024-08-09T01:59:40.507+0000] {logging_mixin.py:188} INFO - [2024-08-09T01:59:40.506+0000] {dagbag.py:545} INFO - Filling up the DagBag from /home/airflow/.local/lib/python3.12/site-packages/airflow/example_dags/tutorial.py
[2024-08-09T01:59:40.523+0000] {processor.py:840} INFO - DAG(s) 'tutorial' retrieved from /home/airflow/.local/lib/python3.12/site-packages/airflow/example_dags/tutorial.py
[2024-08-09T01:59:40.586+0000] {logging_mixin.py:188} INFO - [2024-08-09T01:59:40.585+0000] {dag.py:3089} INFO - Sync 1 DAGs
[2024-08-09T01:59:40.632+0000] {logging_mixin.py:188} INFO - [2024-08-09T01:59:40.632+0000] {dag.py:3947} INFO - Setting next_dagrun for tutorial to 2024-08-08 00:00:00+00:00, run_after=2024-08-09 00:00:00+00:00
[2024-08-09T01:59:40.671+0000] {processor.py:183} INFO - Processing /home/airflow/.local/lib/python3.12/site-packages/airflow/example_dags/tutorial.py took 0.189 seconds
[2024-08-09T02:00:11.401+0000] {processor.py:161} INFO - Started process (PID=2931) to work on /home/airflow/.local/lib/python3.12/site-packages/airflow/example_dags/tutorial.py
[2024-08-09T02:00:11.404+0000] {processor.py:830} INFO - Processing file /home/airflow/.local/lib/python3.12/site-packages/airflow/example_dags/tutorial.py for tasks to queue
[2024-08-09T02:00:11.408+0000] {logging_mixin.py:188} INFO - [2024-08-09T02:00:11.408+0000] {dagbag.py:545} INFO - Filling up the DagBag from /home/airflow/.local/lib/python3.12/site-packages/airflow/example_dags/tutorial.py
[2024-08-09T02:00:11.423+0000] {processor.py:840} INFO - DAG(s) 'tutorial' retrieved from /home/airflow/.local/lib/python3.12/site-packages/airflow/example_dags/tutorial.py
[2024-08-09T02:00:11.476+0000] {logging_mixin.py:188} INFO - [2024-08-09T02:00:11.475+0000] {dag.py:3089} INFO - Sync 1 DAGs
[2024-08-09T02:00:11.512+0000] {logging_mixin.py:188} INFO - [2024-08-09T02:00:11.511+0000] {dag.py:3947} INFO - Setting next_dagrun for tutorial to 2024-08-08 00:00:00+00:00, run_after=2024-08-09 00:00:00+00:00
[2024-08-09T02:00:11.548+0000] {processor.py:183} INFO - Processing /home/airflow/.local/lib/python3.12/site-packages/airflow/example_dags/tutorial.py took 0.162 seconds
[2024-08-09T02:00:42.175+0000] {processor.py:161} INFO - Started process (PID=2989) to work on /home/airflow/.local/lib/python3.12/site-packages/airflow/example_dags/tutorial.py
[2024-08-09T02:00:42.177+0000] {processor.py:830} INFO - Processing file /home/airflow/.local/lib/python3.12/site-packages/airflow/example_dags/tutorial.py for tasks to queue
[2024-08-09T02:00:42.182+0000] {logging_mixin.py:188} INFO - [2024-08-09T02:00:42.181+0000] {dagbag.py:545} INFO - Filling up the DagBag from /home/airflow/.local/lib/python3.12/site-packages/airflow/example_dags/tutorial.py
[2024-08-09T02:00:42.196+0000] {processor.py:840} INFO - DAG(s) 'tutorial' retrieved from /home/airflow/.local/lib/python3.12/site-packages/airflow/example_dags/tutorial.py
[2024-08-09T02:00:42.249+0000] {logging_mixin.py:188} INFO - [2024-08-09T02:00:42.249+0000] {dag.py:3089} INFO - Sync 1 DAGs
[2024-08-09T02:00:42.287+0000] {logging_mixin.py:188} INFO - [2024-08-09T02:00:42.287+0000] {dag.py:3947} INFO - Setting next_dagrun for tutorial to 2024-08-08 00:00:00+00:00, run_after=2024-08-09 00:00:00+00:00
[2024-08-09T02:00:42.324+0000] {processor.py:183} INFO - Processing /home/airflow/.local/lib/python3.12/site-packages/airflow/example_dags/tutorial.py took 0.165 seconds
[2024-08-09T02:01:12.535+0000] {processor.py:161} INFO - Started process (PID=3047) to work on /home/airflow/.local/lib/python3.12/site-packages/airflow/example_dags/tutorial.py
[2024-08-09T02:01:12.538+0000] {processor.py:830} INFO - Processing file /home/airflow/.local/lib/python3.12/site-packages/airflow/example_dags/tutorial.py for tasks to queue
[2024-08-09T02:01:12.543+0000] {logging_mixin.py:188} INFO - [2024-08-09T02:01:12.542+0000] {dagbag.py:545} INFO - Filling up the DagBag from /home/airflow/.local/lib/python3.12/site-packages/airflow/example_dags/tutorial.py
[2024-08-09T02:01:12.563+0000] {processor.py:840} INFO - DAG(s) 'tutorial' retrieved from /home/airflow/.local/lib/python3.12/site-packages/airflow/example_dags/tutorial.py
[2024-08-09T02:01:12.631+0000] {logging_mixin.py:188} INFO - [2024-08-09T02:01:12.631+0000] {dag.py:3089} INFO - Sync 1 DAGs
[2024-08-09T02:01:12.685+0000] {logging_mixin.py:188} INFO - [2024-08-09T02:01:12.684+0000] {dag.py:3947} INFO - Setting next_dagrun for tutorial to 2024-08-08 00:00:00+00:00, run_after=2024-08-09 00:00:00+00:00
[2024-08-09T02:01:12.727+0000] {processor.py:183} INFO - Processing /home/airflow/.local/lib/python3.12/site-packages/airflow/example_dags/tutorial.py took 0.212 seconds
[2024-08-09T02:01:44.112+0000] {processor.py:161} INFO - Started process (PID=3105) to work on /home/airflow/.local/lib/python3.12/site-packages/airflow/example_dags/tutorial.py
[2024-08-09T02:01:44.116+0000] {processor.py:830} INFO - Processing file /home/airflow/.local/lib/python3.12/site-packages/airflow/example_dags/tutorial.py for tasks to queue
[2024-08-09T02:01:44.123+0000] {logging_mixin.py:188} INFO - [2024-08-09T02:01:44.123+0000] {dagbag.py:545} INFO - Filling up the DagBag from /home/airflow/.local/lib/python3.12/site-packages/airflow/example_dags/tutorial.py
[2024-08-09T02:01:44.147+0000] {processor.py:840} INFO - DAG(s) 'tutorial' retrieved from /home/airflow/.local/lib/python3.12/site-packages/airflow/example_dags/tutorial.py
[2024-08-09T02:01:44.247+0000] {logging_mixin.py:188} INFO - [2024-08-09T02:01:44.246+0000] {dag.py:3089} INFO - Sync 1 DAGs
[2024-08-09T02:01:44.338+0000] {logging_mixin.py:188} INFO - [2024-08-09T02:01:44.338+0000] {dag.py:3947} INFO - Setting next_dagrun for tutorial to 2024-08-08 00:00:00+00:00, run_after=2024-08-09 00:00:00+00:00
[2024-08-09T02:01:44.381+0000] {processor.py:183} INFO - Processing /home/airflow/.local/lib/python3.12/site-packages/airflow/example_dags/tutorial.py took 0.299 seconds
[2024-08-09T02:02:15.165+0000] {processor.py:161} INFO - Started process (PID=3163) to work on /home/airflow/.local/lib/python3.12/site-packages/airflow/example_dags/tutorial.py
[2024-08-09T02:02:15.171+0000] {processor.py:830} INFO - Processing file /home/airflow/.local/lib/python3.12/site-packages/airflow/example_dags/tutorial.py for tasks to queue
[2024-08-09T02:02:15.183+0000] {logging_mixin.py:188} INFO - [2024-08-09T02:02:15.182+0000] {dagbag.py:545} INFO - Filling up the DagBag from /home/airflow/.local/lib/python3.12/site-packages/airflow/example_dags/tutorial.py
[2024-08-09T02:02:15.204+0000] {processor.py:840} INFO - DAG(s) 'tutorial' retrieved from /home/airflow/.local/lib/python3.12/site-packages/airflow/example_dags/tutorial.py
[2024-08-09T02:02:15.265+0000] {logging_mixin.py:188} INFO - [2024-08-09T02:02:15.264+0000] {dag.py:3089} INFO - Sync 1 DAGs
[2024-08-09T02:02:15.309+0000] {logging_mixin.py:188} INFO - [2024-08-09T02:02:15.308+0000] {dag.py:3947} INFO - Setting next_dagrun for tutorial to 2024-08-08 00:00:00+00:00, run_after=2024-08-09 00:00:00+00:00
[2024-08-09T02:02:15.353+0000] {processor.py:183} INFO - Processing /home/airflow/.local/lib/python3.12/site-packages/airflow/example_dags/tutorial.py took 0.217 seconds
[2024-08-09T02:02:45.636+0000] {processor.py:161} INFO - Started process (PID=3221) to work on /home/airflow/.local/lib/python3.12/site-packages/airflow/example_dags/tutorial.py
[2024-08-09T02:02:45.638+0000] {processor.py:830} INFO - Processing file /home/airflow/.local/lib/python3.12/site-packages/airflow/example_dags/tutorial.py for tasks to queue
[2024-08-09T02:02:45.645+0000] {logging_mixin.py:188} INFO - [2024-08-09T02:02:45.644+0000] {dagbag.py:545} INFO - Filling up the DagBag from /home/airflow/.local/lib/python3.12/site-packages/airflow/example_dags/tutorial.py
[2024-08-09T02:02:45.669+0000] {processor.py:840} INFO - DAG(s) 'tutorial' retrieved from /home/airflow/.local/lib/python3.12/site-packages/airflow/example_dags/tutorial.py
[2024-08-09T02:02:45.720+0000] {logging_mixin.py:188} INFO - [2024-08-09T02:02:45.720+0000] {dag.py:3089} INFO - Sync 1 DAGs
[2024-08-09T02:02:45.764+0000] {logging_mixin.py:188} INFO - [2024-08-09T02:02:45.764+0000] {dag.py:3947} INFO - Setting next_dagrun for tutorial to 2024-08-08 00:00:00+00:00, run_after=2024-08-09 00:00:00+00:00
[2024-08-09T02:02:45.796+0000] {processor.py:183} INFO - Processing /home/airflow/.local/lib/python3.12/site-packages/airflow/example_dags/tutorial.py took 0.179 seconds
[2024-08-09T02:03:16.390+0000] {processor.py:161} INFO - Started process (PID=3279) to work on /home/airflow/.local/lib/python3.12/site-packages/airflow/example_dags/tutorial.py
[2024-08-09T02:03:16.393+0000] {processor.py:830} INFO - Processing file /home/airflow/.local/lib/python3.12/site-packages/airflow/example_dags/tutorial.py for tasks to queue
[2024-08-09T02:03:16.399+0000] {logging_mixin.py:188} INFO - [2024-08-09T02:03:16.397+0000] {dagbag.py:545} INFO - Filling up the DagBag from /home/airflow/.local/lib/python3.12/site-packages/airflow/example_dags/tutorial.py
[2024-08-09T02:03:16.415+0000] {processor.py:840} INFO - DAG(s) 'tutorial' retrieved from /home/airflow/.local/lib/python3.12/site-packages/airflow/example_dags/tutorial.py
[2024-08-09T02:03:16.465+0000] {logging_mixin.py:188} INFO - [2024-08-09T02:03:16.464+0000] {dag.py:3089} INFO - Sync 1 DAGs
[2024-08-09T02:03:16.504+0000] {logging_mixin.py:188} INFO - [2024-08-09T02:03:16.503+0000] {dag.py:3947} INFO - Setting next_dagrun for tutorial to 2024-08-08 00:00:00+00:00, run_after=2024-08-09 00:00:00+00:00
[2024-08-09T02:03:16.540+0000] {processor.py:183} INFO - Processing /home/airflow/.local/lib/python3.12/site-packages/airflow/example_dags/tutorial.py took 0.168 seconds
[2024-08-09T02:03:47.198+0000] {processor.py:161} INFO - Started process (PID=3336) to work on /home/airflow/.local/lib/python3.12/site-packages/airflow/example_dags/tutorial.py
[2024-08-09T02:03:47.200+0000] {processor.py:830} INFO - Processing file /home/airflow/.local/lib/python3.12/site-packages/airflow/example_dags/tutorial.py for tasks to queue
[2024-08-09T02:03:47.205+0000] {logging_mixin.py:188} INFO - [2024-08-09T02:03:47.204+0000] {dagbag.py:545} INFO - Filling up the DagBag from /home/airflow/.local/lib/python3.12/site-packages/airflow/example_dags/tutorial.py
[2024-08-09T02:03:47.222+0000] {processor.py:840} INFO - DAG(s) 'tutorial' retrieved from /home/airflow/.local/lib/python3.12/site-packages/airflow/example_dags/tutorial.py
[2024-08-09T02:03:47.274+0000] {logging_mixin.py:188} INFO - [2024-08-09T02:03:47.274+0000] {dag.py:3089} INFO - Sync 1 DAGs
[2024-08-09T02:03:47.317+0000] {logging_mixin.py:188} INFO - [2024-08-09T02:03:47.317+0000] {dag.py:3947} INFO - Setting next_dagrun for tutorial to 2024-08-08 00:00:00+00:00, run_after=2024-08-09 00:00:00+00:00
[2024-08-09T02:03:47.367+0000] {processor.py:183} INFO - Processing /home/airflow/.local/lib/python3.12/site-packages/airflow/example_dags/tutorial.py took 0.185 seconds
[2024-08-09T02:04:17.654+0000] {processor.py:161} INFO - Started process (PID=3393) to work on /home/airflow/.local/lib/python3.12/site-packages/airflow/example_dags/tutorial.py
[2024-08-09T02:04:17.683+0000] {processor.py:830} INFO - Processing file /home/airflow/.local/lib/python3.12/site-packages/airflow/example_dags/tutorial.py for tasks to queue
[2024-08-09T02:04:17.689+0000] {logging_mixin.py:188} INFO - [2024-08-09T02:04:17.688+0000] {dagbag.py:545} INFO - Filling up the DagBag from /home/airflow/.local/lib/python3.12/site-packages/airflow/example_dags/tutorial.py
[2024-08-09T02:04:17.731+0000] {processor.py:840} INFO - DAG(s) 'tutorial' retrieved from /home/airflow/.local/lib/python3.12/site-packages/airflow/example_dags/tutorial.py
[2024-08-09T02:04:17.831+0000] {logging_mixin.py:188} INFO - [2024-08-09T02:04:17.830+0000] {dag.py:3089} INFO - Sync 1 DAGs
[2024-08-09T02:04:17.887+0000] {logging_mixin.py:188} INFO - [2024-08-09T02:04:17.887+0000] {dag.py:3947} INFO - Setting next_dagrun for tutorial to 2024-08-08 00:00:00+00:00, run_after=2024-08-09 00:00:00+00:00
[2024-08-09T02:04:17.929+0000] {processor.py:183} INFO - Processing /home/airflow/.local/lib/python3.12/site-packages/airflow/example_dags/tutorial.py took 0.306 seconds
[2024-08-09T02:04:48.708+0000] {processor.py:161} INFO - Started process (PID=3451) to work on /home/airflow/.local/lib/python3.12/site-packages/airflow/example_dags/tutorial.py
[2024-08-09T02:04:48.710+0000] {processor.py:830} INFO - Processing file /home/airflow/.local/lib/python3.12/site-packages/airflow/example_dags/tutorial.py for tasks to queue
[2024-08-09T02:04:48.715+0000] {logging_mixin.py:188} INFO - [2024-08-09T02:04:48.714+0000] {dagbag.py:545} INFO - Filling up the DagBag from /home/airflow/.local/lib/python3.12/site-packages/airflow/example_dags/tutorial.py
[2024-08-09T02:04:48.728+0000] {processor.py:840} INFO - DAG(s) 'tutorial' retrieved from /home/airflow/.local/lib/python3.12/site-packages/airflow/example_dags/tutorial.py
[2024-08-09T02:04:48.792+0000] {logging_mixin.py:188} INFO - [2024-08-09T02:04:48.791+0000] {dag.py:3089} INFO - Sync 1 DAGs
[2024-08-09T02:04:48.846+0000] {logging_mixin.py:188} INFO - [2024-08-09T02:04:48.846+0000] {dag.py:3947} INFO - Setting next_dagrun for tutorial to 2024-08-08 00:00:00+00:00, run_after=2024-08-09 00:00:00+00:00
[2024-08-09T02:04:48.890+0000] {processor.py:183} INFO - Processing /home/airflow/.local/lib/python3.12/site-packages/airflow/example_dags/tutorial.py took 0.197 seconds
[2024-08-09T02:05:19.036+0000] {processor.py:161} INFO - Started process (PID=3509) to work on /home/airflow/.local/lib/python3.12/site-packages/airflow/example_dags/tutorial.py
[2024-08-09T02:05:19.043+0000] {processor.py:830} INFO - Processing file /home/airflow/.local/lib/python3.12/site-packages/airflow/example_dags/tutorial.py for tasks to queue
[2024-08-09T02:05:19.054+0000] {logging_mixin.py:188} INFO - [2024-08-09T02:05:19.050+0000] {dagbag.py:545} INFO - Filling up the DagBag from /home/airflow/.local/lib/python3.12/site-packages/airflow/example_dags/tutorial.py
[2024-08-09T02:05:19.080+0000] {processor.py:840} INFO - DAG(s) 'tutorial' retrieved from /home/airflow/.local/lib/python3.12/site-packages/airflow/example_dags/tutorial.py
[2024-08-09T02:05:19.178+0000] {logging_mixin.py:188} INFO - [2024-08-09T02:05:19.177+0000] {dag.py:3089} INFO - Sync 1 DAGs
[2024-08-09T02:05:19.250+0000] {logging_mixin.py:188} INFO - [2024-08-09T02:05:19.249+0000] {dag.py:3947} INFO - Setting next_dagrun for tutorial to 2024-08-08 00:00:00+00:00, run_after=2024-08-09 00:00:00+00:00
[2024-08-09T02:05:19.308+0000] {processor.py:183} INFO - Processing /home/airflow/.local/lib/python3.12/site-packages/airflow/example_dags/tutorial.py took 0.306 seconds
[2024-08-09T02:05:50.389+0000] {processor.py:161} INFO - Started process (PID=3567) to work on /home/airflow/.local/lib/python3.12/site-packages/airflow/example_dags/tutorial.py
[2024-08-09T02:05:50.396+0000] {processor.py:830} INFO - Processing file /home/airflow/.local/lib/python3.12/site-packages/airflow/example_dags/tutorial.py for tasks to queue
[2024-08-09T02:05:50.408+0000] {logging_mixin.py:188} INFO - [2024-08-09T02:05:50.407+0000] {dagbag.py:545} INFO - Filling up the DagBag from /home/airflow/.local/lib/python3.12/site-packages/airflow/example_dags/tutorial.py
[2024-08-09T02:05:50.428+0000] {processor.py:840} INFO - DAG(s) 'tutorial' retrieved from /home/airflow/.local/lib/python3.12/site-packages/airflow/example_dags/tutorial.py
[2024-08-09T02:05:50.563+0000] {logging_mixin.py:188} INFO - [2024-08-09T02:05:50.560+0000] {dag.py:3089} INFO - Sync 1 DAGs
[2024-08-09T02:05:50.676+0000] {logging_mixin.py:188} INFO - [2024-08-09T02:05:50.675+0000] {dag.py:3947} INFO - Setting next_dagrun for tutorial to 2024-08-08 00:00:00+00:00, run_after=2024-08-09 00:00:00+00:00
[2024-08-09T02:05:50.791+0000] {processor.py:183} INFO - Processing /home/airflow/.local/lib/python3.12/site-packages/airflow/example_dags/tutorial.py took 0.447 seconds
[2024-08-09T02:06:21.188+0000] {processor.py:161} INFO - Started process (PID=3625) to work on /home/airflow/.local/lib/python3.12/site-packages/airflow/example_dags/tutorial.py
[2024-08-09T02:06:21.193+0000] {processor.py:830} INFO - Processing file /home/airflow/.local/lib/python3.12/site-packages/airflow/example_dags/tutorial.py for tasks to queue
[2024-08-09T02:06:21.198+0000] {logging_mixin.py:188} INFO - [2024-08-09T02:06:21.197+0000] {dagbag.py:545} INFO - Filling up the DagBag from /home/airflow/.local/lib/python3.12/site-packages/airflow/example_dags/tutorial.py
[2024-08-09T02:06:21.220+0000] {processor.py:840} INFO - DAG(s) 'tutorial' retrieved from /home/airflow/.local/lib/python3.12/site-packages/airflow/example_dags/tutorial.py
[2024-08-09T02:06:21.286+0000] {logging_mixin.py:188} INFO - [2024-08-09T02:06:21.286+0000] {dag.py:3089} INFO - Sync 1 DAGs
[2024-08-09T02:06:21.330+0000] {logging_mixin.py:188} INFO - [2024-08-09T02:06:21.330+0000] {dag.py:3947} INFO - Setting next_dagrun for tutorial to 2024-08-08 00:00:00+00:00, run_after=2024-08-09 00:00:00+00:00
[2024-08-09T02:06:21.370+0000] {processor.py:183} INFO - Processing /home/airflow/.local/lib/python3.12/site-packages/airflow/example_dags/tutorial.py took 0.211 seconds
[2024-08-09T02:06:51.496+0000] {processor.py:161} INFO - Started process (PID=3683) to work on /home/airflow/.local/lib/python3.12/site-packages/airflow/example_dags/tutorial.py
[2024-08-09T02:06:51.499+0000] {processor.py:830} INFO - Processing file /home/airflow/.local/lib/python3.12/site-packages/airflow/example_dags/tutorial.py for tasks to queue
[2024-08-09T02:06:51.505+0000] {logging_mixin.py:188} INFO - [2024-08-09T02:06:51.504+0000] {dagbag.py:545} INFO - Filling up the DagBag from /home/airflow/.local/lib/python3.12/site-packages/airflow/example_dags/tutorial.py
[2024-08-09T02:06:51.521+0000] {processor.py:840} INFO - DAG(s) 'tutorial' retrieved from /home/airflow/.local/lib/python3.12/site-packages/airflow/example_dags/tutorial.py
[2024-08-09T02:06:51.582+0000] {logging_mixin.py:188} INFO - [2024-08-09T02:06:51.582+0000] {dag.py:3089} INFO - Sync 1 DAGs
[2024-08-09T02:06:51.626+0000] {logging_mixin.py:188} INFO - [2024-08-09T02:06:51.625+0000] {dag.py:3947} INFO - Setting next_dagrun for tutorial to 2024-08-08 00:00:00+00:00, run_after=2024-08-09 00:00:00+00:00
[2024-08-09T02:06:51.663+0000] {processor.py:183} INFO - Processing /home/airflow/.local/lib/python3.12/site-packages/airflow/example_dags/tutorial.py took 0.191 seconds
[2024-08-09T02:07:21.949+0000] {processor.py:161} INFO - Started process (PID=3740) to work on /home/airflow/.local/lib/python3.12/site-packages/airflow/example_dags/tutorial.py
[2024-08-09T02:07:21.952+0000] {processor.py:830} INFO - Processing file /home/airflow/.local/lib/python3.12/site-packages/airflow/example_dags/tutorial.py for tasks to queue
[2024-08-09T02:07:21.959+0000] {logging_mixin.py:188} INFO - [2024-08-09T02:07:21.958+0000] {dagbag.py:545} INFO - Filling up the DagBag from /home/airflow/.local/lib/python3.12/site-packages/airflow/example_dags/tutorial.py
[2024-08-09T02:07:21.978+0000] {processor.py:840} INFO - DAG(s) 'tutorial' retrieved from /home/airflow/.local/lib/python3.12/site-packages/airflow/example_dags/tutorial.py
[2024-08-09T02:07:22.042+0000] {logging_mixin.py:188} INFO - [2024-08-09T02:07:22.042+0000] {dag.py:3089} INFO - Sync 1 DAGs
[2024-08-09T02:07:22.088+0000] {logging_mixin.py:188} INFO - [2024-08-09T02:07:22.087+0000] {dag.py:3947} INFO - Setting next_dagrun for tutorial to 2024-08-08 00:00:00+00:00, run_after=2024-08-09 00:00:00+00:00
[2024-08-09T02:07:22.125+0000] {processor.py:183} INFO - Processing /home/airflow/.local/lib/python3.12/site-packages/airflow/example_dags/tutorial.py took 0.197 seconds
[2024-08-09T02:07:52.312+0000] {processor.py:161} INFO - Started process (PID=3797) to work on /home/airflow/.local/lib/python3.12/site-packages/airflow/example_dags/tutorial.py
[2024-08-09T02:07:52.314+0000] {processor.py:830} INFO - Processing file /home/airflow/.local/lib/python3.12/site-packages/airflow/example_dags/tutorial.py for tasks to queue
[2024-08-09T02:07:52.319+0000] {logging_mixin.py:188} INFO - [2024-08-09T02:07:52.319+0000] {dagbag.py:545} INFO - Filling up the DagBag from /home/airflow/.local/lib/python3.12/site-packages/airflow/example_dags/tutorial.py
[2024-08-09T02:07:52.334+0000] {processor.py:840} INFO - DAG(s) 'tutorial' retrieved from /home/airflow/.local/lib/python3.12/site-packages/airflow/example_dags/tutorial.py
[2024-08-09T02:07:52.384+0000] {logging_mixin.py:188} INFO - [2024-08-09T02:07:52.384+0000] {dag.py:3089} INFO - Sync 1 DAGs
[2024-08-09T02:07:52.422+0000] {logging_mixin.py:188} INFO - [2024-08-09T02:07:52.421+0000] {dag.py:3947} INFO - Setting next_dagrun for tutorial to 2024-08-08 00:00:00+00:00, run_after=2024-08-09 00:00:00+00:00
[2024-08-09T02:07:52.452+0000] {processor.py:183} INFO - Processing /home/airflow/.local/lib/python3.12/site-packages/airflow/example_dags/tutorial.py took 0.157 seconds
[2024-08-09T02:08:22.817+0000] {processor.py:161} INFO - Started process (PID=3855) to work on /home/airflow/.local/lib/python3.12/site-packages/airflow/example_dags/tutorial.py
[2024-08-09T02:08:22.820+0000] {processor.py:830} INFO - Processing file /home/airflow/.local/lib/python3.12/site-packages/airflow/example_dags/tutorial.py for tasks to queue
[2024-08-09T02:08:22.825+0000] {logging_mixin.py:188} INFO - [2024-08-09T02:08:22.824+0000] {dagbag.py:545} INFO - Filling up the DagBag from /home/airflow/.local/lib/python3.12/site-packages/airflow/example_dags/tutorial.py
[2024-08-09T02:08:22.847+0000] {processor.py:840} INFO - DAG(s) 'tutorial' retrieved from /home/airflow/.local/lib/python3.12/site-packages/airflow/example_dags/tutorial.py
[2024-08-09T02:08:22.898+0000] {logging_mixin.py:188} INFO - [2024-08-09T02:08:22.897+0000] {dag.py:3089} INFO - Sync 1 DAGs
[2024-08-09T02:08:22.943+0000] {logging_mixin.py:188} INFO - [2024-08-09T02:08:22.943+0000] {dag.py:3947} INFO - Setting next_dagrun for tutorial to 2024-08-08 00:00:00+00:00, run_after=2024-08-09 00:00:00+00:00
[2024-08-09T02:08:22.984+0000] {processor.py:183} INFO - Processing /home/airflow/.local/lib/python3.12/site-packages/airflow/example_dags/tutorial.py took 0.187 seconds
[2024-08-09T02:08:53.047+0000] {processor.py:161} INFO - Started process (PID=3913) to work on /home/airflow/.local/lib/python3.12/site-packages/airflow/example_dags/tutorial.py
[2024-08-09T02:08:53.052+0000] {processor.py:830} INFO - Processing file /home/airflow/.local/lib/python3.12/site-packages/airflow/example_dags/tutorial.py for tasks to queue
[2024-08-09T02:08:53.058+0000] {logging_mixin.py:188} INFO - [2024-08-09T02:08:53.057+0000] {dagbag.py:545} INFO - Filling up the DagBag from /home/airflow/.local/lib/python3.12/site-packages/airflow/example_dags/tutorial.py
[2024-08-09T02:08:53.073+0000] {processor.py:840} INFO - DAG(s) 'tutorial' retrieved from /home/airflow/.local/lib/python3.12/site-packages/airflow/example_dags/tutorial.py
[2024-08-09T02:08:53.137+0000] {logging_mixin.py:188} INFO - [2024-08-09T02:08:53.136+0000] {dag.py:3089} INFO - Sync 1 DAGs
[2024-08-09T02:08:53.179+0000] {logging_mixin.py:188} INFO - [2024-08-09T02:08:53.178+0000] {dag.py:3947} INFO - Setting next_dagrun for tutorial to 2024-08-08 00:00:00+00:00, run_after=2024-08-09 00:00:00+00:00
[2024-08-09T02:08:53.209+0000] {processor.py:183} INFO - Processing /home/airflow/.local/lib/python3.12/site-packages/airflow/example_dags/tutorial.py took 0.180 seconds
[2024-08-09T02:09:23.896+0000] {processor.py:161} INFO - Started process (PID=3971) to work on /home/airflow/.local/lib/python3.12/site-packages/airflow/example_dags/tutorial.py
[2024-08-09T02:09:23.899+0000] {processor.py:830} INFO - Processing file /home/airflow/.local/lib/python3.12/site-packages/airflow/example_dags/tutorial.py for tasks to queue
[2024-08-09T02:09:23.905+0000] {logging_mixin.py:188} INFO - [2024-08-09T02:09:23.904+0000] {dagbag.py:545} INFO - Filling up the DagBag from /home/airflow/.local/lib/python3.12/site-packages/airflow/example_dags/tutorial.py
[2024-08-09T02:09:23.928+0000] {processor.py:840} INFO - DAG(s) 'tutorial' retrieved from /home/airflow/.local/lib/python3.12/site-packages/airflow/example_dags/tutorial.py
[2024-08-09T02:09:24.009+0000] {logging_mixin.py:188} INFO - [2024-08-09T02:09:24.009+0000] {dag.py:3089} INFO - Sync 1 DAGs
[2024-08-09T02:09:24.061+0000] {logging_mixin.py:188} INFO - [2024-08-09T02:09:24.061+0000] {dag.py:3947} INFO - Setting next_dagrun for tutorial to 2024-08-08 00:00:00+00:00, run_after=2024-08-09 00:00:00+00:00
[2024-08-09T02:09:24.116+0000] {processor.py:183} INFO - Processing /home/airflow/.local/lib/python3.12/site-packages/airflow/example_dags/tutorial.py took 0.236 seconds
[2024-08-09T02:09:55.057+0000] {processor.py:161} INFO - Started process (PID=4029) to work on /home/airflow/.local/lib/python3.12/site-packages/airflow/example_dags/tutorial.py
[2024-08-09T02:09:55.076+0000] {processor.py:830} INFO - Processing file /home/airflow/.local/lib/python3.12/site-packages/airflow/example_dags/tutorial.py for tasks to queue
[2024-08-09T02:09:55.120+0000] {logging_mixin.py:188} INFO - [2024-08-09T02:09:55.118+0000] {dagbag.py:545} INFO - Filling up the DagBag from /home/airflow/.local/lib/python3.12/site-packages/airflow/example_dags/tutorial.py
[2024-08-09T02:09:55.194+0000] {processor.py:840} INFO - DAG(s) 'tutorial' retrieved from /home/airflow/.local/lib/python3.12/site-packages/airflow/example_dags/tutorial.py
[2024-08-09T02:09:57.161+0000] {logging_mixin.py:188} INFO - [2024-08-09T02:09:57.161+0000] {dag.py:3089} INFO - Sync 1 DAGs
[2024-08-09T02:09:58.570+0000] {logging_mixin.py:188} INFO - [2024-08-09T02:09:58.567+0000] {dag.py:3947} INFO - Setting next_dagrun for tutorial to 2024-08-08 00:00:00+00:00, run_after=2024-08-09 00:00:00+00:00
[2024-08-09T02:09:58.924+0000] {processor.py:183} INFO - Processing /home/airflow/.local/lib/python3.12/site-packages/airflow/example_dags/tutorial.py took 4.055 seconds
[2024-08-09T02:10:29.193+0000] {processor.py:161} INFO - Started process (PID=4087) to work on /home/airflow/.local/lib/python3.12/site-packages/airflow/example_dags/tutorial.py
[2024-08-09T02:10:29.195+0000] {processor.py:830} INFO - Processing file /home/airflow/.local/lib/python3.12/site-packages/airflow/example_dags/tutorial.py for tasks to queue
[2024-08-09T02:10:29.204+0000] {logging_mixin.py:188} INFO - [2024-08-09T02:10:29.200+0000] {dagbag.py:545} INFO - Filling up the DagBag from /home/airflow/.local/lib/python3.12/site-packages/airflow/example_dags/tutorial.py
[2024-08-09T02:10:29.224+0000] {processor.py:840} INFO - DAG(s) 'tutorial' retrieved from /home/airflow/.local/lib/python3.12/site-packages/airflow/example_dags/tutorial.py
[2024-08-09T02:10:29.290+0000] {logging_mixin.py:188} INFO - [2024-08-09T02:10:29.289+0000] {dag.py:3089} INFO - Sync 1 DAGs
[2024-08-09T02:10:29.341+0000] {logging_mixin.py:188} INFO - [2024-08-09T02:10:29.341+0000] {dag.py:3947} INFO - Setting next_dagrun for tutorial to 2024-08-08 00:00:00+00:00, run_after=2024-08-09 00:00:00+00:00
[2024-08-09T02:10:29.387+0000] {processor.py:183} INFO - Processing /home/airflow/.local/lib/python3.12/site-packages/airflow/example_dags/tutorial.py took 0.229 seconds
[2024-08-09T02:10:59.624+0000] {processor.py:161} INFO - Started process (PID=4144) to work on /home/airflow/.local/lib/python3.12/site-packages/airflow/example_dags/tutorial.py
[2024-08-09T02:10:59.627+0000] {processor.py:830} INFO - Processing file /home/airflow/.local/lib/python3.12/site-packages/airflow/example_dags/tutorial.py for tasks to queue
[2024-08-09T02:10:59.632+0000] {logging_mixin.py:188} INFO - [2024-08-09T02:10:59.632+0000] {dagbag.py:545} INFO - Filling up the DagBag from /home/airflow/.local/lib/python3.12/site-packages/airflow/example_dags/tutorial.py
[2024-08-09T02:10:59.647+0000] {processor.py:840} INFO - DAG(s) 'tutorial' retrieved from /home/airflow/.local/lib/python3.12/site-packages/airflow/example_dags/tutorial.py
[2024-08-09T02:10:59.703+0000] {logging_mixin.py:188} INFO - [2024-08-09T02:10:59.703+0000] {dag.py:3089} INFO - Sync 1 DAGs
[2024-08-09T02:10:59.738+0000] {logging_mixin.py:188} INFO - [2024-08-09T02:10:59.738+0000] {dag.py:3947} INFO - Setting next_dagrun for tutorial to 2024-08-08 00:00:00+00:00, run_after=2024-08-09 00:00:00+00:00
[2024-08-09T02:10:59.775+0000] {processor.py:183} INFO - Processing /home/airflow/.local/lib/python3.12/site-packages/airflow/example_dags/tutorial.py took 0.169 seconds
[2024-08-09T02:11:30.410+0000] {processor.py:161} INFO - Started process (PID=4203) to work on /home/airflow/.local/lib/python3.12/site-packages/airflow/example_dags/tutorial.py
[2024-08-09T02:11:30.412+0000] {processor.py:830} INFO - Processing file /home/airflow/.local/lib/python3.12/site-packages/airflow/example_dags/tutorial.py for tasks to queue
[2024-08-09T02:11:30.418+0000] {logging_mixin.py:188} INFO - [2024-08-09T02:11:30.417+0000] {dagbag.py:545} INFO - Filling up the DagBag from /home/airflow/.local/lib/python3.12/site-packages/airflow/example_dags/tutorial.py
[2024-08-09T02:11:30.438+0000] {processor.py:840} INFO - DAG(s) 'tutorial' retrieved from /home/airflow/.local/lib/python3.12/site-packages/airflow/example_dags/tutorial.py
[2024-08-09T02:11:30.516+0000] {logging_mixin.py:188} INFO - [2024-08-09T02:11:30.515+0000] {dag.py:3089} INFO - Sync 1 DAGs
[2024-08-09T02:11:30.597+0000] {logging_mixin.py:188} INFO - [2024-08-09T02:11:30.597+0000] {dag.py:3947} INFO - Setting next_dagrun for tutorial to 2024-08-08 00:00:00+00:00, run_after=2024-08-09 00:00:00+00:00
[2024-08-09T02:11:30.678+0000] {processor.py:183} INFO - Processing /home/airflow/.local/lib/python3.12/site-packages/airflow/example_dags/tutorial.py took 0.286 seconds
[2024-08-09T02:12:00.917+0000] {processor.py:161} INFO - Started process (PID=4261) to work on /home/airflow/.local/lib/python3.12/site-packages/airflow/example_dags/tutorial.py
[2024-08-09T02:12:00.921+0000] {processor.py:830} INFO - Processing file /home/airflow/.local/lib/python3.12/site-packages/airflow/example_dags/tutorial.py for tasks to queue
[2024-08-09T02:12:00.935+0000] {logging_mixin.py:188} INFO - [2024-08-09T02:12:00.934+0000] {dagbag.py:545} INFO - Filling up the DagBag from /home/airflow/.local/lib/python3.12/site-packages/airflow/example_dags/tutorial.py
[2024-08-09T02:12:00.963+0000] {processor.py:840} INFO - DAG(s) 'tutorial' retrieved from /home/airflow/.local/lib/python3.12/site-packages/airflow/example_dags/tutorial.py
[2024-08-09T02:12:01.039+0000] {logging_mixin.py:188} INFO - [2024-08-09T02:12:01.037+0000] {dag.py:3089} INFO - Sync 1 DAGs
[2024-08-09T02:12:01.114+0000] {logging_mixin.py:188} INFO - [2024-08-09T02:12:01.113+0000] {dag.py:3947} INFO - Setting next_dagrun for tutorial to 2024-08-08 00:00:00+00:00, run_after=2024-08-09 00:00:00+00:00
[2024-08-09T02:12:01.169+0000] {processor.py:183} INFO - Processing /home/airflow/.local/lib/python3.12/site-packages/airflow/example_dags/tutorial.py took 0.281 seconds
[2024-08-09T02:12:31.880+0000] {processor.py:161} INFO - Started process (PID=4319) to work on /home/airflow/.local/lib/python3.12/site-packages/airflow/example_dags/tutorial.py
[2024-08-09T02:12:31.891+0000] {processor.py:830} INFO - Processing file /home/airflow/.local/lib/python3.12/site-packages/airflow/example_dags/tutorial.py for tasks to queue
[2024-08-09T02:12:31.938+0000] {logging_mixin.py:188} INFO - [2024-08-09T02:12:31.937+0000] {dagbag.py:545} INFO - Filling up the DagBag from /home/airflow/.local/lib/python3.12/site-packages/airflow/example_dags/tutorial.py
[2024-08-09T02:12:31.982+0000] {processor.py:840} INFO - DAG(s) 'tutorial' retrieved from /home/airflow/.local/lib/python3.12/site-packages/airflow/example_dags/tutorial.py
[2024-08-09T02:12:32.215+0000] {logging_mixin.py:188} INFO - [2024-08-09T02:12:32.215+0000] {dag.py:3089} INFO - Sync 1 DAGs
[2024-08-09T02:12:32.273+0000] {logging_mixin.py:188} INFO - [2024-08-09T02:12:32.272+0000] {dag.py:3947} INFO - Setting next_dagrun for tutorial to 2024-08-08 00:00:00+00:00, run_after=2024-08-09 00:00:00+00:00
[2024-08-09T02:12:32.344+0000] {processor.py:183} INFO - Processing /home/airflow/.local/lib/python3.12/site-packages/airflow/example_dags/tutorial.py took 0.510 seconds
[2024-08-09T02:13:03.575+0000] {processor.py:161} INFO - Started process (PID=4379) to work on /home/airflow/.local/lib/python3.12/site-packages/airflow/example_dags/tutorial.py
[2024-08-09T02:13:03.578+0000] {processor.py:830} INFO - Processing file /home/airflow/.local/lib/python3.12/site-packages/airflow/example_dags/tutorial.py for tasks to queue
[2024-08-09T02:13:03.591+0000] {logging_mixin.py:188} INFO - [2024-08-09T02:13:03.586+0000] {dagbag.py:545} INFO - Filling up the DagBag from /home/airflow/.local/lib/python3.12/site-packages/airflow/example_dags/tutorial.py
[2024-08-09T02:13:03.632+0000] {processor.py:840} INFO - DAG(s) 'tutorial' retrieved from /home/airflow/.local/lib/python3.12/site-packages/airflow/example_dags/tutorial.py
[2024-08-09T02:13:03.824+0000] {logging_mixin.py:188} INFO - [2024-08-09T02:13:03.823+0000] {dag.py:3089} INFO - Sync 1 DAGs
[2024-08-09T02:13:03.897+0000] {logging_mixin.py:188} INFO - [2024-08-09T02:13:03.896+0000] {dag.py:3947} INFO - Setting next_dagrun for tutorial to 2024-08-08 00:00:00+00:00, run_after=2024-08-09 00:00:00+00:00
[2024-08-09T02:13:03.947+0000] {processor.py:183} INFO - Processing /home/airflow/.local/lib/python3.12/site-packages/airflow/example_dags/tutorial.py took 0.397 seconds
[2024-08-09T02:13:34.612+0000] {processor.py:161} INFO - Started process (PID=4436) to work on /home/airflow/.local/lib/python3.12/site-packages/airflow/example_dags/tutorial.py
[2024-08-09T02:13:34.615+0000] {processor.py:830} INFO - Processing file /home/airflow/.local/lib/python3.12/site-packages/airflow/example_dags/tutorial.py for tasks to queue
[2024-08-09T02:13:34.631+0000] {logging_mixin.py:188} INFO - [2024-08-09T02:13:34.631+0000] {dagbag.py:545} INFO - Filling up the DagBag from /home/airflow/.local/lib/python3.12/site-packages/airflow/example_dags/tutorial.py
[2024-08-09T02:13:34.677+0000] {processor.py:840} INFO - DAG(s) 'tutorial' retrieved from /home/airflow/.local/lib/python3.12/site-packages/airflow/example_dags/tutorial.py
[2024-08-09T02:13:34.751+0000] {logging_mixin.py:188} INFO - [2024-08-09T02:13:34.751+0000] {dag.py:3089} INFO - Sync 1 DAGs
[2024-08-09T02:13:34.825+0000] {logging_mixin.py:188} INFO - [2024-08-09T02:13:34.825+0000] {dag.py:3947} INFO - Setting next_dagrun for tutorial to 2024-08-08 00:00:00+00:00, run_after=2024-08-09 00:00:00+00:00
[2024-08-09T02:13:34.865+0000] {processor.py:183} INFO - Processing /home/airflow/.local/lib/python3.12/site-packages/airflow/example_dags/tutorial.py took 0.299 seconds
[2024-08-09T02:14:05.082+0000] {processor.py:161} INFO - Started process (PID=4500) to work on /home/airflow/.local/lib/python3.12/site-packages/airflow/example_dags/tutorial.py
[2024-08-09T02:14:05.084+0000] {processor.py:830} INFO - Processing file /home/airflow/.local/lib/python3.12/site-packages/airflow/example_dags/tutorial.py for tasks to queue
[2024-08-09T02:14:05.091+0000] {logging_mixin.py:188} INFO - [2024-08-09T02:14:05.090+0000] {dagbag.py:545} INFO - Filling up the DagBag from /home/airflow/.local/lib/python3.12/site-packages/airflow/example_dags/tutorial.py
[2024-08-09T02:14:05.108+0000] {processor.py:840} INFO - DAG(s) 'tutorial' retrieved from /home/airflow/.local/lib/python3.12/site-packages/airflow/example_dags/tutorial.py
[2024-08-09T02:14:05.181+0000] {logging_mixin.py:188} INFO - [2024-08-09T02:14:05.180+0000] {dag.py:3089} INFO - Sync 1 DAGs
[2024-08-09T02:14:05.236+0000] {logging_mixin.py:188} INFO - [2024-08-09T02:14:05.236+0000] {dag.py:3947} INFO - Setting next_dagrun for tutorial to 2024-08-08 00:00:00+00:00, run_after=2024-08-09 00:00:00+00:00
[2024-08-09T02:14:05.279+0000] {processor.py:183} INFO - Processing /home/airflow/.local/lib/python3.12/site-packages/airflow/example_dags/tutorial.py took 0.219 seconds
[2024-08-09T02:14:35.489+0000] {processor.py:161} INFO - Started process (PID=4558) to work on /home/airflow/.local/lib/python3.12/site-packages/airflow/example_dags/tutorial.py
[2024-08-09T02:14:35.493+0000] {processor.py:830} INFO - Processing file /home/airflow/.local/lib/python3.12/site-packages/airflow/example_dags/tutorial.py for tasks to queue
[2024-08-09T02:14:35.505+0000] {logging_mixin.py:188} INFO - [2024-08-09T02:14:35.504+0000] {dagbag.py:545} INFO - Filling up the DagBag from /home/airflow/.local/lib/python3.12/site-packages/airflow/example_dags/tutorial.py
[2024-08-09T02:14:35.524+0000] {processor.py:840} INFO - DAG(s) 'tutorial' retrieved from /home/airflow/.local/lib/python3.12/site-packages/airflow/example_dags/tutorial.py
[2024-08-09T02:14:35.590+0000] {logging_mixin.py:188} INFO - [2024-08-09T02:14:35.589+0000] {dag.py:3089} INFO - Sync 1 DAGs
[2024-08-09T02:14:35.645+0000] {logging_mixin.py:188} INFO - [2024-08-09T02:14:35.644+0000] {dag.py:3947} INFO - Setting next_dagrun for tutorial to 2024-08-08 00:00:00+00:00, run_after=2024-08-09 00:00:00+00:00
[2024-08-09T02:14:35.688+0000] {processor.py:183} INFO - Processing /home/airflow/.local/lib/python3.12/site-packages/airflow/example_dags/tutorial.py took 0.218 seconds
[2024-08-09T02:15:05.992+0000] {processor.py:161} INFO - Started process (PID=4616) to work on /home/airflow/.local/lib/python3.12/site-packages/airflow/example_dags/tutorial.py
[2024-08-09T02:15:05.996+0000] {processor.py:830} INFO - Processing file /home/airflow/.local/lib/python3.12/site-packages/airflow/example_dags/tutorial.py for tasks to queue
[2024-08-09T02:15:06.003+0000] {logging_mixin.py:188} INFO - [2024-08-09T02:15:06.002+0000] {dagbag.py:545} INFO - Filling up the DagBag from /home/airflow/.local/lib/python3.12/site-packages/airflow/example_dags/tutorial.py
[2024-08-09T02:15:06.021+0000] {processor.py:840} INFO - DAG(s) 'tutorial' retrieved from /home/airflow/.local/lib/python3.12/site-packages/airflow/example_dags/tutorial.py
[2024-08-09T02:15:06.107+0000] {logging_mixin.py:188} INFO - [2024-08-09T02:15:06.106+0000] {dag.py:3089} INFO - Sync 1 DAGs
[2024-08-09T02:15:06.250+0000] {logging_mixin.py:188} INFO - [2024-08-09T02:15:06.243+0000] {dag.py:3947} INFO - Setting next_dagrun for tutorial to 2024-08-08 00:00:00+00:00, run_after=2024-08-09 00:00:00+00:00
[2024-08-09T02:15:06.351+0000] {processor.py:183} INFO - Processing /home/airflow/.local/lib/python3.12/site-packages/airflow/example_dags/tutorial.py took 0.377 seconds
[2024-08-09T02:15:36.750+0000] {processor.py:161} INFO - Started process (PID=4674) to work on /home/airflow/.local/lib/python3.12/site-packages/airflow/example_dags/tutorial.py
[2024-08-09T02:15:36.754+0000] {processor.py:830} INFO - Processing file /home/airflow/.local/lib/python3.12/site-packages/airflow/example_dags/tutorial.py for tasks to queue
[2024-08-09T02:15:36.760+0000] {logging_mixin.py:188} INFO - [2024-08-09T02:15:36.759+0000] {dagbag.py:545} INFO - Filling up the DagBag from /home/airflow/.local/lib/python3.12/site-packages/airflow/example_dags/tutorial.py
[2024-08-09T02:15:36.777+0000] {processor.py:840} INFO - DAG(s) 'tutorial' retrieved from /home/airflow/.local/lib/python3.12/site-packages/airflow/example_dags/tutorial.py
[2024-08-09T02:15:36.829+0000] {logging_mixin.py:188} INFO - [2024-08-09T02:15:36.829+0000] {dag.py:3089} INFO - Sync 1 DAGs
[2024-08-09T02:15:36.870+0000] {logging_mixin.py:188} INFO - [2024-08-09T02:15:36.869+0000] {dag.py:3947} INFO - Setting next_dagrun for tutorial to 2024-08-08 00:00:00+00:00, run_after=2024-08-09 00:00:00+00:00
[2024-08-09T02:15:36.909+0000] {processor.py:183} INFO - Processing /home/airflow/.local/lib/python3.12/site-packages/airflow/example_dags/tutorial.py took 0.175 seconds
[2024-08-09T02:16:07.601+0000] {processor.py:161} INFO - Started process (PID=4732) to work on /home/airflow/.local/lib/python3.12/site-packages/airflow/example_dags/tutorial.py
[2024-08-09T02:16:07.604+0000] {processor.py:830} INFO - Processing file /home/airflow/.local/lib/python3.12/site-packages/airflow/example_dags/tutorial.py for tasks to queue
[2024-08-09T02:16:07.610+0000] {logging_mixin.py:188} INFO - [2024-08-09T02:16:07.609+0000] {dagbag.py:545} INFO - Filling up the DagBag from /home/airflow/.local/lib/python3.12/site-packages/airflow/example_dags/tutorial.py
[2024-08-09T02:16:07.632+0000] {processor.py:840} INFO - DAG(s) 'tutorial' retrieved from /home/airflow/.local/lib/python3.12/site-packages/airflow/example_dags/tutorial.py
[2024-08-09T02:16:07.697+0000] {logging_mixin.py:188} INFO - [2024-08-09T02:16:07.697+0000] {dag.py:3089} INFO - Sync 1 DAGs
[2024-08-09T02:16:07.764+0000] {logging_mixin.py:188} INFO - [2024-08-09T02:16:07.764+0000] {dag.py:3947} INFO - Setting next_dagrun for tutorial to 2024-08-08 00:00:00+00:00, run_after=2024-08-09 00:00:00+00:00
[2024-08-09T02:16:07.824+0000] {processor.py:183} INFO - Processing /home/airflow/.local/lib/python3.12/site-packages/airflow/example_dags/tutorial.py took 0.243 seconds
