[2024-08-09T01:42:29.703+0000] {processor.py:161} INFO - Started process (PID=989) to work on /home/airflow/.local/lib/python3.12/site-packages/airflow/example_dags/tutorial_taskflow_api.py
[2024-08-09T01:42:29.705+0000] {processor.py:830} INFO - Processing file /home/airflow/.local/lib/python3.12/site-packages/airflow/example_dags/tutorial_taskflow_api.py for tasks to queue
[2024-08-09T01:42:29.710+0000] {logging_mixin.py:188} INFO - [2024-08-09T01:42:29.709+0000] {dagbag.py:545} INFO - Filling up the DagBag from /home/airflow/.local/lib/python3.12/site-packages/airflow/example_dags/tutorial_taskflow_api.py
[2024-08-09T01:42:29.730+0000] {processor.py:840} INFO - DAG(s) 'tutorial_taskflow_api' retrieved from /home/airflow/.local/lib/python3.12/site-packages/airflow/example_dags/tutorial_taskflow_api.py
[2024-08-09T01:42:29.885+0000] {logging_mixin.py:188} INFO - [2024-08-09T01:42:29.885+0000] {dag.py:3089} INFO - Sync 1 DAGs
[2024-08-09T01:42:29.957+0000] {logging_mixin.py:188} INFO - [2024-08-09T01:42:29.957+0000] {dag.py:3947} INFO - Setting next_dagrun for tutorial_taskflow_api to None, run_after=None
[2024-08-09T01:42:30.007+0000] {processor.py:183} INFO - Processing /home/airflow/.local/lib/python3.12/site-packages/airflow/example_dags/tutorial_taskflow_api.py took 0.320 seconds
[2024-08-09T01:43:00.488+0000] {processor.py:161} INFO - Started process (PID=1048) to work on /home/airflow/.local/lib/python3.12/site-packages/airflow/example_dags/tutorial_taskflow_api.py
[2024-08-09T01:43:00.491+0000] {processor.py:830} INFO - Processing file /home/airflow/.local/lib/python3.12/site-packages/airflow/example_dags/tutorial_taskflow_api.py for tasks to queue
[2024-08-09T01:43:00.497+0000] {logging_mixin.py:188} INFO - [2024-08-09T01:43:00.496+0000] {dagbag.py:545} INFO - Filling up the DagBag from /home/airflow/.local/lib/python3.12/site-packages/airflow/example_dags/tutorial_taskflow_api.py
[2024-08-09T01:43:00.520+0000] {processor.py:840} INFO - DAG(s) 'tutorial_taskflow_api' retrieved from /home/airflow/.local/lib/python3.12/site-packages/airflow/example_dags/tutorial_taskflow_api.py
[2024-08-09T01:43:00.590+0000] {logging_mixin.py:188} INFO - [2024-08-09T01:43:00.590+0000] {dag.py:3089} INFO - Sync 1 DAGs
[2024-08-09T01:43:00.628+0000] {logging_mixin.py:188} INFO - [2024-08-09T01:43:00.628+0000] {dag.py:3947} INFO - Setting next_dagrun for tutorial_taskflow_api to None, run_after=None
[2024-08-09T01:43:00.695+0000] {processor.py:183} INFO - Processing /home/airflow/.local/lib/python3.12/site-packages/airflow/example_dags/tutorial_taskflow_api.py took 0.227 seconds
[2024-08-09T01:43:31.520+0000] {processor.py:161} INFO - Started process (PID=1106) to work on /home/airflow/.local/lib/python3.12/site-packages/airflow/example_dags/tutorial_taskflow_api.py
[2024-08-09T01:43:31.523+0000] {processor.py:830} INFO - Processing file /home/airflow/.local/lib/python3.12/site-packages/airflow/example_dags/tutorial_taskflow_api.py for tasks to queue
[2024-08-09T01:43:31.528+0000] {logging_mixin.py:188} INFO - [2024-08-09T01:43:31.527+0000] {dagbag.py:545} INFO - Filling up the DagBag from /home/airflow/.local/lib/python3.12/site-packages/airflow/example_dags/tutorial_taskflow_api.py
[2024-08-09T01:43:31.550+0000] {processor.py:840} INFO - DAG(s) 'tutorial_taskflow_api' retrieved from /home/airflow/.local/lib/python3.12/site-packages/airflow/example_dags/tutorial_taskflow_api.py
[2024-08-09T01:43:31.713+0000] {logging_mixin.py:188} INFO - [2024-08-09T01:43:31.708+0000] {dag.py:3089} INFO - Sync 1 DAGs
[2024-08-09T01:43:31.821+0000] {logging_mixin.py:188} INFO - [2024-08-09T01:43:31.821+0000] {dag.py:3947} INFO - Setting next_dagrun for tutorial_taskflow_api to None, run_after=None
[2024-08-09T01:43:31.954+0000] {processor.py:183} INFO - Processing /home/airflow/.local/lib/python3.12/site-packages/airflow/example_dags/tutorial_taskflow_api.py took 0.479 seconds
[2024-08-09T01:44:02.557+0000] {processor.py:161} INFO - Started process (PID=1164) to work on /home/airflow/.local/lib/python3.12/site-packages/airflow/example_dags/tutorial_taskflow_api.py
[2024-08-09T01:44:02.560+0000] {processor.py:830} INFO - Processing file /home/airflow/.local/lib/python3.12/site-packages/airflow/example_dags/tutorial_taskflow_api.py for tasks to queue
[2024-08-09T01:44:02.570+0000] {logging_mixin.py:188} INFO - [2024-08-09T01:44:02.568+0000] {dagbag.py:545} INFO - Filling up the DagBag from /home/airflow/.local/lib/python3.12/site-packages/airflow/example_dags/tutorial_taskflow_api.py
[2024-08-09T01:44:02.595+0000] {processor.py:840} INFO - DAG(s) 'tutorial_taskflow_api' retrieved from /home/airflow/.local/lib/python3.12/site-packages/airflow/example_dags/tutorial_taskflow_api.py
[2024-08-09T01:44:02.691+0000] {logging_mixin.py:188} INFO - [2024-08-09T01:44:02.690+0000] {dag.py:3089} INFO - Sync 1 DAGs
[2024-08-09T01:44:02.750+0000] {logging_mixin.py:188} INFO - [2024-08-09T01:44:02.750+0000] {dag.py:3947} INFO - Setting next_dagrun for tutorial_taskflow_api to None, run_after=None
[2024-08-09T01:44:02.806+0000] {processor.py:183} INFO - Processing /home/airflow/.local/lib/python3.12/site-packages/airflow/example_dags/tutorial_taskflow_api.py took 0.287 seconds
[2024-08-09T01:44:33.386+0000] {processor.py:161} INFO - Started process (PID=1222) to work on /home/airflow/.local/lib/python3.12/site-packages/airflow/example_dags/tutorial_taskflow_api.py
[2024-08-09T01:44:33.389+0000] {processor.py:830} INFO - Processing file /home/airflow/.local/lib/python3.12/site-packages/airflow/example_dags/tutorial_taskflow_api.py for tasks to queue
[2024-08-09T01:44:33.395+0000] {logging_mixin.py:188} INFO - [2024-08-09T01:44:33.393+0000] {dagbag.py:545} INFO - Filling up the DagBag from /home/airflow/.local/lib/python3.12/site-packages/airflow/example_dags/tutorial_taskflow_api.py
[2024-08-09T01:44:33.421+0000] {processor.py:840} INFO - DAG(s) 'tutorial_taskflow_api' retrieved from /home/airflow/.local/lib/python3.12/site-packages/airflow/example_dags/tutorial_taskflow_api.py
[2024-08-09T01:44:33.499+0000] {logging_mixin.py:188} INFO - [2024-08-09T01:44:33.499+0000] {dag.py:3089} INFO - Sync 1 DAGs
[2024-08-09T01:44:33.548+0000] {logging_mixin.py:188} INFO - [2024-08-09T01:44:33.548+0000] {dag.py:3947} INFO - Setting next_dagrun for tutorial_taskflow_api to None, run_after=None
[2024-08-09T01:44:33.649+0000] {processor.py:183} INFO - Processing /home/airflow/.local/lib/python3.12/site-packages/airflow/example_dags/tutorial_taskflow_api.py took 0.282 seconds
[2024-08-09T01:45:03.818+0000] {processor.py:161} INFO - Started process (PID=1280) to work on /home/airflow/.local/lib/python3.12/site-packages/airflow/example_dags/tutorial_taskflow_api.py
[2024-08-09T01:45:03.822+0000] {processor.py:830} INFO - Processing file /home/airflow/.local/lib/python3.12/site-packages/airflow/example_dags/tutorial_taskflow_api.py for tasks to queue
[2024-08-09T01:45:03.829+0000] {logging_mixin.py:188} INFO - [2024-08-09T01:45:03.828+0000] {dagbag.py:545} INFO - Filling up the DagBag from /home/airflow/.local/lib/python3.12/site-packages/airflow/example_dags/tutorial_taskflow_api.py
[2024-08-09T01:45:03.864+0000] {processor.py:840} INFO - DAG(s) 'tutorial_taskflow_api' retrieved from /home/airflow/.local/lib/python3.12/site-packages/airflow/example_dags/tutorial_taskflow_api.py
[2024-08-09T01:45:03.957+0000] {logging_mixin.py:188} INFO - [2024-08-09T01:45:03.956+0000] {dag.py:3089} INFO - Sync 1 DAGs
[2024-08-09T01:45:04.014+0000] {logging_mixin.py:188} INFO - [2024-08-09T01:45:04.013+0000] {dag.py:3947} INFO - Setting next_dagrun for tutorial_taskflow_api to None, run_after=None
[2024-08-09T01:45:04.069+0000] {processor.py:183} INFO - Processing /home/airflow/.local/lib/python3.12/site-packages/airflow/example_dags/tutorial_taskflow_api.py took 0.278 seconds
[2024-08-09T01:45:35.006+0000] {processor.py:161} INFO - Started process (PID=1337) to work on /home/airflow/.local/lib/python3.12/site-packages/airflow/example_dags/tutorial_taskflow_api.py
[2024-08-09T01:45:35.010+0000] {processor.py:830} INFO - Processing file /home/airflow/.local/lib/python3.12/site-packages/airflow/example_dags/tutorial_taskflow_api.py for tasks to queue
[2024-08-09T01:45:35.015+0000] {logging_mixin.py:188} INFO - [2024-08-09T01:45:35.014+0000] {dagbag.py:545} INFO - Filling up the DagBag from /home/airflow/.local/lib/python3.12/site-packages/airflow/example_dags/tutorial_taskflow_api.py
[2024-08-09T01:45:35.035+0000] {processor.py:840} INFO - DAG(s) 'tutorial_taskflow_api' retrieved from /home/airflow/.local/lib/python3.12/site-packages/airflow/example_dags/tutorial_taskflow_api.py
[2024-08-09T01:45:35.090+0000] {logging_mixin.py:188} INFO - [2024-08-09T01:45:35.089+0000] {dag.py:3089} INFO - Sync 1 DAGs
[2024-08-09T01:45:35.118+0000] {logging_mixin.py:188} INFO - [2024-08-09T01:45:35.118+0000] {dag.py:3947} INFO - Setting next_dagrun for tutorial_taskflow_api to None, run_after=None
[2024-08-09T01:45:35.157+0000] {processor.py:183} INFO - Processing /home/airflow/.local/lib/python3.12/site-packages/airflow/example_dags/tutorial_taskflow_api.py took 0.172 seconds
[2024-08-09T01:46:05.570+0000] {processor.py:161} INFO - Started process (PID=1395) to work on /home/airflow/.local/lib/python3.12/site-packages/airflow/example_dags/tutorial_taskflow_api.py
[2024-08-09T01:46:05.573+0000] {processor.py:830} INFO - Processing file /home/airflow/.local/lib/python3.12/site-packages/airflow/example_dags/tutorial_taskflow_api.py for tasks to queue
[2024-08-09T01:46:05.581+0000] {logging_mixin.py:188} INFO - [2024-08-09T01:46:05.579+0000] {dagbag.py:545} INFO - Filling up the DagBag from /home/airflow/.local/lib/python3.12/site-packages/airflow/example_dags/tutorial_taskflow_api.py
[2024-08-09T01:46:05.606+0000] {processor.py:840} INFO - DAG(s) 'tutorial_taskflow_api' retrieved from /home/airflow/.local/lib/python3.12/site-packages/airflow/example_dags/tutorial_taskflow_api.py
[2024-08-09T01:46:05.671+0000] {logging_mixin.py:188} INFO - [2024-08-09T01:46:05.670+0000] {dag.py:3089} INFO - Sync 1 DAGs
[2024-08-09T01:46:05.707+0000] {logging_mixin.py:188} INFO - [2024-08-09T01:46:05.707+0000] {dag.py:3947} INFO - Setting next_dagrun for tutorial_taskflow_api to None, run_after=None
[2024-08-09T01:46:05.742+0000] {processor.py:183} INFO - Processing /home/airflow/.local/lib/python3.12/site-packages/airflow/example_dags/tutorial_taskflow_api.py took 0.192 seconds
[2024-08-09T01:46:35.819+0000] {processor.py:161} INFO - Started process (PID=1451) to work on /home/airflow/.local/lib/python3.12/site-packages/airflow/example_dags/tutorial_taskflow_api.py
[2024-08-09T01:46:35.821+0000] {processor.py:830} INFO - Processing file /home/airflow/.local/lib/python3.12/site-packages/airflow/example_dags/tutorial_taskflow_api.py for tasks to queue
[2024-08-09T01:46:35.826+0000] {logging_mixin.py:188} INFO - [2024-08-09T01:46:35.825+0000] {dagbag.py:545} INFO - Filling up the DagBag from /home/airflow/.local/lib/python3.12/site-packages/airflow/example_dags/tutorial_taskflow_api.py
[2024-08-09T01:46:35.846+0000] {processor.py:840} INFO - DAG(s) 'tutorial_taskflow_api' retrieved from /home/airflow/.local/lib/python3.12/site-packages/airflow/example_dags/tutorial_taskflow_api.py
[2024-08-09T01:46:35.913+0000] {logging_mixin.py:188} INFO - [2024-08-09T01:46:35.913+0000] {dag.py:3089} INFO - Sync 1 DAGs
[2024-08-09T01:46:35.944+0000] {logging_mixin.py:188} INFO - [2024-08-09T01:46:35.943+0000] {dag.py:3947} INFO - Setting next_dagrun for tutorial_taskflow_api to None, run_after=None
[2024-08-09T01:46:35.979+0000] {processor.py:183} INFO - Processing /home/airflow/.local/lib/python3.12/site-packages/airflow/example_dags/tutorial_taskflow_api.py took 0.177 seconds
[2024-08-09T01:47:07.054+0000] {processor.py:161} INFO - Started process (PID=1510) to work on /home/airflow/.local/lib/python3.12/site-packages/airflow/example_dags/tutorial_taskflow_api.py
[2024-08-09T01:47:07.063+0000] {processor.py:830} INFO - Processing file /home/airflow/.local/lib/python3.12/site-packages/airflow/example_dags/tutorial_taskflow_api.py for tasks to queue
[2024-08-09T01:47:07.091+0000] {logging_mixin.py:188} INFO - [2024-08-09T01:47:07.088+0000] {dagbag.py:545} INFO - Filling up the DagBag from /home/airflow/.local/lib/python3.12/site-packages/airflow/example_dags/tutorial_taskflow_api.py
[2024-08-09T01:47:07.132+0000] {processor.py:840} INFO - DAG(s) 'tutorial_taskflow_api' retrieved from /home/airflow/.local/lib/python3.12/site-packages/airflow/example_dags/tutorial_taskflow_api.py
[2024-08-09T01:47:07.285+0000] {logging_mixin.py:188} INFO - [2024-08-09T01:47:07.283+0000] {dag.py:3089} INFO - Sync 1 DAGs
[2024-08-09T01:47:07.447+0000] {logging_mixin.py:188} INFO - [2024-08-09T01:47:07.447+0000] {dag.py:3947} INFO - Setting next_dagrun for tutorial_taskflow_api to None, run_after=None
[2024-08-09T01:47:07.582+0000] {processor.py:183} INFO - Processing /home/airflow/.local/lib/python3.12/site-packages/airflow/example_dags/tutorial_taskflow_api.py took 0.591 seconds
[2024-08-09T01:47:40.265+0000] {processor.py:161} INFO - Started process (PID=1568) to work on /home/airflow/.local/lib/python3.12/site-packages/airflow/example_dags/tutorial_taskflow_api.py
[2024-08-09T01:47:40.270+0000] {processor.py:830} INFO - Processing file /home/airflow/.local/lib/python3.12/site-packages/airflow/example_dags/tutorial_taskflow_api.py for tasks to queue
[2024-08-09T01:47:40.287+0000] {logging_mixin.py:188} INFO - [2024-08-09T01:47:40.285+0000] {dagbag.py:545} INFO - Filling up the DagBag from /home/airflow/.local/lib/python3.12/site-packages/airflow/example_dags/tutorial_taskflow_api.py
[2024-08-09T01:47:40.362+0000] {processor.py:840} INFO - DAG(s) 'tutorial_taskflow_api' retrieved from /home/airflow/.local/lib/python3.12/site-packages/airflow/example_dags/tutorial_taskflow_api.py
[2024-08-09T01:47:40.480+0000] {logging_mixin.py:188} INFO - [2024-08-09T01:47:40.480+0000] {dag.py:3089} INFO - Sync 1 DAGs
[2024-08-09T01:47:40.537+0000] {logging_mixin.py:188} INFO - [2024-08-09T01:47:40.536+0000] {dag.py:3947} INFO - Setting next_dagrun for tutorial_taskflow_api to None, run_after=None
[2024-08-09T01:47:40.600+0000] {processor.py:183} INFO - Processing /home/airflow/.local/lib/python3.12/site-packages/airflow/example_dags/tutorial_taskflow_api.py took 0.377 seconds
[2024-08-09T01:48:11.316+0000] {processor.py:161} INFO - Started process (PID=1626) to work on /home/airflow/.local/lib/python3.12/site-packages/airflow/example_dags/tutorial_taskflow_api.py
[2024-08-09T01:48:11.321+0000] {processor.py:830} INFO - Processing file /home/airflow/.local/lib/python3.12/site-packages/airflow/example_dags/tutorial_taskflow_api.py for tasks to queue
[2024-08-09T01:48:11.328+0000] {logging_mixin.py:188} INFO - [2024-08-09T01:48:11.327+0000] {dagbag.py:545} INFO - Filling up the DagBag from /home/airflow/.local/lib/python3.12/site-packages/airflow/example_dags/tutorial_taskflow_api.py
[2024-08-09T01:48:11.351+0000] {processor.py:840} INFO - DAG(s) 'tutorial_taskflow_api' retrieved from /home/airflow/.local/lib/python3.12/site-packages/airflow/example_dags/tutorial_taskflow_api.py
[2024-08-09T01:48:11.409+0000] {logging_mixin.py:188} INFO - [2024-08-09T01:48:11.408+0000] {dag.py:3089} INFO - Sync 1 DAGs
[2024-08-09T01:48:11.435+0000] {logging_mixin.py:188} INFO - [2024-08-09T01:48:11.434+0000] {dag.py:3947} INFO - Setting next_dagrun for tutorial_taskflow_api to None, run_after=None
[2024-08-09T01:48:11.473+0000] {processor.py:183} INFO - Processing /home/airflow/.local/lib/python3.12/site-packages/airflow/example_dags/tutorial_taskflow_api.py took 0.181 seconds
[2024-08-09T01:48:42.069+0000] {processor.py:161} INFO - Started process (PID=1683) to work on /home/airflow/.local/lib/python3.12/site-packages/airflow/example_dags/tutorial_taskflow_api.py
[2024-08-09T01:48:42.072+0000] {processor.py:830} INFO - Processing file /home/airflow/.local/lib/python3.12/site-packages/airflow/example_dags/tutorial_taskflow_api.py for tasks to queue
[2024-08-09T01:48:42.083+0000] {logging_mixin.py:188} INFO - [2024-08-09T01:48:42.082+0000] {dagbag.py:545} INFO - Filling up the DagBag from /home/airflow/.local/lib/python3.12/site-packages/airflow/example_dags/tutorial_taskflow_api.py
[2024-08-09T01:48:42.112+0000] {processor.py:840} INFO - DAG(s) 'tutorial_taskflow_api' retrieved from /home/airflow/.local/lib/python3.12/site-packages/airflow/example_dags/tutorial_taskflow_api.py
[2024-08-09T01:48:42.197+0000] {logging_mixin.py:188} INFO - [2024-08-09T01:48:42.197+0000] {dag.py:3089} INFO - Sync 1 DAGs
[2024-08-09T01:48:42.269+0000] {logging_mixin.py:188} INFO - [2024-08-09T01:48:42.268+0000] {dag.py:3947} INFO - Setting next_dagrun for tutorial_taskflow_api to None, run_after=None
[2024-08-09T01:48:42.344+0000] {processor.py:183} INFO - Processing /home/airflow/.local/lib/python3.12/site-packages/airflow/example_dags/tutorial_taskflow_api.py took 0.302 seconds
[2024-08-09T01:49:13.542+0000] {processor.py:161} INFO - Started process (PID=1742) to work on /home/airflow/.local/lib/python3.12/site-packages/airflow/example_dags/tutorial_taskflow_api.py
[2024-08-09T01:49:13.547+0000] {processor.py:830} INFO - Processing file /home/airflow/.local/lib/python3.12/site-packages/airflow/example_dags/tutorial_taskflow_api.py for tasks to queue
[2024-08-09T01:49:13.556+0000] {logging_mixin.py:188} INFO - [2024-08-09T01:49:13.555+0000] {dagbag.py:545} INFO - Filling up the DagBag from /home/airflow/.local/lib/python3.12/site-packages/airflow/example_dags/tutorial_taskflow_api.py
[2024-08-09T01:49:13.586+0000] {processor.py:840} INFO - DAG(s) 'tutorial_taskflow_api' retrieved from /home/airflow/.local/lib/python3.12/site-packages/airflow/example_dags/tutorial_taskflow_api.py
[2024-08-09T01:49:13.691+0000] {logging_mixin.py:188} INFO - [2024-08-09T01:49:13.690+0000] {dag.py:3089} INFO - Sync 1 DAGs
[2024-08-09T01:49:13.741+0000] {logging_mixin.py:188} INFO - [2024-08-09T01:49:13.741+0000] {dag.py:3947} INFO - Setting next_dagrun for tutorial_taskflow_api to None, run_after=None
[2024-08-09T01:49:13.819+0000] {processor.py:183} INFO - Processing /home/airflow/.local/lib/python3.12/site-packages/airflow/example_dags/tutorial_taskflow_api.py took 0.321 seconds
[2024-08-09T01:49:45.295+0000] {processor.py:161} INFO - Started process (PID=1800) to work on /home/airflow/.local/lib/python3.12/site-packages/airflow/example_dags/tutorial_taskflow_api.py
[2024-08-09T01:49:45.298+0000] {processor.py:830} INFO - Processing file /home/airflow/.local/lib/python3.12/site-packages/airflow/example_dags/tutorial_taskflow_api.py for tasks to queue
[2024-08-09T01:49:45.308+0000] {logging_mixin.py:188} INFO - [2024-08-09T01:49:45.307+0000] {dagbag.py:545} INFO - Filling up the DagBag from /home/airflow/.local/lib/python3.12/site-packages/airflow/example_dags/tutorial_taskflow_api.py
[2024-08-09T01:49:45.337+0000] {processor.py:840} INFO - DAG(s) 'tutorial_taskflow_api' retrieved from /home/airflow/.local/lib/python3.12/site-packages/airflow/example_dags/tutorial_taskflow_api.py
[2024-08-09T01:49:45.420+0000] {logging_mixin.py:188} INFO - [2024-08-09T01:49:45.420+0000] {dag.py:3089} INFO - Sync 1 DAGs
[2024-08-09T01:49:45.465+0000] {logging_mixin.py:188} INFO - [2024-08-09T01:49:45.465+0000] {dag.py:3947} INFO - Setting next_dagrun for tutorial_taskflow_api to None, run_after=None
[2024-08-09T01:49:45.551+0000] {processor.py:183} INFO - Processing /home/airflow/.local/lib/python3.12/site-packages/airflow/example_dags/tutorial_taskflow_api.py took 0.276 seconds
[2024-08-09T01:50:32.049+0000] {processor.py:161} INFO - Started process (PID=1853) to work on /home/airflow/.local/lib/python3.12/site-packages/airflow/example_dags/tutorial_taskflow_api.py
[2024-08-09T01:50:32.055+0000] {processor.py:830} INFO - Processing file /home/airflow/.local/lib/python3.12/site-packages/airflow/example_dags/tutorial_taskflow_api.py for tasks to queue
[2024-08-09T01:50:32.068+0000] {logging_mixin.py:188} INFO - [2024-08-09T01:50:32.066+0000] {dagbag.py:545} INFO - Filling up the DagBag from /home/airflow/.local/lib/python3.12/site-packages/airflow/example_dags/tutorial_taskflow_api.py
[2024-08-09T01:50:33.176+0000] {processor.py:840} INFO - DAG(s) 'tutorial_taskflow_api' retrieved from /home/airflow/.local/lib/python3.12/site-packages/airflow/example_dags/tutorial_taskflow_api.py
[2024-08-09T01:50:33.297+0000] {logging_mixin.py:188} INFO - [2024-08-09T01:50:33.295+0000] {dag.py:3089} INFO - Sync 1 DAGs
[2024-08-09T01:50:33.338+0000] {logging_mixin.py:188} INFO - [2024-08-09T01:50:33.337+0000] {dag.py:3947} INFO - Setting next_dagrun for tutorial_taskflow_api to None, run_after=None
[2024-08-09T01:50:33.420+0000] {processor.py:183} INFO - Processing /home/airflow/.local/lib/python3.12/site-packages/airflow/example_dags/tutorial_taskflow_api.py took 1.410 seconds
[2024-08-09T01:51:04.386+0000] {processor.py:161} INFO - Started process (PID=1911) to work on /home/airflow/.local/lib/python3.12/site-packages/airflow/example_dags/tutorial_taskflow_api.py
[2024-08-09T01:51:04.400+0000] {processor.py:830} INFO - Processing file /home/airflow/.local/lib/python3.12/site-packages/airflow/example_dags/tutorial_taskflow_api.py for tasks to queue
[2024-08-09T01:51:04.435+0000] {logging_mixin.py:188} INFO - [2024-08-09T01:51:04.432+0000] {dagbag.py:545} INFO - Filling up the DagBag from /home/airflow/.local/lib/python3.12/site-packages/airflow/example_dags/tutorial_taskflow_api.py
[2024-08-09T01:51:04.503+0000] {processor.py:840} INFO - DAG(s) 'tutorial_taskflow_api' retrieved from /home/airflow/.local/lib/python3.12/site-packages/airflow/example_dags/tutorial_taskflow_api.py
[2024-08-09T01:51:04.696+0000] {logging_mixin.py:188} INFO - [2024-08-09T01:51:04.694+0000] {dag.py:3089} INFO - Sync 1 DAGs
[2024-08-09T01:51:04.773+0000] {logging_mixin.py:188} INFO - [2024-08-09T01:51:04.772+0000] {dag.py:3947} INFO - Setting next_dagrun for tutorial_taskflow_api to None, run_after=None
[2024-08-09T01:51:04.886+0000] {processor.py:183} INFO - Processing /home/airflow/.local/lib/python3.12/site-packages/airflow/example_dags/tutorial_taskflow_api.py took 0.583 seconds
[2024-08-09T01:51:34.982+0000] {processor.py:161} INFO - Started process (PID=1968) to work on /home/airflow/.local/lib/python3.12/site-packages/airflow/example_dags/tutorial_taskflow_api.py
[2024-08-09T01:51:34.984+0000] {processor.py:830} INFO - Processing file /home/airflow/.local/lib/python3.12/site-packages/airflow/example_dags/tutorial_taskflow_api.py for tasks to queue
[2024-08-09T01:51:34.990+0000] {logging_mixin.py:188} INFO - [2024-08-09T01:51:34.989+0000] {dagbag.py:545} INFO - Filling up the DagBag from /home/airflow/.local/lib/python3.12/site-packages/airflow/example_dags/tutorial_taskflow_api.py
[2024-08-09T01:51:35.009+0000] {processor.py:840} INFO - DAG(s) 'tutorial_taskflow_api' retrieved from /home/airflow/.local/lib/python3.12/site-packages/airflow/example_dags/tutorial_taskflow_api.py
[2024-08-09T01:51:35.108+0000] {logging_mixin.py:188} INFO - [2024-08-09T01:51:35.108+0000] {dag.py:3089} INFO - Sync 1 DAGs
[2024-08-09T01:51:35.149+0000] {logging_mixin.py:188} INFO - [2024-08-09T01:51:35.148+0000] {dag.py:3947} INFO - Setting next_dagrun for tutorial_taskflow_api to None, run_after=None
[2024-08-09T01:51:35.263+0000] {processor.py:183} INFO - Processing /home/airflow/.local/lib/python3.12/site-packages/airflow/example_dags/tutorial_taskflow_api.py took 0.302 seconds
[2024-08-09T01:52:05.371+0000] {processor.py:161} INFO - Started process (PID=2026) to work on /home/airflow/.local/lib/python3.12/site-packages/airflow/example_dags/tutorial_taskflow_api.py
[2024-08-09T01:52:05.373+0000] {processor.py:830} INFO - Processing file /home/airflow/.local/lib/python3.12/site-packages/airflow/example_dags/tutorial_taskflow_api.py for tasks to queue
[2024-08-09T01:52:05.377+0000] {logging_mixin.py:188} INFO - [2024-08-09T01:52:05.376+0000] {dagbag.py:545} INFO - Filling up the DagBag from /home/airflow/.local/lib/python3.12/site-packages/airflow/example_dags/tutorial_taskflow_api.py
[2024-08-09T01:52:05.396+0000] {processor.py:840} INFO - DAG(s) 'tutorial_taskflow_api' retrieved from /home/airflow/.local/lib/python3.12/site-packages/airflow/example_dags/tutorial_taskflow_api.py
[2024-08-09T01:52:05.450+0000] {logging_mixin.py:188} INFO - [2024-08-09T01:52:05.449+0000] {dag.py:3089} INFO - Sync 1 DAGs
[2024-08-09T01:52:05.471+0000] {logging_mixin.py:188} INFO - [2024-08-09T01:52:05.470+0000] {dag.py:3947} INFO - Setting next_dagrun for tutorial_taskflow_api to None, run_after=None
[2024-08-09T01:52:05.504+0000] {processor.py:183} INFO - Processing /home/airflow/.local/lib/python3.12/site-packages/airflow/example_dags/tutorial_taskflow_api.py took 0.153 seconds
[2024-08-09T01:52:36.089+0000] {processor.py:161} INFO - Started process (PID=2084) to work on /home/airflow/.local/lib/python3.12/site-packages/airflow/example_dags/tutorial_taskflow_api.py
[2024-08-09T01:52:36.091+0000] {processor.py:830} INFO - Processing file /home/airflow/.local/lib/python3.12/site-packages/airflow/example_dags/tutorial_taskflow_api.py for tasks to queue
[2024-08-09T01:52:36.097+0000] {logging_mixin.py:188} INFO - [2024-08-09T01:52:36.096+0000] {dagbag.py:545} INFO - Filling up the DagBag from /home/airflow/.local/lib/python3.12/site-packages/airflow/example_dags/tutorial_taskflow_api.py
[2024-08-09T01:52:36.112+0000] {processor.py:840} INFO - DAG(s) 'tutorial_taskflow_api' retrieved from /home/airflow/.local/lib/python3.12/site-packages/airflow/example_dags/tutorial_taskflow_api.py
[2024-08-09T01:52:36.190+0000] {logging_mixin.py:188} INFO - [2024-08-09T01:52:36.190+0000] {dag.py:3089} INFO - Sync 1 DAGs
[2024-08-09T01:52:36.222+0000] {logging_mixin.py:188} INFO - [2024-08-09T01:52:36.221+0000] {dag.py:3947} INFO - Setting next_dagrun for tutorial_taskflow_api to None, run_after=None
[2024-08-09T01:52:36.283+0000] {processor.py:183} INFO - Processing /home/airflow/.local/lib/python3.12/site-packages/airflow/example_dags/tutorial_taskflow_api.py took 0.209 seconds
[2024-08-09T01:53:06.777+0000] {processor.py:161} INFO - Started process (PID=2141) to work on /home/airflow/.local/lib/python3.12/site-packages/airflow/example_dags/tutorial_taskflow_api.py
[2024-08-09T01:53:06.779+0000] {processor.py:830} INFO - Processing file /home/airflow/.local/lib/python3.12/site-packages/airflow/example_dags/tutorial_taskflow_api.py for tasks to queue
[2024-08-09T01:53:06.783+0000] {logging_mixin.py:188} INFO - [2024-08-09T01:53:06.783+0000] {dagbag.py:545} INFO - Filling up the DagBag from /home/airflow/.local/lib/python3.12/site-packages/airflow/example_dags/tutorial_taskflow_api.py
[2024-08-09T01:53:06.797+0000] {processor.py:840} INFO - DAG(s) 'tutorial_taskflow_api' retrieved from /home/airflow/.local/lib/python3.12/site-packages/airflow/example_dags/tutorial_taskflow_api.py
[2024-08-09T01:53:06.854+0000] {logging_mixin.py:188} INFO - [2024-08-09T01:53:06.854+0000] {dag.py:3089} INFO - Sync 1 DAGs
[2024-08-09T01:53:06.883+0000] {logging_mixin.py:188} INFO - [2024-08-09T01:53:06.882+0000] {dag.py:3947} INFO - Setting next_dagrun for tutorial_taskflow_api to None, run_after=None
[2024-08-09T01:53:06.936+0000] {processor.py:183} INFO - Processing /home/airflow/.local/lib/python3.12/site-packages/airflow/example_dags/tutorial_taskflow_api.py took 0.176 seconds
[2024-08-09T01:53:40.217+0000] {processor.py:161} INFO - Started process (PID=2199) to work on /home/airflow/.local/lib/python3.12/site-packages/airflow/example_dags/tutorial_taskflow_api.py
[2024-08-09T01:53:40.224+0000] {processor.py:830} INFO - Processing file /home/airflow/.local/lib/python3.12/site-packages/airflow/example_dags/tutorial_taskflow_api.py for tasks to queue
[2024-08-09T01:53:40.233+0000] {logging_mixin.py:188} INFO - [2024-08-09T01:53:40.231+0000] {dagbag.py:545} INFO - Filling up the DagBag from /home/airflow/.local/lib/python3.12/site-packages/airflow/example_dags/tutorial_taskflow_api.py
[2024-08-09T01:53:40.257+0000] {processor.py:840} INFO - DAG(s) 'tutorial_taskflow_api' retrieved from /home/airflow/.local/lib/python3.12/site-packages/airflow/example_dags/tutorial_taskflow_api.py
[2024-08-09T01:53:40.400+0000] {logging_mixin.py:188} INFO - [2024-08-09T01:53:40.399+0000] {dag.py:3089} INFO - Sync 1 DAGs
[2024-08-09T01:53:40.496+0000] {logging_mixin.py:188} INFO - [2024-08-09T01:53:40.495+0000] {dag.py:3947} INFO - Setting next_dagrun for tutorial_taskflow_api to None, run_after=None
[2024-08-09T01:53:40.560+0000] {processor.py:183} INFO - Processing /home/airflow/.local/lib/python3.12/site-packages/airflow/example_dags/tutorial_taskflow_api.py took 0.396 seconds
[2024-08-09T01:54:13.424+0000] {processor.py:161} INFO - Started process (PID=2257) to work on /home/airflow/.local/lib/python3.12/site-packages/airflow/example_dags/tutorial_taskflow_api.py
[2024-08-09T01:54:13.460+0000] {processor.py:830} INFO - Processing file /home/airflow/.local/lib/python3.12/site-packages/airflow/example_dags/tutorial_taskflow_api.py for tasks to queue
[2024-08-09T01:54:13.512+0000] {logging_mixin.py:188} INFO - [2024-08-09T01:54:13.511+0000] {dagbag.py:545} INFO - Filling up the DagBag from /home/airflow/.local/lib/python3.12/site-packages/airflow/example_dags/tutorial_taskflow_api.py
[2024-08-09T01:54:13.572+0000] {processor.py:840} INFO - DAG(s) 'tutorial_taskflow_api' retrieved from /home/airflow/.local/lib/python3.12/site-packages/airflow/example_dags/tutorial_taskflow_api.py
[2024-08-09T01:54:13.815+0000] {logging_mixin.py:188} INFO - [2024-08-09T01:54:13.814+0000] {dag.py:3089} INFO - Sync 1 DAGs
[2024-08-09T01:54:13.867+0000] {logging_mixin.py:188} INFO - [2024-08-09T01:54:13.867+0000] {dag.py:3947} INFO - Setting next_dagrun for tutorial_taskflow_api to None, run_after=None
[2024-08-09T01:54:13.950+0000] {processor.py:183} INFO - Processing /home/airflow/.local/lib/python3.12/site-packages/airflow/example_dags/tutorial_taskflow_api.py took 0.708 seconds
[2024-08-09T01:54:44.155+0000] {processor.py:161} INFO - Started process (PID=2315) to work on /home/airflow/.local/lib/python3.12/site-packages/airflow/example_dags/tutorial_taskflow_api.py
[2024-08-09T01:54:44.159+0000] {processor.py:830} INFO - Processing file /home/airflow/.local/lib/python3.12/site-packages/airflow/example_dags/tutorial_taskflow_api.py for tasks to queue
[2024-08-09T01:54:44.167+0000] {logging_mixin.py:188} INFO - [2024-08-09T01:54:44.166+0000] {dagbag.py:545} INFO - Filling up the DagBag from /home/airflow/.local/lib/python3.12/site-packages/airflow/example_dags/tutorial_taskflow_api.py
[2024-08-09T01:54:44.192+0000] {processor.py:840} INFO - DAG(s) 'tutorial_taskflow_api' retrieved from /home/airflow/.local/lib/python3.12/site-packages/airflow/example_dags/tutorial_taskflow_api.py
[2024-08-09T01:54:44.256+0000] {logging_mixin.py:188} INFO - [2024-08-09T01:54:44.255+0000] {dag.py:3089} INFO - Sync 1 DAGs
[2024-08-09T01:54:44.305+0000] {logging_mixin.py:188} INFO - [2024-08-09T01:54:44.305+0000] {dag.py:3947} INFO - Setting next_dagrun for tutorial_taskflow_api to None, run_after=None
[2024-08-09T01:54:44.367+0000] {processor.py:183} INFO - Processing /home/airflow/.local/lib/python3.12/site-packages/airflow/example_dags/tutorial_taskflow_api.py took 0.239 seconds
[2024-08-09T01:55:15.250+0000] {processor.py:161} INFO - Started process (PID=2373) to work on /home/airflow/.local/lib/python3.12/site-packages/airflow/example_dags/tutorial_taskflow_api.py
[2024-08-09T01:55:15.254+0000] {processor.py:830} INFO - Processing file /home/airflow/.local/lib/python3.12/site-packages/airflow/example_dags/tutorial_taskflow_api.py for tasks to queue
[2024-08-09T01:55:15.261+0000] {logging_mixin.py:188} INFO - [2024-08-09T01:55:15.260+0000] {dagbag.py:545} INFO - Filling up the DagBag from /home/airflow/.local/lib/python3.12/site-packages/airflow/example_dags/tutorial_taskflow_api.py
[2024-08-09T01:55:15.280+0000] {processor.py:840} INFO - DAG(s) 'tutorial_taskflow_api' retrieved from /home/airflow/.local/lib/python3.12/site-packages/airflow/example_dags/tutorial_taskflow_api.py
[2024-08-09T01:55:15.362+0000] {logging_mixin.py:188} INFO - [2024-08-09T01:55:15.361+0000] {dag.py:3089} INFO - Sync 1 DAGs
[2024-08-09T01:55:15.395+0000] {logging_mixin.py:188} INFO - [2024-08-09T01:55:15.394+0000] {dag.py:3947} INFO - Setting next_dagrun for tutorial_taskflow_api to None, run_after=None
[2024-08-09T01:55:15.442+0000] {processor.py:183} INFO - Processing /home/airflow/.local/lib/python3.12/site-packages/airflow/example_dags/tutorial_taskflow_api.py took 0.212 seconds
[2024-08-09T01:55:45.708+0000] {processor.py:161} INFO - Started process (PID=2431) to work on /home/airflow/.local/lib/python3.12/site-packages/airflow/example_dags/tutorial_taskflow_api.py
[2024-08-09T01:55:45.710+0000] {processor.py:830} INFO - Processing file /home/airflow/.local/lib/python3.12/site-packages/airflow/example_dags/tutorial_taskflow_api.py for tasks to queue
[2024-08-09T01:55:45.715+0000] {logging_mixin.py:188} INFO - [2024-08-09T01:55:45.714+0000] {dagbag.py:545} INFO - Filling up the DagBag from /home/airflow/.local/lib/python3.12/site-packages/airflow/example_dags/tutorial_taskflow_api.py
[2024-08-09T01:55:45.734+0000] {processor.py:840} INFO - DAG(s) 'tutorial_taskflow_api' retrieved from /home/airflow/.local/lib/python3.12/site-packages/airflow/example_dags/tutorial_taskflow_api.py
[2024-08-09T01:55:45.797+0000] {logging_mixin.py:188} INFO - [2024-08-09T01:55:45.797+0000] {dag.py:3089} INFO - Sync 1 DAGs
[2024-08-09T01:55:45.824+0000] {logging_mixin.py:188} INFO - [2024-08-09T01:55:45.824+0000] {dag.py:3947} INFO - Setting next_dagrun for tutorial_taskflow_api to None, run_after=None
[2024-08-09T01:55:45.858+0000] {processor.py:183} INFO - Processing /home/airflow/.local/lib/python3.12/site-packages/airflow/example_dags/tutorial_taskflow_api.py took 0.167 seconds
[2024-08-09T01:56:16.052+0000] {processor.py:161} INFO - Started process (PID=2489) to work on /home/airflow/.local/lib/python3.12/site-packages/airflow/example_dags/tutorial_taskflow_api.py
[2024-08-09T01:56:16.055+0000] {processor.py:830} INFO - Processing file /home/airflow/.local/lib/python3.12/site-packages/airflow/example_dags/tutorial_taskflow_api.py for tasks to queue
[2024-08-09T01:56:16.062+0000] {logging_mixin.py:188} INFO - [2024-08-09T01:56:16.061+0000] {dagbag.py:545} INFO - Filling up the DagBag from /home/airflow/.local/lib/python3.12/site-packages/airflow/example_dags/tutorial_taskflow_api.py
[2024-08-09T01:56:16.079+0000] {processor.py:840} INFO - DAG(s) 'tutorial_taskflow_api' retrieved from /home/airflow/.local/lib/python3.12/site-packages/airflow/example_dags/tutorial_taskflow_api.py
[2024-08-09T01:56:16.140+0000] {logging_mixin.py:188} INFO - [2024-08-09T01:56:16.139+0000] {dag.py:3089} INFO - Sync 1 DAGs
[2024-08-09T01:56:16.167+0000] {logging_mixin.py:188} INFO - [2024-08-09T01:56:16.167+0000] {dag.py:3947} INFO - Setting next_dagrun for tutorial_taskflow_api to None, run_after=None
[2024-08-09T01:56:16.214+0000] {processor.py:183} INFO - Processing /home/airflow/.local/lib/python3.12/site-packages/airflow/example_dags/tutorial_taskflow_api.py took 0.180 seconds
[2024-08-09T01:56:46.838+0000] {processor.py:161} INFO - Started process (PID=2547) to work on /home/airflow/.local/lib/python3.12/site-packages/airflow/example_dags/tutorial_taskflow_api.py
[2024-08-09T01:56:46.842+0000] {processor.py:830} INFO - Processing file /home/airflow/.local/lib/python3.12/site-packages/airflow/example_dags/tutorial_taskflow_api.py for tasks to queue
[2024-08-09T01:56:46.853+0000] {logging_mixin.py:188} INFO - [2024-08-09T01:56:46.852+0000] {dagbag.py:545} INFO - Filling up the DagBag from /home/airflow/.local/lib/python3.12/site-packages/airflow/example_dags/tutorial_taskflow_api.py
[2024-08-09T01:56:46.887+0000] {processor.py:840} INFO - DAG(s) 'tutorial_taskflow_api' retrieved from /home/airflow/.local/lib/python3.12/site-packages/airflow/example_dags/tutorial_taskflow_api.py
[2024-08-09T01:56:47.016+0000] {logging_mixin.py:188} INFO - [2024-08-09T01:56:47.015+0000] {dag.py:3089} INFO - Sync 1 DAGs
[2024-08-09T01:56:47.058+0000] {logging_mixin.py:188} INFO - [2024-08-09T01:56:47.058+0000] {dag.py:3947} INFO - Setting next_dagrun for tutorial_taskflow_api to None, run_after=None
[2024-08-09T01:56:47.109+0000] {processor.py:183} INFO - Processing /home/airflow/.local/lib/python3.12/site-packages/airflow/example_dags/tutorial_taskflow_api.py took 0.315 seconds
[2024-08-09T01:57:19.043+0000] {processor.py:161} INFO - Started process (PID=2605) to work on /home/airflow/.local/lib/python3.12/site-packages/airflow/example_dags/tutorial_taskflow_api.py
[2024-08-09T01:57:19.055+0000] {processor.py:830} INFO - Processing file /home/airflow/.local/lib/python3.12/site-packages/airflow/example_dags/tutorial_taskflow_api.py for tasks to queue
[2024-08-09T01:57:19.075+0000] {logging_mixin.py:188} INFO - [2024-08-09T01:57:19.068+0000] {dagbag.py:545} INFO - Filling up the DagBag from /home/airflow/.local/lib/python3.12/site-packages/airflow/example_dags/tutorial_taskflow_api.py
[2024-08-09T01:57:19.126+0000] {processor.py:840} INFO - DAG(s) 'tutorial_taskflow_api' retrieved from /home/airflow/.local/lib/python3.12/site-packages/airflow/example_dags/tutorial_taskflow_api.py
[2024-08-09T01:57:19.215+0000] {logging_mixin.py:188} INFO - [2024-08-09T01:57:19.215+0000] {dag.py:3089} INFO - Sync 1 DAGs
[2024-08-09T01:57:19.275+0000] {logging_mixin.py:188} INFO - [2024-08-09T01:57:19.275+0000] {dag.py:3947} INFO - Setting next_dagrun for tutorial_taskflow_api to None, run_after=None
[2024-08-09T01:57:19.355+0000] {processor.py:183} INFO - Processing /home/airflow/.local/lib/python3.12/site-packages/airflow/example_dags/tutorial_taskflow_api.py took 0.360 seconds
[2024-08-09T01:57:49.540+0000] {processor.py:161} INFO - Started process (PID=2663) to work on /home/airflow/.local/lib/python3.12/site-packages/airflow/example_dags/tutorial_taskflow_api.py
[2024-08-09T01:57:49.543+0000] {processor.py:830} INFO - Processing file /home/airflow/.local/lib/python3.12/site-packages/airflow/example_dags/tutorial_taskflow_api.py for tasks to queue
[2024-08-09T01:57:49.551+0000] {logging_mixin.py:188} INFO - [2024-08-09T01:57:49.549+0000] {dagbag.py:545} INFO - Filling up the DagBag from /home/airflow/.local/lib/python3.12/site-packages/airflow/example_dags/tutorial_taskflow_api.py
[2024-08-09T01:57:49.570+0000] {processor.py:840} INFO - DAG(s) 'tutorial_taskflow_api' retrieved from /home/airflow/.local/lib/python3.12/site-packages/airflow/example_dags/tutorial_taskflow_api.py
[2024-08-09T01:57:49.641+0000] {logging_mixin.py:188} INFO - [2024-08-09T01:57:49.640+0000] {dag.py:3089} INFO - Sync 1 DAGs
[2024-08-09T01:57:49.686+0000] {logging_mixin.py:188} INFO - [2024-08-09T01:57:49.685+0000] {dag.py:3947} INFO - Setting next_dagrun for tutorial_taskflow_api to None, run_after=None
[2024-08-09T01:57:49.728+0000] {processor.py:183} INFO - Processing /home/airflow/.local/lib/python3.12/site-packages/airflow/example_dags/tutorial_taskflow_api.py took 0.211 seconds
[2024-08-09T01:58:20.817+0000] {processor.py:161} INFO - Started process (PID=2721) to work on /home/airflow/.local/lib/python3.12/site-packages/airflow/example_dags/tutorial_taskflow_api.py
[2024-08-09T01:58:20.823+0000] {processor.py:830} INFO - Processing file /home/airflow/.local/lib/python3.12/site-packages/airflow/example_dags/tutorial_taskflow_api.py for tasks to queue
[2024-08-09T01:58:20.833+0000] {logging_mixin.py:188} INFO - [2024-08-09T01:58:20.832+0000] {dagbag.py:545} INFO - Filling up the DagBag from /home/airflow/.local/lib/python3.12/site-packages/airflow/example_dags/tutorial_taskflow_api.py
[2024-08-09T01:58:20.871+0000] {processor.py:840} INFO - DAG(s) 'tutorial_taskflow_api' retrieved from /home/airflow/.local/lib/python3.12/site-packages/airflow/example_dags/tutorial_taskflow_api.py
[2024-08-09T01:58:20.973+0000] {logging_mixin.py:188} INFO - [2024-08-09T01:58:20.972+0000] {dag.py:3089} INFO - Sync 1 DAGs
[2024-08-09T01:58:21.026+0000] {logging_mixin.py:188} INFO - [2024-08-09T01:58:21.025+0000] {dag.py:3947} INFO - Setting next_dagrun for tutorial_taskflow_api to None, run_after=None
[2024-08-09T01:58:21.084+0000] {processor.py:183} INFO - Processing /home/airflow/.local/lib/python3.12/site-packages/airflow/example_dags/tutorial_taskflow_api.py took 0.330 seconds
[2024-08-09T01:58:51.617+0000] {processor.py:161} INFO - Started process (PID=2779) to work on /home/airflow/.local/lib/python3.12/site-packages/airflow/example_dags/tutorial_taskflow_api.py
[2024-08-09T01:58:51.623+0000] {processor.py:830} INFO - Processing file /home/airflow/.local/lib/python3.12/site-packages/airflow/example_dags/tutorial_taskflow_api.py for tasks to queue
[2024-08-09T01:58:51.632+0000] {logging_mixin.py:188} INFO - [2024-08-09T01:58:51.630+0000] {dagbag.py:545} INFO - Filling up the DagBag from /home/airflow/.local/lib/python3.12/site-packages/airflow/example_dags/tutorial_taskflow_api.py
[2024-08-09T01:58:51.665+0000] {processor.py:840} INFO - DAG(s) 'tutorial_taskflow_api' retrieved from /home/airflow/.local/lib/python3.12/site-packages/airflow/example_dags/tutorial_taskflow_api.py
[2024-08-09T01:58:51.742+0000] {logging_mixin.py:188} INFO - [2024-08-09T01:58:51.741+0000] {dag.py:3089} INFO - Sync 1 DAGs
[2024-08-09T01:58:51.785+0000] {logging_mixin.py:188} INFO - [2024-08-09T01:58:51.784+0000] {dag.py:3947} INFO - Setting next_dagrun for tutorial_taskflow_api to None, run_after=None
[2024-08-09T01:58:51.831+0000] {processor.py:183} INFO - Processing /home/airflow/.local/lib/python3.12/site-packages/airflow/example_dags/tutorial_taskflow_api.py took 0.246 seconds
[2024-08-09T01:59:22.505+0000] {processor.py:161} INFO - Started process (PID=2837) to work on /home/airflow/.local/lib/python3.12/site-packages/airflow/example_dags/tutorial_taskflow_api.py
[2024-08-09T01:59:22.511+0000] {processor.py:830} INFO - Processing file /home/airflow/.local/lib/python3.12/site-packages/airflow/example_dags/tutorial_taskflow_api.py for tasks to queue
[2024-08-09T01:59:22.523+0000] {logging_mixin.py:188} INFO - [2024-08-09T01:59:22.519+0000] {dagbag.py:545} INFO - Filling up the DagBag from /home/airflow/.local/lib/python3.12/site-packages/airflow/example_dags/tutorial_taskflow_api.py
[2024-08-09T01:59:22.556+0000] {processor.py:840} INFO - DAG(s) 'tutorial_taskflow_api' retrieved from /home/airflow/.local/lib/python3.12/site-packages/airflow/example_dags/tutorial_taskflow_api.py
[2024-08-09T01:59:22.638+0000] {logging_mixin.py:188} INFO - [2024-08-09T01:59:22.638+0000] {dag.py:3089} INFO - Sync 1 DAGs
[2024-08-09T01:59:22.689+0000] {logging_mixin.py:188} INFO - [2024-08-09T01:59:22.689+0000] {dag.py:3947} INFO - Setting next_dagrun for tutorial_taskflow_api to None, run_after=None
[2024-08-09T01:59:22.777+0000] {processor.py:183} INFO - Processing /home/airflow/.local/lib/python3.12/site-packages/airflow/example_dags/tutorial_taskflow_api.py took 0.317 seconds
[2024-08-09T01:59:53.158+0000] {processor.py:161} INFO - Started process (PID=2895) to work on /home/airflow/.local/lib/python3.12/site-packages/airflow/example_dags/tutorial_taskflow_api.py
[2024-08-09T01:59:53.162+0000] {processor.py:830} INFO - Processing file /home/airflow/.local/lib/python3.12/site-packages/airflow/example_dags/tutorial_taskflow_api.py for tasks to queue
[2024-08-09T01:59:53.168+0000] {logging_mixin.py:188} INFO - [2024-08-09T01:59:53.167+0000] {dagbag.py:545} INFO - Filling up the DagBag from /home/airflow/.local/lib/python3.12/site-packages/airflow/example_dags/tutorial_taskflow_api.py
[2024-08-09T01:59:53.186+0000] {processor.py:840} INFO - DAG(s) 'tutorial_taskflow_api' retrieved from /home/airflow/.local/lib/python3.12/site-packages/airflow/example_dags/tutorial_taskflow_api.py
[2024-08-09T01:59:53.250+0000] {logging_mixin.py:188} INFO - [2024-08-09T01:59:53.250+0000] {dag.py:3089} INFO - Sync 1 DAGs
[2024-08-09T01:59:53.281+0000] {logging_mixin.py:188} INFO - [2024-08-09T01:59:53.281+0000] {dag.py:3947} INFO - Setting next_dagrun for tutorial_taskflow_api to None, run_after=None
[2024-08-09T01:59:53.328+0000] {processor.py:183} INFO - Processing /home/airflow/.local/lib/python3.12/site-packages/airflow/example_dags/tutorial_taskflow_api.py took 0.194 seconds
[2024-08-09T02:00:24.095+0000] {processor.py:161} INFO - Started process (PID=2952) to work on /home/airflow/.local/lib/python3.12/site-packages/airflow/example_dags/tutorial_taskflow_api.py
[2024-08-09T02:00:24.100+0000] {processor.py:830} INFO - Processing file /home/airflow/.local/lib/python3.12/site-packages/airflow/example_dags/tutorial_taskflow_api.py for tasks to queue
[2024-08-09T02:00:24.113+0000] {logging_mixin.py:188} INFO - [2024-08-09T02:00:24.109+0000] {dagbag.py:545} INFO - Filling up the DagBag from /home/airflow/.local/lib/python3.12/site-packages/airflow/example_dags/tutorial_taskflow_api.py
[2024-08-09T02:00:24.160+0000] {processor.py:840} INFO - DAG(s) 'tutorial_taskflow_api' retrieved from /home/airflow/.local/lib/python3.12/site-packages/airflow/example_dags/tutorial_taskflow_api.py
[2024-08-09T02:00:24.246+0000] {logging_mixin.py:188} INFO - [2024-08-09T02:00:24.245+0000] {dag.py:3089} INFO - Sync 1 DAGs
[2024-08-09T02:00:24.287+0000] {logging_mixin.py:188} INFO - [2024-08-09T02:00:24.286+0000] {dag.py:3947} INFO - Setting next_dagrun for tutorial_taskflow_api to None, run_after=None
[2024-08-09T02:00:24.329+0000] {processor.py:183} INFO - Processing /home/airflow/.local/lib/python3.12/site-packages/airflow/example_dags/tutorial_taskflow_api.py took 0.262 seconds
[2024-08-09T02:00:54.542+0000] {processor.py:161} INFO - Started process (PID=3010) to work on /home/airflow/.local/lib/python3.12/site-packages/airflow/example_dags/tutorial_taskflow_api.py
[2024-08-09T02:00:54.545+0000] {processor.py:830} INFO - Processing file /home/airflow/.local/lib/python3.12/site-packages/airflow/example_dags/tutorial_taskflow_api.py for tasks to queue
[2024-08-09T02:00:54.549+0000] {logging_mixin.py:188} INFO - [2024-08-09T02:00:54.549+0000] {dagbag.py:545} INFO - Filling up the DagBag from /home/airflow/.local/lib/python3.12/site-packages/airflow/example_dags/tutorial_taskflow_api.py
[2024-08-09T02:00:54.565+0000] {processor.py:840} INFO - DAG(s) 'tutorial_taskflow_api' retrieved from /home/airflow/.local/lib/python3.12/site-packages/airflow/example_dags/tutorial_taskflow_api.py
[2024-08-09T02:00:54.614+0000] {logging_mixin.py:188} INFO - [2024-08-09T02:00:54.613+0000] {dag.py:3089} INFO - Sync 1 DAGs
[2024-08-09T02:00:54.637+0000] {logging_mixin.py:188} INFO - [2024-08-09T02:00:54.637+0000] {dag.py:3947} INFO - Setting next_dagrun for tutorial_taskflow_api to None, run_after=None
[2024-08-09T02:00:54.669+0000] {processor.py:183} INFO - Processing /home/airflow/.local/lib/python3.12/site-packages/airflow/example_dags/tutorial_taskflow_api.py took 0.140 seconds
[2024-08-09T02:01:24.735+0000] {processor.py:161} INFO - Started process (PID=3068) to work on /home/airflow/.local/lib/python3.12/site-packages/airflow/example_dags/tutorial_taskflow_api.py
[2024-08-09T02:01:24.738+0000] {processor.py:830} INFO - Processing file /home/airflow/.local/lib/python3.12/site-packages/airflow/example_dags/tutorial_taskflow_api.py for tasks to queue
[2024-08-09T02:01:24.743+0000] {logging_mixin.py:188} INFO - [2024-08-09T02:01:24.743+0000] {dagbag.py:545} INFO - Filling up the DagBag from /home/airflow/.local/lib/python3.12/site-packages/airflow/example_dags/tutorial_taskflow_api.py
[2024-08-09T02:01:24.770+0000] {processor.py:840} INFO - DAG(s) 'tutorial_taskflow_api' retrieved from /home/airflow/.local/lib/python3.12/site-packages/airflow/example_dags/tutorial_taskflow_api.py
[2024-08-09T02:01:24.834+0000] {logging_mixin.py:188} INFO - [2024-08-09T02:01:24.834+0000] {dag.py:3089} INFO - Sync 1 DAGs
[2024-08-09T02:01:24.880+0000] {logging_mixin.py:188} INFO - [2024-08-09T02:01:24.880+0000] {dag.py:3947} INFO - Setting next_dagrun for tutorial_taskflow_api to None, run_after=None
[2024-08-09T02:01:24.939+0000] {processor.py:183} INFO - Processing /home/airflow/.local/lib/python3.12/site-packages/airflow/example_dags/tutorial_taskflow_api.py took 0.220 seconds
[2024-08-09T02:01:55.445+0000] {processor.py:161} INFO - Started process (PID=3126) to work on /home/airflow/.local/lib/python3.12/site-packages/airflow/example_dags/tutorial_taskflow_api.py
[2024-08-09T02:01:55.448+0000] {processor.py:830} INFO - Processing file /home/airflow/.local/lib/python3.12/site-packages/airflow/example_dags/tutorial_taskflow_api.py for tasks to queue
[2024-08-09T02:01:55.453+0000] {logging_mixin.py:188} INFO - [2024-08-09T02:01:55.452+0000] {dagbag.py:545} INFO - Filling up the DagBag from /home/airflow/.local/lib/python3.12/site-packages/airflow/example_dags/tutorial_taskflow_api.py
[2024-08-09T02:01:55.476+0000] {processor.py:840} INFO - DAG(s) 'tutorial_taskflow_api' retrieved from /home/airflow/.local/lib/python3.12/site-packages/airflow/example_dags/tutorial_taskflow_api.py
[2024-08-09T02:01:55.598+0000] {logging_mixin.py:188} INFO - [2024-08-09T02:01:55.597+0000] {dag.py:3089} INFO - Sync 1 DAGs
[2024-08-09T02:01:55.660+0000] {logging_mixin.py:188} INFO - [2024-08-09T02:01:55.659+0000] {dag.py:3947} INFO - Setting next_dagrun for tutorial_taskflow_api to None, run_after=None
[2024-08-09T02:01:55.760+0000] {processor.py:183} INFO - Processing /home/airflow/.local/lib/python3.12/site-packages/airflow/example_dags/tutorial_taskflow_api.py took 0.336 seconds
[2024-08-09T02:02:26.055+0000] {processor.py:161} INFO - Started process (PID=3184) to work on /home/airflow/.local/lib/python3.12/site-packages/airflow/example_dags/tutorial_taskflow_api.py
[2024-08-09T02:02:26.058+0000] {processor.py:830} INFO - Processing file /home/airflow/.local/lib/python3.12/site-packages/airflow/example_dags/tutorial_taskflow_api.py for tasks to queue
[2024-08-09T02:02:26.063+0000] {logging_mixin.py:188} INFO - [2024-08-09T02:02:26.062+0000] {dagbag.py:545} INFO - Filling up the DagBag from /home/airflow/.local/lib/python3.12/site-packages/airflow/example_dags/tutorial_taskflow_api.py
[2024-08-09T02:02:26.081+0000] {processor.py:840} INFO - DAG(s) 'tutorial_taskflow_api' retrieved from /home/airflow/.local/lib/python3.12/site-packages/airflow/example_dags/tutorial_taskflow_api.py
[2024-08-09T02:02:26.132+0000] {logging_mixin.py:188} INFO - [2024-08-09T02:02:26.132+0000] {dag.py:3089} INFO - Sync 1 DAGs
[2024-08-09T02:02:26.155+0000] {logging_mixin.py:188} INFO - [2024-08-09T02:02:26.154+0000] {dag.py:3947} INFO - Setting next_dagrun for tutorial_taskflow_api to None, run_after=None
[2024-08-09T02:02:26.192+0000] {processor.py:183} INFO - Processing /home/airflow/.local/lib/python3.12/site-packages/airflow/example_dags/tutorial_taskflow_api.py took 0.162 seconds
[2024-08-09T02:02:57.055+0000] {processor.py:161} INFO - Started process (PID=3242) to work on /home/airflow/.local/lib/python3.12/site-packages/airflow/example_dags/tutorial_taskflow_api.py
[2024-08-09T02:02:57.058+0000] {processor.py:830} INFO - Processing file /home/airflow/.local/lib/python3.12/site-packages/airflow/example_dags/tutorial_taskflow_api.py for tasks to queue
[2024-08-09T02:02:57.068+0000] {logging_mixin.py:188} INFO - [2024-08-09T02:02:57.067+0000] {dagbag.py:545} INFO - Filling up the DagBag from /home/airflow/.local/lib/python3.12/site-packages/airflow/example_dags/tutorial_taskflow_api.py
[2024-08-09T02:02:57.088+0000] {processor.py:840} INFO - DAG(s) 'tutorial_taskflow_api' retrieved from /home/airflow/.local/lib/python3.12/site-packages/airflow/example_dags/tutorial_taskflow_api.py
[2024-08-09T02:02:57.150+0000] {logging_mixin.py:188} INFO - [2024-08-09T02:02:57.150+0000] {dag.py:3089} INFO - Sync 1 DAGs
[2024-08-09T02:02:57.174+0000] {logging_mixin.py:188} INFO - [2024-08-09T02:02:57.173+0000] {dag.py:3947} INFO - Setting next_dagrun for tutorial_taskflow_api to None, run_after=None
[2024-08-09T02:02:57.217+0000] {processor.py:183} INFO - Processing /home/airflow/.local/lib/python3.12/site-packages/airflow/example_dags/tutorial_taskflow_api.py took 0.193 seconds
[2024-08-09T02:03:27.867+0000] {processor.py:161} INFO - Started process (PID=3300) to work on /home/airflow/.local/lib/python3.12/site-packages/airflow/example_dags/tutorial_taskflow_api.py
[2024-08-09T02:03:27.870+0000] {processor.py:830} INFO - Processing file /home/airflow/.local/lib/python3.12/site-packages/airflow/example_dags/tutorial_taskflow_api.py for tasks to queue
[2024-08-09T02:03:27.876+0000] {logging_mixin.py:188} INFO - [2024-08-09T02:03:27.875+0000] {dagbag.py:545} INFO - Filling up the DagBag from /home/airflow/.local/lib/python3.12/site-packages/airflow/example_dags/tutorial_taskflow_api.py
[2024-08-09T02:03:27.906+0000] {processor.py:840} INFO - DAG(s) 'tutorial_taskflow_api' retrieved from /home/airflow/.local/lib/python3.12/site-packages/airflow/example_dags/tutorial_taskflow_api.py
[2024-08-09T02:03:27.967+0000] {logging_mixin.py:188} INFO - [2024-08-09T02:03:27.967+0000] {dag.py:3089} INFO - Sync 1 DAGs
[2024-08-09T02:03:28.000+0000] {logging_mixin.py:188} INFO - [2024-08-09T02:03:27.999+0000] {dag.py:3947} INFO - Setting next_dagrun for tutorial_taskflow_api to None, run_after=None
[2024-08-09T02:03:28.034+0000] {processor.py:183} INFO - Processing /home/airflow/.local/lib/python3.12/site-packages/airflow/example_dags/tutorial_taskflow_api.py took 0.189 seconds
[2024-08-09T02:03:58.358+0000] {processor.py:161} INFO - Started process (PID=3357) to work on /home/airflow/.local/lib/python3.12/site-packages/airflow/example_dags/tutorial_taskflow_api.py
[2024-08-09T02:03:58.361+0000] {processor.py:830} INFO - Processing file /home/airflow/.local/lib/python3.12/site-packages/airflow/example_dags/tutorial_taskflow_api.py for tasks to queue
[2024-08-09T02:03:58.366+0000] {logging_mixin.py:188} INFO - [2024-08-09T02:03:58.365+0000] {dagbag.py:545} INFO - Filling up the DagBag from /home/airflow/.local/lib/python3.12/site-packages/airflow/example_dags/tutorial_taskflow_api.py
[2024-08-09T02:03:58.383+0000] {processor.py:840} INFO - DAG(s) 'tutorial_taskflow_api' retrieved from /home/airflow/.local/lib/python3.12/site-packages/airflow/example_dags/tutorial_taskflow_api.py
[2024-08-09T02:03:58.437+0000] {logging_mixin.py:188} INFO - [2024-08-09T02:03:58.436+0000] {dag.py:3089} INFO - Sync 1 DAGs
[2024-08-09T02:03:58.459+0000] {logging_mixin.py:188} INFO - [2024-08-09T02:03:58.459+0000] {dag.py:3947} INFO - Setting next_dagrun for tutorial_taskflow_api to None, run_after=None
[2024-08-09T02:03:58.555+0000] {processor.py:183} INFO - Processing /home/airflow/.local/lib/python3.12/site-packages/airflow/example_dags/tutorial_taskflow_api.py took 0.211 seconds
[2024-08-09T02:04:29.192+0000] {processor.py:161} INFO - Started process (PID=3415) to work on /home/airflow/.local/lib/python3.12/site-packages/airflow/example_dags/tutorial_taskflow_api.py
[2024-08-09T02:04:29.198+0000] {processor.py:830} INFO - Processing file /home/airflow/.local/lib/python3.12/site-packages/airflow/example_dags/tutorial_taskflow_api.py for tasks to queue
[2024-08-09T02:04:29.217+0000] {logging_mixin.py:188} INFO - [2024-08-09T02:04:29.211+0000] {dagbag.py:545} INFO - Filling up the DagBag from /home/airflow/.local/lib/python3.12/site-packages/airflow/example_dags/tutorial_taskflow_api.py
[2024-08-09T02:04:29.255+0000] {processor.py:840} INFO - DAG(s) 'tutorial_taskflow_api' retrieved from /home/airflow/.local/lib/python3.12/site-packages/airflow/example_dags/tutorial_taskflow_api.py
[2024-08-09T02:04:29.375+0000] {logging_mixin.py:188} INFO - [2024-08-09T02:04:29.375+0000] {dag.py:3089} INFO - Sync 1 DAGs
[2024-08-09T02:04:29.463+0000] {logging_mixin.py:188} INFO - [2024-08-09T02:04:29.462+0000] {dag.py:3947} INFO - Setting next_dagrun for tutorial_taskflow_api to None, run_after=None
[2024-08-09T02:04:29.518+0000] {processor.py:183} INFO - Processing /home/airflow/.local/lib/python3.12/site-packages/airflow/example_dags/tutorial_taskflow_api.py took 0.368 seconds
[2024-08-09T02:04:59.997+0000] {processor.py:161} INFO - Started process (PID=3479) to work on /home/airflow/.local/lib/python3.12/site-packages/airflow/example_dags/tutorial_taskflow_api.py
[2024-08-09T02:04:59.999+0000] {processor.py:830} INFO - Processing file /home/airflow/.local/lib/python3.12/site-packages/airflow/example_dags/tutorial_taskflow_api.py for tasks to queue
[2024-08-09T02:05:00.004+0000] {logging_mixin.py:188} INFO - [2024-08-09T02:05:00.004+0000] {dagbag.py:545} INFO - Filling up the DagBag from /home/airflow/.local/lib/python3.12/site-packages/airflow/example_dags/tutorial_taskflow_api.py
[2024-08-09T02:05:00.028+0000] {processor.py:840} INFO - DAG(s) 'tutorial_taskflow_api' retrieved from /home/airflow/.local/lib/python3.12/site-packages/airflow/example_dags/tutorial_taskflow_api.py
[2024-08-09T02:05:00.121+0000] {logging_mixin.py:188} INFO - [2024-08-09T02:05:00.116+0000] {dag.py:3089} INFO - Sync 1 DAGs
[2024-08-09T02:05:00.165+0000] {logging_mixin.py:188} INFO - [2024-08-09T02:05:00.164+0000] {dag.py:3947} INFO - Setting next_dagrun for tutorial_taskflow_api to None, run_after=None
[2024-08-09T02:05:00.203+0000] {processor.py:183} INFO - Processing /home/airflow/.local/lib/python3.12/site-packages/airflow/example_dags/tutorial_taskflow_api.py took 0.232 seconds
[2024-08-09T02:05:30.603+0000] {processor.py:161} INFO - Started process (PID=3535) to work on /home/airflow/.local/lib/python3.12/site-packages/airflow/example_dags/tutorial_taskflow_api.py
[2024-08-09T02:05:30.607+0000] {processor.py:830} INFO - Processing file /home/airflow/.local/lib/python3.12/site-packages/airflow/example_dags/tutorial_taskflow_api.py for tasks to queue
[2024-08-09T02:05:30.622+0000] {logging_mixin.py:188} INFO - [2024-08-09T02:05:30.619+0000] {dagbag.py:545} INFO - Filling up the DagBag from /home/airflow/.local/lib/python3.12/site-packages/airflow/example_dags/tutorial_taskflow_api.py
[2024-08-09T02:05:30.670+0000] {processor.py:840} INFO - DAG(s) 'tutorial_taskflow_api' retrieved from /home/airflow/.local/lib/python3.12/site-packages/airflow/example_dags/tutorial_taskflow_api.py
[2024-08-09T02:05:30.739+0000] {logging_mixin.py:188} INFO - [2024-08-09T02:05:30.739+0000] {dag.py:3089} INFO - Sync 1 DAGs
[2024-08-09T02:05:30.832+0000] {logging_mixin.py:188} INFO - [2024-08-09T02:05:30.832+0000] {dag.py:3947} INFO - Setting next_dagrun for tutorial_taskflow_api to None, run_after=None
[2024-08-09T02:05:30.894+0000] {processor.py:183} INFO - Processing /home/airflow/.local/lib/python3.12/site-packages/airflow/example_dags/tutorial_taskflow_api.py took 0.355 seconds
[2024-08-09T02:06:01.486+0000] {processor.py:161} INFO - Started process (PID=3593) to work on /home/airflow/.local/lib/python3.12/site-packages/airflow/example_dags/tutorial_taskflow_api.py
[2024-08-09T02:06:01.493+0000] {processor.py:830} INFO - Processing file /home/airflow/.local/lib/python3.12/site-packages/airflow/example_dags/tutorial_taskflow_api.py for tasks to queue
[2024-08-09T02:06:01.504+0000] {logging_mixin.py:188} INFO - [2024-08-09T02:06:01.503+0000] {dagbag.py:545} INFO - Filling up the DagBag from /home/airflow/.local/lib/python3.12/site-packages/airflow/example_dags/tutorial_taskflow_api.py
[2024-08-09T02:06:01.549+0000] {processor.py:840} INFO - DAG(s) 'tutorial_taskflow_api' retrieved from /home/airflow/.local/lib/python3.12/site-packages/airflow/example_dags/tutorial_taskflow_api.py
[2024-08-09T02:06:01.714+0000] {logging_mixin.py:188} INFO - [2024-08-09T02:06:01.710+0000] {dag.py:3089} INFO - Sync 1 DAGs
[2024-08-09T02:06:01.787+0000] {logging_mixin.py:188} INFO - [2024-08-09T02:06:01.787+0000] {dag.py:3947} INFO - Setting next_dagrun for tutorial_taskflow_api to None, run_after=None
[2024-08-09T02:06:01.834+0000] {processor.py:183} INFO - Processing /home/airflow/.local/lib/python3.12/site-packages/airflow/example_dags/tutorial_taskflow_api.py took 0.374 seconds
[2024-08-09T02:06:32.498+0000] {processor.py:161} INFO - Started process (PID=3651) to work on /home/airflow/.local/lib/python3.12/site-packages/airflow/example_dags/tutorial_taskflow_api.py
[2024-08-09T02:06:32.501+0000] {processor.py:830} INFO - Processing file /home/airflow/.local/lib/python3.12/site-packages/airflow/example_dags/tutorial_taskflow_api.py for tasks to queue
[2024-08-09T02:06:32.507+0000] {logging_mixin.py:188} INFO - [2024-08-09T02:06:32.507+0000] {dagbag.py:545} INFO - Filling up the DagBag from /home/airflow/.local/lib/python3.12/site-packages/airflow/example_dags/tutorial_taskflow_api.py
[2024-08-09T02:06:32.528+0000] {processor.py:840} INFO - DAG(s) 'tutorial_taskflow_api' retrieved from /home/airflow/.local/lib/python3.12/site-packages/airflow/example_dags/tutorial_taskflow_api.py
[2024-08-09T02:06:32.586+0000] {logging_mixin.py:188} INFO - [2024-08-09T02:06:32.586+0000] {dag.py:3089} INFO - Sync 1 DAGs
[2024-08-09T02:06:32.613+0000] {logging_mixin.py:188} INFO - [2024-08-09T02:06:32.613+0000] {dag.py:3947} INFO - Setting next_dagrun for tutorial_taskflow_api to None, run_after=None
[2024-08-09T02:06:32.681+0000] {processor.py:183} INFO - Processing /home/airflow/.local/lib/python3.12/site-packages/airflow/example_dags/tutorial_taskflow_api.py took 0.202 seconds
[2024-08-09T02:07:02.838+0000] {processor.py:161} INFO - Started process (PID=3708) to work on /home/airflow/.local/lib/python3.12/site-packages/airflow/example_dags/tutorial_taskflow_api.py
[2024-08-09T02:07:02.841+0000] {processor.py:830} INFO - Processing file /home/airflow/.local/lib/python3.12/site-packages/airflow/example_dags/tutorial_taskflow_api.py for tasks to queue
[2024-08-09T02:07:02.845+0000] {logging_mixin.py:188} INFO - [2024-08-09T02:07:02.844+0000] {dagbag.py:545} INFO - Filling up the DagBag from /home/airflow/.local/lib/python3.12/site-packages/airflow/example_dags/tutorial_taskflow_api.py
[2024-08-09T02:07:02.864+0000] {processor.py:840} INFO - DAG(s) 'tutorial_taskflow_api' retrieved from /home/airflow/.local/lib/python3.12/site-packages/airflow/example_dags/tutorial_taskflow_api.py
[2024-08-09T02:07:02.919+0000] {logging_mixin.py:188} INFO - [2024-08-09T02:07:02.919+0000] {dag.py:3089} INFO - Sync 1 DAGs
[2024-08-09T02:07:02.941+0000] {logging_mixin.py:188} INFO - [2024-08-09T02:07:02.940+0000] {dag.py:3947} INFO - Setting next_dagrun for tutorial_taskflow_api to None, run_after=None
[2024-08-09T02:07:02.973+0000] {processor.py:183} INFO - Processing /home/airflow/.local/lib/python3.12/site-packages/airflow/example_dags/tutorial_taskflow_api.py took 0.151 seconds
[2024-08-09T02:07:33.206+0000] {processor.py:161} INFO - Started process (PID=3765) to work on /home/airflow/.local/lib/python3.12/site-packages/airflow/example_dags/tutorial_taskflow_api.py
[2024-08-09T02:07:33.208+0000] {processor.py:830} INFO - Processing file /home/airflow/.local/lib/python3.12/site-packages/airflow/example_dags/tutorial_taskflow_api.py for tasks to queue
[2024-08-09T02:07:33.213+0000] {logging_mixin.py:188} INFO - [2024-08-09T02:07:33.212+0000] {dagbag.py:545} INFO - Filling up the DagBag from /home/airflow/.local/lib/python3.12/site-packages/airflow/example_dags/tutorial_taskflow_api.py
[2024-08-09T02:07:33.228+0000] {processor.py:840} INFO - DAG(s) 'tutorial_taskflow_api' retrieved from /home/airflow/.local/lib/python3.12/site-packages/airflow/example_dags/tutorial_taskflow_api.py
[2024-08-09T02:07:33.274+0000] {logging_mixin.py:188} INFO - [2024-08-09T02:07:33.274+0000] {dag.py:3089} INFO - Sync 1 DAGs
[2024-08-09T02:07:33.296+0000] {logging_mixin.py:188} INFO - [2024-08-09T02:07:33.296+0000] {dag.py:3947} INFO - Setting next_dagrun for tutorial_taskflow_api to None, run_after=None
[2024-08-09T02:07:33.328+0000] {processor.py:183} INFO - Processing /home/airflow/.local/lib/python3.12/site-packages/airflow/example_dags/tutorial_taskflow_api.py took 0.137 seconds
[2024-08-09T02:08:03.803+0000] {processor.py:161} INFO - Started process (PID=3823) to work on /home/airflow/.local/lib/python3.12/site-packages/airflow/example_dags/tutorial_taskflow_api.py
[2024-08-09T02:08:03.804+0000] {processor.py:830} INFO - Processing file /home/airflow/.local/lib/python3.12/site-packages/airflow/example_dags/tutorial_taskflow_api.py for tasks to queue
[2024-08-09T02:08:03.810+0000] {logging_mixin.py:188} INFO - [2024-08-09T02:08:03.809+0000] {dagbag.py:545} INFO - Filling up the DagBag from /home/airflow/.local/lib/python3.12/site-packages/airflow/example_dags/tutorial_taskflow_api.py
[2024-08-09T02:08:03.824+0000] {processor.py:840} INFO - DAG(s) 'tutorial_taskflow_api' retrieved from /home/airflow/.local/lib/python3.12/site-packages/airflow/example_dags/tutorial_taskflow_api.py
[2024-08-09T02:08:03.876+0000] {logging_mixin.py:188} INFO - [2024-08-09T02:08:03.876+0000] {dag.py:3089} INFO - Sync 1 DAGs
[2024-08-09T02:08:03.900+0000] {logging_mixin.py:188} INFO - [2024-08-09T02:08:03.899+0000] {dag.py:3947} INFO - Setting next_dagrun for tutorial_taskflow_api to None, run_after=None
[2024-08-09T02:08:03.931+0000] {processor.py:183} INFO - Processing /home/airflow/.local/lib/python3.12/site-packages/airflow/example_dags/tutorial_taskflow_api.py took 0.143 seconds
[2024-08-09T02:08:34.416+0000] {processor.py:161} INFO - Started process (PID=3881) to work on /home/airflow/.local/lib/python3.12/site-packages/airflow/example_dags/tutorial_taskflow_api.py
[2024-08-09T02:08:34.418+0000] {processor.py:830} INFO - Processing file /home/airflow/.local/lib/python3.12/site-packages/airflow/example_dags/tutorial_taskflow_api.py for tasks to queue
[2024-08-09T02:08:34.423+0000] {logging_mixin.py:188} INFO - [2024-08-09T02:08:34.423+0000] {dagbag.py:545} INFO - Filling up the DagBag from /home/airflow/.local/lib/python3.12/site-packages/airflow/example_dags/tutorial_taskflow_api.py
[2024-08-09T02:08:34.439+0000] {processor.py:840} INFO - DAG(s) 'tutorial_taskflow_api' retrieved from /home/airflow/.local/lib/python3.12/site-packages/airflow/example_dags/tutorial_taskflow_api.py
[2024-08-09T02:08:34.488+0000] {logging_mixin.py:188} INFO - [2024-08-09T02:08:34.487+0000] {dag.py:3089} INFO - Sync 1 DAGs
[2024-08-09T02:08:34.509+0000] {logging_mixin.py:188} INFO - [2024-08-09T02:08:34.509+0000] {dag.py:3947} INFO - Setting next_dagrun for tutorial_taskflow_api to None, run_after=None
[2024-08-09T02:08:34.547+0000] {processor.py:183} INFO - Processing /home/airflow/.local/lib/python3.12/site-packages/airflow/example_dags/tutorial_taskflow_api.py took 0.147 seconds
[2024-08-09T02:09:04.686+0000] {processor.py:161} INFO - Started process (PID=3939) to work on /home/airflow/.local/lib/python3.12/site-packages/airflow/example_dags/tutorial_taskflow_api.py
[2024-08-09T02:09:04.688+0000] {processor.py:830} INFO - Processing file /home/airflow/.local/lib/python3.12/site-packages/airflow/example_dags/tutorial_taskflow_api.py for tasks to queue
[2024-08-09T02:09:04.694+0000] {logging_mixin.py:188} INFO - [2024-08-09T02:09:04.693+0000] {dagbag.py:545} INFO - Filling up the DagBag from /home/airflow/.local/lib/python3.12/site-packages/airflow/example_dags/tutorial_taskflow_api.py
[2024-08-09T02:09:04.710+0000] {processor.py:840} INFO - DAG(s) 'tutorial_taskflow_api' retrieved from /home/airflow/.local/lib/python3.12/site-packages/airflow/example_dags/tutorial_taskflow_api.py
[2024-08-09T02:09:04.758+0000] {logging_mixin.py:188} INFO - [2024-08-09T02:09:04.757+0000] {dag.py:3089} INFO - Sync 1 DAGs
[2024-08-09T02:09:04.780+0000] {logging_mixin.py:188} INFO - [2024-08-09T02:09:04.780+0000] {dag.py:3947} INFO - Setting next_dagrun for tutorial_taskflow_api to None, run_after=None
[2024-08-09T02:09:04.812+0000] {processor.py:183} INFO - Processing /home/airflow/.local/lib/python3.12/site-packages/airflow/example_dags/tutorial_taskflow_api.py took 0.141 seconds
[2024-08-09T02:09:35.300+0000] {processor.py:161} INFO - Started process (PID=3997) to work on /home/airflow/.local/lib/python3.12/site-packages/airflow/example_dags/tutorial_taskflow_api.py
[2024-08-09T02:09:35.303+0000] {processor.py:830} INFO - Processing file /home/airflow/.local/lib/python3.12/site-packages/airflow/example_dags/tutorial_taskflow_api.py for tasks to queue
[2024-08-09T02:09:35.310+0000] {logging_mixin.py:188} INFO - [2024-08-09T02:09:35.310+0000] {dagbag.py:545} INFO - Filling up the DagBag from /home/airflow/.local/lib/python3.12/site-packages/airflow/example_dags/tutorial_taskflow_api.py
[2024-08-09T02:09:35.341+0000] {processor.py:840} INFO - DAG(s) 'tutorial_taskflow_api' retrieved from /home/airflow/.local/lib/python3.12/site-packages/airflow/example_dags/tutorial_taskflow_api.py
[2024-08-09T02:09:35.468+0000] {logging_mixin.py:188} INFO - [2024-08-09T02:09:35.467+0000] {dag.py:3089} INFO - Sync 1 DAGs
[2024-08-09T02:09:35.530+0000] {logging_mixin.py:188} INFO - [2024-08-09T02:09:35.528+0000] {dag.py:3947} INFO - Setting next_dagrun for tutorial_taskflow_api to None, run_after=None
[2024-08-09T02:09:35.639+0000] {processor.py:183} INFO - Processing /home/airflow/.local/lib/python3.12/site-packages/airflow/example_dags/tutorial_taskflow_api.py took 0.383 seconds
[2024-08-09T02:10:05.891+0000] {processor.py:161} INFO - Started process (PID=4055) to work on /home/airflow/.local/lib/python3.12/site-packages/airflow/example_dags/tutorial_taskflow_api.py
[2024-08-09T02:10:05.896+0000] {processor.py:830} INFO - Processing file /home/airflow/.local/lib/python3.12/site-packages/airflow/example_dags/tutorial_taskflow_api.py for tasks to queue
[2024-08-09T02:10:05.904+0000] {logging_mixin.py:188} INFO - [2024-08-09T02:10:05.903+0000] {dagbag.py:545} INFO - Filling up the DagBag from /home/airflow/.local/lib/python3.12/site-packages/airflow/example_dags/tutorial_taskflow_api.py
[2024-08-09T02:10:05.933+0000] {processor.py:840} INFO - DAG(s) 'tutorial_taskflow_api' retrieved from /home/airflow/.local/lib/python3.12/site-packages/airflow/example_dags/tutorial_taskflow_api.py
[2024-08-09T02:10:06.057+0000] {logging_mixin.py:188} INFO - [2024-08-09T02:10:06.056+0000] {dag.py:3089} INFO - Sync 1 DAGs
[2024-08-09T02:10:06.099+0000] {logging_mixin.py:188} INFO - [2024-08-09T02:10:06.098+0000] {dag.py:3947} INFO - Setting next_dagrun for tutorial_taskflow_api to None, run_after=None
[2024-08-09T02:10:06.150+0000] {processor.py:183} INFO - Processing /home/airflow/.local/lib/python3.12/site-packages/airflow/example_dags/tutorial_taskflow_api.py took 0.289 seconds
[2024-08-09T02:10:36.703+0000] {processor.py:161} INFO - Started process (PID=4112) to work on /home/airflow/.local/lib/python3.12/site-packages/airflow/example_dags/tutorial_taskflow_api.py
[2024-08-09T02:10:36.706+0000] {processor.py:830} INFO - Processing file /home/airflow/.local/lib/python3.12/site-packages/airflow/example_dags/tutorial_taskflow_api.py for tasks to queue
[2024-08-09T02:10:36.711+0000] {logging_mixin.py:188} INFO - [2024-08-09T02:10:36.710+0000] {dagbag.py:545} INFO - Filling up the DagBag from /home/airflow/.local/lib/python3.12/site-packages/airflow/example_dags/tutorial_taskflow_api.py
[2024-08-09T02:10:36.733+0000] {processor.py:840} INFO - DAG(s) 'tutorial_taskflow_api' retrieved from /home/airflow/.local/lib/python3.12/site-packages/airflow/example_dags/tutorial_taskflow_api.py
[2024-08-09T02:10:36.819+0000] {logging_mixin.py:188} INFO - [2024-08-09T02:10:36.819+0000] {dag.py:3089} INFO - Sync 1 DAGs
[2024-08-09T02:10:36.859+0000] {logging_mixin.py:188} INFO - [2024-08-09T02:10:36.858+0000] {dag.py:3947} INFO - Setting next_dagrun for tutorial_taskflow_api to None, run_after=None
[2024-08-09T02:10:36.911+0000] {processor.py:183} INFO - Processing /home/airflow/.local/lib/python3.12/site-packages/airflow/example_dags/tutorial_taskflow_api.py took 0.231 seconds
[2024-08-09T02:11:07.502+0000] {processor.py:161} INFO - Started process (PID=4170) to work on /home/airflow/.local/lib/python3.12/site-packages/airflow/example_dags/tutorial_taskflow_api.py
[2024-08-09T02:11:07.505+0000] {processor.py:830} INFO - Processing file /home/airflow/.local/lib/python3.12/site-packages/airflow/example_dags/tutorial_taskflow_api.py for tasks to queue
[2024-08-09T02:11:07.511+0000] {logging_mixin.py:188} INFO - [2024-08-09T02:11:07.510+0000] {dagbag.py:545} INFO - Filling up the DagBag from /home/airflow/.local/lib/python3.12/site-packages/airflow/example_dags/tutorial_taskflow_api.py
[2024-08-09T02:11:07.531+0000] {processor.py:840} INFO - DAG(s) 'tutorial_taskflow_api' retrieved from /home/airflow/.local/lib/python3.12/site-packages/airflow/example_dags/tutorial_taskflow_api.py
[2024-08-09T02:11:07.579+0000] {logging_mixin.py:188} INFO - [2024-08-09T02:11:07.579+0000] {dag.py:3089} INFO - Sync 1 DAGs
[2024-08-09T02:11:07.604+0000] {logging_mixin.py:188} INFO - [2024-08-09T02:11:07.604+0000] {dag.py:3947} INFO - Setting next_dagrun for tutorial_taskflow_api to None, run_after=None
[2024-08-09T02:11:07.636+0000] {processor.py:183} INFO - Processing /home/airflow/.local/lib/python3.12/site-packages/airflow/example_dags/tutorial_taskflow_api.py took 0.160 seconds
[2024-08-09T02:11:38.058+0000] {processor.py:161} INFO - Started process (PID=4227) to work on /home/airflow/.local/lib/python3.12/site-packages/airflow/example_dags/tutorial_taskflow_api.py
[2024-08-09T02:11:38.061+0000] {processor.py:830} INFO - Processing file /home/airflow/.local/lib/python3.12/site-packages/airflow/example_dags/tutorial_taskflow_api.py for tasks to queue
[2024-08-09T02:11:38.067+0000] {logging_mixin.py:188} INFO - [2024-08-09T02:11:38.066+0000] {dagbag.py:545} INFO - Filling up the DagBag from /home/airflow/.local/lib/python3.12/site-packages/airflow/example_dags/tutorial_taskflow_api.py
[2024-08-09T02:11:38.091+0000] {processor.py:840} INFO - DAG(s) 'tutorial_taskflow_api' retrieved from /home/airflow/.local/lib/python3.12/site-packages/airflow/example_dags/tutorial_taskflow_api.py
[2024-08-09T02:11:38.191+0000] {logging_mixin.py:188} INFO - [2024-08-09T02:11:38.190+0000] {dag.py:3089} INFO - Sync 1 DAGs
[2024-08-09T02:11:38.228+0000] {logging_mixin.py:188} INFO - [2024-08-09T02:11:38.228+0000] {dag.py:3947} INFO - Setting next_dagrun for tutorial_taskflow_api to None, run_after=None
[2024-08-09T02:11:38.277+0000] {processor.py:183} INFO - Processing /home/airflow/.local/lib/python3.12/site-packages/airflow/example_dags/tutorial_taskflow_api.py took 0.241 seconds
[2024-08-09T02:12:09.684+0000] {processor.py:161} INFO - Started process (PID=4285) to work on /home/airflow/.local/lib/python3.12/site-packages/airflow/example_dags/tutorial_taskflow_api.py
[2024-08-09T02:12:09.688+0000] {processor.py:830} INFO - Processing file /home/airflow/.local/lib/python3.12/site-packages/airflow/example_dags/tutorial_taskflow_api.py for tasks to queue
[2024-08-09T02:12:09.696+0000] {logging_mixin.py:188} INFO - [2024-08-09T02:12:09.694+0000] {dagbag.py:545} INFO - Filling up the DagBag from /home/airflow/.local/lib/python3.12/site-packages/airflow/example_dags/tutorial_taskflow_api.py
[2024-08-09T02:12:09.734+0000] {processor.py:840} INFO - DAG(s) 'tutorial_taskflow_api' retrieved from /home/airflow/.local/lib/python3.12/site-packages/airflow/example_dags/tutorial_taskflow_api.py
[2024-08-09T02:12:09.840+0000] {logging_mixin.py:188} INFO - [2024-08-09T02:12:09.840+0000] {dag.py:3089} INFO - Sync 1 DAGs
[2024-08-09T02:12:09.880+0000] {logging_mixin.py:188} INFO - [2024-08-09T02:12:09.879+0000] {dag.py:3947} INFO - Setting next_dagrun for tutorial_taskflow_api to None, run_after=None
[2024-08-09T02:12:09.934+0000] {processor.py:183} INFO - Processing /home/airflow/.local/lib/python3.12/site-packages/airflow/example_dags/tutorial_taskflow_api.py took 0.267 seconds
[2024-08-09T02:12:40.417+0000] {processor.py:161} INFO - Started process (PID=4343) to work on /home/airflow/.local/lib/python3.12/site-packages/airflow/example_dags/tutorial_taskflow_api.py
[2024-08-09T02:12:40.419+0000] {processor.py:830} INFO - Processing file /home/airflow/.local/lib/python3.12/site-packages/airflow/example_dags/tutorial_taskflow_api.py for tasks to queue
[2024-08-09T02:12:40.424+0000] {logging_mixin.py:188} INFO - [2024-08-09T02:12:40.423+0000] {dagbag.py:545} INFO - Filling up the DagBag from /home/airflow/.local/lib/python3.12/site-packages/airflow/example_dags/tutorial_taskflow_api.py
[2024-08-09T02:12:40.440+0000] {processor.py:840} INFO - DAG(s) 'tutorial_taskflow_api' retrieved from /home/airflow/.local/lib/python3.12/site-packages/airflow/example_dags/tutorial_taskflow_api.py
[2024-08-09T02:12:40.495+0000] {logging_mixin.py:188} INFO - [2024-08-09T02:12:40.494+0000] {dag.py:3089} INFO - Sync 1 DAGs
[2024-08-09T02:12:40.524+0000] {logging_mixin.py:188} INFO - [2024-08-09T02:12:40.524+0000] {dag.py:3947} INFO - Setting next_dagrun for tutorial_taskflow_api to None, run_after=None
[2024-08-09T02:12:40.565+0000] {processor.py:183} INFO - Processing /home/airflow/.local/lib/python3.12/site-packages/airflow/example_dags/tutorial_taskflow_api.py took 0.167 seconds
[2024-08-09T02:13:11.295+0000] {processor.py:161} INFO - Started process (PID=4399) to work on /home/airflow/.local/lib/python3.12/site-packages/airflow/example_dags/tutorial_taskflow_api.py
[2024-08-09T02:13:11.300+0000] {processor.py:830} INFO - Processing file /home/airflow/.local/lib/python3.12/site-packages/airflow/example_dags/tutorial_taskflow_api.py for tasks to queue
[2024-08-09T02:13:11.304+0000] {logging_mixin.py:188} INFO - [2024-08-09T02:13:11.304+0000] {dagbag.py:545} INFO - Filling up the DagBag from /home/airflow/.local/lib/python3.12/site-packages/airflow/example_dags/tutorial_taskflow_api.py
[2024-08-09T02:13:11.322+0000] {processor.py:840} INFO - DAG(s) 'tutorial_taskflow_api' retrieved from /home/airflow/.local/lib/python3.12/site-packages/airflow/example_dags/tutorial_taskflow_api.py
[2024-08-09T02:13:11.388+0000] {logging_mixin.py:188} INFO - [2024-08-09T02:13:11.388+0000] {dag.py:3089} INFO - Sync 1 DAGs
[2024-08-09T02:13:11.413+0000] {logging_mixin.py:188} INFO - [2024-08-09T02:13:11.413+0000] {dag.py:3947} INFO - Setting next_dagrun for tutorial_taskflow_api to None, run_after=None
[2024-08-09T02:13:11.459+0000] {processor.py:183} INFO - Processing /home/airflow/.local/lib/python3.12/site-packages/airflow/example_dags/tutorial_taskflow_api.py took 0.187 seconds
[2024-08-09T02:13:41.703+0000] {processor.py:161} INFO - Started process (PID=4456) to work on /home/airflow/.local/lib/python3.12/site-packages/airflow/example_dags/tutorial_taskflow_api.py
[2024-08-09T02:13:41.705+0000] {processor.py:830} INFO - Processing file /home/airflow/.local/lib/python3.12/site-packages/airflow/example_dags/tutorial_taskflow_api.py for tasks to queue
[2024-08-09T02:13:41.710+0000] {logging_mixin.py:188} INFO - [2024-08-09T02:13:41.709+0000] {dagbag.py:545} INFO - Filling up the DagBag from /home/airflow/.local/lib/python3.12/site-packages/airflow/example_dags/tutorial_taskflow_api.py
[2024-08-09T02:13:41.748+0000] {processor.py:840} INFO - DAG(s) 'tutorial_taskflow_api' retrieved from /home/airflow/.local/lib/python3.12/site-packages/airflow/example_dags/tutorial_taskflow_api.py
[2024-08-09T02:13:41.837+0000] {logging_mixin.py:188} INFO - [2024-08-09T02:13:41.836+0000] {dag.py:3089} INFO - Sync 1 DAGs
[2024-08-09T02:13:41.884+0000] {logging_mixin.py:188} INFO - [2024-08-09T02:13:41.882+0000] {dag.py:3947} INFO - Setting next_dagrun for tutorial_taskflow_api to None, run_after=None
[2024-08-09T02:13:41.941+0000] {processor.py:183} INFO - Processing /home/airflow/.local/lib/python3.12/site-packages/airflow/example_dags/tutorial_taskflow_api.py took 0.259 seconds
[2024-08-09T02:14:12.225+0000] {processor.py:161} INFO - Started process (PID=4514) to work on /home/airflow/.local/lib/python3.12/site-packages/airflow/example_dags/tutorial_taskflow_api.py
[2024-08-09T02:14:12.229+0000] {processor.py:830} INFO - Processing file /home/airflow/.local/lib/python3.12/site-packages/airflow/example_dags/tutorial_taskflow_api.py for tasks to queue
[2024-08-09T02:14:12.241+0000] {logging_mixin.py:188} INFO - [2024-08-09T02:14:12.240+0000] {dagbag.py:545} INFO - Filling up the DagBag from /home/airflow/.local/lib/python3.12/site-packages/airflow/example_dags/tutorial_taskflow_api.py
[2024-08-09T02:14:12.272+0000] {processor.py:840} INFO - DAG(s) 'tutorial_taskflow_api' retrieved from /home/airflow/.local/lib/python3.12/site-packages/airflow/example_dags/tutorial_taskflow_api.py
[2024-08-09T02:14:12.330+0000] {logging_mixin.py:188} INFO - [2024-08-09T02:14:12.329+0000] {dag.py:3089} INFO - Sync 1 DAGs
[2024-08-09T02:14:12.364+0000] {logging_mixin.py:188} INFO - [2024-08-09T02:14:12.364+0000] {dag.py:3947} INFO - Setting next_dagrun for tutorial_taskflow_api to None, run_after=None
[2024-08-09T02:14:12.442+0000] {processor.py:183} INFO - Processing /home/airflow/.local/lib/python3.12/site-packages/airflow/example_dags/tutorial_taskflow_api.py took 0.243 seconds
[2024-08-09T02:14:43.458+0000] {processor.py:161} INFO - Started process (PID=4572) to work on /home/airflow/.local/lib/python3.12/site-packages/airflow/example_dags/tutorial_taskflow_api.py
[2024-08-09T02:14:43.464+0000] {processor.py:830} INFO - Processing file /home/airflow/.local/lib/python3.12/site-packages/airflow/example_dags/tutorial_taskflow_api.py for tasks to queue
[2024-08-09T02:14:43.475+0000] {logging_mixin.py:188} INFO - [2024-08-09T02:14:43.473+0000] {dagbag.py:545} INFO - Filling up the DagBag from /home/airflow/.local/lib/python3.12/site-packages/airflow/example_dags/tutorial_taskflow_api.py
[2024-08-09T02:14:43.499+0000] {processor.py:840} INFO - DAG(s) 'tutorial_taskflow_api' retrieved from /home/airflow/.local/lib/python3.12/site-packages/airflow/example_dags/tutorial_taskflow_api.py
[2024-08-09T02:14:43.583+0000] {logging_mixin.py:188} INFO - [2024-08-09T02:14:43.583+0000] {dag.py:3089} INFO - Sync 1 DAGs
[2024-08-09T02:14:43.622+0000] {logging_mixin.py:188} INFO - [2024-08-09T02:14:43.621+0000] {dag.py:3947} INFO - Setting next_dagrun for tutorial_taskflow_api to None, run_after=None
[2024-08-09T02:14:43.687+0000] {processor.py:183} INFO - Processing /home/airflow/.local/lib/python3.12/site-packages/airflow/example_dags/tutorial_taskflow_api.py took 0.264 seconds
[2024-08-09T02:15:14.132+0000] {processor.py:161} INFO - Started process (PID=4630) to work on /home/airflow/.local/lib/python3.12/site-packages/airflow/example_dags/tutorial_taskflow_api.py
[2024-08-09T02:15:14.136+0000] {processor.py:830} INFO - Processing file /home/airflow/.local/lib/python3.12/site-packages/airflow/example_dags/tutorial_taskflow_api.py for tasks to queue
[2024-08-09T02:15:14.141+0000] {logging_mixin.py:188} INFO - [2024-08-09T02:15:14.140+0000] {dagbag.py:545} INFO - Filling up the DagBag from /home/airflow/.local/lib/python3.12/site-packages/airflow/example_dags/tutorial_taskflow_api.py
[2024-08-09T02:15:14.163+0000] {processor.py:840} INFO - DAG(s) 'tutorial_taskflow_api' retrieved from /home/airflow/.local/lib/python3.12/site-packages/airflow/example_dags/tutorial_taskflow_api.py
[2024-08-09T02:15:14.232+0000] {logging_mixin.py:188} INFO - [2024-08-09T02:15:14.231+0000] {dag.py:3089} INFO - Sync 1 DAGs
[2024-08-09T02:15:14.262+0000] {logging_mixin.py:188} INFO - [2024-08-09T02:15:14.262+0000] {dag.py:3947} INFO - Setting next_dagrun for tutorial_taskflow_api to None, run_after=None
[2024-08-09T02:15:14.308+0000] {processor.py:183} INFO - Processing /home/airflow/.local/lib/python3.12/site-packages/airflow/example_dags/tutorial_taskflow_api.py took 0.194 seconds
[2024-08-09T02:15:44.448+0000] {processor.py:161} INFO - Started process (PID=4688) to work on /home/airflow/.local/lib/python3.12/site-packages/airflow/example_dags/tutorial_taskflow_api.py
[2024-08-09T02:15:44.452+0000] {processor.py:830} INFO - Processing file /home/airflow/.local/lib/python3.12/site-packages/airflow/example_dags/tutorial_taskflow_api.py for tasks to queue
[2024-08-09T02:15:44.458+0000] {logging_mixin.py:188} INFO - [2024-08-09T02:15:44.458+0000] {dagbag.py:545} INFO - Filling up the DagBag from /home/airflow/.local/lib/python3.12/site-packages/airflow/example_dags/tutorial_taskflow_api.py
[2024-08-09T02:15:44.481+0000] {processor.py:840} INFO - DAG(s) 'tutorial_taskflow_api' retrieved from /home/airflow/.local/lib/python3.12/site-packages/airflow/example_dags/tutorial_taskflow_api.py
[2024-08-09T02:15:44.547+0000] {logging_mixin.py:188} INFO - [2024-08-09T02:15:44.546+0000] {dag.py:3089} INFO - Sync 1 DAGs
[2024-08-09T02:15:44.580+0000] {logging_mixin.py:188} INFO - [2024-08-09T02:15:44.580+0000] {dag.py:3947} INFO - Setting next_dagrun for tutorial_taskflow_api to None, run_after=None
[2024-08-09T02:15:44.617+0000] {processor.py:183} INFO - Processing /home/airflow/.local/lib/python3.12/site-packages/airflow/example_dags/tutorial_taskflow_api.py took 0.192 seconds
